[0.121s] Invoking command in '/home/autoware/aichallenge2023-integration-final-main/build/mussp': CMAKE_PREFIX_PATH=${CMAKE_PREFIX_PATH}:/home/autoware/aichallenge2023-integration-final-main/install/simulator_compatibility_test:/home/autoware/aichallenge2023-integration-final-main/install/ad_api_visualizers:/home/autoware/autoware/install/simulator_compatibility_test:/home/autoware/autoware/install/ad_api_visualizers:/opt/ros/humble /usr/bin/cmake --build /home/autoware/aichallenge2023-integration-final-main/build/mussp -- -j16 -l16
[3.127s] [100%] Built target mussp
[3.140s] Invoked command in '/home/autoware/aichallenge2023-integration-final-main/build/mussp' returned '0': CMAKE_PREFIX_PATH=${CMAKE_PREFIX_PATH}:/home/autoware/aichallenge2023-integration-final-main/install/simulator_compatibility_test:/home/autoware/aichallenge2023-integration-final-main/install/ad_api_visualizers:/home/autoware/autoware/install/simulator_compatibility_test:/home/autoware/autoware/install/ad_api_visualizers:/opt/ros/humble /usr/bin/cmake --build /home/autoware/aichallenge2023-integration-final-main/build/mussp -- -j16 -l16
[3.655s] Invoking command in '/home/autoware/aichallenge2023-integration-final-main/build/mussp': CMAKE_PREFIX_PATH=${CMAKE_PREFIX_PATH}:/home/autoware/aichallenge2023-integration-final-main/install/simulator_compatibility_test:/home/autoware/aichallenge2023-integration-final-main/install/ad_api_visualizers:/home/autoware/autoware/install/simulator_compatibility_test:/home/autoware/autoware/install/ad_api_visualizers:/opt/ros/humble /usr/bin/cmake --install /home/autoware/aichallenge2023-integration-final-main/build/mussp
[3.705s] -- Install configuration: "Release"
[3.705s] -- Execute custom install script
[3.706s] -- Up-to-date symlink: /home/autoware/aichallenge2023-integration-final-main/install/mussp/include/mussp/Graph.h
[3.706s] -- Up-to-date symlink: /home/autoware/aichallenge2023-integration-final-main/install/mussp/include/mussp/Node.h
[3.706s] -- Up-to-date symlink: /home/autoware/aichallenge2023-integration-final-main/install/mussp/include/mussp/Sink.h
[3.706s] -- Up-to-date symlink: /home/autoware/aichallenge2023-integration-final-main/install/mussp/include/mussp/mussp.h
[3.707s] -- Up-to-date symlink: /home/autoware/aichallenge2023-integration-final-main/install/mussp/share/mussp/environment/library_path.sh
[3.707s] -- Up-to-date symlink: /home/autoware/aichallenge2023-integration-final-main/install/mussp/share/mussp/environment/library_path.dsv
[3.707s] -- Up-to-date symlink: /home/autoware/aichallenge2023-integration-final-main/install/mussp/lib/libmussp.so
[3.708s] -- Up-to-date symlink: /home/autoware/aichallenge2023-integration-final-main/install/mussp/share/ament_index/resource_index/package_run_dependencies/mussp
[3.708s] -- Up-to-date symlink: /home/autoware/aichallenge2023-integration-final-main/install/mussp/share/ament_index/resource_index/parent_prefix_path/mussp
[3.708s] -- Up-to-date symlink: /home/autoware/aichallenge2023-integration-final-main/install/mussp/share/mussp/environment/ament_prefix_path.sh
[3.708s] -- Up-to-date symlink: /home/autoware/aichallenge2023-integration-final-main/install/mussp/share/mussp/environment/ament_prefix_path.dsv
[3.709s] -- Up-to-date symlink: /home/autoware/aichallenge2023-integration-final-main/install/mussp/share/mussp/environment/path.sh
[3.709s] -- Up-to-date symlink: /home/autoware/aichallenge2023-integration-final-main/install/mussp/share/mussp/environment/path.dsv
[3.709s] -- Up-to-date symlink: /home/autoware/aichallenge2023-integration-final-main/install/mussp/share/mussp/local_setup.bash
[3.709s] -- Up-to-date symlink: /home/autoware/aichallenge2023-integration-final-main/install/mussp/share/mussp/local_setup.sh
[3.710s] -- Up-to-date symlink: /home/autoware/aichallenge2023-integration-final-main/install/mussp/share/mussp/local_setup.zsh
[3.710s] -- Up-to-date symlink: /home/autoware/aichallenge2023-integration-final-main/install/mussp/share/mussp/local_setup.dsv
[3.710s] -- Symlinking: /home/autoware/aichallenge2023-integration-final-main/install/mussp/share/mussp/package.dsv
[3.760s] -- Up-to-date symlink: /home/autoware/aichallenge2023-integration-final-main/install/mussp/share/ament_index/resource_index/packages/mussp
[3.760s] -- Up-to-date symlink: /home/autoware/aichallenge2023-integration-final-main/install/mussp/share/mussp/cmake/ament_cmake_export_include_directories-extras.cmake
[3.760s] -- Up-to-date symlink: /home/autoware/aichallenge2023-integration-final-main/install/mussp/share/mussp/cmake/ament_cmake_export_libraries-extras.cmake
[3.761s] -- Up-to-date symlink: /home/autoware/aichallenge2023-integration-final-main/install/mussp/share/mussp/cmake/musspConfig.cmake
[3.761s] -- Up-to-date symlink: /home/autoware/aichallenge2023-integration-final-main/install/mussp/share/mussp/cmake/musspConfig-version.cmake
[3.761s] -- Up-to-date symlink: /home/autoware/aichallenge2023-integration-final-main/install/mussp/share/mussp/package.xml
[3.772s] Invoked command in '/home/autoware/aichallenge2023-integration-final-main/build/mussp' returned '0': CMAKE_PREFIX_PATH=${CMAKE_PREFIX_PATH}:/home/autoware/aichallenge2023-integration-final-main/install/simulator_compatibility_test:/home/autoware/aichallenge2023-integration-final-main/install/ad_api_visualizers:/home/autoware/autoware/install/simulator_compatibility_test:/home/autoware/autoware/install/ad_api_visualizers:/opt/ros/humble /usr/bin/cmake --install /home/autoware/aichallenge2023-integration-final-main/build/mussp
