[0.237s] Invoking command in '/home/autoware/aichallenge2023-integration-final-main/build/vls_description': CMAKE_PREFIX_PATH=${CMAKE_PREFIX_PATH}:/home/autoware/aichallenge2023-integration-final-main/install/simulator_compatibility_test:/home/autoware/aichallenge2023-integration-final-main/install/ad_api_visualizers:/home/autoware/autoware/install/simulator_compatibility_test:/home/autoware/autoware/install/ad_api_visualizers:/opt/ros/humble /usr/bin/cmake --build /home/autoware/aichallenge2023-integration-final-main/build/vls_description -- -j16 -l16
[0.707s] Invoked command in '/home/autoware/aichallenge2023-integration-final-main/build/vls_description' returned '0': CMAKE_PREFIX_PATH=${CMAKE_PREFIX_PATH}:/home/autoware/aichallenge2023-integration-final-main/install/simulator_compatibility_test:/home/autoware/aichallenge2023-integration-final-main/install/ad_api_visualizers:/home/autoware/autoware/install/simulator_compatibility_test:/home/autoware/autoware/install/ad_api_visualizers:/opt/ros/humble /usr/bin/cmake --build /home/autoware/aichallenge2023-integration-final-main/build/vls_description -- -j16 -l16
[1.439s] Invoking command in '/home/autoware/aichallenge2023-integration-final-main/build/vls_description': CMAKE_PREFIX_PATH=${CMAKE_PREFIX_PATH}:/home/autoware/aichallenge2023-integration-final-main/install/simulator_compatibility_test:/home/autoware/aichallenge2023-integration-final-main/install/ad_api_visualizers:/home/autoware/autoware/install/simulator_compatibility_test:/home/autoware/autoware/install/ad_api_visualizers:/opt/ros/humble /usr/bin/cmake --install /home/autoware/aichallenge2023-integration-final-main/build/vls_description
[1.535s] -- Install configuration: "Release"
[1.538s] -- Execute custom install script
[1.540s] -- Up-to-date symlink: /home/autoware/aichallenge2023-integration-final-main/install/vls_description/share/vls_description/urdf/VLS-128.urdf.xacro
[1.541s] -- Up-to-date symlink: /home/autoware/aichallenge2023-integration-final-main/install/vls_description/share/vls_description/meshes/VLS128_base_1.dae
[1.542s] -- Up-to-date symlink: /home/autoware/aichallenge2023-integration-final-main/install/vls_description/share/vls_description/meshes/VLS128_base_1.stl
[1.543s] -- Up-to-date symlink: /home/autoware/aichallenge2023-integration-final-main/install/vls_description/share/vls_description/meshes/VLS128_base_2.dae
[1.544s] -- Up-to-date symlink: /home/autoware/aichallenge2023-integration-final-main/install/vls_description/share/vls_description/meshes/VLS128_base_2.stl
[1.546s] -- Up-to-date symlink: /home/autoware/aichallenge2023-integration-final-main/install/vls_description/share/vls_description/meshes/VLS128_scan.dae
[1.547s] -- Up-to-date symlink: /home/autoware/aichallenge2023-integration-final-main/install/vls_description/share/vls_description/meshes/VLS128_scan.stl
[1.548s] -- Up-to-date symlink: /home/autoware/aichallenge2023-integration-final-main/install/vls_description/share/ament_index/resource_index/package_run_dependencies/vls_description
[1.548s] -- Up-to-date symlink: /home/autoware/aichallenge2023-integration-final-main/install/vls_description/share/ament_index/resource_index/parent_prefix_path/vls_description
[1.549s] -- Up-to-date symlink: /home/autoware/aichallenge2023-integration-final-main/install/vls_description/share/vls_description/environment/ament_prefix_path.sh
[1.550s] -- Up-to-date symlink: /home/autoware/aichallenge2023-integration-final-main/install/vls_description/share/vls_description/environment/ament_prefix_path.dsv
[1.551s] -- Up-to-date symlink: /home/autoware/aichallenge2023-integration-final-main/install/vls_description/share/vls_description/environment/path.sh
[1.552s] -- Up-to-date symlink: /home/autoware/aichallenge2023-integration-final-main/install/vls_description/share/vls_description/environment/path.dsv
[1.553s] -- Up-to-date symlink: /home/autoware/aichallenge2023-integration-final-main/install/vls_description/share/vls_description/local_setup.bash
[1.553s] -- Up-to-date symlink: /home/autoware/aichallenge2023-integration-final-main/install/vls_description/share/vls_description/local_setup.sh
[1.554s] -- Up-to-date symlink: /home/autoware/aichallenge2023-integration-final-main/install/vls_description/share/vls_description/local_setup.zsh
[1.555s] -- Up-to-date symlink: /home/autoware/aichallenge2023-integration-final-main/install/vls_description/share/vls_description/local_setup.dsv
[1.556s] -- Symlinking: /home/autoware/aichallenge2023-integration-final-main/install/vls_description/share/vls_description/package.dsv
[1.639s] -- Up-to-date symlink: /home/autoware/aichallenge2023-integration-final-main/install/vls_description/share/ament_index/resource_index/packages/vls_description
[1.642s] -- Up-to-date symlink: /home/autoware/aichallenge2023-integration-final-main/install/vls_description/share/vls_description/cmake/vls_descriptionConfig.cmake
[1.643s] -- Up-to-date symlink: /home/autoware/aichallenge2023-integration-final-main/install/vls_description/share/vls_description/cmake/vls_descriptionConfig-version.cmake
[1.644s] -- Up-to-date symlink: /home/autoware/aichallenge2023-integration-final-main/install/vls_description/share/vls_description/package.xml
[1.649s] Invoked command in '/home/autoware/aichallenge2023-integration-final-main/build/vls_description' returned '0': CMAKE_PREFIX_PATH=${CMAKE_PREFIX_PATH}:/home/autoware/aichallenge2023-integration-final-main/install/simulator_compatibility_test:/home/autoware/aichallenge2023-integration-final-main/install/ad_api_visualizers:/home/autoware/autoware/install/simulator_compatibility_test:/home/autoware/autoware/install/ad_api_visualizers:/opt/ros/humble /usr/bin/cmake --install /home/autoware/aichallenge2023-integration-final-main/build/vls_description
