[  0%] Built target tier4_external_api_msgs__cpp
[  0%] Built target ament_cmake_python_symlink_tier4_external_api_msgs
[ 12%] Built target tier4_external_api_msgs__rosidl_generator_c
[ 24%] Built target tier4_external_api_msgs__rosidl_typesupport_cpp
[ 36%] Built target tier4_external_api_msgs__rosidl_typesupport_fastrtps_cpp
[ 49%] Built target tier4_external_api_msgs__rosidl_typesupport_introspection_cpp
[ 62%] Built target tier4_external_api_msgs__rosidl_typesupport_introspection_c
[ 75%] Built target tier4_external_api_msgs__rosidl_typesupport_c
[ 88%] Built target tier4_external_api_msgs__rosidl_typesupport_fastrtps_c
[ 88%] Built target tier4_external_api_msgs
running egg_info
writing tier4_external_api_msgs.egg-info/PKG-INFO
writing dependency_links to tier4_external_api_msgs.egg-info/dependency_links.txt
writing top-level names to tier4_external_api_msgs.egg-info/top_level.txt
reading manifest file 'tier4_external_api_msgs.egg-info/SOURCES.txt'
writing manifest file 'tier4_external_api_msgs.egg-info/SOURCES.txt'
[ 88%] Built target tier4_external_api_msgs__py
[ 88%] Built target ament_cmake_python_build_tier4_external_api_msgs_egg
[100%] Built target tier4_external_api_msgs__rosidl_generator_py
[100%] Built target tier4_external_api_msgs__rosidl_typesupport_fastrtps_c__pyext
[100%] Built target tier4_external_api_msgs__rosidl_typesupport_introspection_c__pyext
[100%] Built target tier4_external_api_msgs__rosidl_typesupport_c__pyext
