[0.092s] Invoking command in '/home/autoware/aichallenge2023-integration-final-main/build/tamagawa_imu_driver': CMAKE_PREFIX_PATH=${CMAKE_PREFIX_PATH}:/home/autoware/aichallenge2023-integration-final-main/install/simulator_compatibility_test:/home/autoware/aichallenge2023-integration-final-main/install/ad_api_visualizers:/home/autoware/autoware/install/simulator_compatibility_test:/home/autoware/autoware/install/ad_api_visualizers:/opt/ros/humble /usr/bin/cmake --build /home/autoware/aichallenge2023-integration-final-main/build/tamagawa_imu_driver -- -j16 -l16
[0.536s] [ 50%] Built target tag_can_driver
[0.579s] [100%] Built target tag_serial_driver
[0.636s] Invoked command in '/home/autoware/aichallenge2023-integration-final-main/build/tamagawa_imu_driver' returned '0': CMAKE_PREFIX_PATH=${CMAKE_PREFIX_PATH}:/home/autoware/aichallenge2023-integration-final-main/install/simulator_compatibility_test:/home/autoware/aichallenge2023-integration-final-main/install/ad_api_visualizers:/home/autoware/autoware/install/simulator_compatibility_test:/home/autoware/autoware/install/ad_api_visualizers:/opt/ros/humble /usr/bin/cmake --build /home/autoware/aichallenge2023-integration-final-main/build/tamagawa_imu_driver -- -j16 -l16
[1.228s] Invoking command in '/home/autoware/aichallenge2023-integration-final-main/build/tamagawa_imu_driver': CMAKE_PREFIX_PATH=${CMAKE_PREFIX_PATH}:/home/autoware/aichallenge2023-integration-final-main/install/simulator_compatibility_test:/home/autoware/aichallenge2023-integration-final-main/install/ad_api_visualizers:/home/autoware/autoware/install/simulator_compatibility_test:/home/autoware/autoware/install/ad_api_visualizers:/opt/ros/humble /usr/bin/cmake --install /home/autoware/aichallenge2023-integration-final-main/build/tamagawa_imu_driver
[1.281s] -- Install configuration: "Release"
[1.297s] -- Execute custom install script
[1.297s] -- Up-to-date symlink: /home/autoware/aichallenge2023-integration-final-main/install/tamagawa_imu_driver/lib/tamagawa_imu_driver/tag_serial_driver
[1.297s] -- Up-to-date symlink: /home/autoware/aichallenge2023-integration-final-main/install/tamagawa_imu_driver/lib/tamagawa_imu_driver/tag_can_driver
[1.298s] -- Up-to-date symlink: /home/autoware/aichallenge2023-integration-final-main/install/tamagawa_imu_driver/share/tamagawa_imu_driver/launch/can.launch.xml
[1.298s] -- Up-to-date symlink: /home/autoware/aichallenge2023-integration-final-main/install/tamagawa_imu_driver/share/tamagawa_imu_driver/launch/serial_AU7554N.launch.xml
[1.298s] -- Up-to-date symlink: /home/autoware/aichallenge2023-integration-final-main/install/tamagawa_imu_driver/share/tamagawa_imu_driver/launch/serial_TAG250_Nxx00.launch.xml
[1.300s] -- Up-to-date symlink: /home/autoware/aichallenge2023-integration-final-main/install/tamagawa_imu_driver/share/tamagawa_imu_driver/launch/serial_TAG250_Nxx40.launch.xml
[1.301s] -- Up-to-date symlink: /home/autoware/aichallenge2023-integration-final-main/install/tamagawa_imu_driver/share/tamagawa_imu_driver/launch/serial_TAG264.launch.xml
[1.301s] -- Up-to-date symlink: /home/autoware/aichallenge2023-integration-final-main/install/tamagawa_imu_driver/share/ament_index/resource_index/package_run_dependencies/tamagawa_imu_driver
[1.301s] -- Up-to-date symlink: /home/autoware/aichallenge2023-integration-final-main/install/tamagawa_imu_driver/share/ament_index/resource_index/parent_prefix_path/tamagawa_imu_driver
[1.301s] -- Up-to-date symlink: /home/autoware/aichallenge2023-integration-final-main/install/tamagawa_imu_driver/share/tamagawa_imu_driver/environment/ament_prefix_path.sh
[1.301s] -- Up-to-date symlink: /home/autoware/aichallenge2023-integration-final-main/install/tamagawa_imu_driver/share/tamagawa_imu_driver/environment/ament_prefix_path.dsv
[1.301s] -- Up-to-date symlink: /home/autoware/aichallenge2023-integration-final-main/install/tamagawa_imu_driver/share/tamagawa_imu_driver/environment/path.sh
[1.301s] -- Up-to-date symlink: /home/autoware/aichallenge2023-integration-final-main/install/tamagawa_imu_driver/share/tamagawa_imu_driver/environment/path.dsv
[1.301s] -- Up-to-date symlink: /home/autoware/aichallenge2023-integration-final-main/install/tamagawa_imu_driver/share/tamagawa_imu_driver/local_setup.bash
[1.301s] -- Up-to-date symlink: /home/autoware/aichallenge2023-integration-final-main/install/tamagawa_imu_driver/share/tamagawa_imu_driver/local_setup.sh
[1.301s] -- Up-to-date symlink: /home/autoware/aichallenge2023-integration-final-main/install/tamagawa_imu_driver/share/tamagawa_imu_driver/local_setup.zsh
[1.301s] -- Up-to-date symlink: /home/autoware/aichallenge2023-integration-final-main/install/tamagawa_imu_driver/share/tamagawa_imu_driver/local_setup.dsv
[1.301s] -- Symlinking: /home/autoware/aichallenge2023-integration-final-main/install/tamagawa_imu_driver/share/tamagawa_imu_driver/package.dsv
[1.358s] -- Up-to-date symlink: /home/autoware/aichallenge2023-integration-final-main/install/tamagawa_imu_driver/share/ament_index/resource_index/packages/tamagawa_imu_driver
[1.358s] -- Up-to-date symlink: /home/autoware/aichallenge2023-integration-final-main/install/tamagawa_imu_driver/share/tamagawa_imu_driver/cmake/ament_cmake_export_dependencies-extras.cmake
[1.358s] -- Up-to-date symlink: /home/autoware/aichallenge2023-integration-final-main/install/tamagawa_imu_driver/share/tamagawa_imu_driver/cmake/tamagawa_imu_driverConfig.cmake
[1.358s] -- Up-to-date symlink: /home/autoware/aichallenge2023-integration-final-main/install/tamagawa_imu_driver/share/tamagawa_imu_driver/cmake/tamagawa_imu_driverConfig-version.cmake
[1.358s] -- Up-to-date symlink: /home/autoware/aichallenge2023-integration-final-main/install/tamagawa_imu_driver/share/tamagawa_imu_driver/package.xml
[1.373s] Invoked command in '/home/autoware/aichallenge2023-integration-final-main/build/tamagawa_imu_driver' returned '0': CMAKE_PREFIX_PATH=${CMAKE_PREFIX_PATH}:/home/autoware/aichallenge2023-integration-final-main/install/simulator_compatibility_test:/home/autoware/aichallenge2023-integration-final-main/install/ad_api_visualizers:/home/autoware/autoware/install/simulator_compatibility_test:/home/autoware/autoware/install/ad_api_visualizers:/opt/ros/humble /usr/bin/cmake --install /home/autoware/aichallenge2023-integration-final-main/build/tamagawa_imu_driver
