[0.075s] Invoking command in '/home/autoware/aichallenge2023-integration-final-main/build/autoware_perception_msgs': CMAKE_PREFIX_PATH=${CMAKE_PREFIX_PATH}:/home/autoware/autoware/install/simulator_compatibility_test:/home/autoware/autoware/install/ad_api_visualizers:/opt/ros/humble /usr/bin/cmake --build /home/autoware/aichallenge2023-integration-final-main/build/autoware_perception_msgs -- -j16 -l16
[0.303s] [35m[1mConsolidate compiler generated dependencies of target autoware_perception_msgs__rosidl_generator_c[0m
[0.403s] [ 11%] Built target autoware_perception_msgs__rosidl_generator_c
[0.408s] [ 12%] Built target autoware_perception_msgs__cpp
[0.459s] [ 12%] Built target ament_cmake_python_symlink_autoware_perception_msgs
[0.484s] [35m[1mConsolidate compiler generated dependencies of target autoware_perception_msgs__rosidl_typesupport_introspection_c[0m
[0.506s] [35m[1mConsolidate compiler generated dependencies of target autoware_perception_msgs__rosidl_typesupport_c[0m
[0.518s] [35m[1mConsolidate compiler generated dependencies of target autoware_perception_msgs__rosidl_typesupport_fastrtps_c[0m
[0.534s] [35m[1mConsolidate compiler generated dependencies of target autoware_perception_msgs__rosidl_typesupport_fastrtps_cpp[0m
[0.569s] [35m[1mConsolidate compiler generated dependencies of target autoware_perception_msgs__rosidl_typesupport_introspection_cpp[0m
[0.592s] [35m[1mConsolidate compiler generated dependencies of target autoware_perception_msgs__rosidl_typesupport_cpp[0m
[0.604s] [ 23%] Built target autoware_perception_msgs__rosidl_typesupport_c
[0.605s] [ 34%] Built target autoware_perception_msgs__rosidl_typesupport_introspection_c
[0.606s] [ 46%] Built target autoware_perception_msgs__rosidl_typesupport_fastrtps_c
[0.656s] [ 57%] Built target autoware_perception_msgs__rosidl_typesupport_fastrtps_cpp
[0.690s] [ 68%] Built target autoware_perception_msgs__rosidl_typesupport_cpp
[0.712s] [ 79%] Built target autoware_perception_msgs__rosidl_typesupport_introspection_cpp
[0.917s] [ 79%] Built target autoware_perception_msgs
[1.216s] [ 80%] Built target autoware_perception_msgs__py
[1.300s] running egg_info
[1.300s] writing autoware_perception_msgs.egg-info/PKG-INFO
[1.301s] writing dependency_links to autoware_perception_msgs.egg-info/dependency_links.txt
[1.301s] writing top-level names to autoware_perception_msgs.egg-info/top_level.txt
[1.304s] reading manifest file 'autoware_perception_msgs.egg-info/SOURCES.txt'
[1.323s] writing manifest file 'autoware_perception_msgs.egg-info/SOURCES.txt'
[1.423s] [35m[1mConsolidate compiler generated dependencies of target autoware_perception_msgs__rosidl_generator_py[0m
[1.448s] [ 80%] Built target ament_cmake_python_build_autoware_perception_msgs_egg
[1.581s] [ 90%] Built target autoware_perception_msgs__rosidl_generator_py
[1.738s] [35m[1mConsolidate compiler generated dependencies of target autoware_perception_msgs__rosidl_typesupport_fastrtps_c__pyext[0m
[1.747s] [35m[1mConsolidate compiler generated dependencies of target autoware_perception_msgs__rosidl_typesupport_introspection_c__pyext[0m
[1.753s] [35m[1mConsolidate compiler generated dependencies of target autoware_perception_msgs__rosidl_typesupport_c__pyext[0m
[1.854s] [ 93%] Built target autoware_perception_msgs__rosidl_typesupport_fastrtps_c__pyext
[1.854s] [ 96%] Built target autoware_perception_msgs__rosidl_typesupport_introspection_c__pyext
[1.891s] [100%] Built target autoware_perception_msgs__rosidl_typesupport_c__pyext
[1.958s] Invoked command in '/home/autoware/aichallenge2023-integration-final-main/build/autoware_perception_msgs' returned '0': CMAKE_PREFIX_PATH=${CMAKE_PREFIX_PATH}:/home/autoware/autoware/install/simulator_compatibility_test:/home/autoware/autoware/install/ad_api_visualizers:/opt/ros/humble /usr/bin/cmake --build /home/autoware/aichallenge2023-integration-final-main/build/autoware_perception_msgs -- -j16 -l16
[5.403s] Invoking command in '/home/autoware/aichallenge2023-integration-final-main/build/autoware_perception_msgs': CMAKE_PREFIX_PATH=${CMAKE_PREFIX_PATH}:/home/autoware/autoware/install/simulator_compatibility_test:/home/autoware/autoware/install/ad_api_visualizers:/opt/ros/humble /usr/bin/cmake --install /home/autoware/aichallenge2023-integration-final-main/build/autoware_perception_msgs
[5.501s] -- Install configuration: "Release"
[5.501s] -- Execute custom install script
[5.501s] -- Up-to-date symlink: /home/autoware/aichallenge2023-integration-final-main/install/autoware_perception_msgs/share/ament_index/resource_index/rosidl_interfaces/autoware_perception_msgs
[5.502s] -- Up-to-date symlink: /home/autoware/aichallenge2023-integration-final-main/install/autoware_perception_msgs/include/autoware_perception_msgs/autoware_perception_msgs/msg/detail/traffic_light__functions.h
[5.503s] -- Up-to-date symlink: /home/autoware/aichallenge2023-integration-final-main/install/autoware_perception_msgs/include/autoware_perception_msgs/autoware_perception_msgs/msg/detail/traffic_light__struct.h
[5.505s] -- Up-to-date symlink: /home/autoware/aichallenge2023-integration-final-main/install/autoware_perception_msgs/include/autoware_perception_msgs/autoware_perception_msgs/msg/detail/traffic_light__type_support.h
[5.506s] -- Up-to-date symlink: /home/autoware/aichallenge2023-integration-final-main/install/autoware_perception_msgs/include/autoware_perception_msgs/autoware_perception_msgs/msg/detail/traffic_light_array__functions.h
[5.509s] -- Up-to-date symlink: /home/autoware/aichallenge2023-integration-final-main/install/autoware_perception_msgs/include/autoware_perception_msgs/autoware_perception_msgs/msg/detail/traffic_light_array__struct.h
[5.515s] -- Up-to-date symlink: /home/autoware/aichallenge2023-integration-final-main/install/autoware_perception_msgs/include/autoware_perception_msgs/autoware_perception_msgs/msg/detail/traffic_light_array__type_support.h
[5.516s] -- Up-to-date symlink: /home/autoware/aichallenge2023-integration-final-main/install/autoware_perception_msgs/include/autoware_perception_msgs/autoware_perception_msgs/msg/detail/traffic_light_element__functions.h
[5.516s] -- Up-to-date symlink: /home/autoware/aichallenge2023-integration-final-main/install/autoware_perception_msgs/include/autoware_perception_msgs/autoware_perception_msgs/msg/detail/traffic_light_element__struct.h
[5.516s] -- Up-to-date symlink: /home/autoware/aichallenge2023-integration-final-main/install/autoware_perception_msgs/include/autoware_perception_msgs/autoware_perception_msgs/msg/detail/traffic_light_element__type_support.h
[5.517s] -- Up-to-date symlink: /home/autoware/aichallenge2023-integration-final-main/install/autoware_perception_msgs/include/autoware_perception_msgs/autoware_perception_msgs/msg/detail/traffic_signal__functions.h
[5.517s] -- Up-to-date symlink: /home/autoware/aichallenge2023-integration-final-main/install/autoware_perception_msgs/include/autoware_perception_msgs/autoware_perception_msgs/msg/detail/traffic_signal__struct.h
[5.517s] -- Up-to-date symlink: /home/autoware/aichallenge2023-integration-final-main/install/autoware_perception_msgs/include/autoware_perception_msgs/autoware_perception_msgs/msg/detail/traffic_signal__type_support.h
[5.517s] -- Up-to-date symlink: /home/autoware/aichallenge2023-integration-final-main/install/autoware_perception_msgs/include/autoware_perception_msgs/autoware_perception_msgs/msg/detail/traffic_signal_array__functions.h
[5.518s] -- Up-to-date symlink: /home/autoware/aichallenge2023-integration-final-main/install/autoware_perception_msgs/include/autoware_perception_msgs/autoware_perception_msgs/msg/detail/traffic_signal_array__struct.h
[5.519s] -- Up-to-date symlink: /home/autoware/aichallenge2023-integration-final-main/install/autoware_perception_msgs/include/autoware_perception_msgs/autoware_perception_msgs/msg/detail/traffic_signal_array__type_support.h
[5.519s] -- Up-to-date symlink: /home/autoware/aichallenge2023-integration-final-main/install/autoware_perception_msgs/include/autoware_perception_msgs/autoware_perception_msgs/msg/rosidl_generator_c__visibility_control.h
[5.519s] -- Up-to-date symlink: /home/autoware/aichallenge2023-integration-final-main/install/autoware_perception_msgs/include/autoware_perception_msgs/autoware_perception_msgs/msg/traffic_light.h
[5.520s] -- Up-to-date symlink: /home/autoware/aichallenge2023-integration-final-main/install/autoware_perception_msgs/include/autoware_perception_msgs/autoware_perception_msgs/msg/traffic_light_array.h
[5.520s] -- Up-to-date symlink: /home/autoware/aichallenge2023-integration-final-main/install/autoware_perception_msgs/include/autoware_perception_msgs/autoware_perception_msgs/msg/traffic_light_element.h
[5.520s] -- Up-to-date symlink: /home/autoware/aichallenge2023-integration-final-main/install/autoware_perception_msgs/include/autoware_perception_msgs/autoware_perception_msgs/msg/traffic_signal.h
[5.520s] -- Up-to-date symlink: /home/autoware/aichallenge2023-integration-final-main/install/autoware_perception_msgs/include/autoware_perception_msgs/autoware_perception_msgs/msg/traffic_signal_array.h
[5.520s] -- Up-to-date symlink: /home/autoware/aichallenge2023-integration-final-main/install/autoware_perception_msgs/share/autoware_perception_msgs/environment/library_path.sh
[5.520s] -- Up-to-date symlink: /home/autoware/aichallenge2023-integration-final-main/install/autoware_perception_msgs/share/autoware_perception_msgs/environment/library_path.dsv
[5.520s] -- Up-to-date symlink: /home/autoware/aichallenge2023-integration-final-main/install/autoware_perception_msgs/include/autoware_perception_msgs/autoware_perception_msgs/msg/detail/traffic_light__rosidl_typesupport_fastrtps_c.h
[5.521s] -- Up-to-date symlink: /home/autoware/aichallenge2023-integration-final-main/install/autoware_perception_msgs/include/autoware_perception_msgs/autoware_perception_msgs/msg/detail/traffic_light_array__rosidl_typesupport_fastrtps_c.h
[5.521s] -- Up-to-date symlink: /home/autoware/aichallenge2023-integration-final-main/install/autoware_perception_msgs/include/autoware_perception_msgs/autoware_perception_msgs/msg/detail/traffic_light_element__rosidl_typesupport_fastrtps_c.h
[5.521s] -- Up-to-date symlink: /home/autoware/aichallenge2023-integration-final-main/install/autoware_perception_msgs/include/autoware_perception_msgs/autoware_perception_msgs/msg/detail/traffic_signal__rosidl_typesupport_fastrtps_c.h
[5.521s] -- Up-to-date symlink: /home/autoware/aichallenge2023-integration-final-main/install/autoware_perception_msgs/include/autoware_perception_msgs/autoware_perception_msgs/msg/detail/traffic_signal_array__rosidl_typesupport_fastrtps_c.h
[5.521s] -- Up-to-date symlink: /home/autoware/aichallenge2023-integration-final-main/install/autoware_perception_msgs/include/autoware_perception_msgs/autoware_perception_msgs/msg/rosidl_typesupport_fastrtps_c__visibility_control.h
[5.521s] -- Up-to-date symlink: /home/autoware/aichallenge2023-integration-final-main/install/autoware_perception_msgs/include/autoware_perception_msgs/autoware_perception_msgs/msg/detail/traffic_light__builder.hpp
[5.521s] -- Up-to-date symlink: /home/autoware/aichallenge2023-integration-final-main/install/autoware_perception_msgs/include/autoware_perception_msgs/autoware_perception_msgs/msg/detail/traffic_light__struct.hpp
[5.522s] -- Up-to-date symlink: /home/autoware/aichallenge2023-integration-final-main/install/autoware_perception_msgs/include/autoware_perception_msgs/autoware_perception_msgs/msg/detail/traffic_light__traits.hpp
[5.522s] -- Up-to-date symlink: /home/autoware/aichallenge2023-integration-final-main/install/autoware_perception_msgs/include/autoware_perception_msgs/autoware_perception_msgs/msg/detail/traffic_light_array__builder.hpp
[5.522s] -- Up-to-date symlink: /home/autoware/aichallenge2023-integration-final-main/install/autoware_perception_msgs/include/autoware_perception_msgs/autoware_perception_msgs/msg/detail/traffic_light_array__struct.hpp
[5.522s] -- Up-to-date symlink: /home/autoware/aichallenge2023-integration-final-main/install/autoware_perception_msgs/include/autoware_perception_msgs/autoware_perception_msgs/msg/detail/traffic_light_array__traits.hpp
[5.522s] -- Up-to-date symlink: /home/autoware/aichallenge2023-integration-final-main/install/autoware_perception_msgs/include/autoware_perception_msgs/autoware_perception_msgs/msg/detail/traffic_light_element__builder.hpp
[5.523s] -- Up-to-date symlink: /home/autoware/aichallenge2023-integration-final-main/install/autoware_perception_msgs/include/autoware_perception_msgs/autoware_perception_msgs/msg/detail/traffic_light_element__struct.hpp
[5.540s] -- Up-to-date symlink: /home/autoware/aichallenge2023-integration-final-main/install/autoware_perception_msgs/include/autoware_perception_msgs/autoware_perception_msgs/msg/detail/traffic_light_element__traits.hpp
[5.541s] -- Up-to-date symlink: /home/autoware/aichallenge2023-integration-final-main/install/autoware_perception_msgs/include/autoware_perception_msgs/autoware_perception_msgs/msg/detail/traffic_signal__builder.hpp
[5.541s] -- Up-to-date symlink: /home/autoware/aichallenge2023-integration-final-main/install/autoware_perception_msgs/include/autoware_perception_msgs/autoware_perception_msgs/msg/detail/traffic_signal__struct.hpp
[5.541s] -- Up-to-date symlink: /home/autoware/aichallenge2023-integration-final-main/install/autoware_perception_msgs/include/autoware_perception_msgs/autoware_perception_msgs/msg/detail/traffic_signal__traits.hpp
[5.541s] -- Up-to-date symlink: /home/autoware/aichallenge2023-integration-final-main/install/autoware_perception_msgs/include/autoware_perception_msgs/autoware_perception_msgs/msg/detail/traffic_signal_array__builder.hpp
[5.541s] -- Up-to-date symlink: /home/autoware/aichallenge2023-integration-final-main/install/autoware_perception_msgs/include/autoware_perception_msgs/autoware_perception_msgs/msg/detail/traffic_signal_array__struct.hpp
[5.541s] -- Up-to-date symlink: /home/autoware/aichallenge2023-integration-final-main/install/autoware_perception_msgs/include/autoware_perception_msgs/autoware_perception_msgs/msg/detail/traffic_signal_array__traits.hpp
[5.541s] -- Up-to-date symlink: /home/autoware/aichallenge2023-integration-final-main/install/autoware_perception_msgs/include/autoware_perception_msgs/autoware_perception_msgs/msg/traffic_light.hpp
[5.542s] -- Up-to-date symlink: /home/autoware/aichallenge2023-integration-final-main/install/autoware_perception_msgs/include/autoware_perception_msgs/autoware_perception_msgs/msg/traffic_light_array.hpp
[5.542s] -- Up-to-date symlink: /home/autoware/aichallenge2023-integration-final-main/install/autoware_perception_msgs/include/autoware_perception_msgs/autoware_perception_msgs/msg/traffic_light_element.hpp
[5.542s] -- Up-to-date symlink: /home/autoware/aichallenge2023-integration-final-main/install/autoware_perception_msgs/include/autoware_perception_msgs/autoware_perception_msgs/msg/traffic_signal.hpp
[5.542s] -- Up-to-date symlink: /home/autoware/aichallenge2023-integration-final-main/install/autoware_perception_msgs/include/autoware_perception_msgs/autoware_perception_msgs/msg/traffic_signal_array.hpp
[5.543s] -- Up-to-date symlink: /home/autoware/aichallenge2023-integration-final-main/install/autoware_perception_msgs/include/autoware_perception_msgs/autoware_perception_msgs/msg/detail/traffic_light__rosidl_typesupport_fastrtps_cpp.hpp
[5.543s] -- Up-to-date symlink: /home/autoware/aichallenge2023-integration-final-main/install/autoware_perception_msgs/include/autoware_perception_msgs/autoware_perception_msgs/msg/detail/traffic_light_array__rosidl_typesupport_fastrtps_cpp.hpp
[5.543s] -- Up-to-date symlink: /home/autoware/aichallenge2023-integration-final-main/install/autoware_perception_msgs/include/autoware_perception_msgs/autoware_perception_msgs/msg/detail/traffic_light_element__rosidl_typesupport_fastrtps_cpp.hpp
[5.543s] -- Up-to-date symlink: /home/autoware/aichallenge2023-integration-final-main/install/autoware_perception_msgs/include/autoware_perception_msgs/autoware_perception_msgs/msg/detail/traffic_signal__rosidl_typesupport_fastrtps_cpp.hpp
[5.543s] -- Up-to-date symlink: /home/autoware/aichallenge2023-integration-final-main/install/autoware_perception_msgs/include/autoware_perception_msgs/autoware_perception_msgs/msg/detail/traffic_signal_array__rosidl_typesupport_fastrtps_cpp.hpp
[5.543s] -- Up-to-date symlink: /home/autoware/aichallenge2023-integration-final-main/install/autoware_perception_msgs/include/autoware_perception_msgs/autoware_perception_msgs/msg/rosidl_typesupport_fastrtps_cpp__visibility_control.h
[5.544s] -- Up-to-date symlink: /home/autoware/aichallenge2023-integration-final-main/install/autoware_perception_msgs/include/autoware_perception_msgs/autoware_perception_msgs/msg/detail/traffic_light__rosidl_typesupport_introspection_c.h
[5.544s] -- Up-to-date symlink: /home/autoware/aichallenge2023-integration-final-main/install/autoware_perception_msgs/include/autoware_perception_msgs/autoware_perception_msgs/msg/detail/traffic_light_array__rosidl_typesupport_introspection_c.h
[5.544s] -- Up-to-date symlink: /home/autoware/aichallenge2023-integration-final-main/install/autoware_perception_msgs/include/autoware_perception_msgs/autoware_perception_msgs/msg/detail/traffic_light_element__rosidl_typesupport_introspection_c.h
[5.544s] -- Up-to-date symlink: /home/autoware/aichallenge2023-integration-final-main/install/autoware_perception_msgs/include/autoware_perception_msgs/autoware_perception_msgs/msg/detail/traffic_signal__rosidl_typesupport_introspection_c.h
[5.544s] -- Up-to-date symlink: /home/autoware/aichallenge2023-integration-final-main/install/autoware_perception_msgs/include/autoware_perception_msgs/autoware_perception_msgs/msg/detail/traffic_signal_array__rosidl_typesupport_introspection_c.h
[5.544s] -- Up-to-date symlink: /home/autoware/aichallenge2023-integration-final-main/install/autoware_perception_msgs/include/autoware_perception_msgs/autoware_perception_msgs/msg/rosidl_typesupport_introspection_c__visibility_control.h
[5.544s] -- Up-to-date symlink: /home/autoware/aichallenge2023-integration-final-main/install/autoware_perception_msgs/include/autoware_perception_msgs/autoware_perception_msgs/msg/detail/traffic_light__rosidl_typesupport_introspection_cpp.hpp
[5.545s] -- Up-to-date symlink: /home/autoware/aichallenge2023-integration-final-main/install/autoware_perception_msgs/include/autoware_perception_msgs/autoware_perception_msgs/msg/detail/traffic_light_array__rosidl_typesupport_introspection_cpp.hpp
[5.546s] -- Up-to-date symlink: /home/autoware/aichallenge2023-integration-final-main/install/autoware_perception_msgs/include/autoware_perception_msgs/autoware_perception_msgs/msg/detail/traffic_light_element__rosidl_typesupport_introspection_cpp.hpp
[5.546s] -- Up-to-date symlink: /home/autoware/aichallenge2023-integration-final-main/install/autoware_perception_msgs/include/autoware_perception_msgs/autoware_perception_msgs/msg/detail/traffic_signal__rosidl_typesupport_introspection_cpp.hpp
[5.547s] -- Up-to-date symlink: /home/autoware/aichallenge2023-integration-final-main/install/autoware_perception_msgs/include/autoware_perception_msgs/autoware_perception_msgs/msg/detail/traffic_signal_array__rosidl_typesupport_introspection_cpp.hpp
[5.547s] -- Up-to-date symlink: /home/autoware/aichallenge2023-integration-final-main/install/autoware_perception_msgs/share/autoware_perception_msgs/environment/pythonpath.sh
[5.547s] -- Up-to-date symlink: /home/autoware/aichallenge2023-integration-final-main/install/autoware_perception_msgs/share/autoware_perception_msgs/environment/pythonpath.dsv
[5.548s] -- Up-to-date symlink: /home/autoware/aichallenge2023-integration-final-main/install/autoware_perception_msgs/local/lib/python3.10/dist-packages/autoware_perception_msgs-1.0.0-py3.10.egg-info/PKG-INFO
[5.549s] -- Up-to-date symlink: /home/autoware/aichallenge2023-integration-final-main/install/autoware_perception_msgs/local/lib/python3.10/dist-packages/autoware_perception_msgs-1.0.0-py3.10.egg-info/SOURCES.txt
[5.549s] -- Up-to-date symlink: /home/autoware/aichallenge2023-integration-final-main/install/autoware_perception_msgs/local/lib/python3.10/dist-packages/autoware_perception_msgs-1.0.0-py3.10.egg-info/dependency_links.txt
[5.549s] -- Up-to-date symlink: /home/autoware/aichallenge2023-integration-final-main/install/autoware_perception_msgs/local/lib/python3.10/dist-packages/autoware_perception_msgs-1.0.0-py3.10.egg-info/top_level.txt
[5.550s] -- Up-to-date symlink: /home/autoware/aichallenge2023-integration-final-main/install/autoware_perception_msgs/local/lib/python3.10/dist-packages/autoware_perception_msgs/__init__.py
[5.550s] -- Up-to-date symlink: /home/autoware/aichallenge2023-integration-final-main/install/autoware_perception_msgs/local/lib/python3.10/dist-packages/autoware_perception_msgs/_autoware_perception_msgs_s.ep.rosidl_typesupport_c.c
[5.550s] -- Up-to-date symlink: /home/autoware/aichallenge2023-integration-final-main/install/autoware_perception_msgs/local/lib/python3.10/dist-packages/autoware_perception_msgs/_autoware_perception_msgs_s.ep.rosidl_typesupport_fastrtps_c.c
[5.551s] -- Up-to-date symlink: /home/autoware/aichallenge2023-integration-final-main/install/autoware_perception_msgs/local/lib/python3.10/dist-packages/autoware_perception_msgs/_autoware_perception_msgs_s.ep.rosidl_typesupport_introspection_c.c
[5.551s] -- Up-to-date symlink: /home/autoware/aichallenge2023-integration-final-main/install/autoware_perception_msgs/local/lib/python3.10/dist-packages/autoware_perception_msgs/autoware_perception_msgs_s__rosidl_typesupport_c.cpython-310-x86_64-linux-gnu.so
[5.565s] -- Up-to-date symlink: /home/autoware/aichallenge2023-integration-final-main/install/autoware_perception_msgs/local/lib/python3.10/dist-packages/autoware_perception_msgs/autoware_perception_msgs_s__rosidl_typesupport_fastrtps_c.cpython-310-x86_64-linux-gnu.so
[5.567s] -- Up-to-date symlink: /home/autoware/aichallenge2023-integration-final-main/install/autoware_perception_msgs/local/lib/python3.10/dist-packages/autoware_perception_msgs/autoware_perception_msgs_s__rosidl_typesupport_introspection_c.cpython-310-x86_64-linux-gnu.so
[5.567s] -- Up-to-date symlink: /home/autoware/aichallenge2023-integration-final-main/install/autoware_perception_msgs/local/lib/python3.10/dist-packages/autoware_perception_msgs/libautoware_perception_msgs__rosidl_generator_py.so
[5.567s] -- Up-to-date symlink: /home/autoware/aichallenge2023-integration-final-main/install/autoware_perception_msgs/local/lib/python3.10/dist-packages/autoware_perception_msgs/msg/__init__.py
[5.568s] -- Up-to-date symlink: /home/autoware/aichallenge2023-integration-final-main/install/autoware_perception_msgs/local/lib/python3.10/dist-packages/autoware_perception_msgs/msg/_traffic_light.py
[5.568s] -- Up-to-date symlink: /home/autoware/aichallenge2023-integration-final-main/install/autoware_perception_msgs/local/lib/python3.10/dist-packages/autoware_perception_msgs/msg/_traffic_light_array.py
[5.568s] -- Up-to-date symlink: /home/autoware/aichallenge2023-integration-final-main/install/autoware_perception_msgs/local/lib/python3.10/dist-packages/autoware_perception_msgs/msg/_traffic_light_array_s.c
[5.568s] -- Up-to-date symlink: /home/autoware/aichallenge2023-integration-final-main/install/autoware_perception_msgs/local/lib/python3.10/dist-packages/autoware_perception_msgs/msg/_traffic_light_element.py
[5.568s] -- Up-to-date symlink: /home/autoware/aichallenge2023-integration-final-main/install/autoware_perception_msgs/local/lib/python3.10/dist-packages/autoware_perception_msgs/msg/_traffic_light_element_s.c
[5.571s] -- Up-to-date symlink: /home/autoware/aichallenge2023-integration-final-main/install/autoware_perception_msgs/local/lib/python3.10/dist-packages/autoware_perception_msgs/msg/_traffic_light_s.c
[5.571s] -- Up-to-date symlink: /home/autoware/aichallenge2023-integration-final-main/install/autoware_perception_msgs/local/lib/python3.10/dist-packages/autoware_perception_msgs/msg/_traffic_signal.py
[5.571s] -- Up-to-date symlink: /home/autoware/aichallenge2023-integration-final-main/install/autoware_perception_msgs/local/lib/python3.10/dist-packages/autoware_perception_msgs/msg/_traffic_signal_array.py
[5.571s] -- Up-to-date symlink: /home/autoware/aichallenge2023-integration-final-main/install/autoware_perception_msgs/local/lib/python3.10/dist-packages/autoware_perception_msgs/msg/_traffic_signal_array_s.c
[5.572s] -- Up-to-date symlink: /home/autoware/aichallenge2023-integration-final-main/install/autoware_perception_msgs/local/lib/python3.10/dist-packages/autoware_perception_msgs/msg/_traffic_signal_s.c
[5.572s] -- Up-to-date symlink: /home/autoware/aichallenge2023-integration-final-main/install/autoware_perception_msgs/local/lib/python3.10/dist-packages/autoware_perception_msgs/autoware_perception_msgs_s__rosidl_typesupport_fastrtps_c.cpython-310-x86_64-linux-gnu.so
[5.572s] -- Up-to-date symlink: /home/autoware/aichallenge2023-integration-final-main/install/autoware_perception_msgs/local/lib/python3.10/dist-packages/autoware_perception_msgs/autoware_perception_msgs_s__rosidl_typesupport_introspection_c.cpython-310-x86_64-linux-gnu.so
[5.572s] -- Up-to-date symlink: /home/autoware/aichallenge2023-integration-final-main/install/autoware_perception_msgs/local/lib/python3.10/dist-packages/autoware_perception_msgs/autoware_perception_msgs_s__rosidl_typesupport_c.cpython-310-x86_64-linux-gnu.so
[5.572s] -- Up-to-date symlink: /home/autoware/aichallenge2023-integration-final-main/install/autoware_perception_msgs/share/autoware_perception_msgs/msg/TrafficLight.idl
[5.580s] -- Up-to-date symlink: /home/autoware/aichallenge2023-integration-final-main/install/autoware_perception_msgs/share/autoware_perception_msgs/msg/TrafficLightArray.idl
[5.580s] -- Up-to-date symlink: /home/autoware/aichallenge2023-integration-final-main/install/autoware_perception_msgs/share/autoware_perception_msgs/msg/TrafficLightElement.idl
[5.582s] -- Up-to-date symlink: /home/autoware/aichallenge2023-integration-final-main/install/autoware_perception_msgs/share/autoware_perception_msgs/msg/TrafficSignal.idl
[5.582s] -- Up-to-date symlink: /home/autoware/aichallenge2023-integration-final-main/install/autoware_perception_msgs/share/autoware_perception_msgs/msg/TrafficSignalArray.idl
[5.582s] -- Up-to-date symlink: /home/autoware/aichallenge2023-integration-final-main/install/autoware_perception_msgs/share/autoware_perception_msgs/msg/TrafficLight.msg
[5.582s] -- Up-to-date symlink: /home/autoware/aichallenge2023-integration-final-main/install/autoware_perception_msgs/share/autoware_perception_msgs/msg/TrafficLightArray.msg
[5.588s] -- Up-to-date symlink: /home/autoware/aichallenge2023-integration-final-main/install/autoware_perception_msgs/share/autoware_perception_msgs/msg/TrafficLightElement.msg
[5.589s] -- Up-to-date symlink: /home/autoware/aichallenge2023-integration-final-main/install/autoware_perception_msgs/share/autoware_perception_msgs/msg/TrafficSignal.msg
[5.589s] -- Up-to-date symlink: /home/autoware/aichallenge2023-integration-final-main/install/autoware_perception_msgs/share/autoware_perception_msgs/msg/TrafficSignalArray.msg
[5.590s] -- Up-to-date symlink: /home/autoware/aichallenge2023-integration-final-main/install/autoware_perception_msgs/share/ament_index/resource_index/package_run_dependencies/autoware_perception_msgs
[5.590s] -- Up-to-date symlink: /home/autoware/aichallenge2023-integration-final-main/install/autoware_perception_msgs/share/ament_index/resource_index/parent_prefix_path/autoware_perception_msgs
[5.592s] -- Up-to-date symlink: /home/autoware/aichallenge2023-integration-final-main/install/autoware_perception_msgs/share/autoware_perception_msgs/environment/ament_prefix_path.sh
[5.593s] -- Up-to-date symlink: /home/autoware/aichallenge2023-integration-final-main/install/autoware_perception_msgs/share/autoware_perception_msgs/environment/ament_prefix_path.dsv
[5.593s] -- Up-to-date symlink: /home/autoware/aichallenge2023-integration-final-main/install/autoware_perception_msgs/share/autoware_perception_msgs/environment/path.sh
[5.593s] -- Up-to-date symlink: /home/autoware/aichallenge2023-integration-final-main/install/autoware_perception_msgs/share/autoware_perception_msgs/environment/path.dsv
[5.593s] -- Up-to-date symlink: /home/autoware/aichallenge2023-integration-final-main/install/autoware_perception_msgs/share/autoware_perception_msgs/local_setup.bash
[5.593s] -- Up-to-date symlink: /home/autoware/aichallenge2023-integration-final-main/install/autoware_perception_msgs/share/autoware_perception_msgs/local_setup.sh
[5.593s] -- Up-to-date symlink: /home/autoware/aichallenge2023-integration-final-main/install/autoware_perception_msgs/share/autoware_perception_msgs/local_setup.zsh
[5.593s] -- Up-to-date symlink: /home/autoware/aichallenge2023-integration-final-main/install/autoware_perception_msgs/share/autoware_perception_msgs/local_setup.dsv
[5.593s] -- Symlinking: /home/autoware/aichallenge2023-integration-final-main/install/autoware_perception_msgs/share/autoware_perception_msgs/package.dsv
[5.633s] -- Up-to-date symlink: /home/autoware/aichallenge2023-integration-final-main/install/autoware_perception_msgs/share/ament_index/resource_index/packages/autoware_perception_msgs
[5.634s] -- Up-to-date symlink: /home/autoware/aichallenge2023-integration-final-main/install/autoware_perception_msgs/share/autoware_perception_msgs/cmake/rosidl_cmake-extras.cmake
[5.635s] -- Up-to-date symlink: /home/autoware/aichallenge2023-integration-final-main/install/autoware_perception_msgs/share/autoware_perception_msgs/cmake/ament_cmake_export_dependencies-extras.cmake
[5.635s] -- Up-to-date symlink: /home/autoware/aichallenge2023-integration-final-main/install/autoware_perception_msgs/share/autoware_perception_msgs/cmake/ament_cmake_export_include_directories-extras.cmake
[5.635s] -- Up-to-date symlink: /home/autoware/aichallenge2023-integration-final-main/install/autoware_perception_msgs/share/autoware_perception_msgs/cmake/ament_cmake_export_libraries-extras.cmake
[5.635s] -- Up-to-date symlink: /home/autoware/aichallenge2023-integration-final-main/install/autoware_perception_msgs/share/autoware_perception_msgs/cmake/ament_cmake_export_targets-extras.cmake
[5.635s] -- Up-to-date symlink: /home/autoware/aichallenge2023-integration-final-main/install/autoware_perception_msgs/share/autoware_perception_msgs/cmake/rosidl_cmake_export_typesupport_targets-extras.cmake
[5.636s] -- Up-to-date symlink: /home/autoware/aichallenge2023-integration-final-main/install/autoware_perception_msgs/share/autoware_perception_msgs/cmake/rosidl_cmake_export_typesupport_libraries-extras.cmake
[5.636s] -- Up-to-date symlink: /home/autoware/aichallenge2023-integration-final-main/install/autoware_perception_msgs/share/autoware_perception_msgs/cmake/autoware_perception_msgsConfig.cmake
[5.636s] -- Up-to-date symlink: /home/autoware/aichallenge2023-integration-final-main/install/autoware_perception_msgs/share/autoware_perception_msgs/cmake/autoware_perception_msgsConfig-version.cmake
[5.637s] -- Up-to-date symlink: /home/autoware/aichallenge2023-integration-final-main/install/autoware_perception_msgs/share/autoware_perception_msgs/package.xml
[5.637s] -- Up-to-date: /home/autoware/aichallenge2023-integration-final-main/install/autoware_perception_msgs/lib/libautoware_perception_msgs__rosidl_generator_c.so
[5.637s] -- Up-to-date: /home/autoware/aichallenge2023-integration-final-main/install/autoware_perception_msgs/lib/libautoware_perception_msgs__rosidl_typesupport_fastrtps_c.so
[5.637s] -- Up-to-date: /home/autoware/aichallenge2023-integration-final-main/install/autoware_perception_msgs/lib/libautoware_perception_msgs__rosidl_typesupport_fastrtps_cpp.so
[5.638s] -- Up-to-date: /home/autoware/aichallenge2023-integration-final-main/install/autoware_perception_msgs/lib/libautoware_perception_msgs__rosidl_typesupport_introspection_c.so
[5.638s] -- Up-to-date: /home/autoware/aichallenge2023-integration-final-main/install/autoware_perception_msgs/lib/libautoware_perception_msgs__rosidl_typesupport_c.so
[5.639s] -- Up-to-date: /home/autoware/aichallenge2023-integration-final-main/install/autoware_perception_msgs/lib/libautoware_perception_msgs__rosidl_typesupport_introspection_cpp.so
[5.640s] -- Up-to-date: /home/autoware/aichallenge2023-integration-final-main/install/autoware_perception_msgs/lib/libautoware_perception_msgs__rosidl_typesupport_cpp.so
[5.694s] Listing '/home/autoware/aichallenge2023-integration-final-main/install/autoware_perception_msgs/local/lib/python3.10/dist-packages/autoware_perception_msgs'...
[5.696s] Listing '/home/autoware/aichallenge2023-integration-final-main/install/autoware_perception_msgs/local/lib/python3.10/dist-packages/autoware_perception_msgs/msg'...
[5.699s] -- Up-to-date: /home/autoware/aichallenge2023-integration-final-main/install/autoware_perception_msgs/lib/libautoware_perception_msgs__rosidl_generator_py.so
[5.700s] -- Up-to-date: /home/autoware/aichallenge2023-integration-final-main/install/autoware_perception_msgs/share/autoware_perception_msgs/cmake/export_autoware_perception_msgs__rosidl_generator_cExport.cmake
[5.700s] -- Up-to-date: /home/autoware/aichallenge2023-integration-final-main/install/autoware_perception_msgs/share/autoware_perception_msgs/cmake/export_autoware_perception_msgs__rosidl_generator_cExport-release.cmake
[5.700s] -- Up-to-date: /home/autoware/aichallenge2023-integration-final-main/install/autoware_perception_msgs/share/autoware_perception_msgs/cmake/export_autoware_perception_msgs__rosidl_typesupport_fastrtps_cExport.cmake
[5.700s] -- Up-to-date: /home/autoware/aichallenge2023-integration-final-main/install/autoware_perception_msgs/share/autoware_perception_msgs/cmake/export_autoware_perception_msgs__rosidl_typesupport_fastrtps_cExport-release.cmake
[5.702s] -- Up-to-date: /home/autoware/aichallenge2023-integration-final-main/install/autoware_perception_msgs/share/autoware_perception_msgs/cmake/export_autoware_perception_msgs__rosidl_generator_cppExport.cmake
[5.702s] -- Up-to-date: /home/autoware/aichallenge2023-integration-final-main/install/autoware_perception_msgs/share/autoware_perception_msgs/cmake/export_autoware_perception_msgs__rosidl_typesupport_fastrtps_cppExport.cmake
[5.702s] -- Up-to-date: /home/autoware/aichallenge2023-integration-final-main/install/autoware_perception_msgs/share/autoware_perception_msgs/cmake/export_autoware_perception_msgs__rosidl_typesupport_fastrtps_cppExport-release.cmake
[5.703s] -- Up-to-date: /home/autoware/aichallenge2023-integration-final-main/install/autoware_perception_msgs/share/autoware_perception_msgs/cmake/autoware_perception_msgs__rosidl_typesupport_introspection_cExport.cmake
[5.703s] -- Up-to-date: /home/autoware/aichallenge2023-integration-final-main/install/autoware_perception_msgs/share/autoware_perception_msgs/cmake/autoware_perception_msgs__rosidl_typesupport_introspection_cExport-release.cmake
[5.703s] -- Up-to-date: /home/autoware/aichallenge2023-integration-final-main/install/autoware_perception_msgs/share/autoware_perception_msgs/cmake/autoware_perception_msgs__rosidl_typesupport_cExport.cmake
[5.703s] -- Up-to-date: /home/autoware/aichallenge2023-integration-final-main/install/autoware_perception_msgs/share/autoware_perception_msgs/cmake/autoware_perception_msgs__rosidl_typesupport_cExport-release.cmake
[5.704s] -- Up-to-date: /home/autoware/aichallenge2023-integration-final-main/install/autoware_perception_msgs/share/autoware_perception_msgs/cmake/autoware_perception_msgs__rosidl_typesupport_introspection_cppExport.cmake
[5.704s] -- Up-to-date: /home/autoware/aichallenge2023-integration-final-main/install/autoware_perception_msgs/share/autoware_perception_msgs/cmake/autoware_perception_msgs__rosidl_typesupport_introspection_cppExport-release.cmake
[5.704s] -- Up-to-date: /home/autoware/aichallenge2023-integration-final-main/install/autoware_perception_msgs/share/autoware_perception_msgs/cmake/autoware_perception_msgs__rosidl_typesupport_cppExport.cmake
[5.704s] -- Up-to-date: /home/autoware/aichallenge2023-integration-final-main/install/autoware_perception_msgs/share/autoware_perception_msgs/cmake/autoware_perception_msgs__rosidl_typesupport_cppExport-release.cmake
[5.704s] -- Up-to-date: /home/autoware/aichallenge2023-integration-final-main/install/autoware_perception_msgs/share/autoware_perception_msgs/cmake/export_autoware_perception_msgs__rosidl_generator_pyExport.cmake
[5.704s] -- Up-to-date: /home/autoware/aichallenge2023-integration-final-main/install/autoware_perception_msgs/share/autoware_perception_msgs/cmake/export_autoware_perception_msgs__rosidl_generator_pyExport-release.cmake
[5.835s] Invoked command in '/home/autoware/aichallenge2023-integration-final-main/build/autoware_perception_msgs' returned '0': CMAKE_PREFIX_PATH=${CMAKE_PREFIX_PATH}:/home/autoware/autoware/install/simulator_compatibility_test:/home/autoware/autoware/install/ad_api_visualizers:/opt/ros/humble /usr/bin/cmake --install /home/autoware/aichallenge2023-integration-final-main/build/autoware_perception_msgs
