[0.263s] Invoking command in '/home/autoware/aichallenge2023-integration-final-main/build/aip_aichallenge_description': CMAKE_PREFIX_PATH=${CMAKE_PREFIX_PATH}:/home/autoware/aichallenge2023-integration-final-main/install/simulator_compatibility_test:/home/autoware/aichallenge2023-integration-final-main/install/ad_api_visualizers:/home/autoware/autoware/install/simulator_compatibility_test:/home/autoware/autoware/install/ad_api_visualizers:/opt/ros/humble /usr/bin/cmake --build /home/autoware/aichallenge2023-integration-final-main/build/aip_aichallenge_description -- -j16 -l16
[0.681s] Invoked command in '/home/autoware/aichallenge2023-integration-final-main/build/aip_aichallenge_description' returned '0': CMAKE_PREFIX_PATH=${CMAKE_PREFIX_PATH}:/home/autoware/aichallenge2023-integration-final-main/install/simulator_compatibility_test:/home/autoware/aichallenge2023-integration-final-main/install/ad_api_visualizers:/home/autoware/autoware/install/simulator_compatibility_test:/home/autoware/autoware/install/ad_api_visualizers:/opt/ros/humble /usr/bin/cmake --build /home/autoware/aichallenge2023-integration-final-main/build/aip_aichallenge_description -- -j16 -l16
[1.199s] Invoking command in '/home/autoware/aichallenge2023-integration-final-main/build/aip_aichallenge_description': CMAKE_PREFIX_PATH=${CMAKE_PREFIX_PATH}:/home/autoware/aichallenge2023-integration-final-main/install/simulator_compatibility_test:/home/autoware/aichallenge2023-integration-final-main/install/ad_api_visualizers:/home/autoware/autoware/install/simulator_compatibility_test:/home/autoware/autoware/install/ad_api_visualizers:/opt/ros/humble /usr/bin/cmake --install /home/autoware/aichallenge2023-integration-final-main/build/aip_aichallenge_description
[1.287s] -- Install configuration: "Release"
[1.287s] -- Execute custom install script
[1.289s] -- Up-to-date symlink: /home/autoware/aichallenge2023-integration-final-main/install/aip_aichallenge_description/share/aip_aichallenge_description/config/sensor_kit_calibration.yaml
[1.289s] -- Up-to-date symlink: /home/autoware/aichallenge2023-integration-final-main/install/aip_aichallenge_description/share/aip_aichallenge_description/config/sensors_calibration.yaml
[1.289s] -- Up-to-date symlink: /home/autoware/aichallenge2023-integration-final-main/install/aip_aichallenge_description/share/aip_aichallenge_description/urdf/sensor_kit.xacro
[1.289s] -- Up-to-date symlink: /home/autoware/aichallenge2023-integration-final-main/install/aip_aichallenge_description/share/aip_aichallenge_description/urdf/sensors.xacro
[1.290s] -- Up-to-date symlink: /home/autoware/aichallenge2023-integration-final-main/install/aip_aichallenge_description/share/ament_index/resource_index/package_run_dependencies/aip_aichallenge_description
[1.290s] -- Up-to-date symlink: /home/autoware/aichallenge2023-integration-final-main/install/aip_aichallenge_description/share/ament_index/resource_index/parent_prefix_path/aip_aichallenge_description
[1.290s] -- Up-to-date symlink: /home/autoware/aichallenge2023-integration-final-main/install/aip_aichallenge_description/share/aip_aichallenge_description/environment/ament_prefix_path.sh
[1.291s] -- Up-to-date symlink: /home/autoware/aichallenge2023-integration-final-main/install/aip_aichallenge_description/share/aip_aichallenge_description/environment/ament_prefix_path.dsv
[1.291s] -- Up-to-date symlink: /home/autoware/aichallenge2023-integration-final-main/install/aip_aichallenge_description/share/aip_aichallenge_description/environment/path.sh
[1.291s] -- Up-to-date symlink: /home/autoware/aichallenge2023-integration-final-main/install/aip_aichallenge_description/share/aip_aichallenge_description/environment/path.dsv
[1.291s] -- Up-to-date symlink: /home/autoware/aichallenge2023-integration-final-main/install/aip_aichallenge_description/share/aip_aichallenge_description/local_setup.bash
[1.292s] -- Up-to-date symlink: /home/autoware/aichallenge2023-integration-final-main/install/aip_aichallenge_description/share/aip_aichallenge_description/local_setup.sh
[1.292s] -- Up-to-date symlink: /home/autoware/aichallenge2023-integration-final-main/install/aip_aichallenge_description/share/aip_aichallenge_description/local_setup.zsh
[1.292s] -- Up-to-date symlink: /home/autoware/aichallenge2023-integration-final-main/install/aip_aichallenge_description/share/aip_aichallenge_description/local_setup.dsv
[1.292s] -- Symlinking: /home/autoware/aichallenge2023-integration-final-main/install/aip_aichallenge_description/share/aip_aichallenge_description/package.dsv
[1.383s] -- Up-to-date symlink: /home/autoware/aichallenge2023-integration-final-main/install/aip_aichallenge_description/share/ament_index/resource_index/packages/aip_aichallenge_description
[1.383s] -- Up-to-date symlink: /home/autoware/aichallenge2023-integration-final-main/install/aip_aichallenge_description/share/aip_aichallenge_description/cmake/aip_aichallenge_descriptionConfig.cmake
[1.383s] -- Up-to-date symlink: /home/autoware/aichallenge2023-integration-final-main/install/aip_aichallenge_description/share/aip_aichallenge_description/cmake/aip_aichallenge_descriptionConfig-version.cmake
[1.383s] -- Up-to-date symlink: /home/autoware/aichallenge2023-integration-final-main/install/aip_aichallenge_description/share/aip_aichallenge_description/package.xml
[1.399s] Invoked command in '/home/autoware/aichallenge2023-integration-final-main/build/aip_aichallenge_description' returned '0': CMAKE_PREFIX_PATH=${CMAKE_PREFIX_PATH}:/home/autoware/aichallenge2023-integration-final-main/install/simulator_compatibility_test:/home/autoware/aichallenge2023-integration-final-main/install/ad_api_visualizers:/home/autoware/autoware/install/simulator_compatibility_test:/home/autoware/autoware/install/ad_api_visualizers:/opt/ros/humble /usr/bin/cmake --install /home/autoware/aichallenge2023-integration-final-main/build/aip_aichallenge_description
