[0.093s] Invoking command in '/home/autoware/aichallenge2023-integration-final-main/build/tier4_simulation_msgs': CMAKE_PREFIX_PATH=${CMAKE_PREFIX_PATH}:/home/autoware/aichallenge2023-integration-final-main/install/simulator_compatibility_test:/home/autoware/aichallenge2023-integration-final-main/install/ad_api_visualizers:/home/autoware/autoware/install/simulator_compatibility_test:/home/autoware/autoware/install/ad_api_visualizers:/opt/ros/humble /usr/bin/cmake --build /home/autoware/aichallenge2023-integration-final-main/build/tier4_simulation_msgs -- -j16 -l16
[0.511s] [ 10%] Built target tier4_simulation_msgs__rosidl_generator_c
[0.543s] [ 12%] Built target tier4_simulation_msgs__cpp
[0.690s] [ 12%] Built target ament_cmake_python_symlink_tier4_simulation_msgs
[0.751s] [ 23%] Built target tier4_simulation_msgs__rosidl_typesupport_introspection_c
[0.774s] [ 34%] Built target tier4_simulation_msgs__rosidl_typesupport_c
[0.783s] [ 45%] Built target tier4_simulation_msgs__rosidl_typesupport_fastrtps_c
[0.843s] [ 56%] Built target tier4_simulation_msgs__rosidl_typesupport_cpp
[0.849s] [ 67%] Built target tier4_simulation_msgs__rosidl_typesupport_introspection_cpp
[0.866s] [ 78%] Built target tier4_simulation_msgs__rosidl_typesupport_fastrtps_cpp
[1.100s] [ 78%] Built target tier4_simulation_msgs
[1.399s] [ 80%] Built target tier4_simulation_msgs__py
[1.539s] running egg_info
[1.540s] writing tier4_simulation_msgs.egg-info/PKG-INFO
[1.541s] writing dependency_links to tier4_simulation_msgs.egg-info/dependency_links.txt
[1.541s] writing top-level names to tier4_simulation_msgs.egg-info/top_level.txt
[1.546s] reading manifest file 'tier4_simulation_msgs.egg-info/SOURCES.txt'
[1.548s] writing manifest file 'tier4_simulation_msgs.egg-info/SOURCES.txt'
[1.716s] [ 80%] Built target ament_cmake_python_build_tier4_simulation_msgs_egg
[1.755s] [ 89%] Built target tier4_simulation_msgs__rosidl_generator_py
[2.149s] [ 92%] Built target tier4_simulation_msgs__rosidl_typesupport_fastrtps_c__pyext
[2.243s] [ 96%] Built target tier4_simulation_msgs__rosidl_typesupport_c__pyext
[2.291s] [100%] Built target tier4_simulation_msgs__rosidl_typesupport_introspection_c__pyext
[2.415s] Invoked command in '/home/autoware/aichallenge2023-integration-final-main/build/tier4_simulation_msgs' returned '0': CMAKE_PREFIX_PATH=${CMAKE_PREFIX_PATH}:/home/autoware/aichallenge2023-integration-final-main/install/simulator_compatibility_test:/home/autoware/aichallenge2023-integration-final-main/install/ad_api_visualizers:/home/autoware/autoware/install/simulator_compatibility_test:/home/autoware/autoware/install/ad_api_visualizers:/opt/ros/humble /usr/bin/cmake --build /home/autoware/aichallenge2023-integration-final-main/build/tier4_simulation_msgs -- -j16 -l16
[8.462s] Invoking command in '/home/autoware/aichallenge2023-integration-final-main/build/tier4_simulation_msgs': CMAKE_PREFIX_PATH=${CMAKE_PREFIX_PATH}:/home/autoware/aichallenge2023-integration-final-main/install/simulator_compatibility_test:/home/autoware/aichallenge2023-integration-final-main/install/ad_api_visualizers:/home/autoware/autoware/install/simulator_compatibility_test:/home/autoware/autoware/install/ad_api_visualizers:/opt/ros/humble /usr/bin/cmake --install /home/autoware/aichallenge2023-integration-final-main/build/tier4_simulation_msgs
[8.570s] -- Install configuration: "Release"
[8.571s] -- Execute custom install script
[8.572s] -- Up-to-date symlink: /home/autoware/aichallenge2023-integration-final-main/install/tier4_simulation_msgs/share/ament_index/resource_index/rosidl_interfaces/tier4_simulation_msgs
[8.572s] -- Up-to-date symlink: /home/autoware/aichallenge2023-integration-final-main/install/tier4_simulation_msgs/include/tier4_simulation_msgs/tier4_simulation_msgs/msg/detail/fault_injection_event__functions.h
[8.573s] -- Up-to-date symlink: /home/autoware/aichallenge2023-integration-final-main/install/tier4_simulation_msgs/include/tier4_simulation_msgs/tier4_simulation_msgs/msg/detail/fault_injection_event__struct.h
[8.573s] -- Up-to-date symlink: /home/autoware/aichallenge2023-integration-final-main/install/tier4_simulation_msgs/include/tier4_simulation_msgs/tier4_simulation_msgs/msg/detail/fault_injection_event__type_support.h
[8.573s] -- Up-to-date symlink: /home/autoware/aichallenge2023-integration-final-main/install/tier4_simulation_msgs/include/tier4_simulation_msgs/tier4_simulation_msgs/msg/detail/simulation_events__functions.h
[8.573s] -- Up-to-date symlink: /home/autoware/aichallenge2023-integration-final-main/install/tier4_simulation_msgs/include/tier4_simulation_msgs/tier4_simulation_msgs/msg/detail/simulation_events__struct.h
[8.573s] -- Up-to-date symlink: /home/autoware/aichallenge2023-integration-final-main/install/tier4_simulation_msgs/include/tier4_simulation_msgs/tier4_simulation_msgs/msg/detail/simulation_events__type_support.h
[8.574s] -- Up-to-date symlink: /home/autoware/aichallenge2023-integration-final-main/install/tier4_simulation_msgs/include/tier4_simulation_msgs/tier4_simulation_msgs/msg/detail/user_defined_value__functions.h
[8.574s] -- Up-to-date symlink: /home/autoware/aichallenge2023-integration-final-main/install/tier4_simulation_msgs/include/tier4_simulation_msgs/tier4_simulation_msgs/msg/detail/user_defined_value__struct.h
[8.577s] -- Up-to-date symlink: /home/autoware/aichallenge2023-integration-final-main/install/tier4_simulation_msgs/include/tier4_simulation_msgs/tier4_simulation_msgs/msg/detail/user_defined_value__type_support.h
[8.577s] -- Up-to-date symlink: /home/autoware/aichallenge2023-integration-final-main/install/tier4_simulation_msgs/include/tier4_simulation_msgs/tier4_simulation_msgs/msg/detail/user_defined_value_type__functions.h
[8.578s] -- Up-to-date symlink: /home/autoware/aichallenge2023-integration-final-main/install/tier4_simulation_msgs/include/tier4_simulation_msgs/tier4_simulation_msgs/msg/detail/user_defined_value_type__struct.h
[8.578s] -- Up-to-date symlink: /home/autoware/aichallenge2023-integration-final-main/install/tier4_simulation_msgs/include/tier4_simulation_msgs/tier4_simulation_msgs/msg/detail/user_defined_value_type__type_support.h
[8.578s] -- Up-to-date symlink: /home/autoware/aichallenge2023-integration-final-main/install/tier4_simulation_msgs/include/tier4_simulation_msgs/tier4_simulation_msgs/msg/fault_injection_event.h
[8.578s] -- Up-to-date symlink: /home/autoware/aichallenge2023-integration-final-main/install/tier4_simulation_msgs/include/tier4_simulation_msgs/tier4_simulation_msgs/msg/rosidl_generator_c__visibility_control.h
[8.578s] -- Up-to-date symlink: /home/autoware/aichallenge2023-integration-final-main/install/tier4_simulation_msgs/include/tier4_simulation_msgs/tier4_simulation_msgs/msg/simulation_events.h
[8.578s] -- Up-to-date symlink: /home/autoware/aichallenge2023-integration-final-main/install/tier4_simulation_msgs/include/tier4_simulation_msgs/tier4_simulation_msgs/msg/user_defined_value.h
[8.580s] -- Up-to-date symlink: /home/autoware/aichallenge2023-integration-final-main/install/tier4_simulation_msgs/include/tier4_simulation_msgs/tier4_simulation_msgs/msg/user_defined_value_type.h
[8.581s] -- Up-to-date symlink: /home/autoware/aichallenge2023-integration-final-main/install/tier4_simulation_msgs/share/tier4_simulation_msgs/environment/library_path.sh
[8.582s] -- Up-to-date symlink: /home/autoware/aichallenge2023-integration-final-main/install/tier4_simulation_msgs/share/tier4_simulation_msgs/environment/library_path.dsv
[8.582s] -- Up-to-date symlink: /home/autoware/aichallenge2023-integration-final-main/install/tier4_simulation_msgs/include/tier4_simulation_msgs/tier4_simulation_msgs/msg/detail/fault_injection_event__rosidl_typesupport_fastrtps_c.h
[8.582s] -- Up-to-date symlink: /home/autoware/aichallenge2023-integration-final-main/install/tier4_simulation_msgs/include/tier4_simulation_msgs/tier4_simulation_msgs/msg/detail/simulation_events__rosidl_typesupport_fastrtps_c.h
[8.582s] -- Up-to-date symlink: /home/autoware/aichallenge2023-integration-final-main/install/tier4_simulation_msgs/include/tier4_simulation_msgs/tier4_simulation_msgs/msg/detail/user_defined_value__rosidl_typesupport_fastrtps_c.h
[8.584s] -- Up-to-date symlink: /home/autoware/aichallenge2023-integration-final-main/install/tier4_simulation_msgs/include/tier4_simulation_msgs/tier4_simulation_msgs/msg/detail/user_defined_value_type__rosidl_typesupport_fastrtps_c.h
[8.584s] -- Up-to-date symlink: /home/autoware/aichallenge2023-integration-final-main/install/tier4_simulation_msgs/include/tier4_simulation_msgs/tier4_simulation_msgs/msg/rosidl_typesupport_fastrtps_c__visibility_control.h
[8.585s] -- Up-to-date symlink: /home/autoware/aichallenge2023-integration-final-main/install/tier4_simulation_msgs/include/tier4_simulation_msgs/tier4_simulation_msgs/msg/detail/fault_injection_event__builder.hpp
[8.586s] -- Up-to-date symlink: /home/autoware/aichallenge2023-integration-final-main/install/tier4_simulation_msgs/include/tier4_simulation_msgs/tier4_simulation_msgs/msg/detail/fault_injection_event__struct.hpp
[8.596s] -- Up-to-date symlink: /home/autoware/aichallenge2023-integration-final-main/install/tier4_simulation_msgs/include/tier4_simulation_msgs/tier4_simulation_msgs/msg/detail/fault_injection_event__traits.hpp
[8.596s] -- Up-to-date symlink: /home/autoware/aichallenge2023-integration-final-main/install/tier4_simulation_msgs/include/tier4_simulation_msgs/tier4_simulation_msgs/msg/detail/simulation_events__builder.hpp
[8.596s] -- Up-to-date symlink: /home/autoware/aichallenge2023-integration-final-main/install/tier4_simulation_msgs/include/tier4_simulation_msgs/tier4_simulation_msgs/msg/detail/simulation_events__struct.hpp
[8.596s] -- Up-to-date symlink: /home/autoware/aichallenge2023-integration-final-main/install/tier4_simulation_msgs/include/tier4_simulation_msgs/tier4_simulation_msgs/msg/detail/simulation_events__traits.hpp
[8.596s] -- Up-to-date symlink: /home/autoware/aichallenge2023-integration-final-main/install/tier4_simulation_msgs/include/tier4_simulation_msgs/tier4_simulation_msgs/msg/detail/user_defined_value__builder.hpp
[8.596s] -- Up-to-date symlink: /home/autoware/aichallenge2023-integration-final-main/install/tier4_simulation_msgs/include/tier4_simulation_msgs/tier4_simulation_msgs/msg/detail/user_defined_value__struct.hpp
[8.597s] -- Up-to-date symlink: /home/autoware/aichallenge2023-integration-final-main/install/tier4_simulation_msgs/include/tier4_simulation_msgs/tier4_simulation_msgs/msg/detail/user_defined_value__traits.hpp
[8.597s] -- Up-to-date symlink: /home/autoware/aichallenge2023-integration-final-main/install/tier4_simulation_msgs/include/tier4_simulation_msgs/tier4_simulation_msgs/msg/detail/user_defined_value_type__builder.hpp
[8.597s] -- Up-to-date symlink: /home/autoware/aichallenge2023-integration-final-main/install/tier4_simulation_msgs/include/tier4_simulation_msgs/tier4_simulation_msgs/msg/detail/user_defined_value_type__struct.hpp
[8.597s] -- Up-to-date symlink: /home/autoware/aichallenge2023-integration-final-main/install/tier4_simulation_msgs/include/tier4_simulation_msgs/tier4_simulation_msgs/msg/detail/user_defined_value_type__traits.hpp
[8.597s] -- Up-to-date symlink: /home/autoware/aichallenge2023-integration-final-main/install/tier4_simulation_msgs/include/tier4_simulation_msgs/tier4_simulation_msgs/msg/fault_injection_event.hpp
[8.597s] -- Up-to-date symlink: /home/autoware/aichallenge2023-integration-final-main/install/tier4_simulation_msgs/include/tier4_simulation_msgs/tier4_simulation_msgs/msg/simulation_events.hpp
[8.597s] -- Up-to-date symlink: /home/autoware/aichallenge2023-integration-final-main/install/tier4_simulation_msgs/include/tier4_simulation_msgs/tier4_simulation_msgs/msg/user_defined_value.hpp
[8.598s] -- Up-to-date symlink: /home/autoware/aichallenge2023-integration-final-main/install/tier4_simulation_msgs/include/tier4_simulation_msgs/tier4_simulation_msgs/msg/user_defined_value_type.hpp
[8.598s] -- Up-to-date symlink: /home/autoware/aichallenge2023-integration-final-main/install/tier4_simulation_msgs/include/tier4_simulation_msgs/tier4_simulation_msgs/msg/detail/fault_injection_event__rosidl_typesupport_fastrtps_cpp.hpp
[8.598s] -- Up-to-date symlink: /home/autoware/aichallenge2023-integration-final-main/install/tier4_simulation_msgs/include/tier4_simulation_msgs/tier4_simulation_msgs/msg/detail/simulation_events__rosidl_typesupport_fastrtps_cpp.hpp
[8.598s] -- Up-to-date symlink: /home/autoware/aichallenge2023-integration-final-main/install/tier4_simulation_msgs/include/tier4_simulation_msgs/tier4_simulation_msgs/msg/detail/user_defined_value__rosidl_typesupport_fastrtps_cpp.hpp
[8.598s] -- Up-to-date symlink: /home/autoware/aichallenge2023-integration-final-main/install/tier4_simulation_msgs/include/tier4_simulation_msgs/tier4_simulation_msgs/msg/detail/user_defined_value_type__rosidl_typesupport_fastrtps_cpp.hpp
[8.598s] -- Up-to-date symlink: /home/autoware/aichallenge2023-integration-final-main/install/tier4_simulation_msgs/include/tier4_simulation_msgs/tier4_simulation_msgs/msg/rosidl_typesupport_fastrtps_cpp__visibility_control.h
[8.598s] -- Up-to-date symlink: /home/autoware/aichallenge2023-integration-final-main/install/tier4_simulation_msgs/include/tier4_simulation_msgs/tier4_simulation_msgs/msg/detail/fault_injection_event__rosidl_typesupport_introspection_c.h
[8.599s] -- Up-to-date symlink: /home/autoware/aichallenge2023-integration-final-main/install/tier4_simulation_msgs/include/tier4_simulation_msgs/tier4_simulation_msgs/msg/detail/simulation_events__rosidl_typesupport_introspection_c.h
[8.599s] -- Up-to-date symlink: /home/autoware/aichallenge2023-integration-final-main/install/tier4_simulation_msgs/include/tier4_simulation_msgs/tier4_simulation_msgs/msg/detail/user_defined_value__rosidl_typesupport_introspection_c.h
[8.599s] -- Up-to-date symlink: /home/autoware/aichallenge2023-integration-final-main/install/tier4_simulation_msgs/include/tier4_simulation_msgs/tier4_simulation_msgs/msg/detail/user_defined_value_type__rosidl_typesupport_introspection_c.h
[8.599s] -- Up-to-date symlink: /home/autoware/aichallenge2023-integration-final-main/install/tier4_simulation_msgs/include/tier4_simulation_msgs/tier4_simulation_msgs/msg/rosidl_typesupport_introspection_c__visibility_control.h
[8.599s] -- Up-to-date symlink: /home/autoware/aichallenge2023-integration-final-main/install/tier4_simulation_msgs/include/tier4_simulation_msgs/tier4_simulation_msgs/msg/detail/fault_injection_event__rosidl_typesupport_introspection_cpp.hpp
[8.599s] -- Up-to-date symlink: /home/autoware/aichallenge2023-integration-final-main/install/tier4_simulation_msgs/include/tier4_simulation_msgs/tier4_simulation_msgs/msg/detail/simulation_events__rosidl_typesupport_introspection_cpp.hpp
[8.599s] -- Up-to-date symlink: /home/autoware/aichallenge2023-integration-final-main/install/tier4_simulation_msgs/include/tier4_simulation_msgs/tier4_simulation_msgs/msg/detail/user_defined_value__rosidl_typesupport_introspection_cpp.hpp
[8.599s] -- Up-to-date symlink: /home/autoware/aichallenge2023-integration-final-main/install/tier4_simulation_msgs/include/tier4_simulation_msgs/tier4_simulation_msgs/msg/detail/user_defined_value_type__rosidl_typesupport_introspection_cpp.hpp
[8.599s] -- Up-to-date symlink: /home/autoware/aichallenge2023-integration-final-main/install/tier4_simulation_msgs/share/tier4_simulation_msgs/environment/pythonpath.sh
[8.600s] -- Up-to-date symlink: /home/autoware/aichallenge2023-integration-final-main/install/tier4_simulation_msgs/share/tier4_simulation_msgs/environment/pythonpath.dsv
[8.600s] -- Up-to-date symlink: /home/autoware/aichallenge2023-integration-final-main/install/tier4_simulation_msgs/local/lib/python3.10/dist-packages/tier4_simulation_msgs-0.1.0-py3.10.egg-info/PKG-INFO
[8.600s] -- Up-to-date symlink: /home/autoware/aichallenge2023-integration-final-main/install/tier4_simulation_msgs/local/lib/python3.10/dist-packages/tier4_simulation_msgs-0.1.0-py3.10.egg-info/SOURCES.txt
[8.600s] -- Up-to-date symlink: /home/autoware/aichallenge2023-integration-final-main/install/tier4_simulation_msgs/local/lib/python3.10/dist-packages/tier4_simulation_msgs-0.1.0-py3.10.egg-info/dependency_links.txt
[8.600s] -- Up-to-date symlink: /home/autoware/aichallenge2023-integration-final-main/install/tier4_simulation_msgs/local/lib/python3.10/dist-packages/tier4_simulation_msgs-0.1.0-py3.10.egg-info/top_level.txt
[8.600s] -- Up-to-date symlink: /home/autoware/aichallenge2023-integration-final-main/install/tier4_simulation_msgs/local/lib/python3.10/dist-packages/tier4_simulation_msgs/__init__.py
[8.600s] -- Up-to-date symlink: /home/autoware/aichallenge2023-integration-final-main/install/tier4_simulation_msgs/local/lib/python3.10/dist-packages/tier4_simulation_msgs/_tier4_simulation_msgs_s.ep.rosidl_typesupport_c.c
[8.600s] -- Up-to-date symlink: /home/autoware/aichallenge2023-integration-final-main/install/tier4_simulation_msgs/local/lib/python3.10/dist-packages/tier4_simulation_msgs/_tier4_simulation_msgs_s.ep.rosidl_typesupport_fastrtps_c.c
[8.601s] -- Up-to-date symlink: /home/autoware/aichallenge2023-integration-final-main/install/tier4_simulation_msgs/local/lib/python3.10/dist-packages/tier4_simulation_msgs/_tier4_simulation_msgs_s.ep.rosidl_typesupport_introspection_c.c
[8.601s] -- Up-to-date symlink: /home/autoware/aichallenge2023-integration-final-main/install/tier4_simulation_msgs/local/lib/python3.10/dist-packages/tier4_simulation_msgs/libtier4_simulation_msgs__rosidl_generator_py.so
[8.601s] -- Up-to-date symlink: /home/autoware/aichallenge2023-integration-final-main/install/tier4_simulation_msgs/local/lib/python3.10/dist-packages/tier4_simulation_msgs/msg/__init__.py
[8.601s] -- Up-to-date symlink: /home/autoware/aichallenge2023-integration-final-main/install/tier4_simulation_msgs/local/lib/python3.10/dist-packages/tier4_simulation_msgs/msg/_fault_injection_event.py
[8.601s] -- Up-to-date symlink: /home/autoware/aichallenge2023-integration-final-main/install/tier4_simulation_msgs/local/lib/python3.10/dist-packages/tier4_simulation_msgs/msg/_fault_injection_event_s.c
[8.601s] -- Up-to-date symlink: /home/autoware/aichallenge2023-integration-final-main/install/tier4_simulation_msgs/local/lib/python3.10/dist-packages/tier4_simulation_msgs/msg/_simulation_events.py
[8.601s] -- Up-to-date symlink: /home/autoware/aichallenge2023-integration-final-main/install/tier4_simulation_msgs/local/lib/python3.10/dist-packages/tier4_simulation_msgs/msg/_simulation_events_s.c
[8.601s] -- Up-to-date symlink: /home/autoware/aichallenge2023-integration-final-main/install/tier4_simulation_msgs/local/lib/python3.10/dist-packages/tier4_simulation_msgs/msg/_user_defined_value.py
[8.601s] -- Up-to-date symlink: /home/autoware/aichallenge2023-integration-final-main/install/tier4_simulation_msgs/local/lib/python3.10/dist-packages/tier4_simulation_msgs/msg/_user_defined_value_s.c
[8.602s] -- Up-to-date symlink: /home/autoware/aichallenge2023-integration-final-main/install/tier4_simulation_msgs/local/lib/python3.10/dist-packages/tier4_simulation_msgs/msg/_user_defined_value_type.py
[8.602s] -- Up-to-date symlink: /home/autoware/aichallenge2023-integration-final-main/install/tier4_simulation_msgs/local/lib/python3.10/dist-packages/tier4_simulation_msgs/msg/_user_defined_value_type_s.c
[8.602s] -- Up-to-date symlink: /home/autoware/aichallenge2023-integration-final-main/install/tier4_simulation_msgs/local/lib/python3.10/dist-packages/tier4_simulation_msgs/tier4_simulation_msgs_s__rosidl_typesupport_c.cpython-310-x86_64-linux-gnu.so
[8.602s] -- Up-to-date symlink: /home/autoware/aichallenge2023-integration-final-main/install/tier4_simulation_msgs/local/lib/python3.10/dist-packages/tier4_simulation_msgs/tier4_simulation_msgs_s__rosidl_typesupport_fastrtps_c.cpython-310-x86_64-linux-gnu.so
[8.602s] -- Up-to-date symlink: /home/autoware/aichallenge2023-integration-final-main/install/tier4_simulation_msgs/local/lib/python3.10/dist-packages/tier4_simulation_msgs/tier4_simulation_msgs_s__rosidl_typesupport_introspection_c.cpython-310-x86_64-linux-gnu.so
[8.602s] -- Up-to-date symlink: /home/autoware/aichallenge2023-integration-final-main/install/tier4_simulation_msgs/local/lib/python3.10/dist-packages/tier4_simulation_msgs/tier4_simulation_msgs_s__rosidl_typesupport_fastrtps_c.cpython-310-x86_64-linux-gnu.so
[8.602s] -- Up-to-date symlink: /home/autoware/aichallenge2023-integration-final-main/install/tier4_simulation_msgs/local/lib/python3.10/dist-packages/tier4_simulation_msgs/tier4_simulation_msgs_s__rosidl_typesupport_introspection_c.cpython-310-x86_64-linux-gnu.so
[8.603s] -- Up-to-date symlink: /home/autoware/aichallenge2023-integration-final-main/install/tier4_simulation_msgs/local/lib/python3.10/dist-packages/tier4_simulation_msgs/tier4_simulation_msgs_s__rosidl_typesupport_c.cpython-310-x86_64-linux-gnu.so
[8.603s] -- Up-to-date symlink: /home/autoware/aichallenge2023-integration-final-main/install/tier4_simulation_msgs/share/tier4_simulation_msgs/msg/FaultInjectionEvent.idl
[8.603s] -- Up-to-date symlink: /home/autoware/aichallenge2023-integration-final-main/install/tier4_simulation_msgs/share/tier4_simulation_msgs/msg/SimulationEvents.idl
[8.603s] -- Up-to-date symlink: /home/autoware/aichallenge2023-integration-final-main/install/tier4_simulation_msgs/share/tier4_simulation_msgs/msg/UserDefinedValue.idl
[8.603s] -- Up-to-date symlink: /home/autoware/aichallenge2023-integration-final-main/install/tier4_simulation_msgs/share/tier4_simulation_msgs/msg/UserDefinedValueType.idl
[8.603s] -- Up-to-date symlink: /home/autoware/aichallenge2023-integration-final-main/install/tier4_simulation_msgs/share/tier4_simulation_msgs/msg/FaultInjectionEvent.msg
[8.603s] -- Up-to-date symlink: /home/autoware/aichallenge2023-integration-final-main/install/tier4_simulation_msgs/share/tier4_simulation_msgs/msg/SimulationEvents.msg
[8.603s] -- Up-to-date symlink: /home/autoware/aichallenge2023-integration-final-main/install/tier4_simulation_msgs/share/tier4_simulation_msgs/msg/UserDefinedValue.msg
[8.604s] -- Up-to-date symlink: /home/autoware/aichallenge2023-integration-final-main/install/tier4_simulation_msgs/share/tier4_simulation_msgs/msg/UserDefinedValueType.msg
[8.604s] -- Up-to-date symlink: /home/autoware/aichallenge2023-integration-final-main/install/tier4_simulation_msgs/share/ament_index/resource_index/package_run_dependencies/tier4_simulation_msgs
[8.604s] -- Up-to-date symlink: /home/autoware/aichallenge2023-integration-final-main/install/tier4_simulation_msgs/share/ament_index/resource_index/parent_prefix_path/tier4_simulation_msgs
[8.604s] -- Up-to-date symlink: /home/autoware/aichallenge2023-integration-final-main/install/tier4_simulation_msgs/share/tier4_simulation_msgs/environment/ament_prefix_path.sh
[8.604s] -- Up-to-date symlink: /home/autoware/aichallenge2023-integration-final-main/install/tier4_simulation_msgs/share/tier4_simulation_msgs/environment/ament_prefix_path.dsv
[8.604s] -- Up-to-date symlink: /home/autoware/aichallenge2023-integration-final-main/install/tier4_simulation_msgs/share/tier4_simulation_msgs/environment/path.sh
[8.604s] -- Up-to-date symlink: /home/autoware/aichallenge2023-integration-final-main/install/tier4_simulation_msgs/share/tier4_simulation_msgs/environment/path.dsv
[8.605s] -- Up-to-date symlink: /home/autoware/aichallenge2023-integration-final-main/install/tier4_simulation_msgs/share/tier4_simulation_msgs/local_setup.bash
[8.605s] -- Up-to-date symlink: /home/autoware/aichallenge2023-integration-final-main/install/tier4_simulation_msgs/share/tier4_simulation_msgs/local_setup.sh
[8.605s] -- Up-to-date symlink: /home/autoware/aichallenge2023-integration-final-main/install/tier4_simulation_msgs/share/tier4_simulation_msgs/local_setup.zsh
[8.606s] -- Up-to-date symlink: /home/autoware/aichallenge2023-integration-final-main/install/tier4_simulation_msgs/share/tier4_simulation_msgs/local_setup.dsv
[8.606s] -- Symlinking: /home/autoware/aichallenge2023-integration-final-main/install/tier4_simulation_msgs/share/tier4_simulation_msgs/package.dsv
[8.713s] -- Up-to-date symlink: /home/autoware/aichallenge2023-integration-final-main/install/tier4_simulation_msgs/share/ament_index/resource_index/packages/tier4_simulation_msgs
[8.713s] -- Up-to-date symlink: /home/autoware/aichallenge2023-integration-final-main/install/tier4_simulation_msgs/share/tier4_simulation_msgs/cmake/rosidl_cmake-extras.cmake
[8.713s] -- Up-to-date symlink: /home/autoware/aichallenge2023-integration-final-main/install/tier4_simulation_msgs/share/tier4_simulation_msgs/cmake/ament_cmake_export_dependencies-extras.cmake
[8.714s] -- Up-to-date symlink: /home/autoware/aichallenge2023-integration-final-main/install/tier4_simulation_msgs/share/tier4_simulation_msgs/cmake/ament_cmake_export_include_directories-extras.cmake
[8.714s] -- Up-to-date symlink: /home/autoware/aichallenge2023-integration-final-main/install/tier4_simulation_msgs/share/tier4_simulation_msgs/cmake/ament_cmake_export_libraries-extras.cmake
[8.714s] -- Up-to-date symlink: /home/autoware/aichallenge2023-integration-final-main/install/tier4_simulation_msgs/share/tier4_simulation_msgs/cmake/ament_cmake_export_targets-extras.cmake
[8.714s] -- Up-to-date symlink: /home/autoware/aichallenge2023-integration-final-main/install/tier4_simulation_msgs/share/tier4_simulation_msgs/cmake/rosidl_cmake_export_typesupport_targets-extras.cmake
[8.715s] -- Up-to-date symlink: /home/autoware/aichallenge2023-integration-final-main/install/tier4_simulation_msgs/share/tier4_simulation_msgs/cmake/rosidl_cmake_export_typesupport_libraries-extras.cmake
[8.715s] -- Up-to-date symlink: /home/autoware/aichallenge2023-integration-final-main/install/tier4_simulation_msgs/share/tier4_simulation_msgs/cmake/tier4_simulation_msgsConfig.cmake
[8.715s] -- Up-to-date symlink: /home/autoware/aichallenge2023-integration-final-main/install/tier4_simulation_msgs/share/tier4_simulation_msgs/cmake/tier4_simulation_msgsConfig-version.cmake
[8.715s] -- Up-to-date symlink: /home/autoware/aichallenge2023-integration-final-main/install/tier4_simulation_msgs/share/tier4_simulation_msgs/package.xml
[8.716s] -- Up-to-date: /home/autoware/aichallenge2023-integration-final-main/install/tier4_simulation_msgs/lib/libtier4_simulation_msgs__rosidl_generator_c.so
[8.717s] -- Up-to-date: /home/autoware/aichallenge2023-integration-final-main/install/tier4_simulation_msgs/lib/libtier4_simulation_msgs__rosidl_typesupport_fastrtps_c.so
[8.717s] -- Up-to-date: /home/autoware/aichallenge2023-integration-final-main/install/tier4_simulation_msgs/lib/libtier4_simulation_msgs__rosidl_typesupport_fastrtps_cpp.so
[8.718s] -- Up-to-date: /home/autoware/aichallenge2023-integration-final-main/install/tier4_simulation_msgs/lib/libtier4_simulation_msgs__rosidl_typesupport_introspection_c.so
[8.718s] -- Up-to-date: /home/autoware/aichallenge2023-integration-final-main/install/tier4_simulation_msgs/lib/libtier4_simulation_msgs__rosidl_typesupport_c.so
[8.719s] -- Up-to-date: /home/autoware/aichallenge2023-integration-final-main/install/tier4_simulation_msgs/lib/libtier4_simulation_msgs__rosidl_typesupport_introspection_cpp.so
[8.719s] -- Up-to-date: /home/autoware/aichallenge2023-integration-final-main/install/tier4_simulation_msgs/lib/libtier4_simulation_msgs__rosidl_typesupport_cpp.so
[8.953s] Listing '/home/autoware/aichallenge2023-integration-final-main/install/tier4_simulation_msgs/local/lib/python3.10/dist-packages/tier4_simulation_msgs'...
[8.953s] Listing '/home/autoware/aichallenge2023-integration-final-main/install/tier4_simulation_msgs/local/lib/python3.10/dist-packages/tier4_simulation_msgs/msg'...
[8.962s] -- Up-to-date: /home/autoware/aichallenge2023-integration-final-main/install/tier4_simulation_msgs/lib/libtier4_simulation_msgs__rosidl_generator_py.so
[8.962s] -- Up-to-date: /home/autoware/aichallenge2023-integration-final-main/install/tier4_simulation_msgs/share/tier4_simulation_msgs/cmake/export_tier4_simulation_msgs__rosidl_generator_cExport.cmake
[8.964s] -- Up-to-date: /home/autoware/aichallenge2023-integration-final-main/install/tier4_simulation_msgs/share/tier4_simulation_msgs/cmake/export_tier4_simulation_msgs__rosidl_generator_cExport-release.cmake
[8.964s] -- Up-to-date: /home/autoware/aichallenge2023-integration-final-main/install/tier4_simulation_msgs/share/tier4_simulation_msgs/cmake/export_tier4_simulation_msgs__rosidl_typesupport_fastrtps_cExport.cmake
[8.964s] -- Up-to-date: /home/autoware/aichallenge2023-integration-final-main/install/tier4_simulation_msgs/share/tier4_simulation_msgs/cmake/export_tier4_simulation_msgs__rosidl_typesupport_fastrtps_cExport-release.cmake
[8.964s] -- Up-to-date: /home/autoware/aichallenge2023-integration-final-main/install/tier4_simulation_msgs/share/tier4_simulation_msgs/cmake/export_tier4_simulation_msgs__rosidl_generator_cppExport.cmake
[8.964s] -- Up-to-date: /home/autoware/aichallenge2023-integration-final-main/install/tier4_simulation_msgs/share/tier4_simulation_msgs/cmake/export_tier4_simulation_msgs__rosidl_typesupport_fastrtps_cppExport.cmake
[8.965s] -- Up-to-date: /home/autoware/aichallenge2023-integration-final-main/install/tier4_simulation_msgs/share/tier4_simulation_msgs/cmake/export_tier4_simulation_msgs__rosidl_typesupport_fastrtps_cppExport-release.cmake
[8.965s] -- Up-to-date: /home/autoware/aichallenge2023-integration-final-main/install/tier4_simulation_msgs/share/tier4_simulation_msgs/cmake/tier4_simulation_msgs__rosidl_typesupport_introspection_cExport.cmake
[8.965s] -- Up-to-date: /home/autoware/aichallenge2023-integration-final-main/install/tier4_simulation_msgs/share/tier4_simulation_msgs/cmake/tier4_simulation_msgs__rosidl_typesupport_introspection_cExport-release.cmake
[8.965s] -- Up-to-date: /home/autoware/aichallenge2023-integration-final-main/install/tier4_simulation_msgs/share/tier4_simulation_msgs/cmake/tier4_simulation_msgs__rosidl_typesupport_cExport.cmake
[8.965s] -- Up-to-date: /home/autoware/aichallenge2023-integration-final-main/install/tier4_simulation_msgs/share/tier4_simulation_msgs/cmake/tier4_simulation_msgs__rosidl_typesupport_cExport-release.cmake
[8.965s] -- Up-to-date: /home/autoware/aichallenge2023-integration-final-main/install/tier4_simulation_msgs/share/tier4_simulation_msgs/cmake/tier4_simulation_msgs__rosidl_typesupport_introspection_cppExport.cmake
[8.965s] -- Up-to-date: /home/autoware/aichallenge2023-integration-final-main/install/tier4_simulation_msgs/share/tier4_simulation_msgs/cmake/tier4_simulation_msgs__rosidl_typesupport_introspection_cppExport-release.cmake
[8.965s] -- Up-to-date: /home/autoware/aichallenge2023-integration-final-main/install/tier4_simulation_msgs/share/tier4_simulation_msgs/cmake/tier4_simulation_msgs__rosidl_typesupport_cppExport.cmake
[8.965s] -- Up-to-date: /home/autoware/aichallenge2023-integration-final-main/install/tier4_simulation_msgs/share/tier4_simulation_msgs/cmake/tier4_simulation_msgs__rosidl_typesupport_cppExport-release.cmake
[8.966s] -- Up-to-date: /home/autoware/aichallenge2023-integration-final-main/install/tier4_simulation_msgs/share/tier4_simulation_msgs/cmake/export_tier4_simulation_msgs__rosidl_generator_pyExport.cmake
[8.966s] -- Up-to-date: /home/autoware/aichallenge2023-integration-final-main/install/tier4_simulation_msgs/share/tier4_simulation_msgs/cmake/export_tier4_simulation_msgs__rosidl_generator_pyExport-release.cmake
[8.975s] Invoked command in '/home/autoware/aichallenge2023-integration-final-main/build/tier4_simulation_msgs' returned '0': CMAKE_PREFIX_PATH=${CMAKE_PREFIX_PATH}:/home/autoware/aichallenge2023-integration-final-main/install/simulator_compatibility_test:/home/autoware/aichallenge2023-integration-final-main/install/ad_api_visualizers:/home/autoware/autoware/install/simulator_compatibility_test:/home/autoware/autoware/install/ad_api_visualizers:/opt/ros/humble /usr/bin/cmake --install /home/autoware/aichallenge2023-integration-final-main/build/tier4_simulation_msgs
