[0.280s] Invoking command in '/home/autoware/aichallenge2023-integration-final-main/build/autoware_sensing_msgs': CMAKE_PREFIX_PATH=${CMAKE_PREFIX_PATH}:/home/autoware/aichallenge2023-integration-final-main/install/simulator_compatibility_test:/home/autoware/aichallenge2023-integration-final-main/install/ad_api_visualizers:/home/autoware/autoware/install/simulator_compatibility_test:/home/autoware/autoware/install/ad_api_visualizers:/opt/ros/humble /usr/bin/cmake --build /home/autoware/aichallenge2023-integration-final-main/build/autoware_sensing_msgs -- -j16 -l16
[1.049s] [  2%] Built target autoware_sensing_msgs__cpp
[1.074s] [ 12%] Built target autoware_sensing_msgs__rosidl_generator_c
[1.147s] [ 12%] Built target ament_cmake_python_symlink_autoware_sensing_msgs
[1.557s] [ 23%] Built target autoware_sensing_msgs__rosidl_typesupport_c
[1.574s] [ 33%] Built target autoware_sensing_msgs__rosidl_typesupport_fastrtps_c
[1.611s] [ 43%] Built target autoware_sensing_msgs__rosidl_typesupport_fastrtps_cpp
[1.618s] [ 53%] Built target autoware_sensing_msgs__rosidl_typesupport_introspection_cpp
[1.618s] [ 64%] Built target autoware_sensing_msgs__rosidl_typesupport_introspection_c
[1.678s] [ 74%] Built target autoware_sensing_msgs__rosidl_typesupport_cpp
[2.029s] [ 74%] Built target autoware_sensing_msgs
[2.396s] running egg_info
[2.398s] writing autoware_sensing_msgs.egg-info/PKG-INFO
[2.399s] writing dependency_links to autoware_sensing_msgs.egg-info/dependency_links.txt
[2.399s] writing top-level names to autoware_sensing_msgs.egg-info/top_level.txt
[2.404s] reading manifest file 'autoware_sensing_msgs.egg-info/SOURCES.txt'
[2.405s] writing manifest file 'autoware_sensing_msgs.egg-info/SOURCES.txt'
[2.433s] [ 76%] Built target autoware_sensing_msgs__py
[2.639s] [ 76%] Built target ament_cmake_python_build_autoware_sensing_msgs_egg
[2.834s] [ 84%] Built target autoware_sensing_msgs__rosidl_generator_py
[3.269s] [ 89%] Built target autoware_sensing_msgs__rosidl_typesupport_fastrtps_c__pyext
[3.270s] [ 94%] Built target autoware_sensing_msgs__rosidl_typesupport_introspection_c__pyext
[3.285s] [100%] Built target autoware_sensing_msgs__rosidl_typesupport_c__pyext
[3.422s] Invoked command in '/home/autoware/aichallenge2023-integration-final-main/build/autoware_sensing_msgs' returned '0': CMAKE_PREFIX_PATH=${CMAKE_PREFIX_PATH}:/home/autoware/aichallenge2023-integration-final-main/install/simulator_compatibility_test:/home/autoware/aichallenge2023-integration-final-main/install/ad_api_visualizers:/home/autoware/autoware/install/simulator_compatibility_test:/home/autoware/autoware/install/ad_api_visualizers:/opt/ros/humble /usr/bin/cmake --build /home/autoware/aichallenge2023-integration-final-main/build/autoware_sensing_msgs -- -j16 -l16
[7.164s] Invoking command in '/home/autoware/aichallenge2023-integration-final-main/build/autoware_sensing_msgs': CMAKE_PREFIX_PATH=${CMAKE_PREFIX_PATH}:/home/autoware/aichallenge2023-integration-final-main/install/simulator_compatibility_test:/home/autoware/aichallenge2023-integration-final-main/install/ad_api_visualizers:/home/autoware/autoware/install/simulator_compatibility_test:/home/autoware/autoware/install/ad_api_visualizers:/opt/ros/humble /usr/bin/cmake --install /home/autoware/aichallenge2023-integration-final-main/build/autoware_sensing_msgs
[7.280s] -- Install configuration: "Release"
[7.281s] -- Execute custom install script
[7.282s] -- Up-to-date symlink: /home/autoware/aichallenge2023-integration-final-main/install/autoware_sensing_msgs/share/ament_index/resource_index/rosidl_interfaces/autoware_sensing_msgs
[7.282s] -- Up-to-date symlink: /home/autoware/aichallenge2023-integration-final-main/install/autoware_sensing_msgs/include/autoware_sensing_msgs/autoware_sensing_msgs/msg/detail/gnss_ins_orientation__functions.h
[7.283s] -- Up-to-date symlink: /home/autoware/aichallenge2023-integration-final-main/install/autoware_sensing_msgs/include/autoware_sensing_msgs/autoware_sensing_msgs/msg/detail/gnss_ins_orientation__struct.h
[7.283s] -- Up-to-date symlink: /home/autoware/aichallenge2023-integration-final-main/install/autoware_sensing_msgs/include/autoware_sensing_msgs/autoware_sensing_msgs/msg/detail/gnss_ins_orientation__type_support.h
[7.283s] -- Up-to-date symlink: /home/autoware/aichallenge2023-integration-final-main/install/autoware_sensing_msgs/include/autoware_sensing_msgs/autoware_sensing_msgs/msg/detail/gnss_ins_orientation_stamped__functions.h
[7.283s] -- Up-to-date symlink: /home/autoware/aichallenge2023-integration-final-main/install/autoware_sensing_msgs/include/autoware_sensing_msgs/autoware_sensing_msgs/msg/detail/gnss_ins_orientation_stamped__struct.h
[7.283s] -- Up-to-date symlink: /home/autoware/aichallenge2023-integration-final-main/install/autoware_sensing_msgs/include/autoware_sensing_msgs/autoware_sensing_msgs/msg/detail/gnss_ins_orientation_stamped__type_support.h
[7.284s] -- Up-to-date symlink: /home/autoware/aichallenge2023-integration-final-main/install/autoware_sensing_msgs/include/autoware_sensing_msgs/autoware_sensing_msgs/msg/gnss_ins_orientation.h
[7.284s] -- Up-to-date symlink: /home/autoware/aichallenge2023-integration-final-main/install/autoware_sensing_msgs/include/autoware_sensing_msgs/autoware_sensing_msgs/msg/gnss_ins_orientation_stamped.h
[7.284s] -- Up-to-date symlink: /home/autoware/aichallenge2023-integration-final-main/install/autoware_sensing_msgs/include/autoware_sensing_msgs/autoware_sensing_msgs/msg/rosidl_generator_c__visibility_control.h
[7.285s] -- Up-to-date symlink: /home/autoware/aichallenge2023-integration-final-main/install/autoware_sensing_msgs/share/autoware_sensing_msgs/environment/library_path.sh
[7.285s] -- Up-to-date symlink: /home/autoware/aichallenge2023-integration-final-main/install/autoware_sensing_msgs/share/autoware_sensing_msgs/environment/library_path.dsv
[7.287s] -- Up-to-date symlink: /home/autoware/aichallenge2023-integration-final-main/install/autoware_sensing_msgs/include/autoware_sensing_msgs/autoware_sensing_msgs/msg/detail/gnss_ins_orientation__rosidl_typesupport_fastrtps_c.h
[7.287s] -- Up-to-date symlink: /home/autoware/aichallenge2023-integration-final-main/install/autoware_sensing_msgs/include/autoware_sensing_msgs/autoware_sensing_msgs/msg/detail/gnss_ins_orientation_stamped__rosidl_typesupport_fastrtps_c.h
[7.288s] -- Up-to-date symlink: /home/autoware/aichallenge2023-integration-final-main/install/autoware_sensing_msgs/include/autoware_sensing_msgs/autoware_sensing_msgs/msg/rosidl_typesupport_fastrtps_c__visibility_control.h
[7.289s] -- Up-to-date symlink: /home/autoware/aichallenge2023-integration-final-main/install/autoware_sensing_msgs/include/autoware_sensing_msgs/autoware_sensing_msgs/msg/detail/gnss_ins_orientation__builder.hpp
[7.289s] -- Up-to-date symlink: /home/autoware/aichallenge2023-integration-final-main/install/autoware_sensing_msgs/include/autoware_sensing_msgs/autoware_sensing_msgs/msg/detail/gnss_ins_orientation__struct.hpp
[7.290s] -- Up-to-date symlink: /home/autoware/aichallenge2023-integration-final-main/install/autoware_sensing_msgs/include/autoware_sensing_msgs/autoware_sensing_msgs/msg/detail/gnss_ins_orientation__traits.hpp
[7.291s] -- Up-to-date symlink: /home/autoware/aichallenge2023-integration-final-main/install/autoware_sensing_msgs/include/autoware_sensing_msgs/autoware_sensing_msgs/msg/detail/gnss_ins_orientation_stamped__builder.hpp
[7.291s] -- Up-to-date symlink: /home/autoware/aichallenge2023-integration-final-main/install/autoware_sensing_msgs/include/autoware_sensing_msgs/autoware_sensing_msgs/msg/detail/gnss_ins_orientation_stamped__struct.hpp
[7.291s] -- Up-to-date symlink: /home/autoware/aichallenge2023-integration-final-main/install/autoware_sensing_msgs/include/autoware_sensing_msgs/autoware_sensing_msgs/msg/detail/gnss_ins_orientation_stamped__traits.hpp
[7.292s] -- Up-to-date symlink: /home/autoware/aichallenge2023-integration-final-main/install/autoware_sensing_msgs/include/autoware_sensing_msgs/autoware_sensing_msgs/msg/gnss_ins_orientation.hpp
[7.293s] -- Up-to-date symlink: /home/autoware/aichallenge2023-integration-final-main/install/autoware_sensing_msgs/include/autoware_sensing_msgs/autoware_sensing_msgs/msg/gnss_ins_orientation_stamped.hpp
[7.294s] -- Up-to-date symlink: /home/autoware/aichallenge2023-integration-final-main/install/autoware_sensing_msgs/include/autoware_sensing_msgs/autoware_sensing_msgs/msg/detail/gnss_ins_orientation__rosidl_typesupport_fastrtps_cpp.hpp
[7.294s] -- Up-to-date symlink: /home/autoware/aichallenge2023-integration-final-main/install/autoware_sensing_msgs/include/autoware_sensing_msgs/autoware_sensing_msgs/msg/detail/gnss_ins_orientation_stamped__rosidl_typesupport_fastrtps_cpp.hpp
[7.295s] -- Up-to-date symlink: /home/autoware/aichallenge2023-integration-final-main/install/autoware_sensing_msgs/include/autoware_sensing_msgs/autoware_sensing_msgs/msg/rosidl_typesupport_fastrtps_cpp__visibility_control.h
[7.296s] -- Up-to-date symlink: /home/autoware/aichallenge2023-integration-final-main/install/autoware_sensing_msgs/include/autoware_sensing_msgs/autoware_sensing_msgs/msg/detail/gnss_ins_orientation__rosidl_typesupport_introspection_c.h
[7.296s] -- Up-to-date symlink: /home/autoware/aichallenge2023-integration-final-main/install/autoware_sensing_msgs/include/autoware_sensing_msgs/autoware_sensing_msgs/msg/detail/gnss_ins_orientation_stamped__rosidl_typesupport_introspection_c.h
[7.297s] -- Up-to-date symlink: /home/autoware/aichallenge2023-integration-final-main/install/autoware_sensing_msgs/include/autoware_sensing_msgs/autoware_sensing_msgs/msg/rosidl_typesupport_introspection_c__visibility_control.h
[7.298s] -- Up-to-date symlink: /home/autoware/aichallenge2023-integration-final-main/install/autoware_sensing_msgs/include/autoware_sensing_msgs/autoware_sensing_msgs/msg/detail/gnss_ins_orientation__rosidl_typesupport_introspection_cpp.hpp
[7.298s] -- Up-to-date symlink: /home/autoware/aichallenge2023-integration-final-main/install/autoware_sensing_msgs/include/autoware_sensing_msgs/autoware_sensing_msgs/msg/detail/gnss_ins_orientation_stamped__rosidl_typesupport_introspection_cpp.hpp
[7.299s] -- Up-to-date symlink: /home/autoware/aichallenge2023-integration-final-main/install/autoware_sensing_msgs/share/autoware_sensing_msgs/environment/pythonpath.sh
[7.299s] -- Up-to-date symlink: /home/autoware/aichallenge2023-integration-final-main/install/autoware_sensing_msgs/share/autoware_sensing_msgs/environment/pythonpath.dsv
[7.300s] -- Up-to-date symlink: /home/autoware/aichallenge2023-integration-final-main/install/autoware_sensing_msgs/local/lib/python3.10/dist-packages/autoware_sensing_msgs-1.0.0-py3.10.egg-info/PKG-INFO
[7.301s] -- Up-to-date symlink: /home/autoware/aichallenge2023-integration-final-main/install/autoware_sensing_msgs/local/lib/python3.10/dist-packages/autoware_sensing_msgs-1.0.0-py3.10.egg-info/SOURCES.txt
[7.301s] -- Up-to-date symlink: /home/autoware/aichallenge2023-integration-final-main/install/autoware_sensing_msgs/local/lib/python3.10/dist-packages/autoware_sensing_msgs-1.0.0-py3.10.egg-info/dependency_links.txt
[7.302s] -- Up-to-date symlink: /home/autoware/aichallenge2023-integration-final-main/install/autoware_sensing_msgs/local/lib/python3.10/dist-packages/autoware_sensing_msgs-1.0.0-py3.10.egg-info/top_level.txt
[7.303s] -- Up-to-date symlink: /home/autoware/aichallenge2023-integration-final-main/install/autoware_sensing_msgs/local/lib/python3.10/dist-packages/autoware_sensing_msgs/__init__.py
[7.328s] -- Up-to-date symlink: /home/autoware/aichallenge2023-integration-final-main/install/autoware_sensing_msgs/local/lib/python3.10/dist-packages/autoware_sensing_msgs/_autoware_sensing_msgs_s.ep.rosidl_typesupport_c.c
[7.328s] -- Up-to-date symlink: /home/autoware/aichallenge2023-integration-final-main/install/autoware_sensing_msgs/local/lib/python3.10/dist-packages/autoware_sensing_msgs/_autoware_sensing_msgs_s.ep.rosidl_typesupport_fastrtps_c.c
[7.328s] -- Up-to-date symlink: /home/autoware/aichallenge2023-integration-final-main/install/autoware_sensing_msgs/local/lib/python3.10/dist-packages/autoware_sensing_msgs/_autoware_sensing_msgs_s.ep.rosidl_typesupport_introspection_c.c
[7.328s] -- Up-to-date symlink: /home/autoware/aichallenge2023-integration-final-main/install/autoware_sensing_msgs/local/lib/python3.10/dist-packages/autoware_sensing_msgs/autoware_sensing_msgs_s__rosidl_typesupport_c.cpython-310-x86_64-linux-gnu.so
[7.329s] -- Up-to-date symlink: /home/autoware/aichallenge2023-integration-final-main/install/autoware_sensing_msgs/local/lib/python3.10/dist-packages/autoware_sensing_msgs/autoware_sensing_msgs_s__rosidl_typesupport_fastrtps_c.cpython-310-x86_64-linux-gnu.so
[7.329s] -- Up-to-date symlink: /home/autoware/aichallenge2023-integration-final-main/install/autoware_sensing_msgs/local/lib/python3.10/dist-packages/autoware_sensing_msgs/autoware_sensing_msgs_s__rosidl_typesupport_introspection_c.cpython-310-x86_64-linux-gnu.so
[7.329s] -- Up-to-date symlink: /home/autoware/aichallenge2023-integration-final-main/install/autoware_sensing_msgs/local/lib/python3.10/dist-packages/autoware_sensing_msgs/libautoware_sensing_msgs__rosidl_generator_py.so
[7.329s] -- Up-to-date symlink: /home/autoware/aichallenge2023-integration-final-main/install/autoware_sensing_msgs/local/lib/python3.10/dist-packages/autoware_sensing_msgs/msg/__init__.py
[7.329s] -- Up-to-date symlink: /home/autoware/aichallenge2023-integration-final-main/install/autoware_sensing_msgs/local/lib/python3.10/dist-packages/autoware_sensing_msgs/msg/_gnss_ins_orientation.py
[7.329s] -- Up-to-date symlink: /home/autoware/aichallenge2023-integration-final-main/install/autoware_sensing_msgs/local/lib/python3.10/dist-packages/autoware_sensing_msgs/msg/_gnss_ins_orientation_s.c
[7.329s] -- Up-to-date symlink: /home/autoware/aichallenge2023-integration-final-main/install/autoware_sensing_msgs/local/lib/python3.10/dist-packages/autoware_sensing_msgs/msg/_gnss_ins_orientation_stamped.py
[7.329s] -- Up-to-date symlink: /home/autoware/aichallenge2023-integration-final-main/install/autoware_sensing_msgs/local/lib/python3.10/dist-packages/autoware_sensing_msgs/msg/_gnss_ins_orientation_stamped_s.c
[7.330s] -- Up-to-date symlink: /home/autoware/aichallenge2023-integration-final-main/install/autoware_sensing_msgs/local/lib/python3.10/dist-packages/autoware_sensing_msgs/autoware_sensing_msgs_s__rosidl_typesupport_fastrtps_c.cpython-310-x86_64-linux-gnu.so
[7.330s] -- Up-to-date symlink: /home/autoware/aichallenge2023-integration-final-main/install/autoware_sensing_msgs/local/lib/python3.10/dist-packages/autoware_sensing_msgs/autoware_sensing_msgs_s__rosidl_typesupport_introspection_c.cpython-310-x86_64-linux-gnu.so
[7.330s] -- Up-to-date symlink: /home/autoware/aichallenge2023-integration-final-main/install/autoware_sensing_msgs/local/lib/python3.10/dist-packages/autoware_sensing_msgs/autoware_sensing_msgs_s__rosidl_typesupport_c.cpython-310-x86_64-linux-gnu.so
[7.330s] -- Up-to-date symlink: /home/autoware/aichallenge2023-integration-final-main/install/autoware_sensing_msgs/share/autoware_sensing_msgs/msg/GnssInsOrientation.idl
[7.330s] -- Up-to-date symlink: /home/autoware/aichallenge2023-integration-final-main/install/autoware_sensing_msgs/share/autoware_sensing_msgs/msg/GnssInsOrientationStamped.idl
[7.330s] -- Up-to-date symlink: /home/autoware/aichallenge2023-integration-final-main/install/autoware_sensing_msgs/share/autoware_sensing_msgs/msg/GnssInsOrientation.msg
[7.331s] -- Up-to-date symlink: /home/autoware/aichallenge2023-integration-final-main/install/autoware_sensing_msgs/share/autoware_sensing_msgs/msg/GnssInsOrientationStamped.msg
[7.331s] -- Up-to-date symlink: /home/autoware/aichallenge2023-integration-final-main/install/autoware_sensing_msgs/share/ament_index/resource_index/package_run_dependencies/autoware_sensing_msgs
[7.331s] -- Up-to-date symlink: /home/autoware/aichallenge2023-integration-final-main/install/autoware_sensing_msgs/share/ament_index/resource_index/parent_prefix_path/autoware_sensing_msgs
[7.331s] -- Up-to-date symlink: /home/autoware/aichallenge2023-integration-final-main/install/autoware_sensing_msgs/share/autoware_sensing_msgs/environment/ament_prefix_path.sh
[7.331s] -- Up-to-date symlink: /home/autoware/aichallenge2023-integration-final-main/install/autoware_sensing_msgs/share/autoware_sensing_msgs/environment/ament_prefix_path.dsv
[7.332s] -- Up-to-date symlink: /home/autoware/aichallenge2023-integration-final-main/install/autoware_sensing_msgs/share/autoware_sensing_msgs/environment/path.sh
[7.332s] -- Up-to-date symlink: /home/autoware/aichallenge2023-integration-final-main/install/autoware_sensing_msgs/share/autoware_sensing_msgs/environment/path.dsv
[7.332s] -- Up-to-date symlink: /home/autoware/aichallenge2023-integration-final-main/install/autoware_sensing_msgs/share/autoware_sensing_msgs/local_setup.bash
[7.332s] -- Up-to-date symlink: /home/autoware/aichallenge2023-integration-final-main/install/autoware_sensing_msgs/share/autoware_sensing_msgs/local_setup.sh
[7.333s] -- Up-to-date symlink: /home/autoware/aichallenge2023-integration-final-main/install/autoware_sensing_msgs/share/autoware_sensing_msgs/local_setup.zsh
[7.333s] -- Up-to-date symlink: /home/autoware/aichallenge2023-integration-final-main/install/autoware_sensing_msgs/share/autoware_sensing_msgs/local_setup.dsv
[7.335s] -- Symlinking: /home/autoware/aichallenge2023-integration-final-main/install/autoware_sensing_msgs/share/autoware_sensing_msgs/package.dsv
[7.459s] -- Up-to-date symlink: /home/autoware/aichallenge2023-integration-final-main/install/autoware_sensing_msgs/share/ament_index/resource_index/packages/autoware_sensing_msgs
[7.459s] -- Up-to-date symlink: /home/autoware/aichallenge2023-integration-final-main/install/autoware_sensing_msgs/share/autoware_sensing_msgs/cmake/rosidl_cmake-extras.cmake
[7.459s] -- Up-to-date symlink: /home/autoware/aichallenge2023-integration-final-main/install/autoware_sensing_msgs/share/autoware_sensing_msgs/cmake/ament_cmake_export_dependencies-extras.cmake
[7.459s] -- Up-to-date symlink: /home/autoware/aichallenge2023-integration-final-main/install/autoware_sensing_msgs/share/autoware_sensing_msgs/cmake/ament_cmake_export_include_directories-extras.cmake
[7.463s] -- Up-to-date symlink: /home/autoware/aichallenge2023-integration-final-main/install/autoware_sensing_msgs/share/autoware_sensing_msgs/cmake/ament_cmake_export_libraries-extras.cmake
[7.464s] -- Up-to-date symlink: /home/autoware/aichallenge2023-integration-final-main/install/autoware_sensing_msgs/share/autoware_sensing_msgs/cmake/ament_cmake_export_targets-extras.cmake
[7.464s] -- Up-to-date symlink: /home/autoware/aichallenge2023-integration-final-main/install/autoware_sensing_msgs/share/autoware_sensing_msgs/cmake/rosidl_cmake_export_typesupport_targets-extras.cmake
[7.464s] -- Up-to-date symlink: /home/autoware/aichallenge2023-integration-final-main/install/autoware_sensing_msgs/share/autoware_sensing_msgs/cmake/rosidl_cmake_export_typesupport_libraries-extras.cmake
[7.464s] -- Up-to-date symlink: /home/autoware/aichallenge2023-integration-final-main/install/autoware_sensing_msgs/share/autoware_sensing_msgs/cmake/autoware_sensing_msgsConfig.cmake
[7.464s] -- Up-to-date symlink: /home/autoware/aichallenge2023-integration-final-main/install/autoware_sensing_msgs/share/autoware_sensing_msgs/cmake/autoware_sensing_msgsConfig-version.cmake
[7.464s] -- Up-to-date symlink: /home/autoware/aichallenge2023-integration-final-main/install/autoware_sensing_msgs/share/autoware_sensing_msgs/package.xml
[7.464s] -- Up-to-date: /home/autoware/aichallenge2023-integration-final-main/install/autoware_sensing_msgs/lib/libautoware_sensing_msgs__rosidl_generator_c.so
[7.464s] -- Up-to-date: /home/autoware/aichallenge2023-integration-final-main/install/autoware_sensing_msgs/lib/libautoware_sensing_msgs__rosidl_typesupport_fastrtps_c.so
[7.467s] -- Up-to-date: /home/autoware/aichallenge2023-integration-final-main/install/autoware_sensing_msgs/lib/libautoware_sensing_msgs__rosidl_typesupport_fastrtps_cpp.so
[7.467s] -- Up-to-date: /home/autoware/aichallenge2023-integration-final-main/install/autoware_sensing_msgs/lib/libautoware_sensing_msgs__rosidl_typesupport_introspection_c.so
[7.467s] -- Up-to-date: /home/autoware/aichallenge2023-integration-final-main/install/autoware_sensing_msgs/lib/libautoware_sensing_msgs__rosidl_typesupport_c.so
[7.467s] -- Up-to-date: /home/autoware/aichallenge2023-integration-final-main/install/autoware_sensing_msgs/lib/libautoware_sensing_msgs__rosidl_typesupport_introspection_cpp.so
[7.467s] -- Up-to-date: /home/autoware/aichallenge2023-integration-final-main/install/autoware_sensing_msgs/lib/libautoware_sensing_msgs__rosidl_typesupport_cpp.so
[7.678s] Listing '/home/autoware/aichallenge2023-integration-final-main/install/autoware_sensing_msgs/local/lib/python3.10/dist-packages/autoware_sensing_msgs'...
[7.678s] Listing '/home/autoware/aichallenge2023-integration-final-main/install/autoware_sensing_msgs/local/lib/python3.10/dist-packages/autoware_sensing_msgs/msg'...
[7.688s] -- Up-to-date: /home/autoware/aichallenge2023-integration-final-main/install/autoware_sensing_msgs/lib/libautoware_sensing_msgs__rosidl_generator_py.so
[7.688s] -- Up-to-date: /home/autoware/aichallenge2023-integration-final-main/install/autoware_sensing_msgs/share/autoware_sensing_msgs/cmake/export_autoware_sensing_msgs__rosidl_generator_cExport.cmake
[7.688s] -- Up-to-date: /home/autoware/aichallenge2023-integration-final-main/install/autoware_sensing_msgs/share/autoware_sensing_msgs/cmake/export_autoware_sensing_msgs__rosidl_generator_cExport-release.cmake
[7.688s] -- Up-to-date: /home/autoware/aichallenge2023-integration-final-main/install/autoware_sensing_msgs/share/autoware_sensing_msgs/cmake/export_autoware_sensing_msgs__rosidl_typesupport_fastrtps_cExport.cmake
[7.688s] -- Up-to-date: /home/autoware/aichallenge2023-integration-final-main/install/autoware_sensing_msgs/share/autoware_sensing_msgs/cmake/export_autoware_sensing_msgs__rosidl_typesupport_fastrtps_cExport-release.cmake
[7.688s] -- Up-to-date: /home/autoware/aichallenge2023-integration-final-main/install/autoware_sensing_msgs/share/autoware_sensing_msgs/cmake/export_autoware_sensing_msgs__rosidl_generator_cppExport.cmake
[7.689s] -- Up-to-date: /home/autoware/aichallenge2023-integration-final-main/install/autoware_sensing_msgs/share/autoware_sensing_msgs/cmake/export_autoware_sensing_msgs__rosidl_typesupport_fastrtps_cppExport.cmake
[7.689s] -- Up-to-date: /home/autoware/aichallenge2023-integration-final-main/install/autoware_sensing_msgs/share/autoware_sensing_msgs/cmake/export_autoware_sensing_msgs__rosidl_typesupport_fastrtps_cppExport-release.cmake
[7.689s] -- Up-to-date: /home/autoware/aichallenge2023-integration-final-main/install/autoware_sensing_msgs/share/autoware_sensing_msgs/cmake/autoware_sensing_msgs__rosidl_typesupport_introspection_cExport.cmake
[7.689s] -- Up-to-date: /home/autoware/aichallenge2023-integration-final-main/install/autoware_sensing_msgs/share/autoware_sensing_msgs/cmake/autoware_sensing_msgs__rosidl_typesupport_introspection_cExport-release.cmake
[7.689s] -- Up-to-date: /home/autoware/aichallenge2023-integration-final-main/install/autoware_sensing_msgs/share/autoware_sensing_msgs/cmake/autoware_sensing_msgs__rosidl_typesupport_cExport.cmake
[7.689s] -- Up-to-date: /home/autoware/aichallenge2023-integration-final-main/install/autoware_sensing_msgs/share/autoware_sensing_msgs/cmake/autoware_sensing_msgs__rosidl_typesupport_cExport-release.cmake
[7.689s] -- Up-to-date: /home/autoware/aichallenge2023-integration-final-main/install/autoware_sensing_msgs/share/autoware_sensing_msgs/cmake/autoware_sensing_msgs__rosidl_typesupport_introspection_cppExport.cmake
[7.689s] -- Up-to-date: /home/autoware/aichallenge2023-integration-final-main/install/autoware_sensing_msgs/share/autoware_sensing_msgs/cmake/autoware_sensing_msgs__rosidl_typesupport_introspection_cppExport-release.cmake
[7.689s] -- Up-to-date: /home/autoware/aichallenge2023-integration-final-main/install/autoware_sensing_msgs/share/autoware_sensing_msgs/cmake/autoware_sensing_msgs__rosidl_typesupport_cppExport.cmake
[7.690s] -- Up-to-date: /home/autoware/aichallenge2023-integration-final-main/install/autoware_sensing_msgs/share/autoware_sensing_msgs/cmake/autoware_sensing_msgs__rosidl_typesupport_cppExport-release.cmake
[7.690s] -- Up-to-date: /home/autoware/aichallenge2023-integration-final-main/install/autoware_sensing_msgs/share/autoware_sensing_msgs/cmake/export_autoware_sensing_msgs__rosidl_generator_pyExport.cmake
[7.690s] -- Up-to-date: /home/autoware/aichallenge2023-integration-final-main/install/autoware_sensing_msgs/share/autoware_sensing_msgs/cmake/export_autoware_sensing_msgs__rosidl_generator_pyExport-release.cmake
[7.733s] Invoked command in '/home/autoware/aichallenge2023-integration-final-main/build/autoware_sensing_msgs' returned '0': CMAKE_PREFIX_PATH=${CMAKE_PREFIX_PATH}:/home/autoware/aichallenge2023-integration-final-main/install/simulator_compatibility_test:/home/autoware/aichallenge2023-integration-final-main/install/ad_api_visualizers:/home/autoware/autoware/install/simulator_compatibility_test:/home/autoware/autoware/install/ad_api_visualizers:/opt/ros/humble /usr/bin/cmake --install /home/autoware/aichallenge2023-integration-final-main/build/autoware_sensing_msgs
