[0.113s] Invoking command in '/home/autoware/aichallenge2023-integration-final-main/build/autoware_perception_msgs': CMAKE_PREFIX_PATH=${CMAKE_PREFIX_PATH}:/home/autoware/aichallenge2023-integration-final-main/install/simulator_compatibility_test:/home/autoware/aichallenge2023-integration-final-main/install/ad_api_visualizers:/home/autoware/autoware/install/simulator_compatibility_test:/home/autoware/autoware/install/ad_api_visualizers:/opt/ros/humble /usr/bin/cmake --build /home/autoware/aichallenge2023-integration-final-main/build/autoware_perception_msgs -- -j16 -l16
[1.054s] [ 11%] Built target autoware_perception_msgs__rosidl_generator_c
[1.084s] [ 12%] Built target autoware_perception_msgs__cpp
[1.151s] [ 12%] Built target ament_cmake_python_symlink_autoware_perception_msgs
[1.580s] [ 23%] Built target autoware_perception_msgs__rosidl_typesupport_introspection_cpp
[1.599s] [ 34%] Built target autoware_perception_msgs__rosidl_typesupport_introspection_c
[1.650s] [ 46%] Built target autoware_perception_msgs__rosidl_typesupport_cpp
[1.696s] [ 57%] Built target autoware_perception_msgs__rosidl_typesupport_fastrtps_cpp
[1.715s] [ 68%] Built target autoware_perception_msgs__rosidl_typesupport_fastrtps_c
[1.743s] [ 79%] Built target autoware_perception_msgs__rosidl_typesupport_c
[2.224s] [ 79%] Built target autoware_perception_msgs
[2.448s] running egg_info
[2.450s] writing autoware_perception_msgs.egg-info/PKG-INFO
[2.451s] writing dependency_links to autoware_perception_msgs.egg-info/dependency_links.txt
[2.452s] writing top-level names to autoware_perception_msgs.egg-info/top_level.txt
[2.457s] reading manifest file 'autoware_perception_msgs.egg-info/SOURCES.txt'
[2.459s] writing manifest file 'autoware_perception_msgs.egg-info/SOURCES.txt'
[2.758s] [ 80%] Built target autoware_perception_msgs__py
[2.771s] [ 80%] Built target ament_cmake_python_build_autoware_perception_msgs_egg
[3.173s] [ 90%] Built target autoware_perception_msgs__rosidl_generator_py
[3.567s] [ 93%] Built target autoware_perception_msgs__rosidl_typesupport_fastrtps_c__pyext
[3.635s] [ 96%] Built target autoware_perception_msgs__rosidl_typesupport_introspection_c__pyext
[3.780s] [100%] Built target autoware_perception_msgs__rosidl_typesupport_c__pyext
[3.906s] Invoked command in '/home/autoware/aichallenge2023-integration-final-main/build/autoware_perception_msgs' returned '0': CMAKE_PREFIX_PATH=${CMAKE_PREFIX_PATH}:/home/autoware/aichallenge2023-integration-final-main/install/simulator_compatibility_test:/home/autoware/aichallenge2023-integration-final-main/install/ad_api_visualizers:/home/autoware/autoware/install/simulator_compatibility_test:/home/autoware/autoware/install/ad_api_visualizers:/opt/ros/humble /usr/bin/cmake --build /home/autoware/aichallenge2023-integration-final-main/build/autoware_perception_msgs -- -j16 -l16
[10.016s] Invoking command in '/home/autoware/aichallenge2023-integration-final-main/build/autoware_perception_msgs': CMAKE_PREFIX_PATH=${CMAKE_PREFIX_PATH}:/home/autoware/aichallenge2023-integration-final-main/install/simulator_compatibility_test:/home/autoware/aichallenge2023-integration-final-main/install/ad_api_visualizers:/home/autoware/autoware/install/simulator_compatibility_test:/home/autoware/autoware/install/ad_api_visualizers:/opt/ros/humble /usr/bin/cmake --install /home/autoware/aichallenge2023-integration-final-main/build/autoware_perception_msgs
[10.169s] -- Install configuration: "Release"
[10.171s] -- Execute custom install script
[10.172s] -- Up-to-date symlink: /home/autoware/aichallenge2023-integration-final-main/install/autoware_perception_msgs/share/ament_index/resource_index/rosidl_interfaces/autoware_perception_msgs
[10.174s] -- Up-to-date symlink: /home/autoware/aichallenge2023-integration-final-main/install/autoware_perception_msgs/include/autoware_perception_msgs/autoware_perception_msgs/msg/detail/traffic_light__functions.h
[10.174s] -- Up-to-date symlink: /home/autoware/aichallenge2023-integration-final-main/install/autoware_perception_msgs/include/autoware_perception_msgs/autoware_perception_msgs/msg/detail/traffic_light__struct.h
[10.175s] -- Up-to-date symlink: /home/autoware/aichallenge2023-integration-final-main/install/autoware_perception_msgs/include/autoware_perception_msgs/autoware_perception_msgs/msg/detail/traffic_light__type_support.h
[10.175s] -- Up-to-date symlink: /home/autoware/aichallenge2023-integration-final-main/install/autoware_perception_msgs/include/autoware_perception_msgs/autoware_perception_msgs/msg/detail/traffic_light_array__functions.h
[10.176s] -- Up-to-date symlink: /home/autoware/aichallenge2023-integration-final-main/install/autoware_perception_msgs/include/autoware_perception_msgs/autoware_perception_msgs/msg/detail/traffic_light_array__struct.h
[10.176s] -- Up-to-date symlink: /home/autoware/aichallenge2023-integration-final-main/install/autoware_perception_msgs/include/autoware_perception_msgs/autoware_perception_msgs/msg/detail/traffic_light_array__type_support.h
[10.177s] -- Up-to-date symlink: /home/autoware/aichallenge2023-integration-final-main/install/autoware_perception_msgs/include/autoware_perception_msgs/autoware_perception_msgs/msg/detail/traffic_light_element__functions.h
[10.177s] -- Up-to-date symlink: /home/autoware/aichallenge2023-integration-final-main/install/autoware_perception_msgs/include/autoware_perception_msgs/autoware_perception_msgs/msg/detail/traffic_light_element__struct.h
[10.177s] -- Up-to-date symlink: /home/autoware/aichallenge2023-integration-final-main/install/autoware_perception_msgs/include/autoware_perception_msgs/autoware_perception_msgs/msg/detail/traffic_light_element__type_support.h
[10.178s] -- Up-to-date symlink: /home/autoware/aichallenge2023-integration-final-main/install/autoware_perception_msgs/include/autoware_perception_msgs/autoware_perception_msgs/msg/detail/traffic_signal__functions.h
[10.178s] -- Up-to-date symlink: /home/autoware/aichallenge2023-integration-final-main/install/autoware_perception_msgs/include/autoware_perception_msgs/autoware_perception_msgs/msg/detail/traffic_signal__struct.h
[10.179s] -- Up-to-date symlink: /home/autoware/aichallenge2023-integration-final-main/install/autoware_perception_msgs/include/autoware_perception_msgs/autoware_perception_msgs/msg/detail/traffic_signal__type_support.h
[10.179s] -- Up-to-date symlink: /home/autoware/aichallenge2023-integration-final-main/install/autoware_perception_msgs/include/autoware_perception_msgs/autoware_perception_msgs/msg/detail/traffic_signal_array__functions.h
[10.180s] -- Up-to-date symlink: /home/autoware/aichallenge2023-integration-final-main/install/autoware_perception_msgs/include/autoware_perception_msgs/autoware_perception_msgs/msg/detail/traffic_signal_array__struct.h
[10.180s] -- Up-to-date symlink: /home/autoware/aichallenge2023-integration-final-main/install/autoware_perception_msgs/include/autoware_perception_msgs/autoware_perception_msgs/msg/detail/traffic_signal_array__type_support.h
[10.181s] -- Up-to-date symlink: /home/autoware/aichallenge2023-integration-final-main/install/autoware_perception_msgs/include/autoware_perception_msgs/autoware_perception_msgs/msg/rosidl_generator_c__visibility_control.h
[10.181s] -- Up-to-date symlink: /home/autoware/aichallenge2023-integration-final-main/install/autoware_perception_msgs/include/autoware_perception_msgs/autoware_perception_msgs/msg/traffic_light.h
[10.181s] -- Up-to-date symlink: /home/autoware/aichallenge2023-integration-final-main/install/autoware_perception_msgs/include/autoware_perception_msgs/autoware_perception_msgs/msg/traffic_light_array.h
[10.182s] -- Up-to-date symlink: /home/autoware/aichallenge2023-integration-final-main/install/autoware_perception_msgs/include/autoware_perception_msgs/autoware_perception_msgs/msg/traffic_light_element.h
[10.182s] -- Up-to-date symlink: /home/autoware/aichallenge2023-integration-final-main/install/autoware_perception_msgs/include/autoware_perception_msgs/autoware_perception_msgs/msg/traffic_signal.h
[10.184s] -- Up-to-date symlink: /home/autoware/aichallenge2023-integration-final-main/install/autoware_perception_msgs/include/autoware_perception_msgs/autoware_perception_msgs/msg/traffic_signal_array.h
[10.185s] -- Up-to-date symlink: /home/autoware/aichallenge2023-integration-final-main/install/autoware_perception_msgs/share/autoware_perception_msgs/environment/library_path.sh
[10.186s] -- Up-to-date symlink: /home/autoware/aichallenge2023-integration-final-main/install/autoware_perception_msgs/share/autoware_perception_msgs/environment/library_path.dsv
[10.188s] -- Up-to-date symlink: /home/autoware/aichallenge2023-integration-final-main/install/autoware_perception_msgs/include/autoware_perception_msgs/autoware_perception_msgs/msg/detail/traffic_light__rosidl_typesupport_fastrtps_c.h
[10.191s] -- Up-to-date symlink: /home/autoware/aichallenge2023-integration-final-main/install/autoware_perception_msgs/include/autoware_perception_msgs/autoware_perception_msgs/msg/detail/traffic_light_array__rosidl_typesupport_fastrtps_c.h
[10.191s] -- Up-to-date symlink: /home/autoware/aichallenge2023-integration-final-main/install/autoware_perception_msgs/include/autoware_perception_msgs/autoware_perception_msgs/msg/detail/traffic_light_element__rosidl_typesupport_fastrtps_c.h
[10.191s] -- Up-to-date symlink: /home/autoware/aichallenge2023-integration-final-main/install/autoware_perception_msgs/include/autoware_perception_msgs/autoware_perception_msgs/msg/detail/traffic_signal__rosidl_typesupport_fastrtps_c.h
[10.192s] -- Up-to-date symlink: /home/autoware/aichallenge2023-integration-final-main/install/autoware_perception_msgs/include/autoware_perception_msgs/autoware_perception_msgs/msg/detail/traffic_signal_array__rosidl_typesupport_fastrtps_c.h
[10.192s] -- Up-to-date symlink: /home/autoware/aichallenge2023-integration-final-main/install/autoware_perception_msgs/include/autoware_perception_msgs/autoware_perception_msgs/msg/rosidl_typesupport_fastrtps_c__visibility_control.h
[10.192s] -- Up-to-date symlink: /home/autoware/aichallenge2023-integration-final-main/install/autoware_perception_msgs/include/autoware_perception_msgs/autoware_perception_msgs/msg/detail/traffic_light__builder.hpp
[10.192s] -- Up-to-date symlink: /home/autoware/aichallenge2023-integration-final-main/install/autoware_perception_msgs/include/autoware_perception_msgs/autoware_perception_msgs/msg/detail/traffic_light__struct.hpp
[10.192s] -- Up-to-date symlink: /home/autoware/aichallenge2023-integration-final-main/install/autoware_perception_msgs/include/autoware_perception_msgs/autoware_perception_msgs/msg/detail/traffic_light__traits.hpp
[10.193s] -- Up-to-date symlink: /home/autoware/aichallenge2023-integration-final-main/install/autoware_perception_msgs/include/autoware_perception_msgs/autoware_perception_msgs/msg/detail/traffic_light_array__builder.hpp
[10.193s] -- Up-to-date symlink: /home/autoware/aichallenge2023-integration-final-main/install/autoware_perception_msgs/include/autoware_perception_msgs/autoware_perception_msgs/msg/detail/traffic_light_array__struct.hpp
[10.193s] -- Up-to-date symlink: /home/autoware/aichallenge2023-integration-final-main/install/autoware_perception_msgs/include/autoware_perception_msgs/autoware_perception_msgs/msg/detail/traffic_light_array__traits.hpp
[10.193s] -- Up-to-date symlink: /home/autoware/aichallenge2023-integration-final-main/install/autoware_perception_msgs/include/autoware_perception_msgs/autoware_perception_msgs/msg/detail/traffic_light_element__builder.hpp
[10.193s] -- Up-to-date symlink: /home/autoware/aichallenge2023-integration-final-main/install/autoware_perception_msgs/include/autoware_perception_msgs/autoware_perception_msgs/msg/detail/traffic_light_element__struct.hpp
[10.193s] -- Up-to-date symlink: /home/autoware/aichallenge2023-integration-final-main/install/autoware_perception_msgs/include/autoware_perception_msgs/autoware_perception_msgs/msg/detail/traffic_light_element__traits.hpp
[10.193s] -- Up-to-date symlink: /home/autoware/aichallenge2023-integration-final-main/install/autoware_perception_msgs/include/autoware_perception_msgs/autoware_perception_msgs/msg/detail/traffic_signal__builder.hpp
[10.194s] -- Up-to-date symlink: /home/autoware/aichallenge2023-integration-final-main/install/autoware_perception_msgs/include/autoware_perception_msgs/autoware_perception_msgs/msg/detail/traffic_signal__struct.hpp
[10.194s] -- Up-to-date symlink: /home/autoware/aichallenge2023-integration-final-main/install/autoware_perception_msgs/include/autoware_perception_msgs/autoware_perception_msgs/msg/detail/traffic_signal__traits.hpp
[10.194s] -- Up-to-date symlink: /home/autoware/aichallenge2023-integration-final-main/install/autoware_perception_msgs/include/autoware_perception_msgs/autoware_perception_msgs/msg/detail/traffic_signal_array__builder.hpp
[10.194s] -- Up-to-date symlink: /home/autoware/aichallenge2023-integration-final-main/install/autoware_perception_msgs/include/autoware_perception_msgs/autoware_perception_msgs/msg/detail/traffic_signal_array__struct.hpp
[10.194s] -- Up-to-date symlink: /home/autoware/aichallenge2023-integration-final-main/install/autoware_perception_msgs/include/autoware_perception_msgs/autoware_perception_msgs/msg/detail/traffic_signal_array__traits.hpp
[10.194s] -- Up-to-date symlink: /home/autoware/aichallenge2023-integration-final-main/install/autoware_perception_msgs/include/autoware_perception_msgs/autoware_perception_msgs/msg/traffic_light.hpp
[10.194s] -- Up-to-date symlink: /home/autoware/aichallenge2023-integration-final-main/install/autoware_perception_msgs/include/autoware_perception_msgs/autoware_perception_msgs/msg/traffic_light_array.hpp
[10.194s] -- Up-to-date symlink: /home/autoware/aichallenge2023-integration-final-main/install/autoware_perception_msgs/include/autoware_perception_msgs/autoware_perception_msgs/msg/traffic_light_element.hpp
[10.195s] -- Up-to-date symlink: /home/autoware/aichallenge2023-integration-final-main/install/autoware_perception_msgs/include/autoware_perception_msgs/autoware_perception_msgs/msg/traffic_signal.hpp
[10.195s] -- Up-to-date symlink: /home/autoware/aichallenge2023-integration-final-main/install/autoware_perception_msgs/include/autoware_perception_msgs/autoware_perception_msgs/msg/traffic_signal_array.hpp
[10.195s] -- Up-to-date symlink: /home/autoware/aichallenge2023-integration-final-main/install/autoware_perception_msgs/include/autoware_perception_msgs/autoware_perception_msgs/msg/detail/traffic_light__rosidl_typesupport_fastrtps_cpp.hpp
[10.195s] -- Up-to-date symlink: /home/autoware/aichallenge2023-integration-final-main/install/autoware_perception_msgs/include/autoware_perception_msgs/autoware_perception_msgs/msg/detail/traffic_light_array__rosidl_typesupport_fastrtps_cpp.hpp
[10.196s] -- Up-to-date symlink: /home/autoware/aichallenge2023-integration-final-main/install/autoware_perception_msgs/include/autoware_perception_msgs/autoware_perception_msgs/msg/detail/traffic_light_element__rosidl_typesupport_fastrtps_cpp.hpp
[10.196s] -- Up-to-date symlink: /home/autoware/aichallenge2023-integration-final-main/install/autoware_perception_msgs/include/autoware_perception_msgs/autoware_perception_msgs/msg/detail/traffic_signal__rosidl_typesupport_fastrtps_cpp.hpp
[10.196s] -- Up-to-date symlink: /home/autoware/aichallenge2023-integration-final-main/install/autoware_perception_msgs/include/autoware_perception_msgs/autoware_perception_msgs/msg/detail/traffic_signal_array__rosidl_typesupport_fastrtps_cpp.hpp
[10.196s] -- Up-to-date symlink: /home/autoware/aichallenge2023-integration-final-main/install/autoware_perception_msgs/include/autoware_perception_msgs/autoware_perception_msgs/msg/rosidl_typesupport_fastrtps_cpp__visibility_control.h
[10.197s] -- Up-to-date symlink: /home/autoware/aichallenge2023-integration-final-main/install/autoware_perception_msgs/include/autoware_perception_msgs/autoware_perception_msgs/msg/detail/traffic_light__rosidl_typesupport_introspection_c.h
[10.197s] -- Up-to-date symlink: /home/autoware/aichallenge2023-integration-final-main/install/autoware_perception_msgs/include/autoware_perception_msgs/autoware_perception_msgs/msg/detail/traffic_light_array__rosidl_typesupport_introspection_c.h
[10.197s] -- Up-to-date symlink: /home/autoware/aichallenge2023-integration-final-main/install/autoware_perception_msgs/include/autoware_perception_msgs/autoware_perception_msgs/msg/detail/traffic_light_element__rosidl_typesupport_introspection_c.h
[10.198s] -- Up-to-date symlink: /home/autoware/aichallenge2023-integration-final-main/install/autoware_perception_msgs/include/autoware_perception_msgs/autoware_perception_msgs/msg/detail/traffic_signal__rosidl_typesupport_introspection_c.h
[10.198s] -- Up-to-date symlink: /home/autoware/aichallenge2023-integration-final-main/install/autoware_perception_msgs/include/autoware_perception_msgs/autoware_perception_msgs/msg/detail/traffic_signal_array__rosidl_typesupport_introspection_c.h
[10.198s] -- Up-to-date symlink: /home/autoware/aichallenge2023-integration-final-main/install/autoware_perception_msgs/include/autoware_perception_msgs/autoware_perception_msgs/msg/rosidl_typesupport_introspection_c__visibility_control.h
[10.208s] -- Up-to-date symlink: /home/autoware/aichallenge2023-integration-final-main/install/autoware_perception_msgs/include/autoware_perception_msgs/autoware_perception_msgs/msg/detail/traffic_light__rosidl_typesupport_introspection_cpp.hpp
[10.208s] -- Up-to-date symlink: /home/autoware/aichallenge2023-integration-final-main/install/autoware_perception_msgs/include/autoware_perception_msgs/autoware_perception_msgs/msg/detail/traffic_light_array__rosidl_typesupport_introspection_cpp.hpp
[10.208s] -- Up-to-date symlink: /home/autoware/aichallenge2023-integration-final-main/install/autoware_perception_msgs/include/autoware_perception_msgs/autoware_perception_msgs/msg/detail/traffic_light_element__rosidl_typesupport_introspection_cpp.hpp
[10.209s] -- Up-to-date symlink: /home/autoware/aichallenge2023-integration-final-main/install/autoware_perception_msgs/include/autoware_perception_msgs/autoware_perception_msgs/msg/detail/traffic_signal__rosidl_typesupport_introspection_cpp.hpp
[10.209s] -- Up-to-date symlink: /home/autoware/aichallenge2023-integration-final-main/install/autoware_perception_msgs/include/autoware_perception_msgs/autoware_perception_msgs/msg/detail/traffic_signal_array__rosidl_typesupport_introspection_cpp.hpp
[10.210s] -- Up-to-date symlink: /home/autoware/aichallenge2023-integration-final-main/install/autoware_perception_msgs/share/autoware_perception_msgs/environment/pythonpath.sh
[10.210s] -- Up-to-date symlink: /home/autoware/aichallenge2023-integration-final-main/install/autoware_perception_msgs/share/autoware_perception_msgs/environment/pythonpath.dsv
[10.210s] -- Up-to-date symlink: /home/autoware/aichallenge2023-integration-final-main/install/autoware_perception_msgs/local/lib/python3.10/dist-packages/autoware_perception_msgs-1.0.0-py3.10.egg-info/PKG-INFO
[10.210s] -- Up-to-date symlink: /home/autoware/aichallenge2023-integration-final-main/install/autoware_perception_msgs/local/lib/python3.10/dist-packages/autoware_perception_msgs-1.0.0-py3.10.egg-info/SOURCES.txt
[10.211s] -- Up-to-date symlink: /home/autoware/aichallenge2023-integration-final-main/install/autoware_perception_msgs/local/lib/python3.10/dist-packages/autoware_perception_msgs-1.0.0-py3.10.egg-info/dependency_links.txt
[10.211s] -- Up-to-date symlink: /home/autoware/aichallenge2023-integration-final-main/install/autoware_perception_msgs/local/lib/python3.10/dist-packages/autoware_perception_msgs-1.0.0-py3.10.egg-info/top_level.txt
[10.212s] -- Up-to-date symlink: /home/autoware/aichallenge2023-integration-final-main/install/autoware_perception_msgs/local/lib/python3.10/dist-packages/autoware_perception_msgs/__init__.py
[10.212s] -- Up-to-date symlink: /home/autoware/aichallenge2023-integration-final-main/install/autoware_perception_msgs/local/lib/python3.10/dist-packages/autoware_perception_msgs/_autoware_perception_msgs_s.ep.rosidl_typesupport_c.c
[10.212s] -- Up-to-date symlink: /home/autoware/aichallenge2023-integration-final-main/install/autoware_perception_msgs/local/lib/python3.10/dist-packages/autoware_perception_msgs/_autoware_perception_msgs_s.ep.rosidl_typesupport_fastrtps_c.c
[10.212s] -- Up-to-date symlink: /home/autoware/aichallenge2023-integration-final-main/install/autoware_perception_msgs/local/lib/python3.10/dist-packages/autoware_perception_msgs/_autoware_perception_msgs_s.ep.rosidl_typesupport_introspection_c.c
[10.213s] -- Up-to-date symlink: /home/autoware/aichallenge2023-integration-final-main/install/autoware_perception_msgs/local/lib/python3.10/dist-packages/autoware_perception_msgs/autoware_perception_msgs_s__rosidl_typesupport_c.cpython-310-x86_64-linux-gnu.so
[10.213s] -- Up-to-date symlink: /home/autoware/aichallenge2023-integration-final-main/install/autoware_perception_msgs/local/lib/python3.10/dist-packages/autoware_perception_msgs/autoware_perception_msgs_s__rosidl_typesupport_fastrtps_c.cpython-310-x86_64-linux-gnu.so
[10.213s] -- Up-to-date symlink: /home/autoware/aichallenge2023-integration-final-main/install/autoware_perception_msgs/local/lib/python3.10/dist-packages/autoware_perception_msgs/autoware_perception_msgs_s__rosidl_typesupport_introspection_c.cpython-310-x86_64-linux-gnu.so
[10.213s] -- Up-to-date symlink: /home/autoware/aichallenge2023-integration-final-main/install/autoware_perception_msgs/local/lib/python3.10/dist-packages/autoware_perception_msgs/libautoware_perception_msgs__rosidl_generator_py.so
[10.213s] -- Up-to-date symlink: /home/autoware/aichallenge2023-integration-final-main/install/autoware_perception_msgs/local/lib/python3.10/dist-packages/autoware_perception_msgs/msg/__init__.py
[10.214s] -- Up-to-date symlink: /home/autoware/aichallenge2023-integration-final-main/install/autoware_perception_msgs/local/lib/python3.10/dist-packages/autoware_perception_msgs/msg/_traffic_light.py
[10.214s] -- Up-to-date symlink: /home/autoware/aichallenge2023-integration-final-main/install/autoware_perception_msgs/local/lib/python3.10/dist-packages/autoware_perception_msgs/msg/_traffic_light_array.py
[10.214s] -- Up-to-date symlink: /home/autoware/aichallenge2023-integration-final-main/install/autoware_perception_msgs/local/lib/python3.10/dist-packages/autoware_perception_msgs/msg/_traffic_light_array_s.c
[10.214s] -- Up-to-date symlink: /home/autoware/aichallenge2023-integration-final-main/install/autoware_perception_msgs/local/lib/python3.10/dist-packages/autoware_perception_msgs/msg/_traffic_light_element.py
[10.214s] -- Up-to-date symlink: /home/autoware/aichallenge2023-integration-final-main/install/autoware_perception_msgs/local/lib/python3.10/dist-packages/autoware_perception_msgs/msg/_traffic_light_element_s.c
[10.215s] -- Up-to-date symlink: /home/autoware/aichallenge2023-integration-final-main/install/autoware_perception_msgs/local/lib/python3.10/dist-packages/autoware_perception_msgs/msg/_traffic_light_s.c
[10.215s] -- Up-to-date symlink: /home/autoware/aichallenge2023-integration-final-main/install/autoware_perception_msgs/local/lib/python3.10/dist-packages/autoware_perception_msgs/msg/_traffic_signal.py
[10.215s] -- Up-to-date symlink: /home/autoware/aichallenge2023-integration-final-main/install/autoware_perception_msgs/local/lib/python3.10/dist-packages/autoware_perception_msgs/msg/_traffic_signal_array.py
[10.215s] -- Up-to-date symlink: /home/autoware/aichallenge2023-integration-final-main/install/autoware_perception_msgs/local/lib/python3.10/dist-packages/autoware_perception_msgs/msg/_traffic_signal_array_s.c
[10.215s] -- Up-to-date symlink: /home/autoware/aichallenge2023-integration-final-main/install/autoware_perception_msgs/local/lib/python3.10/dist-packages/autoware_perception_msgs/msg/_traffic_signal_s.c
[10.216s] -- Up-to-date symlink: /home/autoware/aichallenge2023-integration-final-main/install/autoware_perception_msgs/local/lib/python3.10/dist-packages/autoware_perception_msgs/autoware_perception_msgs_s__rosidl_typesupport_fastrtps_c.cpython-310-x86_64-linux-gnu.so
[10.216s] -- Up-to-date symlink: /home/autoware/aichallenge2023-integration-final-main/install/autoware_perception_msgs/local/lib/python3.10/dist-packages/autoware_perception_msgs/autoware_perception_msgs_s__rosidl_typesupport_introspection_c.cpython-310-x86_64-linux-gnu.so
[10.217s] -- Up-to-date symlink: /home/autoware/aichallenge2023-integration-final-main/install/autoware_perception_msgs/local/lib/python3.10/dist-packages/autoware_perception_msgs/autoware_perception_msgs_s__rosidl_typesupport_c.cpython-310-x86_64-linux-gnu.so
[10.217s] -- Up-to-date symlink: /home/autoware/aichallenge2023-integration-final-main/install/autoware_perception_msgs/share/autoware_perception_msgs/msg/TrafficLight.idl
[10.217s] -- Up-to-date symlink: /home/autoware/aichallenge2023-integration-final-main/install/autoware_perception_msgs/share/autoware_perception_msgs/msg/TrafficLightArray.idl
[10.218s] -- Up-to-date symlink: /home/autoware/aichallenge2023-integration-final-main/install/autoware_perception_msgs/share/autoware_perception_msgs/msg/TrafficLightElement.idl
[10.218s] -- Up-to-date symlink: /home/autoware/aichallenge2023-integration-final-main/install/autoware_perception_msgs/share/autoware_perception_msgs/msg/TrafficSignal.idl
[10.219s] -- Up-to-date symlink: /home/autoware/aichallenge2023-integration-final-main/install/autoware_perception_msgs/share/autoware_perception_msgs/msg/TrafficSignalArray.idl
[10.219s] -- Up-to-date symlink: /home/autoware/aichallenge2023-integration-final-main/install/autoware_perception_msgs/share/autoware_perception_msgs/msg/TrafficLight.msg
[10.219s] -- Up-to-date symlink: /home/autoware/aichallenge2023-integration-final-main/install/autoware_perception_msgs/share/autoware_perception_msgs/msg/TrafficLightArray.msg
[10.219s] -- Up-to-date symlink: /home/autoware/aichallenge2023-integration-final-main/install/autoware_perception_msgs/share/autoware_perception_msgs/msg/TrafficLightElement.msg
[10.219s] -- Up-to-date symlink: /home/autoware/aichallenge2023-integration-final-main/install/autoware_perception_msgs/share/autoware_perception_msgs/msg/TrafficSignal.msg
[10.220s] -- Up-to-date symlink: /home/autoware/aichallenge2023-integration-final-main/install/autoware_perception_msgs/share/autoware_perception_msgs/msg/TrafficSignalArray.msg
[10.220s] -- Up-to-date symlink: /home/autoware/aichallenge2023-integration-final-main/install/autoware_perception_msgs/share/ament_index/resource_index/package_run_dependencies/autoware_perception_msgs
[10.221s] -- Up-to-date symlink: /home/autoware/aichallenge2023-integration-final-main/install/autoware_perception_msgs/share/ament_index/resource_index/parent_prefix_path/autoware_perception_msgs
[10.221s] -- Up-to-date symlink: /home/autoware/aichallenge2023-integration-final-main/install/autoware_perception_msgs/share/autoware_perception_msgs/environment/ament_prefix_path.sh
[10.221s] -- Up-to-date symlink: /home/autoware/aichallenge2023-integration-final-main/install/autoware_perception_msgs/share/autoware_perception_msgs/environment/ament_prefix_path.dsv
[10.221s] -- Up-to-date symlink: /home/autoware/aichallenge2023-integration-final-main/install/autoware_perception_msgs/share/autoware_perception_msgs/environment/path.sh
[10.222s] -- Up-to-date symlink: /home/autoware/aichallenge2023-integration-final-main/install/autoware_perception_msgs/share/autoware_perception_msgs/environment/path.dsv
[10.222s] -- Up-to-date symlink: /home/autoware/aichallenge2023-integration-final-main/install/autoware_perception_msgs/share/autoware_perception_msgs/local_setup.bash
[10.222s] -- Up-to-date symlink: /home/autoware/aichallenge2023-integration-final-main/install/autoware_perception_msgs/share/autoware_perception_msgs/local_setup.sh
[10.223s] -- Up-to-date symlink: /home/autoware/aichallenge2023-integration-final-main/install/autoware_perception_msgs/share/autoware_perception_msgs/local_setup.zsh
[10.223s] -- Up-to-date symlink: /home/autoware/aichallenge2023-integration-final-main/install/autoware_perception_msgs/share/autoware_perception_msgs/local_setup.dsv
[10.223s] -- Symlinking: /home/autoware/aichallenge2023-integration-final-main/install/autoware_perception_msgs/share/autoware_perception_msgs/package.dsv
[10.323s] -- Up-to-date symlink: /home/autoware/aichallenge2023-integration-final-main/install/autoware_perception_msgs/share/ament_index/resource_index/packages/autoware_perception_msgs
[10.323s] -- Up-to-date symlink: /home/autoware/aichallenge2023-integration-final-main/install/autoware_perception_msgs/share/autoware_perception_msgs/cmake/rosidl_cmake-extras.cmake
[10.323s] -- Up-to-date symlink: /home/autoware/aichallenge2023-integration-final-main/install/autoware_perception_msgs/share/autoware_perception_msgs/cmake/ament_cmake_export_dependencies-extras.cmake
[10.323s] -- Up-to-date symlink: /home/autoware/aichallenge2023-integration-final-main/install/autoware_perception_msgs/share/autoware_perception_msgs/cmake/ament_cmake_export_include_directories-extras.cmake
[10.323s] -- Up-to-date symlink: /home/autoware/aichallenge2023-integration-final-main/install/autoware_perception_msgs/share/autoware_perception_msgs/cmake/ament_cmake_export_libraries-extras.cmake
[10.324s] -- Up-to-date symlink: /home/autoware/aichallenge2023-integration-final-main/install/autoware_perception_msgs/share/autoware_perception_msgs/cmake/ament_cmake_export_targets-extras.cmake
[10.324s] -- Up-to-date symlink: /home/autoware/aichallenge2023-integration-final-main/install/autoware_perception_msgs/share/autoware_perception_msgs/cmake/rosidl_cmake_export_typesupport_targets-extras.cmake
[10.324s] -- Up-to-date symlink: /home/autoware/aichallenge2023-integration-final-main/install/autoware_perception_msgs/share/autoware_perception_msgs/cmake/rosidl_cmake_export_typesupport_libraries-extras.cmake
[10.325s] -- Up-to-date symlink: /home/autoware/aichallenge2023-integration-final-main/install/autoware_perception_msgs/share/autoware_perception_msgs/cmake/autoware_perception_msgsConfig.cmake
[10.325s] -- Up-to-date symlink: /home/autoware/aichallenge2023-integration-final-main/install/autoware_perception_msgs/share/autoware_perception_msgs/cmake/autoware_perception_msgsConfig-version.cmake
[10.325s] -- Up-to-date symlink: /home/autoware/aichallenge2023-integration-final-main/install/autoware_perception_msgs/share/autoware_perception_msgs/package.xml
[10.326s] -- Up-to-date: /home/autoware/aichallenge2023-integration-final-main/install/autoware_perception_msgs/lib/libautoware_perception_msgs__rosidl_generator_c.so
[10.326s] -- Up-to-date: /home/autoware/aichallenge2023-integration-final-main/install/autoware_perception_msgs/lib/libautoware_perception_msgs__rosidl_typesupport_fastrtps_c.so
[10.327s] -- Up-to-date: /home/autoware/aichallenge2023-integration-final-main/install/autoware_perception_msgs/lib/libautoware_perception_msgs__rosidl_typesupport_fastrtps_cpp.so
[10.327s] -- Up-to-date: /home/autoware/aichallenge2023-integration-final-main/install/autoware_perception_msgs/lib/libautoware_perception_msgs__rosidl_typesupport_introspection_c.so
[10.327s] -- Up-to-date: /home/autoware/aichallenge2023-integration-final-main/install/autoware_perception_msgs/lib/libautoware_perception_msgs__rosidl_typesupport_c.so
[10.328s] -- Up-to-date: /home/autoware/aichallenge2023-integration-final-main/install/autoware_perception_msgs/lib/libautoware_perception_msgs__rosidl_typesupport_introspection_cpp.so
[10.329s] -- Up-to-date: /home/autoware/aichallenge2023-integration-final-main/install/autoware_perception_msgs/lib/libautoware_perception_msgs__rosidl_typesupport_cpp.so
[10.528s] Listing '/home/autoware/aichallenge2023-integration-final-main/install/autoware_perception_msgs/local/lib/python3.10/dist-packages/autoware_perception_msgs'...
[10.528s] Listing '/home/autoware/aichallenge2023-integration-final-main/install/autoware_perception_msgs/local/lib/python3.10/dist-packages/autoware_perception_msgs/msg'...
[10.534s] -- Up-to-date: /home/autoware/aichallenge2023-integration-final-main/install/autoware_perception_msgs/lib/libautoware_perception_msgs__rosidl_generator_py.so
[10.535s] -- Up-to-date: /home/autoware/aichallenge2023-integration-final-main/install/autoware_perception_msgs/share/autoware_perception_msgs/cmake/export_autoware_perception_msgs__rosidl_generator_cExport.cmake
[10.535s] -- Up-to-date: /home/autoware/aichallenge2023-integration-final-main/install/autoware_perception_msgs/share/autoware_perception_msgs/cmake/export_autoware_perception_msgs__rosidl_generator_cExport-release.cmake
[10.536s] -- Up-to-date: /home/autoware/aichallenge2023-integration-final-main/install/autoware_perception_msgs/share/autoware_perception_msgs/cmake/export_autoware_perception_msgs__rosidl_typesupport_fastrtps_cExport.cmake
[10.536s] -- Up-to-date: /home/autoware/aichallenge2023-integration-final-main/install/autoware_perception_msgs/share/autoware_perception_msgs/cmake/export_autoware_perception_msgs__rosidl_typesupport_fastrtps_cExport-release.cmake
[10.536s] -- Up-to-date: /home/autoware/aichallenge2023-integration-final-main/install/autoware_perception_msgs/share/autoware_perception_msgs/cmake/export_autoware_perception_msgs__rosidl_generator_cppExport.cmake
[10.536s] -- Up-to-date: /home/autoware/aichallenge2023-integration-final-main/install/autoware_perception_msgs/share/autoware_perception_msgs/cmake/export_autoware_perception_msgs__rosidl_typesupport_fastrtps_cppExport.cmake
[10.536s] -- Up-to-date: /home/autoware/aichallenge2023-integration-final-main/install/autoware_perception_msgs/share/autoware_perception_msgs/cmake/export_autoware_perception_msgs__rosidl_typesupport_fastrtps_cppExport-release.cmake
[10.536s] -- Up-to-date: /home/autoware/aichallenge2023-integration-final-main/install/autoware_perception_msgs/share/autoware_perception_msgs/cmake/autoware_perception_msgs__rosidl_typesupport_introspection_cExport.cmake
[10.536s] -- Up-to-date: /home/autoware/aichallenge2023-integration-final-main/install/autoware_perception_msgs/share/autoware_perception_msgs/cmake/autoware_perception_msgs__rosidl_typesupport_introspection_cExport-release.cmake
[10.536s] -- Up-to-date: /home/autoware/aichallenge2023-integration-final-main/install/autoware_perception_msgs/share/autoware_perception_msgs/cmake/autoware_perception_msgs__rosidl_typesupport_cExport.cmake
[10.537s] -- Up-to-date: /home/autoware/aichallenge2023-integration-final-main/install/autoware_perception_msgs/share/autoware_perception_msgs/cmake/autoware_perception_msgs__rosidl_typesupport_cExport-release.cmake
[10.537s] -- Up-to-date: /home/autoware/aichallenge2023-integration-final-main/install/autoware_perception_msgs/share/autoware_perception_msgs/cmake/autoware_perception_msgs__rosidl_typesupport_introspection_cppExport.cmake
[10.537s] -- Up-to-date: /home/autoware/aichallenge2023-integration-final-main/install/autoware_perception_msgs/share/autoware_perception_msgs/cmake/autoware_perception_msgs__rosidl_typesupport_introspection_cppExport-release.cmake
[10.537s] -- Up-to-date: /home/autoware/aichallenge2023-integration-final-main/install/autoware_perception_msgs/share/autoware_perception_msgs/cmake/autoware_perception_msgs__rosidl_typesupport_cppExport.cmake
[10.537s] -- Up-to-date: /home/autoware/aichallenge2023-integration-final-main/install/autoware_perception_msgs/share/autoware_perception_msgs/cmake/autoware_perception_msgs__rosidl_typesupport_cppExport-release.cmake
[10.537s] -- Up-to-date: /home/autoware/aichallenge2023-integration-final-main/install/autoware_perception_msgs/share/autoware_perception_msgs/cmake/export_autoware_perception_msgs__rosidl_generator_pyExport.cmake
[10.538s] -- Up-to-date: /home/autoware/aichallenge2023-integration-final-main/install/autoware_perception_msgs/share/autoware_perception_msgs/cmake/export_autoware_perception_msgs__rosidl_generator_pyExport-release.cmake
[10.661s] Invoked command in '/home/autoware/aichallenge2023-integration-final-main/build/autoware_perception_msgs' returned '0': CMAKE_PREFIX_PATH=${CMAKE_PREFIX_PATH}:/home/autoware/aichallenge2023-integration-final-main/install/simulator_compatibility_test:/home/autoware/aichallenge2023-integration-final-main/install/ad_api_visualizers:/home/autoware/autoware/install/simulator_compatibility_test:/home/autoware/autoware/install/ad_api_visualizers:/opt/ros/humble /usr/bin/cmake --install /home/autoware/aichallenge2023-integration-final-main/build/autoware_perception_msgs
