[0.186s] Invoking command in '/home/autoware/aichallenge2023-integration-final-main/build/generic_type_utility': CMAKE_PREFIX_PATH=${CMAKE_PREFIX_PATH}:/home/autoware/aichallenge2023-integration-final-main/install/simulator_compatibility_test:/home/autoware/aichallenge2023-integration-final-main/install/ad_api_visualizers:/home/autoware/autoware/install/simulator_compatibility_test:/home/autoware/autoware/install/ad_api_visualizers:/opt/ros/humble /usr/bin/cmake --build /home/autoware/aichallenge2023-integration-final-main/build/generic_type_utility -- -j16 -l16
[1.180s] [ 52%] Built target gtest
[1.180s] [ 52%] Built target generic_type_utility
[1.181s] [ 64%] Built target gtest_main
[1.593s] [ 76%] Built target generic_type_utility_test
[1.613s] [ 88%] Built target check
[1.651s] [100%] Built target print
[1.794s] Invoked command in '/home/autoware/aichallenge2023-integration-final-main/build/generic_type_utility' returned '0': CMAKE_PREFIX_PATH=${CMAKE_PREFIX_PATH}:/home/autoware/aichallenge2023-integration-final-main/install/simulator_compatibility_test:/home/autoware/aichallenge2023-integration-final-main/install/ad_api_visualizers:/home/autoware/autoware/install/simulator_compatibility_test:/home/autoware/autoware/install/ad_api_visualizers:/opt/ros/humble /usr/bin/cmake --build /home/autoware/aichallenge2023-integration-final-main/build/generic_type_utility -- -j16 -l16
[3.705s] Invoking command in '/home/autoware/aichallenge2023-integration-final-main/build/generic_type_utility': CMAKE_PREFIX_PATH=${CMAKE_PREFIX_PATH}:/home/autoware/aichallenge2023-integration-final-main/install/simulator_compatibility_test:/home/autoware/aichallenge2023-integration-final-main/install/ad_api_visualizers:/home/autoware/autoware/install/simulator_compatibility_test:/home/autoware/autoware/install/ad_api_visualizers:/opt/ros/humble /usr/bin/cmake --install /home/autoware/aichallenge2023-integration-final-main/build/generic_type_utility
[3.837s] -- Install configuration: "Release"
[3.838s] -- Execute custom install script
[3.839s] -- Up-to-date symlink: /home/autoware/aichallenge2023-integration-final-main/install/generic_type_utility/include/generic_type_utility/generic_message.hpp
[3.839s] -- Up-to-date symlink: /home/autoware/aichallenge2023-integration-final-main/install/generic_type_utility/include/generic_type_utility/generic_property.hpp
[3.840s] -- Up-to-date symlink: /home/autoware/aichallenge2023-integration-final-main/install/generic_type_utility/include/generic_type_utility/ros2/introspection.hpp
[3.840s] -- Up-to-date symlink: /home/autoware/aichallenge2023-integration-final-main/install/generic_type_utility/include/generic_type_utility/ros2/message.hpp
[3.840s] -- Up-to-date symlink: /home/autoware/aichallenge2023-integration-final-main/install/generic_type_utility/include/generic_type_utility/ros2/serialization.hpp
[3.841s] -- Up-to-date symlink: /home/autoware/aichallenge2023-integration-final-main/install/generic_type_utility/share/generic_type_utility/environment/library_path.sh
[3.841s] -- Up-to-date symlink: /home/autoware/aichallenge2023-integration-final-main/install/generic_type_utility/share/generic_type_utility/environment/library_path.dsv
[3.841s] -- Up-to-date symlink: /home/autoware/aichallenge2023-integration-final-main/install/generic_type_utility/lib/libgeneric_type_utility.so
[3.842s] -- Up-to-date symlink: /home/autoware/aichallenge2023-integration-final-main/install/generic_type_utility/lib/generic_type_utility/print
[3.842s] -- Up-to-date symlink: /home/autoware/aichallenge2023-integration-final-main/install/generic_type_utility/lib/generic_type_utility/check
[3.844s] -- Up-to-date symlink: /home/autoware/aichallenge2023-integration-final-main/install/generic_type_utility/share/ament_index/resource_index/package_run_dependencies/generic_type_utility
[3.844s] -- Up-to-date symlink: /home/autoware/aichallenge2023-integration-final-main/install/generic_type_utility/share/ament_index/resource_index/parent_prefix_path/generic_type_utility
[3.844s] -- Up-to-date symlink: /home/autoware/aichallenge2023-integration-final-main/install/generic_type_utility/share/generic_type_utility/environment/ament_prefix_path.sh
[3.844s] -- Up-to-date symlink: /home/autoware/aichallenge2023-integration-final-main/install/generic_type_utility/share/generic_type_utility/environment/ament_prefix_path.dsv
[3.844s] -- Up-to-date symlink: /home/autoware/aichallenge2023-integration-final-main/install/generic_type_utility/share/generic_type_utility/environment/path.sh
[3.845s] -- Up-to-date symlink: /home/autoware/aichallenge2023-integration-final-main/install/generic_type_utility/share/generic_type_utility/environment/path.dsv
[3.845s] -- Up-to-date symlink: /home/autoware/aichallenge2023-integration-final-main/install/generic_type_utility/share/generic_type_utility/local_setup.bash
[3.845s] -- Up-to-date symlink: /home/autoware/aichallenge2023-integration-final-main/install/generic_type_utility/share/generic_type_utility/local_setup.sh
[3.845s] -- Up-to-date symlink: /home/autoware/aichallenge2023-integration-final-main/install/generic_type_utility/share/generic_type_utility/local_setup.zsh
[3.845s] -- Up-to-date symlink: /home/autoware/aichallenge2023-integration-final-main/install/generic_type_utility/share/generic_type_utility/local_setup.dsv
[3.846s] -- Symlinking: /home/autoware/aichallenge2023-integration-final-main/install/generic_type_utility/share/generic_type_utility/package.dsv
[3.938s] -- Up-to-date symlink: /home/autoware/aichallenge2023-integration-final-main/install/generic_type_utility/share/ament_index/resource_index/packages/generic_type_utility
[3.941s] -- Up-to-date symlink: /home/autoware/aichallenge2023-integration-final-main/install/generic_type_utility/share/generic_type_utility/cmake/ament_cmake_export_dependencies-extras.cmake
[3.943s] -- Up-to-date symlink: /home/autoware/aichallenge2023-integration-final-main/install/generic_type_utility/share/generic_type_utility/cmake/ament_cmake_export_include_directories-extras.cmake
[3.944s] -- Up-to-date symlink: /home/autoware/aichallenge2023-integration-final-main/install/generic_type_utility/share/generic_type_utility/cmake/ament_cmake_export_libraries-extras.cmake
[3.945s] -- Up-to-date symlink: /home/autoware/aichallenge2023-integration-final-main/install/generic_type_utility/share/generic_type_utility/cmake/generic_type_utilityConfig.cmake
[3.947s] -- Up-to-date symlink: /home/autoware/aichallenge2023-integration-final-main/install/generic_type_utility/share/generic_type_utility/cmake/generic_type_utilityConfig-version.cmake
[3.948s] -- Up-to-date symlink: /home/autoware/aichallenge2023-integration-final-main/install/generic_type_utility/share/generic_type_utility/package.xml
[3.958s] Invoked command in '/home/autoware/aichallenge2023-integration-final-main/build/generic_type_utility' returned '0': CMAKE_PREFIX_PATH=${CMAKE_PREFIX_PATH}:/home/autoware/aichallenge2023-integration-final-main/install/simulator_compatibility_test:/home/autoware/aichallenge2023-integration-final-main/install/ad_api_visualizers:/home/autoware/autoware/install/simulator_compatibility_test:/home/autoware/autoware/install/ad_api_visualizers:/opt/ros/humble /usr/bin/cmake --install /home/autoware/aichallenge2023-integration-final-main/build/generic_type_utility
