[0.300s] Invoking command in '/home/autoware/aichallenge2023-integration-final-main/build/imu_description': CMAKE_PREFIX_PATH=${CMAKE_PREFIX_PATH}:/home/autoware/aichallenge2023-integration-final-main/install/simulator_compatibility_test:/home/autoware/aichallenge2023-integration-final-main/install/ad_api_visualizers:/home/autoware/autoware/install/simulator_compatibility_test:/home/autoware/autoware/install/ad_api_visualizers:/opt/ros/humble /usr/bin/cmake --build /home/autoware/aichallenge2023-integration-final-main/build/imu_description -- -j16 -l16
[0.609s] Invoked command in '/home/autoware/aichallenge2023-integration-final-main/build/imu_description' returned '0': CMAKE_PREFIX_PATH=${CMAKE_PREFIX_PATH}:/home/autoware/aichallenge2023-integration-final-main/install/simulator_compatibility_test:/home/autoware/aichallenge2023-integration-final-main/install/ad_api_visualizers:/home/autoware/autoware/install/simulator_compatibility_test:/home/autoware/autoware/install/ad_api_visualizers:/opt/ros/humble /usr/bin/cmake --build /home/autoware/aichallenge2023-integration-final-main/build/imu_description -- -j16 -l16
[0.998s] Invoking command in '/home/autoware/aichallenge2023-integration-final-main/build/imu_description': CMAKE_PREFIX_PATH=${CMAKE_PREFIX_PATH}:/home/autoware/aichallenge2023-integration-final-main/install/simulator_compatibility_test:/home/autoware/aichallenge2023-integration-final-main/install/ad_api_visualizers:/home/autoware/autoware/install/simulator_compatibility_test:/home/autoware/autoware/install/ad_api_visualizers:/opt/ros/humble /usr/bin/cmake --install /home/autoware/aichallenge2023-integration-final-main/build/imu_description
[1.051s] -- Install configuration: "Release"
[1.052s] -- Execute custom install script
[1.052s] -- Up-to-date symlink: /home/autoware/aichallenge2023-integration-final-main/install/imu_description/share/imu_description/urdf/imu.xacro
[1.052s] -- Up-to-date symlink: /home/autoware/aichallenge2023-integration-final-main/install/imu_description/share/ament_index/resource_index/package_run_dependencies/imu_description
[1.053s] -- Up-to-date symlink: /home/autoware/aichallenge2023-integration-final-main/install/imu_description/share/ament_index/resource_index/parent_prefix_path/imu_description
[1.053s] -- Up-to-date symlink: /home/autoware/aichallenge2023-integration-final-main/install/imu_description/share/imu_description/environment/ament_prefix_path.sh
[1.053s] -- Up-to-date symlink: /home/autoware/aichallenge2023-integration-final-main/install/imu_description/share/imu_description/environment/ament_prefix_path.dsv
[1.053s] -- Up-to-date symlink: /home/autoware/aichallenge2023-integration-final-main/install/imu_description/share/imu_description/environment/path.sh
[1.053s] -- Up-to-date symlink: /home/autoware/aichallenge2023-integration-final-main/install/imu_description/share/imu_description/environment/path.dsv
[1.053s] -- Up-to-date symlink: /home/autoware/aichallenge2023-integration-final-main/install/imu_description/share/imu_description/local_setup.bash
[1.054s] -- Up-to-date symlink: /home/autoware/aichallenge2023-integration-final-main/install/imu_description/share/imu_description/local_setup.sh
[1.054s] -- Up-to-date symlink: /home/autoware/aichallenge2023-integration-final-main/install/imu_description/share/imu_description/local_setup.zsh
[1.054s] -- Up-to-date symlink: /home/autoware/aichallenge2023-integration-final-main/install/imu_description/share/imu_description/local_setup.dsv
[1.054s] -- Symlinking: /home/autoware/aichallenge2023-integration-final-main/install/imu_description/share/imu_description/package.dsv
[1.123s] -- Up-to-date symlink: /home/autoware/aichallenge2023-integration-final-main/install/imu_description/share/ament_index/resource_index/packages/imu_description
[1.123s] -- Up-to-date symlink: /home/autoware/aichallenge2023-integration-final-main/install/imu_description/share/imu_description/cmake/imu_descriptionConfig.cmake
[1.124s] -- Up-to-date symlink: /home/autoware/aichallenge2023-integration-final-main/install/imu_description/share/imu_description/cmake/imu_descriptionConfig-version.cmake
[1.124s] -- Up-to-date symlink: /home/autoware/aichallenge2023-integration-final-main/install/imu_description/share/imu_description/package.xml
[1.141s] Invoked command in '/home/autoware/aichallenge2023-integration-final-main/build/imu_description' returned '0': CMAKE_PREFIX_PATH=${CMAKE_PREFIX_PATH}:/home/autoware/aichallenge2023-integration-final-main/install/simulator_compatibility_test:/home/autoware/aichallenge2023-integration-final-main/install/ad_api_visualizers:/home/autoware/autoware/install/simulator_compatibility_test:/home/autoware/autoware/install/ad_api_visualizers:/opt/ros/humble /usr/bin/cmake --install /home/autoware/aichallenge2023-integration-final-main/build/imu_description
