[0.289s] Invoking command in '/home/autoware/aichallenge2023-integration-final-main/build/autoware_auto_mapping_msgs': CMAKE_PREFIX_PATH=${CMAKE_PREFIX_PATH}:/home/autoware/aichallenge2023-integration-final-main/install/simulator_compatibility_test:/home/autoware/aichallenge2023-integration-final-main/install/ad_api_visualizers:/home/autoware/autoware/install/simulator_compatibility_test:/home/autoware/autoware/install/ad_api_visualizers:/opt/ros/humble /usr/bin/cmake --build /home/autoware/aichallenge2023-integration-final-main/build/autoware_auto_mapping_msgs -- -j16 -l16
[0.866s] [  1%] Built target autoware_auto_mapping_msgs__cpp
[0.997s] [ 12%] Built target autoware_auto_mapping_msgs__rosidl_generator_c
[1.369s] [ 12%] Built target ament_cmake_python_symlink_autoware_auto_mapping_msgs
[1.771s] [ 25%] Built target autoware_auto_mapping_msgs__rosidl_typesupport_cpp
[1.774s] [ 34%] Built target autoware_auto_mapping_msgs__rosidl_typesupport_fastrtps_cpp
[1.847s] [ 45%] Built target autoware_auto_mapping_msgs__rosidl_typesupport_introspection_c
[1.926s] [ 56%] Built target autoware_auto_mapping_msgs__rosidl_typesupport_c
[2.083s] [ 67%] Built target autoware_auto_mapping_msgs__rosidl_typesupport_fastrtps_c
[2.083s] [ 78%] Built target autoware_auto_mapping_msgs__rosidl_typesupport_introspection_cpp
[2.530s] [ 78%] Built target autoware_auto_mapping_msgs
[2.752s] running egg_info
[2.753s] writing autoware_auto_mapping_msgs.egg-info/PKG-INFO
[2.754s] writing dependency_links to autoware_auto_mapping_msgs.egg-info/dependency_links.txt
[2.756s] writing top-level names to autoware_auto_mapping_msgs.egg-info/top_level.txt
[2.760s] reading manifest file 'autoware_auto_mapping_msgs.egg-info/SOURCES.txt'
[2.761s] writing manifest file 'autoware_auto_mapping_msgs.egg-info/SOURCES.txt'
[2.897s] [ 78%] Built target ament_cmake_python_build_autoware_auto_mapping_msgs_egg
[2.953s] [ 80%] Built target autoware_auto_mapping_msgs__py
[3.230s] [ 89%] Built target autoware_auto_mapping_msgs__rosidl_generator_py
[3.628s] [ 92%] Built target autoware_auto_mapping_msgs__rosidl_typesupport_c__pyext
[3.674s] [ 96%] Built target autoware_auto_mapping_msgs__rosidl_typesupport_fastrtps_c__pyext
[3.681s] [100%] Built target autoware_auto_mapping_msgs__rosidl_typesupport_introspection_c__pyext
[3.800s] Invoked command in '/home/autoware/aichallenge2023-integration-final-main/build/autoware_auto_mapping_msgs' returned '0': CMAKE_PREFIX_PATH=${CMAKE_PREFIX_PATH}:/home/autoware/aichallenge2023-integration-final-main/install/simulator_compatibility_test:/home/autoware/aichallenge2023-integration-final-main/install/ad_api_visualizers:/home/autoware/autoware/install/simulator_compatibility_test:/home/autoware/autoware/install/ad_api_visualizers:/opt/ros/humble /usr/bin/cmake --build /home/autoware/aichallenge2023-integration-final-main/build/autoware_auto_mapping_msgs -- -j16 -l16
[6.557s] Invoking command in '/home/autoware/aichallenge2023-integration-final-main/build/autoware_auto_mapping_msgs': CMAKE_PREFIX_PATH=${CMAKE_PREFIX_PATH}:/home/autoware/aichallenge2023-integration-final-main/install/simulator_compatibility_test:/home/autoware/aichallenge2023-integration-final-main/install/ad_api_visualizers:/home/autoware/autoware/install/simulator_compatibility_test:/home/autoware/autoware/install/ad_api_visualizers:/opt/ros/humble /usr/bin/cmake --install /home/autoware/aichallenge2023-integration-final-main/build/autoware_auto_mapping_msgs
[6.614s] -- Install configuration: "Release"
[6.615s] -- Execute custom install script
[6.615s] -- Up-to-date symlink: /home/autoware/aichallenge2023-integration-final-main/install/autoware_auto_mapping_msgs/share/ament_index/resource_index/rosidl_interfaces/autoware_auto_mapping_msgs
[6.616s] -- Up-to-date symlink: /home/autoware/aichallenge2023-integration-final-main/install/autoware_auto_mapping_msgs/include/autoware_auto_mapping_msgs/autoware_auto_mapping_msgs/msg/detail/had_map_bin__functions.h
[6.623s] -- Up-to-date symlink: /home/autoware/aichallenge2023-integration-final-main/install/autoware_auto_mapping_msgs/include/autoware_auto_mapping_msgs/autoware_auto_mapping_msgs/msg/detail/had_map_bin__struct.h
[6.623s] -- Up-to-date symlink: /home/autoware/aichallenge2023-integration-final-main/install/autoware_auto_mapping_msgs/include/autoware_auto_mapping_msgs/autoware_auto_mapping_msgs/msg/detail/had_map_bin__type_support.h
[6.623s] -- Up-to-date symlink: /home/autoware/aichallenge2023-integration-final-main/install/autoware_auto_mapping_msgs/include/autoware_auto_mapping_msgs/autoware_auto_mapping_msgs/msg/detail/had_map_segment__functions.h
[6.623s] -- Up-to-date symlink: /home/autoware/aichallenge2023-integration-final-main/install/autoware_auto_mapping_msgs/include/autoware_auto_mapping_msgs/autoware_auto_mapping_msgs/msg/detail/had_map_segment__struct.h
[6.623s] -- Up-to-date symlink: /home/autoware/aichallenge2023-integration-final-main/install/autoware_auto_mapping_msgs/include/autoware_auto_mapping_msgs/autoware_auto_mapping_msgs/msg/detail/had_map_segment__type_support.h
[6.636s] -- Up-to-date symlink: /home/autoware/aichallenge2023-integration-final-main/install/autoware_auto_mapping_msgs/include/autoware_auto_mapping_msgs/autoware_auto_mapping_msgs/msg/detail/map_primitive__functions.h
[6.636s] -- Up-to-date symlink: /home/autoware/aichallenge2023-integration-final-main/install/autoware_auto_mapping_msgs/include/autoware_auto_mapping_msgs/autoware_auto_mapping_msgs/msg/detail/map_primitive__struct.h
[6.636s] -- Up-to-date symlink: /home/autoware/aichallenge2023-integration-final-main/install/autoware_auto_mapping_msgs/include/autoware_auto_mapping_msgs/autoware_auto_mapping_msgs/msg/detail/map_primitive__type_support.h
[6.636s] -- Up-to-date symlink: /home/autoware/aichallenge2023-integration-final-main/install/autoware_auto_mapping_msgs/include/autoware_auto_mapping_msgs/autoware_auto_mapping_msgs/msg/had_map_bin.h
[6.636s] -- Up-to-date symlink: /home/autoware/aichallenge2023-integration-final-main/install/autoware_auto_mapping_msgs/include/autoware_auto_mapping_msgs/autoware_auto_mapping_msgs/msg/had_map_segment.h
[6.636s] -- Up-to-date symlink: /home/autoware/aichallenge2023-integration-final-main/install/autoware_auto_mapping_msgs/include/autoware_auto_mapping_msgs/autoware_auto_mapping_msgs/msg/map_primitive.h
[6.636s] -- Up-to-date symlink: /home/autoware/aichallenge2023-integration-final-main/install/autoware_auto_mapping_msgs/include/autoware_auto_mapping_msgs/autoware_auto_mapping_msgs/msg/rosidl_generator_c__visibility_control.h
[6.637s] -- Up-to-date symlink: /home/autoware/aichallenge2023-integration-final-main/install/autoware_auto_mapping_msgs/include/autoware_auto_mapping_msgs/autoware_auto_mapping_msgs/srv/detail/had_map_service__functions.h
[6.637s] -- Up-to-date symlink: /home/autoware/aichallenge2023-integration-final-main/install/autoware_auto_mapping_msgs/include/autoware_auto_mapping_msgs/autoware_auto_mapping_msgs/srv/detail/had_map_service__struct.h
[6.637s] -- Up-to-date symlink: /home/autoware/aichallenge2023-integration-final-main/install/autoware_auto_mapping_msgs/include/autoware_auto_mapping_msgs/autoware_auto_mapping_msgs/srv/detail/had_map_service__type_support.h
[6.637s] -- Up-to-date symlink: /home/autoware/aichallenge2023-integration-final-main/install/autoware_auto_mapping_msgs/include/autoware_auto_mapping_msgs/autoware_auto_mapping_msgs/srv/had_map_service.h
[6.637s] -- Up-to-date symlink: /home/autoware/aichallenge2023-integration-final-main/install/autoware_auto_mapping_msgs/share/autoware_auto_mapping_msgs/environment/library_path.sh
[6.637s] -- Up-to-date symlink: /home/autoware/aichallenge2023-integration-final-main/install/autoware_auto_mapping_msgs/share/autoware_auto_mapping_msgs/environment/library_path.dsv
[6.638s] -- Up-to-date symlink: /home/autoware/aichallenge2023-integration-final-main/install/autoware_auto_mapping_msgs/include/autoware_auto_mapping_msgs/autoware_auto_mapping_msgs/msg/detail/had_map_bin__rosidl_typesupport_fastrtps_c.h
[6.638s] -- Up-to-date symlink: /home/autoware/aichallenge2023-integration-final-main/install/autoware_auto_mapping_msgs/include/autoware_auto_mapping_msgs/autoware_auto_mapping_msgs/msg/detail/had_map_segment__rosidl_typesupport_fastrtps_c.h
[6.638s] -- Up-to-date symlink: /home/autoware/aichallenge2023-integration-final-main/install/autoware_auto_mapping_msgs/include/autoware_auto_mapping_msgs/autoware_auto_mapping_msgs/msg/detail/map_primitive__rosidl_typesupport_fastrtps_c.h
[6.638s] -- Up-to-date symlink: /home/autoware/aichallenge2023-integration-final-main/install/autoware_auto_mapping_msgs/include/autoware_auto_mapping_msgs/autoware_auto_mapping_msgs/msg/rosidl_typesupport_fastrtps_c__visibility_control.h
[6.638s] -- Up-to-date symlink: /home/autoware/aichallenge2023-integration-final-main/install/autoware_auto_mapping_msgs/include/autoware_auto_mapping_msgs/autoware_auto_mapping_msgs/srv/detail/had_map_service__rosidl_typesupport_fastrtps_c.h
[6.639s] -- Up-to-date symlink: /home/autoware/aichallenge2023-integration-final-main/install/autoware_auto_mapping_msgs/include/autoware_auto_mapping_msgs/autoware_auto_mapping_msgs/msg/detail/had_map_bin__rosidl_typesupport_introspection_c.h
[6.639s] -- Up-to-date symlink: /home/autoware/aichallenge2023-integration-final-main/install/autoware_auto_mapping_msgs/include/autoware_auto_mapping_msgs/autoware_auto_mapping_msgs/msg/detail/had_map_segment__rosidl_typesupport_introspection_c.h
[6.639s] -- Up-to-date symlink: /home/autoware/aichallenge2023-integration-final-main/install/autoware_auto_mapping_msgs/include/autoware_auto_mapping_msgs/autoware_auto_mapping_msgs/msg/detail/map_primitive__rosidl_typesupport_introspection_c.h
[6.639s] -- Up-to-date symlink: /home/autoware/aichallenge2023-integration-final-main/install/autoware_auto_mapping_msgs/include/autoware_auto_mapping_msgs/autoware_auto_mapping_msgs/msg/rosidl_typesupport_introspection_c__visibility_control.h
[6.639s] -- Up-to-date symlink: /home/autoware/aichallenge2023-integration-final-main/install/autoware_auto_mapping_msgs/include/autoware_auto_mapping_msgs/autoware_auto_mapping_msgs/srv/detail/had_map_service__rosidl_typesupport_introspection_c.h
[6.640s] -- Up-to-date symlink: /home/autoware/aichallenge2023-integration-final-main/install/autoware_auto_mapping_msgs/include/autoware_auto_mapping_msgs/autoware_auto_mapping_msgs/msg/detail/had_map_bin__builder.hpp
[6.640s] -- Up-to-date symlink: /home/autoware/aichallenge2023-integration-final-main/install/autoware_auto_mapping_msgs/include/autoware_auto_mapping_msgs/autoware_auto_mapping_msgs/msg/detail/had_map_bin__struct.hpp
[6.640s] -- Up-to-date symlink: /home/autoware/aichallenge2023-integration-final-main/install/autoware_auto_mapping_msgs/include/autoware_auto_mapping_msgs/autoware_auto_mapping_msgs/msg/detail/had_map_bin__traits.hpp
[6.640s] -- Up-to-date symlink: /home/autoware/aichallenge2023-integration-final-main/install/autoware_auto_mapping_msgs/include/autoware_auto_mapping_msgs/autoware_auto_mapping_msgs/msg/detail/had_map_segment__builder.hpp
[6.640s] -- Up-to-date symlink: /home/autoware/aichallenge2023-integration-final-main/install/autoware_auto_mapping_msgs/include/autoware_auto_mapping_msgs/autoware_auto_mapping_msgs/msg/detail/had_map_segment__struct.hpp
[6.641s] -- Up-to-date symlink: /home/autoware/aichallenge2023-integration-final-main/install/autoware_auto_mapping_msgs/include/autoware_auto_mapping_msgs/autoware_auto_mapping_msgs/msg/detail/had_map_segment__traits.hpp
[6.641s] -- Up-to-date symlink: /home/autoware/aichallenge2023-integration-final-main/install/autoware_auto_mapping_msgs/include/autoware_auto_mapping_msgs/autoware_auto_mapping_msgs/msg/detail/map_primitive__builder.hpp
[6.641s] -- Up-to-date symlink: /home/autoware/aichallenge2023-integration-final-main/install/autoware_auto_mapping_msgs/include/autoware_auto_mapping_msgs/autoware_auto_mapping_msgs/msg/detail/map_primitive__struct.hpp
[6.641s] -- Up-to-date symlink: /home/autoware/aichallenge2023-integration-final-main/install/autoware_auto_mapping_msgs/include/autoware_auto_mapping_msgs/autoware_auto_mapping_msgs/msg/detail/map_primitive__traits.hpp
[6.641s] -- Up-to-date symlink: /home/autoware/aichallenge2023-integration-final-main/install/autoware_auto_mapping_msgs/include/autoware_auto_mapping_msgs/autoware_auto_mapping_msgs/msg/had_map_bin.hpp
[6.641s] -- Up-to-date symlink: /home/autoware/aichallenge2023-integration-final-main/install/autoware_auto_mapping_msgs/include/autoware_auto_mapping_msgs/autoware_auto_mapping_msgs/msg/had_map_segment.hpp
[6.641s] -- Up-to-date symlink: /home/autoware/aichallenge2023-integration-final-main/install/autoware_auto_mapping_msgs/include/autoware_auto_mapping_msgs/autoware_auto_mapping_msgs/msg/map_primitive.hpp
[6.642s] -- Up-to-date symlink: /home/autoware/aichallenge2023-integration-final-main/install/autoware_auto_mapping_msgs/include/autoware_auto_mapping_msgs/autoware_auto_mapping_msgs/srv/detail/had_map_service__builder.hpp
[6.642s] -- Up-to-date symlink: /home/autoware/aichallenge2023-integration-final-main/install/autoware_auto_mapping_msgs/include/autoware_auto_mapping_msgs/autoware_auto_mapping_msgs/srv/detail/had_map_service__struct.hpp
[6.642s] -- Up-to-date symlink: /home/autoware/aichallenge2023-integration-final-main/install/autoware_auto_mapping_msgs/include/autoware_auto_mapping_msgs/autoware_auto_mapping_msgs/srv/detail/had_map_service__traits.hpp
[6.642s] -- Up-to-date symlink: /home/autoware/aichallenge2023-integration-final-main/install/autoware_auto_mapping_msgs/include/autoware_auto_mapping_msgs/autoware_auto_mapping_msgs/srv/had_map_service.hpp
[6.643s] -- Up-to-date symlink: /home/autoware/aichallenge2023-integration-final-main/install/autoware_auto_mapping_msgs/include/autoware_auto_mapping_msgs/autoware_auto_mapping_msgs/msg/detail/had_map_bin__rosidl_typesupport_fastrtps_cpp.hpp
[6.643s] -- Up-to-date symlink: /home/autoware/aichallenge2023-integration-final-main/install/autoware_auto_mapping_msgs/include/autoware_auto_mapping_msgs/autoware_auto_mapping_msgs/msg/detail/had_map_segment__rosidl_typesupport_fastrtps_cpp.hpp
[6.643s] -- Up-to-date symlink: /home/autoware/aichallenge2023-integration-final-main/install/autoware_auto_mapping_msgs/include/autoware_auto_mapping_msgs/autoware_auto_mapping_msgs/msg/detail/map_primitive__rosidl_typesupport_fastrtps_cpp.hpp
[6.643s] -- Up-to-date symlink: /home/autoware/aichallenge2023-integration-final-main/install/autoware_auto_mapping_msgs/include/autoware_auto_mapping_msgs/autoware_auto_mapping_msgs/msg/rosidl_typesupport_fastrtps_cpp__visibility_control.h
[6.643s] -- Up-to-date symlink: /home/autoware/aichallenge2023-integration-final-main/install/autoware_auto_mapping_msgs/include/autoware_auto_mapping_msgs/autoware_auto_mapping_msgs/srv/detail/had_map_service__rosidl_typesupport_fastrtps_cpp.hpp
[6.644s] -- Up-to-date symlink: /home/autoware/aichallenge2023-integration-final-main/install/autoware_auto_mapping_msgs/include/autoware_auto_mapping_msgs/autoware_auto_mapping_msgs/msg/detail/had_map_bin__rosidl_typesupport_introspection_cpp.hpp
[6.644s] -- Up-to-date symlink: /home/autoware/aichallenge2023-integration-final-main/install/autoware_auto_mapping_msgs/include/autoware_auto_mapping_msgs/autoware_auto_mapping_msgs/msg/detail/had_map_segment__rosidl_typesupport_introspection_cpp.hpp
[6.644s] -- Up-to-date symlink: /home/autoware/aichallenge2023-integration-final-main/install/autoware_auto_mapping_msgs/include/autoware_auto_mapping_msgs/autoware_auto_mapping_msgs/msg/detail/map_primitive__rosidl_typesupport_introspection_cpp.hpp
[6.644s] -- Up-to-date symlink: /home/autoware/aichallenge2023-integration-final-main/install/autoware_auto_mapping_msgs/include/autoware_auto_mapping_msgs/autoware_auto_mapping_msgs/srv/detail/had_map_service__rosidl_typesupport_introspection_cpp.hpp
[6.644s] -- Up-to-date symlink: /home/autoware/aichallenge2023-integration-final-main/install/autoware_auto_mapping_msgs/share/autoware_auto_mapping_msgs/environment/pythonpath.sh
[6.644s] -- Up-to-date symlink: /home/autoware/aichallenge2023-integration-final-main/install/autoware_auto_mapping_msgs/share/autoware_auto_mapping_msgs/environment/pythonpath.dsv
[6.645s] -- Up-to-date symlink: /home/autoware/aichallenge2023-integration-final-main/install/autoware_auto_mapping_msgs/local/lib/python3.10/dist-packages/autoware_auto_mapping_msgs-1.0.0-py3.10.egg-info/PKG-INFO
[6.645s] -- Up-to-date symlink: /home/autoware/aichallenge2023-integration-final-main/install/autoware_auto_mapping_msgs/local/lib/python3.10/dist-packages/autoware_auto_mapping_msgs-1.0.0-py3.10.egg-info/SOURCES.txt
[6.645s] -- Up-to-date symlink: /home/autoware/aichallenge2023-integration-final-main/install/autoware_auto_mapping_msgs/local/lib/python3.10/dist-packages/autoware_auto_mapping_msgs-1.0.0-py3.10.egg-info/dependency_links.txt
[6.645s] -- Up-to-date symlink: /home/autoware/aichallenge2023-integration-final-main/install/autoware_auto_mapping_msgs/local/lib/python3.10/dist-packages/autoware_auto_mapping_msgs-1.0.0-py3.10.egg-info/top_level.txt
[6.646s] -- Up-to-date symlink: /home/autoware/aichallenge2023-integration-final-main/install/autoware_auto_mapping_msgs/local/lib/python3.10/dist-packages/autoware_auto_mapping_msgs/__init__.py
[6.646s] -- Up-to-date symlink: /home/autoware/aichallenge2023-integration-final-main/install/autoware_auto_mapping_msgs/local/lib/python3.10/dist-packages/autoware_auto_mapping_msgs/_autoware_auto_mapping_msgs_s.ep.rosidl_typesupport_c.c
[6.646s] -- Up-to-date symlink: /home/autoware/aichallenge2023-integration-final-main/install/autoware_auto_mapping_msgs/local/lib/python3.10/dist-packages/autoware_auto_mapping_msgs/_autoware_auto_mapping_msgs_s.ep.rosidl_typesupport_fastrtps_c.c
[6.646s] -- Up-to-date symlink: /home/autoware/aichallenge2023-integration-final-main/install/autoware_auto_mapping_msgs/local/lib/python3.10/dist-packages/autoware_auto_mapping_msgs/_autoware_auto_mapping_msgs_s.ep.rosidl_typesupport_introspection_c.c
[6.646s] -- Up-to-date symlink: /home/autoware/aichallenge2023-integration-final-main/install/autoware_auto_mapping_msgs/local/lib/python3.10/dist-packages/autoware_auto_mapping_msgs/autoware_auto_mapping_msgs_s__rosidl_typesupport_c.cpython-310-x86_64-linux-gnu.so
[6.647s] -- Up-to-date symlink: /home/autoware/aichallenge2023-integration-final-main/install/autoware_auto_mapping_msgs/local/lib/python3.10/dist-packages/autoware_auto_mapping_msgs/autoware_auto_mapping_msgs_s__rosidl_typesupport_fastrtps_c.cpython-310-x86_64-linux-gnu.so
[6.647s] -- Up-to-date symlink: /home/autoware/aichallenge2023-integration-final-main/install/autoware_auto_mapping_msgs/local/lib/python3.10/dist-packages/autoware_auto_mapping_msgs/autoware_auto_mapping_msgs_s__rosidl_typesupport_introspection_c.cpython-310-x86_64-linux-gnu.so
[6.647s] -- Up-to-date symlink: /home/autoware/aichallenge2023-integration-final-main/install/autoware_auto_mapping_msgs/local/lib/python3.10/dist-packages/autoware_auto_mapping_msgs/libautoware_auto_mapping_msgs__rosidl_generator_py.so
[6.647s] -- Up-to-date symlink: /home/autoware/aichallenge2023-integration-final-main/install/autoware_auto_mapping_msgs/local/lib/python3.10/dist-packages/autoware_auto_mapping_msgs/msg/__init__.py
[6.647s] -- Up-to-date symlink: /home/autoware/aichallenge2023-integration-final-main/install/autoware_auto_mapping_msgs/local/lib/python3.10/dist-packages/autoware_auto_mapping_msgs/msg/_had_map_bin.py
[6.647s] -- Up-to-date symlink: /home/autoware/aichallenge2023-integration-final-main/install/autoware_auto_mapping_msgs/local/lib/python3.10/dist-packages/autoware_auto_mapping_msgs/msg/_had_map_bin_s.c
[6.647s] -- Up-to-date symlink: /home/autoware/aichallenge2023-integration-final-main/install/autoware_auto_mapping_msgs/local/lib/python3.10/dist-packages/autoware_auto_mapping_msgs/msg/_had_map_segment.py
[6.647s] -- Up-to-date symlink: /home/autoware/aichallenge2023-integration-final-main/install/autoware_auto_mapping_msgs/local/lib/python3.10/dist-packages/autoware_auto_mapping_msgs/msg/_had_map_segment_s.c
[6.648s] -- Up-to-date symlink: /home/autoware/aichallenge2023-integration-final-main/install/autoware_auto_mapping_msgs/local/lib/python3.10/dist-packages/autoware_auto_mapping_msgs/msg/_map_primitive.py
[6.648s] -- Up-to-date symlink: /home/autoware/aichallenge2023-integration-final-main/install/autoware_auto_mapping_msgs/local/lib/python3.10/dist-packages/autoware_auto_mapping_msgs/msg/_map_primitive_s.c
[6.648s] -- Up-to-date symlink: /home/autoware/aichallenge2023-integration-final-main/install/autoware_auto_mapping_msgs/local/lib/python3.10/dist-packages/autoware_auto_mapping_msgs/srv/__init__.py
[6.648s] -- Up-to-date symlink: /home/autoware/aichallenge2023-integration-final-main/install/autoware_auto_mapping_msgs/local/lib/python3.10/dist-packages/autoware_auto_mapping_msgs/srv/_had_map_service.py
[6.648s] -- Up-to-date symlink: /home/autoware/aichallenge2023-integration-final-main/install/autoware_auto_mapping_msgs/local/lib/python3.10/dist-packages/autoware_auto_mapping_msgs/srv/_had_map_service_s.c
[6.651s] -- Up-to-date symlink: /home/autoware/aichallenge2023-integration-final-main/install/autoware_auto_mapping_msgs/local/lib/python3.10/dist-packages/autoware_auto_mapping_msgs/autoware_auto_mapping_msgs_s__rosidl_typesupport_fastrtps_c.cpython-310-x86_64-linux-gnu.so
[6.651s] -- Up-to-date symlink: /home/autoware/aichallenge2023-integration-final-main/install/autoware_auto_mapping_msgs/local/lib/python3.10/dist-packages/autoware_auto_mapping_msgs/autoware_auto_mapping_msgs_s__rosidl_typesupport_introspection_c.cpython-310-x86_64-linux-gnu.so
[6.651s] -- Up-to-date symlink: /home/autoware/aichallenge2023-integration-final-main/install/autoware_auto_mapping_msgs/local/lib/python3.10/dist-packages/autoware_auto_mapping_msgs/autoware_auto_mapping_msgs_s__rosidl_typesupport_c.cpython-310-x86_64-linux-gnu.so
[6.652s] -- Up-to-date symlink: /home/autoware/aichallenge2023-integration-final-main/install/autoware_auto_mapping_msgs/share/autoware_auto_mapping_msgs/msg/HADMapBin.idl
[6.652s] -- Up-to-date symlink: /home/autoware/aichallenge2023-integration-final-main/install/autoware_auto_mapping_msgs/share/autoware_auto_mapping_msgs/msg/HADMapSegment.idl
[6.652s] -- Up-to-date symlink: /home/autoware/aichallenge2023-integration-final-main/install/autoware_auto_mapping_msgs/share/autoware_auto_mapping_msgs/msg/MapPrimitive.idl
[6.652s] -- Up-to-date symlink: /home/autoware/aichallenge2023-integration-final-main/install/autoware_auto_mapping_msgs/share/autoware_auto_mapping_msgs/srv/HADMapService.idl
[6.653s] -- Up-to-date symlink: /home/autoware/aichallenge2023-integration-final-main/install/autoware_auto_mapping_msgs/share/ament_index/resource_index/package_run_dependencies/autoware_auto_mapping_msgs
[6.653s] -- Up-to-date symlink: /home/autoware/aichallenge2023-integration-final-main/install/autoware_auto_mapping_msgs/share/ament_index/resource_index/parent_prefix_path/autoware_auto_mapping_msgs
[6.653s] -- Up-to-date symlink: /home/autoware/aichallenge2023-integration-final-main/install/autoware_auto_mapping_msgs/share/autoware_auto_mapping_msgs/environment/ament_prefix_path.sh
[6.653s] -- Up-to-date symlink: /home/autoware/aichallenge2023-integration-final-main/install/autoware_auto_mapping_msgs/share/autoware_auto_mapping_msgs/environment/ament_prefix_path.dsv
[6.653s] -- Up-to-date symlink: /home/autoware/aichallenge2023-integration-final-main/install/autoware_auto_mapping_msgs/share/autoware_auto_mapping_msgs/environment/path.sh
[6.653s] -- Up-to-date symlink: /home/autoware/aichallenge2023-integration-final-main/install/autoware_auto_mapping_msgs/share/autoware_auto_mapping_msgs/environment/path.dsv
[6.654s] -- Up-to-date symlink: /home/autoware/aichallenge2023-integration-final-main/install/autoware_auto_mapping_msgs/share/autoware_auto_mapping_msgs/local_setup.bash
[6.654s] -- Up-to-date symlink: /home/autoware/aichallenge2023-integration-final-main/install/autoware_auto_mapping_msgs/share/autoware_auto_mapping_msgs/local_setup.sh
[6.654s] -- Up-to-date symlink: /home/autoware/aichallenge2023-integration-final-main/install/autoware_auto_mapping_msgs/share/autoware_auto_mapping_msgs/local_setup.zsh
[6.654s] -- Up-to-date symlink: /home/autoware/aichallenge2023-integration-final-main/install/autoware_auto_mapping_msgs/share/autoware_auto_mapping_msgs/local_setup.dsv
[6.654s] -- Symlinking: /home/autoware/aichallenge2023-integration-final-main/install/autoware_auto_mapping_msgs/share/autoware_auto_mapping_msgs/package.dsv
[6.710s] -- Up-to-date symlink: /home/autoware/aichallenge2023-integration-final-main/install/autoware_auto_mapping_msgs/share/ament_index/resource_index/packages/autoware_auto_mapping_msgs
[6.710s] -- Up-to-date symlink: /home/autoware/aichallenge2023-integration-final-main/install/autoware_auto_mapping_msgs/share/autoware_auto_mapping_msgs/cmake/rosidl_cmake-extras.cmake
[6.710s] -- Up-to-date symlink: /home/autoware/aichallenge2023-integration-final-main/install/autoware_auto_mapping_msgs/share/autoware_auto_mapping_msgs/cmake/ament_cmake_export_dependencies-extras.cmake
[6.710s] -- Up-to-date symlink: /home/autoware/aichallenge2023-integration-final-main/install/autoware_auto_mapping_msgs/share/autoware_auto_mapping_msgs/cmake/ament_cmake_export_include_directories-extras.cmake
[6.710s] -- Up-to-date symlink: /home/autoware/aichallenge2023-integration-final-main/install/autoware_auto_mapping_msgs/share/autoware_auto_mapping_msgs/cmake/ament_cmake_export_libraries-extras.cmake
[6.710s] -- Up-to-date symlink: /home/autoware/aichallenge2023-integration-final-main/install/autoware_auto_mapping_msgs/share/autoware_auto_mapping_msgs/cmake/ament_cmake_export_targets-extras.cmake
[6.716s] -- Up-to-date symlink: /home/autoware/aichallenge2023-integration-final-main/install/autoware_auto_mapping_msgs/share/autoware_auto_mapping_msgs/cmake/rosidl_cmake_export_typesupport_targets-extras.cmake
[6.716s] -- Up-to-date symlink: /home/autoware/aichallenge2023-integration-final-main/install/autoware_auto_mapping_msgs/share/autoware_auto_mapping_msgs/cmake/rosidl_cmake_export_typesupport_libraries-extras.cmake
[6.716s] -- Up-to-date symlink: /home/autoware/aichallenge2023-integration-final-main/install/autoware_auto_mapping_msgs/share/autoware_auto_mapping_msgs/cmake/autoware_auto_mapping_msgsConfig.cmake
[6.716s] -- Up-to-date symlink: /home/autoware/aichallenge2023-integration-final-main/install/autoware_auto_mapping_msgs/share/autoware_auto_mapping_msgs/cmake/autoware_auto_mapping_msgsConfig-version.cmake
[6.716s] -- Up-to-date symlink: /home/autoware/aichallenge2023-integration-final-main/install/autoware_auto_mapping_msgs/share/autoware_auto_mapping_msgs/package.xml
[6.716s] -- Up-to-date: /home/autoware/aichallenge2023-integration-final-main/install/autoware_auto_mapping_msgs/lib/libautoware_auto_mapping_msgs__rosidl_generator_c.so
[6.716s] -- Up-to-date: /home/autoware/aichallenge2023-integration-final-main/install/autoware_auto_mapping_msgs/lib/libautoware_auto_mapping_msgs__rosidl_typesupport_fastrtps_c.so
[6.716s] -- Up-to-date: /home/autoware/aichallenge2023-integration-final-main/install/autoware_auto_mapping_msgs/lib/libautoware_auto_mapping_msgs__rosidl_typesupport_introspection_c.so
[6.716s] -- Up-to-date: /home/autoware/aichallenge2023-integration-final-main/install/autoware_auto_mapping_msgs/lib/libautoware_auto_mapping_msgs__rosidl_typesupport_c.so
[6.716s] -- Up-to-date: /home/autoware/aichallenge2023-integration-final-main/install/autoware_auto_mapping_msgs/lib/libautoware_auto_mapping_msgs__rosidl_typesupport_fastrtps_cpp.so
[6.716s] -- Up-to-date: /home/autoware/aichallenge2023-integration-final-main/install/autoware_auto_mapping_msgs/lib/libautoware_auto_mapping_msgs__rosidl_typesupport_introspection_cpp.so
[6.716s] -- Up-to-date: /home/autoware/aichallenge2023-integration-final-main/install/autoware_auto_mapping_msgs/lib/libautoware_auto_mapping_msgs__rosidl_typesupport_cpp.so
[6.834s] Listing '/home/autoware/aichallenge2023-integration-final-main/install/autoware_auto_mapping_msgs/local/lib/python3.10/dist-packages/autoware_auto_mapping_msgs'...
[6.834s] Listing '/home/autoware/aichallenge2023-integration-final-main/install/autoware_auto_mapping_msgs/local/lib/python3.10/dist-packages/autoware_auto_mapping_msgs/msg'...
[6.834s] Listing '/home/autoware/aichallenge2023-integration-final-main/install/autoware_auto_mapping_msgs/local/lib/python3.10/dist-packages/autoware_auto_mapping_msgs/srv'...
[6.839s] -- Up-to-date: /home/autoware/aichallenge2023-integration-final-main/install/autoware_auto_mapping_msgs/lib/libautoware_auto_mapping_msgs__rosidl_generator_py.so
[6.839s] -- Up-to-date: /home/autoware/aichallenge2023-integration-final-main/install/autoware_auto_mapping_msgs/share/autoware_auto_mapping_msgs/cmake/export_autoware_auto_mapping_msgs__rosidl_generator_cExport.cmake
[6.839s] -- Up-to-date: /home/autoware/aichallenge2023-integration-final-main/install/autoware_auto_mapping_msgs/share/autoware_auto_mapping_msgs/cmake/export_autoware_auto_mapping_msgs__rosidl_generator_cExport-release.cmake
[6.840s] -- Up-to-date: /home/autoware/aichallenge2023-integration-final-main/install/autoware_auto_mapping_msgs/share/autoware_auto_mapping_msgs/cmake/export_autoware_auto_mapping_msgs__rosidl_typesupport_fastrtps_cExport.cmake
[6.840s] -- Up-to-date: /home/autoware/aichallenge2023-integration-final-main/install/autoware_auto_mapping_msgs/share/autoware_auto_mapping_msgs/cmake/export_autoware_auto_mapping_msgs__rosidl_typesupport_fastrtps_cExport-release.cmake
[6.840s] -- Up-to-date: /home/autoware/aichallenge2023-integration-final-main/install/autoware_auto_mapping_msgs/share/autoware_auto_mapping_msgs/cmake/autoware_auto_mapping_msgs__rosidl_typesupport_introspection_cExport.cmake
[6.840s] -- Up-to-date: /home/autoware/aichallenge2023-integration-final-main/install/autoware_auto_mapping_msgs/share/autoware_auto_mapping_msgs/cmake/autoware_auto_mapping_msgs__rosidl_typesupport_introspection_cExport-release.cmake
[6.840s] -- Up-to-date: /home/autoware/aichallenge2023-integration-final-main/install/autoware_auto_mapping_msgs/share/autoware_auto_mapping_msgs/cmake/autoware_auto_mapping_msgs__rosidl_typesupport_cExport.cmake
[6.840s] -- Up-to-date: /home/autoware/aichallenge2023-integration-final-main/install/autoware_auto_mapping_msgs/share/autoware_auto_mapping_msgs/cmake/autoware_auto_mapping_msgs__rosidl_typesupport_cExport-release.cmake
[6.840s] -- Up-to-date: /home/autoware/aichallenge2023-integration-final-main/install/autoware_auto_mapping_msgs/share/autoware_auto_mapping_msgs/cmake/export_autoware_auto_mapping_msgs__rosidl_generator_cppExport.cmake
[6.840s] -- Up-to-date: /home/autoware/aichallenge2023-integration-final-main/install/autoware_auto_mapping_msgs/share/autoware_auto_mapping_msgs/cmake/export_autoware_auto_mapping_msgs__rosidl_typesupport_fastrtps_cppExport.cmake
[6.840s] -- Up-to-date: /home/autoware/aichallenge2023-integration-final-main/install/autoware_auto_mapping_msgs/share/autoware_auto_mapping_msgs/cmake/export_autoware_auto_mapping_msgs__rosidl_typesupport_fastrtps_cppExport-release.cmake
[6.841s] -- Up-to-date: /home/autoware/aichallenge2023-integration-final-main/install/autoware_auto_mapping_msgs/share/autoware_auto_mapping_msgs/cmake/autoware_auto_mapping_msgs__rosidl_typesupport_introspection_cppExport.cmake
[6.841s] -- Up-to-date: /home/autoware/aichallenge2023-integration-final-main/install/autoware_auto_mapping_msgs/share/autoware_auto_mapping_msgs/cmake/autoware_auto_mapping_msgs__rosidl_typesupport_introspection_cppExport-release.cmake
[6.842s] -- Up-to-date: /home/autoware/aichallenge2023-integration-final-main/install/autoware_auto_mapping_msgs/share/autoware_auto_mapping_msgs/cmake/autoware_auto_mapping_msgs__rosidl_typesupport_cppExport.cmake
[6.844s] -- Up-to-date: /home/autoware/aichallenge2023-integration-final-main/install/autoware_auto_mapping_msgs/share/autoware_auto_mapping_msgs/cmake/autoware_auto_mapping_msgs__rosidl_typesupport_cppExport-release.cmake
[6.844s] -- Up-to-date: /home/autoware/aichallenge2023-integration-final-main/install/autoware_auto_mapping_msgs/share/autoware_auto_mapping_msgs/cmake/export_autoware_auto_mapping_msgs__rosidl_generator_pyExport.cmake
[6.844s] -- Up-to-date: /home/autoware/aichallenge2023-integration-final-main/install/autoware_auto_mapping_msgs/share/autoware_auto_mapping_msgs/cmake/export_autoware_auto_mapping_msgs__rosidl_generator_pyExport-release.cmake
[6.877s] Invoked command in '/home/autoware/aichallenge2023-integration-final-main/build/autoware_auto_mapping_msgs' returned '0': CMAKE_PREFIX_PATH=${CMAKE_PREFIX_PATH}:/home/autoware/aichallenge2023-integration-final-main/install/simulator_compatibility_test:/home/autoware/aichallenge2023-integration-final-main/install/ad_api_visualizers:/home/autoware/autoware/install/simulator_compatibility_test:/home/autoware/autoware/install/ad_api_visualizers:/opt/ros/humble /usr/bin/cmake --install /home/autoware/aichallenge2023-integration-final-main/build/autoware_auto_mapping_msgs
