[0.235s] Invoking command in '/home/autoware/aichallenge2023-integration-final-main/build/autoware_auto_system_msgs': CMAKE_PREFIX_PATH=${CMAKE_PREFIX_PATH}:/home/autoware/aichallenge2023-integration-final-main/install/simulator_compatibility_test:/home/autoware/aichallenge2023-integration-final-main/install/ad_api_visualizers:/home/autoware/autoware/install/simulator_compatibility_test:/home/autoware/autoware/install/ad_api_visualizers:/opt/ros/humble /usr/bin/cmake --build /home/autoware/aichallenge2023-integration-final-main/build/autoware_auto_system_msgs -- -j16 -l16
[0.987s] [  1%] Built target autoware_auto_system_msgs__cpp
[1.260s] [ 12%] Built target autoware_auto_system_msgs__rosidl_generator_c
[1.420s] [ 12%] Built target ament_cmake_python_symlink_autoware_auto_system_msgs
[1.596s] [ 24%] Built target autoware_auto_system_msgs__rosidl_typesupport_cpp
[2.042s] [ 35%] Built target autoware_auto_system_msgs__rosidl_typesupport_fastrtps_cpp
[2.253s] [ 46%] Built target autoware_auto_system_msgs__rosidl_typesupport_introspection_c
[2.288s] [ 58%] Built target autoware_auto_system_msgs__rosidl_typesupport_introspection_cpp
[2.295s] [ 69%] Built target autoware_auto_system_msgs__rosidl_typesupport_c
[2.296s] [ 81%] Built target autoware_auto_system_msgs__rosidl_typesupport_fastrtps_c
[2.879s] [ 81%] Built target autoware_auto_system_msgs
[3.078s] running egg_info
[3.079s] writing autoware_auto_system_msgs.egg-info/PKG-INFO
[3.080s] writing dependency_links to autoware_auto_system_msgs.egg-info/dependency_links.txt
[3.080s] writing top-level names to autoware_auto_system_msgs.egg-info/top_level.txt
[3.083s] reading manifest file 'autoware_auto_system_msgs.egg-info/SOURCES.txt'
[3.084s] writing manifest file 'autoware_auto_system_msgs.egg-info/SOURCES.txt'
[3.249s] [ 81%] Built target ament_cmake_python_build_autoware_auto_system_msgs_egg
[3.255s] [ 82%] Built target autoware_auto_system_msgs__py
[3.535s] [ 92%] Built target autoware_auto_system_msgs__rosidl_generator_py
[3.904s] [ 94%] Built target autoware_auto_system_msgs__rosidl_typesupport_c__pyext
[3.924s] [ 97%] Built target autoware_auto_system_msgs__rosidl_typesupport_fastrtps_c__pyext
[3.967s] [100%] Built target autoware_auto_system_msgs__rosidl_typesupport_introspection_c__pyext
[4.053s] Invoked command in '/home/autoware/aichallenge2023-integration-final-main/build/autoware_auto_system_msgs' returned '0': CMAKE_PREFIX_PATH=${CMAKE_PREFIX_PATH}:/home/autoware/aichallenge2023-integration-final-main/install/simulator_compatibility_test:/home/autoware/aichallenge2023-integration-final-main/install/ad_api_visualizers:/home/autoware/autoware/install/simulator_compatibility_test:/home/autoware/autoware/install/ad_api_visualizers:/opt/ros/humble /usr/bin/cmake --build /home/autoware/aichallenge2023-integration-final-main/build/autoware_auto_system_msgs -- -j16 -l16
[9.564s] Invoking command in '/home/autoware/aichallenge2023-integration-final-main/build/autoware_auto_system_msgs': CMAKE_PREFIX_PATH=${CMAKE_PREFIX_PATH}:/home/autoware/aichallenge2023-integration-final-main/install/simulator_compatibility_test:/home/autoware/aichallenge2023-integration-final-main/install/ad_api_visualizers:/home/autoware/autoware/install/simulator_compatibility_test:/home/autoware/autoware/install/ad_api_visualizers:/opt/ros/humble /usr/bin/cmake --install /home/autoware/aichallenge2023-integration-final-main/build/autoware_auto_system_msgs
[9.716s] -- Install configuration: "Release"
[9.717s] -- Execute custom install script
[9.718s] -- Up-to-date symlink: /home/autoware/aichallenge2023-integration-final-main/install/autoware_auto_system_msgs/share/ament_index/resource_index/rosidl_interfaces/autoware_auto_system_msgs
[9.719s] -- Up-to-date symlink: /home/autoware/aichallenge2023-integration-final-main/install/autoware_auto_system_msgs/include/autoware_auto_system_msgs/autoware_auto_system_msgs/msg/autoware_state.h
[9.719s] -- Up-to-date symlink: /home/autoware/aichallenge2023-integration-final-main/install/autoware_auto_system_msgs/include/autoware_auto_system_msgs/autoware_auto_system_msgs/msg/control_diagnostic.h
[9.720s] -- Up-to-date symlink: /home/autoware/aichallenge2023-integration-final-main/install/autoware_auto_system_msgs/include/autoware_auto_system_msgs/autoware_auto_system_msgs/msg/detail/autoware_state__functions.h
[9.720s] -- Up-to-date symlink: /home/autoware/aichallenge2023-integration-final-main/install/autoware_auto_system_msgs/include/autoware_auto_system_msgs/autoware_auto_system_msgs/msg/detail/autoware_state__struct.h
[9.720s] -- Up-to-date symlink: /home/autoware/aichallenge2023-integration-final-main/install/autoware_auto_system_msgs/include/autoware_auto_system_msgs/autoware_auto_system_msgs/msg/detail/autoware_state__type_support.h
[9.720s] -- Up-to-date symlink: /home/autoware/aichallenge2023-integration-final-main/install/autoware_auto_system_msgs/include/autoware_auto_system_msgs/autoware_auto_system_msgs/msg/detail/control_diagnostic__functions.h
[9.720s] -- Up-to-date symlink: /home/autoware/aichallenge2023-integration-final-main/install/autoware_auto_system_msgs/include/autoware_auto_system_msgs/autoware_auto_system_msgs/msg/detail/control_diagnostic__struct.h
[9.721s] -- Up-to-date symlink: /home/autoware/aichallenge2023-integration-final-main/install/autoware_auto_system_msgs/include/autoware_auto_system_msgs/autoware_auto_system_msgs/msg/detail/control_diagnostic__type_support.h
[9.721s] -- Up-to-date symlink: /home/autoware/aichallenge2023-integration-final-main/install/autoware_auto_system_msgs/include/autoware_auto_system_msgs/autoware_auto_system_msgs/msg/detail/diagnostic_header__functions.h
[9.721s] -- Up-to-date symlink: /home/autoware/aichallenge2023-integration-final-main/install/autoware_auto_system_msgs/include/autoware_auto_system_msgs/autoware_auto_system_msgs/msg/detail/diagnostic_header__struct.h
[9.721s] -- Up-to-date symlink: /home/autoware/aichallenge2023-integration-final-main/install/autoware_auto_system_msgs/include/autoware_auto_system_msgs/autoware_auto_system_msgs/msg/detail/diagnostic_header__type_support.h
[9.725s] -- Up-to-date symlink: /home/autoware/aichallenge2023-integration-final-main/install/autoware_auto_system_msgs/include/autoware_auto_system_msgs/autoware_auto_system_msgs/msg/detail/driving_capability__functions.h
[9.725s] -- Up-to-date symlink: /home/autoware/aichallenge2023-integration-final-main/install/autoware_auto_system_msgs/include/autoware_auto_system_msgs/autoware_auto_system_msgs/msg/detail/driving_capability__struct.h
[9.726s] -- Up-to-date symlink: /home/autoware/aichallenge2023-integration-final-main/install/autoware_auto_system_msgs/include/autoware_auto_system_msgs/autoware_auto_system_msgs/msg/detail/driving_capability__type_support.h
[9.726s] -- Up-to-date symlink: /home/autoware/aichallenge2023-integration-final-main/install/autoware_auto_system_msgs/include/autoware_auto_system_msgs/autoware_auto_system_msgs/msg/detail/emergency_state__functions.h
[9.726s] -- Up-to-date symlink: /home/autoware/aichallenge2023-integration-final-main/install/autoware_auto_system_msgs/include/autoware_auto_system_msgs/autoware_auto_system_msgs/msg/detail/emergency_state__struct.h
[9.726s] -- Up-to-date symlink: /home/autoware/aichallenge2023-integration-final-main/install/autoware_auto_system_msgs/include/autoware_auto_system_msgs/autoware_auto_system_msgs/msg/detail/emergency_state__type_support.h
[9.726s] -- Up-to-date symlink: /home/autoware/aichallenge2023-integration-final-main/install/autoware_auto_system_msgs/include/autoware_auto_system_msgs/autoware_auto_system_msgs/msg/detail/hazard_status__functions.h
[9.729s] -- Up-to-date symlink: /home/autoware/aichallenge2023-integration-final-main/install/autoware_auto_system_msgs/include/autoware_auto_system_msgs/autoware_auto_system_msgs/msg/detail/hazard_status__struct.h
[9.732s] -- Up-to-date symlink: /home/autoware/aichallenge2023-integration-final-main/install/autoware_auto_system_msgs/include/autoware_auto_system_msgs/autoware_auto_system_msgs/msg/detail/hazard_status__type_support.h
[9.733s] -- Up-to-date symlink: /home/autoware/aichallenge2023-integration-final-main/install/autoware_auto_system_msgs/include/autoware_auto_system_msgs/autoware_auto_system_msgs/msg/detail/hazard_status_stamped__functions.h
[9.733s] -- Up-to-date symlink: /home/autoware/aichallenge2023-integration-final-main/install/autoware_auto_system_msgs/include/autoware_auto_system_msgs/autoware_auto_system_msgs/msg/detail/hazard_status_stamped__struct.h
[9.733s] -- Up-to-date symlink: /home/autoware/aichallenge2023-integration-final-main/install/autoware_auto_system_msgs/include/autoware_auto_system_msgs/autoware_auto_system_msgs/msg/detail/hazard_status_stamped__type_support.h
[9.733s] -- Up-to-date symlink: /home/autoware/aichallenge2023-integration-final-main/install/autoware_auto_system_msgs/include/autoware_auto_system_msgs/autoware_auto_system_msgs/msg/diagnostic_header.h
[9.733s] -- Up-to-date symlink: /home/autoware/aichallenge2023-integration-final-main/install/autoware_auto_system_msgs/include/autoware_auto_system_msgs/autoware_auto_system_msgs/msg/driving_capability.h
[9.733s] -- Up-to-date symlink: /home/autoware/aichallenge2023-integration-final-main/install/autoware_auto_system_msgs/include/autoware_auto_system_msgs/autoware_auto_system_msgs/msg/emergency_state.h
[9.733s] -- Up-to-date symlink: /home/autoware/aichallenge2023-integration-final-main/install/autoware_auto_system_msgs/include/autoware_auto_system_msgs/autoware_auto_system_msgs/msg/hazard_status.h
[9.734s] -- Up-to-date symlink: /home/autoware/aichallenge2023-integration-final-main/install/autoware_auto_system_msgs/include/autoware_auto_system_msgs/autoware_auto_system_msgs/msg/hazard_status_stamped.h
[9.734s] -- Up-to-date symlink: /home/autoware/aichallenge2023-integration-final-main/install/autoware_auto_system_msgs/include/autoware_auto_system_msgs/autoware_auto_system_msgs/msg/rosidl_generator_c__visibility_control.h
[9.734s] -- Up-to-date symlink: /home/autoware/aichallenge2023-integration-final-main/install/autoware_auto_system_msgs/share/autoware_auto_system_msgs/environment/library_path.sh
[9.736s] -- Up-to-date symlink: /home/autoware/aichallenge2023-integration-final-main/install/autoware_auto_system_msgs/share/autoware_auto_system_msgs/environment/library_path.dsv
[9.738s] -- Up-to-date symlink: /home/autoware/aichallenge2023-integration-final-main/install/autoware_auto_system_msgs/include/autoware_auto_system_msgs/autoware_auto_system_msgs/msg/detail/autoware_state__rosidl_typesupport_fastrtps_c.h
[9.738s] -- Up-to-date symlink: /home/autoware/aichallenge2023-integration-final-main/install/autoware_auto_system_msgs/include/autoware_auto_system_msgs/autoware_auto_system_msgs/msg/detail/control_diagnostic__rosidl_typesupport_fastrtps_c.h
[9.739s] -- Up-to-date symlink: /home/autoware/aichallenge2023-integration-final-main/install/autoware_auto_system_msgs/include/autoware_auto_system_msgs/autoware_auto_system_msgs/msg/detail/diagnostic_header__rosidl_typesupport_fastrtps_c.h
[9.739s] -- Up-to-date symlink: /home/autoware/aichallenge2023-integration-final-main/install/autoware_auto_system_msgs/include/autoware_auto_system_msgs/autoware_auto_system_msgs/msg/detail/driving_capability__rosidl_typesupport_fastrtps_c.h
[9.739s] -- Up-to-date symlink: /home/autoware/aichallenge2023-integration-final-main/install/autoware_auto_system_msgs/include/autoware_auto_system_msgs/autoware_auto_system_msgs/msg/detail/emergency_state__rosidl_typesupport_fastrtps_c.h
[9.739s] -- Up-to-date symlink: /home/autoware/aichallenge2023-integration-final-main/install/autoware_auto_system_msgs/include/autoware_auto_system_msgs/autoware_auto_system_msgs/msg/detail/hazard_status__rosidl_typesupport_fastrtps_c.h
[9.740s] -- Up-to-date symlink: /home/autoware/aichallenge2023-integration-final-main/install/autoware_auto_system_msgs/include/autoware_auto_system_msgs/autoware_auto_system_msgs/msg/detail/hazard_status_stamped__rosidl_typesupport_fastrtps_c.h
[9.740s] -- Up-to-date symlink: /home/autoware/aichallenge2023-integration-final-main/install/autoware_auto_system_msgs/include/autoware_auto_system_msgs/autoware_auto_system_msgs/msg/rosidl_typesupport_fastrtps_c__visibility_control.h
[9.741s] -- Up-to-date symlink: /home/autoware/aichallenge2023-integration-final-main/install/autoware_auto_system_msgs/include/autoware_auto_system_msgs/autoware_auto_system_msgs/msg/detail/autoware_state__rosidl_typesupport_introspection_c.h
[9.741s] -- Up-to-date symlink: /home/autoware/aichallenge2023-integration-final-main/install/autoware_auto_system_msgs/include/autoware_auto_system_msgs/autoware_auto_system_msgs/msg/detail/control_diagnostic__rosidl_typesupport_introspection_c.h
[9.741s] -- Up-to-date symlink: /home/autoware/aichallenge2023-integration-final-main/install/autoware_auto_system_msgs/include/autoware_auto_system_msgs/autoware_auto_system_msgs/msg/detail/diagnostic_header__rosidl_typesupport_introspection_c.h
[9.741s] -- Up-to-date symlink: /home/autoware/aichallenge2023-integration-final-main/install/autoware_auto_system_msgs/include/autoware_auto_system_msgs/autoware_auto_system_msgs/msg/detail/driving_capability__rosidl_typesupport_introspection_c.h
[9.742s] -- Up-to-date symlink: /home/autoware/aichallenge2023-integration-final-main/install/autoware_auto_system_msgs/include/autoware_auto_system_msgs/autoware_auto_system_msgs/msg/detail/emergency_state__rosidl_typesupport_introspection_c.h
[9.742s] -- Up-to-date symlink: /home/autoware/aichallenge2023-integration-final-main/install/autoware_auto_system_msgs/include/autoware_auto_system_msgs/autoware_auto_system_msgs/msg/detail/hazard_status__rosidl_typesupport_introspection_c.h
[9.742s] -- Up-to-date symlink: /home/autoware/aichallenge2023-integration-final-main/install/autoware_auto_system_msgs/include/autoware_auto_system_msgs/autoware_auto_system_msgs/msg/detail/hazard_status_stamped__rosidl_typesupport_introspection_c.h
[9.742s] -- Up-to-date symlink: /home/autoware/aichallenge2023-integration-final-main/install/autoware_auto_system_msgs/include/autoware_auto_system_msgs/autoware_auto_system_msgs/msg/rosidl_typesupport_introspection_c__visibility_control.h
[9.744s] -- Up-to-date symlink: /home/autoware/aichallenge2023-integration-final-main/install/autoware_auto_system_msgs/include/autoware_auto_system_msgs/autoware_auto_system_msgs/msg/autoware_state.hpp
[9.744s] -- Up-to-date symlink: /home/autoware/aichallenge2023-integration-final-main/install/autoware_auto_system_msgs/include/autoware_auto_system_msgs/autoware_auto_system_msgs/msg/control_diagnostic.hpp
[9.745s] -- Up-to-date symlink: /home/autoware/aichallenge2023-integration-final-main/install/autoware_auto_system_msgs/include/autoware_auto_system_msgs/autoware_auto_system_msgs/msg/detail/autoware_state__builder.hpp
[9.745s] -- Up-to-date symlink: /home/autoware/aichallenge2023-integration-final-main/install/autoware_auto_system_msgs/include/autoware_auto_system_msgs/autoware_auto_system_msgs/msg/detail/autoware_state__struct.hpp
[9.745s] -- Up-to-date symlink: /home/autoware/aichallenge2023-integration-final-main/install/autoware_auto_system_msgs/include/autoware_auto_system_msgs/autoware_auto_system_msgs/msg/detail/autoware_state__traits.hpp
[9.745s] -- Up-to-date symlink: /home/autoware/aichallenge2023-integration-final-main/install/autoware_auto_system_msgs/include/autoware_auto_system_msgs/autoware_auto_system_msgs/msg/detail/control_diagnostic__builder.hpp
[9.745s] -- Up-to-date symlink: /home/autoware/aichallenge2023-integration-final-main/install/autoware_auto_system_msgs/include/autoware_auto_system_msgs/autoware_auto_system_msgs/msg/detail/control_diagnostic__struct.hpp
[9.746s] -- Up-to-date symlink: /home/autoware/aichallenge2023-integration-final-main/install/autoware_auto_system_msgs/include/autoware_auto_system_msgs/autoware_auto_system_msgs/msg/detail/control_diagnostic__traits.hpp
[9.746s] -- Up-to-date symlink: /home/autoware/aichallenge2023-integration-final-main/install/autoware_auto_system_msgs/include/autoware_auto_system_msgs/autoware_auto_system_msgs/msg/detail/diagnostic_header__builder.hpp
[9.746s] -- Up-to-date symlink: /home/autoware/aichallenge2023-integration-final-main/install/autoware_auto_system_msgs/include/autoware_auto_system_msgs/autoware_auto_system_msgs/msg/detail/diagnostic_header__struct.hpp
[9.746s] -- Up-to-date symlink: /home/autoware/aichallenge2023-integration-final-main/install/autoware_auto_system_msgs/include/autoware_auto_system_msgs/autoware_auto_system_msgs/msg/detail/diagnostic_header__traits.hpp
[9.747s] -- Up-to-date symlink: /home/autoware/aichallenge2023-integration-final-main/install/autoware_auto_system_msgs/include/autoware_auto_system_msgs/autoware_auto_system_msgs/msg/detail/driving_capability__builder.hpp
[9.747s] -- Up-to-date symlink: /home/autoware/aichallenge2023-integration-final-main/install/autoware_auto_system_msgs/include/autoware_auto_system_msgs/autoware_auto_system_msgs/msg/detail/driving_capability__struct.hpp
[9.747s] -- Up-to-date symlink: /home/autoware/aichallenge2023-integration-final-main/install/autoware_auto_system_msgs/include/autoware_auto_system_msgs/autoware_auto_system_msgs/msg/detail/driving_capability__traits.hpp
[9.747s] -- Up-to-date symlink: /home/autoware/aichallenge2023-integration-final-main/install/autoware_auto_system_msgs/include/autoware_auto_system_msgs/autoware_auto_system_msgs/msg/detail/emergency_state__builder.hpp
[9.747s] -- Up-to-date symlink: /home/autoware/aichallenge2023-integration-final-main/install/autoware_auto_system_msgs/include/autoware_auto_system_msgs/autoware_auto_system_msgs/msg/detail/emergency_state__struct.hpp
[9.748s] -- Up-to-date symlink: /home/autoware/aichallenge2023-integration-final-main/install/autoware_auto_system_msgs/include/autoware_auto_system_msgs/autoware_auto_system_msgs/msg/detail/emergency_state__traits.hpp
[9.748s] -- Up-to-date symlink: /home/autoware/aichallenge2023-integration-final-main/install/autoware_auto_system_msgs/include/autoware_auto_system_msgs/autoware_auto_system_msgs/msg/detail/hazard_status__builder.hpp
[9.748s] -- Up-to-date symlink: /home/autoware/aichallenge2023-integration-final-main/install/autoware_auto_system_msgs/include/autoware_auto_system_msgs/autoware_auto_system_msgs/msg/detail/hazard_status__struct.hpp
[9.748s] -- Up-to-date symlink: /home/autoware/aichallenge2023-integration-final-main/install/autoware_auto_system_msgs/include/autoware_auto_system_msgs/autoware_auto_system_msgs/msg/detail/hazard_status__traits.hpp
[9.749s] -- Up-to-date symlink: /home/autoware/aichallenge2023-integration-final-main/install/autoware_auto_system_msgs/include/autoware_auto_system_msgs/autoware_auto_system_msgs/msg/detail/hazard_status_stamped__builder.hpp
[9.749s] -- Up-to-date symlink: /home/autoware/aichallenge2023-integration-final-main/install/autoware_auto_system_msgs/include/autoware_auto_system_msgs/autoware_auto_system_msgs/msg/detail/hazard_status_stamped__struct.hpp
[9.749s] -- Up-to-date symlink: /home/autoware/aichallenge2023-integration-final-main/install/autoware_auto_system_msgs/include/autoware_auto_system_msgs/autoware_auto_system_msgs/msg/detail/hazard_status_stamped__traits.hpp
[9.749s] -- Up-to-date symlink: /home/autoware/aichallenge2023-integration-final-main/install/autoware_auto_system_msgs/include/autoware_auto_system_msgs/autoware_auto_system_msgs/msg/diagnostic_header.hpp
[9.749s] -- Up-to-date symlink: /home/autoware/aichallenge2023-integration-final-main/install/autoware_auto_system_msgs/include/autoware_auto_system_msgs/autoware_auto_system_msgs/msg/driving_capability.hpp
[9.750s] -- Up-to-date symlink: /home/autoware/aichallenge2023-integration-final-main/install/autoware_auto_system_msgs/include/autoware_auto_system_msgs/autoware_auto_system_msgs/msg/emergency_state.hpp
[9.750s] -- Up-to-date symlink: /home/autoware/aichallenge2023-integration-final-main/install/autoware_auto_system_msgs/include/autoware_auto_system_msgs/autoware_auto_system_msgs/msg/hazard_status.hpp
[9.750s] -- Up-to-date symlink: /home/autoware/aichallenge2023-integration-final-main/install/autoware_auto_system_msgs/include/autoware_auto_system_msgs/autoware_auto_system_msgs/msg/hazard_status_stamped.hpp
[9.757s] -- Up-to-date symlink: /home/autoware/aichallenge2023-integration-final-main/install/autoware_auto_system_msgs/include/autoware_auto_system_msgs/autoware_auto_system_msgs/msg/detail/autoware_state__rosidl_typesupport_fastrtps_cpp.hpp
[9.758s] -- Up-to-date symlink: /home/autoware/aichallenge2023-integration-final-main/install/autoware_auto_system_msgs/include/autoware_auto_system_msgs/autoware_auto_system_msgs/msg/detail/control_diagnostic__rosidl_typesupport_fastrtps_cpp.hpp
[9.758s] -- Up-to-date symlink: /home/autoware/aichallenge2023-integration-final-main/install/autoware_auto_system_msgs/include/autoware_auto_system_msgs/autoware_auto_system_msgs/msg/detail/diagnostic_header__rosidl_typesupport_fastrtps_cpp.hpp
[9.758s] -- Up-to-date symlink: /home/autoware/aichallenge2023-integration-final-main/install/autoware_auto_system_msgs/include/autoware_auto_system_msgs/autoware_auto_system_msgs/msg/detail/driving_capability__rosidl_typesupport_fastrtps_cpp.hpp
[9.758s] -- Up-to-date symlink: /home/autoware/aichallenge2023-integration-final-main/install/autoware_auto_system_msgs/include/autoware_auto_system_msgs/autoware_auto_system_msgs/msg/detail/emergency_state__rosidl_typesupport_fastrtps_cpp.hpp
[9.758s] -- Up-to-date symlink: /home/autoware/aichallenge2023-integration-final-main/install/autoware_auto_system_msgs/include/autoware_auto_system_msgs/autoware_auto_system_msgs/msg/detail/hazard_status__rosidl_typesupport_fastrtps_cpp.hpp
[9.758s] -- Up-to-date symlink: /home/autoware/aichallenge2023-integration-final-main/install/autoware_auto_system_msgs/include/autoware_auto_system_msgs/autoware_auto_system_msgs/msg/detail/hazard_status_stamped__rosidl_typesupport_fastrtps_cpp.hpp
[9.758s] -- Up-to-date symlink: /home/autoware/aichallenge2023-integration-final-main/install/autoware_auto_system_msgs/include/autoware_auto_system_msgs/autoware_auto_system_msgs/msg/rosidl_typesupport_fastrtps_cpp__visibility_control.h
[9.759s] -- Up-to-date symlink: /home/autoware/aichallenge2023-integration-final-main/install/autoware_auto_system_msgs/include/autoware_auto_system_msgs/autoware_auto_system_msgs/msg/detail/autoware_state__rosidl_typesupport_introspection_cpp.hpp
[9.759s] -- Up-to-date symlink: /home/autoware/aichallenge2023-integration-final-main/install/autoware_auto_system_msgs/include/autoware_auto_system_msgs/autoware_auto_system_msgs/msg/detail/control_diagnostic__rosidl_typesupport_introspection_cpp.hpp
[9.759s] -- Up-to-date symlink: /home/autoware/aichallenge2023-integration-final-main/install/autoware_auto_system_msgs/include/autoware_auto_system_msgs/autoware_auto_system_msgs/msg/detail/diagnostic_header__rosidl_typesupport_introspection_cpp.hpp
[9.759s] -- Up-to-date symlink: /home/autoware/aichallenge2023-integration-final-main/install/autoware_auto_system_msgs/include/autoware_auto_system_msgs/autoware_auto_system_msgs/msg/detail/driving_capability__rosidl_typesupport_introspection_cpp.hpp
[9.760s] -- Up-to-date symlink: /home/autoware/aichallenge2023-integration-final-main/install/autoware_auto_system_msgs/include/autoware_auto_system_msgs/autoware_auto_system_msgs/msg/detail/emergency_state__rosidl_typesupport_introspection_cpp.hpp
[9.760s] -- Up-to-date symlink: /home/autoware/aichallenge2023-integration-final-main/install/autoware_auto_system_msgs/include/autoware_auto_system_msgs/autoware_auto_system_msgs/msg/detail/hazard_status__rosidl_typesupport_introspection_cpp.hpp
[9.760s] -- Up-to-date symlink: /home/autoware/aichallenge2023-integration-final-main/install/autoware_auto_system_msgs/include/autoware_auto_system_msgs/autoware_auto_system_msgs/msg/detail/hazard_status_stamped__rosidl_typesupport_introspection_cpp.hpp
[9.760s] -- Up-to-date symlink: /home/autoware/aichallenge2023-integration-final-main/install/autoware_auto_system_msgs/share/autoware_auto_system_msgs/environment/pythonpath.sh
[9.761s] -- Up-to-date symlink: /home/autoware/aichallenge2023-integration-final-main/install/autoware_auto_system_msgs/share/autoware_auto_system_msgs/environment/pythonpath.dsv
[9.767s] -- Up-to-date symlink: /home/autoware/aichallenge2023-integration-final-main/install/autoware_auto_system_msgs/local/lib/python3.10/dist-packages/autoware_auto_system_msgs-1.0.0-py3.10.egg-info/PKG-INFO
[9.767s] -- Up-to-date symlink: /home/autoware/aichallenge2023-integration-final-main/install/autoware_auto_system_msgs/local/lib/python3.10/dist-packages/autoware_auto_system_msgs-1.0.0-py3.10.egg-info/SOURCES.txt
[9.767s] -- Up-to-date symlink: /home/autoware/aichallenge2023-integration-final-main/install/autoware_auto_system_msgs/local/lib/python3.10/dist-packages/autoware_auto_system_msgs-1.0.0-py3.10.egg-info/dependency_links.txt
[9.768s] -- Up-to-date symlink: /home/autoware/aichallenge2023-integration-final-main/install/autoware_auto_system_msgs/local/lib/python3.10/dist-packages/autoware_auto_system_msgs-1.0.0-py3.10.egg-info/top_level.txt
[9.768s] -- Up-to-date symlink: /home/autoware/aichallenge2023-integration-final-main/install/autoware_auto_system_msgs/local/lib/python3.10/dist-packages/autoware_auto_system_msgs/__init__.py
[9.768s] -- Up-to-date symlink: /home/autoware/aichallenge2023-integration-final-main/install/autoware_auto_system_msgs/local/lib/python3.10/dist-packages/autoware_auto_system_msgs/_autoware_auto_system_msgs_s.ep.rosidl_typesupport_c.c
[9.768s] -- Up-to-date symlink: /home/autoware/aichallenge2023-integration-final-main/install/autoware_auto_system_msgs/local/lib/python3.10/dist-packages/autoware_auto_system_msgs/_autoware_auto_system_msgs_s.ep.rosidl_typesupport_fastrtps_c.c
[9.769s] -- Up-to-date symlink: /home/autoware/aichallenge2023-integration-final-main/install/autoware_auto_system_msgs/local/lib/python3.10/dist-packages/autoware_auto_system_msgs/_autoware_auto_system_msgs_s.ep.rosidl_typesupport_introspection_c.c
[9.769s] -- Up-to-date symlink: /home/autoware/aichallenge2023-integration-final-main/install/autoware_auto_system_msgs/local/lib/python3.10/dist-packages/autoware_auto_system_msgs/autoware_auto_system_msgs_s__rosidl_typesupport_c.cpython-310-x86_64-linux-gnu.so
[9.769s] -- Up-to-date symlink: /home/autoware/aichallenge2023-integration-final-main/install/autoware_auto_system_msgs/local/lib/python3.10/dist-packages/autoware_auto_system_msgs/autoware_auto_system_msgs_s__rosidl_typesupport_fastrtps_c.cpython-310-x86_64-linux-gnu.so
[9.769s] -- Up-to-date symlink: /home/autoware/aichallenge2023-integration-final-main/install/autoware_auto_system_msgs/local/lib/python3.10/dist-packages/autoware_auto_system_msgs/autoware_auto_system_msgs_s__rosidl_typesupport_introspection_c.cpython-310-x86_64-linux-gnu.so
[9.769s] -- Up-to-date symlink: /home/autoware/aichallenge2023-integration-final-main/install/autoware_auto_system_msgs/local/lib/python3.10/dist-packages/autoware_auto_system_msgs/libautoware_auto_system_msgs__rosidl_generator_py.so
[9.770s] -- Up-to-date symlink: /home/autoware/aichallenge2023-integration-final-main/install/autoware_auto_system_msgs/local/lib/python3.10/dist-packages/autoware_auto_system_msgs/msg/__init__.py
[9.770s] -- Up-to-date symlink: /home/autoware/aichallenge2023-integration-final-main/install/autoware_auto_system_msgs/local/lib/python3.10/dist-packages/autoware_auto_system_msgs/msg/_autoware_state.py
[9.770s] -- Up-to-date symlink: /home/autoware/aichallenge2023-integration-final-main/install/autoware_auto_system_msgs/local/lib/python3.10/dist-packages/autoware_auto_system_msgs/msg/_autoware_state_s.c
[9.770s] -- Up-to-date symlink: /home/autoware/aichallenge2023-integration-final-main/install/autoware_auto_system_msgs/local/lib/python3.10/dist-packages/autoware_auto_system_msgs/msg/_control_diagnostic.py
[9.770s] -- Up-to-date symlink: /home/autoware/aichallenge2023-integration-final-main/install/autoware_auto_system_msgs/local/lib/python3.10/dist-packages/autoware_auto_system_msgs/msg/_control_diagnostic_s.c
[9.771s] -- Up-to-date symlink: /home/autoware/aichallenge2023-integration-final-main/install/autoware_auto_system_msgs/local/lib/python3.10/dist-packages/autoware_auto_system_msgs/msg/_diagnostic_header.py
[9.772s] -- Up-to-date symlink: /home/autoware/aichallenge2023-integration-final-main/install/autoware_auto_system_msgs/local/lib/python3.10/dist-packages/autoware_auto_system_msgs/msg/_diagnostic_header_s.c
[9.772s] -- Up-to-date symlink: /home/autoware/aichallenge2023-integration-final-main/install/autoware_auto_system_msgs/local/lib/python3.10/dist-packages/autoware_auto_system_msgs/msg/_driving_capability.py
[9.772s] -- Up-to-date symlink: /home/autoware/aichallenge2023-integration-final-main/install/autoware_auto_system_msgs/local/lib/python3.10/dist-packages/autoware_auto_system_msgs/msg/_driving_capability_s.c
[9.772s] -- Up-to-date symlink: /home/autoware/aichallenge2023-integration-final-main/install/autoware_auto_system_msgs/local/lib/python3.10/dist-packages/autoware_auto_system_msgs/msg/_emergency_state.py
[9.772s] -- Up-to-date symlink: /home/autoware/aichallenge2023-integration-final-main/install/autoware_auto_system_msgs/local/lib/python3.10/dist-packages/autoware_auto_system_msgs/msg/_emergency_state_s.c
[9.773s] -- Up-to-date symlink: /home/autoware/aichallenge2023-integration-final-main/install/autoware_auto_system_msgs/local/lib/python3.10/dist-packages/autoware_auto_system_msgs/msg/_hazard_status.py
[9.773s] -- Up-to-date symlink: /home/autoware/aichallenge2023-integration-final-main/install/autoware_auto_system_msgs/local/lib/python3.10/dist-packages/autoware_auto_system_msgs/msg/_hazard_status_s.c
[9.773s] -- Up-to-date symlink: /home/autoware/aichallenge2023-integration-final-main/install/autoware_auto_system_msgs/local/lib/python3.10/dist-packages/autoware_auto_system_msgs/msg/_hazard_status_stamped.py
[9.773s] -- Up-to-date symlink: /home/autoware/aichallenge2023-integration-final-main/install/autoware_auto_system_msgs/local/lib/python3.10/dist-packages/autoware_auto_system_msgs/msg/_hazard_status_stamped_s.c
[9.774s] -- Up-to-date symlink: /home/autoware/aichallenge2023-integration-final-main/install/autoware_auto_system_msgs/local/lib/python3.10/dist-packages/autoware_auto_system_msgs/autoware_auto_system_msgs_s__rosidl_typesupport_fastrtps_c.cpython-310-x86_64-linux-gnu.so
[9.775s] -- Up-to-date symlink: /home/autoware/aichallenge2023-integration-final-main/install/autoware_auto_system_msgs/local/lib/python3.10/dist-packages/autoware_auto_system_msgs/autoware_auto_system_msgs_s__rosidl_typesupport_introspection_c.cpython-310-x86_64-linux-gnu.so
[9.782s] -- Up-to-date symlink: /home/autoware/aichallenge2023-integration-final-main/install/autoware_auto_system_msgs/local/lib/python3.10/dist-packages/autoware_auto_system_msgs/autoware_auto_system_msgs_s__rosidl_typesupport_c.cpython-310-x86_64-linux-gnu.so
[9.782s] -- Up-to-date symlink: /home/autoware/aichallenge2023-integration-final-main/install/autoware_auto_system_msgs/share/autoware_auto_system_msgs/msg/AutowareState.idl
[9.782s] -- Up-to-date symlink: /home/autoware/aichallenge2023-integration-final-main/install/autoware_auto_system_msgs/share/autoware_auto_system_msgs/msg/ControlDiagnostic.idl
[9.782s] -- Up-to-date symlink: /home/autoware/aichallenge2023-integration-final-main/install/autoware_auto_system_msgs/share/autoware_auto_system_msgs/msg/DiagnosticHeader.idl
[9.782s] -- Up-to-date symlink: /home/autoware/aichallenge2023-integration-final-main/install/autoware_auto_system_msgs/share/autoware_auto_system_msgs/msg/DrivingCapability.idl
[9.782s] -- Up-to-date symlink: /home/autoware/aichallenge2023-integration-final-main/install/autoware_auto_system_msgs/share/autoware_auto_system_msgs/msg/EmergencyState.idl
[9.782s] -- Up-to-date symlink: /home/autoware/aichallenge2023-integration-final-main/install/autoware_auto_system_msgs/share/autoware_auto_system_msgs/msg/HazardStatus.idl
[9.783s] -- Up-to-date symlink: /home/autoware/aichallenge2023-integration-final-main/install/autoware_auto_system_msgs/share/autoware_auto_system_msgs/msg/HazardStatusStamped.idl
[9.783s] -- Up-to-date symlink: /home/autoware/aichallenge2023-integration-final-main/install/autoware_auto_system_msgs/share/ament_index/resource_index/package_run_dependencies/autoware_auto_system_msgs
[9.783s] -- Up-to-date symlink: /home/autoware/aichallenge2023-integration-final-main/install/autoware_auto_system_msgs/share/ament_index/resource_index/parent_prefix_path/autoware_auto_system_msgs
[9.783s] -- Up-to-date symlink: /home/autoware/aichallenge2023-integration-final-main/install/autoware_auto_system_msgs/share/autoware_auto_system_msgs/environment/ament_prefix_path.sh
[9.783s] -- Up-to-date symlink: /home/autoware/aichallenge2023-integration-final-main/install/autoware_auto_system_msgs/share/autoware_auto_system_msgs/environment/ament_prefix_path.dsv
[9.783s] -- Up-to-date symlink: /home/autoware/aichallenge2023-integration-final-main/install/autoware_auto_system_msgs/share/autoware_auto_system_msgs/environment/path.sh
[9.783s] -- Up-to-date symlink: /home/autoware/aichallenge2023-integration-final-main/install/autoware_auto_system_msgs/share/autoware_auto_system_msgs/environment/path.dsv
[9.783s] -- Up-to-date symlink: /home/autoware/aichallenge2023-integration-final-main/install/autoware_auto_system_msgs/share/autoware_auto_system_msgs/local_setup.bash
[9.784s] -- Up-to-date symlink: /home/autoware/aichallenge2023-integration-final-main/install/autoware_auto_system_msgs/share/autoware_auto_system_msgs/local_setup.sh
[9.784s] -- Up-to-date symlink: /home/autoware/aichallenge2023-integration-final-main/install/autoware_auto_system_msgs/share/autoware_auto_system_msgs/local_setup.zsh
[9.784s] -- Up-to-date symlink: /home/autoware/aichallenge2023-integration-final-main/install/autoware_auto_system_msgs/share/autoware_auto_system_msgs/local_setup.dsv
[9.784s] -- Symlinking: /home/autoware/aichallenge2023-integration-final-main/install/autoware_auto_system_msgs/share/autoware_auto_system_msgs/package.dsv
[9.902s] -- Up-to-date symlink: /home/autoware/aichallenge2023-integration-final-main/install/autoware_auto_system_msgs/share/ament_index/resource_index/packages/autoware_auto_system_msgs
[9.903s] -- Up-to-date symlink: /home/autoware/aichallenge2023-integration-final-main/install/autoware_auto_system_msgs/share/autoware_auto_system_msgs/cmake/rosidl_cmake-extras.cmake
[9.904s] -- Up-to-date symlink: /home/autoware/aichallenge2023-integration-final-main/install/autoware_auto_system_msgs/share/autoware_auto_system_msgs/cmake/ament_cmake_export_dependencies-extras.cmake
[9.904s] -- Up-to-date symlink: /home/autoware/aichallenge2023-integration-final-main/install/autoware_auto_system_msgs/share/autoware_auto_system_msgs/cmake/ament_cmake_export_include_directories-extras.cmake
[9.905s] -- Up-to-date symlink: /home/autoware/aichallenge2023-integration-final-main/install/autoware_auto_system_msgs/share/autoware_auto_system_msgs/cmake/ament_cmake_export_libraries-extras.cmake
[9.906s] -- Up-to-date symlink: /home/autoware/aichallenge2023-integration-final-main/install/autoware_auto_system_msgs/share/autoware_auto_system_msgs/cmake/ament_cmake_export_targets-extras.cmake
[9.906s] -- Up-to-date symlink: /home/autoware/aichallenge2023-integration-final-main/install/autoware_auto_system_msgs/share/autoware_auto_system_msgs/cmake/rosidl_cmake_export_typesupport_targets-extras.cmake
[9.907s] -- Up-to-date symlink: /home/autoware/aichallenge2023-integration-final-main/install/autoware_auto_system_msgs/share/autoware_auto_system_msgs/cmake/rosidl_cmake_export_typesupport_libraries-extras.cmake
[9.908s] -- Up-to-date symlink: /home/autoware/aichallenge2023-integration-final-main/install/autoware_auto_system_msgs/share/autoware_auto_system_msgs/cmake/autoware_auto_system_msgsConfig.cmake
[9.908s] -- Up-to-date symlink: /home/autoware/aichallenge2023-integration-final-main/install/autoware_auto_system_msgs/share/autoware_auto_system_msgs/cmake/autoware_auto_system_msgsConfig-version.cmake
[9.909s] -- Up-to-date symlink: /home/autoware/aichallenge2023-integration-final-main/install/autoware_auto_system_msgs/share/autoware_auto_system_msgs/package.xml
[9.909s] -- Up-to-date: /home/autoware/aichallenge2023-integration-final-main/install/autoware_auto_system_msgs/lib/libautoware_auto_system_msgs__rosidl_generator_c.so
[9.910s] -- Up-to-date: /home/autoware/aichallenge2023-integration-final-main/install/autoware_auto_system_msgs/lib/libautoware_auto_system_msgs__rosidl_typesupport_fastrtps_c.so
[9.911s] -- Up-to-date: /home/autoware/aichallenge2023-integration-final-main/install/autoware_auto_system_msgs/lib/libautoware_auto_system_msgs__rosidl_typesupport_introspection_c.so
[9.912s] -- Up-to-date: /home/autoware/aichallenge2023-integration-final-main/install/autoware_auto_system_msgs/lib/libautoware_auto_system_msgs__rosidl_typesupport_c.so
[9.913s] -- Up-to-date: /home/autoware/aichallenge2023-integration-final-main/install/autoware_auto_system_msgs/lib/libautoware_auto_system_msgs__rosidl_typesupport_fastrtps_cpp.so
[9.916s] -- Up-to-date: /home/autoware/aichallenge2023-integration-final-main/install/autoware_auto_system_msgs/lib/libautoware_auto_system_msgs__rosidl_typesupport_introspection_cpp.so
[9.916s] -- Up-to-date: /home/autoware/aichallenge2023-integration-final-main/install/autoware_auto_system_msgs/lib/libautoware_auto_system_msgs__rosidl_typesupport_cpp.so
[10.185s] Listing '/home/autoware/aichallenge2023-integration-final-main/install/autoware_auto_system_msgs/local/lib/python3.10/dist-packages/autoware_auto_system_msgs'...
[10.185s] Listing '/home/autoware/aichallenge2023-integration-final-main/install/autoware_auto_system_msgs/local/lib/python3.10/dist-packages/autoware_auto_system_msgs/msg'...
[10.198s] -- Up-to-date: /home/autoware/aichallenge2023-integration-final-main/install/autoware_auto_system_msgs/lib/libautoware_auto_system_msgs__rosidl_generator_py.so
[10.199s] -- Up-to-date: /home/autoware/aichallenge2023-integration-final-main/install/autoware_auto_system_msgs/share/autoware_auto_system_msgs/cmake/export_autoware_auto_system_msgs__rosidl_generator_cExport.cmake
[10.199s] -- Up-to-date: /home/autoware/aichallenge2023-integration-final-main/install/autoware_auto_system_msgs/share/autoware_auto_system_msgs/cmake/export_autoware_auto_system_msgs__rosidl_generator_cExport-release.cmake
[10.200s] -- Up-to-date: /home/autoware/aichallenge2023-integration-final-main/install/autoware_auto_system_msgs/share/autoware_auto_system_msgs/cmake/export_autoware_auto_system_msgs__rosidl_typesupport_fastrtps_cExport.cmake
[10.200s] -- Up-to-date: /home/autoware/aichallenge2023-integration-final-main/install/autoware_auto_system_msgs/share/autoware_auto_system_msgs/cmake/export_autoware_auto_system_msgs__rosidl_typesupport_fastrtps_cExport-release.cmake
[10.200s] -- Up-to-date: /home/autoware/aichallenge2023-integration-final-main/install/autoware_auto_system_msgs/share/autoware_auto_system_msgs/cmake/autoware_auto_system_msgs__rosidl_typesupport_introspection_cExport.cmake
[10.201s] -- Up-to-date: /home/autoware/aichallenge2023-integration-final-main/install/autoware_auto_system_msgs/share/autoware_auto_system_msgs/cmake/autoware_auto_system_msgs__rosidl_typesupport_introspection_cExport-release.cmake
[10.201s] -- Up-to-date: /home/autoware/aichallenge2023-integration-final-main/install/autoware_auto_system_msgs/share/autoware_auto_system_msgs/cmake/autoware_auto_system_msgs__rosidl_typesupport_cExport.cmake
[10.202s] -- Up-to-date: /home/autoware/aichallenge2023-integration-final-main/install/autoware_auto_system_msgs/share/autoware_auto_system_msgs/cmake/autoware_auto_system_msgs__rosidl_typesupport_cExport-release.cmake
[10.202s] -- Up-to-date: /home/autoware/aichallenge2023-integration-final-main/install/autoware_auto_system_msgs/share/autoware_auto_system_msgs/cmake/export_autoware_auto_system_msgs__rosidl_generator_cppExport.cmake
[10.203s] -- Up-to-date: /home/autoware/aichallenge2023-integration-final-main/install/autoware_auto_system_msgs/share/autoware_auto_system_msgs/cmake/export_autoware_auto_system_msgs__rosidl_typesupport_fastrtps_cppExport.cmake
[10.203s] -- Up-to-date: /home/autoware/aichallenge2023-integration-final-main/install/autoware_auto_system_msgs/share/autoware_auto_system_msgs/cmake/export_autoware_auto_system_msgs__rosidl_typesupport_fastrtps_cppExport-release.cmake
[10.204s] -- Up-to-date: /home/autoware/aichallenge2023-integration-final-main/install/autoware_auto_system_msgs/share/autoware_auto_system_msgs/cmake/autoware_auto_system_msgs__rosidl_typesupport_introspection_cppExport.cmake
[10.204s] -- Up-to-date: /home/autoware/aichallenge2023-integration-final-main/install/autoware_auto_system_msgs/share/autoware_auto_system_msgs/cmake/autoware_auto_system_msgs__rosidl_typesupport_introspection_cppExport-release.cmake
[10.204s] -- Up-to-date: /home/autoware/aichallenge2023-integration-final-main/install/autoware_auto_system_msgs/share/autoware_auto_system_msgs/cmake/autoware_auto_system_msgs__rosidl_typesupport_cppExport.cmake
[10.205s] -- Up-to-date: /home/autoware/aichallenge2023-integration-final-main/install/autoware_auto_system_msgs/share/autoware_auto_system_msgs/cmake/autoware_auto_system_msgs__rosidl_typesupport_cppExport-release.cmake
[10.205s] -- Up-to-date: /home/autoware/aichallenge2023-integration-final-main/install/autoware_auto_system_msgs/share/autoware_auto_system_msgs/cmake/export_autoware_auto_system_msgs__rosidl_generator_pyExport.cmake
[10.206s] -- Up-to-date: /home/autoware/aichallenge2023-integration-final-main/install/autoware_auto_system_msgs/share/autoware_auto_system_msgs/cmake/export_autoware_auto_system_msgs__rosidl_generator_pyExport-release.cmake
[10.218s] Invoked command in '/home/autoware/aichallenge2023-integration-final-main/build/autoware_auto_system_msgs' returned '0': CMAKE_PREFIX_PATH=${CMAKE_PREFIX_PATH}:/home/autoware/aichallenge2023-integration-final-main/install/simulator_compatibility_test:/home/autoware/aichallenge2023-integration-final-main/install/ad_api_visualizers:/home/autoware/autoware/install/simulator_compatibility_test:/home/autoware/autoware/install/ad_api_visualizers:/opt/ros/humble /usr/bin/cmake --install /home/autoware/aichallenge2023-integration-final-main/build/autoware_auto_system_msgs
