-- Found ament_cmake_auto: 1.3.5 (/opt/ros/humble/share/ament_cmake_auto/cmake)
-- Override CMake install command with custom implementation using symlinks instead of copying resources
-- Found rosidl_generator_c: 3.1.5 (/opt/ros/humble/share/rosidl_generator_c/cmake)
-- Found rosidl_adapter: 3.1.5 (/opt/ros/humble/share/rosidl_adapter/cmake)
-- Found rosidl_generator_cpp: 3.1.5 (/opt/ros/humble/share/rosidl_generator_cpp/cmake)
-- Using all available rosidl_typesupport_c: rosidl_typesupport_fastrtps_c;rosidl_typesupport_introspection_c
-- Using all available rosidl_typesupport_cpp: rosidl_typesupport_fastrtps_cpp;rosidl_typesupport_introspection_cpp
-- Found rmw_implementation_cmake: 6.1.1 (/opt/ros/humble/share/rmw_implementation_cmake/cmake)
-- Found rmw_cyclonedds_cpp: 1.3.4 (/opt/ros/humble/share/rmw_cyclonedds_cpp/cmake)
-- Using RMW implementation 'rmw_cyclonedds_cpp' as default
-- Found eigen3_cmake_module: 0.1.1 (/opt/ros/humble/share/eigen3_cmake_module/cmake)
-- Ensuring Eigen3 include directory is part of orocos-kdl CMake target
-- Eigen found (include: /usr/include/eigen3, version: 3.4.0)
-- FLANN found (include: /usr/include, lib: /usr/lib/x86_64-linux-gnu/libflann_cpp.so)
-- OpenNI found (version: 1.5.4.0, include: /usr/include/ni, lib: /usr/lib/libOpenNI.so;libusb::libusb)
-- OpenNI2 found (version: 2.2.0.33, include: /usr/include/openni2, lib: /usr/lib/x86_64-linux-gnu/libOpenNI2.so;libusb::libusb)
-- Eigen found (include: /usr/include/eigen3, version: 3.4.0)
-- OpenNI found (version: 1.5.4.0, include: /usr/include/ni, lib: /usr/lib/libOpenNI.so;libusb::libusb)
-- OpenNI2 found (version: 2.2.0.33, include: /usr/include/openni2, lib: /usr/lib/x86_64-linux-gnu/libOpenNI2.so;libusb::libusb)
-- Found Qhull version 8.0.2
-- OpenNI found (version: 1.5.4.0, include: /usr/include/ni, lib: /usr/lib/libOpenNI.so;libusb::libusb)
-- Could NOT find Boost: missing: signals (found /usr/lib/x86_64-linux-gnu/cmake/Boost-1.74.0/BoostConfig.cmake (found version "1.74.0"))
-- Configuring done
-- Generating done
-- Build files have been written to: /home/autoware/aichallenge2023-integration-final-main/build/velodyne_pointcloud
[35m[1mConsolidate compiler generated dependencies of target velodyne_rawdata[0m
[  4%] [32mBuilding CXX object CMakeFiles/velodyne_rawdata.dir/src/lib/rawdata.cc.o[0m
[  8%] [32mBuilding CXX object CMakeFiles/velodyne_rawdata.dir/src/lib/calibration.cc.o[0m
[ 13%] [32m[1mLinking CXX shared library libvelodyne_rawdata.so[0m
[ 13%] Built target velodyne_rawdata
[35m[1mConsolidate compiler generated dependencies of target transform_node[0m
[ 21%] Built target transform_node
[35m[1mConsolidate compiler generated dependencies of target cloud_nodelet[0m
[ 26%] [32mBuilding CXX object CMakeFiles/cloud_nodelet.dir/src/conversions/convert.cc.o[0m
[ 30%] [32mBuilding CXX object CMakeFiles/cloud_nodelet.dir/src/conversions/func.cc.o[0m
[ 34%] [32mBuilding CXX object CMakeFiles/cloud_nodelet.dir/src/conversions/output_builder.cc.o[0m
[ 39%] [32mBuilding CXX object CMakeFiles/cloud_nodelet.dir/src/conversions/pointcloudXYZIRADT.cc.o[0m
[ 43%] [32mBuilding CXX object CMakeFiles/cloud_nodelet.dir/src/conversions/pointcloudXYZIR.cc.o[0m
[ 47%] [32m[1mLinking CXX shared library libcloud_nodelet.so[0m
[ 47%] Built target cloud_nodelet
[35m[1mConsolidate compiler generated dependencies of target interpolate_node[0m
[ 56%] Built target interpolate_node
[35m[1mConsolidate compiler generated dependencies of target interpolate_nodelet[0m
[ 60%] [32mBuilding CXX object CMakeFiles/interpolate_nodelet.dir/src/conversions/interpolate.cc.o[0m
[ 65%] [32mBuilding CXX object CMakeFiles/interpolate_nodelet.dir/src/conversions/func.cc.o[0m
[ 69%] [32mBuilding CXX object CMakeFiles/interpolate_nodelet.dir/src/conversions/pointcloudXYZIRADT.cc.o[0m
[ 73%] [32mBuilding CXX object CMakeFiles/interpolate_nodelet.dir/src/conversions/pointcloudXYZIR.cc.o[0m
[ 78%] [32m[1mLinking CXX shared library libinterpolate_nodelet.so[0m
