[0.293s] Invoking command in '/home/autoware/aichallenge2023-integration-final-main/build/autoware_auto_mapping_msgs': CMAKE_PREFIX_PATH=${CMAKE_PREFIX_PATH}:/home/autoware/aichallenge2023-integration-final-main/install/simulator_compatibility_test:/home/autoware/aichallenge2023-integration-final-main/install/ad_api_visualizers:/home/autoware/autoware/install/simulator_compatibility_test:/home/autoware/autoware/install/ad_api_visualizers:/opt/ros/humble /usr/bin/cmake --build /home/autoware/aichallenge2023-integration-final-main/build/autoware_auto_mapping_msgs -- -j16 -l16
[0.769s] [ 10%] Built target autoware_auto_mapping_msgs__rosidl_generator_c
[0.814s] [ 12%] Built target autoware_auto_mapping_msgs__cpp
[1.269s] [ 12%] Built target ament_cmake_python_symlink_autoware_auto_mapping_msgs
[2.046s] [ 23%] Built target autoware_auto_mapping_msgs__rosidl_typesupport_fastrtps_c
[2.050s] [ 34%] Built target autoware_auto_mapping_msgs__rosidl_typesupport_introspection_c
[2.050s] [ 45%] Built target autoware_auto_mapping_msgs__rosidl_typesupport_fastrtps_cpp
[2.051s] [ 56%] Built target autoware_auto_mapping_msgs__rosidl_typesupport_c
[2.108s] [ 67%] Built target autoware_auto_mapping_msgs__rosidl_typesupport_introspection_cpp
[2.263s] [ 78%] Built target autoware_auto_mapping_msgs__rosidl_typesupport_cpp
[2.962s] [ 78%] Built target autoware_auto_mapping_msgs
[3.036s] running egg_info
[3.037s] writing autoware_auto_mapping_msgs.egg-info/PKG-INFO
[3.038s] writing dependency_links to autoware_auto_mapping_msgs.egg-info/dependency_links.txt
[3.038s] writing top-level names to autoware_auto_mapping_msgs.egg-info/top_level.txt
[3.039s] reading manifest file 'autoware_auto_mapping_msgs.egg-info/SOURCES.txt'
[3.044s] writing manifest file 'autoware_auto_mapping_msgs.egg-info/SOURCES.txt'
[3.181s] [ 78%] Built target ament_cmake_python_build_autoware_auto_mapping_msgs_egg
[3.308s] [ 80%] Built target autoware_auto_mapping_msgs__py
[3.618s] [ 89%] Built target autoware_auto_mapping_msgs__rosidl_generator_py
[3.990s] [ 92%] Built target autoware_auto_mapping_msgs__rosidl_typesupport_fastrtps_c__pyext
[4.020s] [ 96%] Built target autoware_auto_mapping_msgs__rosidl_typesupport_c__pyext
[4.020s] [100%] Built target autoware_auto_mapping_msgs__rosidl_typesupport_introspection_c__pyext
[4.092s] Invoked command in '/home/autoware/aichallenge2023-integration-final-main/build/autoware_auto_mapping_msgs' returned '0': CMAKE_PREFIX_PATH=${CMAKE_PREFIX_PATH}:/home/autoware/aichallenge2023-integration-final-main/install/simulator_compatibility_test:/home/autoware/aichallenge2023-integration-final-main/install/ad_api_visualizers:/home/autoware/autoware/install/simulator_compatibility_test:/home/autoware/autoware/install/ad_api_visualizers:/opt/ros/humble /usr/bin/cmake --build /home/autoware/aichallenge2023-integration-final-main/build/autoware_auto_mapping_msgs -- -j16 -l16
[6.933s] Invoking command in '/home/autoware/aichallenge2023-integration-final-main/build/autoware_auto_mapping_msgs': CMAKE_PREFIX_PATH=${CMAKE_PREFIX_PATH}:/home/autoware/aichallenge2023-integration-final-main/install/simulator_compatibility_test:/home/autoware/aichallenge2023-integration-final-main/install/ad_api_visualizers:/home/autoware/autoware/install/simulator_compatibility_test:/home/autoware/autoware/install/ad_api_visualizers:/opt/ros/humble /usr/bin/cmake --install /home/autoware/aichallenge2023-integration-final-main/build/autoware_auto_mapping_msgs
[6.998s] -- Install configuration: "Release"
[6.998s] -- Execute custom install script
[6.998s] -- Up-to-date symlink: /home/autoware/aichallenge2023-integration-final-main/install/autoware_auto_mapping_msgs/share/ament_index/resource_index/rosidl_interfaces/autoware_auto_mapping_msgs
[6.999s] -- Up-to-date symlink: /home/autoware/aichallenge2023-integration-final-main/install/autoware_auto_mapping_msgs/include/autoware_auto_mapping_msgs/autoware_auto_mapping_msgs/msg/detail/had_map_bin__functions.h
[7.000s] -- Up-to-date symlink: /home/autoware/aichallenge2023-integration-final-main/install/autoware_auto_mapping_msgs/include/autoware_auto_mapping_msgs/autoware_auto_mapping_msgs/msg/detail/had_map_bin__struct.h
[7.000s] -- Up-to-date symlink: /home/autoware/aichallenge2023-integration-final-main/install/autoware_auto_mapping_msgs/include/autoware_auto_mapping_msgs/autoware_auto_mapping_msgs/msg/detail/had_map_bin__type_support.h
[7.000s] -- Up-to-date symlink: /home/autoware/aichallenge2023-integration-final-main/install/autoware_auto_mapping_msgs/include/autoware_auto_mapping_msgs/autoware_auto_mapping_msgs/msg/detail/had_map_segment__functions.h
[7.001s] -- Up-to-date symlink: /home/autoware/aichallenge2023-integration-final-main/install/autoware_auto_mapping_msgs/include/autoware_auto_mapping_msgs/autoware_auto_mapping_msgs/msg/detail/had_map_segment__struct.h
[7.001s] -- Up-to-date symlink: /home/autoware/aichallenge2023-integration-final-main/install/autoware_auto_mapping_msgs/include/autoware_auto_mapping_msgs/autoware_auto_mapping_msgs/msg/detail/had_map_segment__type_support.h
[7.001s] -- Up-to-date symlink: /home/autoware/aichallenge2023-integration-final-main/install/autoware_auto_mapping_msgs/include/autoware_auto_mapping_msgs/autoware_auto_mapping_msgs/msg/detail/map_primitive__functions.h
[7.001s] -- Up-to-date symlink: /home/autoware/aichallenge2023-integration-final-main/install/autoware_auto_mapping_msgs/include/autoware_auto_mapping_msgs/autoware_auto_mapping_msgs/msg/detail/map_primitive__struct.h
[7.002s] -- Up-to-date symlink: /home/autoware/aichallenge2023-integration-final-main/install/autoware_auto_mapping_msgs/include/autoware_auto_mapping_msgs/autoware_auto_mapping_msgs/msg/detail/map_primitive__type_support.h
[7.002s] -- Up-to-date symlink: /home/autoware/aichallenge2023-integration-final-main/install/autoware_auto_mapping_msgs/include/autoware_auto_mapping_msgs/autoware_auto_mapping_msgs/msg/had_map_bin.h
[7.002s] -- Up-to-date symlink: /home/autoware/aichallenge2023-integration-final-main/install/autoware_auto_mapping_msgs/include/autoware_auto_mapping_msgs/autoware_auto_mapping_msgs/msg/had_map_segment.h
[7.002s] -- Up-to-date symlink: /home/autoware/aichallenge2023-integration-final-main/install/autoware_auto_mapping_msgs/include/autoware_auto_mapping_msgs/autoware_auto_mapping_msgs/msg/map_primitive.h
[7.003s] -- Up-to-date symlink: /home/autoware/aichallenge2023-integration-final-main/install/autoware_auto_mapping_msgs/include/autoware_auto_mapping_msgs/autoware_auto_mapping_msgs/msg/rosidl_generator_c__visibility_control.h
[7.003s] -- Up-to-date symlink: /home/autoware/aichallenge2023-integration-final-main/install/autoware_auto_mapping_msgs/include/autoware_auto_mapping_msgs/autoware_auto_mapping_msgs/srv/detail/had_map_service__functions.h
[7.003s] -- Up-to-date symlink: /home/autoware/aichallenge2023-integration-final-main/install/autoware_auto_mapping_msgs/include/autoware_auto_mapping_msgs/autoware_auto_mapping_msgs/srv/detail/had_map_service__struct.h
[7.004s] -- Up-to-date symlink: /home/autoware/aichallenge2023-integration-final-main/install/autoware_auto_mapping_msgs/include/autoware_auto_mapping_msgs/autoware_auto_mapping_msgs/srv/detail/had_map_service__type_support.h
[7.004s] -- Up-to-date symlink: /home/autoware/aichallenge2023-integration-final-main/install/autoware_auto_mapping_msgs/include/autoware_auto_mapping_msgs/autoware_auto_mapping_msgs/srv/had_map_service.h
[7.004s] -- Up-to-date symlink: /home/autoware/aichallenge2023-integration-final-main/install/autoware_auto_mapping_msgs/share/autoware_auto_mapping_msgs/environment/library_path.sh
[7.004s] -- Up-to-date symlink: /home/autoware/aichallenge2023-integration-final-main/install/autoware_auto_mapping_msgs/share/autoware_auto_mapping_msgs/environment/library_path.dsv
[7.005s] -- Up-to-date symlink: /home/autoware/aichallenge2023-integration-final-main/install/autoware_auto_mapping_msgs/include/autoware_auto_mapping_msgs/autoware_auto_mapping_msgs/msg/detail/had_map_bin__rosidl_typesupport_fastrtps_c.h
[7.005s] -- Up-to-date symlink: /home/autoware/aichallenge2023-integration-final-main/install/autoware_auto_mapping_msgs/include/autoware_auto_mapping_msgs/autoware_auto_mapping_msgs/msg/detail/had_map_segment__rosidl_typesupport_fastrtps_c.h
[7.006s] -- Up-to-date symlink: /home/autoware/aichallenge2023-integration-final-main/install/autoware_auto_mapping_msgs/include/autoware_auto_mapping_msgs/autoware_auto_mapping_msgs/msg/detail/map_primitive__rosidl_typesupport_fastrtps_c.h
[7.006s] -- Up-to-date symlink: /home/autoware/aichallenge2023-integration-final-main/install/autoware_auto_mapping_msgs/include/autoware_auto_mapping_msgs/autoware_auto_mapping_msgs/msg/rosidl_typesupport_fastrtps_c__visibility_control.h
[7.006s] -- Up-to-date symlink: /home/autoware/aichallenge2023-integration-final-main/install/autoware_auto_mapping_msgs/include/autoware_auto_mapping_msgs/autoware_auto_mapping_msgs/srv/detail/had_map_service__rosidl_typesupport_fastrtps_c.h
[7.006s] -- Up-to-date symlink: /home/autoware/aichallenge2023-integration-final-main/install/autoware_auto_mapping_msgs/include/autoware_auto_mapping_msgs/autoware_auto_mapping_msgs/msg/detail/had_map_bin__rosidl_typesupport_introspection_c.h
[7.007s] -- Up-to-date symlink: /home/autoware/aichallenge2023-integration-final-main/install/autoware_auto_mapping_msgs/include/autoware_auto_mapping_msgs/autoware_auto_mapping_msgs/msg/detail/had_map_segment__rosidl_typesupport_introspection_c.h
[7.007s] -- Up-to-date symlink: /home/autoware/aichallenge2023-integration-final-main/install/autoware_auto_mapping_msgs/include/autoware_auto_mapping_msgs/autoware_auto_mapping_msgs/msg/detail/map_primitive__rosidl_typesupport_introspection_c.h
[7.007s] -- Up-to-date symlink: /home/autoware/aichallenge2023-integration-final-main/install/autoware_auto_mapping_msgs/include/autoware_auto_mapping_msgs/autoware_auto_mapping_msgs/msg/rosidl_typesupport_introspection_c__visibility_control.h
[7.007s] -- Up-to-date symlink: /home/autoware/aichallenge2023-integration-final-main/install/autoware_auto_mapping_msgs/include/autoware_auto_mapping_msgs/autoware_auto_mapping_msgs/srv/detail/had_map_service__rosidl_typesupport_introspection_c.h
[7.008s] -- Up-to-date symlink: /home/autoware/aichallenge2023-integration-final-main/install/autoware_auto_mapping_msgs/include/autoware_auto_mapping_msgs/autoware_auto_mapping_msgs/msg/detail/had_map_bin__builder.hpp
[7.008s] -- Up-to-date symlink: /home/autoware/aichallenge2023-integration-final-main/install/autoware_auto_mapping_msgs/include/autoware_auto_mapping_msgs/autoware_auto_mapping_msgs/msg/detail/had_map_bin__struct.hpp
[7.008s] -- Up-to-date symlink: /home/autoware/aichallenge2023-integration-final-main/install/autoware_auto_mapping_msgs/include/autoware_auto_mapping_msgs/autoware_auto_mapping_msgs/msg/detail/had_map_bin__traits.hpp
[7.009s] -- Up-to-date symlink: /home/autoware/aichallenge2023-integration-final-main/install/autoware_auto_mapping_msgs/include/autoware_auto_mapping_msgs/autoware_auto_mapping_msgs/msg/detail/had_map_segment__builder.hpp
[7.009s] -- Up-to-date symlink: /home/autoware/aichallenge2023-integration-final-main/install/autoware_auto_mapping_msgs/include/autoware_auto_mapping_msgs/autoware_auto_mapping_msgs/msg/detail/had_map_segment__struct.hpp
[7.009s] -- Up-to-date symlink: /home/autoware/aichallenge2023-integration-final-main/install/autoware_auto_mapping_msgs/include/autoware_auto_mapping_msgs/autoware_auto_mapping_msgs/msg/detail/had_map_segment__traits.hpp
[7.009s] -- Up-to-date symlink: /home/autoware/aichallenge2023-integration-final-main/install/autoware_auto_mapping_msgs/include/autoware_auto_mapping_msgs/autoware_auto_mapping_msgs/msg/detail/map_primitive__builder.hpp
[7.010s] -- Up-to-date symlink: /home/autoware/aichallenge2023-integration-final-main/install/autoware_auto_mapping_msgs/include/autoware_auto_mapping_msgs/autoware_auto_mapping_msgs/msg/detail/map_primitive__struct.hpp
[7.010s] -- Up-to-date symlink: /home/autoware/aichallenge2023-integration-final-main/install/autoware_auto_mapping_msgs/include/autoware_auto_mapping_msgs/autoware_auto_mapping_msgs/msg/detail/map_primitive__traits.hpp
[7.010s] -- Up-to-date symlink: /home/autoware/aichallenge2023-integration-final-main/install/autoware_auto_mapping_msgs/include/autoware_auto_mapping_msgs/autoware_auto_mapping_msgs/msg/had_map_bin.hpp
[7.010s] -- Up-to-date symlink: /home/autoware/aichallenge2023-integration-final-main/install/autoware_auto_mapping_msgs/include/autoware_auto_mapping_msgs/autoware_auto_mapping_msgs/msg/had_map_segment.hpp
[7.011s] -- Up-to-date symlink: /home/autoware/aichallenge2023-integration-final-main/install/autoware_auto_mapping_msgs/include/autoware_auto_mapping_msgs/autoware_auto_mapping_msgs/msg/map_primitive.hpp
[7.011s] -- Up-to-date symlink: /home/autoware/aichallenge2023-integration-final-main/install/autoware_auto_mapping_msgs/include/autoware_auto_mapping_msgs/autoware_auto_mapping_msgs/srv/detail/had_map_service__builder.hpp
[7.011s] -- Up-to-date symlink: /home/autoware/aichallenge2023-integration-final-main/install/autoware_auto_mapping_msgs/include/autoware_auto_mapping_msgs/autoware_auto_mapping_msgs/srv/detail/had_map_service__struct.hpp
[7.011s] -- Up-to-date symlink: /home/autoware/aichallenge2023-integration-final-main/install/autoware_auto_mapping_msgs/include/autoware_auto_mapping_msgs/autoware_auto_mapping_msgs/srv/detail/had_map_service__traits.hpp
[7.012s] -- Up-to-date symlink: /home/autoware/aichallenge2023-integration-final-main/install/autoware_auto_mapping_msgs/include/autoware_auto_mapping_msgs/autoware_auto_mapping_msgs/srv/had_map_service.hpp
[7.012s] -- Up-to-date symlink: /home/autoware/aichallenge2023-integration-final-main/install/autoware_auto_mapping_msgs/include/autoware_auto_mapping_msgs/autoware_auto_mapping_msgs/msg/detail/had_map_bin__rosidl_typesupport_fastrtps_cpp.hpp
[7.013s] -- Up-to-date symlink: /home/autoware/aichallenge2023-integration-final-main/install/autoware_auto_mapping_msgs/include/autoware_auto_mapping_msgs/autoware_auto_mapping_msgs/msg/detail/had_map_segment__rosidl_typesupport_fastrtps_cpp.hpp
[7.013s] -- Up-to-date symlink: /home/autoware/aichallenge2023-integration-final-main/install/autoware_auto_mapping_msgs/include/autoware_auto_mapping_msgs/autoware_auto_mapping_msgs/msg/detail/map_primitive__rosidl_typesupport_fastrtps_cpp.hpp
[7.013s] -- Up-to-date symlink: /home/autoware/aichallenge2023-integration-final-main/install/autoware_auto_mapping_msgs/include/autoware_auto_mapping_msgs/autoware_auto_mapping_msgs/msg/rosidl_typesupport_fastrtps_cpp__visibility_control.h
[7.013s] -- Up-to-date symlink: /home/autoware/aichallenge2023-integration-final-main/install/autoware_auto_mapping_msgs/include/autoware_auto_mapping_msgs/autoware_auto_mapping_msgs/srv/detail/had_map_service__rosidl_typesupport_fastrtps_cpp.hpp
[7.014s] -- Up-to-date symlink: /home/autoware/aichallenge2023-integration-final-main/install/autoware_auto_mapping_msgs/include/autoware_auto_mapping_msgs/autoware_auto_mapping_msgs/msg/detail/had_map_bin__rosidl_typesupport_introspection_cpp.hpp
[7.014s] -- Up-to-date symlink: /home/autoware/aichallenge2023-integration-final-main/install/autoware_auto_mapping_msgs/include/autoware_auto_mapping_msgs/autoware_auto_mapping_msgs/msg/detail/had_map_segment__rosidl_typesupport_introspection_cpp.hpp
[7.015s] -- Up-to-date symlink: /home/autoware/aichallenge2023-integration-final-main/install/autoware_auto_mapping_msgs/include/autoware_auto_mapping_msgs/autoware_auto_mapping_msgs/msg/detail/map_primitive__rosidl_typesupport_introspection_cpp.hpp
[7.015s] -- Up-to-date symlink: /home/autoware/aichallenge2023-integration-final-main/install/autoware_auto_mapping_msgs/include/autoware_auto_mapping_msgs/autoware_auto_mapping_msgs/srv/detail/had_map_service__rosidl_typesupport_introspection_cpp.hpp
[7.015s] -- Up-to-date symlink: /home/autoware/aichallenge2023-integration-final-main/install/autoware_auto_mapping_msgs/share/autoware_auto_mapping_msgs/environment/pythonpath.sh
[7.015s] -- Up-to-date symlink: /home/autoware/aichallenge2023-integration-final-main/install/autoware_auto_mapping_msgs/share/autoware_auto_mapping_msgs/environment/pythonpath.dsv
[7.018s] -- Up-to-date symlink: /home/autoware/aichallenge2023-integration-final-main/install/autoware_auto_mapping_msgs/local/lib/python3.10/dist-packages/autoware_auto_mapping_msgs-1.0.0-py3.10.egg-info/PKG-INFO
[7.018s] -- Up-to-date symlink: /home/autoware/aichallenge2023-integration-final-main/install/autoware_auto_mapping_msgs/local/lib/python3.10/dist-packages/autoware_auto_mapping_msgs-1.0.0-py3.10.egg-info/SOURCES.txt
[7.018s] -- Up-to-date symlink: /home/autoware/aichallenge2023-integration-final-main/install/autoware_auto_mapping_msgs/local/lib/python3.10/dist-packages/autoware_auto_mapping_msgs-1.0.0-py3.10.egg-info/dependency_links.txt
[7.019s] -- Up-to-date symlink: /home/autoware/aichallenge2023-integration-final-main/install/autoware_auto_mapping_msgs/local/lib/python3.10/dist-packages/autoware_auto_mapping_msgs-1.0.0-py3.10.egg-info/top_level.txt
[7.020s] -- Up-to-date symlink: /home/autoware/aichallenge2023-integration-final-main/install/autoware_auto_mapping_msgs/local/lib/python3.10/dist-packages/autoware_auto_mapping_msgs/__init__.py
[7.020s] -- Up-to-date symlink: /home/autoware/aichallenge2023-integration-final-main/install/autoware_auto_mapping_msgs/local/lib/python3.10/dist-packages/autoware_auto_mapping_msgs/_autoware_auto_mapping_msgs_s.ep.rosidl_typesupport_c.c
[7.021s] -- Up-to-date symlink: /home/autoware/aichallenge2023-integration-final-main/install/autoware_auto_mapping_msgs/local/lib/python3.10/dist-packages/autoware_auto_mapping_msgs/_autoware_auto_mapping_msgs_s.ep.rosidl_typesupport_fastrtps_c.c
[7.021s] -- Up-to-date symlink: /home/autoware/aichallenge2023-integration-final-main/install/autoware_auto_mapping_msgs/local/lib/python3.10/dist-packages/autoware_auto_mapping_msgs/_autoware_auto_mapping_msgs_s.ep.rosidl_typesupport_introspection_c.c
[7.021s] -- Up-to-date symlink: /home/autoware/aichallenge2023-integration-final-main/install/autoware_auto_mapping_msgs/local/lib/python3.10/dist-packages/autoware_auto_mapping_msgs/autoware_auto_mapping_msgs_s__rosidl_typesupport_c.cpython-310-x86_64-linux-gnu.so
[7.022s] -- Up-to-date symlink: /home/autoware/aichallenge2023-integration-final-main/install/autoware_auto_mapping_msgs/local/lib/python3.10/dist-packages/autoware_auto_mapping_msgs/autoware_auto_mapping_msgs_s__rosidl_typesupport_fastrtps_c.cpython-310-x86_64-linux-gnu.so
[7.022s] -- Up-to-date symlink: /home/autoware/aichallenge2023-integration-final-main/install/autoware_auto_mapping_msgs/local/lib/python3.10/dist-packages/autoware_auto_mapping_msgs/autoware_auto_mapping_msgs_s__rosidl_typesupport_introspection_c.cpython-310-x86_64-linux-gnu.so
[7.022s] -- Up-to-date symlink: /home/autoware/aichallenge2023-integration-final-main/install/autoware_auto_mapping_msgs/local/lib/python3.10/dist-packages/autoware_auto_mapping_msgs/libautoware_auto_mapping_msgs__rosidl_generator_py.so
[7.023s] -- Up-to-date symlink: /home/autoware/aichallenge2023-integration-final-main/install/autoware_auto_mapping_msgs/local/lib/python3.10/dist-packages/autoware_auto_mapping_msgs/msg/__init__.py
[7.023s] -- Up-to-date symlink: /home/autoware/aichallenge2023-integration-final-main/install/autoware_auto_mapping_msgs/local/lib/python3.10/dist-packages/autoware_auto_mapping_msgs/msg/_had_map_bin.py
[7.023s] -- Up-to-date symlink: /home/autoware/aichallenge2023-integration-final-main/install/autoware_auto_mapping_msgs/local/lib/python3.10/dist-packages/autoware_auto_mapping_msgs/msg/_had_map_bin_s.c
[7.024s] -- Up-to-date symlink: /home/autoware/aichallenge2023-integration-final-main/install/autoware_auto_mapping_msgs/local/lib/python3.10/dist-packages/autoware_auto_mapping_msgs/msg/_had_map_segment.py
[7.024s] -- Up-to-date symlink: /home/autoware/aichallenge2023-integration-final-main/install/autoware_auto_mapping_msgs/local/lib/python3.10/dist-packages/autoware_auto_mapping_msgs/msg/_had_map_segment_s.c
[7.024s] -- Up-to-date symlink: /home/autoware/aichallenge2023-integration-final-main/install/autoware_auto_mapping_msgs/local/lib/python3.10/dist-packages/autoware_auto_mapping_msgs/msg/_map_primitive.py
[7.024s] -- Up-to-date symlink: /home/autoware/aichallenge2023-integration-final-main/install/autoware_auto_mapping_msgs/local/lib/python3.10/dist-packages/autoware_auto_mapping_msgs/msg/_map_primitive_s.c
[7.025s] -- Up-to-date symlink: /home/autoware/aichallenge2023-integration-final-main/install/autoware_auto_mapping_msgs/local/lib/python3.10/dist-packages/autoware_auto_mapping_msgs/srv/__init__.py
[7.025s] -- Up-to-date symlink: /home/autoware/aichallenge2023-integration-final-main/install/autoware_auto_mapping_msgs/local/lib/python3.10/dist-packages/autoware_auto_mapping_msgs/srv/_had_map_service.py
[7.025s] -- Up-to-date symlink: /home/autoware/aichallenge2023-integration-final-main/install/autoware_auto_mapping_msgs/local/lib/python3.10/dist-packages/autoware_auto_mapping_msgs/srv/_had_map_service_s.c
[7.025s] -- Up-to-date symlink: /home/autoware/aichallenge2023-integration-final-main/install/autoware_auto_mapping_msgs/local/lib/python3.10/dist-packages/autoware_auto_mapping_msgs/autoware_auto_mapping_msgs_s__rosidl_typesupport_fastrtps_c.cpython-310-x86_64-linux-gnu.so
[7.026s] -- Up-to-date symlink: /home/autoware/aichallenge2023-integration-final-main/install/autoware_auto_mapping_msgs/local/lib/python3.10/dist-packages/autoware_auto_mapping_msgs/autoware_auto_mapping_msgs_s__rosidl_typesupport_introspection_c.cpython-310-x86_64-linux-gnu.so
[7.026s] -- Up-to-date symlink: /home/autoware/aichallenge2023-integration-final-main/install/autoware_auto_mapping_msgs/local/lib/python3.10/dist-packages/autoware_auto_mapping_msgs/autoware_auto_mapping_msgs_s__rosidl_typesupport_c.cpython-310-x86_64-linux-gnu.so
[7.026s] -- Up-to-date symlink: /home/autoware/aichallenge2023-integration-final-main/install/autoware_auto_mapping_msgs/share/autoware_auto_mapping_msgs/msg/HADMapBin.idl
[7.027s] -- Up-to-date symlink: /home/autoware/aichallenge2023-integration-final-main/install/autoware_auto_mapping_msgs/share/autoware_auto_mapping_msgs/msg/HADMapSegment.idl
[7.027s] -- Up-to-date symlink: /home/autoware/aichallenge2023-integration-final-main/install/autoware_auto_mapping_msgs/share/autoware_auto_mapping_msgs/msg/MapPrimitive.idl
[7.027s] -- Up-to-date symlink: /home/autoware/aichallenge2023-integration-final-main/install/autoware_auto_mapping_msgs/share/autoware_auto_mapping_msgs/srv/HADMapService.idl
[7.028s] -- Up-to-date symlink: /home/autoware/aichallenge2023-integration-final-main/install/autoware_auto_mapping_msgs/share/ament_index/resource_index/package_run_dependencies/autoware_auto_mapping_msgs
[7.028s] -- Up-to-date symlink: /home/autoware/aichallenge2023-integration-final-main/install/autoware_auto_mapping_msgs/share/ament_index/resource_index/parent_prefix_path/autoware_auto_mapping_msgs
[7.028s] -- Up-to-date symlink: /home/autoware/aichallenge2023-integration-final-main/install/autoware_auto_mapping_msgs/share/autoware_auto_mapping_msgs/environment/ament_prefix_path.sh
[7.028s] -- Up-to-date symlink: /home/autoware/aichallenge2023-integration-final-main/install/autoware_auto_mapping_msgs/share/autoware_auto_mapping_msgs/environment/ament_prefix_path.dsv
[7.029s] -- Up-to-date symlink: /home/autoware/aichallenge2023-integration-final-main/install/autoware_auto_mapping_msgs/share/autoware_auto_mapping_msgs/environment/path.sh
[7.029s] -- Up-to-date symlink: /home/autoware/aichallenge2023-integration-final-main/install/autoware_auto_mapping_msgs/share/autoware_auto_mapping_msgs/environment/path.dsv
[7.030s] -- Up-to-date symlink: /home/autoware/aichallenge2023-integration-final-main/install/autoware_auto_mapping_msgs/share/autoware_auto_mapping_msgs/local_setup.bash
[7.030s] -- Up-to-date symlink: /home/autoware/aichallenge2023-integration-final-main/install/autoware_auto_mapping_msgs/share/autoware_auto_mapping_msgs/local_setup.sh
[7.030s] -- Up-to-date symlink: /home/autoware/aichallenge2023-integration-final-main/install/autoware_auto_mapping_msgs/share/autoware_auto_mapping_msgs/local_setup.zsh
[7.030s] -- Up-to-date symlink: /home/autoware/aichallenge2023-integration-final-main/install/autoware_auto_mapping_msgs/share/autoware_auto_mapping_msgs/local_setup.dsv
[7.030s] -- Symlinking: /home/autoware/aichallenge2023-integration-final-main/install/autoware_auto_mapping_msgs/share/autoware_auto_mapping_msgs/package.dsv
[7.079s] -- Up-to-date symlink: /home/autoware/aichallenge2023-integration-final-main/install/autoware_auto_mapping_msgs/share/ament_index/resource_index/packages/autoware_auto_mapping_msgs
[7.079s] -- Up-to-date symlink: /home/autoware/aichallenge2023-integration-final-main/install/autoware_auto_mapping_msgs/share/autoware_auto_mapping_msgs/cmake/rosidl_cmake-extras.cmake
[7.079s] -- Up-to-date symlink: /home/autoware/aichallenge2023-integration-final-main/install/autoware_auto_mapping_msgs/share/autoware_auto_mapping_msgs/cmake/ament_cmake_export_dependencies-extras.cmake
[7.079s] -- Up-to-date symlink: /home/autoware/aichallenge2023-integration-final-main/install/autoware_auto_mapping_msgs/share/autoware_auto_mapping_msgs/cmake/ament_cmake_export_include_directories-extras.cmake
[7.079s] -- Up-to-date symlink: /home/autoware/aichallenge2023-integration-final-main/install/autoware_auto_mapping_msgs/share/autoware_auto_mapping_msgs/cmake/ament_cmake_export_libraries-extras.cmake
[7.079s] -- Up-to-date symlink: /home/autoware/aichallenge2023-integration-final-main/install/autoware_auto_mapping_msgs/share/autoware_auto_mapping_msgs/cmake/ament_cmake_export_targets-extras.cmake
[7.079s] -- Up-to-date symlink: /home/autoware/aichallenge2023-integration-final-main/install/autoware_auto_mapping_msgs/share/autoware_auto_mapping_msgs/cmake/rosidl_cmake_export_typesupport_targets-extras.cmake
[7.080s] -- Up-to-date symlink: /home/autoware/aichallenge2023-integration-final-main/install/autoware_auto_mapping_msgs/share/autoware_auto_mapping_msgs/cmake/rosidl_cmake_export_typesupport_libraries-extras.cmake
[7.080s] -- Up-to-date symlink: /home/autoware/aichallenge2023-integration-final-main/install/autoware_auto_mapping_msgs/share/autoware_auto_mapping_msgs/cmake/autoware_auto_mapping_msgsConfig.cmake
[7.080s] -- Up-to-date symlink: /home/autoware/aichallenge2023-integration-final-main/install/autoware_auto_mapping_msgs/share/autoware_auto_mapping_msgs/cmake/autoware_auto_mapping_msgsConfig-version.cmake
[7.080s] -- Up-to-date symlink: /home/autoware/aichallenge2023-integration-final-main/install/autoware_auto_mapping_msgs/share/autoware_auto_mapping_msgs/package.xml
[7.080s] -- Up-to-date: /home/autoware/aichallenge2023-integration-final-main/install/autoware_auto_mapping_msgs/lib/libautoware_auto_mapping_msgs__rosidl_generator_c.so
[7.080s] -- Up-to-date: /home/autoware/aichallenge2023-integration-final-main/install/autoware_auto_mapping_msgs/lib/libautoware_auto_mapping_msgs__rosidl_typesupport_fastrtps_c.so
[7.081s] -- Up-to-date: /home/autoware/aichallenge2023-integration-final-main/install/autoware_auto_mapping_msgs/lib/libautoware_auto_mapping_msgs__rosidl_typesupport_introspection_c.so
[7.081s] -- Up-to-date: /home/autoware/aichallenge2023-integration-final-main/install/autoware_auto_mapping_msgs/lib/libautoware_auto_mapping_msgs__rosidl_typesupport_c.so
[7.081s] -- Up-to-date: /home/autoware/aichallenge2023-integration-final-main/install/autoware_auto_mapping_msgs/lib/libautoware_auto_mapping_msgs__rosidl_typesupport_fastrtps_cpp.so
[7.082s] -- Up-to-date: /home/autoware/aichallenge2023-integration-final-main/install/autoware_auto_mapping_msgs/lib/libautoware_auto_mapping_msgs__rosidl_typesupport_introspection_cpp.so
[7.082s] -- Up-to-date: /home/autoware/aichallenge2023-integration-final-main/install/autoware_auto_mapping_msgs/lib/libautoware_auto_mapping_msgs__rosidl_typesupport_cpp.so
[7.212s] Listing '/home/autoware/aichallenge2023-integration-final-main/install/autoware_auto_mapping_msgs/local/lib/python3.10/dist-packages/autoware_auto_mapping_msgs'...
[7.212s] Listing '/home/autoware/aichallenge2023-integration-final-main/install/autoware_auto_mapping_msgs/local/lib/python3.10/dist-packages/autoware_auto_mapping_msgs/msg'...
[7.212s] Listing '/home/autoware/aichallenge2023-integration-final-main/install/autoware_auto_mapping_msgs/local/lib/python3.10/dist-packages/autoware_auto_mapping_msgs/srv'...
[7.232s] -- Up-to-date: /home/autoware/aichallenge2023-integration-final-main/install/autoware_auto_mapping_msgs/lib/libautoware_auto_mapping_msgs__rosidl_generator_py.so
[7.232s] -- Up-to-date: /home/autoware/aichallenge2023-integration-final-main/install/autoware_auto_mapping_msgs/share/autoware_auto_mapping_msgs/cmake/export_autoware_auto_mapping_msgs__rosidl_generator_cExport.cmake
[7.232s] -- Up-to-date: /home/autoware/aichallenge2023-integration-final-main/install/autoware_auto_mapping_msgs/share/autoware_auto_mapping_msgs/cmake/export_autoware_auto_mapping_msgs__rosidl_generator_cExport-release.cmake
[7.232s] -- Up-to-date: /home/autoware/aichallenge2023-integration-final-main/install/autoware_auto_mapping_msgs/share/autoware_auto_mapping_msgs/cmake/export_autoware_auto_mapping_msgs__rosidl_typesupport_fastrtps_cExport.cmake
[7.232s] -- Up-to-date: /home/autoware/aichallenge2023-integration-final-main/install/autoware_auto_mapping_msgs/share/autoware_auto_mapping_msgs/cmake/export_autoware_auto_mapping_msgs__rosidl_typesupport_fastrtps_cExport-release.cmake
[7.232s] -- Up-to-date: /home/autoware/aichallenge2023-integration-final-main/install/autoware_auto_mapping_msgs/share/autoware_auto_mapping_msgs/cmake/autoware_auto_mapping_msgs__rosidl_typesupport_introspection_cExport.cmake
[7.232s] -- Up-to-date: /home/autoware/aichallenge2023-integration-final-main/install/autoware_auto_mapping_msgs/share/autoware_auto_mapping_msgs/cmake/autoware_auto_mapping_msgs__rosidl_typesupport_introspection_cExport-release.cmake
[7.232s] -- Up-to-date: /home/autoware/aichallenge2023-integration-final-main/install/autoware_auto_mapping_msgs/share/autoware_auto_mapping_msgs/cmake/autoware_auto_mapping_msgs__rosidl_typesupport_cExport.cmake
[7.232s] -- Up-to-date: /home/autoware/aichallenge2023-integration-final-main/install/autoware_auto_mapping_msgs/share/autoware_auto_mapping_msgs/cmake/autoware_auto_mapping_msgs__rosidl_typesupport_cExport-release.cmake
[7.232s] -- Up-to-date: /home/autoware/aichallenge2023-integration-final-main/install/autoware_auto_mapping_msgs/share/autoware_auto_mapping_msgs/cmake/export_autoware_auto_mapping_msgs__rosidl_generator_cppExport.cmake
[7.232s] -- Up-to-date: /home/autoware/aichallenge2023-integration-final-main/install/autoware_auto_mapping_msgs/share/autoware_auto_mapping_msgs/cmake/export_autoware_auto_mapping_msgs__rosidl_typesupport_fastrtps_cppExport.cmake
[7.232s] -- Up-to-date: /home/autoware/aichallenge2023-integration-final-main/install/autoware_auto_mapping_msgs/share/autoware_auto_mapping_msgs/cmake/export_autoware_auto_mapping_msgs__rosidl_typesupport_fastrtps_cppExport-release.cmake
[7.233s] -- Up-to-date: /home/autoware/aichallenge2023-integration-final-main/install/autoware_auto_mapping_msgs/share/autoware_auto_mapping_msgs/cmake/autoware_auto_mapping_msgs__rosidl_typesupport_introspection_cppExport.cmake
[7.233s] -- Up-to-date: /home/autoware/aichallenge2023-integration-final-main/install/autoware_auto_mapping_msgs/share/autoware_auto_mapping_msgs/cmake/autoware_auto_mapping_msgs__rosidl_typesupport_introspection_cppExport-release.cmake
[7.233s] -- Up-to-date: /home/autoware/aichallenge2023-integration-final-main/install/autoware_auto_mapping_msgs/share/autoware_auto_mapping_msgs/cmake/autoware_auto_mapping_msgs__rosidl_typesupport_cppExport.cmake
[7.233s] -- Up-to-date: /home/autoware/aichallenge2023-integration-final-main/install/autoware_auto_mapping_msgs/share/autoware_auto_mapping_msgs/cmake/autoware_auto_mapping_msgs__rosidl_typesupport_cppExport-release.cmake
[7.233s] -- Up-to-date: /home/autoware/aichallenge2023-integration-final-main/install/autoware_auto_mapping_msgs/share/autoware_auto_mapping_msgs/cmake/export_autoware_auto_mapping_msgs__rosidl_generator_pyExport.cmake
[7.233s] -- Up-to-date: /home/autoware/aichallenge2023-integration-final-main/install/autoware_auto_mapping_msgs/share/autoware_auto_mapping_msgs/cmake/export_autoware_auto_mapping_msgs__rosidl_generator_pyExport-release.cmake
[7.283s] Invoked command in '/home/autoware/aichallenge2023-integration-final-main/build/autoware_auto_mapping_msgs' returned '0': CMAKE_PREFIX_PATH=${CMAKE_PREFIX_PATH}:/home/autoware/aichallenge2023-integration-final-main/install/simulator_compatibility_test:/home/autoware/aichallenge2023-integration-final-main/install/ad_api_visualizers:/home/autoware/autoware/install/simulator_compatibility_test:/home/autoware/autoware/install/ad_api_visualizers:/opt/ros/humble /usr/bin/cmake --install /home/autoware/aichallenge2023-integration-final-main/build/autoware_auto_mapping_msgs
