[0.049s] Invoking command in '/home/autoware/aichallenge2023-integration-final-main/build/pointcloud_to_laserscan': CMAKE_PREFIX_PATH=${CMAKE_PREFIX_PATH}:/home/autoware/autoware/install/simulator_compatibility_test:/home/autoware/autoware/install/ad_api_visualizers:/opt/ros/humble /usr/bin/cmake --build /home/autoware/aichallenge2023-integration-final-main/build/pointcloud_to_laserscan -- -j16 -l16
[0.341s] [ 20%] Built target laserscan_to_pointcloud_node
[0.346s] [ 40%] Built target laserscan_to_pointcloud
[0.351s] [ 60%] Built target pointcloud_to_laserscan_node
[0.479s] [ 80%] Built target pointcloud_to_laserscan
[0.586s] [100%] Built target dummy_pointcloud_publisher
[0.634s] Invoked command in '/home/autoware/aichallenge2023-integration-final-main/build/pointcloud_to_laserscan' returned '0': CMAKE_PREFIX_PATH=${CMAKE_PREFIX_PATH}:/home/autoware/autoware/install/simulator_compatibility_test:/home/autoware/autoware/install/ad_api_visualizers:/opt/ros/humble /usr/bin/cmake --build /home/autoware/aichallenge2023-integration-final-main/build/pointcloud_to_laserscan -- -j16 -l16
[1.004s] Invoking command in '/home/autoware/aichallenge2023-integration-final-main/build/pointcloud_to_laserscan': CMAKE_PREFIX_PATH=${CMAKE_PREFIX_PATH}:/home/autoware/autoware/install/simulator_compatibility_test:/home/autoware/autoware/install/ad_api_visualizers:/opt/ros/humble /usr/bin/cmake --install /home/autoware/aichallenge2023-integration-final-main/build/pointcloud_to_laserscan
[1.031s] -- Install configuration: "Release"
[1.032s] -- Execute custom install script
[1.033s] -- Up-to-date symlink: /home/autoware/aichallenge2023-integration-final-main/install/pointcloud_to_laserscan/lib/pointcloud_to_laserscan/laserscan_to_pointcloud_node
[1.033s] -- Up-to-date symlink: /home/autoware/aichallenge2023-integration-final-main/install/pointcloud_to_laserscan/lib/pointcloud_to_laserscan/pointcloud_to_laserscan_node
[1.033s] -- Up-to-date symlink: /home/autoware/aichallenge2023-integration-final-main/install/pointcloud_to_laserscan/include/pointcloud_to_laserscan/laserscan_to_pointcloud_node.hpp
[1.033s] -- Up-to-date symlink: /home/autoware/aichallenge2023-integration-final-main/install/pointcloud_to_laserscan/include/pointcloud_to_laserscan/pointcloud_to_laserscan_node.hpp
[1.033s] -- Up-to-date symlink: /home/autoware/aichallenge2023-integration-final-main/install/pointcloud_to_laserscan/include/pointcloud_to_laserscan/visibility_control.h
[1.033s] -- Up-to-date symlink: /home/autoware/aichallenge2023-integration-final-main/install/pointcloud_to_laserscan/share/pointcloud_to_laserscan/environment/library_path.sh
[1.033s] -- Up-to-date symlink: /home/autoware/aichallenge2023-integration-final-main/install/pointcloud_to_laserscan/share/pointcloud_to_laserscan/environment/library_path.dsv
[1.034s] -- Up-to-date symlink: /home/autoware/aichallenge2023-integration-final-main/install/pointcloud_to_laserscan/lib/liblaserscan_to_pointcloud.so
[1.034s] -- Up-to-date symlink: /home/autoware/aichallenge2023-integration-final-main/install/pointcloud_to_laserscan/lib/libpointcloud_to_laserscan.so
[1.034s] -- Up-to-date symlink: /home/autoware/aichallenge2023-integration-final-main/install/pointcloud_to_laserscan/lib/pointcloud_to_laserscan/dummy_pointcloud_publisher
[1.034s] -- Up-to-date symlink: /home/autoware/aichallenge2023-integration-final-main/install/pointcloud_to_laserscan/share/pointcloud_to_laserscan/launch/sample_laserscan_to_pointcloud_launch.py
[1.034s] -- Up-to-date symlink: /home/autoware/aichallenge2023-integration-final-main/install/pointcloud_to_laserscan/share/pointcloud_to_laserscan/launch/sample_pointcloud_to_laserscan_launch.py
[1.034s] -- Up-to-date symlink: /home/autoware/aichallenge2023-integration-final-main/install/pointcloud_to_laserscan/share/ament_index/resource_index/package_run_dependencies/pointcloud_to_laserscan
[1.035s] -- Up-to-date symlink: /home/autoware/aichallenge2023-integration-final-main/install/pointcloud_to_laserscan/share/ament_index/resource_index/parent_prefix_path/pointcloud_to_laserscan
[1.035s] -- Up-to-date symlink: /home/autoware/aichallenge2023-integration-final-main/install/pointcloud_to_laserscan/share/pointcloud_to_laserscan/environment/ament_prefix_path.sh
[1.035s] -- Up-to-date symlink: /home/autoware/aichallenge2023-integration-final-main/install/pointcloud_to_laserscan/share/pointcloud_to_laserscan/environment/ament_prefix_path.dsv
[1.035s] -- Up-to-date symlink: /home/autoware/aichallenge2023-integration-final-main/install/pointcloud_to_laserscan/share/pointcloud_to_laserscan/environment/path.sh
[1.035s] -- Up-to-date symlink: /home/autoware/aichallenge2023-integration-final-main/install/pointcloud_to_laserscan/share/pointcloud_to_laserscan/environment/path.dsv
[1.035s] -- Up-to-date symlink: /home/autoware/aichallenge2023-integration-final-main/install/pointcloud_to_laserscan/share/pointcloud_to_laserscan/local_setup.bash
[1.036s] -- Up-to-date symlink: /home/autoware/aichallenge2023-integration-final-main/install/pointcloud_to_laserscan/share/pointcloud_to_laserscan/local_setup.sh
[1.036s] -- Up-to-date symlink: /home/autoware/aichallenge2023-integration-final-main/install/pointcloud_to_laserscan/share/pointcloud_to_laserscan/local_setup.zsh
[1.037s] -- Up-to-date symlink: /home/autoware/aichallenge2023-integration-final-main/install/pointcloud_to_laserscan/share/pointcloud_to_laserscan/local_setup.dsv
[1.037s] -- Symlinking: /home/autoware/aichallenge2023-integration-final-main/install/pointcloud_to_laserscan/share/pointcloud_to_laserscan/package.dsv
[1.072s] -- Up-to-date symlink: /home/autoware/aichallenge2023-integration-final-main/install/pointcloud_to_laserscan/share/ament_index/resource_index/packages/pointcloud_to_laserscan
[1.072s] -- Up-to-date symlink: /home/autoware/aichallenge2023-integration-final-main/install/pointcloud_to_laserscan/share/ament_index/resource_index/rclcpp_components/pointcloud_to_laserscan
[1.072s] -- Up-to-date symlink: /home/autoware/aichallenge2023-integration-final-main/install/pointcloud_to_laserscan/share/pointcloud_to_laserscan/cmake/ament_cmake_export_dependencies-extras.cmake
[1.072s] -- Up-to-date symlink: /home/autoware/aichallenge2023-integration-final-main/install/pointcloud_to_laserscan/share/pointcloud_to_laserscan/cmake/ament_cmake_export_include_directories-extras.cmake
[1.072s] -- Up-to-date symlink: /home/autoware/aichallenge2023-integration-final-main/install/pointcloud_to_laserscan/share/pointcloud_to_laserscan/cmake/ament_cmake_export_libraries-extras.cmake
[1.072s] -- Up-to-date symlink: /home/autoware/aichallenge2023-integration-final-main/install/pointcloud_to_laserscan/share/pointcloud_to_laserscan/cmake/pointcloud_to_laserscanConfig.cmake
[1.072s] -- Up-to-date symlink: /home/autoware/aichallenge2023-integration-final-main/install/pointcloud_to_laserscan/share/pointcloud_to_laserscan/cmake/pointcloud_to_laserscanConfig-version.cmake
[1.072s] -- Up-to-date symlink: /home/autoware/aichallenge2023-integration-final-main/install/pointcloud_to_laserscan/share/pointcloud_to_laserscan/package.xml
[1.086s] Invoked command in '/home/autoware/aichallenge2023-integration-final-main/build/pointcloud_to_laserscan' returned '0': CMAKE_PREFIX_PATH=${CMAKE_PREFIX_PATH}:/home/autoware/autoware/install/simulator_compatibility_test:/home/autoware/autoware/install/ad_api_visualizers:/opt/ros/humble /usr/bin/cmake --install /home/autoware/aichallenge2023-integration-final-main/build/pointcloud_to_laserscan
