[0.059s] Invoking command in '/home/autoware/aichallenge2023-integration-final-main/build/autoware_adapi_version_msgs': CMAKE_PREFIX_PATH=${CMAKE_PREFIX_PATH}:/home/autoware/autoware/install/simulator_compatibility_test:/home/autoware/autoware/install/ad_api_visualizers:/opt/ros/humble /usr/bin/cmake --build /home/autoware/aichallenge2023-integration-final-main/build/autoware_adapi_version_msgs -- -j16 -l16
[0.271s] [35m[1mConsolidate compiler generated dependencies of target autoware_adapi_version_msgs__rosidl_generator_c[0m
[0.323s] [  3%] Built target autoware_adapi_version_msgs__cpp
[0.337s] [ 12%] Built target autoware_adapi_version_msgs__rosidl_generator_c
[0.357s] [ 12%] Built target ament_cmake_python_symlink_autoware_adapi_version_msgs
[0.391s] [35m[1mConsolidate compiler generated dependencies of target autoware_adapi_version_msgs__rosidl_typesupport_cpp[0m
[0.393s] [35m[1mConsolidate compiler generated dependencies of target autoware_adapi_version_msgs__rosidl_typesupport_introspection_cpp[0m
[0.406s] [35m[1mConsolidate compiler generated dependencies of target autoware_adapi_version_msgs__rosidl_typesupport_introspection_c[0m
[0.407s] [35m[1mConsolidate compiler generated dependencies of target autoware_adapi_version_msgs__rosidl_typesupport_fastrtps_cpp[0m
[0.408s] [35m[1mConsolidate compiler generated dependencies of target autoware_adapi_version_msgs__rosidl_typesupport_fastrtps_c[0m
[0.433s] [35m[1mConsolidate compiler generated dependencies of target autoware_adapi_version_msgs__rosidl_typesupport_c[0m
[0.474s] [ 22%] Built target autoware_adapi_version_msgs__rosidl_typesupport_introspection_cpp
[0.480s] [ 32%] Built target autoware_adapi_version_msgs__rosidl_typesupport_cpp
[0.505s] [ 41%] Built target autoware_adapi_version_msgs__rosidl_typesupport_fastrtps_cpp
[0.516s] [ 51%] Built target autoware_adapi_version_msgs__rosidl_typesupport_introspection_c
[0.516s] [ 61%] Built target autoware_adapi_version_msgs__rosidl_typesupport_fastrtps_c
[0.517s] [ 70%] Built target autoware_adapi_version_msgs__rosidl_typesupport_c
[0.626s] [ 70%] Built target autoware_adapi_version_msgs
[0.739s] [ 74%] Built target autoware_adapi_version_msgs__py
[0.791s] [35m[1mConsolidate compiler generated dependencies of target autoware_adapi_version_msgs__rosidl_generator_py[0m
[0.848s] running egg_info
[0.849s] writing autoware_adapi_version_msgs.egg-info/PKG-INFO
[0.850s] writing dependency_links to autoware_adapi_version_msgs.egg-info/dependency_links.txt
[0.850s] writing top-level names to autoware_adapi_version_msgs.egg-info/top_level.txt
[0.854s] reading manifest file 'autoware_adapi_version_msgs.egg-info/SOURCES.txt'
[0.855s] writing manifest file 'autoware_adapi_version_msgs.egg-info/SOURCES.txt'
[0.872s] [ 80%] Built target autoware_adapi_version_msgs__rosidl_generator_py
[0.919s] [ 80%] Built target ament_cmake_python_build_autoware_adapi_version_msgs_egg
[0.929s] [35m[1mConsolidate compiler generated dependencies of target autoware_adapi_version_msgs__rosidl_typesupport_fastrtps_c__pyext[0m
[0.945s] [35m[1mConsolidate compiler generated dependencies of target autoware_adapi_version_msgs__rosidl_typesupport_c__pyext[0m
[0.964s] [35m[1mConsolidate compiler generated dependencies of target autoware_adapi_version_msgs__rosidl_typesupport_introspection_c__pyext[0m
[1.021s] [ 87%] Built target autoware_adapi_version_msgs__rosidl_typesupport_fastrtps_c__pyext
[1.021s] [ 93%] Built target autoware_adapi_version_msgs__rosidl_typesupport_c__pyext
[1.044s] [100%] Built target autoware_adapi_version_msgs__rosidl_typesupport_introspection_c__pyext
[1.092s] Invoked command in '/home/autoware/aichallenge2023-integration-final-main/build/autoware_adapi_version_msgs' returned '0': CMAKE_PREFIX_PATH=${CMAKE_PREFIX_PATH}:/home/autoware/autoware/install/simulator_compatibility_test:/home/autoware/autoware/install/ad_api_visualizers:/opt/ros/humble /usr/bin/cmake --build /home/autoware/aichallenge2023-integration-final-main/build/autoware_adapi_version_msgs -- -j16 -l16
[1.786s] Invoking command in '/home/autoware/aichallenge2023-integration-final-main/build/autoware_adapi_version_msgs': CMAKE_PREFIX_PATH=${CMAKE_PREFIX_PATH}:/home/autoware/autoware/install/simulator_compatibility_test:/home/autoware/autoware/install/ad_api_visualizers:/opt/ros/humble /usr/bin/cmake --install /home/autoware/aichallenge2023-integration-final-main/build/autoware_adapi_version_msgs
[1.814s] -- Install configuration: "Release"
[1.814s] -- Execute custom install script
[1.815s] -- Up-to-date symlink: /home/autoware/aichallenge2023-integration-final-main/install/autoware_adapi_version_msgs/share/ament_index/resource_index/rosidl_interfaces/autoware_adapi_version_msgs
[1.815s] -- Up-to-date symlink: /home/autoware/aichallenge2023-integration-final-main/install/autoware_adapi_version_msgs/include/autoware_adapi_version_msgs/autoware_adapi_version_msgs/msg/rosidl_generator_c__visibility_control.h
[1.816s] -- Up-to-date symlink: /home/autoware/aichallenge2023-integration-final-main/install/autoware_adapi_version_msgs/include/autoware_adapi_version_msgs/autoware_adapi_version_msgs/srv/detail/interface_version__functions.h
[1.816s] -- Up-to-date symlink: /home/autoware/aichallenge2023-integration-final-main/install/autoware_adapi_version_msgs/include/autoware_adapi_version_msgs/autoware_adapi_version_msgs/srv/detail/interface_version__struct.h
[1.816s] -- Up-to-date symlink: /home/autoware/aichallenge2023-integration-final-main/install/autoware_adapi_version_msgs/include/autoware_adapi_version_msgs/autoware_adapi_version_msgs/srv/detail/interface_version__type_support.h
[1.817s] -- Up-to-date symlink: /home/autoware/aichallenge2023-integration-final-main/install/autoware_adapi_version_msgs/include/autoware_adapi_version_msgs/autoware_adapi_version_msgs/srv/interface_version.h
[1.817s] -- Up-to-date symlink: /home/autoware/aichallenge2023-integration-final-main/install/autoware_adapi_version_msgs/share/autoware_adapi_version_msgs/environment/library_path.sh
[1.817s] -- Up-to-date symlink: /home/autoware/aichallenge2023-integration-final-main/install/autoware_adapi_version_msgs/share/autoware_adapi_version_msgs/environment/library_path.dsv
[1.818s] -- Up-to-date symlink: /home/autoware/aichallenge2023-integration-final-main/install/autoware_adapi_version_msgs/include/autoware_adapi_version_msgs/autoware_adapi_version_msgs/msg/rosidl_typesupport_fastrtps_c__visibility_control.h
[1.819s] -- Up-to-date symlink: /home/autoware/aichallenge2023-integration-final-main/install/autoware_adapi_version_msgs/include/autoware_adapi_version_msgs/autoware_adapi_version_msgs/srv/detail/interface_version__rosidl_typesupport_fastrtps_c.h
[1.819s] -- Up-to-date symlink: /home/autoware/aichallenge2023-integration-final-main/install/autoware_adapi_version_msgs/include/autoware_adapi_version_msgs/autoware_adapi_version_msgs/msg/rosidl_typesupport_introspection_c__visibility_control.h
[1.820s] -- Up-to-date symlink: /home/autoware/aichallenge2023-integration-final-main/install/autoware_adapi_version_msgs/include/autoware_adapi_version_msgs/autoware_adapi_version_msgs/srv/detail/interface_version__rosidl_typesupport_introspection_c.h
[1.821s] -- Up-to-date symlink: /home/autoware/aichallenge2023-integration-final-main/install/autoware_adapi_version_msgs/include/autoware_adapi_version_msgs/autoware_adapi_version_msgs/srv/detail/interface_version__builder.hpp
[1.821s] -- Up-to-date symlink: /home/autoware/aichallenge2023-integration-final-main/install/autoware_adapi_version_msgs/include/autoware_adapi_version_msgs/autoware_adapi_version_msgs/srv/detail/interface_version__struct.hpp
[1.823s] -- Up-to-date symlink: /home/autoware/aichallenge2023-integration-final-main/install/autoware_adapi_version_msgs/include/autoware_adapi_version_msgs/autoware_adapi_version_msgs/srv/detail/interface_version__traits.hpp
[1.824s] -- Up-to-date symlink: /home/autoware/aichallenge2023-integration-final-main/install/autoware_adapi_version_msgs/include/autoware_adapi_version_msgs/autoware_adapi_version_msgs/srv/interface_version.hpp
[1.825s] -- Up-to-date symlink: /home/autoware/aichallenge2023-integration-final-main/install/autoware_adapi_version_msgs/include/autoware_adapi_version_msgs/autoware_adapi_version_msgs/msg/rosidl_typesupport_fastrtps_cpp__visibility_control.h
[1.826s] -- Up-to-date symlink: /home/autoware/aichallenge2023-integration-final-main/install/autoware_adapi_version_msgs/include/autoware_adapi_version_msgs/autoware_adapi_version_msgs/srv/detail/interface_version__rosidl_typesupport_fastrtps_cpp.hpp
[1.826s] -- Up-to-date symlink: /home/autoware/aichallenge2023-integration-final-main/install/autoware_adapi_version_msgs/include/autoware_adapi_version_msgs/autoware_adapi_version_msgs/srv/detail/interface_version__rosidl_typesupport_introspection_cpp.hpp
[1.826s] -- Up-to-date symlink: /home/autoware/aichallenge2023-integration-final-main/install/autoware_adapi_version_msgs/share/autoware_adapi_version_msgs/environment/pythonpath.sh
[1.827s] -- Up-to-date symlink: /home/autoware/aichallenge2023-integration-final-main/install/autoware_adapi_version_msgs/share/autoware_adapi_version_msgs/environment/pythonpath.dsv
[1.827s] -- Up-to-date symlink: /home/autoware/aichallenge2023-integration-final-main/install/autoware_adapi_version_msgs/local/lib/python3.10/dist-packages/autoware_adapi_version_msgs-0.0.0-py3.10.egg-info/PKG-INFO
[1.827s] -- Up-to-date symlink: /home/autoware/aichallenge2023-integration-final-main/install/autoware_adapi_version_msgs/local/lib/python3.10/dist-packages/autoware_adapi_version_msgs-0.0.0-py3.10.egg-info/SOURCES.txt
[1.828s] -- Up-to-date symlink: /home/autoware/aichallenge2023-integration-final-main/install/autoware_adapi_version_msgs/local/lib/python3.10/dist-packages/autoware_adapi_version_msgs-0.0.0-py3.10.egg-info/dependency_links.txt
[1.828s] -- Up-to-date symlink: /home/autoware/aichallenge2023-integration-final-main/install/autoware_adapi_version_msgs/local/lib/python3.10/dist-packages/autoware_adapi_version_msgs-0.0.0-py3.10.egg-info/top_level.txt
[1.829s] -- Up-to-date symlink: /home/autoware/aichallenge2023-integration-final-main/install/autoware_adapi_version_msgs/local/lib/python3.10/dist-packages/autoware_adapi_version_msgs/__init__.py
[1.829s] -- Up-to-date symlink: /home/autoware/aichallenge2023-integration-final-main/install/autoware_adapi_version_msgs/local/lib/python3.10/dist-packages/autoware_adapi_version_msgs/_autoware_adapi_version_msgs_s.ep.rosidl_typesupport_c.c
[1.829s] -- Up-to-date symlink: /home/autoware/aichallenge2023-integration-final-main/install/autoware_adapi_version_msgs/local/lib/python3.10/dist-packages/autoware_adapi_version_msgs/_autoware_adapi_version_msgs_s.ep.rosidl_typesupport_fastrtps_c.c
[1.830s] -- Up-to-date symlink: /home/autoware/aichallenge2023-integration-final-main/install/autoware_adapi_version_msgs/local/lib/python3.10/dist-packages/autoware_adapi_version_msgs/_autoware_adapi_version_msgs_s.ep.rosidl_typesupport_introspection_c.c
[1.830s] -- Up-to-date symlink: /home/autoware/aichallenge2023-integration-final-main/install/autoware_adapi_version_msgs/local/lib/python3.10/dist-packages/autoware_adapi_version_msgs/autoware_adapi_version_msgs_s__rosidl_typesupport_c.cpython-310-x86_64-linux-gnu.so
[1.830s] -- Up-to-date symlink: /home/autoware/aichallenge2023-integration-final-main/install/autoware_adapi_version_msgs/local/lib/python3.10/dist-packages/autoware_adapi_version_msgs/autoware_adapi_version_msgs_s__rosidl_typesupport_fastrtps_c.cpython-310-x86_64-linux-gnu.so
[1.830s] -- Up-to-date symlink: /home/autoware/aichallenge2023-integration-final-main/install/autoware_adapi_version_msgs/local/lib/python3.10/dist-packages/autoware_adapi_version_msgs/autoware_adapi_version_msgs_s__rosidl_typesupport_introspection_c.cpython-310-x86_64-linux-gnu.so
[1.831s] -- Up-to-date symlink: /home/autoware/aichallenge2023-integration-final-main/install/autoware_adapi_version_msgs/local/lib/python3.10/dist-packages/autoware_adapi_version_msgs/libautoware_adapi_version_msgs__rosidl_generator_py.so
[1.831s] -- Up-to-date symlink: /home/autoware/aichallenge2023-integration-final-main/install/autoware_adapi_version_msgs/local/lib/python3.10/dist-packages/autoware_adapi_version_msgs/srv/__init__.py
[1.831s] -- Up-to-date symlink: /home/autoware/aichallenge2023-integration-final-main/install/autoware_adapi_version_msgs/local/lib/python3.10/dist-packages/autoware_adapi_version_msgs/srv/_interface_version.py
[1.832s] -- Up-to-date symlink: /home/autoware/aichallenge2023-integration-final-main/install/autoware_adapi_version_msgs/local/lib/python3.10/dist-packages/autoware_adapi_version_msgs/srv/_interface_version_s.c
[1.832s] -- Up-to-date symlink: /home/autoware/aichallenge2023-integration-final-main/install/autoware_adapi_version_msgs/local/lib/python3.10/dist-packages/autoware_adapi_version_msgs/autoware_adapi_version_msgs_s__rosidl_typesupport_fastrtps_c.cpython-310-x86_64-linux-gnu.so
[1.833s] -- Up-to-date symlink: /home/autoware/aichallenge2023-integration-final-main/install/autoware_adapi_version_msgs/local/lib/python3.10/dist-packages/autoware_adapi_version_msgs/autoware_adapi_version_msgs_s__rosidl_typesupport_introspection_c.cpython-310-x86_64-linux-gnu.so
[1.833s] -- Up-to-date symlink: /home/autoware/aichallenge2023-integration-final-main/install/autoware_adapi_version_msgs/local/lib/python3.10/dist-packages/autoware_adapi_version_msgs/autoware_adapi_version_msgs_s__rosidl_typesupport_c.cpython-310-x86_64-linux-gnu.so
[1.841s] -- Up-to-date symlink: /home/autoware/aichallenge2023-integration-final-main/install/autoware_adapi_version_msgs/share/autoware_adapi_version_msgs/srv/InterfaceVersion.idl
[1.842s] -- Up-to-date symlink: /home/autoware/aichallenge2023-integration-final-main/install/autoware_adapi_version_msgs/share/autoware_adapi_version_msgs/srv/InterfaceVersion.srv
[1.842s] -- Up-to-date symlink: /home/autoware/aichallenge2023-integration-final-main/install/autoware_adapi_version_msgs/share/autoware_adapi_version_msgs/srv/InterfaceVersion_Request.msg
[1.842s] -- Up-to-date symlink: /home/autoware/aichallenge2023-integration-final-main/install/autoware_adapi_version_msgs/share/autoware_adapi_version_msgs/srv/InterfaceVersion_Response.msg
[1.843s] -- Up-to-date symlink: /home/autoware/aichallenge2023-integration-final-main/install/autoware_adapi_version_msgs/share/ament_index/resource_index/package_run_dependencies/autoware_adapi_version_msgs
[1.843s] -- Up-to-date symlink: /home/autoware/aichallenge2023-integration-final-main/install/autoware_adapi_version_msgs/share/ament_index/resource_index/parent_prefix_path/autoware_adapi_version_msgs
[1.843s] -- Up-to-date symlink: /home/autoware/aichallenge2023-integration-final-main/install/autoware_adapi_version_msgs/share/autoware_adapi_version_msgs/environment/ament_prefix_path.sh
[1.843s] -- Up-to-date symlink: /home/autoware/aichallenge2023-integration-final-main/install/autoware_adapi_version_msgs/share/autoware_adapi_version_msgs/environment/ament_prefix_path.dsv
[1.844s] -- Up-to-date symlink: /home/autoware/aichallenge2023-integration-final-main/install/autoware_adapi_version_msgs/share/autoware_adapi_version_msgs/environment/path.sh
[1.844s] -- Up-to-date symlink: /home/autoware/aichallenge2023-integration-final-main/install/autoware_adapi_version_msgs/share/autoware_adapi_version_msgs/environment/path.dsv
[1.844s] -- Up-to-date symlink: /home/autoware/aichallenge2023-integration-final-main/install/autoware_adapi_version_msgs/share/autoware_adapi_version_msgs/local_setup.bash
[1.844s] -- Up-to-date symlink: /home/autoware/aichallenge2023-integration-final-main/install/autoware_adapi_version_msgs/share/autoware_adapi_version_msgs/local_setup.sh
[1.845s] -- Up-to-date symlink: /home/autoware/aichallenge2023-integration-final-main/install/autoware_adapi_version_msgs/share/autoware_adapi_version_msgs/local_setup.zsh
[1.845s] -- Up-to-date symlink: /home/autoware/aichallenge2023-integration-final-main/install/autoware_adapi_version_msgs/share/autoware_adapi_version_msgs/local_setup.dsv
[1.845s] -- Symlinking: /home/autoware/aichallenge2023-integration-final-main/install/autoware_adapi_version_msgs/share/autoware_adapi_version_msgs/package.dsv
[1.877s] -- Up-to-date symlink: /home/autoware/aichallenge2023-integration-final-main/install/autoware_adapi_version_msgs/share/ament_index/resource_index/packages/autoware_adapi_version_msgs
[1.877s] -- Up-to-date symlink: /home/autoware/aichallenge2023-integration-final-main/install/autoware_adapi_version_msgs/share/autoware_adapi_version_msgs/cmake/rosidl_cmake-extras.cmake
[1.877s] -- Up-to-date symlink: /home/autoware/aichallenge2023-integration-final-main/install/autoware_adapi_version_msgs/share/autoware_adapi_version_msgs/cmake/ament_cmake_export_include_directories-extras.cmake
[1.877s] -- Up-to-date symlink: /home/autoware/aichallenge2023-integration-final-main/install/autoware_adapi_version_msgs/share/autoware_adapi_version_msgs/cmake/ament_cmake_export_libraries-extras.cmake
[1.879s] -- Up-to-date symlink: /home/autoware/aichallenge2023-integration-final-main/install/autoware_adapi_version_msgs/share/autoware_adapi_version_msgs/cmake/ament_cmake_export_targets-extras.cmake
[1.879s] -- Up-to-date symlink: /home/autoware/aichallenge2023-integration-final-main/install/autoware_adapi_version_msgs/share/autoware_adapi_version_msgs/cmake/rosidl_cmake_export_typesupport_targets-extras.cmake
[1.879s] -- Up-to-date symlink: /home/autoware/aichallenge2023-integration-final-main/install/autoware_adapi_version_msgs/share/autoware_adapi_version_msgs/cmake/ament_cmake_export_dependencies-extras.cmake
[1.879s] -- Up-to-date symlink: /home/autoware/aichallenge2023-integration-final-main/install/autoware_adapi_version_msgs/share/autoware_adapi_version_msgs/cmake/rosidl_cmake_export_typesupport_libraries-extras.cmake
[1.879s] -- Up-to-date symlink: /home/autoware/aichallenge2023-integration-final-main/install/autoware_adapi_version_msgs/share/autoware_adapi_version_msgs/cmake/autoware_adapi_version_msgsConfig.cmake
[1.879s] -- Up-to-date symlink: /home/autoware/aichallenge2023-integration-final-main/install/autoware_adapi_version_msgs/share/autoware_adapi_version_msgs/cmake/autoware_adapi_version_msgsConfig-version.cmake
[1.879s] -- Up-to-date symlink: /home/autoware/aichallenge2023-integration-final-main/install/autoware_adapi_version_msgs/share/autoware_adapi_version_msgs/package.xml
[1.879s] -- Up-to-date: /home/autoware/aichallenge2023-integration-final-main/install/autoware_adapi_version_msgs/lib/libautoware_adapi_version_msgs__rosidl_generator_c.so
[1.879s] -- Up-to-date: /home/autoware/aichallenge2023-integration-final-main/install/autoware_adapi_version_msgs/lib/libautoware_adapi_version_msgs__rosidl_typesupport_fastrtps_c.so
[1.879s] -- Up-to-date: /home/autoware/aichallenge2023-integration-final-main/install/autoware_adapi_version_msgs/lib/libautoware_adapi_version_msgs__rosidl_typesupport_introspection_c.so
[1.882s] -- Up-to-date: /home/autoware/aichallenge2023-integration-final-main/install/autoware_adapi_version_msgs/lib/libautoware_adapi_version_msgs__rosidl_typesupport_c.so
[1.882s] -- Up-to-date: /home/autoware/aichallenge2023-integration-final-main/install/autoware_adapi_version_msgs/lib/libautoware_adapi_version_msgs__rosidl_typesupport_fastrtps_cpp.so
[1.882s] -- Up-to-date: /home/autoware/aichallenge2023-integration-final-main/install/autoware_adapi_version_msgs/lib/libautoware_adapi_version_msgs__rosidl_typesupport_introspection_cpp.so
[1.882s] -- Up-to-date: /home/autoware/aichallenge2023-integration-final-main/install/autoware_adapi_version_msgs/lib/libautoware_adapi_version_msgs__rosidl_typesupport_cpp.so
[1.952s] Listing '/home/autoware/aichallenge2023-integration-final-main/install/autoware_adapi_version_msgs/local/lib/python3.10/dist-packages/autoware_adapi_version_msgs'...
[1.952s] Listing '/home/autoware/aichallenge2023-integration-final-main/install/autoware_adapi_version_msgs/local/lib/python3.10/dist-packages/autoware_adapi_version_msgs/srv'...
[1.957s] -- Up-to-date: /home/autoware/aichallenge2023-integration-final-main/install/autoware_adapi_version_msgs/lib/libautoware_adapi_version_msgs__rosidl_generator_py.so
[1.958s] -- Up-to-date: /home/autoware/aichallenge2023-integration-final-main/install/autoware_adapi_version_msgs/share/autoware_adapi_version_msgs/cmake/export_autoware_adapi_version_msgs__rosidl_generator_cExport.cmake
[1.958s] -- Up-to-date: /home/autoware/aichallenge2023-integration-final-main/install/autoware_adapi_version_msgs/share/autoware_adapi_version_msgs/cmake/export_autoware_adapi_version_msgs__rosidl_generator_cExport-release.cmake
[1.958s] -- Up-to-date: /home/autoware/aichallenge2023-integration-final-main/install/autoware_adapi_version_msgs/share/autoware_adapi_version_msgs/cmake/export_autoware_adapi_version_msgs__rosidl_typesupport_fastrtps_cExport.cmake
[1.958s] -- Up-to-date: /home/autoware/aichallenge2023-integration-final-main/install/autoware_adapi_version_msgs/share/autoware_adapi_version_msgs/cmake/export_autoware_adapi_version_msgs__rosidl_typesupport_fastrtps_cExport-release.cmake
[1.958s] -- Up-to-date: /home/autoware/aichallenge2023-integration-final-main/install/autoware_adapi_version_msgs/share/autoware_adapi_version_msgs/cmake/autoware_adapi_version_msgs__rosidl_typesupport_introspection_cExport.cmake
[1.959s] -- Up-to-date: /home/autoware/aichallenge2023-integration-final-main/install/autoware_adapi_version_msgs/share/autoware_adapi_version_msgs/cmake/autoware_adapi_version_msgs__rosidl_typesupport_introspection_cExport-release.cmake
[1.959s] -- Up-to-date: /home/autoware/aichallenge2023-integration-final-main/install/autoware_adapi_version_msgs/share/autoware_adapi_version_msgs/cmake/autoware_adapi_version_msgs__rosidl_typesupport_cExport.cmake
[1.959s] -- Up-to-date: /home/autoware/aichallenge2023-integration-final-main/install/autoware_adapi_version_msgs/share/autoware_adapi_version_msgs/cmake/autoware_adapi_version_msgs__rosidl_typesupport_cExport-release.cmake
[1.959s] -- Up-to-date: /home/autoware/aichallenge2023-integration-final-main/install/autoware_adapi_version_msgs/share/autoware_adapi_version_msgs/cmake/export_autoware_adapi_version_msgs__rosidl_generator_cppExport.cmake
[1.959s] -- Up-to-date: /home/autoware/aichallenge2023-integration-final-main/install/autoware_adapi_version_msgs/share/autoware_adapi_version_msgs/cmake/export_autoware_adapi_version_msgs__rosidl_typesupport_fastrtps_cppExport.cmake
[1.959s] -- Up-to-date: /home/autoware/aichallenge2023-integration-final-main/install/autoware_adapi_version_msgs/share/autoware_adapi_version_msgs/cmake/export_autoware_adapi_version_msgs__rosidl_typesupport_fastrtps_cppExport-release.cmake
[1.960s] -- Up-to-date: /home/autoware/aichallenge2023-integration-final-main/install/autoware_adapi_version_msgs/share/autoware_adapi_version_msgs/cmake/autoware_adapi_version_msgs__rosidl_typesupport_introspection_cppExport.cmake
[1.960s] -- Up-to-date: /home/autoware/aichallenge2023-integration-final-main/install/autoware_adapi_version_msgs/share/autoware_adapi_version_msgs/cmake/autoware_adapi_version_msgs__rosidl_typesupport_introspection_cppExport-release.cmake
[1.960s] -- Up-to-date: /home/autoware/aichallenge2023-integration-final-main/install/autoware_adapi_version_msgs/share/autoware_adapi_version_msgs/cmake/autoware_adapi_version_msgs__rosidl_typesupport_cppExport.cmake
[1.960s] -- Up-to-date: /home/autoware/aichallenge2023-integration-final-main/install/autoware_adapi_version_msgs/share/autoware_adapi_version_msgs/cmake/autoware_adapi_version_msgs__rosidl_typesupport_cppExport-release.cmake
[1.960s] -- Up-to-date: /home/autoware/aichallenge2023-integration-final-main/install/autoware_adapi_version_msgs/share/autoware_adapi_version_msgs/cmake/export_autoware_adapi_version_msgs__rosidl_generator_pyExport.cmake
[1.960s] -- Up-to-date: /home/autoware/aichallenge2023-integration-final-main/install/autoware_adapi_version_msgs/share/autoware_adapi_version_msgs/cmake/export_autoware_adapi_version_msgs__rosidl_generator_pyExport-release.cmake
[1.968s] Invoked command in '/home/autoware/aichallenge2023-integration-final-main/build/autoware_adapi_version_msgs' returned '0': CMAKE_PREFIX_PATH=${CMAKE_PREFIX_PATH}:/home/autoware/autoware/install/simulator_compatibility_test:/home/autoware/autoware/install/ad_api_visualizers:/opt/ros/humble /usr/bin/cmake --install /home/autoware/aichallenge2023-integration-final-main/build/autoware_adapi_version_msgs
