[0.255s] Invoking command in '/home/autoware/aichallenge2023-integration-final-main/build/autoware_adapi_v1_msgs': CMAKE_PREFIX_PATH=${CMAKE_PREFIX_PATH}:/home/autoware/aichallenge2023-integration-final-main/install/simulator_compatibility_test:/home/autoware/aichallenge2023-integration-final-main/install/ad_api_visualizers:/home/autoware/autoware/install/simulator_compatibility_test:/home/autoware/autoware/install/ad_api_visualizers:/opt/ros/humble /usr/bin/cmake --build /home/autoware/aichallenge2023-integration-final-main/build/autoware_adapi_v1_msgs -- -j16 -l16
[0.925s] [  0%] Built target autoware_adapi_v1_msgs__cpp
[1.052s] [ 12%] Built target autoware_adapi_v1_msgs__rosidl_generator_c
[1.093s] [ 12%] Built target ament_cmake_python_symlink_autoware_adapi_v1_msgs
[1.962s] [ 24%] Built target autoware_adapi_v1_msgs__rosidl_typesupport_introspection_c
[2.001s] [ 36%] Built target autoware_adapi_v1_msgs__rosidl_typesupport_cpp
[2.049s] [ 48%] Built target autoware_adapi_v1_msgs__rosidl_typesupport_fastrtps_cpp
[2.123s] [ 61%] Built target autoware_adapi_v1_msgs__rosidl_typesupport_introspection_cpp
[2.215s] [ 73%] Built target autoware_adapi_v1_msgs__rosidl_typesupport_c
[2.308s] [ 85%] Built target autoware_adapi_v1_msgs__rosidl_typesupport_fastrtps_c
[2.616s] running egg_info
[2.618s] writing autoware_adapi_v1_msgs.egg-info/PKG-INFO
[2.618s] writing dependency_links to autoware_adapi_v1_msgs.egg-info/dependency_links.txt
[2.619s] writing top-level names to autoware_adapi_v1_msgs.egg-info/top_level.txt
[2.628s] reading manifest file 'autoware_adapi_v1_msgs.egg-info/SOURCES.txt'
[2.636s] writing manifest file 'autoware_adapi_v1_msgs.egg-info/SOURCES.txt'
[2.803s] [ 85%] Built target autoware_adapi_v1_msgs
[2.828s] [ 85%] Built target ament_cmake_python_build_autoware_adapi_v1_msgs_egg
[3.176s] [ 86%] Built target autoware_adapi_v1_msgs__py
[3.618s] [ 97%] Built target autoware_adapi_v1_msgs__rosidl_generator_py
[3.994s] [ 98%] Built target autoware_adapi_v1_msgs__rosidl_typesupport_c__pyext
[4.005s] [ 99%] Built target autoware_adapi_v1_msgs__rosidl_typesupport_introspection_c__pyext
[4.051s] [100%] Built target autoware_adapi_v1_msgs__rosidl_typesupport_fastrtps_c__pyext
[4.130s] Invoked command in '/home/autoware/aichallenge2023-integration-final-main/build/autoware_adapi_v1_msgs' returned '0': CMAKE_PREFIX_PATH=${CMAKE_PREFIX_PATH}:/home/autoware/aichallenge2023-integration-final-main/install/simulator_compatibility_test:/home/autoware/aichallenge2023-integration-final-main/install/ad_api_visualizers:/home/autoware/autoware/install/simulator_compatibility_test:/home/autoware/autoware/install/ad_api_visualizers:/opt/ros/humble /usr/bin/cmake --build /home/autoware/aichallenge2023-integration-final-main/build/autoware_adapi_v1_msgs -- -j16 -l16
[16.485s] Invoking command in '/home/autoware/aichallenge2023-integration-final-main/build/autoware_adapi_v1_msgs': CMAKE_PREFIX_PATH=${CMAKE_PREFIX_PATH}:/home/autoware/aichallenge2023-integration-final-main/install/simulator_compatibility_test:/home/autoware/aichallenge2023-integration-final-main/install/ad_api_visualizers:/home/autoware/autoware/install/simulator_compatibility_test:/home/autoware/autoware/install/ad_api_visualizers:/opt/ros/humble /usr/bin/cmake --install /home/autoware/aichallenge2023-integration-final-main/build/autoware_adapi_v1_msgs
[16.558s] -- Install configuration: "Release"
[16.563s] -- Execute custom install script
[16.563s] -- Up-to-date symlink: /home/autoware/aichallenge2023-integration-final-main/install/autoware_adapi_v1_msgs/share/ament_index/resource_index/rosidl_interfaces/autoware_adapi_v1_msgs
[16.563s] -- Up-to-date symlink: /home/autoware/aichallenge2023-integration-final-main/install/autoware_adapi_v1_msgs/include/autoware_adapi_v1_msgs/autoware_adapi_v1_msgs/msg/detail/localization_initialization_state__functions.h
[16.563s] -- Up-to-date symlink: /home/autoware/aichallenge2023-integration-final-main/install/autoware_adapi_v1_msgs/include/autoware_adapi_v1_msgs/autoware_adapi_v1_msgs/msg/detail/localization_initialization_state__struct.h
[16.563s] -- Up-to-date symlink: /home/autoware/aichallenge2023-integration-final-main/install/autoware_adapi_v1_msgs/include/autoware_adapi_v1_msgs/autoware_adapi_v1_msgs/msg/detail/localization_initialization_state__type_support.h
[16.563s] -- Up-to-date symlink: /home/autoware/aichallenge2023-integration-final-main/install/autoware_adapi_v1_msgs/include/autoware_adapi_v1_msgs/autoware_adapi_v1_msgs/msg/detail/motion_state__functions.h
[16.564s] -- Up-to-date symlink: /home/autoware/aichallenge2023-integration-final-main/install/autoware_adapi_v1_msgs/include/autoware_adapi_v1_msgs/autoware_adapi_v1_msgs/msg/detail/motion_state__struct.h
[16.564s] -- Up-to-date symlink: /home/autoware/aichallenge2023-integration-final-main/install/autoware_adapi_v1_msgs/include/autoware_adapi_v1_msgs/autoware_adapi_v1_msgs/msg/detail/motion_state__type_support.h
[16.564s] -- Up-to-date symlink: /home/autoware/aichallenge2023-integration-final-main/install/autoware_adapi_v1_msgs/include/autoware_adapi_v1_msgs/autoware_adapi_v1_msgs/msg/detail/mrm_state__functions.h
[16.564s] -- Up-to-date symlink: /home/autoware/aichallenge2023-integration-final-main/install/autoware_adapi_v1_msgs/include/autoware_adapi_v1_msgs/autoware_adapi_v1_msgs/msg/detail/mrm_state__struct.h
[16.564s] -- Up-to-date symlink: /home/autoware/aichallenge2023-integration-final-main/install/autoware_adapi_v1_msgs/include/autoware_adapi_v1_msgs/autoware_adapi_v1_msgs/msg/detail/mrm_state__type_support.h
[16.564s] -- Up-to-date symlink: /home/autoware/aichallenge2023-integration-final-main/install/autoware_adapi_v1_msgs/include/autoware_adapi_v1_msgs/autoware_adapi_v1_msgs/msg/detail/operation_mode_state__functions.h
[16.564s] -- Up-to-date symlink: /home/autoware/aichallenge2023-integration-final-main/install/autoware_adapi_v1_msgs/include/autoware_adapi_v1_msgs/autoware_adapi_v1_msgs/msg/detail/operation_mode_state__struct.h
[16.564s] -- Up-to-date symlink: /home/autoware/aichallenge2023-integration-final-main/install/autoware_adapi_v1_msgs/include/autoware_adapi_v1_msgs/autoware_adapi_v1_msgs/msg/detail/operation_mode_state__type_support.h
[16.564s] -- Up-to-date symlink: /home/autoware/aichallenge2023-integration-final-main/install/autoware_adapi_v1_msgs/include/autoware_adapi_v1_msgs/autoware_adapi_v1_msgs/msg/detail/response_status__functions.h
[16.564s] -- Up-to-date symlink: /home/autoware/aichallenge2023-integration-final-main/install/autoware_adapi_v1_msgs/include/autoware_adapi_v1_msgs/autoware_adapi_v1_msgs/msg/detail/response_status__struct.h
[16.564s] -- Up-to-date symlink: /home/autoware/aichallenge2023-integration-final-main/install/autoware_adapi_v1_msgs/include/autoware_adapi_v1_msgs/autoware_adapi_v1_msgs/msg/detail/response_status__type_support.h
[16.565s] -- Up-to-date symlink: /home/autoware/aichallenge2023-integration-final-main/install/autoware_adapi_v1_msgs/include/autoware_adapi_v1_msgs/autoware_adapi_v1_msgs/msg/detail/route__functions.h
[16.565s] -- Up-to-date symlink: /home/autoware/aichallenge2023-integration-final-main/install/autoware_adapi_v1_msgs/include/autoware_adapi_v1_msgs/autoware_adapi_v1_msgs/msg/detail/route__struct.h
[16.565s] -- Up-to-date symlink: /home/autoware/aichallenge2023-integration-final-main/install/autoware_adapi_v1_msgs/include/autoware_adapi_v1_msgs/autoware_adapi_v1_msgs/msg/detail/route__type_support.h
[16.565s] -- Up-to-date symlink: /home/autoware/aichallenge2023-integration-final-main/install/autoware_adapi_v1_msgs/include/autoware_adapi_v1_msgs/autoware_adapi_v1_msgs/msg/detail/route_data__functions.h
[16.565s] -- Up-to-date symlink: /home/autoware/aichallenge2023-integration-final-main/install/autoware_adapi_v1_msgs/include/autoware_adapi_v1_msgs/autoware_adapi_v1_msgs/msg/detail/route_data__struct.h
[16.565s] -- Up-to-date symlink: /home/autoware/aichallenge2023-integration-final-main/install/autoware_adapi_v1_msgs/include/autoware_adapi_v1_msgs/autoware_adapi_v1_msgs/msg/detail/route_data__type_support.h
[16.565s] -- Up-to-date symlink: /home/autoware/aichallenge2023-integration-final-main/install/autoware_adapi_v1_msgs/include/autoware_adapi_v1_msgs/autoware_adapi_v1_msgs/msg/detail/route_primitive__functions.h
[16.565s] -- Up-to-date symlink: /home/autoware/aichallenge2023-integration-final-main/install/autoware_adapi_v1_msgs/include/autoware_adapi_v1_msgs/autoware_adapi_v1_msgs/msg/detail/route_primitive__struct.h
[16.565s] -- Up-to-date symlink: /home/autoware/aichallenge2023-integration-final-main/install/autoware_adapi_v1_msgs/include/autoware_adapi_v1_msgs/autoware_adapi_v1_msgs/msg/detail/route_primitive__type_support.h
[16.565s] -- Up-to-date symlink: /home/autoware/aichallenge2023-integration-final-main/install/autoware_adapi_v1_msgs/include/autoware_adapi_v1_msgs/autoware_adapi_v1_msgs/msg/detail/route_segment__functions.h
[16.565s] -- Up-to-date symlink: /home/autoware/aichallenge2023-integration-final-main/install/autoware_adapi_v1_msgs/include/autoware_adapi_v1_msgs/autoware_adapi_v1_msgs/msg/detail/route_segment__struct.h
[16.565s] -- Up-to-date symlink: /home/autoware/aichallenge2023-integration-final-main/install/autoware_adapi_v1_msgs/include/autoware_adapi_v1_msgs/autoware_adapi_v1_msgs/msg/detail/route_segment__type_support.h
[16.565s] -- Up-to-date symlink: /home/autoware/aichallenge2023-integration-final-main/install/autoware_adapi_v1_msgs/include/autoware_adapi_v1_msgs/autoware_adapi_v1_msgs/msg/detail/route_state__functions.h
[16.566s] -- Up-to-date symlink: /home/autoware/aichallenge2023-integration-final-main/install/autoware_adapi_v1_msgs/include/autoware_adapi_v1_msgs/autoware_adapi_v1_msgs/msg/detail/route_state__struct.h
[16.566s] -- Up-to-date symlink: /home/autoware/aichallenge2023-integration-final-main/install/autoware_adapi_v1_msgs/include/autoware_adapi_v1_msgs/autoware_adapi_v1_msgs/msg/detail/route_state__type_support.h
[16.566s] -- Up-to-date symlink: /home/autoware/aichallenge2023-integration-final-main/install/autoware_adapi_v1_msgs/include/autoware_adapi_v1_msgs/autoware_adapi_v1_msgs/msg/detail/steering_factor__functions.h
[16.566s] -- Up-to-date symlink: /home/autoware/aichallenge2023-integration-final-main/install/autoware_adapi_v1_msgs/include/autoware_adapi_v1_msgs/autoware_adapi_v1_msgs/msg/detail/steering_factor__struct.h
[16.566s] -- Up-to-date symlink: /home/autoware/aichallenge2023-integration-final-main/install/autoware_adapi_v1_msgs/include/autoware_adapi_v1_msgs/autoware_adapi_v1_msgs/msg/detail/steering_factor__type_support.h
[16.566s] -- Up-to-date symlink: /home/autoware/aichallenge2023-integration-final-main/install/autoware_adapi_v1_msgs/include/autoware_adapi_v1_msgs/autoware_adapi_v1_msgs/msg/detail/steering_factor_array__functions.h
[16.566s] -- Up-to-date symlink: /home/autoware/aichallenge2023-integration-final-main/install/autoware_adapi_v1_msgs/include/autoware_adapi_v1_msgs/autoware_adapi_v1_msgs/msg/detail/steering_factor_array__struct.h
[16.566s] -- Up-to-date symlink: /home/autoware/aichallenge2023-integration-final-main/install/autoware_adapi_v1_msgs/include/autoware_adapi_v1_msgs/autoware_adapi_v1_msgs/msg/detail/steering_factor_array__type_support.h
[16.566s] -- Up-to-date symlink: /home/autoware/aichallenge2023-integration-final-main/install/autoware_adapi_v1_msgs/include/autoware_adapi_v1_msgs/autoware_adapi_v1_msgs/msg/detail/velocity_factor__functions.h
[16.566s] -- Up-to-date symlink: /home/autoware/aichallenge2023-integration-final-main/install/autoware_adapi_v1_msgs/include/autoware_adapi_v1_msgs/autoware_adapi_v1_msgs/msg/detail/velocity_factor__struct.h
[16.566s] -- Up-to-date symlink: /home/autoware/aichallenge2023-integration-final-main/install/autoware_adapi_v1_msgs/include/autoware_adapi_v1_msgs/autoware_adapi_v1_msgs/msg/detail/velocity_factor__type_support.h
[16.566s] -- Up-to-date symlink: /home/autoware/aichallenge2023-integration-final-main/install/autoware_adapi_v1_msgs/include/autoware_adapi_v1_msgs/autoware_adapi_v1_msgs/msg/detail/velocity_factor_array__functions.h
[16.567s] -- Up-to-date symlink: /home/autoware/aichallenge2023-integration-final-main/install/autoware_adapi_v1_msgs/include/autoware_adapi_v1_msgs/autoware_adapi_v1_msgs/msg/detail/velocity_factor_array__struct.h
[16.567s] -- Up-to-date symlink: /home/autoware/aichallenge2023-integration-final-main/install/autoware_adapi_v1_msgs/include/autoware_adapi_v1_msgs/autoware_adapi_v1_msgs/msg/detail/velocity_factor_array__type_support.h
[16.567s] -- Up-to-date symlink: /home/autoware/aichallenge2023-integration-final-main/install/autoware_adapi_v1_msgs/include/autoware_adapi_v1_msgs/autoware_adapi_v1_msgs/msg/localization_initialization_state.h
[16.567s] -- Up-to-date symlink: /home/autoware/aichallenge2023-integration-final-main/install/autoware_adapi_v1_msgs/include/autoware_adapi_v1_msgs/autoware_adapi_v1_msgs/msg/motion_state.h
[16.567s] -- Up-to-date symlink: /home/autoware/aichallenge2023-integration-final-main/install/autoware_adapi_v1_msgs/include/autoware_adapi_v1_msgs/autoware_adapi_v1_msgs/msg/mrm_state.h
[16.567s] -- Up-to-date symlink: /home/autoware/aichallenge2023-integration-final-main/install/autoware_adapi_v1_msgs/include/autoware_adapi_v1_msgs/autoware_adapi_v1_msgs/msg/operation_mode_state.h
[16.567s] -- Up-to-date symlink: /home/autoware/aichallenge2023-integration-final-main/install/autoware_adapi_v1_msgs/include/autoware_adapi_v1_msgs/autoware_adapi_v1_msgs/msg/response_status.h
[16.567s] -- Up-to-date symlink: /home/autoware/aichallenge2023-integration-final-main/install/autoware_adapi_v1_msgs/include/autoware_adapi_v1_msgs/autoware_adapi_v1_msgs/msg/rosidl_generator_c__visibility_control.h
[16.567s] -- Up-to-date symlink: /home/autoware/aichallenge2023-integration-final-main/install/autoware_adapi_v1_msgs/include/autoware_adapi_v1_msgs/autoware_adapi_v1_msgs/msg/route.h
[16.567s] -- Up-to-date symlink: /home/autoware/aichallenge2023-integration-final-main/install/autoware_adapi_v1_msgs/include/autoware_adapi_v1_msgs/autoware_adapi_v1_msgs/msg/route_data.h
[16.567s] -- Up-to-date symlink: /home/autoware/aichallenge2023-integration-final-main/install/autoware_adapi_v1_msgs/include/autoware_adapi_v1_msgs/autoware_adapi_v1_msgs/msg/route_primitive.h
[16.567s] -- Up-to-date symlink: /home/autoware/aichallenge2023-integration-final-main/install/autoware_adapi_v1_msgs/include/autoware_adapi_v1_msgs/autoware_adapi_v1_msgs/msg/route_segment.h
[16.568s] -- Up-to-date symlink: /home/autoware/aichallenge2023-integration-final-main/install/autoware_adapi_v1_msgs/include/autoware_adapi_v1_msgs/autoware_adapi_v1_msgs/msg/route_state.h
[16.568s] -- Up-to-date symlink: /home/autoware/aichallenge2023-integration-final-main/install/autoware_adapi_v1_msgs/include/autoware_adapi_v1_msgs/autoware_adapi_v1_msgs/msg/steering_factor.h
[16.568s] -- Up-to-date symlink: /home/autoware/aichallenge2023-integration-final-main/install/autoware_adapi_v1_msgs/include/autoware_adapi_v1_msgs/autoware_adapi_v1_msgs/msg/steering_factor_array.h
[16.569s] -- Up-to-date symlink: /home/autoware/aichallenge2023-integration-final-main/install/autoware_adapi_v1_msgs/include/autoware_adapi_v1_msgs/autoware_adapi_v1_msgs/msg/velocity_factor.h
[16.569s] -- Up-to-date symlink: /home/autoware/aichallenge2023-integration-final-main/install/autoware_adapi_v1_msgs/include/autoware_adapi_v1_msgs/autoware_adapi_v1_msgs/msg/velocity_factor_array.h
[16.569s] -- Up-to-date symlink: /home/autoware/aichallenge2023-integration-final-main/install/autoware_adapi_v1_msgs/include/autoware_adapi_v1_msgs/autoware_adapi_v1_msgs/srv/accept_start.h
[16.569s] -- Up-to-date symlink: /home/autoware/aichallenge2023-integration-final-main/install/autoware_adapi_v1_msgs/include/autoware_adapi_v1_msgs/autoware_adapi_v1_msgs/srv/change_operation_mode.h
[16.569s] -- Up-to-date symlink: /home/autoware/aichallenge2023-integration-final-main/install/autoware_adapi_v1_msgs/include/autoware_adapi_v1_msgs/autoware_adapi_v1_msgs/srv/clear_route.h
[16.570s] -- Up-to-date symlink: /home/autoware/aichallenge2023-integration-final-main/install/autoware_adapi_v1_msgs/include/autoware_adapi_v1_msgs/autoware_adapi_v1_msgs/srv/detail/accept_start__functions.h
[16.570s] -- Up-to-date symlink: /home/autoware/aichallenge2023-integration-final-main/install/autoware_adapi_v1_msgs/include/autoware_adapi_v1_msgs/autoware_adapi_v1_msgs/srv/detail/accept_start__struct.h
[16.570s] -- Up-to-date symlink: /home/autoware/aichallenge2023-integration-final-main/install/autoware_adapi_v1_msgs/include/autoware_adapi_v1_msgs/autoware_adapi_v1_msgs/srv/detail/accept_start__type_support.h
[16.570s] -- Up-to-date symlink: /home/autoware/aichallenge2023-integration-final-main/install/autoware_adapi_v1_msgs/include/autoware_adapi_v1_msgs/autoware_adapi_v1_msgs/srv/detail/change_operation_mode__functions.h
[16.570s] -- Up-to-date symlink: /home/autoware/aichallenge2023-integration-final-main/install/autoware_adapi_v1_msgs/include/autoware_adapi_v1_msgs/autoware_adapi_v1_msgs/srv/detail/change_operation_mode__struct.h
[16.570s] -- Up-to-date symlink: /home/autoware/aichallenge2023-integration-final-main/install/autoware_adapi_v1_msgs/include/autoware_adapi_v1_msgs/autoware_adapi_v1_msgs/srv/detail/change_operation_mode__type_support.h
[16.570s] -- Up-to-date symlink: /home/autoware/aichallenge2023-integration-final-main/install/autoware_adapi_v1_msgs/include/autoware_adapi_v1_msgs/autoware_adapi_v1_msgs/srv/detail/clear_route__functions.h
[16.570s] -- Up-to-date symlink: /home/autoware/aichallenge2023-integration-final-main/install/autoware_adapi_v1_msgs/include/autoware_adapi_v1_msgs/autoware_adapi_v1_msgs/srv/detail/clear_route__struct.h
[16.570s] -- Up-to-date symlink: /home/autoware/aichallenge2023-integration-final-main/install/autoware_adapi_v1_msgs/include/autoware_adapi_v1_msgs/autoware_adapi_v1_msgs/srv/detail/clear_route__type_support.h
[16.570s] -- Up-to-date symlink: /home/autoware/aichallenge2023-integration-final-main/install/autoware_adapi_v1_msgs/include/autoware_adapi_v1_msgs/autoware_adapi_v1_msgs/srv/detail/initialize_localization__functions.h
[16.570s] -- Up-to-date symlink: /home/autoware/aichallenge2023-integration-final-main/install/autoware_adapi_v1_msgs/include/autoware_adapi_v1_msgs/autoware_adapi_v1_msgs/srv/detail/initialize_localization__struct.h
[16.571s] -- Up-to-date symlink: /home/autoware/aichallenge2023-integration-final-main/install/autoware_adapi_v1_msgs/include/autoware_adapi_v1_msgs/autoware_adapi_v1_msgs/srv/detail/initialize_localization__type_support.h
[16.571s] -- Up-to-date symlink: /home/autoware/aichallenge2023-integration-final-main/install/autoware_adapi_v1_msgs/include/autoware_adapi_v1_msgs/autoware_adapi_v1_msgs/srv/detail/set_route__functions.h
[16.571s] -- Up-to-date symlink: /home/autoware/aichallenge2023-integration-final-main/install/autoware_adapi_v1_msgs/include/autoware_adapi_v1_msgs/autoware_adapi_v1_msgs/srv/detail/set_route__struct.h
[16.571s] -- Up-to-date symlink: /home/autoware/aichallenge2023-integration-final-main/install/autoware_adapi_v1_msgs/include/autoware_adapi_v1_msgs/autoware_adapi_v1_msgs/srv/detail/set_route__type_support.h
[16.571s] -- Up-to-date symlink: /home/autoware/aichallenge2023-integration-final-main/install/autoware_adapi_v1_msgs/include/autoware_adapi_v1_msgs/autoware_adapi_v1_msgs/srv/detail/set_route_points__functions.h
[16.572s] -- Up-to-date symlink: /home/autoware/aichallenge2023-integration-final-main/install/autoware_adapi_v1_msgs/include/autoware_adapi_v1_msgs/autoware_adapi_v1_msgs/srv/detail/set_route_points__struct.h
[16.573s] -- Up-to-date symlink: /home/autoware/aichallenge2023-integration-final-main/install/autoware_adapi_v1_msgs/include/autoware_adapi_v1_msgs/autoware_adapi_v1_msgs/srv/detail/set_route_points__type_support.h
[16.573s] -- Up-to-date symlink: /home/autoware/aichallenge2023-integration-final-main/install/autoware_adapi_v1_msgs/include/autoware_adapi_v1_msgs/autoware_adapi_v1_msgs/srv/initialize_localization.h
[16.574s] -- Up-to-date symlink: /home/autoware/aichallenge2023-integration-final-main/install/autoware_adapi_v1_msgs/include/autoware_adapi_v1_msgs/autoware_adapi_v1_msgs/srv/set_route.h
[16.574s] -- Up-to-date symlink: /home/autoware/aichallenge2023-integration-final-main/install/autoware_adapi_v1_msgs/include/autoware_adapi_v1_msgs/autoware_adapi_v1_msgs/srv/set_route_points.h
[16.574s] -- Up-to-date symlink: /home/autoware/aichallenge2023-integration-final-main/install/autoware_adapi_v1_msgs/share/autoware_adapi_v1_msgs/environment/library_path.sh
[16.574s] -- Up-to-date symlink: /home/autoware/aichallenge2023-integration-final-main/install/autoware_adapi_v1_msgs/share/autoware_adapi_v1_msgs/environment/library_path.dsv
[16.574s] -- Up-to-date symlink: /home/autoware/aichallenge2023-integration-final-main/install/autoware_adapi_v1_msgs/include/autoware_adapi_v1_msgs/autoware_adapi_v1_msgs/msg/detail/localization_initialization_state__rosidl_typesupport_fastrtps_c.h
[16.574s] -- Up-to-date symlink: /home/autoware/aichallenge2023-integration-final-main/install/autoware_adapi_v1_msgs/include/autoware_adapi_v1_msgs/autoware_adapi_v1_msgs/msg/detail/motion_state__rosidl_typesupport_fastrtps_c.h
[16.575s] -- Up-to-date symlink: /home/autoware/aichallenge2023-integration-final-main/install/autoware_adapi_v1_msgs/include/autoware_adapi_v1_msgs/autoware_adapi_v1_msgs/msg/detail/mrm_state__rosidl_typesupport_fastrtps_c.h
[16.575s] -- Up-to-date symlink: /home/autoware/aichallenge2023-integration-final-main/install/autoware_adapi_v1_msgs/include/autoware_adapi_v1_msgs/autoware_adapi_v1_msgs/msg/detail/operation_mode_state__rosidl_typesupport_fastrtps_c.h
[16.575s] -- Up-to-date symlink: /home/autoware/aichallenge2023-integration-final-main/install/autoware_adapi_v1_msgs/include/autoware_adapi_v1_msgs/autoware_adapi_v1_msgs/msg/detail/response_status__rosidl_typesupport_fastrtps_c.h
[16.575s] -- Up-to-date symlink: /home/autoware/aichallenge2023-integration-final-main/install/autoware_adapi_v1_msgs/include/autoware_adapi_v1_msgs/autoware_adapi_v1_msgs/msg/detail/route__rosidl_typesupport_fastrtps_c.h
[16.575s] -- Up-to-date symlink: /home/autoware/aichallenge2023-integration-final-main/install/autoware_adapi_v1_msgs/include/autoware_adapi_v1_msgs/autoware_adapi_v1_msgs/msg/detail/route_data__rosidl_typesupport_fastrtps_c.h
[16.576s] -- Up-to-date symlink: /home/autoware/aichallenge2023-integration-final-main/install/autoware_adapi_v1_msgs/include/autoware_adapi_v1_msgs/autoware_adapi_v1_msgs/msg/detail/route_primitive__rosidl_typesupport_fastrtps_c.h
[16.576s] -- Up-to-date symlink: /home/autoware/aichallenge2023-integration-final-main/install/autoware_adapi_v1_msgs/include/autoware_adapi_v1_msgs/autoware_adapi_v1_msgs/msg/detail/route_segment__rosidl_typesupport_fastrtps_c.h
[16.576s] -- Up-to-date symlink: /home/autoware/aichallenge2023-integration-final-main/install/autoware_adapi_v1_msgs/include/autoware_adapi_v1_msgs/autoware_adapi_v1_msgs/msg/detail/route_state__rosidl_typesupport_fastrtps_c.h
[16.576s] -- Up-to-date symlink: /home/autoware/aichallenge2023-integration-final-main/install/autoware_adapi_v1_msgs/include/autoware_adapi_v1_msgs/autoware_adapi_v1_msgs/msg/detail/steering_factor__rosidl_typesupport_fastrtps_c.h
[16.576s] -- Up-to-date symlink: /home/autoware/aichallenge2023-integration-final-main/install/autoware_adapi_v1_msgs/include/autoware_adapi_v1_msgs/autoware_adapi_v1_msgs/msg/detail/steering_factor_array__rosidl_typesupport_fastrtps_c.h
[16.578s] -- Up-to-date symlink: /home/autoware/aichallenge2023-integration-final-main/install/autoware_adapi_v1_msgs/include/autoware_adapi_v1_msgs/autoware_adapi_v1_msgs/msg/detail/velocity_factor__rosidl_typesupport_fastrtps_c.h
[16.578s] -- Up-to-date symlink: /home/autoware/aichallenge2023-integration-final-main/install/autoware_adapi_v1_msgs/include/autoware_adapi_v1_msgs/autoware_adapi_v1_msgs/msg/detail/velocity_factor_array__rosidl_typesupport_fastrtps_c.h
[16.578s] -- Up-to-date symlink: /home/autoware/aichallenge2023-integration-final-main/install/autoware_adapi_v1_msgs/include/autoware_adapi_v1_msgs/autoware_adapi_v1_msgs/msg/rosidl_typesupport_fastrtps_c__visibility_control.h
[16.578s] -- Up-to-date symlink: /home/autoware/aichallenge2023-integration-final-main/install/autoware_adapi_v1_msgs/include/autoware_adapi_v1_msgs/autoware_adapi_v1_msgs/srv/detail/accept_start__rosidl_typesupport_fastrtps_c.h
[16.578s] -- Up-to-date symlink: /home/autoware/aichallenge2023-integration-final-main/install/autoware_adapi_v1_msgs/include/autoware_adapi_v1_msgs/autoware_adapi_v1_msgs/srv/detail/change_operation_mode__rosidl_typesupport_fastrtps_c.h
[16.578s] -- Up-to-date symlink: /home/autoware/aichallenge2023-integration-final-main/install/autoware_adapi_v1_msgs/include/autoware_adapi_v1_msgs/autoware_adapi_v1_msgs/srv/detail/clear_route__rosidl_typesupport_fastrtps_c.h
[16.578s] -- Up-to-date symlink: /home/autoware/aichallenge2023-integration-final-main/install/autoware_adapi_v1_msgs/include/autoware_adapi_v1_msgs/autoware_adapi_v1_msgs/srv/detail/initialize_localization__rosidl_typesupport_fastrtps_c.h
[16.578s] -- Up-to-date symlink: /home/autoware/aichallenge2023-integration-final-main/install/autoware_adapi_v1_msgs/include/autoware_adapi_v1_msgs/autoware_adapi_v1_msgs/srv/detail/set_route__rosidl_typesupport_fastrtps_c.h
[16.578s] -- Up-to-date symlink: /home/autoware/aichallenge2023-integration-final-main/install/autoware_adapi_v1_msgs/include/autoware_adapi_v1_msgs/autoware_adapi_v1_msgs/srv/detail/set_route_points__rosidl_typesupport_fastrtps_c.h
[16.578s] -- Up-to-date symlink: /home/autoware/aichallenge2023-integration-final-main/install/autoware_adapi_v1_msgs/include/autoware_adapi_v1_msgs/autoware_adapi_v1_msgs/msg/detail/localization_initialization_state__rosidl_typesupport_introspection_c.h
[16.579s] -- Up-to-date symlink: /home/autoware/aichallenge2023-integration-final-main/install/autoware_adapi_v1_msgs/include/autoware_adapi_v1_msgs/autoware_adapi_v1_msgs/msg/detail/motion_state__rosidl_typesupport_introspection_c.h
[16.579s] -- Up-to-date symlink: /home/autoware/aichallenge2023-integration-final-main/install/autoware_adapi_v1_msgs/include/autoware_adapi_v1_msgs/autoware_adapi_v1_msgs/msg/detail/mrm_state__rosidl_typesupport_introspection_c.h
[16.579s] -- Up-to-date symlink: /home/autoware/aichallenge2023-integration-final-main/install/autoware_adapi_v1_msgs/include/autoware_adapi_v1_msgs/autoware_adapi_v1_msgs/msg/detail/operation_mode_state__rosidl_typesupport_introspection_c.h
[16.579s] -- Up-to-date symlink: /home/autoware/aichallenge2023-integration-final-main/install/autoware_adapi_v1_msgs/include/autoware_adapi_v1_msgs/autoware_adapi_v1_msgs/msg/detail/response_status__rosidl_typesupport_introspection_c.h
[16.579s] -- Up-to-date symlink: /home/autoware/aichallenge2023-integration-final-main/install/autoware_adapi_v1_msgs/include/autoware_adapi_v1_msgs/autoware_adapi_v1_msgs/msg/detail/route__rosidl_typesupport_introspection_c.h
[16.579s] -- Up-to-date symlink: /home/autoware/aichallenge2023-integration-final-main/install/autoware_adapi_v1_msgs/include/autoware_adapi_v1_msgs/autoware_adapi_v1_msgs/msg/detail/route_data__rosidl_typesupport_introspection_c.h
[16.580s] -- Up-to-date symlink: /home/autoware/aichallenge2023-integration-final-main/install/autoware_adapi_v1_msgs/include/autoware_adapi_v1_msgs/autoware_adapi_v1_msgs/msg/detail/route_primitive__rosidl_typesupport_introspection_c.h
[16.580s] -- Up-to-date symlink: /home/autoware/aichallenge2023-integration-final-main/install/autoware_adapi_v1_msgs/include/autoware_adapi_v1_msgs/autoware_adapi_v1_msgs/msg/detail/route_segment__rosidl_typesupport_introspection_c.h
[16.580s] -- Up-to-date symlink: /home/autoware/aichallenge2023-integration-final-main/install/autoware_adapi_v1_msgs/include/autoware_adapi_v1_msgs/autoware_adapi_v1_msgs/msg/detail/route_state__rosidl_typesupport_introspection_c.h
[16.580s] -- Up-to-date symlink: /home/autoware/aichallenge2023-integration-final-main/install/autoware_adapi_v1_msgs/include/autoware_adapi_v1_msgs/autoware_adapi_v1_msgs/msg/detail/steering_factor__rosidl_typesupport_introspection_c.h
[16.580s] -- Up-to-date symlink: /home/autoware/aichallenge2023-integration-final-main/install/autoware_adapi_v1_msgs/include/autoware_adapi_v1_msgs/autoware_adapi_v1_msgs/msg/detail/steering_factor_array__rosidl_typesupport_introspection_c.h
[16.583s] -- Up-to-date symlink: /home/autoware/aichallenge2023-integration-final-main/install/autoware_adapi_v1_msgs/include/autoware_adapi_v1_msgs/autoware_adapi_v1_msgs/msg/detail/velocity_factor__rosidl_typesupport_introspection_c.h
[16.583s] -- Up-to-date symlink: /home/autoware/aichallenge2023-integration-final-main/install/autoware_adapi_v1_msgs/include/autoware_adapi_v1_msgs/autoware_adapi_v1_msgs/msg/detail/velocity_factor_array__rosidl_typesupport_introspection_c.h
[16.583s] -- Up-to-date symlink: /home/autoware/aichallenge2023-integration-final-main/install/autoware_adapi_v1_msgs/include/autoware_adapi_v1_msgs/autoware_adapi_v1_msgs/msg/rosidl_typesupport_introspection_c__visibility_control.h
[16.584s] -- Up-to-date symlink: /home/autoware/aichallenge2023-integration-final-main/install/autoware_adapi_v1_msgs/include/autoware_adapi_v1_msgs/autoware_adapi_v1_msgs/srv/detail/accept_start__rosidl_typesupport_introspection_c.h
[16.584s] -- Up-to-date symlink: /home/autoware/aichallenge2023-integration-final-main/install/autoware_adapi_v1_msgs/include/autoware_adapi_v1_msgs/autoware_adapi_v1_msgs/srv/detail/change_operation_mode__rosidl_typesupport_introspection_c.h
[16.584s] -- Up-to-date symlink: /home/autoware/aichallenge2023-integration-final-main/install/autoware_adapi_v1_msgs/include/autoware_adapi_v1_msgs/autoware_adapi_v1_msgs/srv/detail/clear_route__rosidl_typesupport_introspection_c.h
[16.585s] -- Up-to-date symlink: /home/autoware/aichallenge2023-integration-final-main/install/autoware_adapi_v1_msgs/include/autoware_adapi_v1_msgs/autoware_adapi_v1_msgs/srv/detail/initialize_localization__rosidl_typesupport_introspection_c.h
[16.585s] -- Up-to-date symlink: /home/autoware/aichallenge2023-integration-final-main/install/autoware_adapi_v1_msgs/include/autoware_adapi_v1_msgs/autoware_adapi_v1_msgs/srv/detail/set_route__rosidl_typesupport_introspection_c.h
[16.585s] -- Up-to-date symlink: /home/autoware/aichallenge2023-integration-final-main/install/autoware_adapi_v1_msgs/include/autoware_adapi_v1_msgs/autoware_adapi_v1_msgs/srv/detail/set_route_points__rosidl_typesupport_introspection_c.h
[16.588s] -- Up-to-date symlink: /home/autoware/aichallenge2023-integration-final-main/install/autoware_adapi_v1_msgs/include/autoware_adapi_v1_msgs/autoware_adapi_v1_msgs/msg/detail/localization_initialization_state__builder.hpp
[16.588s] -- Up-to-date symlink: /home/autoware/aichallenge2023-integration-final-main/install/autoware_adapi_v1_msgs/include/autoware_adapi_v1_msgs/autoware_adapi_v1_msgs/msg/detail/localization_initialization_state__struct.hpp
[16.588s] -- Up-to-date symlink: /home/autoware/aichallenge2023-integration-final-main/install/autoware_adapi_v1_msgs/include/autoware_adapi_v1_msgs/autoware_adapi_v1_msgs/msg/detail/localization_initialization_state__traits.hpp
[16.588s] -- Up-to-date symlink: /home/autoware/aichallenge2023-integration-final-main/install/autoware_adapi_v1_msgs/include/autoware_adapi_v1_msgs/autoware_adapi_v1_msgs/msg/detail/motion_state__builder.hpp
[16.589s] -- Up-to-date symlink: /home/autoware/aichallenge2023-integration-final-main/install/autoware_adapi_v1_msgs/include/autoware_adapi_v1_msgs/autoware_adapi_v1_msgs/msg/detail/motion_state__struct.hpp
[16.589s] -- Up-to-date symlink: /home/autoware/aichallenge2023-integration-final-main/install/autoware_adapi_v1_msgs/include/autoware_adapi_v1_msgs/autoware_adapi_v1_msgs/msg/detail/motion_state__traits.hpp
[16.589s] -- Up-to-date symlink: /home/autoware/aichallenge2023-integration-final-main/install/autoware_adapi_v1_msgs/include/autoware_adapi_v1_msgs/autoware_adapi_v1_msgs/msg/detail/mrm_state__builder.hpp
[16.589s] -- Up-to-date symlink: /home/autoware/aichallenge2023-integration-final-main/install/autoware_adapi_v1_msgs/include/autoware_adapi_v1_msgs/autoware_adapi_v1_msgs/msg/detail/mrm_state__struct.hpp
[16.589s] -- Up-to-date symlink: /home/autoware/aichallenge2023-integration-final-main/install/autoware_adapi_v1_msgs/include/autoware_adapi_v1_msgs/autoware_adapi_v1_msgs/msg/detail/mrm_state__traits.hpp
[16.589s] -- Up-to-date symlink: /home/autoware/aichallenge2023-integration-final-main/install/autoware_adapi_v1_msgs/include/autoware_adapi_v1_msgs/autoware_adapi_v1_msgs/msg/detail/operation_mode_state__builder.hpp
[16.589s] -- Up-to-date symlink: /home/autoware/aichallenge2023-integration-final-main/install/autoware_adapi_v1_msgs/include/autoware_adapi_v1_msgs/autoware_adapi_v1_msgs/msg/detail/operation_mode_state__struct.hpp
[16.589s] -- Up-to-date symlink: /home/autoware/aichallenge2023-integration-final-main/install/autoware_adapi_v1_msgs/include/autoware_adapi_v1_msgs/autoware_adapi_v1_msgs/msg/detail/operation_mode_state__traits.hpp
[16.589s] -- Up-to-date symlink: /home/autoware/aichallenge2023-integration-final-main/install/autoware_adapi_v1_msgs/include/autoware_adapi_v1_msgs/autoware_adapi_v1_msgs/msg/detail/response_status__builder.hpp
[16.589s] -- Up-to-date symlink: /home/autoware/aichallenge2023-integration-final-main/install/autoware_adapi_v1_msgs/include/autoware_adapi_v1_msgs/autoware_adapi_v1_msgs/msg/detail/response_status__struct.hpp
[16.589s] -- Up-to-date symlink: /home/autoware/aichallenge2023-integration-final-main/install/autoware_adapi_v1_msgs/include/autoware_adapi_v1_msgs/autoware_adapi_v1_msgs/msg/detail/response_status__traits.hpp
[16.589s] -- Up-to-date symlink: /home/autoware/aichallenge2023-integration-final-main/install/autoware_adapi_v1_msgs/include/autoware_adapi_v1_msgs/autoware_adapi_v1_msgs/msg/detail/route__builder.hpp
[16.590s] -- Up-to-date symlink: /home/autoware/aichallenge2023-integration-final-main/install/autoware_adapi_v1_msgs/include/autoware_adapi_v1_msgs/autoware_adapi_v1_msgs/msg/detail/route__struct.hpp
[16.590s] -- Up-to-date symlink: /home/autoware/aichallenge2023-integration-final-main/install/autoware_adapi_v1_msgs/include/autoware_adapi_v1_msgs/autoware_adapi_v1_msgs/msg/detail/route__traits.hpp
[16.590s] -- Up-to-date symlink: /home/autoware/aichallenge2023-integration-final-main/install/autoware_adapi_v1_msgs/include/autoware_adapi_v1_msgs/autoware_adapi_v1_msgs/msg/detail/route_data__builder.hpp
[16.590s] -- Up-to-date symlink: /home/autoware/aichallenge2023-integration-final-main/install/autoware_adapi_v1_msgs/include/autoware_adapi_v1_msgs/autoware_adapi_v1_msgs/msg/detail/route_data__struct.hpp
[16.590s] -- Up-to-date symlink: /home/autoware/aichallenge2023-integration-final-main/install/autoware_adapi_v1_msgs/include/autoware_adapi_v1_msgs/autoware_adapi_v1_msgs/msg/detail/route_data__traits.hpp
[16.590s] -- Up-to-date symlink: /home/autoware/aichallenge2023-integration-final-main/install/autoware_adapi_v1_msgs/include/autoware_adapi_v1_msgs/autoware_adapi_v1_msgs/msg/detail/route_primitive__builder.hpp
[16.590s] -- Up-to-date symlink: /home/autoware/aichallenge2023-integration-final-main/install/autoware_adapi_v1_msgs/include/autoware_adapi_v1_msgs/autoware_adapi_v1_msgs/msg/detail/route_primitive__struct.hpp
[16.590s] -- Up-to-date symlink: /home/autoware/aichallenge2023-integration-final-main/install/autoware_adapi_v1_msgs/include/autoware_adapi_v1_msgs/autoware_adapi_v1_msgs/msg/detail/route_primitive__traits.hpp
[16.590s] -- Up-to-date symlink: /home/autoware/aichallenge2023-integration-final-main/install/autoware_adapi_v1_msgs/include/autoware_adapi_v1_msgs/autoware_adapi_v1_msgs/msg/detail/route_segment__builder.hpp
[16.590s] -- Up-to-date symlink: /home/autoware/aichallenge2023-integration-final-main/install/autoware_adapi_v1_msgs/include/autoware_adapi_v1_msgs/autoware_adapi_v1_msgs/msg/detail/route_segment__struct.hpp
[16.590s] -- Up-to-date symlink: /home/autoware/aichallenge2023-integration-final-main/install/autoware_adapi_v1_msgs/include/autoware_adapi_v1_msgs/autoware_adapi_v1_msgs/msg/detail/route_segment__traits.hpp
[16.591s] -- Up-to-date symlink: /home/autoware/aichallenge2023-integration-final-main/install/autoware_adapi_v1_msgs/include/autoware_adapi_v1_msgs/autoware_adapi_v1_msgs/msg/detail/route_state__builder.hpp
[16.591s] -- Up-to-date symlink: /home/autoware/aichallenge2023-integration-final-main/install/autoware_adapi_v1_msgs/include/autoware_adapi_v1_msgs/autoware_adapi_v1_msgs/msg/detail/route_state__struct.hpp
[16.591s] -- Up-to-date symlink: /home/autoware/aichallenge2023-integration-final-main/install/autoware_adapi_v1_msgs/include/autoware_adapi_v1_msgs/autoware_adapi_v1_msgs/msg/detail/route_state__traits.hpp
[16.591s] -- Up-to-date symlink: /home/autoware/aichallenge2023-integration-final-main/install/autoware_adapi_v1_msgs/include/autoware_adapi_v1_msgs/autoware_adapi_v1_msgs/msg/detail/steering_factor__builder.hpp
[16.591s] -- Up-to-date symlink: /home/autoware/aichallenge2023-integration-final-main/install/autoware_adapi_v1_msgs/include/autoware_adapi_v1_msgs/autoware_adapi_v1_msgs/msg/detail/steering_factor__struct.hpp
[16.591s] -- Up-to-date symlink: /home/autoware/aichallenge2023-integration-final-main/install/autoware_adapi_v1_msgs/include/autoware_adapi_v1_msgs/autoware_adapi_v1_msgs/msg/detail/steering_factor__traits.hpp
[16.591s] -- Up-to-date symlink: /home/autoware/aichallenge2023-integration-final-main/install/autoware_adapi_v1_msgs/include/autoware_adapi_v1_msgs/autoware_adapi_v1_msgs/msg/detail/steering_factor_array__builder.hpp
[16.591s] -- Up-to-date symlink: /home/autoware/aichallenge2023-integration-final-main/install/autoware_adapi_v1_msgs/include/autoware_adapi_v1_msgs/autoware_adapi_v1_msgs/msg/detail/steering_factor_array__struct.hpp
[16.591s] -- Up-to-date symlink: /home/autoware/aichallenge2023-integration-final-main/install/autoware_adapi_v1_msgs/include/autoware_adapi_v1_msgs/autoware_adapi_v1_msgs/msg/detail/steering_factor_array__traits.hpp
[16.591s] -- Up-to-date symlink: /home/autoware/aichallenge2023-integration-final-main/install/autoware_adapi_v1_msgs/include/autoware_adapi_v1_msgs/autoware_adapi_v1_msgs/msg/detail/velocity_factor__builder.hpp
[16.591s] -- Up-to-date symlink: /home/autoware/aichallenge2023-integration-final-main/install/autoware_adapi_v1_msgs/include/autoware_adapi_v1_msgs/autoware_adapi_v1_msgs/msg/detail/velocity_factor__struct.hpp
[16.591s] -- Up-to-date symlink: /home/autoware/aichallenge2023-integration-final-main/install/autoware_adapi_v1_msgs/include/autoware_adapi_v1_msgs/autoware_adapi_v1_msgs/msg/detail/velocity_factor__traits.hpp
[16.591s] -- Up-to-date symlink: /home/autoware/aichallenge2023-integration-final-main/install/autoware_adapi_v1_msgs/include/autoware_adapi_v1_msgs/autoware_adapi_v1_msgs/msg/detail/velocity_factor_array__builder.hpp
[16.591s] -- Up-to-date symlink: /home/autoware/aichallenge2023-integration-final-main/install/autoware_adapi_v1_msgs/include/autoware_adapi_v1_msgs/autoware_adapi_v1_msgs/msg/detail/velocity_factor_array__struct.hpp
[16.591s] -- Up-to-date symlink: /home/autoware/aichallenge2023-integration-final-main/install/autoware_adapi_v1_msgs/include/autoware_adapi_v1_msgs/autoware_adapi_v1_msgs/msg/detail/velocity_factor_array__traits.hpp
[16.592s] -- Up-to-date symlink: /home/autoware/aichallenge2023-integration-final-main/install/autoware_adapi_v1_msgs/include/autoware_adapi_v1_msgs/autoware_adapi_v1_msgs/msg/localization_initialization_state.hpp
[16.592s] -- Up-to-date symlink: /home/autoware/aichallenge2023-integration-final-main/install/autoware_adapi_v1_msgs/include/autoware_adapi_v1_msgs/autoware_adapi_v1_msgs/msg/motion_state.hpp
[16.592s] -- Up-to-date symlink: /home/autoware/aichallenge2023-integration-final-main/install/autoware_adapi_v1_msgs/include/autoware_adapi_v1_msgs/autoware_adapi_v1_msgs/msg/mrm_state.hpp
[16.592s] -- Up-to-date symlink: /home/autoware/aichallenge2023-integration-final-main/install/autoware_adapi_v1_msgs/include/autoware_adapi_v1_msgs/autoware_adapi_v1_msgs/msg/operation_mode_state.hpp
[16.592s] -- Up-to-date symlink: /home/autoware/aichallenge2023-integration-final-main/install/autoware_adapi_v1_msgs/include/autoware_adapi_v1_msgs/autoware_adapi_v1_msgs/msg/response_status.hpp
[16.592s] -- Up-to-date symlink: /home/autoware/aichallenge2023-integration-final-main/install/autoware_adapi_v1_msgs/include/autoware_adapi_v1_msgs/autoware_adapi_v1_msgs/msg/route.hpp
[16.592s] -- Up-to-date symlink: /home/autoware/aichallenge2023-integration-final-main/install/autoware_adapi_v1_msgs/include/autoware_adapi_v1_msgs/autoware_adapi_v1_msgs/msg/route_data.hpp
[16.592s] -- Up-to-date symlink: /home/autoware/aichallenge2023-integration-final-main/install/autoware_adapi_v1_msgs/include/autoware_adapi_v1_msgs/autoware_adapi_v1_msgs/msg/route_primitive.hpp
[16.592s] -- Up-to-date symlink: /home/autoware/aichallenge2023-integration-final-main/install/autoware_adapi_v1_msgs/include/autoware_adapi_v1_msgs/autoware_adapi_v1_msgs/msg/route_segment.hpp
[16.592s] -- Up-to-date symlink: /home/autoware/aichallenge2023-integration-final-main/install/autoware_adapi_v1_msgs/include/autoware_adapi_v1_msgs/autoware_adapi_v1_msgs/msg/route_state.hpp
[16.592s] -- Up-to-date symlink: /home/autoware/aichallenge2023-integration-final-main/install/autoware_adapi_v1_msgs/include/autoware_adapi_v1_msgs/autoware_adapi_v1_msgs/msg/steering_factor.hpp
[16.593s] -- Up-to-date symlink: /home/autoware/aichallenge2023-integration-final-main/install/autoware_adapi_v1_msgs/include/autoware_adapi_v1_msgs/autoware_adapi_v1_msgs/msg/steering_factor_array.hpp
[16.593s] -- Up-to-date symlink: /home/autoware/aichallenge2023-integration-final-main/install/autoware_adapi_v1_msgs/include/autoware_adapi_v1_msgs/autoware_adapi_v1_msgs/msg/velocity_factor.hpp
[16.593s] -- Up-to-date symlink: /home/autoware/aichallenge2023-integration-final-main/install/autoware_adapi_v1_msgs/include/autoware_adapi_v1_msgs/autoware_adapi_v1_msgs/msg/velocity_factor_array.hpp
[16.593s] -- Up-to-date symlink: /home/autoware/aichallenge2023-integration-final-main/install/autoware_adapi_v1_msgs/include/autoware_adapi_v1_msgs/autoware_adapi_v1_msgs/srv/accept_start.hpp
[16.593s] -- Up-to-date symlink: /home/autoware/aichallenge2023-integration-final-main/install/autoware_adapi_v1_msgs/include/autoware_adapi_v1_msgs/autoware_adapi_v1_msgs/srv/change_operation_mode.hpp
[16.593s] -- Up-to-date symlink: /home/autoware/aichallenge2023-integration-final-main/install/autoware_adapi_v1_msgs/include/autoware_adapi_v1_msgs/autoware_adapi_v1_msgs/srv/clear_route.hpp
[16.593s] -- Up-to-date symlink: /home/autoware/aichallenge2023-integration-final-main/install/autoware_adapi_v1_msgs/include/autoware_adapi_v1_msgs/autoware_adapi_v1_msgs/srv/detail/accept_start__builder.hpp
[16.593s] -- Up-to-date symlink: /home/autoware/aichallenge2023-integration-final-main/install/autoware_adapi_v1_msgs/include/autoware_adapi_v1_msgs/autoware_adapi_v1_msgs/srv/detail/accept_start__struct.hpp
[16.593s] -- Up-to-date symlink: /home/autoware/aichallenge2023-integration-final-main/install/autoware_adapi_v1_msgs/include/autoware_adapi_v1_msgs/autoware_adapi_v1_msgs/srv/detail/accept_start__traits.hpp
[16.593s] -- Up-to-date symlink: /home/autoware/aichallenge2023-integration-final-main/install/autoware_adapi_v1_msgs/include/autoware_adapi_v1_msgs/autoware_adapi_v1_msgs/srv/detail/change_operation_mode__builder.hpp
[16.593s] -- Up-to-date symlink: /home/autoware/aichallenge2023-integration-final-main/install/autoware_adapi_v1_msgs/include/autoware_adapi_v1_msgs/autoware_adapi_v1_msgs/srv/detail/change_operation_mode__struct.hpp
[16.593s] -- Up-to-date symlink: /home/autoware/aichallenge2023-integration-final-main/install/autoware_adapi_v1_msgs/include/autoware_adapi_v1_msgs/autoware_adapi_v1_msgs/srv/detail/change_operation_mode__traits.hpp
[16.593s] -- Up-to-date symlink: /home/autoware/aichallenge2023-integration-final-main/install/autoware_adapi_v1_msgs/include/autoware_adapi_v1_msgs/autoware_adapi_v1_msgs/srv/detail/clear_route__builder.hpp
[16.593s] -- Up-to-date symlink: /home/autoware/aichallenge2023-integration-final-main/install/autoware_adapi_v1_msgs/include/autoware_adapi_v1_msgs/autoware_adapi_v1_msgs/srv/detail/clear_route__struct.hpp
[16.594s] -- Up-to-date symlink: /home/autoware/aichallenge2023-integration-final-main/install/autoware_adapi_v1_msgs/include/autoware_adapi_v1_msgs/autoware_adapi_v1_msgs/srv/detail/clear_route__traits.hpp
[16.594s] -- Up-to-date symlink: /home/autoware/aichallenge2023-integration-final-main/install/autoware_adapi_v1_msgs/include/autoware_adapi_v1_msgs/autoware_adapi_v1_msgs/srv/detail/initialize_localization__builder.hpp
[16.594s] -- Up-to-date symlink: /home/autoware/aichallenge2023-integration-final-main/install/autoware_adapi_v1_msgs/include/autoware_adapi_v1_msgs/autoware_adapi_v1_msgs/srv/detail/initialize_localization__struct.hpp
[16.595s] -- Up-to-date symlink: /home/autoware/aichallenge2023-integration-final-main/install/autoware_adapi_v1_msgs/include/autoware_adapi_v1_msgs/autoware_adapi_v1_msgs/srv/detail/initialize_localization__traits.hpp
[16.595s] -- Up-to-date symlink: /home/autoware/aichallenge2023-integration-final-main/install/autoware_adapi_v1_msgs/include/autoware_adapi_v1_msgs/autoware_adapi_v1_msgs/srv/detail/set_route__builder.hpp
[16.595s] -- Up-to-date symlink: /home/autoware/aichallenge2023-integration-final-main/install/autoware_adapi_v1_msgs/include/autoware_adapi_v1_msgs/autoware_adapi_v1_msgs/srv/detail/set_route__struct.hpp
[16.595s] -- Up-to-date symlink: /home/autoware/aichallenge2023-integration-final-main/install/autoware_adapi_v1_msgs/include/autoware_adapi_v1_msgs/autoware_adapi_v1_msgs/srv/detail/set_route__traits.hpp
[16.595s] -- Up-to-date symlink: /home/autoware/aichallenge2023-integration-final-main/install/autoware_adapi_v1_msgs/include/autoware_adapi_v1_msgs/autoware_adapi_v1_msgs/srv/detail/set_route_points__builder.hpp
[16.596s] -- Up-to-date symlink: /home/autoware/aichallenge2023-integration-final-main/install/autoware_adapi_v1_msgs/include/autoware_adapi_v1_msgs/autoware_adapi_v1_msgs/srv/detail/set_route_points__struct.hpp
[16.596s] -- Up-to-date symlink: /home/autoware/aichallenge2023-integration-final-main/install/autoware_adapi_v1_msgs/include/autoware_adapi_v1_msgs/autoware_adapi_v1_msgs/srv/detail/set_route_points__traits.hpp
[16.596s] -- Up-to-date symlink: /home/autoware/aichallenge2023-integration-final-main/install/autoware_adapi_v1_msgs/include/autoware_adapi_v1_msgs/autoware_adapi_v1_msgs/srv/initialize_localization.hpp
[16.599s] -- Up-to-date symlink: /home/autoware/aichallenge2023-integration-final-main/install/autoware_adapi_v1_msgs/include/autoware_adapi_v1_msgs/autoware_adapi_v1_msgs/srv/set_route.hpp
[16.599s] -- Up-to-date symlink: /home/autoware/aichallenge2023-integration-final-main/install/autoware_adapi_v1_msgs/include/autoware_adapi_v1_msgs/autoware_adapi_v1_msgs/srv/set_route_points.hpp
[16.599s] -- Up-to-date symlink: /home/autoware/aichallenge2023-integration-final-main/install/autoware_adapi_v1_msgs/include/autoware_adapi_v1_msgs/autoware_adapi_v1_msgs/msg/detail/localization_initialization_state__rosidl_typesupport_fastrtps_cpp.hpp
[16.599s] -- Up-to-date symlink: /home/autoware/aichallenge2023-integration-final-main/install/autoware_adapi_v1_msgs/include/autoware_adapi_v1_msgs/autoware_adapi_v1_msgs/msg/detail/motion_state__rosidl_typesupport_fastrtps_cpp.hpp
[16.600s] -- Up-to-date symlink: /home/autoware/aichallenge2023-integration-final-main/install/autoware_adapi_v1_msgs/include/autoware_adapi_v1_msgs/autoware_adapi_v1_msgs/msg/detail/mrm_state__rosidl_typesupport_fastrtps_cpp.hpp
[16.600s] -- Up-to-date symlink: /home/autoware/aichallenge2023-integration-final-main/install/autoware_adapi_v1_msgs/include/autoware_adapi_v1_msgs/autoware_adapi_v1_msgs/msg/detail/operation_mode_state__rosidl_typesupport_fastrtps_cpp.hpp
[16.600s] -- Up-to-date symlink: /home/autoware/aichallenge2023-integration-final-main/install/autoware_adapi_v1_msgs/include/autoware_adapi_v1_msgs/autoware_adapi_v1_msgs/msg/detail/response_status__rosidl_typesupport_fastrtps_cpp.hpp
[16.600s] -- Up-to-date symlink: /home/autoware/aichallenge2023-integration-final-main/install/autoware_adapi_v1_msgs/include/autoware_adapi_v1_msgs/autoware_adapi_v1_msgs/msg/detail/route__rosidl_typesupport_fastrtps_cpp.hpp
[16.600s] -- Up-to-date symlink: /home/autoware/aichallenge2023-integration-final-main/install/autoware_adapi_v1_msgs/include/autoware_adapi_v1_msgs/autoware_adapi_v1_msgs/msg/detail/route_data__rosidl_typesupport_fastrtps_cpp.hpp
[16.600s] -- Up-to-date symlink: /home/autoware/aichallenge2023-integration-final-main/install/autoware_adapi_v1_msgs/include/autoware_adapi_v1_msgs/autoware_adapi_v1_msgs/msg/detail/route_primitive__rosidl_typesupport_fastrtps_cpp.hpp
[16.600s] -- Up-to-date symlink: /home/autoware/aichallenge2023-integration-final-main/install/autoware_adapi_v1_msgs/include/autoware_adapi_v1_msgs/autoware_adapi_v1_msgs/msg/detail/route_segment__rosidl_typesupport_fastrtps_cpp.hpp
[16.600s] -- Up-to-date symlink: /home/autoware/aichallenge2023-integration-final-main/install/autoware_adapi_v1_msgs/include/autoware_adapi_v1_msgs/autoware_adapi_v1_msgs/msg/detail/route_state__rosidl_typesupport_fastrtps_cpp.hpp
[16.600s] -- Up-to-date symlink: /home/autoware/aichallenge2023-integration-final-main/install/autoware_adapi_v1_msgs/include/autoware_adapi_v1_msgs/autoware_adapi_v1_msgs/msg/detail/steering_factor__rosidl_typesupport_fastrtps_cpp.hpp
[16.600s] -- Up-to-date symlink: /home/autoware/aichallenge2023-integration-final-main/install/autoware_adapi_v1_msgs/include/autoware_adapi_v1_msgs/autoware_adapi_v1_msgs/msg/detail/steering_factor_array__rosidl_typesupport_fastrtps_cpp.hpp
[16.601s] -- Up-to-date symlink: /home/autoware/aichallenge2023-integration-final-main/install/autoware_adapi_v1_msgs/include/autoware_adapi_v1_msgs/autoware_adapi_v1_msgs/msg/detail/velocity_factor__rosidl_typesupport_fastrtps_cpp.hpp
[16.601s] -- Up-to-date symlink: /home/autoware/aichallenge2023-integration-final-main/install/autoware_adapi_v1_msgs/include/autoware_adapi_v1_msgs/autoware_adapi_v1_msgs/msg/detail/velocity_factor_array__rosidl_typesupport_fastrtps_cpp.hpp
[16.601s] -- Up-to-date symlink: /home/autoware/aichallenge2023-integration-final-main/install/autoware_adapi_v1_msgs/include/autoware_adapi_v1_msgs/autoware_adapi_v1_msgs/msg/rosidl_typesupport_fastrtps_cpp__visibility_control.h
[16.601s] -- Up-to-date symlink: /home/autoware/aichallenge2023-integration-final-main/install/autoware_adapi_v1_msgs/include/autoware_adapi_v1_msgs/autoware_adapi_v1_msgs/srv/detail/accept_start__rosidl_typesupport_fastrtps_cpp.hpp
[16.601s] -- Up-to-date symlink: /home/autoware/aichallenge2023-integration-final-main/install/autoware_adapi_v1_msgs/include/autoware_adapi_v1_msgs/autoware_adapi_v1_msgs/srv/detail/change_operation_mode__rosidl_typesupport_fastrtps_cpp.hpp
[16.601s] -- Up-to-date symlink: /home/autoware/aichallenge2023-integration-final-main/install/autoware_adapi_v1_msgs/include/autoware_adapi_v1_msgs/autoware_adapi_v1_msgs/srv/detail/clear_route__rosidl_typesupport_fastrtps_cpp.hpp
[16.601s] -- Up-to-date symlink: /home/autoware/aichallenge2023-integration-final-main/install/autoware_adapi_v1_msgs/include/autoware_adapi_v1_msgs/autoware_adapi_v1_msgs/srv/detail/initialize_localization__rosidl_typesupport_fastrtps_cpp.hpp
[16.601s] -- Up-to-date symlink: /home/autoware/aichallenge2023-integration-final-main/install/autoware_adapi_v1_msgs/include/autoware_adapi_v1_msgs/autoware_adapi_v1_msgs/srv/detail/set_route__rosidl_typesupport_fastrtps_cpp.hpp
[16.601s] -- Up-to-date symlink: /home/autoware/aichallenge2023-integration-final-main/install/autoware_adapi_v1_msgs/include/autoware_adapi_v1_msgs/autoware_adapi_v1_msgs/srv/detail/set_route_points__rosidl_typesupport_fastrtps_cpp.hpp
[16.601s] -- Up-to-date symlink: /home/autoware/aichallenge2023-integration-final-main/install/autoware_adapi_v1_msgs/include/autoware_adapi_v1_msgs/autoware_adapi_v1_msgs/msg/detail/localization_initialization_state__rosidl_typesupport_introspection_cpp.hpp
[16.601s] -- Up-to-date symlink: /home/autoware/aichallenge2023-integration-final-main/install/autoware_adapi_v1_msgs/include/autoware_adapi_v1_msgs/autoware_adapi_v1_msgs/msg/detail/motion_state__rosidl_typesupport_introspection_cpp.hpp
[16.601s] -- Up-to-date symlink: /home/autoware/aichallenge2023-integration-final-main/install/autoware_adapi_v1_msgs/include/autoware_adapi_v1_msgs/autoware_adapi_v1_msgs/msg/detail/mrm_state__rosidl_typesupport_introspection_cpp.hpp
[16.601s] -- Up-to-date symlink: /home/autoware/aichallenge2023-integration-final-main/install/autoware_adapi_v1_msgs/include/autoware_adapi_v1_msgs/autoware_adapi_v1_msgs/msg/detail/operation_mode_state__rosidl_typesupport_introspection_cpp.hpp
[16.601s] -- Up-to-date symlink: /home/autoware/aichallenge2023-integration-final-main/install/autoware_adapi_v1_msgs/include/autoware_adapi_v1_msgs/autoware_adapi_v1_msgs/msg/detail/response_status__rosidl_typesupport_introspection_cpp.hpp
[16.601s] -- Up-to-date symlink: /home/autoware/aichallenge2023-integration-final-main/install/autoware_adapi_v1_msgs/include/autoware_adapi_v1_msgs/autoware_adapi_v1_msgs/msg/detail/route__rosidl_typesupport_introspection_cpp.hpp
[16.601s] -- Up-to-date symlink: /home/autoware/aichallenge2023-integration-final-main/install/autoware_adapi_v1_msgs/include/autoware_adapi_v1_msgs/autoware_adapi_v1_msgs/msg/detail/route_data__rosidl_typesupport_introspection_cpp.hpp
[16.601s] -- Up-to-date symlink: /home/autoware/aichallenge2023-integration-final-main/install/autoware_adapi_v1_msgs/include/autoware_adapi_v1_msgs/autoware_adapi_v1_msgs/msg/detail/route_primitive__rosidl_typesupport_introspection_cpp.hpp
[16.601s] -- Up-to-date symlink: /home/autoware/aichallenge2023-integration-final-main/install/autoware_adapi_v1_msgs/include/autoware_adapi_v1_msgs/autoware_adapi_v1_msgs/msg/detail/route_segment__rosidl_typesupport_introspection_cpp.hpp
[16.601s] -- Up-to-date symlink: /home/autoware/aichallenge2023-integration-final-main/install/autoware_adapi_v1_msgs/include/autoware_adapi_v1_msgs/autoware_adapi_v1_msgs/msg/detail/route_state__rosidl_typesupport_introspection_cpp.hpp
[16.602s] -- Up-to-date symlink: /home/autoware/aichallenge2023-integration-final-main/install/autoware_adapi_v1_msgs/include/autoware_adapi_v1_msgs/autoware_adapi_v1_msgs/msg/detail/steering_factor__rosidl_typesupport_introspection_cpp.hpp
[16.602s] -- Up-to-date symlink: /home/autoware/aichallenge2023-integration-final-main/install/autoware_adapi_v1_msgs/include/autoware_adapi_v1_msgs/autoware_adapi_v1_msgs/msg/detail/steering_factor_array__rosidl_typesupport_introspection_cpp.hpp
[16.602s] -- Up-to-date symlink: /home/autoware/aichallenge2023-integration-final-main/install/autoware_adapi_v1_msgs/include/autoware_adapi_v1_msgs/autoware_adapi_v1_msgs/msg/detail/velocity_factor__rosidl_typesupport_introspection_cpp.hpp
[16.602s] -- Up-to-date symlink: /home/autoware/aichallenge2023-integration-final-main/install/autoware_adapi_v1_msgs/include/autoware_adapi_v1_msgs/autoware_adapi_v1_msgs/msg/detail/velocity_factor_array__rosidl_typesupport_introspection_cpp.hpp
[16.602s] -- Up-to-date symlink: /home/autoware/aichallenge2023-integration-final-main/install/autoware_adapi_v1_msgs/include/autoware_adapi_v1_msgs/autoware_adapi_v1_msgs/srv/detail/accept_start__rosidl_typesupport_introspection_cpp.hpp
[16.602s] -- Up-to-date symlink: /home/autoware/aichallenge2023-integration-final-main/install/autoware_adapi_v1_msgs/include/autoware_adapi_v1_msgs/autoware_adapi_v1_msgs/srv/detail/change_operation_mode__rosidl_typesupport_introspection_cpp.hpp
[16.602s] -- Up-to-date symlink: /home/autoware/aichallenge2023-integration-final-main/install/autoware_adapi_v1_msgs/include/autoware_adapi_v1_msgs/autoware_adapi_v1_msgs/srv/detail/clear_route__rosidl_typesupport_introspection_cpp.hpp
[16.602s] -- Up-to-date symlink: /home/autoware/aichallenge2023-integration-final-main/install/autoware_adapi_v1_msgs/include/autoware_adapi_v1_msgs/autoware_adapi_v1_msgs/srv/detail/initialize_localization__rosidl_typesupport_introspection_cpp.hpp
[16.602s] -- Up-to-date symlink: /home/autoware/aichallenge2023-integration-final-main/install/autoware_adapi_v1_msgs/include/autoware_adapi_v1_msgs/autoware_adapi_v1_msgs/srv/detail/set_route__rosidl_typesupport_introspection_cpp.hpp
[16.603s] -- Up-to-date symlink: /home/autoware/aichallenge2023-integration-final-main/install/autoware_adapi_v1_msgs/include/autoware_adapi_v1_msgs/autoware_adapi_v1_msgs/srv/detail/set_route_points__rosidl_typesupport_introspection_cpp.hpp
[16.603s] -- Up-to-date symlink: /home/autoware/aichallenge2023-integration-final-main/install/autoware_adapi_v1_msgs/share/autoware_adapi_v1_msgs/environment/pythonpath.sh
[16.603s] -- Up-to-date symlink: /home/autoware/aichallenge2023-integration-final-main/install/autoware_adapi_v1_msgs/share/autoware_adapi_v1_msgs/environment/pythonpath.dsv
[16.603s] -- Up-to-date symlink: /home/autoware/aichallenge2023-integration-final-main/install/autoware_adapi_v1_msgs/local/lib/python3.10/dist-packages/autoware_adapi_v1_msgs-0.0.0-py3.10.egg-info/PKG-INFO
[16.603s] -- Up-to-date symlink: /home/autoware/aichallenge2023-integration-final-main/install/autoware_adapi_v1_msgs/local/lib/python3.10/dist-packages/autoware_adapi_v1_msgs-0.0.0-py3.10.egg-info/SOURCES.txt
[16.604s] -- Up-to-date symlink: /home/autoware/aichallenge2023-integration-final-main/install/autoware_adapi_v1_msgs/local/lib/python3.10/dist-packages/autoware_adapi_v1_msgs-0.0.0-py3.10.egg-info/dependency_links.txt
[16.604s] -- Up-to-date symlink: /home/autoware/aichallenge2023-integration-final-main/install/autoware_adapi_v1_msgs/local/lib/python3.10/dist-packages/autoware_adapi_v1_msgs-0.0.0-py3.10.egg-info/top_level.txt
[16.604s] -- Up-to-date symlink: /home/autoware/aichallenge2023-integration-final-main/install/autoware_adapi_v1_msgs/local/lib/python3.10/dist-packages/autoware_adapi_v1_msgs/__init__.py
[16.614s] -- Up-to-date symlink: /home/autoware/aichallenge2023-integration-final-main/install/autoware_adapi_v1_msgs/local/lib/python3.10/dist-packages/autoware_adapi_v1_msgs/_autoware_adapi_v1_msgs_s.ep.rosidl_typesupport_c.c
[16.614s] -- Up-to-date symlink: /home/autoware/aichallenge2023-integration-final-main/install/autoware_adapi_v1_msgs/local/lib/python3.10/dist-packages/autoware_adapi_v1_msgs/_autoware_adapi_v1_msgs_s.ep.rosidl_typesupport_fastrtps_c.c
[16.614s] -- Up-to-date symlink: /home/autoware/aichallenge2023-integration-final-main/install/autoware_adapi_v1_msgs/local/lib/python3.10/dist-packages/autoware_adapi_v1_msgs/_autoware_adapi_v1_msgs_s.ep.rosidl_typesupport_introspection_c.c
[16.614s] -- Up-to-date symlink: /home/autoware/aichallenge2023-integration-final-main/install/autoware_adapi_v1_msgs/local/lib/python3.10/dist-packages/autoware_adapi_v1_msgs/autoware_adapi_v1_msgs_s__rosidl_typesupport_c.cpython-310-x86_64-linux-gnu.so
[16.614s] -- Up-to-date symlink: /home/autoware/aichallenge2023-integration-final-main/install/autoware_adapi_v1_msgs/local/lib/python3.10/dist-packages/autoware_adapi_v1_msgs/autoware_adapi_v1_msgs_s__rosidl_typesupport_fastrtps_c.cpython-310-x86_64-linux-gnu.so
[16.614s] -- Up-to-date symlink: /home/autoware/aichallenge2023-integration-final-main/install/autoware_adapi_v1_msgs/local/lib/python3.10/dist-packages/autoware_adapi_v1_msgs/autoware_adapi_v1_msgs_s__rosidl_typesupport_introspection_c.cpython-310-x86_64-linux-gnu.so
[16.615s] -- Up-to-date symlink: /home/autoware/aichallenge2023-integration-final-main/install/autoware_adapi_v1_msgs/local/lib/python3.10/dist-packages/autoware_adapi_v1_msgs/libautoware_adapi_v1_msgs__rosidl_generator_py.so
[16.615s] -- Up-to-date symlink: /home/autoware/aichallenge2023-integration-final-main/install/autoware_adapi_v1_msgs/local/lib/python3.10/dist-packages/autoware_adapi_v1_msgs/msg/__init__.py
[16.615s] -- Up-to-date symlink: /home/autoware/aichallenge2023-integration-final-main/install/autoware_adapi_v1_msgs/local/lib/python3.10/dist-packages/autoware_adapi_v1_msgs/msg/_localization_initialization_state.py
[16.615s] -- Up-to-date symlink: /home/autoware/aichallenge2023-integration-final-main/install/autoware_adapi_v1_msgs/local/lib/python3.10/dist-packages/autoware_adapi_v1_msgs/msg/_localization_initialization_state_s.c
[16.615s] -- Up-to-date symlink: /home/autoware/aichallenge2023-integration-final-main/install/autoware_adapi_v1_msgs/local/lib/python3.10/dist-packages/autoware_adapi_v1_msgs/msg/_motion_state.py
[16.615s] -- Up-to-date symlink: /home/autoware/aichallenge2023-integration-final-main/install/autoware_adapi_v1_msgs/local/lib/python3.10/dist-packages/autoware_adapi_v1_msgs/msg/_motion_state_s.c
[16.615s] -- Up-to-date symlink: /home/autoware/aichallenge2023-integration-final-main/install/autoware_adapi_v1_msgs/local/lib/python3.10/dist-packages/autoware_adapi_v1_msgs/msg/_mrm_state.py
[16.615s] -- Up-to-date symlink: /home/autoware/aichallenge2023-integration-final-main/install/autoware_adapi_v1_msgs/local/lib/python3.10/dist-packages/autoware_adapi_v1_msgs/msg/_mrm_state_s.c
[16.615s] -- Up-to-date symlink: /home/autoware/aichallenge2023-integration-final-main/install/autoware_adapi_v1_msgs/local/lib/python3.10/dist-packages/autoware_adapi_v1_msgs/msg/_operation_mode_state.py
[16.615s] -- Up-to-date symlink: /home/autoware/aichallenge2023-integration-final-main/install/autoware_adapi_v1_msgs/local/lib/python3.10/dist-packages/autoware_adapi_v1_msgs/msg/_operation_mode_state_s.c
[16.615s] -- Up-to-date symlink: /home/autoware/aichallenge2023-integration-final-main/install/autoware_adapi_v1_msgs/local/lib/python3.10/dist-packages/autoware_adapi_v1_msgs/msg/_response_status.py
[16.615s] -- Up-to-date symlink: /home/autoware/aichallenge2023-integration-final-main/install/autoware_adapi_v1_msgs/local/lib/python3.10/dist-packages/autoware_adapi_v1_msgs/msg/_response_status_s.c
[16.615s] -- Up-to-date symlink: /home/autoware/aichallenge2023-integration-final-main/install/autoware_adapi_v1_msgs/local/lib/python3.10/dist-packages/autoware_adapi_v1_msgs/msg/_route.py
[16.615s] -- Up-to-date symlink: /home/autoware/aichallenge2023-integration-final-main/install/autoware_adapi_v1_msgs/local/lib/python3.10/dist-packages/autoware_adapi_v1_msgs/msg/_route_data.py
[16.616s] -- Up-to-date symlink: /home/autoware/aichallenge2023-integration-final-main/install/autoware_adapi_v1_msgs/local/lib/python3.10/dist-packages/autoware_adapi_v1_msgs/msg/_route_data_s.c
[16.616s] -- Up-to-date symlink: /home/autoware/aichallenge2023-integration-final-main/install/autoware_adapi_v1_msgs/local/lib/python3.10/dist-packages/autoware_adapi_v1_msgs/msg/_route_primitive.py
[16.616s] -- Up-to-date symlink: /home/autoware/aichallenge2023-integration-final-main/install/autoware_adapi_v1_msgs/local/lib/python3.10/dist-packages/autoware_adapi_v1_msgs/msg/_route_primitive_s.c
[16.616s] -- Up-to-date symlink: /home/autoware/aichallenge2023-integration-final-main/install/autoware_adapi_v1_msgs/local/lib/python3.10/dist-packages/autoware_adapi_v1_msgs/msg/_route_s.c
[16.616s] -- Up-to-date symlink: /home/autoware/aichallenge2023-integration-final-main/install/autoware_adapi_v1_msgs/local/lib/python3.10/dist-packages/autoware_adapi_v1_msgs/msg/_route_segment.py
[16.616s] -- Up-to-date symlink: /home/autoware/aichallenge2023-integration-final-main/install/autoware_adapi_v1_msgs/local/lib/python3.10/dist-packages/autoware_adapi_v1_msgs/msg/_route_segment_s.c
[16.616s] -- Up-to-date symlink: /home/autoware/aichallenge2023-integration-final-main/install/autoware_adapi_v1_msgs/local/lib/python3.10/dist-packages/autoware_adapi_v1_msgs/msg/_route_state.py
[16.616s] -- Up-to-date symlink: /home/autoware/aichallenge2023-integration-final-main/install/autoware_adapi_v1_msgs/local/lib/python3.10/dist-packages/autoware_adapi_v1_msgs/msg/_route_state_s.c
[16.616s] -- Up-to-date symlink: /home/autoware/aichallenge2023-integration-final-main/install/autoware_adapi_v1_msgs/local/lib/python3.10/dist-packages/autoware_adapi_v1_msgs/msg/_steering_factor.py
[16.616s] -- Up-to-date symlink: /home/autoware/aichallenge2023-integration-final-main/install/autoware_adapi_v1_msgs/local/lib/python3.10/dist-packages/autoware_adapi_v1_msgs/msg/_steering_factor_array.py
[16.616s] -- Up-to-date symlink: /home/autoware/aichallenge2023-integration-final-main/install/autoware_adapi_v1_msgs/local/lib/python3.10/dist-packages/autoware_adapi_v1_msgs/msg/_steering_factor_array_s.c
[16.616s] -- Up-to-date symlink: /home/autoware/aichallenge2023-integration-final-main/install/autoware_adapi_v1_msgs/local/lib/python3.10/dist-packages/autoware_adapi_v1_msgs/msg/_steering_factor_s.c
[16.616s] -- Up-to-date symlink: /home/autoware/aichallenge2023-integration-final-main/install/autoware_adapi_v1_msgs/local/lib/python3.10/dist-packages/autoware_adapi_v1_msgs/msg/_velocity_factor.py
[16.616s] -- Up-to-date symlink: /home/autoware/aichallenge2023-integration-final-main/install/autoware_adapi_v1_msgs/local/lib/python3.10/dist-packages/autoware_adapi_v1_msgs/msg/_velocity_factor_array.py
[16.616s] -- Up-to-date symlink: /home/autoware/aichallenge2023-integration-final-main/install/autoware_adapi_v1_msgs/local/lib/python3.10/dist-packages/autoware_adapi_v1_msgs/msg/_velocity_factor_array_s.c
[16.616s] -- Up-to-date symlink: /home/autoware/aichallenge2023-integration-final-main/install/autoware_adapi_v1_msgs/local/lib/python3.10/dist-packages/autoware_adapi_v1_msgs/msg/_velocity_factor_s.c
[16.617s] -- Up-to-date symlink: /home/autoware/aichallenge2023-integration-final-main/install/autoware_adapi_v1_msgs/local/lib/python3.10/dist-packages/autoware_adapi_v1_msgs/srv/__init__.py
[16.617s] -- Up-to-date symlink: /home/autoware/aichallenge2023-integration-final-main/install/autoware_adapi_v1_msgs/local/lib/python3.10/dist-packages/autoware_adapi_v1_msgs/srv/_accept_start.py
[16.617s] -- Up-to-date symlink: /home/autoware/aichallenge2023-integration-final-main/install/autoware_adapi_v1_msgs/local/lib/python3.10/dist-packages/autoware_adapi_v1_msgs/srv/_accept_start_s.c
[16.617s] -- Up-to-date symlink: /home/autoware/aichallenge2023-integration-final-main/install/autoware_adapi_v1_msgs/local/lib/python3.10/dist-packages/autoware_adapi_v1_msgs/srv/_change_operation_mode.py
[16.617s] -- Up-to-date symlink: /home/autoware/aichallenge2023-integration-final-main/install/autoware_adapi_v1_msgs/local/lib/python3.10/dist-packages/autoware_adapi_v1_msgs/srv/_change_operation_mode_s.c
[16.617s] -- Up-to-date symlink: /home/autoware/aichallenge2023-integration-final-main/install/autoware_adapi_v1_msgs/local/lib/python3.10/dist-packages/autoware_adapi_v1_msgs/srv/_clear_route.py
[16.617s] -- Up-to-date symlink: /home/autoware/aichallenge2023-integration-final-main/install/autoware_adapi_v1_msgs/local/lib/python3.10/dist-packages/autoware_adapi_v1_msgs/srv/_clear_route_s.c
[16.617s] -- Up-to-date symlink: /home/autoware/aichallenge2023-integration-final-main/install/autoware_adapi_v1_msgs/local/lib/python3.10/dist-packages/autoware_adapi_v1_msgs/srv/_initialize_localization.py
[16.617s] -- Up-to-date symlink: /home/autoware/aichallenge2023-integration-final-main/install/autoware_adapi_v1_msgs/local/lib/python3.10/dist-packages/autoware_adapi_v1_msgs/srv/_initialize_localization_s.c
[16.617s] -- Up-to-date symlink: /home/autoware/aichallenge2023-integration-final-main/install/autoware_adapi_v1_msgs/local/lib/python3.10/dist-packages/autoware_adapi_v1_msgs/srv/_set_route.py
[16.617s] -- Up-to-date symlink: /home/autoware/aichallenge2023-integration-final-main/install/autoware_adapi_v1_msgs/local/lib/python3.10/dist-packages/autoware_adapi_v1_msgs/srv/_set_route_points.py
[16.617s] -- Up-to-date symlink: /home/autoware/aichallenge2023-integration-final-main/install/autoware_adapi_v1_msgs/local/lib/python3.10/dist-packages/autoware_adapi_v1_msgs/srv/_set_route_points_s.c
[16.617s] -- Up-to-date symlink: /home/autoware/aichallenge2023-integration-final-main/install/autoware_adapi_v1_msgs/local/lib/python3.10/dist-packages/autoware_adapi_v1_msgs/srv/_set_route_s.c
[16.617s] -- Up-to-date symlink: /home/autoware/aichallenge2023-integration-final-main/install/autoware_adapi_v1_msgs/local/lib/python3.10/dist-packages/autoware_adapi_v1_msgs/autoware_adapi_v1_msgs_s__rosidl_typesupport_fastrtps_c.cpython-310-x86_64-linux-gnu.so
[16.617s] -- Up-to-date symlink: /home/autoware/aichallenge2023-integration-final-main/install/autoware_adapi_v1_msgs/local/lib/python3.10/dist-packages/autoware_adapi_v1_msgs/autoware_adapi_v1_msgs_s__rosidl_typesupport_introspection_c.cpython-310-x86_64-linux-gnu.so
[16.618s] -- Up-to-date symlink: /home/autoware/aichallenge2023-integration-final-main/install/autoware_adapi_v1_msgs/local/lib/python3.10/dist-packages/autoware_adapi_v1_msgs/autoware_adapi_v1_msgs_s__rosidl_typesupport_c.cpython-310-x86_64-linux-gnu.so
[16.618s] -- Up-to-date symlink: /home/autoware/aichallenge2023-integration-final-main/install/autoware_adapi_v1_msgs/share/autoware_adapi_v1_msgs/msg/ResponseStatus.idl
[16.618s] -- Up-to-date symlink: /home/autoware/aichallenge2023-integration-final-main/install/autoware_adapi_v1_msgs/share/autoware_adapi_v1_msgs/msg/LocalizationInitializationState.idl
[16.618s] -- Up-to-date symlink: /home/autoware/aichallenge2023-integration-final-main/install/autoware_adapi_v1_msgs/share/autoware_adapi_v1_msgs/srv/InitializeLocalization.idl
[16.618s] -- Up-to-date symlink: /home/autoware/aichallenge2023-integration-final-main/install/autoware_adapi_v1_msgs/share/autoware_adapi_v1_msgs/msg/RouteState.idl
[16.618s] -- Up-to-date symlink: /home/autoware/aichallenge2023-integration-final-main/install/autoware_adapi_v1_msgs/share/autoware_adapi_v1_msgs/msg/Route.idl
[16.618s] -- Up-to-date symlink: /home/autoware/aichallenge2023-integration-final-main/install/autoware_adapi_v1_msgs/share/autoware_adapi_v1_msgs/msg/RouteData.idl
[16.618s] -- Up-to-date symlink: /home/autoware/aichallenge2023-integration-final-main/install/autoware_adapi_v1_msgs/share/autoware_adapi_v1_msgs/msg/RoutePrimitive.idl
[16.618s] -- Up-to-date symlink: /home/autoware/aichallenge2023-integration-final-main/install/autoware_adapi_v1_msgs/share/autoware_adapi_v1_msgs/msg/RouteSegment.idl
[16.618s] -- Up-to-date symlink: /home/autoware/aichallenge2023-integration-final-main/install/autoware_adapi_v1_msgs/share/autoware_adapi_v1_msgs/srv/ClearRoute.idl
[16.618s] -- Up-to-date symlink: /home/autoware/aichallenge2023-integration-final-main/install/autoware_adapi_v1_msgs/share/autoware_adapi_v1_msgs/srv/SetRoute.idl
[16.619s] -- Up-to-date symlink: /home/autoware/aichallenge2023-integration-final-main/install/autoware_adapi_v1_msgs/share/autoware_adapi_v1_msgs/srv/SetRoutePoints.idl
[16.619s] -- Up-to-date symlink: /home/autoware/aichallenge2023-integration-final-main/install/autoware_adapi_v1_msgs/share/autoware_adapi_v1_msgs/msg/OperationModeState.idl
[16.619s] -- Up-to-date symlink: /home/autoware/aichallenge2023-integration-final-main/install/autoware_adapi_v1_msgs/share/autoware_adapi_v1_msgs/srv/ChangeOperationMode.idl
[16.619s] -- Up-to-date symlink: /home/autoware/aichallenge2023-integration-final-main/install/autoware_adapi_v1_msgs/share/autoware_adapi_v1_msgs/msg/MotionState.idl
[16.619s] -- Up-to-date symlink: /home/autoware/aichallenge2023-integration-final-main/install/autoware_adapi_v1_msgs/share/autoware_adapi_v1_msgs/srv/AcceptStart.idl
[16.619s] -- Up-to-date symlink: /home/autoware/aichallenge2023-integration-final-main/install/autoware_adapi_v1_msgs/share/autoware_adapi_v1_msgs/msg/SteeringFactor.idl
[16.619s] -- Up-to-date symlink: /home/autoware/aichallenge2023-integration-final-main/install/autoware_adapi_v1_msgs/share/autoware_adapi_v1_msgs/msg/SteeringFactorArray.idl
[16.619s] -- Up-to-date symlink: /home/autoware/aichallenge2023-integration-final-main/install/autoware_adapi_v1_msgs/share/autoware_adapi_v1_msgs/msg/VelocityFactor.idl
[16.619s] -- Up-to-date symlink: /home/autoware/aichallenge2023-integration-final-main/install/autoware_adapi_v1_msgs/share/autoware_adapi_v1_msgs/msg/VelocityFactorArray.idl
[16.619s] -- Up-to-date symlink: /home/autoware/aichallenge2023-integration-final-main/install/autoware_adapi_v1_msgs/share/autoware_adapi_v1_msgs/msg/MrmState.idl
[16.619s] -- Up-to-date symlink: /home/autoware/aichallenge2023-integration-final-main/install/autoware_adapi_v1_msgs/share/autoware_adapi_v1_msgs/msg/ResponseStatus.msg
[16.619s] -- Up-to-date symlink: /home/autoware/aichallenge2023-integration-final-main/install/autoware_adapi_v1_msgs/share/autoware_adapi_v1_msgs/msg/LocalizationInitializationState.msg
[16.619s] -- Up-to-date symlink: /home/autoware/aichallenge2023-integration-final-main/install/autoware_adapi_v1_msgs/share/autoware_adapi_v1_msgs/srv/InitializeLocalization.srv
[16.619s] -- Up-to-date symlink: /home/autoware/aichallenge2023-integration-final-main/install/autoware_adapi_v1_msgs/share/autoware_adapi_v1_msgs/srv/InitializeLocalization_Request.msg
[16.619s] -- Up-to-date symlink: /home/autoware/aichallenge2023-integration-final-main/install/autoware_adapi_v1_msgs/share/autoware_adapi_v1_msgs/srv/InitializeLocalization_Response.msg
[16.620s] -- Up-to-date symlink: /home/autoware/aichallenge2023-integration-final-main/install/autoware_adapi_v1_msgs/share/autoware_adapi_v1_msgs/msg/RouteState.msg
[16.620s] -- Up-to-date symlink: /home/autoware/aichallenge2023-integration-final-main/install/autoware_adapi_v1_msgs/share/autoware_adapi_v1_msgs/msg/Route.msg
[16.620s] -- Up-to-date symlink: /home/autoware/aichallenge2023-integration-final-main/install/autoware_adapi_v1_msgs/share/autoware_adapi_v1_msgs/msg/RouteData.msg
[16.620s] -- Up-to-date symlink: /home/autoware/aichallenge2023-integration-final-main/install/autoware_adapi_v1_msgs/share/autoware_adapi_v1_msgs/msg/RoutePrimitive.msg
[16.620s] -- Up-to-date symlink: /home/autoware/aichallenge2023-integration-final-main/install/autoware_adapi_v1_msgs/share/autoware_adapi_v1_msgs/msg/RouteSegment.msg
[16.620s] -- Up-to-date symlink: /home/autoware/aichallenge2023-integration-final-main/install/autoware_adapi_v1_msgs/share/autoware_adapi_v1_msgs/srv/ClearRoute.srv
[16.620s] -- Up-to-date symlink: /home/autoware/aichallenge2023-integration-final-main/install/autoware_adapi_v1_msgs/share/autoware_adapi_v1_msgs/srv/ClearRoute_Request.msg
[16.620s] -- Up-to-date symlink: /home/autoware/aichallenge2023-integration-final-main/install/autoware_adapi_v1_msgs/share/autoware_adapi_v1_msgs/srv/ClearRoute_Response.msg
[16.620s] -- Up-to-date symlink: /home/autoware/aichallenge2023-integration-final-main/install/autoware_adapi_v1_msgs/share/autoware_adapi_v1_msgs/srv/SetRoute.srv
[16.620s] -- Up-to-date symlink: /home/autoware/aichallenge2023-integration-final-main/install/autoware_adapi_v1_msgs/share/autoware_adapi_v1_msgs/srv/SetRoute_Request.msg
[16.620s] -- Up-to-date symlink: /home/autoware/aichallenge2023-integration-final-main/install/autoware_adapi_v1_msgs/share/autoware_adapi_v1_msgs/srv/SetRoute_Response.msg
[16.620s] -- Up-to-date symlink: /home/autoware/aichallenge2023-integration-final-main/install/autoware_adapi_v1_msgs/share/autoware_adapi_v1_msgs/srv/SetRoutePoints.srv
[16.620s] -- Up-to-date symlink: /home/autoware/aichallenge2023-integration-final-main/install/autoware_adapi_v1_msgs/share/autoware_adapi_v1_msgs/srv/SetRoutePoints_Request.msg
[16.621s] -- Up-to-date symlink: /home/autoware/aichallenge2023-integration-final-main/install/autoware_adapi_v1_msgs/share/autoware_adapi_v1_msgs/srv/SetRoutePoints_Response.msg
[16.621s] -- Up-to-date symlink: /home/autoware/aichallenge2023-integration-final-main/install/autoware_adapi_v1_msgs/share/autoware_adapi_v1_msgs/msg/OperationModeState.msg
[16.621s] -- Up-to-date symlink: /home/autoware/aichallenge2023-integration-final-main/install/autoware_adapi_v1_msgs/share/autoware_adapi_v1_msgs/srv/ChangeOperationMode.srv
[16.621s] -- Up-to-date symlink: /home/autoware/aichallenge2023-integration-final-main/install/autoware_adapi_v1_msgs/share/autoware_adapi_v1_msgs/srv/ChangeOperationMode_Request.msg
[16.621s] -- Up-to-date symlink: /home/autoware/aichallenge2023-integration-final-main/install/autoware_adapi_v1_msgs/share/autoware_adapi_v1_msgs/srv/ChangeOperationMode_Response.msg
[16.621s] -- Up-to-date symlink: /home/autoware/aichallenge2023-integration-final-main/install/autoware_adapi_v1_msgs/share/autoware_adapi_v1_msgs/msg/MotionState.msg
[16.621s] -- Up-to-date symlink: /home/autoware/aichallenge2023-integration-final-main/install/autoware_adapi_v1_msgs/share/autoware_adapi_v1_msgs/srv/AcceptStart.srv
[16.621s] -- Up-to-date symlink: /home/autoware/aichallenge2023-integration-final-main/install/autoware_adapi_v1_msgs/share/autoware_adapi_v1_msgs/srv/AcceptStart_Request.msg
[16.621s] -- Up-to-date symlink: /home/autoware/aichallenge2023-integration-final-main/install/autoware_adapi_v1_msgs/share/autoware_adapi_v1_msgs/srv/AcceptStart_Response.msg
[16.621s] -- Up-to-date symlink: /home/autoware/aichallenge2023-integration-final-main/install/autoware_adapi_v1_msgs/share/autoware_adapi_v1_msgs/msg/SteeringFactor.msg
[16.621s] -- Up-to-date symlink: /home/autoware/aichallenge2023-integration-final-main/install/autoware_adapi_v1_msgs/share/autoware_adapi_v1_msgs/msg/SteeringFactorArray.msg
[16.621s] -- Up-to-date symlink: /home/autoware/aichallenge2023-integration-final-main/install/autoware_adapi_v1_msgs/share/autoware_adapi_v1_msgs/msg/VelocityFactor.msg
[16.621s] -- Up-to-date symlink: /home/autoware/aichallenge2023-integration-final-main/install/autoware_adapi_v1_msgs/share/autoware_adapi_v1_msgs/msg/VelocityFactorArray.msg
[16.621s] -- Up-to-date symlink: /home/autoware/aichallenge2023-integration-final-main/install/autoware_adapi_v1_msgs/share/autoware_adapi_v1_msgs/msg/MrmState.msg
[16.621s] -- Up-to-date symlink: /home/autoware/aichallenge2023-integration-final-main/install/autoware_adapi_v1_msgs/share/ament_index/resource_index/package_run_dependencies/autoware_adapi_v1_msgs
[16.621s] -- Up-to-date symlink: /home/autoware/aichallenge2023-integration-final-main/install/autoware_adapi_v1_msgs/share/ament_index/resource_index/parent_prefix_path/autoware_adapi_v1_msgs
[16.622s] -- Up-to-date symlink: /home/autoware/aichallenge2023-integration-final-main/install/autoware_adapi_v1_msgs/share/autoware_adapi_v1_msgs/environment/ament_prefix_path.sh
[16.622s] -- Up-to-date symlink: /home/autoware/aichallenge2023-integration-final-main/install/autoware_adapi_v1_msgs/share/autoware_adapi_v1_msgs/environment/ament_prefix_path.dsv
[16.622s] -- Up-to-date symlink: /home/autoware/aichallenge2023-integration-final-main/install/autoware_adapi_v1_msgs/share/autoware_adapi_v1_msgs/environment/path.sh
[16.622s] -- Up-to-date symlink: /home/autoware/aichallenge2023-integration-final-main/install/autoware_adapi_v1_msgs/share/autoware_adapi_v1_msgs/environment/path.dsv
[16.622s] -- Up-to-date symlink: /home/autoware/aichallenge2023-integration-final-main/install/autoware_adapi_v1_msgs/share/autoware_adapi_v1_msgs/local_setup.bash
[16.622s] -- Up-to-date symlink: /home/autoware/aichallenge2023-integration-final-main/install/autoware_adapi_v1_msgs/share/autoware_adapi_v1_msgs/local_setup.sh
[16.622s] -- Up-to-date symlink: /home/autoware/aichallenge2023-integration-final-main/install/autoware_adapi_v1_msgs/share/autoware_adapi_v1_msgs/local_setup.zsh
[16.622s] -- Up-to-date symlink: /home/autoware/aichallenge2023-integration-final-main/install/autoware_adapi_v1_msgs/share/autoware_adapi_v1_msgs/local_setup.dsv
[16.622s] -- Symlinking: /home/autoware/aichallenge2023-integration-final-main/install/autoware_adapi_v1_msgs/share/autoware_adapi_v1_msgs/package.dsv
[16.681s] -- Up-to-date symlink: /home/autoware/aichallenge2023-integration-final-main/install/autoware_adapi_v1_msgs/share/ament_index/resource_index/packages/autoware_adapi_v1_msgs
[16.681s] -- Up-to-date symlink: /home/autoware/aichallenge2023-integration-final-main/install/autoware_adapi_v1_msgs/share/autoware_adapi_v1_msgs/cmake/rosidl_cmake-extras.cmake
[16.681s] -- Up-to-date symlink: /home/autoware/aichallenge2023-integration-final-main/install/autoware_adapi_v1_msgs/share/autoware_adapi_v1_msgs/cmake/ament_cmake_export_dependencies-extras.cmake
[16.681s] -- Up-to-date symlink: /home/autoware/aichallenge2023-integration-final-main/install/autoware_adapi_v1_msgs/share/autoware_adapi_v1_msgs/cmake/ament_cmake_export_include_directories-extras.cmake
[16.681s] -- Up-to-date symlink: /home/autoware/aichallenge2023-integration-final-main/install/autoware_adapi_v1_msgs/share/autoware_adapi_v1_msgs/cmake/ament_cmake_export_libraries-extras.cmake
[16.681s] -- Up-to-date symlink: /home/autoware/aichallenge2023-integration-final-main/install/autoware_adapi_v1_msgs/share/autoware_adapi_v1_msgs/cmake/ament_cmake_export_targets-extras.cmake
[16.681s] -- Up-to-date symlink: /home/autoware/aichallenge2023-integration-final-main/install/autoware_adapi_v1_msgs/share/autoware_adapi_v1_msgs/cmake/rosidl_cmake_export_typesupport_targets-extras.cmake
[16.682s] -- Up-to-date symlink: /home/autoware/aichallenge2023-integration-final-main/install/autoware_adapi_v1_msgs/share/autoware_adapi_v1_msgs/cmake/rosidl_cmake_export_typesupport_libraries-extras.cmake
[16.682s] -- Up-to-date symlink: /home/autoware/aichallenge2023-integration-final-main/install/autoware_adapi_v1_msgs/share/autoware_adapi_v1_msgs/cmake/autoware_adapi_v1_msgsConfig.cmake
[16.684s] -- Up-to-date symlink: /home/autoware/aichallenge2023-integration-final-main/install/autoware_adapi_v1_msgs/share/autoware_adapi_v1_msgs/cmake/autoware_adapi_v1_msgsConfig-version.cmake
[16.685s] -- Up-to-date symlink: /home/autoware/aichallenge2023-integration-final-main/install/autoware_adapi_v1_msgs/share/autoware_adapi_v1_msgs/package.xml
[16.685s] -- Up-to-date: /home/autoware/aichallenge2023-integration-final-main/install/autoware_adapi_v1_msgs/lib/libautoware_adapi_v1_msgs__rosidl_generator_c.so
[16.685s] -- Up-to-date: /home/autoware/aichallenge2023-integration-final-main/install/autoware_adapi_v1_msgs/lib/libautoware_adapi_v1_msgs__rosidl_typesupport_fastrtps_c.so
[16.685s] -- Up-to-date: /home/autoware/aichallenge2023-integration-final-main/install/autoware_adapi_v1_msgs/lib/libautoware_adapi_v1_msgs__rosidl_typesupport_introspection_c.so
[16.685s] -- Up-to-date: /home/autoware/aichallenge2023-integration-final-main/install/autoware_adapi_v1_msgs/lib/libautoware_adapi_v1_msgs__rosidl_typesupport_c.so
[16.685s] -- Up-to-date: /home/autoware/aichallenge2023-integration-final-main/install/autoware_adapi_v1_msgs/lib/libautoware_adapi_v1_msgs__rosidl_typesupport_fastrtps_cpp.so
[16.685s] -- Up-to-date: /home/autoware/aichallenge2023-integration-final-main/install/autoware_adapi_v1_msgs/lib/libautoware_adapi_v1_msgs__rosidl_typesupport_introspection_cpp.so
[16.685s] -- Up-to-date: /home/autoware/aichallenge2023-integration-final-main/install/autoware_adapi_v1_msgs/lib/libautoware_adapi_v1_msgs__rosidl_typesupport_cpp.so
[16.830s] Listing '/home/autoware/aichallenge2023-integration-final-main/install/autoware_adapi_v1_msgs/local/lib/python3.10/dist-packages/autoware_adapi_v1_msgs'...
[16.830s] Listing '/home/autoware/aichallenge2023-integration-final-main/install/autoware_adapi_v1_msgs/local/lib/python3.10/dist-packages/autoware_adapi_v1_msgs/msg'...
[16.830s] Listing '/home/autoware/aichallenge2023-integration-final-main/install/autoware_adapi_v1_msgs/local/lib/python3.10/dist-packages/autoware_adapi_v1_msgs/srv'...
[16.835s] -- Up-to-date: /home/autoware/aichallenge2023-integration-final-main/install/autoware_adapi_v1_msgs/lib/libautoware_adapi_v1_msgs__rosidl_generator_py.so
[16.835s] -- Up-to-date: /home/autoware/aichallenge2023-integration-final-main/install/autoware_adapi_v1_msgs/share/autoware_adapi_v1_msgs/cmake/export_autoware_adapi_v1_msgs__rosidl_generator_cExport.cmake
[16.835s] -- Up-to-date: /home/autoware/aichallenge2023-integration-final-main/install/autoware_adapi_v1_msgs/share/autoware_adapi_v1_msgs/cmake/export_autoware_adapi_v1_msgs__rosidl_generator_cExport-release.cmake
[16.835s] -- Up-to-date: /home/autoware/aichallenge2023-integration-final-main/install/autoware_adapi_v1_msgs/share/autoware_adapi_v1_msgs/cmake/export_autoware_adapi_v1_msgs__rosidl_typesupport_fastrtps_cExport.cmake
[16.835s] -- Up-to-date: /home/autoware/aichallenge2023-integration-final-main/install/autoware_adapi_v1_msgs/share/autoware_adapi_v1_msgs/cmake/export_autoware_adapi_v1_msgs__rosidl_typesupport_fastrtps_cExport-release.cmake
[16.835s] -- Up-to-date: /home/autoware/aichallenge2023-integration-final-main/install/autoware_adapi_v1_msgs/share/autoware_adapi_v1_msgs/cmake/autoware_adapi_v1_msgs__rosidl_typesupport_introspection_cExport.cmake
[16.835s] -- Up-to-date: /home/autoware/aichallenge2023-integration-final-main/install/autoware_adapi_v1_msgs/share/autoware_adapi_v1_msgs/cmake/autoware_adapi_v1_msgs__rosidl_typesupport_introspection_cExport-release.cmake
[16.835s] -- Up-to-date: /home/autoware/aichallenge2023-integration-final-main/install/autoware_adapi_v1_msgs/share/autoware_adapi_v1_msgs/cmake/autoware_adapi_v1_msgs__rosidl_typesupport_cExport.cmake
[16.836s] -- Up-to-date: /home/autoware/aichallenge2023-integration-final-main/install/autoware_adapi_v1_msgs/share/autoware_adapi_v1_msgs/cmake/autoware_adapi_v1_msgs__rosidl_typesupport_cExport-release.cmake
[16.836s] -- Up-to-date: /home/autoware/aichallenge2023-integration-final-main/install/autoware_adapi_v1_msgs/share/autoware_adapi_v1_msgs/cmake/export_autoware_adapi_v1_msgs__rosidl_generator_cppExport.cmake
[16.836s] -- Up-to-date: /home/autoware/aichallenge2023-integration-final-main/install/autoware_adapi_v1_msgs/share/autoware_adapi_v1_msgs/cmake/export_autoware_adapi_v1_msgs__rosidl_typesupport_fastrtps_cppExport.cmake
[16.836s] -- Up-to-date: /home/autoware/aichallenge2023-integration-final-main/install/autoware_adapi_v1_msgs/share/autoware_adapi_v1_msgs/cmake/export_autoware_adapi_v1_msgs__rosidl_typesupport_fastrtps_cppExport-release.cmake
[16.836s] -- Up-to-date: /home/autoware/aichallenge2023-integration-final-main/install/autoware_adapi_v1_msgs/share/autoware_adapi_v1_msgs/cmake/autoware_adapi_v1_msgs__rosidl_typesupport_introspection_cppExport.cmake
[16.836s] -- Up-to-date: /home/autoware/aichallenge2023-integration-final-main/install/autoware_adapi_v1_msgs/share/autoware_adapi_v1_msgs/cmake/autoware_adapi_v1_msgs__rosidl_typesupport_introspection_cppExport-release.cmake
[16.836s] -- Up-to-date: /home/autoware/aichallenge2023-integration-final-main/install/autoware_adapi_v1_msgs/share/autoware_adapi_v1_msgs/cmake/autoware_adapi_v1_msgs__rosidl_typesupport_cppExport.cmake
[16.836s] -- Up-to-date: /home/autoware/aichallenge2023-integration-final-main/install/autoware_adapi_v1_msgs/share/autoware_adapi_v1_msgs/cmake/autoware_adapi_v1_msgs__rosidl_typesupport_cppExport-release.cmake
[16.836s] -- Up-to-date: /home/autoware/aichallenge2023-integration-final-main/install/autoware_adapi_v1_msgs/share/autoware_adapi_v1_msgs/cmake/export_autoware_adapi_v1_msgs__rosidl_generator_pyExport.cmake
[16.836s] -- Up-to-date: /home/autoware/aichallenge2023-integration-final-main/install/autoware_adapi_v1_msgs/share/autoware_adapi_v1_msgs/cmake/export_autoware_adapi_v1_msgs__rosidl_generator_pyExport-release.cmake
[16.857s] Invoked command in '/home/autoware/aichallenge2023-integration-final-main/build/autoware_adapi_v1_msgs' returned '0': CMAKE_PREFIX_PATH=${CMAKE_PREFIX_PATH}:/home/autoware/aichallenge2023-integration-final-main/install/simulator_compatibility_test:/home/autoware/aichallenge2023-integration-final-main/install/ad_api_visualizers:/home/autoware/autoware/install/simulator_compatibility_test:/home/autoware/autoware/install/ad_api_visualizers:/opt/ros/humble /usr/bin/cmake --install /home/autoware/aichallenge2023-integration-final-main/build/autoware_adapi_v1_msgs
