[0.112s] Invoking command in '/home/autoware/aichallenge2023-integration-final-main/build/autoware_adapi_version_msgs': CMAKE_PREFIX_PATH=${CMAKE_PREFIX_PATH}:/home/autoware/aichallenge2023-integration-final-main/install/simulator_compatibility_test:/home/autoware/aichallenge2023-integration-final-main/install/ad_api_visualizers:/home/autoware/autoware/install/simulator_compatibility_test:/home/autoware/autoware/install/ad_api_visualizers:/opt/ros/humble /usr/bin/cmake --build /home/autoware/aichallenge2023-integration-final-main/build/autoware_adapi_version_msgs -- -j16 -l16
[0.547s] [  3%] Built target autoware_adapi_version_msgs__cpp
[0.556s] [ 12%] Built target autoware_adapi_version_msgs__rosidl_generator_c
[0.725s] [ 12%] Built target ament_cmake_python_symlink_autoware_adapi_version_msgs
[0.821s] [ 22%] Built target autoware_adapi_version_msgs__rosidl_typesupport_introspection_cpp
[0.832s] [ 32%] Built target autoware_adapi_version_msgs__rosidl_typesupport_fastrtps_c
[0.846s] [ 41%] Built target autoware_adapi_version_msgs__rosidl_typesupport_fastrtps_cpp
[0.866s] [ 51%] Built target autoware_adapi_version_msgs__rosidl_typesupport_cpp
[0.909s] [ 61%] Built target autoware_adapi_version_msgs__rosidl_typesupport_introspection_c
[0.923s] [ 70%] Built target autoware_adapi_version_msgs__rosidl_typesupport_c
[1.118s] [ 70%] Built target autoware_adapi_version_msgs
[1.323s] [ 74%] Built target autoware_adapi_version_msgs__py
[1.403s] running egg_info
[1.404s] writing autoware_adapi_version_msgs.egg-info/PKG-INFO
[1.404s] writing dependency_links to autoware_adapi_version_msgs.egg-info/dependency_links.txt
[1.404s] writing top-level names to autoware_adapi_version_msgs.egg-info/top_level.txt
[1.407s] reading manifest file 'autoware_adapi_version_msgs.egg-info/SOURCES.txt'
[1.410s] writing manifest file 'autoware_adapi_version_msgs.egg-info/SOURCES.txt'
[1.507s] [ 74%] Built target ament_cmake_python_build_autoware_adapi_version_msgs_egg
[1.528s] [ 80%] Built target autoware_adapi_version_msgs__rosidl_generator_py
[1.753s] [ 87%] Built target autoware_adapi_version_msgs__rosidl_typesupport_fastrtps_c__pyext
[1.763s] [ 93%] Built target autoware_adapi_version_msgs__rosidl_typesupport_introspection_c__pyext
[1.791s] [100%] Built target autoware_adapi_version_msgs__rosidl_typesupport_c__pyext
[1.876s] Invoked command in '/home/autoware/aichallenge2023-integration-final-main/build/autoware_adapi_version_msgs' returned '0': CMAKE_PREFIX_PATH=${CMAKE_PREFIX_PATH}:/home/autoware/aichallenge2023-integration-final-main/install/simulator_compatibility_test:/home/autoware/aichallenge2023-integration-final-main/install/ad_api_visualizers:/home/autoware/autoware/install/simulator_compatibility_test:/home/autoware/autoware/install/ad_api_visualizers:/opt/ros/humble /usr/bin/cmake --build /home/autoware/aichallenge2023-integration-final-main/build/autoware_adapi_version_msgs -- -j16 -l16
[3.841s] Invoking command in '/home/autoware/aichallenge2023-integration-final-main/build/autoware_adapi_version_msgs': CMAKE_PREFIX_PATH=${CMAKE_PREFIX_PATH}:/home/autoware/aichallenge2023-integration-final-main/install/simulator_compatibility_test:/home/autoware/aichallenge2023-integration-final-main/install/ad_api_visualizers:/home/autoware/autoware/install/simulator_compatibility_test:/home/autoware/autoware/install/ad_api_visualizers:/opt/ros/humble /usr/bin/cmake --install /home/autoware/aichallenge2023-integration-final-main/build/autoware_adapi_version_msgs
[3.974s] -- Install configuration: "Release"
[3.975s] -- Execute custom install script
[3.975s] -- Up-to-date symlink: /home/autoware/aichallenge2023-integration-final-main/install/autoware_adapi_version_msgs/share/ament_index/resource_index/rosidl_interfaces/autoware_adapi_version_msgs
[3.976s] -- Up-to-date symlink: /home/autoware/aichallenge2023-integration-final-main/install/autoware_adapi_version_msgs/include/autoware_adapi_version_msgs/autoware_adapi_version_msgs/msg/rosidl_generator_c__visibility_control.h
[3.976s] -- Up-to-date symlink: /home/autoware/aichallenge2023-integration-final-main/install/autoware_adapi_version_msgs/include/autoware_adapi_version_msgs/autoware_adapi_version_msgs/srv/detail/interface_version__functions.h
[3.977s] -- Up-to-date symlink: /home/autoware/aichallenge2023-integration-final-main/install/autoware_adapi_version_msgs/include/autoware_adapi_version_msgs/autoware_adapi_version_msgs/srv/detail/interface_version__struct.h
[3.977s] -- Up-to-date symlink: /home/autoware/aichallenge2023-integration-final-main/install/autoware_adapi_version_msgs/include/autoware_adapi_version_msgs/autoware_adapi_version_msgs/srv/detail/interface_version__type_support.h
[3.977s] -- Up-to-date symlink: /home/autoware/aichallenge2023-integration-final-main/install/autoware_adapi_version_msgs/include/autoware_adapi_version_msgs/autoware_adapi_version_msgs/srv/interface_version.h
[3.978s] -- Up-to-date symlink: /home/autoware/aichallenge2023-integration-final-main/install/autoware_adapi_version_msgs/share/autoware_adapi_version_msgs/environment/library_path.sh
[3.978s] -- Up-to-date symlink: /home/autoware/aichallenge2023-integration-final-main/install/autoware_adapi_version_msgs/share/autoware_adapi_version_msgs/environment/library_path.dsv
[3.979s] -- Up-to-date symlink: /home/autoware/aichallenge2023-integration-final-main/install/autoware_adapi_version_msgs/include/autoware_adapi_version_msgs/autoware_adapi_version_msgs/msg/rosidl_typesupport_fastrtps_c__visibility_control.h
[3.980s] -- Up-to-date symlink: /home/autoware/aichallenge2023-integration-final-main/install/autoware_adapi_version_msgs/include/autoware_adapi_version_msgs/autoware_adapi_version_msgs/srv/detail/interface_version__rosidl_typesupport_fastrtps_c.h
[3.980s] -- Up-to-date symlink: /home/autoware/aichallenge2023-integration-final-main/install/autoware_adapi_version_msgs/include/autoware_adapi_version_msgs/autoware_adapi_version_msgs/msg/rosidl_typesupport_introspection_c__visibility_control.h
[3.981s] -- Up-to-date symlink: /home/autoware/aichallenge2023-integration-final-main/install/autoware_adapi_version_msgs/include/autoware_adapi_version_msgs/autoware_adapi_version_msgs/srv/detail/interface_version__rosidl_typesupport_introspection_c.h
[3.982s] -- Up-to-date symlink: /home/autoware/aichallenge2023-integration-final-main/install/autoware_adapi_version_msgs/include/autoware_adapi_version_msgs/autoware_adapi_version_msgs/srv/detail/interface_version__builder.hpp
[3.982s] -- Up-to-date symlink: /home/autoware/aichallenge2023-integration-final-main/install/autoware_adapi_version_msgs/include/autoware_adapi_version_msgs/autoware_adapi_version_msgs/srv/detail/interface_version__struct.hpp
[3.982s] -- Up-to-date symlink: /home/autoware/aichallenge2023-integration-final-main/install/autoware_adapi_version_msgs/include/autoware_adapi_version_msgs/autoware_adapi_version_msgs/srv/detail/interface_version__traits.hpp
[3.982s] -- Up-to-date symlink: /home/autoware/aichallenge2023-integration-final-main/install/autoware_adapi_version_msgs/include/autoware_adapi_version_msgs/autoware_adapi_version_msgs/srv/interface_version.hpp
[3.984s] -- Up-to-date symlink: /home/autoware/aichallenge2023-integration-final-main/install/autoware_adapi_version_msgs/include/autoware_adapi_version_msgs/autoware_adapi_version_msgs/msg/rosidl_typesupport_fastrtps_cpp__visibility_control.h
[3.984s] -- Up-to-date symlink: /home/autoware/aichallenge2023-integration-final-main/install/autoware_adapi_version_msgs/include/autoware_adapi_version_msgs/autoware_adapi_version_msgs/srv/detail/interface_version__rosidl_typesupport_fastrtps_cpp.hpp
[3.985s] -- Up-to-date symlink: /home/autoware/aichallenge2023-integration-final-main/install/autoware_adapi_version_msgs/include/autoware_adapi_version_msgs/autoware_adapi_version_msgs/srv/detail/interface_version__rosidl_typesupport_introspection_cpp.hpp
[3.985s] -- Up-to-date symlink: /home/autoware/aichallenge2023-integration-final-main/install/autoware_adapi_version_msgs/share/autoware_adapi_version_msgs/environment/pythonpath.sh
[3.986s] -- Up-to-date symlink: /home/autoware/aichallenge2023-integration-final-main/install/autoware_adapi_version_msgs/share/autoware_adapi_version_msgs/environment/pythonpath.dsv
[3.986s] -- Up-to-date symlink: /home/autoware/aichallenge2023-integration-final-main/install/autoware_adapi_version_msgs/local/lib/python3.10/dist-packages/autoware_adapi_version_msgs-0.0.0-py3.10.egg-info/PKG-INFO
[3.987s] -- Up-to-date symlink: /home/autoware/aichallenge2023-integration-final-main/install/autoware_adapi_version_msgs/local/lib/python3.10/dist-packages/autoware_adapi_version_msgs-0.0.0-py3.10.egg-info/SOURCES.txt
[3.987s] -- Up-to-date symlink: /home/autoware/aichallenge2023-integration-final-main/install/autoware_adapi_version_msgs/local/lib/python3.10/dist-packages/autoware_adapi_version_msgs-0.0.0-py3.10.egg-info/dependency_links.txt
[3.987s] -- Up-to-date symlink: /home/autoware/aichallenge2023-integration-final-main/install/autoware_adapi_version_msgs/local/lib/python3.10/dist-packages/autoware_adapi_version_msgs-0.0.0-py3.10.egg-info/top_level.txt
[3.989s] -- Up-to-date symlink: /home/autoware/aichallenge2023-integration-final-main/install/autoware_adapi_version_msgs/local/lib/python3.10/dist-packages/autoware_adapi_version_msgs/__init__.py
[3.989s] -- Up-to-date symlink: /home/autoware/aichallenge2023-integration-final-main/install/autoware_adapi_version_msgs/local/lib/python3.10/dist-packages/autoware_adapi_version_msgs/_autoware_adapi_version_msgs_s.ep.rosidl_typesupport_c.c
[3.989s] -- Up-to-date symlink: /home/autoware/aichallenge2023-integration-final-main/install/autoware_adapi_version_msgs/local/lib/python3.10/dist-packages/autoware_adapi_version_msgs/_autoware_adapi_version_msgs_s.ep.rosidl_typesupport_fastrtps_c.c
[3.990s] -- Up-to-date symlink: /home/autoware/aichallenge2023-integration-final-main/install/autoware_adapi_version_msgs/local/lib/python3.10/dist-packages/autoware_adapi_version_msgs/_autoware_adapi_version_msgs_s.ep.rosidl_typesupport_introspection_c.c
[3.990s] -- Up-to-date symlink: /home/autoware/aichallenge2023-integration-final-main/install/autoware_adapi_version_msgs/local/lib/python3.10/dist-packages/autoware_adapi_version_msgs/autoware_adapi_version_msgs_s__rosidl_typesupport_c.cpython-310-x86_64-linux-gnu.so
[3.990s] -- Up-to-date symlink: /home/autoware/aichallenge2023-integration-final-main/install/autoware_adapi_version_msgs/local/lib/python3.10/dist-packages/autoware_adapi_version_msgs/autoware_adapi_version_msgs_s__rosidl_typesupport_fastrtps_c.cpython-310-x86_64-linux-gnu.so
[3.990s] -- Up-to-date symlink: /home/autoware/aichallenge2023-integration-final-main/install/autoware_adapi_version_msgs/local/lib/python3.10/dist-packages/autoware_adapi_version_msgs/autoware_adapi_version_msgs_s__rosidl_typesupport_introspection_c.cpython-310-x86_64-linux-gnu.so
[3.991s] -- Up-to-date symlink: /home/autoware/aichallenge2023-integration-final-main/install/autoware_adapi_version_msgs/local/lib/python3.10/dist-packages/autoware_adapi_version_msgs/libautoware_adapi_version_msgs__rosidl_generator_py.so
[3.991s] -- Up-to-date symlink: /home/autoware/aichallenge2023-integration-final-main/install/autoware_adapi_version_msgs/local/lib/python3.10/dist-packages/autoware_adapi_version_msgs/srv/__init__.py
[3.991s] -- Up-to-date symlink: /home/autoware/aichallenge2023-integration-final-main/install/autoware_adapi_version_msgs/local/lib/python3.10/dist-packages/autoware_adapi_version_msgs/srv/_interface_version.py
[3.992s] -- Up-to-date symlink: /home/autoware/aichallenge2023-integration-final-main/install/autoware_adapi_version_msgs/local/lib/python3.10/dist-packages/autoware_adapi_version_msgs/srv/_interface_version_s.c
[3.992s] -- Up-to-date symlink: /home/autoware/aichallenge2023-integration-final-main/install/autoware_adapi_version_msgs/local/lib/python3.10/dist-packages/autoware_adapi_version_msgs/autoware_adapi_version_msgs_s__rosidl_typesupport_fastrtps_c.cpython-310-x86_64-linux-gnu.so
[3.993s] -- Up-to-date symlink: /home/autoware/aichallenge2023-integration-final-main/install/autoware_adapi_version_msgs/local/lib/python3.10/dist-packages/autoware_adapi_version_msgs/autoware_adapi_version_msgs_s__rosidl_typesupport_introspection_c.cpython-310-x86_64-linux-gnu.so
[3.994s] -- Up-to-date symlink: /home/autoware/aichallenge2023-integration-final-main/install/autoware_adapi_version_msgs/local/lib/python3.10/dist-packages/autoware_adapi_version_msgs/autoware_adapi_version_msgs_s__rosidl_typesupport_c.cpython-310-x86_64-linux-gnu.so
[3.994s] -- Up-to-date symlink: /home/autoware/aichallenge2023-integration-final-main/install/autoware_adapi_version_msgs/share/autoware_adapi_version_msgs/srv/InterfaceVersion.idl
[3.995s] -- Up-to-date symlink: /home/autoware/aichallenge2023-integration-final-main/install/autoware_adapi_version_msgs/share/autoware_adapi_version_msgs/srv/InterfaceVersion.srv
[3.995s] -- Up-to-date symlink: /home/autoware/aichallenge2023-integration-final-main/install/autoware_adapi_version_msgs/share/autoware_adapi_version_msgs/srv/InterfaceVersion_Request.msg
[3.995s] -- Up-to-date symlink: /home/autoware/aichallenge2023-integration-final-main/install/autoware_adapi_version_msgs/share/autoware_adapi_version_msgs/srv/InterfaceVersion_Response.msg
[3.997s] -- Up-to-date symlink: /home/autoware/aichallenge2023-integration-final-main/install/autoware_adapi_version_msgs/share/ament_index/resource_index/package_run_dependencies/autoware_adapi_version_msgs
[3.997s] -- Up-to-date symlink: /home/autoware/aichallenge2023-integration-final-main/install/autoware_adapi_version_msgs/share/ament_index/resource_index/parent_prefix_path/autoware_adapi_version_msgs
[3.998s] -- Up-to-date symlink: /home/autoware/aichallenge2023-integration-final-main/install/autoware_adapi_version_msgs/share/autoware_adapi_version_msgs/environment/ament_prefix_path.sh
[3.998s] -- Up-to-date symlink: /home/autoware/aichallenge2023-integration-final-main/install/autoware_adapi_version_msgs/share/autoware_adapi_version_msgs/environment/ament_prefix_path.dsv
[3.998s] -- Up-to-date symlink: /home/autoware/aichallenge2023-integration-final-main/install/autoware_adapi_version_msgs/share/autoware_adapi_version_msgs/environment/path.sh
[3.999s] -- Up-to-date symlink: /home/autoware/aichallenge2023-integration-final-main/install/autoware_adapi_version_msgs/share/autoware_adapi_version_msgs/environment/path.dsv
[3.999s] -- Up-to-date symlink: /home/autoware/aichallenge2023-integration-final-main/install/autoware_adapi_version_msgs/share/autoware_adapi_version_msgs/local_setup.bash
[4.001s] -- Up-to-date symlink: /home/autoware/aichallenge2023-integration-final-main/install/autoware_adapi_version_msgs/share/autoware_adapi_version_msgs/local_setup.sh
[4.001s] -- Up-to-date symlink: /home/autoware/aichallenge2023-integration-final-main/install/autoware_adapi_version_msgs/share/autoware_adapi_version_msgs/local_setup.zsh
[4.001s] -- Up-to-date symlink: /home/autoware/aichallenge2023-integration-final-main/install/autoware_adapi_version_msgs/share/autoware_adapi_version_msgs/local_setup.dsv
[4.001s] -- Symlinking: /home/autoware/aichallenge2023-integration-final-main/install/autoware_adapi_version_msgs/share/autoware_adapi_version_msgs/package.dsv
[4.116s] -- Up-to-date symlink: /home/autoware/aichallenge2023-integration-final-main/install/autoware_adapi_version_msgs/share/ament_index/resource_index/packages/autoware_adapi_version_msgs
[4.117s] -- Up-to-date symlink: /home/autoware/aichallenge2023-integration-final-main/install/autoware_adapi_version_msgs/share/autoware_adapi_version_msgs/cmake/rosidl_cmake-extras.cmake
[4.117s] -- Up-to-date symlink: /home/autoware/aichallenge2023-integration-final-main/install/autoware_adapi_version_msgs/share/autoware_adapi_version_msgs/cmake/ament_cmake_export_include_directories-extras.cmake
[4.118s] -- Up-to-date symlink: /home/autoware/aichallenge2023-integration-final-main/install/autoware_adapi_version_msgs/share/autoware_adapi_version_msgs/cmake/ament_cmake_export_libraries-extras.cmake
[4.119s] -- Up-to-date symlink: /home/autoware/aichallenge2023-integration-final-main/install/autoware_adapi_version_msgs/share/autoware_adapi_version_msgs/cmake/ament_cmake_export_targets-extras.cmake
[4.119s] -- Up-to-date symlink: /home/autoware/aichallenge2023-integration-final-main/install/autoware_adapi_version_msgs/share/autoware_adapi_version_msgs/cmake/rosidl_cmake_export_typesupport_targets-extras.cmake
[4.122s] -- Up-to-date symlink: /home/autoware/aichallenge2023-integration-final-main/install/autoware_adapi_version_msgs/share/autoware_adapi_version_msgs/cmake/ament_cmake_export_dependencies-extras.cmake
[4.123s] -- Up-to-date symlink: /home/autoware/aichallenge2023-integration-final-main/install/autoware_adapi_version_msgs/share/autoware_adapi_version_msgs/cmake/rosidl_cmake_export_typesupport_libraries-extras.cmake
[4.123s] -- Up-to-date symlink: /home/autoware/aichallenge2023-integration-final-main/install/autoware_adapi_version_msgs/share/autoware_adapi_version_msgs/cmake/autoware_adapi_version_msgsConfig.cmake
[4.124s] -- Up-to-date symlink: /home/autoware/aichallenge2023-integration-final-main/install/autoware_adapi_version_msgs/share/autoware_adapi_version_msgs/cmake/autoware_adapi_version_msgsConfig-version.cmake
[4.124s] -- Up-to-date symlink: /home/autoware/aichallenge2023-integration-final-main/install/autoware_adapi_version_msgs/share/autoware_adapi_version_msgs/package.xml
[4.125s] -- Up-to-date: /home/autoware/aichallenge2023-integration-final-main/install/autoware_adapi_version_msgs/lib/libautoware_adapi_version_msgs__rosidl_generator_c.so
[4.126s] -- Up-to-date: /home/autoware/aichallenge2023-integration-final-main/install/autoware_adapi_version_msgs/lib/libautoware_adapi_version_msgs__rosidl_typesupport_fastrtps_c.so
[4.127s] -- Up-to-date: /home/autoware/aichallenge2023-integration-final-main/install/autoware_adapi_version_msgs/lib/libautoware_adapi_version_msgs__rosidl_typesupport_introspection_c.so
[4.128s] -- Up-to-date: /home/autoware/aichallenge2023-integration-final-main/install/autoware_adapi_version_msgs/lib/libautoware_adapi_version_msgs__rosidl_typesupport_c.so
[4.129s] -- Up-to-date: /home/autoware/aichallenge2023-integration-final-main/install/autoware_adapi_version_msgs/lib/libautoware_adapi_version_msgs__rosidl_typesupport_fastrtps_cpp.so
[4.130s] -- Up-to-date: /home/autoware/aichallenge2023-integration-final-main/install/autoware_adapi_version_msgs/lib/libautoware_adapi_version_msgs__rosidl_typesupport_introspection_cpp.so
[4.131s] -- Up-to-date: /home/autoware/aichallenge2023-integration-final-main/install/autoware_adapi_version_msgs/lib/libautoware_adapi_version_msgs__rosidl_typesupport_cpp.so
[4.339s] Listing '/home/autoware/aichallenge2023-integration-final-main/install/autoware_adapi_version_msgs/local/lib/python3.10/dist-packages/autoware_adapi_version_msgs'...
[4.340s] Listing '/home/autoware/aichallenge2023-integration-final-main/install/autoware_adapi_version_msgs/local/lib/python3.10/dist-packages/autoware_adapi_version_msgs/srv'...
[4.349s] -- Up-to-date: /home/autoware/aichallenge2023-integration-final-main/install/autoware_adapi_version_msgs/lib/libautoware_adapi_version_msgs__rosidl_generator_py.so
[4.349s] -- Up-to-date: /home/autoware/aichallenge2023-integration-final-main/install/autoware_adapi_version_msgs/share/autoware_adapi_version_msgs/cmake/export_autoware_adapi_version_msgs__rosidl_generator_cExport.cmake
[4.349s] -- Up-to-date: /home/autoware/aichallenge2023-integration-final-main/install/autoware_adapi_version_msgs/share/autoware_adapi_version_msgs/cmake/export_autoware_adapi_version_msgs__rosidl_generator_cExport-release.cmake
[4.349s] -- Up-to-date: /home/autoware/aichallenge2023-integration-final-main/install/autoware_adapi_version_msgs/share/autoware_adapi_version_msgs/cmake/export_autoware_adapi_version_msgs__rosidl_typesupport_fastrtps_cExport.cmake
[4.349s] -- Up-to-date: /home/autoware/aichallenge2023-integration-final-main/install/autoware_adapi_version_msgs/share/autoware_adapi_version_msgs/cmake/export_autoware_adapi_version_msgs__rosidl_typesupport_fastrtps_cExport-release.cmake
[4.350s] -- Up-to-date: /home/autoware/aichallenge2023-integration-final-main/install/autoware_adapi_version_msgs/share/autoware_adapi_version_msgs/cmake/autoware_adapi_version_msgs__rosidl_typesupport_introspection_cExport.cmake
[4.350s] -- Up-to-date: /home/autoware/aichallenge2023-integration-final-main/install/autoware_adapi_version_msgs/share/autoware_adapi_version_msgs/cmake/autoware_adapi_version_msgs__rosidl_typesupport_introspection_cExport-release.cmake
[4.350s] -- Up-to-date: /home/autoware/aichallenge2023-integration-final-main/install/autoware_adapi_version_msgs/share/autoware_adapi_version_msgs/cmake/autoware_adapi_version_msgs__rosidl_typesupport_cExport.cmake
[4.350s] -- Up-to-date: /home/autoware/aichallenge2023-integration-final-main/install/autoware_adapi_version_msgs/share/autoware_adapi_version_msgs/cmake/autoware_adapi_version_msgs__rosidl_typesupport_cExport-release.cmake
[4.350s] -- Up-to-date: /home/autoware/aichallenge2023-integration-final-main/install/autoware_adapi_version_msgs/share/autoware_adapi_version_msgs/cmake/export_autoware_adapi_version_msgs__rosidl_generator_cppExport.cmake
[4.351s] -- Up-to-date: /home/autoware/aichallenge2023-integration-final-main/install/autoware_adapi_version_msgs/share/autoware_adapi_version_msgs/cmake/export_autoware_adapi_version_msgs__rosidl_typesupport_fastrtps_cppExport.cmake
[4.351s] -- Up-to-date: /home/autoware/aichallenge2023-integration-final-main/install/autoware_adapi_version_msgs/share/autoware_adapi_version_msgs/cmake/export_autoware_adapi_version_msgs__rosidl_typesupport_fastrtps_cppExport-release.cmake
[4.351s] -- Up-to-date: /home/autoware/aichallenge2023-integration-final-main/install/autoware_adapi_version_msgs/share/autoware_adapi_version_msgs/cmake/autoware_adapi_version_msgs__rosidl_typesupport_introspection_cppExport.cmake
[4.351s] -- Up-to-date: /home/autoware/aichallenge2023-integration-final-main/install/autoware_adapi_version_msgs/share/autoware_adapi_version_msgs/cmake/autoware_adapi_version_msgs__rosidl_typesupport_introspection_cppExport-release.cmake
[4.351s] -- Up-to-date: /home/autoware/aichallenge2023-integration-final-main/install/autoware_adapi_version_msgs/share/autoware_adapi_version_msgs/cmake/autoware_adapi_version_msgs__rosidl_typesupport_cppExport.cmake
[4.351s] -- Up-to-date: /home/autoware/aichallenge2023-integration-final-main/install/autoware_adapi_version_msgs/share/autoware_adapi_version_msgs/cmake/autoware_adapi_version_msgs__rosidl_typesupport_cppExport-release.cmake
[4.352s] -- Up-to-date: /home/autoware/aichallenge2023-integration-final-main/install/autoware_adapi_version_msgs/share/autoware_adapi_version_msgs/cmake/export_autoware_adapi_version_msgs__rosidl_generator_pyExport.cmake
[4.352s] -- Up-to-date: /home/autoware/aichallenge2023-integration-final-main/install/autoware_adapi_version_msgs/share/autoware_adapi_version_msgs/cmake/export_autoware_adapi_version_msgs__rosidl_generator_pyExport-release.cmake
[4.362s] Invoked command in '/home/autoware/aichallenge2023-integration-final-main/build/autoware_adapi_version_msgs' returned '0': CMAKE_PREFIX_PATH=${CMAKE_PREFIX_PATH}:/home/autoware/aichallenge2023-integration-final-main/install/simulator_compatibility_test:/home/autoware/aichallenge2023-integration-final-main/install/ad_api_visualizers:/home/autoware/autoware/install/simulator_compatibility_test:/home/autoware/autoware/install/ad_api_visualizers:/opt/ros/humble /usr/bin/cmake --install /home/autoware/aichallenge2023-integration-final-main/build/autoware_adapi_version_msgs
