[0.083s] Invoking command in '/home/autoware/aichallenge2023-integration-final-main/build/velodyne_msgs': CMAKE_PREFIX_PATH=${CMAKE_PREFIX_PATH}:/home/autoware/autoware/install/simulator_compatibility_test:/home/autoware/autoware/install/ad_api_visualizers:/opt/ros/humble /usr/bin/cmake --build /home/autoware/aichallenge2023-integration-final-main/build/velodyne_msgs -- -j16 -l16
[2.105s] [  2%] Built target velodyne_msgs__cpp
[2.105s] [ 12%] Built target velodyne_msgs__rosidl_generator_c
[2.105s] [ 12%] Built target ament_cmake_python_symlink_velodyne_msgs
[2.105s] [ 23%] Built target velodyne_msgs__rosidl_typesupport_introspection_cpp
[2.105s] [ 33%] Built target velodyne_msgs__rosidl_typesupport_cpp
[2.105s] [ 43%] Built target velodyne_msgs__rosidl_typesupport_fastrtps_c
[2.105s] [ 53%] Built target velodyne_msgs__rosidl_typesupport_c
[2.105s] [ 64%] Built target velodyne_msgs__rosidl_typesupport_fastrtps_cpp
[2.105s] [ 74%] Built target velodyne_msgs__rosidl_typesupport_introspection_c
[2.105s] [ 74%] Built target velodyne_msgs
[2.105s] [ 76%] Built target velodyne_msgs__py
[2.106s] [ 84%] Built target velodyne_msgs__rosidl_generator_py
[2.106s] running egg_info
[2.106s] writing velodyne_msgs.egg-info/PKG-INFO
[2.106s] writing dependency_links to velodyne_msgs.egg-info/dependency_links.txt
[2.106s] writing top-level names to velodyne_msgs.egg-info/top_level.txt
[2.106s] reading manifest file 'velodyne_msgs.egg-info/SOURCES.txt'
[2.106s] writing manifest file 'velodyne_msgs.egg-info/SOURCES.txt'
[2.106s] [ 84%] Built target ament_cmake_python_build_velodyne_msgs_egg
[2.106s] [ 89%] Built target velodyne_msgs__rosidl_typesupport_introspection_c__pyext
[2.113s] [100%] Built target velodyne_msgs__rosidl_typesupport_fastrtps_c__pyext
[2.113s] [100%] Built target velodyne_msgs__rosidl_typesupport_c__pyext
[2.181s] Invoked command in '/home/autoware/aichallenge2023-integration-final-main/build/velodyne_msgs' returned '0': CMAKE_PREFIX_PATH=${CMAKE_PREFIX_PATH}:/home/autoware/autoware/install/simulator_compatibility_test:/home/autoware/autoware/install/ad_api_visualizers:/opt/ros/humble /usr/bin/cmake --build /home/autoware/aichallenge2023-integration-final-main/build/velodyne_msgs -- -j16 -l16
[3.093s] Invoking command in '/home/autoware/aichallenge2023-integration-final-main/build/velodyne_msgs': CMAKE_PREFIX_PATH=${CMAKE_PREFIX_PATH}:/home/autoware/autoware/install/simulator_compatibility_test:/home/autoware/autoware/install/ad_api_visualizers:/opt/ros/humble /usr/bin/cmake --install /home/autoware/aichallenge2023-integration-final-main/build/velodyne_msgs
[3.128s] -- Install configuration: "Release"
[3.129s] -- Execute custom install script
[3.130s] -- Up-to-date symlink: /home/autoware/aichallenge2023-integration-final-main/install/velodyne_msgs/share/ament_index/resource_index/rosidl_interfaces/velodyne_msgs
[3.131s] -- Up-to-date symlink: /home/autoware/aichallenge2023-integration-final-main/install/velodyne_msgs/include/velodyne_msgs/velodyne_msgs/msg/detail/velodyne_packet__functions.h
[3.131s] -- Up-to-date symlink: /home/autoware/aichallenge2023-integration-final-main/install/velodyne_msgs/include/velodyne_msgs/velodyne_msgs/msg/detail/velodyne_packet__struct.h
[3.132s] -- Up-to-date symlink: /home/autoware/aichallenge2023-integration-final-main/install/velodyne_msgs/include/velodyne_msgs/velodyne_msgs/msg/detail/velodyne_packet__type_support.h
[3.132s] -- Up-to-date symlink: /home/autoware/aichallenge2023-integration-final-main/install/velodyne_msgs/include/velodyne_msgs/velodyne_msgs/msg/detail/velodyne_scan__functions.h
[3.132s] -- Up-to-date symlink: /home/autoware/aichallenge2023-integration-final-main/install/velodyne_msgs/include/velodyne_msgs/velodyne_msgs/msg/detail/velodyne_scan__struct.h
[3.133s] -- Up-to-date symlink: /home/autoware/aichallenge2023-integration-final-main/install/velodyne_msgs/include/velodyne_msgs/velodyne_msgs/msg/detail/velodyne_scan__type_support.h
[3.133s] -- Up-to-date symlink: /home/autoware/aichallenge2023-integration-final-main/install/velodyne_msgs/include/velodyne_msgs/velodyne_msgs/msg/rosidl_generator_c__visibility_control.h
[3.133s] -- Up-to-date symlink: /home/autoware/aichallenge2023-integration-final-main/install/velodyne_msgs/include/velodyne_msgs/velodyne_msgs/msg/velodyne_packet.h
[3.133s] -- Up-to-date symlink: /home/autoware/aichallenge2023-integration-final-main/install/velodyne_msgs/include/velodyne_msgs/velodyne_msgs/msg/velodyne_scan.h
[3.134s] -- Up-to-date symlink: /home/autoware/aichallenge2023-integration-final-main/install/velodyne_msgs/share/velodyne_msgs/environment/library_path.sh
[3.134s] -- Up-to-date symlink: /home/autoware/aichallenge2023-integration-final-main/install/velodyne_msgs/share/velodyne_msgs/environment/library_path.dsv
[3.134s] -- Up-to-date symlink: /home/autoware/aichallenge2023-integration-final-main/install/velodyne_msgs/include/velodyne_msgs/velodyne_msgs/msg/detail/velodyne_packet__rosidl_typesupport_fastrtps_c.h
[3.134s] -- Up-to-date symlink: /home/autoware/aichallenge2023-integration-final-main/install/velodyne_msgs/include/velodyne_msgs/velodyne_msgs/msg/detail/velodyne_scan__rosidl_typesupport_fastrtps_c.h
[3.135s] -- Up-to-date symlink: /home/autoware/aichallenge2023-integration-final-main/install/velodyne_msgs/include/velodyne_msgs/velodyne_msgs/msg/rosidl_typesupport_fastrtps_c__visibility_control.h
[3.135s] -- Up-to-date symlink: /home/autoware/aichallenge2023-integration-final-main/install/velodyne_msgs/include/velodyne_msgs/velodyne_msgs/msg/detail/velodyne_packet__builder.hpp
[3.135s] -- Up-to-date symlink: /home/autoware/aichallenge2023-integration-final-main/install/velodyne_msgs/include/velodyne_msgs/velodyne_msgs/msg/detail/velodyne_packet__struct.hpp
[3.135s] -- Up-to-date symlink: /home/autoware/aichallenge2023-integration-final-main/install/velodyne_msgs/include/velodyne_msgs/velodyne_msgs/msg/detail/velodyne_packet__traits.hpp
[3.136s] -- Up-to-date symlink: /home/autoware/aichallenge2023-integration-final-main/install/velodyne_msgs/include/velodyne_msgs/velodyne_msgs/msg/detail/velodyne_scan__builder.hpp
[3.136s] -- Up-to-date symlink: /home/autoware/aichallenge2023-integration-final-main/install/velodyne_msgs/include/velodyne_msgs/velodyne_msgs/msg/detail/velodyne_scan__struct.hpp
[3.136s] -- Up-to-date symlink: /home/autoware/aichallenge2023-integration-final-main/install/velodyne_msgs/include/velodyne_msgs/velodyne_msgs/msg/detail/velodyne_scan__traits.hpp
[3.136s] -- Up-to-date symlink: /home/autoware/aichallenge2023-integration-final-main/install/velodyne_msgs/include/velodyne_msgs/velodyne_msgs/msg/velodyne_packet.hpp
[3.136s] -- Up-to-date symlink: /home/autoware/aichallenge2023-integration-final-main/install/velodyne_msgs/include/velodyne_msgs/velodyne_msgs/msg/velodyne_scan.hpp
[3.137s] -- Up-to-date symlink: /home/autoware/aichallenge2023-integration-final-main/install/velodyne_msgs/include/velodyne_msgs/velodyne_msgs/msg/detail/velodyne_packet__rosidl_typesupport_fastrtps_cpp.hpp
[3.137s] -- Up-to-date symlink: /home/autoware/aichallenge2023-integration-final-main/install/velodyne_msgs/include/velodyne_msgs/velodyne_msgs/msg/detail/velodyne_scan__rosidl_typesupport_fastrtps_cpp.hpp
[3.137s] -- Up-to-date symlink: /home/autoware/aichallenge2023-integration-final-main/install/velodyne_msgs/include/velodyne_msgs/velodyne_msgs/msg/rosidl_typesupport_fastrtps_cpp__visibility_control.h
[3.138s] -- Up-to-date symlink: /home/autoware/aichallenge2023-integration-final-main/install/velodyne_msgs/include/velodyne_msgs/velodyne_msgs/msg/detail/velodyne_packet__rosidl_typesupport_introspection_c.h
[3.138s] -- Up-to-date symlink: /home/autoware/aichallenge2023-integration-final-main/install/velodyne_msgs/include/velodyne_msgs/velodyne_msgs/msg/detail/velodyne_scan__rosidl_typesupport_introspection_c.h
[3.138s] -- Up-to-date symlink: /home/autoware/aichallenge2023-integration-final-main/install/velodyne_msgs/include/velodyne_msgs/velodyne_msgs/msg/rosidl_typesupport_introspection_c__visibility_control.h
[3.139s] -- Up-to-date symlink: /home/autoware/aichallenge2023-integration-final-main/install/velodyne_msgs/include/velodyne_msgs/velodyne_msgs/msg/detail/velodyne_packet__rosidl_typesupport_introspection_cpp.hpp
[3.139s] -- Up-to-date symlink: /home/autoware/aichallenge2023-integration-final-main/install/velodyne_msgs/include/velodyne_msgs/velodyne_msgs/msg/detail/velodyne_scan__rosidl_typesupport_introspection_cpp.hpp
[3.139s] -- Up-to-date symlink: /home/autoware/aichallenge2023-integration-final-main/install/velodyne_msgs/share/velodyne_msgs/environment/pythonpath.sh
[3.139s] -- Up-to-date symlink: /home/autoware/aichallenge2023-integration-final-main/install/velodyne_msgs/share/velodyne_msgs/environment/pythonpath.dsv
[3.140s] -- Up-to-date symlink: /home/autoware/aichallenge2023-integration-final-main/install/velodyne_msgs/local/lib/python3.10/dist-packages/velodyne_msgs-2.1.0-py3.10.egg-info/PKG-INFO
[3.140s] -- Up-to-date symlink: /home/autoware/aichallenge2023-integration-final-main/install/velodyne_msgs/local/lib/python3.10/dist-packages/velodyne_msgs-2.1.0-py3.10.egg-info/SOURCES.txt
[3.140s] -- Up-to-date symlink: /home/autoware/aichallenge2023-integration-final-main/install/velodyne_msgs/local/lib/python3.10/dist-packages/velodyne_msgs-2.1.0-py3.10.egg-info/dependency_links.txt
[3.140s] -- Up-to-date symlink: /home/autoware/aichallenge2023-integration-final-main/install/velodyne_msgs/local/lib/python3.10/dist-packages/velodyne_msgs-2.1.0-py3.10.egg-info/top_level.txt
[3.141s] -- Up-to-date symlink: /home/autoware/aichallenge2023-integration-final-main/install/velodyne_msgs/local/lib/python3.10/dist-packages/velodyne_msgs/__init__.py
[3.141s] -- Up-to-date symlink: /home/autoware/aichallenge2023-integration-final-main/install/velodyne_msgs/local/lib/python3.10/dist-packages/velodyne_msgs/_velodyne_msgs_s.ep.rosidl_typesupport_c.c
[3.141s] -- Up-to-date symlink: /home/autoware/aichallenge2023-integration-final-main/install/velodyne_msgs/local/lib/python3.10/dist-packages/velodyne_msgs/_velodyne_msgs_s.ep.rosidl_typesupport_fastrtps_c.c
[3.142s] -- Up-to-date symlink: /home/autoware/aichallenge2023-integration-final-main/install/velodyne_msgs/local/lib/python3.10/dist-packages/velodyne_msgs/_velodyne_msgs_s.ep.rosidl_typesupport_introspection_c.c
[3.142s] -- Up-to-date symlink: /home/autoware/aichallenge2023-integration-final-main/install/velodyne_msgs/local/lib/python3.10/dist-packages/velodyne_msgs/libvelodyne_msgs__rosidl_generator_py.so
[3.142s] -- Up-to-date symlink: /home/autoware/aichallenge2023-integration-final-main/install/velodyne_msgs/local/lib/python3.10/dist-packages/velodyne_msgs/msg/__init__.py
[3.142s] -- Up-to-date symlink: /home/autoware/aichallenge2023-integration-final-main/install/velodyne_msgs/local/lib/python3.10/dist-packages/velodyne_msgs/msg/_velodyne_packet.py
[3.143s] -- Up-to-date symlink: /home/autoware/aichallenge2023-integration-final-main/install/velodyne_msgs/local/lib/python3.10/dist-packages/velodyne_msgs/msg/_velodyne_packet_s.c
[3.143s] -- Up-to-date symlink: /home/autoware/aichallenge2023-integration-final-main/install/velodyne_msgs/local/lib/python3.10/dist-packages/velodyne_msgs/msg/_velodyne_scan.py
[3.143s] -- Up-to-date symlink: /home/autoware/aichallenge2023-integration-final-main/install/velodyne_msgs/local/lib/python3.10/dist-packages/velodyne_msgs/msg/_velodyne_scan_s.c
[3.144s] -- Up-to-date symlink: /home/autoware/aichallenge2023-integration-final-main/install/velodyne_msgs/local/lib/python3.10/dist-packages/velodyne_msgs/velodyne_msgs_s__rosidl_typesupport_c.cpython-310-x86_64-linux-gnu.so
[3.144s] -- Up-to-date symlink: /home/autoware/aichallenge2023-integration-final-main/install/velodyne_msgs/local/lib/python3.10/dist-packages/velodyne_msgs/velodyne_msgs_s__rosidl_typesupport_fastrtps_c.cpython-310-x86_64-linux-gnu.so
[3.144s] -- Up-to-date symlink: /home/autoware/aichallenge2023-integration-final-main/install/velodyne_msgs/local/lib/python3.10/dist-packages/velodyne_msgs/velodyne_msgs_s__rosidl_typesupport_introspection_c.cpython-310-x86_64-linux-gnu.so
[3.145s] -- Up-to-date symlink: /home/autoware/aichallenge2023-integration-final-main/install/velodyne_msgs/local/lib/python3.10/dist-packages/velodyne_msgs/velodyne_msgs_s__rosidl_typesupport_fastrtps_c.cpython-310-x86_64-linux-gnu.so
[3.145s] -- Up-to-date symlink: /home/autoware/aichallenge2023-integration-final-main/install/velodyne_msgs/local/lib/python3.10/dist-packages/velodyne_msgs/velodyne_msgs_s__rosidl_typesupport_introspection_c.cpython-310-x86_64-linux-gnu.so
[3.146s] -- Up-to-date symlink: /home/autoware/aichallenge2023-integration-final-main/install/velodyne_msgs/local/lib/python3.10/dist-packages/velodyne_msgs/velodyne_msgs_s__rosidl_typesupport_c.cpython-310-x86_64-linux-gnu.so
[3.146s] -- Up-to-date symlink: /home/autoware/aichallenge2023-integration-final-main/install/velodyne_msgs/share/velodyne_msgs/msg/VelodynePacket.idl
[3.147s] -- Up-to-date symlink: /home/autoware/aichallenge2023-integration-final-main/install/velodyne_msgs/share/velodyne_msgs/msg/VelodyneScan.idl
[3.147s] -- Up-to-date symlink: /home/autoware/aichallenge2023-integration-final-main/install/velodyne_msgs/share/velodyne_msgs/msg/VelodynePacket.msg
[3.148s] -- Up-to-date symlink: /home/autoware/aichallenge2023-integration-final-main/install/velodyne_msgs/share/velodyne_msgs/msg/VelodyneScan.msg
[3.148s] -- Up-to-date symlink: /home/autoware/aichallenge2023-integration-final-main/install/velodyne_msgs/share/ament_index/resource_index/package_run_dependencies/velodyne_msgs
[3.150s] -- Up-to-date symlink: /home/autoware/aichallenge2023-integration-final-main/install/velodyne_msgs/share/ament_index/resource_index/parent_prefix_path/velodyne_msgs
[3.151s] -- Up-to-date symlink: /home/autoware/aichallenge2023-integration-final-main/install/velodyne_msgs/share/velodyne_msgs/environment/ament_prefix_path.sh
[3.151s] -- Up-to-date symlink: /home/autoware/aichallenge2023-integration-final-main/install/velodyne_msgs/share/velodyne_msgs/environment/ament_prefix_path.dsv
[3.152s] -- Up-to-date symlink: /home/autoware/aichallenge2023-integration-final-main/install/velodyne_msgs/share/velodyne_msgs/environment/path.sh
[3.153s] -- Up-to-date symlink: /home/autoware/aichallenge2023-integration-final-main/install/velodyne_msgs/share/velodyne_msgs/environment/path.dsv
[3.154s] -- Up-to-date symlink: /home/autoware/aichallenge2023-integration-final-main/install/velodyne_msgs/share/velodyne_msgs/local_setup.bash
[3.154s] -- Up-to-date symlink: /home/autoware/aichallenge2023-integration-final-main/install/velodyne_msgs/share/velodyne_msgs/local_setup.sh
[3.154s] -- Up-to-date symlink: /home/autoware/aichallenge2023-integration-final-main/install/velodyne_msgs/share/velodyne_msgs/local_setup.zsh
[3.155s] -- Up-to-date symlink: /home/autoware/aichallenge2023-integration-final-main/install/velodyne_msgs/share/velodyne_msgs/local_setup.dsv
[3.155s] -- Symlinking: /home/autoware/aichallenge2023-integration-final-main/install/velodyne_msgs/share/velodyne_msgs/package.dsv
[3.192s] -- Up-to-date symlink: /home/autoware/aichallenge2023-integration-final-main/install/velodyne_msgs/share/ament_index/resource_index/packages/velodyne_msgs
[3.192s] -- Up-to-date symlink: /home/autoware/aichallenge2023-integration-final-main/install/velodyne_msgs/share/velodyne_msgs/cmake/rosidl_cmake-extras.cmake
[3.193s] -- Up-to-date symlink: /home/autoware/aichallenge2023-integration-final-main/install/velodyne_msgs/share/velodyne_msgs/cmake/ament_cmake_export_dependencies-extras.cmake
[3.193s] -- Up-to-date symlink: /home/autoware/aichallenge2023-integration-final-main/install/velodyne_msgs/share/velodyne_msgs/cmake/ament_cmake_export_include_directories-extras.cmake
[3.193s] -- Up-to-date symlink: /home/autoware/aichallenge2023-integration-final-main/install/velodyne_msgs/share/velodyne_msgs/cmake/ament_cmake_export_libraries-extras.cmake
[3.193s] -- Up-to-date symlink: /home/autoware/aichallenge2023-integration-final-main/install/velodyne_msgs/share/velodyne_msgs/cmake/ament_cmake_export_targets-extras.cmake
[3.193s] -- Up-to-date symlink: /home/autoware/aichallenge2023-integration-final-main/install/velodyne_msgs/share/velodyne_msgs/cmake/rosidl_cmake_export_typesupport_targets-extras.cmake
[3.194s] -- Up-to-date symlink: /home/autoware/aichallenge2023-integration-final-main/install/velodyne_msgs/share/velodyne_msgs/cmake/rosidl_cmake_export_typesupport_libraries-extras.cmake
[3.194s] -- Up-to-date symlink: /home/autoware/aichallenge2023-integration-final-main/install/velodyne_msgs/share/velodyne_msgs/cmake/velodyne_msgsConfig.cmake
[3.194s] -- Up-to-date symlink: /home/autoware/aichallenge2023-integration-final-main/install/velodyne_msgs/share/velodyne_msgs/cmake/velodyne_msgsConfig-version.cmake
[3.194s] -- Up-to-date symlink: /home/autoware/aichallenge2023-integration-final-main/install/velodyne_msgs/share/velodyne_msgs/package.xml
[3.195s] -- Up-to-date: /home/autoware/aichallenge2023-integration-final-main/install/velodyne_msgs/lib/libvelodyne_msgs__rosidl_generator_c.so
[3.195s] -- Up-to-date: /home/autoware/aichallenge2023-integration-final-main/install/velodyne_msgs/lib/libvelodyne_msgs__rosidl_typesupport_fastrtps_c.so
[3.196s] -- Up-to-date: /home/autoware/aichallenge2023-integration-final-main/install/velodyne_msgs/lib/libvelodyne_msgs__rosidl_typesupport_fastrtps_cpp.so
[3.196s] -- Up-to-date: /home/autoware/aichallenge2023-integration-final-main/install/velodyne_msgs/lib/libvelodyne_msgs__rosidl_typesupport_introspection_c.so
[3.196s] -- Up-to-date: /home/autoware/aichallenge2023-integration-final-main/install/velodyne_msgs/lib/libvelodyne_msgs__rosidl_typesupport_c.so
[3.197s] -- Up-to-date: /home/autoware/aichallenge2023-integration-final-main/install/velodyne_msgs/lib/libvelodyne_msgs__rosidl_typesupport_introspection_cpp.so
[3.197s] -- Up-to-date: /home/autoware/aichallenge2023-integration-final-main/install/velodyne_msgs/lib/libvelodyne_msgs__rosidl_typesupport_cpp.so
[3.280s] Listing '/home/autoware/aichallenge2023-integration-final-main/install/velodyne_msgs/local/lib/python3.10/dist-packages/velodyne_msgs'...
[3.280s] Listing '/home/autoware/aichallenge2023-integration-final-main/install/velodyne_msgs/local/lib/python3.10/dist-packages/velodyne_msgs/msg'...
[3.294s] -- Up-to-date: /home/autoware/aichallenge2023-integration-final-main/install/velodyne_msgs/lib/libvelodyne_msgs__rosidl_generator_py.so
[3.295s] -- Up-to-date: /home/autoware/aichallenge2023-integration-final-main/install/velodyne_msgs/share/velodyne_msgs/cmake/export_velodyne_msgs__rosidl_generator_cExport.cmake
[3.295s] -- Up-to-date: /home/autoware/aichallenge2023-integration-final-main/install/velodyne_msgs/share/velodyne_msgs/cmake/export_velodyne_msgs__rosidl_generator_cExport-release.cmake
[3.295s] -- Up-to-date: /home/autoware/aichallenge2023-integration-final-main/install/velodyne_msgs/share/velodyne_msgs/cmake/export_velodyne_msgs__rosidl_typesupport_fastrtps_cExport.cmake
[3.295s] -- Up-to-date: /home/autoware/aichallenge2023-integration-final-main/install/velodyne_msgs/share/velodyne_msgs/cmake/export_velodyne_msgs__rosidl_typesupport_fastrtps_cExport-release.cmake
[3.295s] -- Up-to-date: /home/autoware/aichallenge2023-integration-final-main/install/velodyne_msgs/share/velodyne_msgs/cmake/export_velodyne_msgs__rosidl_generator_cppExport.cmake
[3.296s] -- Up-to-date: /home/autoware/aichallenge2023-integration-final-main/install/velodyne_msgs/share/velodyne_msgs/cmake/export_velodyne_msgs__rosidl_typesupport_fastrtps_cppExport.cmake
[3.296s] -- Up-to-date: /home/autoware/aichallenge2023-integration-final-main/install/velodyne_msgs/share/velodyne_msgs/cmake/export_velodyne_msgs__rosidl_typesupport_fastrtps_cppExport-release.cmake
[3.296s] -- Up-to-date: /home/autoware/aichallenge2023-integration-final-main/install/velodyne_msgs/share/velodyne_msgs/cmake/velodyne_msgs__rosidl_typesupport_introspection_cExport.cmake
[3.296s] -- Up-to-date: /home/autoware/aichallenge2023-integration-final-main/install/velodyne_msgs/share/velodyne_msgs/cmake/velodyne_msgs__rosidl_typesupport_introspection_cExport-release.cmake
[3.296s] -- Up-to-date: /home/autoware/aichallenge2023-integration-final-main/install/velodyne_msgs/share/velodyne_msgs/cmake/velodyne_msgs__rosidl_typesupport_cExport.cmake
[3.296s] -- Up-to-date: /home/autoware/aichallenge2023-integration-final-main/install/velodyne_msgs/share/velodyne_msgs/cmake/velodyne_msgs__rosidl_typesupport_cExport-release.cmake
[3.297s] -- Up-to-date: /home/autoware/aichallenge2023-integration-final-main/install/velodyne_msgs/share/velodyne_msgs/cmake/velodyne_msgs__rosidl_typesupport_introspection_cppExport.cmake
[3.297s] -- Up-to-date: /home/autoware/aichallenge2023-integration-final-main/install/velodyne_msgs/share/velodyne_msgs/cmake/velodyne_msgs__rosidl_typesupport_introspection_cppExport-release.cmake
[3.297s] -- Up-to-date: /home/autoware/aichallenge2023-integration-final-main/install/velodyne_msgs/share/velodyne_msgs/cmake/velodyne_msgs__rosidl_typesupport_cppExport.cmake
[3.297s] -- Up-to-date: /home/autoware/aichallenge2023-integration-final-main/install/velodyne_msgs/share/velodyne_msgs/cmake/velodyne_msgs__rosidl_typesupport_cppExport-release.cmake
[3.297s] -- Up-to-date: /home/autoware/aichallenge2023-integration-final-main/install/velodyne_msgs/share/velodyne_msgs/cmake/export_velodyne_msgs__rosidl_generator_pyExport.cmake
[3.297s] -- Up-to-date: /home/autoware/aichallenge2023-integration-final-main/install/velodyne_msgs/share/velodyne_msgs/cmake/export_velodyne_msgs__rosidl_generator_pyExport-release.cmake
[3.304s] Invoked command in '/home/autoware/aichallenge2023-integration-final-main/build/velodyne_msgs' returned '0': CMAKE_PREFIX_PATH=${CMAKE_PREFIX_PATH}:/home/autoware/autoware/install/simulator_compatibility_test:/home/autoware/autoware/install/ad_api_visualizers:/opt/ros/humble /usr/bin/cmake --install /home/autoware/aichallenge2023-integration-final-main/build/velodyne_msgs
