[0.197s] Invoking command in '/home/autoware/aichallenge2023-integration-final-main/build/autoware_perception_msgs': CMAKE_PREFIX_PATH=${CMAKE_PREFIX_PATH}:/home/autoware/aichallenge2023-integration-final-main/install/simulator_compatibility_test:/home/autoware/aichallenge2023-integration-final-main/install/ad_api_visualizers:/home/autoware/autoware/install/simulator_compatibility_test:/home/autoware/autoware/install/ad_api_visualizers:/opt/ros/humble /usr/bin/cmake --build /home/autoware/aichallenge2023-integration-final-main/build/autoware_perception_msgs -- -j16 -l16
[1.024s] [  1%] Built target autoware_perception_msgs__cpp
[1.179s] [ 12%] Built target autoware_perception_msgs__rosidl_generator_c
[1.299s] [ 12%] Built target ament_cmake_python_symlink_autoware_perception_msgs
[1.466s] [ 23%] Built target autoware_perception_msgs__rosidl_typesupport_introspection_cpp
[1.556s] [ 34%] Built target autoware_perception_msgs__rosidl_typesupport_cpp
[1.650s] [ 46%] Built target autoware_perception_msgs__rosidl_typesupport_fastrtps_cpp
[1.697s] [ 57%] Built target autoware_perception_msgs__rosidl_typesupport_introspection_c
[1.743s] [ 68%] Built target autoware_perception_msgs__rosidl_typesupport_c
[1.796s] [ 79%] Built target autoware_perception_msgs__rosidl_typesupport_fastrtps_c
[2.203s] [ 79%] Built target autoware_perception_msgs
[2.545s] running egg_info
[2.547s] writing autoware_perception_msgs.egg-info/PKG-INFO
[2.547s] writing dependency_links to autoware_perception_msgs.egg-info/dependency_links.txt
[2.548s] writing top-level names to autoware_perception_msgs.egg-info/top_level.txt
[2.553s] reading manifest file 'autoware_perception_msgs.egg-info/SOURCES.txt'
[2.554s] writing manifest file 'autoware_perception_msgs.egg-info/SOURCES.txt'
[2.668s] [ 80%] Built target autoware_perception_msgs__py
[2.788s] [ 80%] Built target ament_cmake_python_build_autoware_perception_msgs_egg
[3.041s] [ 90%] Built target autoware_perception_msgs__rosidl_generator_py
[3.505s] [ 93%] Built target autoware_perception_msgs__rosidl_typesupport_fastrtps_c__pyext
[3.589s] [ 96%] Built target autoware_perception_msgs__rosidl_typesupport_c__pyext
[3.609s] [100%] Built target autoware_perception_msgs__rosidl_typesupport_introspection_c__pyext
[3.741s] Invoked command in '/home/autoware/aichallenge2023-integration-final-main/build/autoware_perception_msgs' returned '0': CMAKE_PREFIX_PATH=${CMAKE_PREFIX_PATH}:/home/autoware/aichallenge2023-integration-final-main/install/simulator_compatibility_test:/home/autoware/aichallenge2023-integration-final-main/install/ad_api_visualizers:/home/autoware/autoware/install/simulator_compatibility_test:/home/autoware/autoware/install/ad_api_visualizers:/opt/ros/humble /usr/bin/cmake --build /home/autoware/aichallenge2023-integration-final-main/build/autoware_perception_msgs -- -j16 -l16
[9.865s] Invoking command in '/home/autoware/aichallenge2023-integration-final-main/build/autoware_perception_msgs': CMAKE_PREFIX_PATH=${CMAKE_PREFIX_PATH}:/home/autoware/aichallenge2023-integration-final-main/install/simulator_compatibility_test:/home/autoware/aichallenge2023-integration-final-main/install/ad_api_visualizers:/home/autoware/autoware/install/simulator_compatibility_test:/home/autoware/autoware/install/ad_api_visualizers:/opt/ros/humble /usr/bin/cmake --install /home/autoware/aichallenge2023-integration-final-main/build/autoware_perception_msgs
[9.964s] -- Install configuration: "Release"
[9.977s] -- Execute custom install script
[9.977s] -- Up-to-date symlink: /home/autoware/aichallenge2023-integration-final-main/install/autoware_perception_msgs/share/ament_index/resource_index/rosidl_interfaces/autoware_perception_msgs
[9.978s] -- Up-to-date symlink: /home/autoware/aichallenge2023-integration-final-main/install/autoware_perception_msgs/include/autoware_perception_msgs/autoware_perception_msgs/msg/detail/traffic_light__functions.h
[9.978s] -- Up-to-date symlink: /home/autoware/aichallenge2023-integration-final-main/install/autoware_perception_msgs/include/autoware_perception_msgs/autoware_perception_msgs/msg/detail/traffic_light__struct.h
[9.979s] -- Up-to-date symlink: /home/autoware/aichallenge2023-integration-final-main/install/autoware_perception_msgs/include/autoware_perception_msgs/autoware_perception_msgs/msg/detail/traffic_light__type_support.h
[9.979s] -- Up-to-date symlink: /home/autoware/aichallenge2023-integration-final-main/install/autoware_perception_msgs/include/autoware_perception_msgs/autoware_perception_msgs/msg/detail/traffic_light_array__functions.h
[9.979s] -- Up-to-date symlink: /home/autoware/aichallenge2023-integration-final-main/install/autoware_perception_msgs/include/autoware_perception_msgs/autoware_perception_msgs/msg/detail/traffic_light_array__struct.h
[9.979s] -- Up-to-date symlink: /home/autoware/aichallenge2023-integration-final-main/install/autoware_perception_msgs/include/autoware_perception_msgs/autoware_perception_msgs/msg/detail/traffic_light_array__type_support.h
[9.979s] -- Up-to-date symlink: /home/autoware/aichallenge2023-integration-final-main/install/autoware_perception_msgs/include/autoware_perception_msgs/autoware_perception_msgs/msg/detail/traffic_light_element__functions.h
[9.979s] -- Up-to-date symlink: /home/autoware/aichallenge2023-integration-final-main/install/autoware_perception_msgs/include/autoware_perception_msgs/autoware_perception_msgs/msg/detail/traffic_light_element__struct.h
[9.979s] -- Up-to-date symlink: /home/autoware/aichallenge2023-integration-final-main/install/autoware_perception_msgs/include/autoware_perception_msgs/autoware_perception_msgs/msg/detail/traffic_light_element__type_support.h
[9.979s] -- Up-to-date symlink: /home/autoware/aichallenge2023-integration-final-main/install/autoware_perception_msgs/include/autoware_perception_msgs/autoware_perception_msgs/msg/detail/traffic_signal__functions.h
[9.979s] -- Up-to-date symlink: /home/autoware/aichallenge2023-integration-final-main/install/autoware_perception_msgs/include/autoware_perception_msgs/autoware_perception_msgs/msg/detail/traffic_signal__struct.h
[9.980s] -- Up-to-date symlink: /home/autoware/aichallenge2023-integration-final-main/install/autoware_perception_msgs/include/autoware_perception_msgs/autoware_perception_msgs/msg/detail/traffic_signal__type_support.h
[9.980s] -- Up-to-date symlink: /home/autoware/aichallenge2023-integration-final-main/install/autoware_perception_msgs/include/autoware_perception_msgs/autoware_perception_msgs/msg/detail/traffic_signal_array__functions.h
[9.980s] -- Up-to-date symlink: /home/autoware/aichallenge2023-integration-final-main/install/autoware_perception_msgs/include/autoware_perception_msgs/autoware_perception_msgs/msg/detail/traffic_signal_array__struct.h
[9.980s] -- Up-to-date symlink: /home/autoware/aichallenge2023-integration-final-main/install/autoware_perception_msgs/include/autoware_perception_msgs/autoware_perception_msgs/msg/detail/traffic_signal_array__type_support.h
[9.980s] -- Up-to-date symlink: /home/autoware/aichallenge2023-integration-final-main/install/autoware_perception_msgs/include/autoware_perception_msgs/autoware_perception_msgs/msg/rosidl_generator_c__visibility_control.h
[9.980s] -- Up-to-date symlink: /home/autoware/aichallenge2023-integration-final-main/install/autoware_perception_msgs/include/autoware_perception_msgs/autoware_perception_msgs/msg/traffic_light.h
[9.980s] -- Up-to-date symlink: /home/autoware/aichallenge2023-integration-final-main/install/autoware_perception_msgs/include/autoware_perception_msgs/autoware_perception_msgs/msg/traffic_light_array.h
[9.980s] -- Up-to-date symlink: /home/autoware/aichallenge2023-integration-final-main/install/autoware_perception_msgs/include/autoware_perception_msgs/autoware_perception_msgs/msg/traffic_light_element.h
[9.981s] -- Up-to-date symlink: /home/autoware/aichallenge2023-integration-final-main/install/autoware_perception_msgs/include/autoware_perception_msgs/autoware_perception_msgs/msg/traffic_signal.h
[9.981s] -- Up-to-date symlink: /home/autoware/aichallenge2023-integration-final-main/install/autoware_perception_msgs/include/autoware_perception_msgs/autoware_perception_msgs/msg/traffic_signal_array.h
[9.981s] -- Up-to-date symlink: /home/autoware/aichallenge2023-integration-final-main/install/autoware_perception_msgs/share/autoware_perception_msgs/environment/library_path.sh
[9.981s] -- Up-to-date symlink: /home/autoware/aichallenge2023-integration-final-main/install/autoware_perception_msgs/share/autoware_perception_msgs/environment/library_path.dsv
[9.981s] -- Up-to-date symlink: /home/autoware/aichallenge2023-integration-final-main/install/autoware_perception_msgs/include/autoware_perception_msgs/autoware_perception_msgs/msg/detail/traffic_light__rosidl_typesupport_fastrtps_c.h
[9.981s] -- Up-to-date symlink: /home/autoware/aichallenge2023-integration-final-main/install/autoware_perception_msgs/include/autoware_perception_msgs/autoware_perception_msgs/msg/detail/traffic_light_array__rosidl_typesupport_fastrtps_c.h
[9.981s] -- Up-to-date symlink: /home/autoware/aichallenge2023-integration-final-main/install/autoware_perception_msgs/include/autoware_perception_msgs/autoware_perception_msgs/msg/detail/traffic_light_element__rosidl_typesupport_fastrtps_c.h
[9.981s] -- Up-to-date symlink: /home/autoware/aichallenge2023-integration-final-main/install/autoware_perception_msgs/include/autoware_perception_msgs/autoware_perception_msgs/msg/detail/traffic_signal__rosidl_typesupport_fastrtps_c.h
[9.981s] -- Up-to-date symlink: /home/autoware/aichallenge2023-integration-final-main/install/autoware_perception_msgs/include/autoware_perception_msgs/autoware_perception_msgs/msg/detail/traffic_signal_array__rosidl_typesupport_fastrtps_c.h
[9.982s] -- Up-to-date symlink: /home/autoware/aichallenge2023-integration-final-main/install/autoware_perception_msgs/include/autoware_perception_msgs/autoware_perception_msgs/msg/rosidl_typesupport_fastrtps_c__visibility_control.h
[9.982s] -- Up-to-date symlink: /home/autoware/aichallenge2023-integration-final-main/install/autoware_perception_msgs/include/autoware_perception_msgs/autoware_perception_msgs/msg/detail/traffic_light__builder.hpp
[9.982s] -- Up-to-date symlink: /home/autoware/aichallenge2023-integration-final-main/install/autoware_perception_msgs/include/autoware_perception_msgs/autoware_perception_msgs/msg/detail/traffic_light__struct.hpp
[9.982s] -- Up-to-date symlink: /home/autoware/aichallenge2023-integration-final-main/install/autoware_perception_msgs/include/autoware_perception_msgs/autoware_perception_msgs/msg/detail/traffic_light__traits.hpp
[9.982s] -- Up-to-date symlink: /home/autoware/aichallenge2023-integration-final-main/install/autoware_perception_msgs/include/autoware_perception_msgs/autoware_perception_msgs/msg/detail/traffic_light_array__builder.hpp
[9.982s] -- Up-to-date symlink: /home/autoware/aichallenge2023-integration-final-main/install/autoware_perception_msgs/include/autoware_perception_msgs/autoware_perception_msgs/msg/detail/traffic_light_array__struct.hpp
[9.982s] -- Up-to-date symlink: /home/autoware/aichallenge2023-integration-final-main/install/autoware_perception_msgs/include/autoware_perception_msgs/autoware_perception_msgs/msg/detail/traffic_light_array__traits.hpp
[9.982s] -- Up-to-date symlink: /home/autoware/aichallenge2023-integration-final-main/install/autoware_perception_msgs/include/autoware_perception_msgs/autoware_perception_msgs/msg/detail/traffic_light_element__builder.hpp
[9.984s] -- Up-to-date symlink: /home/autoware/aichallenge2023-integration-final-main/install/autoware_perception_msgs/include/autoware_perception_msgs/autoware_perception_msgs/msg/detail/traffic_light_element__struct.hpp
[9.984s] -- Up-to-date symlink: /home/autoware/aichallenge2023-integration-final-main/install/autoware_perception_msgs/include/autoware_perception_msgs/autoware_perception_msgs/msg/detail/traffic_light_element__traits.hpp
[9.985s] -- Up-to-date symlink: /home/autoware/aichallenge2023-integration-final-main/install/autoware_perception_msgs/include/autoware_perception_msgs/autoware_perception_msgs/msg/detail/traffic_signal__builder.hpp
[9.985s] -- Up-to-date symlink: /home/autoware/aichallenge2023-integration-final-main/install/autoware_perception_msgs/include/autoware_perception_msgs/autoware_perception_msgs/msg/detail/traffic_signal__struct.hpp
[9.985s] -- Up-to-date symlink: /home/autoware/aichallenge2023-integration-final-main/install/autoware_perception_msgs/include/autoware_perception_msgs/autoware_perception_msgs/msg/detail/traffic_signal__traits.hpp
[9.985s] -- Up-to-date symlink: /home/autoware/aichallenge2023-integration-final-main/install/autoware_perception_msgs/include/autoware_perception_msgs/autoware_perception_msgs/msg/detail/traffic_signal_array__builder.hpp
[9.985s] -- Up-to-date symlink: /home/autoware/aichallenge2023-integration-final-main/install/autoware_perception_msgs/include/autoware_perception_msgs/autoware_perception_msgs/msg/detail/traffic_signal_array__struct.hpp
[9.985s] -- Up-to-date symlink: /home/autoware/aichallenge2023-integration-final-main/install/autoware_perception_msgs/include/autoware_perception_msgs/autoware_perception_msgs/msg/detail/traffic_signal_array__traits.hpp
[9.986s] -- Up-to-date symlink: /home/autoware/aichallenge2023-integration-final-main/install/autoware_perception_msgs/include/autoware_perception_msgs/autoware_perception_msgs/msg/traffic_light.hpp
[9.986s] -- Up-to-date symlink: /home/autoware/aichallenge2023-integration-final-main/install/autoware_perception_msgs/include/autoware_perception_msgs/autoware_perception_msgs/msg/traffic_light_array.hpp
[9.986s] -- Up-to-date symlink: /home/autoware/aichallenge2023-integration-final-main/install/autoware_perception_msgs/include/autoware_perception_msgs/autoware_perception_msgs/msg/traffic_light_element.hpp
[9.986s] -- Up-to-date symlink: /home/autoware/aichallenge2023-integration-final-main/install/autoware_perception_msgs/include/autoware_perception_msgs/autoware_perception_msgs/msg/traffic_signal.hpp
[9.986s] -- Up-to-date symlink: /home/autoware/aichallenge2023-integration-final-main/install/autoware_perception_msgs/include/autoware_perception_msgs/autoware_perception_msgs/msg/traffic_signal_array.hpp
[9.986s] -- Up-to-date symlink: /home/autoware/aichallenge2023-integration-final-main/install/autoware_perception_msgs/include/autoware_perception_msgs/autoware_perception_msgs/msg/detail/traffic_light__rosidl_typesupport_fastrtps_cpp.hpp
[9.986s] -- Up-to-date symlink: /home/autoware/aichallenge2023-integration-final-main/install/autoware_perception_msgs/include/autoware_perception_msgs/autoware_perception_msgs/msg/detail/traffic_light_array__rosidl_typesupport_fastrtps_cpp.hpp
[9.986s] -- Up-to-date symlink: /home/autoware/aichallenge2023-integration-final-main/install/autoware_perception_msgs/include/autoware_perception_msgs/autoware_perception_msgs/msg/detail/traffic_light_element__rosidl_typesupport_fastrtps_cpp.hpp
[9.987s] -- Up-to-date symlink: /home/autoware/aichallenge2023-integration-final-main/install/autoware_perception_msgs/include/autoware_perception_msgs/autoware_perception_msgs/msg/detail/traffic_signal__rosidl_typesupport_fastrtps_cpp.hpp
[9.987s] -- Up-to-date symlink: /home/autoware/aichallenge2023-integration-final-main/install/autoware_perception_msgs/include/autoware_perception_msgs/autoware_perception_msgs/msg/detail/traffic_signal_array__rosidl_typesupport_fastrtps_cpp.hpp
[9.987s] -- Up-to-date symlink: /home/autoware/aichallenge2023-integration-final-main/install/autoware_perception_msgs/include/autoware_perception_msgs/autoware_perception_msgs/msg/rosidl_typesupport_fastrtps_cpp__visibility_control.h
[9.987s] -- Up-to-date symlink: /home/autoware/aichallenge2023-integration-final-main/install/autoware_perception_msgs/include/autoware_perception_msgs/autoware_perception_msgs/msg/detail/traffic_light__rosidl_typesupport_introspection_c.h
[9.987s] -- Up-to-date symlink: /home/autoware/aichallenge2023-integration-final-main/install/autoware_perception_msgs/include/autoware_perception_msgs/autoware_perception_msgs/msg/detail/traffic_light_array__rosidl_typesupport_introspection_c.h
[9.987s] -- Up-to-date symlink: /home/autoware/aichallenge2023-integration-final-main/install/autoware_perception_msgs/include/autoware_perception_msgs/autoware_perception_msgs/msg/detail/traffic_light_element__rosidl_typesupport_introspection_c.h
[9.987s] -- Up-to-date symlink: /home/autoware/aichallenge2023-integration-final-main/install/autoware_perception_msgs/include/autoware_perception_msgs/autoware_perception_msgs/msg/detail/traffic_signal__rosidl_typesupport_introspection_c.h
[9.987s] -- Up-to-date symlink: /home/autoware/aichallenge2023-integration-final-main/install/autoware_perception_msgs/include/autoware_perception_msgs/autoware_perception_msgs/msg/detail/traffic_signal_array__rosidl_typesupport_introspection_c.h
[9.987s] -- Up-to-date symlink: /home/autoware/aichallenge2023-integration-final-main/install/autoware_perception_msgs/include/autoware_perception_msgs/autoware_perception_msgs/msg/rosidl_typesupport_introspection_c__visibility_control.h
[9.988s] -- Up-to-date symlink: /home/autoware/aichallenge2023-integration-final-main/install/autoware_perception_msgs/include/autoware_perception_msgs/autoware_perception_msgs/msg/detail/traffic_light__rosidl_typesupport_introspection_cpp.hpp
[9.989s] -- Up-to-date symlink: /home/autoware/aichallenge2023-integration-final-main/install/autoware_perception_msgs/include/autoware_perception_msgs/autoware_perception_msgs/msg/detail/traffic_light_array__rosidl_typesupport_introspection_cpp.hpp
[9.989s] -- Up-to-date symlink: /home/autoware/aichallenge2023-integration-final-main/install/autoware_perception_msgs/include/autoware_perception_msgs/autoware_perception_msgs/msg/detail/traffic_light_element__rosidl_typesupport_introspection_cpp.hpp
[9.989s] -- Up-to-date symlink: /home/autoware/aichallenge2023-integration-final-main/install/autoware_perception_msgs/include/autoware_perception_msgs/autoware_perception_msgs/msg/detail/traffic_signal__rosidl_typesupport_introspection_cpp.hpp
[9.990s] -- Up-to-date symlink: /home/autoware/aichallenge2023-integration-final-main/install/autoware_perception_msgs/include/autoware_perception_msgs/autoware_perception_msgs/msg/detail/traffic_signal_array__rosidl_typesupport_introspection_cpp.hpp
[9.990s] -- Up-to-date symlink: /home/autoware/aichallenge2023-integration-final-main/install/autoware_perception_msgs/share/autoware_perception_msgs/environment/pythonpath.sh
[9.994s] -- Up-to-date symlink: /home/autoware/aichallenge2023-integration-final-main/install/autoware_perception_msgs/share/autoware_perception_msgs/environment/pythonpath.dsv
[9.994s] -- Up-to-date symlink: /home/autoware/aichallenge2023-integration-final-main/install/autoware_perception_msgs/local/lib/python3.10/dist-packages/autoware_perception_msgs-1.0.0-py3.10.egg-info/PKG-INFO
[9.995s] -- Up-to-date symlink: /home/autoware/aichallenge2023-integration-final-main/install/autoware_perception_msgs/local/lib/python3.10/dist-packages/autoware_perception_msgs-1.0.0-py3.10.egg-info/SOURCES.txt
[9.995s] -- Up-to-date symlink: /home/autoware/aichallenge2023-integration-final-main/install/autoware_perception_msgs/local/lib/python3.10/dist-packages/autoware_perception_msgs-1.0.0-py3.10.egg-info/dependency_links.txt
[9.995s] -- Up-to-date symlink: /home/autoware/aichallenge2023-integration-final-main/install/autoware_perception_msgs/local/lib/python3.10/dist-packages/autoware_perception_msgs-1.0.0-py3.10.egg-info/top_level.txt
[9.995s] -- Up-to-date symlink: /home/autoware/aichallenge2023-integration-final-main/install/autoware_perception_msgs/local/lib/python3.10/dist-packages/autoware_perception_msgs/__init__.py
[9.995s] -- Up-to-date symlink: /home/autoware/aichallenge2023-integration-final-main/install/autoware_perception_msgs/local/lib/python3.10/dist-packages/autoware_perception_msgs/_autoware_perception_msgs_s.ep.rosidl_typesupport_c.c
[9.995s] -- Up-to-date symlink: /home/autoware/aichallenge2023-integration-final-main/install/autoware_perception_msgs/local/lib/python3.10/dist-packages/autoware_perception_msgs/_autoware_perception_msgs_s.ep.rosidl_typesupport_fastrtps_c.c
[9.995s] -- Up-to-date symlink: /home/autoware/aichallenge2023-integration-final-main/install/autoware_perception_msgs/local/lib/python3.10/dist-packages/autoware_perception_msgs/_autoware_perception_msgs_s.ep.rosidl_typesupport_introspection_c.c
[9.996s] -- Up-to-date symlink: /home/autoware/aichallenge2023-integration-final-main/install/autoware_perception_msgs/local/lib/python3.10/dist-packages/autoware_perception_msgs/autoware_perception_msgs_s__rosidl_typesupport_c.cpython-310-x86_64-linux-gnu.so
[9.996s] -- Up-to-date symlink: /home/autoware/aichallenge2023-integration-final-main/install/autoware_perception_msgs/local/lib/python3.10/dist-packages/autoware_perception_msgs/autoware_perception_msgs_s__rosidl_typesupport_fastrtps_c.cpython-310-x86_64-linux-gnu.so
[9.996s] -- Up-to-date symlink: /home/autoware/aichallenge2023-integration-final-main/install/autoware_perception_msgs/local/lib/python3.10/dist-packages/autoware_perception_msgs/autoware_perception_msgs_s__rosidl_typesupport_introspection_c.cpython-310-x86_64-linux-gnu.so
[9.996s] -- Up-to-date symlink: /home/autoware/aichallenge2023-integration-final-main/install/autoware_perception_msgs/local/lib/python3.10/dist-packages/autoware_perception_msgs/libautoware_perception_msgs__rosidl_generator_py.so
[9.996s] -- Up-to-date symlink: /home/autoware/aichallenge2023-integration-final-main/install/autoware_perception_msgs/local/lib/python3.10/dist-packages/autoware_perception_msgs/msg/__init__.py
[9.996s] -- Up-to-date symlink: /home/autoware/aichallenge2023-integration-final-main/install/autoware_perception_msgs/local/lib/python3.10/dist-packages/autoware_perception_msgs/msg/_traffic_light.py
[9.996s] -- Up-to-date symlink: /home/autoware/aichallenge2023-integration-final-main/install/autoware_perception_msgs/local/lib/python3.10/dist-packages/autoware_perception_msgs/msg/_traffic_light_array.py
[9.996s] -- Up-to-date symlink: /home/autoware/aichallenge2023-integration-final-main/install/autoware_perception_msgs/local/lib/python3.10/dist-packages/autoware_perception_msgs/msg/_traffic_light_array_s.c
[9.997s] -- Up-to-date symlink: /home/autoware/aichallenge2023-integration-final-main/install/autoware_perception_msgs/local/lib/python3.10/dist-packages/autoware_perception_msgs/msg/_traffic_light_element.py
[9.997s] -- Up-to-date symlink: /home/autoware/aichallenge2023-integration-final-main/install/autoware_perception_msgs/local/lib/python3.10/dist-packages/autoware_perception_msgs/msg/_traffic_light_element_s.c
[9.997s] -- Up-to-date symlink: /home/autoware/aichallenge2023-integration-final-main/install/autoware_perception_msgs/local/lib/python3.10/dist-packages/autoware_perception_msgs/msg/_traffic_light_s.c
[9.997s] -- Up-to-date symlink: /home/autoware/aichallenge2023-integration-final-main/install/autoware_perception_msgs/local/lib/python3.10/dist-packages/autoware_perception_msgs/msg/_traffic_signal.py
[9.997s] -- Up-to-date symlink: /home/autoware/aichallenge2023-integration-final-main/install/autoware_perception_msgs/local/lib/python3.10/dist-packages/autoware_perception_msgs/msg/_traffic_signal_array.py
[9.997s] -- Up-to-date symlink: /home/autoware/aichallenge2023-integration-final-main/install/autoware_perception_msgs/local/lib/python3.10/dist-packages/autoware_perception_msgs/msg/_traffic_signal_array_s.c
[9.997s] -- Up-to-date symlink: /home/autoware/aichallenge2023-integration-final-main/install/autoware_perception_msgs/local/lib/python3.10/dist-packages/autoware_perception_msgs/msg/_traffic_signal_s.c
[9.998s] -- Up-to-date symlink: /home/autoware/aichallenge2023-integration-final-main/install/autoware_perception_msgs/local/lib/python3.10/dist-packages/autoware_perception_msgs/autoware_perception_msgs_s__rosidl_typesupport_fastrtps_c.cpython-310-x86_64-linux-gnu.so
[9.998s] -- Up-to-date symlink: /home/autoware/aichallenge2023-integration-final-main/install/autoware_perception_msgs/local/lib/python3.10/dist-packages/autoware_perception_msgs/autoware_perception_msgs_s__rosidl_typesupport_introspection_c.cpython-310-x86_64-linux-gnu.so
[9.998s] -- Up-to-date symlink: /home/autoware/aichallenge2023-integration-final-main/install/autoware_perception_msgs/local/lib/python3.10/dist-packages/autoware_perception_msgs/autoware_perception_msgs_s__rosidl_typesupport_c.cpython-310-x86_64-linux-gnu.so
[9.998s] -- Up-to-date symlink: /home/autoware/aichallenge2023-integration-final-main/install/autoware_perception_msgs/share/autoware_perception_msgs/msg/TrafficLight.idl
[9.998s] -- Up-to-date symlink: /home/autoware/aichallenge2023-integration-final-main/install/autoware_perception_msgs/share/autoware_perception_msgs/msg/TrafficLightArray.idl
[10.005s] -- Up-to-date symlink: /home/autoware/aichallenge2023-integration-final-main/install/autoware_perception_msgs/share/autoware_perception_msgs/msg/TrafficLightElement.idl
[10.006s] -- Up-to-date symlink: /home/autoware/aichallenge2023-integration-final-main/install/autoware_perception_msgs/share/autoware_perception_msgs/msg/TrafficSignal.idl
[10.006s] -- Up-to-date symlink: /home/autoware/aichallenge2023-integration-final-main/install/autoware_perception_msgs/share/autoware_perception_msgs/msg/TrafficSignalArray.idl
[10.006s] -- Up-to-date symlink: /home/autoware/aichallenge2023-integration-final-main/install/autoware_perception_msgs/share/autoware_perception_msgs/msg/TrafficLight.msg
[10.006s] -- Up-to-date symlink: /home/autoware/aichallenge2023-integration-final-main/install/autoware_perception_msgs/share/autoware_perception_msgs/msg/TrafficLightArray.msg
[10.006s] -- Up-to-date symlink: /home/autoware/aichallenge2023-integration-final-main/install/autoware_perception_msgs/share/autoware_perception_msgs/msg/TrafficLightElement.msg
[10.007s] -- Up-to-date symlink: /home/autoware/aichallenge2023-integration-final-main/install/autoware_perception_msgs/share/autoware_perception_msgs/msg/TrafficSignal.msg
[10.007s] -- Up-to-date symlink: /home/autoware/aichallenge2023-integration-final-main/install/autoware_perception_msgs/share/autoware_perception_msgs/msg/TrafficSignalArray.msg
[10.007s] -- Up-to-date symlink: /home/autoware/aichallenge2023-integration-final-main/install/autoware_perception_msgs/share/ament_index/resource_index/package_run_dependencies/autoware_perception_msgs
[10.007s] -- Up-to-date symlink: /home/autoware/aichallenge2023-integration-final-main/install/autoware_perception_msgs/share/ament_index/resource_index/parent_prefix_path/autoware_perception_msgs
[10.007s] -- Up-to-date symlink: /home/autoware/aichallenge2023-integration-final-main/install/autoware_perception_msgs/share/autoware_perception_msgs/environment/ament_prefix_path.sh
[10.007s] -- Up-to-date symlink: /home/autoware/aichallenge2023-integration-final-main/install/autoware_perception_msgs/share/autoware_perception_msgs/environment/ament_prefix_path.dsv
[10.007s] -- Up-to-date symlink: /home/autoware/aichallenge2023-integration-final-main/install/autoware_perception_msgs/share/autoware_perception_msgs/environment/path.sh
[10.007s] -- Up-to-date symlink: /home/autoware/aichallenge2023-integration-final-main/install/autoware_perception_msgs/share/autoware_perception_msgs/environment/path.dsv
[10.007s] -- Up-to-date symlink: /home/autoware/aichallenge2023-integration-final-main/install/autoware_perception_msgs/share/autoware_perception_msgs/local_setup.bash
[10.008s] -- Up-to-date symlink: /home/autoware/aichallenge2023-integration-final-main/install/autoware_perception_msgs/share/autoware_perception_msgs/local_setup.sh
[10.008s] -- Up-to-date symlink: /home/autoware/aichallenge2023-integration-final-main/install/autoware_perception_msgs/share/autoware_perception_msgs/local_setup.zsh
[10.008s] -- Up-to-date symlink: /home/autoware/aichallenge2023-integration-final-main/install/autoware_perception_msgs/share/autoware_perception_msgs/local_setup.dsv
[10.008s] -- Symlinking: /home/autoware/aichallenge2023-integration-final-main/install/autoware_perception_msgs/share/autoware_perception_msgs/package.dsv
[10.101s] -- Up-to-date symlink: /home/autoware/aichallenge2023-integration-final-main/install/autoware_perception_msgs/share/ament_index/resource_index/packages/autoware_perception_msgs
[10.101s] -- Up-to-date symlink: /home/autoware/aichallenge2023-integration-final-main/install/autoware_perception_msgs/share/autoware_perception_msgs/cmake/rosidl_cmake-extras.cmake
[10.101s] -- Up-to-date symlink: /home/autoware/aichallenge2023-integration-final-main/install/autoware_perception_msgs/share/autoware_perception_msgs/cmake/ament_cmake_export_dependencies-extras.cmake
[10.101s] -- Up-to-date symlink: /home/autoware/aichallenge2023-integration-final-main/install/autoware_perception_msgs/share/autoware_perception_msgs/cmake/ament_cmake_export_include_directories-extras.cmake
[10.101s] -- Up-to-date symlink: /home/autoware/aichallenge2023-integration-final-main/install/autoware_perception_msgs/share/autoware_perception_msgs/cmake/ament_cmake_export_libraries-extras.cmake
[10.102s] -- Up-to-date symlink: /home/autoware/aichallenge2023-integration-final-main/install/autoware_perception_msgs/share/autoware_perception_msgs/cmake/ament_cmake_export_targets-extras.cmake
[10.102s] -- Up-to-date symlink: /home/autoware/aichallenge2023-integration-final-main/install/autoware_perception_msgs/share/autoware_perception_msgs/cmake/rosidl_cmake_export_typesupport_targets-extras.cmake
[10.102s] -- Up-to-date symlink: /home/autoware/aichallenge2023-integration-final-main/install/autoware_perception_msgs/share/autoware_perception_msgs/cmake/rosidl_cmake_export_typesupport_libraries-extras.cmake
[10.103s] -- Up-to-date symlink: /home/autoware/aichallenge2023-integration-final-main/install/autoware_perception_msgs/share/autoware_perception_msgs/cmake/autoware_perception_msgsConfig.cmake
[10.103s] -- Up-to-date symlink: /home/autoware/aichallenge2023-integration-final-main/install/autoware_perception_msgs/share/autoware_perception_msgs/cmake/autoware_perception_msgsConfig-version.cmake
[10.104s] -- Up-to-date symlink: /home/autoware/aichallenge2023-integration-final-main/install/autoware_perception_msgs/share/autoware_perception_msgs/package.xml
[10.105s] -- Up-to-date: /home/autoware/aichallenge2023-integration-final-main/install/autoware_perception_msgs/lib/libautoware_perception_msgs__rosidl_generator_c.so
[10.105s] -- Up-to-date: /home/autoware/aichallenge2023-integration-final-main/install/autoware_perception_msgs/lib/libautoware_perception_msgs__rosidl_typesupport_fastrtps_c.so
[10.106s] -- Up-to-date: /home/autoware/aichallenge2023-integration-final-main/install/autoware_perception_msgs/lib/libautoware_perception_msgs__rosidl_typesupport_fastrtps_cpp.so
[10.107s] -- Up-to-date: /home/autoware/aichallenge2023-integration-final-main/install/autoware_perception_msgs/lib/libautoware_perception_msgs__rosidl_typesupport_introspection_c.so
[10.108s] -- Up-to-date: /home/autoware/aichallenge2023-integration-final-main/install/autoware_perception_msgs/lib/libautoware_perception_msgs__rosidl_typesupport_c.so
[10.108s] -- Up-to-date: /home/autoware/aichallenge2023-integration-final-main/install/autoware_perception_msgs/lib/libautoware_perception_msgs__rosidl_typesupport_introspection_cpp.so
[10.109s] -- Up-to-date: /home/autoware/aichallenge2023-integration-final-main/install/autoware_perception_msgs/lib/libautoware_perception_msgs__rosidl_typesupport_cpp.so
[10.324s] Listing '/home/autoware/aichallenge2023-integration-final-main/install/autoware_perception_msgs/local/lib/python3.10/dist-packages/autoware_perception_msgs'...
[10.325s] Listing '/home/autoware/aichallenge2023-integration-final-main/install/autoware_perception_msgs/local/lib/python3.10/dist-packages/autoware_perception_msgs/msg'...
[10.334s] -- Up-to-date: /home/autoware/aichallenge2023-integration-final-main/install/autoware_perception_msgs/lib/libautoware_perception_msgs__rosidl_generator_py.so
[10.335s] -- Up-to-date: /home/autoware/aichallenge2023-integration-final-main/install/autoware_perception_msgs/share/autoware_perception_msgs/cmake/export_autoware_perception_msgs__rosidl_generator_cExport.cmake
[10.335s] -- Up-to-date: /home/autoware/aichallenge2023-integration-final-main/install/autoware_perception_msgs/share/autoware_perception_msgs/cmake/export_autoware_perception_msgs__rosidl_generator_cExport-release.cmake
[10.336s] -- Up-to-date: /home/autoware/aichallenge2023-integration-final-main/install/autoware_perception_msgs/share/autoware_perception_msgs/cmake/export_autoware_perception_msgs__rosidl_typesupport_fastrtps_cExport.cmake
[10.336s] -- Up-to-date: /home/autoware/aichallenge2023-integration-final-main/install/autoware_perception_msgs/share/autoware_perception_msgs/cmake/export_autoware_perception_msgs__rosidl_typesupport_fastrtps_cExport-release.cmake
[10.336s] -- Up-to-date: /home/autoware/aichallenge2023-integration-final-main/install/autoware_perception_msgs/share/autoware_perception_msgs/cmake/export_autoware_perception_msgs__rosidl_generator_cppExport.cmake
[10.337s] -- Up-to-date: /home/autoware/aichallenge2023-integration-final-main/install/autoware_perception_msgs/share/autoware_perception_msgs/cmake/export_autoware_perception_msgs__rosidl_typesupport_fastrtps_cppExport.cmake
[10.337s] -- Up-to-date: /home/autoware/aichallenge2023-integration-final-main/install/autoware_perception_msgs/share/autoware_perception_msgs/cmake/export_autoware_perception_msgs__rosidl_typesupport_fastrtps_cppExport-release.cmake
[10.337s] -- Up-to-date: /home/autoware/aichallenge2023-integration-final-main/install/autoware_perception_msgs/share/autoware_perception_msgs/cmake/autoware_perception_msgs__rosidl_typesupport_introspection_cExport.cmake
[10.338s] -- Up-to-date: /home/autoware/aichallenge2023-integration-final-main/install/autoware_perception_msgs/share/autoware_perception_msgs/cmake/autoware_perception_msgs__rosidl_typesupport_introspection_cExport-release.cmake
[10.338s] -- Up-to-date: /home/autoware/aichallenge2023-integration-final-main/install/autoware_perception_msgs/share/autoware_perception_msgs/cmake/autoware_perception_msgs__rosidl_typesupport_cExport.cmake
[10.339s] -- Up-to-date: /home/autoware/aichallenge2023-integration-final-main/install/autoware_perception_msgs/share/autoware_perception_msgs/cmake/autoware_perception_msgs__rosidl_typesupport_cExport-release.cmake
[10.339s] -- Up-to-date: /home/autoware/aichallenge2023-integration-final-main/install/autoware_perception_msgs/share/autoware_perception_msgs/cmake/autoware_perception_msgs__rosidl_typesupport_introspection_cppExport.cmake
[10.339s] -- Up-to-date: /home/autoware/aichallenge2023-integration-final-main/install/autoware_perception_msgs/share/autoware_perception_msgs/cmake/autoware_perception_msgs__rosidl_typesupport_introspection_cppExport-release.cmake
[10.340s] -- Up-to-date: /home/autoware/aichallenge2023-integration-final-main/install/autoware_perception_msgs/share/autoware_perception_msgs/cmake/autoware_perception_msgs__rosidl_typesupport_cppExport.cmake
[10.340s] -- Up-to-date: /home/autoware/aichallenge2023-integration-final-main/install/autoware_perception_msgs/share/autoware_perception_msgs/cmake/autoware_perception_msgs__rosidl_typesupport_cppExport-release.cmake
[10.340s] -- Up-to-date: /home/autoware/aichallenge2023-integration-final-main/install/autoware_perception_msgs/share/autoware_perception_msgs/cmake/export_autoware_perception_msgs__rosidl_generator_pyExport.cmake
[10.340s] -- Up-to-date: /home/autoware/aichallenge2023-integration-final-main/install/autoware_perception_msgs/share/autoware_perception_msgs/cmake/export_autoware_perception_msgs__rosidl_generator_pyExport-release.cmake
[10.350s] Invoked command in '/home/autoware/aichallenge2023-integration-final-main/build/autoware_perception_msgs' returned '0': CMAKE_PREFIX_PATH=${CMAKE_PREFIX_PATH}:/home/autoware/aichallenge2023-integration-final-main/install/simulator_compatibility_test:/home/autoware/aichallenge2023-integration-final-main/install/ad_api_visualizers:/home/autoware/autoware/install/simulator_compatibility_test:/home/autoware/autoware/install/ad_api_visualizers:/opt/ros/humble /usr/bin/cmake --install /home/autoware/aichallenge2023-integration-final-main/build/autoware_perception_msgs
