[0.114s] Invoking command in '/home/autoware/aichallenge2023-integration-final-main/build/tier4_rtc_msgs': CMAKE_PREFIX_PATH=${CMAKE_PREFIX_PATH}:/home/autoware/autoware/install/simulator_compatibility_test:/home/autoware/autoware/install/ad_api_visualizers:/opt/ros/humble /usr/bin/cmake --build /home/autoware/aichallenge2023-integration-final-main/build/tier4_rtc_msgs -- -j16 -l16
[0.666s] [  0%] Built target ament_cmake_python_symlink_tier4_rtc_msgs
[0.676s] [  0%] Built target tier4_rtc_msgs__cpp
[0.705s] [ 12%] Built target tier4_rtc_msgs__rosidl_generator_c
[1.119s] [ 24%] Built target tier4_rtc_msgs__rosidl_typesupport_c
[1.172s] [ 36%] Built target tier4_rtc_msgs__rosidl_typesupport_fastrtps_c
[1.193s] [ 48%] Built target tier4_rtc_msgs__rosidl_typesupport_cpp
[1.267s] [ 60%] Built target tier4_rtc_msgs__rosidl_typesupport_introspection_c
[1.295s] [ 72%] Built target tier4_rtc_msgs__rosidl_typesupport_introspection_cpp
[1.347s] [ 83%] Built target tier4_rtc_msgs__rosidl_typesupport_fastrtps_cpp
[1.587s] [ 83%] Built target tier4_rtc_msgs
[1.748s] running egg_info
[1.749s] writing tier4_rtc_msgs.egg-info/PKG-INFO
[1.749s] writing dependency_links to tier4_rtc_msgs.egg-info/dependency_links.txt
[1.750s] writing top-level names to tier4_rtc_msgs.egg-info/top_level.txt
[1.753s] reading manifest file 'tier4_rtc_msgs.egg-info/SOURCES.txt'
[1.754s] writing manifest file 'tier4_rtc_msgs.egg-info/SOURCES.txt'
[1.806s] [ 84%] Built target tier4_rtc_msgs__py
[1.855s] [ 84%] Built target ament_cmake_python_build_tier4_rtc_msgs_egg
[2.033s] [ 95%] Built target tier4_rtc_msgs__rosidl_generator_py
[2.280s] [ 97%] Built target tier4_rtc_msgs__rosidl_typesupport_fastrtps_c__pyext
[2.312s] [ 99%] Built target tier4_rtc_msgs__rosidl_typesupport_introspection_c__pyext
[2.315s] [100%] Built target tier4_rtc_msgs__rosidl_typesupport_c__pyext
[2.380s] Invoked command in '/home/autoware/aichallenge2023-integration-final-main/build/tier4_rtc_msgs' returned '0': CMAKE_PREFIX_PATH=${CMAKE_PREFIX_PATH}:/home/autoware/autoware/install/simulator_compatibility_test:/home/autoware/autoware/install/ad_api_visualizers:/opt/ros/humble /usr/bin/cmake --build /home/autoware/aichallenge2023-integration-final-main/build/tier4_rtc_msgs -- -j16 -l16
[6.043s] Invoking command in '/home/autoware/aichallenge2023-integration-final-main/build/tier4_rtc_msgs': CMAKE_PREFIX_PATH=${CMAKE_PREFIX_PATH}:/home/autoware/autoware/install/simulator_compatibility_test:/home/autoware/autoware/install/ad_api_visualizers:/opt/ros/humble /usr/bin/cmake --install /home/autoware/aichallenge2023-integration-final-main/build/tier4_rtc_msgs
[6.075s] -- Install configuration: "Release"
[6.076s] -- Execute custom install script
[6.076s] -- Up-to-date symlink: /home/autoware/aichallenge2023-integration-final-main/install/tier4_rtc_msgs/share/ament_index/resource_index/rosidl_interfaces/tier4_rtc_msgs
[6.077s] -- Up-to-date symlink: /home/autoware/aichallenge2023-integration-final-main/install/tier4_rtc_msgs/include/tier4_rtc_msgs/tier4_rtc_msgs/msg/auto_mode_status.h
[6.077s] -- Up-to-date symlink: /home/autoware/aichallenge2023-integration-final-main/install/tier4_rtc_msgs/include/tier4_rtc_msgs/tier4_rtc_msgs/msg/auto_mode_status_array.h
[6.077s] -- Up-to-date symlink: /home/autoware/aichallenge2023-integration-final-main/install/tier4_rtc_msgs/include/tier4_rtc_msgs/tier4_rtc_msgs/msg/command.h
[6.077s] -- Up-to-date symlink: /home/autoware/aichallenge2023-integration-final-main/install/tier4_rtc_msgs/include/tier4_rtc_msgs/tier4_rtc_msgs/msg/cooperate_command.h
[6.077s] -- Up-to-date symlink: /home/autoware/aichallenge2023-integration-final-main/install/tier4_rtc_msgs/include/tier4_rtc_msgs/tier4_rtc_msgs/msg/cooperate_response.h
[6.077s] -- Up-to-date symlink: /home/autoware/aichallenge2023-integration-final-main/install/tier4_rtc_msgs/include/tier4_rtc_msgs/tier4_rtc_msgs/msg/cooperate_status.h
[6.077s] -- Up-to-date symlink: /home/autoware/aichallenge2023-integration-final-main/install/tier4_rtc_msgs/include/tier4_rtc_msgs/tier4_rtc_msgs/msg/cooperate_status_array.h
[6.078s] -- Up-to-date symlink: /home/autoware/aichallenge2023-integration-final-main/install/tier4_rtc_msgs/include/tier4_rtc_msgs/tier4_rtc_msgs/msg/detail/auto_mode_status__functions.h
[6.078s] -- Up-to-date symlink: /home/autoware/aichallenge2023-integration-final-main/install/tier4_rtc_msgs/include/tier4_rtc_msgs/tier4_rtc_msgs/msg/detail/auto_mode_status__struct.h
[6.078s] -- Up-to-date symlink: /home/autoware/aichallenge2023-integration-final-main/install/tier4_rtc_msgs/include/tier4_rtc_msgs/tier4_rtc_msgs/msg/detail/auto_mode_status__type_support.h
[6.078s] -- Up-to-date symlink: /home/autoware/aichallenge2023-integration-final-main/install/tier4_rtc_msgs/include/tier4_rtc_msgs/tier4_rtc_msgs/msg/detail/auto_mode_status_array__functions.h
[6.078s] -- Up-to-date symlink: /home/autoware/aichallenge2023-integration-final-main/install/tier4_rtc_msgs/include/tier4_rtc_msgs/tier4_rtc_msgs/msg/detail/auto_mode_status_array__struct.h
[6.078s] -- Up-to-date symlink: /home/autoware/aichallenge2023-integration-final-main/install/tier4_rtc_msgs/include/tier4_rtc_msgs/tier4_rtc_msgs/msg/detail/auto_mode_status_array__type_support.h
[6.078s] -- Up-to-date symlink: /home/autoware/aichallenge2023-integration-final-main/install/tier4_rtc_msgs/include/tier4_rtc_msgs/tier4_rtc_msgs/msg/detail/command__functions.h
[6.078s] -- Up-to-date symlink: /home/autoware/aichallenge2023-integration-final-main/install/tier4_rtc_msgs/include/tier4_rtc_msgs/tier4_rtc_msgs/msg/detail/command__struct.h
[6.078s] -- Up-to-date symlink: /home/autoware/aichallenge2023-integration-final-main/install/tier4_rtc_msgs/include/tier4_rtc_msgs/tier4_rtc_msgs/msg/detail/command__type_support.h
[6.078s] -- Up-to-date symlink: /home/autoware/aichallenge2023-integration-final-main/install/tier4_rtc_msgs/include/tier4_rtc_msgs/tier4_rtc_msgs/msg/detail/cooperate_command__functions.h
[6.079s] -- Up-to-date symlink: /home/autoware/aichallenge2023-integration-final-main/install/tier4_rtc_msgs/include/tier4_rtc_msgs/tier4_rtc_msgs/msg/detail/cooperate_command__struct.h
[6.079s] -- Up-to-date symlink: /home/autoware/aichallenge2023-integration-final-main/install/tier4_rtc_msgs/include/tier4_rtc_msgs/tier4_rtc_msgs/msg/detail/cooperate_command__type_support.h
[6.079s] -- Up-to-date symlink: /home/autoware/aichallenge2023-integration-final-main/install/tier4_rtc_msgs/include/tier4_rtc_msgs/tier4_rtc_msgs/msg/detail/cooperate_response__functions.h
[6.079s] -- Up-to-date symlink: /home/autoware/aichallenge2023-integration-final-main/install/tier4_rtc_msgs/include/tier4_rtc_msgs/tier4_rtc_msgs/msg/detail/cooperate_response__struct.h
[6.079s] -- Up-to-date symlink: /home/autoware/aichallenge2023-integration-final-main/install/tier4_rtc_msgs/include/tier4_rtc_msgs/tier4_rtc_msgs/msg/detail/cooperate_response__type_support.h
[6.079s] -- Up-to-date symlink: /home/autoware/aichallenge2023-integration-final-main/install/tier4_rtc_msgs/include/tier4_rtc_msgs/tier4_rtc_msgs/msg/detail/cooperate_status__functions.h
[6.079s] -- Up-to-date symlink: /home/autoware/aichallenge2023-integration-final-main/install/tier4_rtc_msgs/include/tier4_rtc_msgs/tier4_rtc_msgs/msg/detail/cooperate_status__struct.h
[6.079s] -- Up-to-date symlink: /home/autoware/aichallenge2023-integration-final-main/install/tier4_rtc_msgs/include/tier4_rtc_msgs/tier4_rtc_msgs/msg/detail/cooperate_status__type_support.h
[6.080s] -- Up-to-date symlink: /home/autoware/aichallenge2023-integration-final-main/install/tier4_rtc_msgs/include/tier4_rtc_msgs/tier4_rtc_msgs/msg/detail/cooperate_status_array__functions.h
[6.080s] -- Up-to-date symlink: /home/autoware/aichallenge2023-integration-final-main/install/tier4_rtc_msgs/include/tier4_rtc_msgs/tier4_rtc_msgs/msg/detail/cooperate_status_array__struct.h
[6.080s] -- Up-to-date symlink: /home/autoware/aichallenge2023-integration-final-main/install/tier4_rtc_msgs/include/tier4_rtc_msgs/tier4_rtc_msgs/msg/detail/cooperate_status_array__type_support.h
[6.080s] -- Up-to-date symlink: /home/autoware/aichallenge2023-integration-final-main/install/tier4_rtc_msgs/include/tier4_rtc_msgs/tier4_rtc_msgs/msg/detail/module__functions.h
[6.080s] -- Up-to-date symlink: /home/autoware/aichallenge2023-integration-final-main/install/tier4_rtc_msgs/include/tier4_rtc_msgs/tier4_rtc_msgs/msg/detail/module__struct.h
[6.080s] -- Up-to-date symlink: /home/autoware/aichallenge2023-integration-final-main/install/tier4_rtc_msgs/include/tier4_rtc_msgs/tier4_rtc_msgs/msg/detail/module__type_support.h
[6.080s] -- Up-to-date symlink: /home/autoware/aichallenge2023-integration-final-main/install/tier4_rtc_msgs/include/tier4_rtc_msgs/tier4_rtc_msgs/msg/module.h
[6.080s] -- Up-to-date symlink: /home/autoware/aichallenge2023-integration-final-main/install/tier4_rtc_msgs/include/tier4_rtc_msgs/tier4_rtc_msgs/msg/rosidl_generator_c__visibility_control.h
[6.080s] -- Up-to-date symlink: /home/autoware/aichallenge2023-integration-final-main/install/tier4_rtc_msgs/include/tier4_rtc_msgs/tier4_rtc_msgs/srv/auto_mode.h
[6.081s] -- Up-to-date symlink: /home/autoware/aichallenge2023-integration-final-main/install/tier4_rtc_msgs/include/tier4_rtc_msgs/tier4_rtc_msgs/srv/auto_mode_with_module.h
[6.081s] -- Up-to-date symlink: /home/autoware/aichallenge2023-integration-final-main/install/tier4_rtc_msgs/include/tier4_rtc_msgs/tier4_rtc_msgs/srv/cooperate_commands.h
[6.081s] -- Up-to-date symlink: /home/autoware/aichallenge2023-integration-final-main/install/tier4_rtc_msgs/include/tier4_rtc_msgs/tier4_rtc_msgs/srv/detail/auto_mode__functions.h
[6.081s] -- Up-to-date symlink: /home/autoware/aichallenge2023-integration-final-main/install/tier4_rtc_msgs/include/tier4_rtc_msgs/tier4_rtc_msgs/srv/detail/auto_mode__struct.h
[6.081s] -- Up-to-date symlink: /home/autoware/aichallenge2023-integration-final-main/install/tier4_rtc_msgs/include/tier4_rtc_msgs/tier4_rtc_msgs/srv/detail/auto_mode__type_support.h
[6.081s] -- Up-to-date symlink: /home/autoware/aichallenge2023-integration-final-main/install/tier4_rtc_msgs/include/tier4_rtc_msgs/tier4_rtc_msgs/srv/detail/auto_mode_with_module__functions.h
[6.081s] -- Up-to-date symlink: /home/autoware/aichallenge2023-integration-final-main/install/tier4_rtc_msgs/include/tier4_rtc_msgs/tier4_rtc_msgs/srv/detail/auto_mode_with_module__struct.h
[6.081s] -- Up-to-date symlink: /home/autoware/aichallenge2023-integration-final-main/install/tier4_rtc_msgs/include/tier4_rtc_msgs/tier4_rtc_msgs/srv/detail/auto_mode_with_module__type_support.h
[6.081s] -- Up-to-date symlink: /home/autoware/aichallenge2023-integration-final-main/install/tier4_rtc_msgs/include/tier4_rtc_msgs/tier4_rtc_msgs/srv/detail/cooperate_commands__functions.h
[6.081s] -- Up-to-date symlink: /home/autoware/aichallenge2023-integration-final-main/install/tier4_rtc_msgs/include/tier4_rtc_msgs/tier4_rtc_msgs/srv/detail/cooperate_commands__struct.h
[6.081s] -- Up-to-date symlink: /home/autoware/aichallenge2023-integration-final-main/install/tier4_rtc_msgs/include/tier4_rtc_msgs/tier4_rtc_msgs/srv/detail/cooperate_commands__type_support.h
[6.082s] -- Up-to-date symlink: /home/autoware/aichallenge2023-integration-final-main/install/tier4_rtc_msgs/share/tier4_rtc_msgs/environment/library_path.sh
[6.082s] -- Up-to-date symlink: /home/autoware/aichallenge2023-integration-final-main/install/tier4_rtc_msgs/share/tier4_rtc_msgs/environment/library_path.dsv
[6.083s] -- Up-to-date symlink: /home/autoware/aichallenge2023-integration-final-main/install/tier4_rtc_msgs/include/tier4_rtc_msgs/tier4_rtc_msgs/msg/detail/auto_mode_status__rosidl_typesupport_fastrtps_c.h
[6.083s] -- Up-to-date symlink: /home/autoware/aichallenge2023-integration-final-main/install/tier4_rtc_msgs/include/tier4_rtc_msgs/tier4_rtc_msgs/msg/detail/auto_mode_status_array__rosidl_typesupport_fastrtps_c.h
[6.083s] -- Up-to-date symlink: /home/autoware/aichallenge2023-integration-final-main/install/tier4_rtc_msgs/include/tier4_rtc_msgs/tier4_rtc_msgs/msg/detail/command__rosidl_typesupport_fastrtps_c.h
[6.083s] -- Up-to-date symlink: /home/autoware/aichallenge2023-integration-final-main/install/tier4_rtc_msgs/include/tier4_rtc_msgs/tier4_rtc_msgs/msg/detail/cooperate_command__rosidl_typesupport_fastrtps_c.h
[6.084s] -- Up-to-date symlink: /home/autoware/aichallenge2023-integration-final-main/install/tier4_rtc_msgs/include/tier4_rtc_msgs/tier4_rtc_msgs/msg/detail/cooperate_response__rosidl_typesupport_fastrtps_c.h
[6.084s] -- Up-to-date symlink: /home/autoware/aichallenge2023-integration-final-main/install/tier4_rtc_msgs/include/tier4_rtc_msgs/tier4_rtc_msgs/msg/detail/cooperate_status__rosidl_typesupport_fastrtps_c.h
[6.084s] -- Up-to-date symlink: /home/autoware/aichallenge2023-integration-final-main/install/tier4_rtc_msgs/include/tier4_rtc_msgs/tier4_rtc_msgs/msg/detail/cooperate_status_array__rosidl_typesupport_fastrtps_c.h
[6.089s] -- Up-to-date symlink: /home/autoware/aichallenge2023-integration-final-main/install/tier4_rtc_msgs/include/tier4_rtc_msgs/tier4_rtc_msgs/msg/detail/module__rosidl_typesupport_fastrtps_c.h
[6.089s] -- Up-to-date symlink: /home/autoware/aichallenge2023-integration-final-main/install/tier4_rtc_msgs/include/tier4_rtc_msgs/tier4_rtc_msgs/msg/rosidl_typesupport_fastrtps_c__visibility_control.h
[6.089s] -- Up-to-date symlink: /home/autoware/aichallenge2023-integration-final-main/install/tier4_rtc_msgs/include/tier4_rtc_msgs/tier4_rtc_msgs/srv/detail/auto_mode__rosidl_typesupport_fastrtps_c.h
[6.089s] -- Up-to-date symlink: /home/autoware/aichallenge2023-integration-final-main/install/tier4_rtc_msgs/include/tier4_rtc_msgs/tier4_rtc_msgs/srv/detail/auto_mode_with_module__rosidl_typesupport_fastrtps_c.h
[6.090s] -- Up-to-date symlink: /home/autoware/aichallenge2023-integration-final-main/install/tier4_rtc_msgs/include/tier4_rtc_msgs/tier4_rtc_msgs/srv/detail/cooperate_commands__rosidl_typesupport_fastrtps_c.h
[6.090s] -- Up-to-date symlink: /home/autoware/aichallenge2023-integration-final-main/install/tier4_rtc_msgs/include/tier4_rtc_msgs/tier4_rtc_msgs/msg/detail/auto_mode_status__rosidl_typesupport_introspection_c.h
[6.090s] -- Up-to-date symlink: /home/autoware/aichallenge2023-integration-final-main/install/tier4_rtc_msgs/include/tier4_rtc_msgs/tier4_rtc_msgs/msg/detail/auto_mode_status_array__rosidl_typesupport_introspection_c.h
[6.090s] -- Up-to-date symlink: /home/autoware/aichallenge2023-integration-final-main/install/tier4_rtc_msgs/include/tier4_rtc_msgs/tier4_rtc_msgs/msg/detail/command__rosidl_typesupport_introspection_c.h
[6.090s] -- Up-to-date symlink: /home/autoware/aichallenge2023-integration-final-main/install/tier4_rtc_msgs/include/tier4_rtc_msgs/tier4_rtc_msgs/msg/detail/cooperate_command__rosidl_typesupport_introspection_c.h
[6.090s] -- Up-to-date symlink: /home/autoware/aichallenge2023-integration-final-main/install/tier4_rtc_msgs/include/tier4_rtc_msgs/tier4_rtc_msgs/msg/detail/cooperate_response__rosidl_typesupport_introspection_c.h
[6.090s] -- Up-to-date symlink: /home/autoware/aichallenge2023-integration-final-main/install/tier4_rtc_msgs/include/tier4_rtc_msgs/tier4_rtc_msgs/msg/detail/cooperate_status__rosidl_typesupport_introspection_c.h
[6.090s] -- Up-to-date symlink: /home/autoware/aichallenge2023-integration-final-main/install/tier4_rtc_msgs/include/tier4_rtc_msgs/tier4_rtc_msgs/msg/detail/cooperate_status_array__rosidl_typesupport_introspection_c.h
[6.090s] -- Up-to-date symlink: /home/autoware/aichallenge2023-integration-final-main/install/tier4_rtc_msgs/include/tier4_rtc_msgs/tier4_rtc_msgs/msg/detail/module__rosidl_typesupport_introspection_c.h
[6.090s] -- Up-to-date symlink: /home/autoware/aichallenge2023-integration-final-main/install/tier4_rtc_msgs/include/tier4_rtc_msgs/tier4_rtc_msgs/msg/rosidl_typesupport_introspection_c__visibility_control.h
[6.091s] -- Up-to-date symlink: /home/autoware/aichallenge2023-integration-final-main/install/tier4_rtc_msgs/include/tier4_rtc_msgs/tier4_rtc_msgs/srv/detail/auto_mode__rosidl_typesupport_introspection_c.h
[6.091s] -- Up-to-date symlink: /home/autoware/aichallenge2023-integration-final-main/install/tier4_rtc_msgs/include/tier4_rtc_msgs/tier4_rtc_msgs/srv/detail/auto_mode_with_module__rosidl_typesupport_introspection_c.h
[6.091s] -- Up-to-date symlink: /home/autoware/aichallenge2023-integration-final-main/install/tier4_rtc_msgs/include/tier4_rtc_msgs/tier4_rtc_msgs/srv/detail/cooperate_commands__rosidl_typesupport_introspection_c.h
[6.091s] -- Up-to-date symlink: /home/autoware/aichallenge2023-integration-final-main/install/tier4_rtc_msgs/include/tier4_rtc_msgs/tier4_rtc_msgs/msg/auto_mode_status.hpp
[6.091s] -- Up-to-date symlink: /home/autoware/aichallenge2023-integration-final-main/install/tier4_rtc_msgs/include/tier4_rtc_msgs/tier4_rtc_msgs/msg/auto_mode_status_array.hpp
[6.091s] -- Up-to-date symlink: /home/autoware/aichallenge2023-integration-final-main/install/tier4_rtc_msgs/include/tier4_rtc_msgs/tier4_rtc_msgs/msg/command.hpp
[6.091s] -- Up-to-date symlink: /home/autoware/aichallenge2023-integration-final-main/install/tier4_rtc_msgs/include/tier4_rtc_msgs/tier4_rtc_msgs/msg/cooperate_command.hpp
[6.091s] -- Up-to-date symlink: /home/autoware/aichallenge2023-integration-final-main/install/tier4_rtc_msgs/include/tier4_rtc_msgs/tier4_rtc_msgs/msg/cooperate_response.hpp
[6.091s] -- Up-to-date symlink: /home/autoware/aichallenge2023-integration-final-main/install/tier4_rtc_msgs/include/tier4_rtc_msgs/tier4_rtc_msgs/msg/cooperate_status.hpp
[6.091s] -- Up-to-date symlink: /home/autoware/aichallenge2023-integration-final-main/install/tier4_rtc_msgs/include/tier4_rtc_msgs/tier4_rtc_msgs/msg/cooperate_status_array.hpp
[6.091s] -- Up-to-date symlink: /home/autoware/aichallenge2023-integration-final-main/install/tier4_rtc_msgs/include/tier4_rtc_msgs/tier4_rtc_msgs/msg/detail/auto_mode_status__builder.hpp
[6.091s] -- Up-to-date symlink: /home/autoware/aichallenge2023-integration-final-main/install/tier4_rtc_msgs/include/tier4_rtc_msgs/tier4_rtc_msgs/msg/detail/auto_mode_status__struct.hpp
[6.091s] -- Up-to-date symlink: /home/autoware/aichallenge2023-integration-final-main/install/tier4_rtc_msgs/include/tier4_rtc_msgs/tier4_rtc_msgs/msg/detail/auto_mode_status__traits.hpp
[6.091s] -- Up-to-date symlink: /home/autoware/aichallenge2023-integration-final-main/install/tier4_rtc_msgs/include/tier4_rtc_msgs/tier4_rtc_msgs/msg/detail/auto_mode_status_array__builder.hpp
[6.092s] -- Up-to-date symlink: /home/autoware/aichallenge2023-integration-final-main/install/tier4_rtc_msgs/include/tier4_rtc_msgs/tier4_rtc_msgs/msg/detail/auto_mode_status_array__struct.hpp
[6.092s] -- Up-to-date symlink: /home/autoware/aichallenge2023-integration-final-main/install/tier4_rtc_msgs/include/tier4_rtc_msgs/tier4_rtc_msgs/msg/detail/auto_mode_status_array__traits.hpp
[6.092s] -- Up-to-date symlink: /home/autoware/aichallenge2023-integration-final-main/install/tier4_rtc_msgs/include/tier4_rtc_msgs/tier4_rtc_msgs/msg/detail/command__builder.hpp
[6.092s] -- Up-to-date symlink: /home/autoware/aichallenge2023-integration-final-main/install/tier4_rtc_msgs/include/tier4_rtc_msgs/tier4_rtc_msgs/msg/detail/command__struct.hpp
[6.092s] -- Up-to-date symlink: /home/autoware/aichallenge2023-integration-final-main/install/tier4_rtc_msgs/include/tier4_rtc_msgs/tier4_rtc_msgs/msg/detail/command__traits.hpp
[6.092s] -- Up-to-date symlink: /home/autoware/aichallenge2023-integration-final-main/install/tier4_rtc_msgs/include/tier4_rtc_msgs/tier4_rtc_msgs/msg/detail/cooperate_command__builder.hpp
[6.092s] -- Up-to-date symlink: /home/autoware/aichallenge2023-integration-final-main/install/tier4_rtc_msgs/include/tier4_rtc_msgs/tier4_rtc_msgs/msg/detail/cooperate_command__struct.hpp
[6.092s] -- Up-to-date symlink: /home/autoware/aichallenge2023-integration-final-main/install/tier4_rtc_msgs/include/tier4_rtc_msgs/tier4_rtc_msgs/msg/detail/cooperate_command__traits.hpp
[6.092s] -- Up-to-date symlink: /home/autoware/aichallenge2023-integration-final-main/install/tier4_rtc_msgs/include/tier4_rtc_msgs/tier4_rtc_msgs/msg/detail/cooperate_response__builder.hpp
[6.092s] -- Up-to-date symlink: /home/autoware/aichallenge2023-integration-final-main/install/tier4_rtc_msgs/include/tier4_rtc_msgs/tier4_rtc_msgs/msg/detail/cooperate_response__struct.hpp
[6.092s] -- Up-to-date symlink: /home/autoware/aichallenge2023-integration-final-main/install/tier4_rtc_msgs/include/tier4_rtc_msgs/tier4_rtc_msgs/msg/detail/cooperate_response__traits.hpp
[6.092s] -- Up-to-date symlink: /home/autoware/aichallenge2023-integration-final-main/install/tier4_rtc_msgs/include/tier4_rtc_msgs/tier4_rtc_msgs/msg/detail/cooperate_status__builder.hpp
[6.092s] -- Up-to-date symlink: /home/autoware/aichallenge2023-integration-final-main/install/tier4_rtc_msgs/include/tier4_rtc_msgs/tier4_rtc_msgs/msg/detail/cooperate_status__struct.hpp
[6.092s] -- Up-to-date symlink: /home/autoware/aichallenge2023-integration-final-main/install/tier4_rtc_msgs/include/tier4_rtc_msgs/tier4_rtc_msgs/msg/detail/cooperate_status__traits.hpp
[6.094s] -- Up-to-date symlink: /home/autoware/aichallenge2023-integration-final-main/install/tier4_rtc_msgs/include/tier4_rtc_msgs/tier4_rtc_msgs/msg/detail/cooperate_status_array__builder.hpp
[6.094s] -- Up-to-date symlink: /home/autoware/aichallenge2023-integration-final-main/install/tier4_rtc_msgs/include/tier4_rtc_msgs/tier4_rtc_msgs/msg/detail/cooperate_status_array__struct.hpp
[6.095s] -- Up-to-date symlink: /home/autoware/aichallenge2023-integration-final-main/install/tier4_rtc_msgs/include/tier4_rtc_msgs/tier4_rtc_msgs/msg/detail/cooperate_status_array__traits.hpp
[6.095s] -- Up-to-date symlink: /home/autoware/aichallenge2023-integration-final-main/install/tier4_rtc_msgs/include/tier4_rtc_msgs/tier4_rtc_msgs/msg/detail/module__builder.hpp
[6.095s] -- Up-to-date symlink: /home/autoware/aichallenge2023-integration-final-main/install/tier4_rtc_msgs/include/tier4_rtc_msgs/tier4_rtc_msgs/msg/detail/module__struct.hpp
[6.095s] -- Up-to-date symlink: /home/autoware/aichallenge2023-integration-final-main/install/tier4_rtc_msgs/include/tier4_rtc_msgs/tier4_rtc_msgs/msg/detail/module__traits.hpp
[6.095s] -- Up-to-date symlink: /home/autoware/aichallenge2023-integration-final-main/install/tier4_rtc_msgs/include/tier4_rtc_msgs/tier4_rtc_msgs/msg/module.hpp
[6.095s] -- Up-to-date symlink: /home/autoware/aichallenge2023-integration-final-main/install/tier4_rtc_msgs/include/tier4_rtc_msgs/tier4_rtc_msgs/srv/auto_mode.hpp
[6.095s] -- Up-to-date symlink: /home/autoware/aichallenge2023-integration-final-main/install/tier4_rtc_msgs/include/tier4_rtc_msgs/tier4_rtc_msgs/srv/auto_mode_with_module.hpp
[6.095s] -- Up-to-date symlink: /home/autoware/aichallenge2023-integration-final-main/install/tier4_rtc_msgs/include/tier4_rtc_msgs/tier4_rtc_msgs/srv/cooperate_commands.hpp
[6.095s] -- Up-to-date symlink: /home/autoware/aichallenge2023-integration-final-main/install/tier4_rtc_msgs/include/tier4_rtc_msgs/tier4_rtc_msgs/srv/detail/auto_mode__builder.hpp
[6.095s] -- Up-to-date symlink: /home/autoware/aichallenge2023-integration-final-main/install/tier4_rtc_msgs/include/tier4_rtc_msgs/tier4_rtc_msgs/srv/detail/auto_mode__struct.hpp
[6.096s] -- Up-to-date symlink: /home/autoware/aichallenge2023-integration-final-main/install/tier4_rtc_msgs/include/tier4_rtc_msgs/tier4_rtc_msgs/srv/detail/auto_mode__traits.hpp
[6.096s] -- Up-to-date symlink: /home/autoware/aichallenge2023-integration-final-main/install/tier4_rtc_msgs/include/tier4_rtc_msgs/tier4_rtc_msgs/srv/detail/auto_mode_with_module__builder.hpp
[6.096s] -- Up-to-date symlink: /home/autoware/aichallenge2023-integration-final-main/install/tier4_rtc_msgs/include/tier4_rtc_msgs/tier4_rtc_msgs/srv/detail/auto_mode_with_module__struct.hpp
[6.096s] -- Up-to-date symlink: /home/autoware/aichallenge2023-integration-final-main/install/tier4_rtc_msgs/include/tier4_rtc_msgs/tier4_rtc_msgs/srv/detail/auto_mode_with_module__traits.hpp
[6.096s] -- Up-to-date symlink: /home/autoware/aichallenge2023-integration-final-main/install/tier4_rtc_msgs/include/tier4_rtc_msgs/tier4_rtc_msgs/srv/detail/cooperate_commands__builder.hpp
[6.096s] -- Up-to-date symlink: /home/autoware/aichallenge2023-integration-final-main/install/tier4_rtc_msgs/include/tier4_rtc_msgs/tier4_rtc_msgs/srv/detail/cooperate_commands__struct.hpp
[6.096s] -- Up-to-date symlink: /home/autoware/aichallenge2023-integration-final-main/install/tier4_rtc_msgs/include/tier4_rtc_msgs/tier4_rtc_msgs/srv/detail/cooperate_commands__traits.hpp
[6.096s] -- Up-to-date symlink: /home/autoware/aichallenge2023-integration-final-main/install/tier4_rtc_msgs/include/tier4_rtc_msgs/tier4_rtc_msgs/msg/detail/auto_mode_status__rosidl_typesupport_fastrtps_cpp.hpp
[6.096s] -- Up-to-date symlink: /home/autoware/aichallenge2023-integration-final-main/install/tier4_rtc_msgs/include/tier4_rtc_msgs/tier4_rtc_msgs/msg/detail/auto_mode_status_array__rosidl_typesupport_fastrtps_cpp.hpp
[6.096s] -- Up-to-date symlink: /home/autoware/aichallenge2023-integration-final-main/install/tier4_rtc_msgs/include/tier4_rtc_msgs/tier4_rtc_msgs/msg/detail/command__rosidl_typesupport_fastrtps_cpp.hpp
[6.096s] -- Up-to-date symlink: /home/autoware/aichallenge2023-integration-final-main/install/tier4_rtc_msgs/include/tier4_rtc_msgs/tier4_rtc_msgs/msg/detail/cooperate_command__rosidl_typesupport_fastrtps_cpp.hpp
[6.096s] -- Up-to-date symlink: /home/autoware/aichallenge2023-integration-final-main/install/tier4_rtc_msgs/include/tier4_rtc_msgs/tier4_rtc_msgs/msg/detail/cooperate_response__rosidl_typesupport_fastrtps_cpp.hpp
[6.097s] -- Up-to-date symlink: /home/autoware/aichallenge2023-integration-final-main/install/tier4_rtc_msgs/include/tier4_rtc_msgs/tier4_rtc_msgs/msg/detail/cooperate_status__rosidl_typesupport_fastrtps_cpp.hpp
[6.097s] -- Up-to-date symlink: /home/autoware/aichallenge2023-integration-final-main/install/tier4_rtc_msgs/include/tier4_rtc_msgs/tier4_rtc_msgs/msg/detail/cooperate_status_array__rosidl_typesupport_fastrtps_cpp.hpp
[6.097s] -- Up-to-date symlink: /home/autoware/aichallenge2023-integration-final-main/install/tier4_rtc_msgs/include/tier4_rtc_msgs/tier4_rtc_msgs/msg/detail/module__rosidl_typesupport_fastrtps_cpp.hpp
[6.097s] -- Up-to-date symlink: /home/autoware/aichallenge2023-integration-final-main/install/tier4_rtc_msgs/include/tier4_rtc_msgs/tier4_rtc_msgs/msg/rosidl_typesupport_fastrtps_cpp__visibility_control.h
[6.097s] -- Up-to-date symlink: /home/autoware/aichallenge2023-integration-final-main/install/tier4_rtc_msgs/include/tier4_rtc_msgs/tier4_rtc_msgs/srv/detail/auto_mode__rosidl_typesupport_fastrtps_cpp.hpp
[6.097s] -- Up-to-date symlink: /home/autoware/aichallenge2023-integration-final-main/install/tier4_rtc_msgs/include/tier4_rtc_msgs/tier4_rtc_msgs/srv/detail/auto_mode_with_module__rosidl_typesupport_fastrtps_cpp.hpp
[6.106s] -- Up-to-date symlink: /home/autoware/aichallenge2023-integration-final-main/install/tier4_rtc_msgs/include/tier4_rtc_msgs/tier4_rtc_msgs/srv/detail/cooperate_commands__rosidl_typesupport_fastrtps_cpp.hpp
[6.106s] -- Up-to-date symlink: /home/autoware/aichallenge2023-integration-final-main/install/tier4_rtc_msgs/include/tier4_rtc_msgs/tier4_rtc_msgs/msg/detail/auto_mode_status__rosidl_typesupport_introspection_cpp.hpp
[6.106s] -- Up-to-date symlink: /home/autoware/aichallenge2023-integration-final-main/install/tier4_rtc_msgs/include/tier4_rtc_msgs/tier4_rtc_msgs/msg/detail/auto_mode_status_array__rosidl_typesupport_introspection_cpp.hpp
[6.106s] -- Up-to-date symlink: /home/autoware/aichallenge2023-integration-final-main/install/tier4_rtc_msgs/include/tier4_rtc_msgs/tier4_rtc_msgs/msg/detail/command__rosidl_typesupport_introspection_cpp.hpp
[6.106s] -- Up-to-date symlink: /home/autoware/aichallenge2023-integration-final-main/install/tier4_rtc_msgs/include/tier4_rtc_msgs/tier4_rtc_msgs/msg/detail/cooperate_command__rosidl_typesupport_introspection_cpp.hpp
[6.106s] -- Up-to-date symlink: /home/autoware/aichallenge2023-integration-final-main/install/tier4_rtc_msgs/include/tier4_rtc_msgs/tier4_rtc_msgs/msg/detail/cooperate_response__rosidl_typesupport_introspection_cpp.hpp
[6.107s] -- Up-to-date symlink: /home/autoware/aichallenge2023-integration-final-main/install/tier4_rtc_msgs/include/tier4_rtc_msgs/tier4_rtc_msgs/msg/detail/cooperate_status__rosidl_typesupport_introspection_cpp.hpp
[6.107s] -- Up-to-date symlink: /home/autoware/aichallenge2023-integration-final-main/install/tier4_rtc_msgs/include/tier4_rtc_msgs/tier4_rtc_msgs/msg/detail/cooperate_status_array__rosidl_typesupport_introspection_cpp.hpp
[6.107s] -- Up-to-date symlink: /home/autoware/aichallenge2023-integration-final-main/install/tier4_rtc_msgs/include/tier4_rtc_msgs/tier4_rtc_msgs/msg/detail/module__rosidl_typesupport_introspection_cpp.hpp
[6.107s] -- Up-to-date symlink: /home/autoware/aichallenge2023-integration-final-main/install/tier4_rtc_msgs/include/tier4_rtc_msgs/tier4_rtc_msgs/srv/detail/auto_mode__rosidl_typesupport_introspection_cpp.hpp
[6.107s] -- Up-to-date symlink: /home/autoware/aichallenge2023-integration-final-main/install/tier4_rtc_msgs/include/tier4_rtc_msgs/tier4_rtc_msgs/srv/detail/auto_mode_with_module__rosidl_typesupport_introspection_cpp.hpp
[6.107s] -- Up-to-date symlink: /home/autoware/aichallenge2023-integration-final-main/install/tier4_rtc_msgs/include/tier4_rtc_msgs/tier4_rtc_msgs/srv/detail/cooperate_commands__rosidl_typesupport_introspection_cpp.hpp
[6.107s] -- Up-to-date symlink: /home/autoware/aichallenge2023-integration-final-main/install/tier4_rtc_msgs/share/tier4_rtc_msgs/environment/pythonpath.sh
[6.107s] -- Up-to-date symlink: /home/autoware/aichallenge2023-integration-final-main/install/tier4_rtc_msgs/share/tier4_rtc_msgs/environment/pythonpath.dsv
[6.107s] -- Up-to-date symlink: /home/autoware/aichallenge2023-integration-final-main/install/tier4_rtc_msgs/local/lib/python3.10/dist-packages/tier4_rtc_msgs-0.1.0-py3.10.egg-info/PKG-INFO
[6.107s] -- Up-to-date symlink: /home/autoware/aichallenge2023-integration-final-main/install/tier4_rtc_msgs/local/lib/python3.10/dist-packages/tier4_rtc_msgs-0.1.0-py3.10.egg-info/SOURCES.txt
[6.107s] -- Up-to-date symlink: /home/autoware/aichallenge2023-integration-final-main/install/tier4_rtc_msgs/local/lib/python3.10/dist-packages/tier4_rtc_msgs-0.1.0-py3.10.egg-info/dependency_links.txt
[6.107s] -- Up-to-date symlink: /home/autoware/aichallenge2023-integration-final-main/install/tier4_rtc_msgs/local/lib/python3.10/dist-packages/tier4_rtc_msgs-0.1.0-py3.10.egg-info/top_level.txt
[6.108s] -- Up-to-date symlink: /home/autoware/aichallenge2023-integration-final-main/install/tier4_rtc_msgs/local/lib/python3.10/dist-packages/tier4_rtc_msgs/__init__.py
[6.108s] -- Up-to-date symlink: /home/autoware/aichallenge2023-integration-final-main/install/tier4_rtc_msgs/local/lib/python3.10/dist-packages/tier4_rtc_msgs/_tier4_rtc_msgs_s.ep.rosidl_typesupport_c.c
[6.108s] -- Up-to-date symlink: /home/autoware/aichallenge2023-integration-final-main/install/tier4_rtc_msgs/local/lib/python3.10/dist-packages/tier4_rtc_msgs/_tier4_rtc_msgs_s.ep.rosidl_typesupport_fastrtps_c.c
[6.108s] -- Up-to-date symlink: /home/autoware/aichallenge2023-integration-final-main/install/tier4_rtc_msgs/local/lib/python3.10/dist-packages/tier4_rtc_msgs/_tier4_rtc_msgs_s.ep.rosidl_typesupport_introspection_c.c
[6.108s] -- Up-to-date symlink: /home/autoware/aichallenge2023-integration-final-main/install/tier4_rtc_msgs/local/lib/python3.10/dist-packages/tier4_rtc_msgs/libtier4_rtc_msgs__rosidl_generator_py.so
[6.108s] -- Up-to-date symlink: /home/autoware/aichallenge2023-integration-final-main/install/tier4_rtc_msgs/local/lib/python3.10/dist-packages/tier4_rtc_msgs/msg/__init__.py
[6.108s] -- Up-to-date symlink: /home/autoware/aichallenge2023-integration-final-main/install/tier4_rtc_msgs/local/lib/python3.10/dist-packages/tier4_rtc_msgs/msg/_auto_mode_status.py
[6.108s] -- Up-to-date symlink: /home/autoware/aichallenge2023-integration-final-main/install/tier4_rtc_msgs/local/lib/python3.10/dist-packages/tier4_rtc_msgs/msg/_auto_mode_status_array.py
[6.108s] -- Up-to-date symlink: /home/autoware/aichallenge2023-integration-final-main/install/tier4_rtc_msgs/local/lib/python3.10/dist-packages/tier4_rtc_msgs/msg/_auto_mode_status_array_s.c
[6.108s] -- Up-to-date symlink: /home/autoware/aichallenge2023-integration-final-main/install/tier4_rtc_msgs/local/lib/python3.10/dist-packages/tier4_rtc_msgs/msg/_auto_mode_status_s.c
[6.108s] -- Up-to-date symlink: /home/autoware/aichallenge2023-integration-final-main/install/tier4_rtc_msgs/local/lib/python3.10/dist-packages/tier4_rtc_msgs/msg/_command.py
[6.108s] -- Up-to-date symlink: /home/autoware/aichallenge2023-integration-final-main/install/tier4_rtc_msgs/local/lib/python3.10/dist-packages/tier4_rtc_msgs/msg/_command_s.c
[6.108s] -- Up-to-date symlink: /home/autoware/aichallenge2023-integration-final-main/install/tier4_rtc_msgs/local/lib/python3.10/dist-packages/tier4_rtc_msgs/msg/_cooperate_command.py
[6.109s] -- Up-to-date symlink: /home/autoware/aichallenge2023-integration-final-main/install/tier4_rtc_msgs/local/lib/python3.10/dist-packages/tier4_rtc_msgs/msg/_cooperate_command_s.c
[6.109s] -- Up-to-date symlink: /home/autoware/aichallenge2023-integration-final-main/install/tier4_rtc_msgs/local/lib/python3.10/dist-packages/tier4_rtc_msgs/msg/_cooperate_response.py
[6.109s] -- Up-to-date symlink: /home/autoware/aichallenge2023-integration-final-main/install/tier4_rtc_msgs/local/lib/python3.10/dist-packages/tier4_rtc_msgs/msg/_cooperate_response_s.c
[6.109s] -- Up-to-date symlink: /home/autoware/aichallenge2023-integration-final-main/install/tier4_rtc_msgs/local/lib/python3.10/dist-packages/tier4_rtc_msgs/msg/_cooperate_status.py
[6.109s] -- Up-to-date symlink: /home/autoware/aichallenge2023-integration-final-main/install/tier4_rtc_msgs/local/lib/python3.10/dist-packages/tier4_rtc_msgs/msg/_cooperate_status_array.py
[6.109s] -- Up-to-date symlink: /home/autoware/aichallenge2023-integration-final-main/install/tier4_rtc_msgs/local/lib/python3.10/dist-packages/tier4_rtc_msgs/msg/_cooperate_status_array_s.c
[6.109s] -- Up-to-date symlink: /home/autoware/aichallenge2023-integration-final-main/install/tier4_rtc_msgs/local/lib/python3.10/dist-packages/tier4_rtc_msgs/msg/_cooperate_status_s.c
[6.109s] -- Up-to-date symlink: /home/autoware/aichallenge2023-integration-final-main/install/tier4_rtc_msgs/local/lib/python3.10/dist-packages/tier4_rtc_msgs/msg/_module.py
[6.109s] -- Up-to-date symlink: /home/autoware/aichallenge2023-integration-final-main/install/tier4_rtc_msgs/local/lib/python3.10/dist-packages/tier4_rtc_msgs/msg/_module_s.c
[6.109s] -- Up-to-date symlink: /home/autoware/aichallenge2023-integration-final-main/install/tier4_rtc_msgs/local/lib/python3.10/dist-packages/tier4_rtc_msgs/srv/__init__.py
[6.109s] -- Up-to-date symlink: /home/autoware/aichallenge2023-integration-final-main/install/tier4_rtc_msgs/local/lib/python3.10/dist-packages/tier4_rtc_msgs/srv/_auto_mode.py
[6.109s] -- Up-to-date symlink: /home/autoware/aichallenge2023-integration-final-main/install/tier4_rtc_msgs/local/lib/python3.10/dist-packages/tier4_rtc_msgs/srv/_auto_mode_s.c
[6.109s] -- Up-to-date symlink: /home/autoware/aichallenge2023-integration-final-main/install/tier4_rtc_msgs/local/lib/python3.10/dist-packages/tier4_rtc_msgs/srv/_auto_mode_with_module.py
[6.109s] -- Up-to-date symlink: /home/autoware/aichallenge2023-integration-final-main/install/tier4_rtc_msgs/local/lib/python3.10/dist-packages/tier4_rtc_msgs/srv/_auto_mode_with_module_s.c
[6.110s] -- Up-to-date symlink: /home/autoware/aichallenge2023-integration-final-main/install/tier4_rtc_msgs/local/lib/python3.10/dist-packages/tier4_rtc_msgs/srv/_cooperate_commands.py
[6.110s] -- Up-to-date symlink: /home/autoware/aichallenge2023-integration-final-main/install/tier4_rtc_msgs/local/lib/python3.10/dist-packages/tier4_rtc_msgs/srv/_cooperate_commands_s.c
[6.110s] -- Up-to-date symlink: /home/autoware/aichallenge2023-integration-final-main/install/tier4_rtc_msgs/local/lib/python3.10/dist-packages/tier4_rtc_msgs/tier4_rtc_msgs_s__rosidl_typesupport_c.cpython-310-x86_64-linux-gnu.so
[6.110s] -- Up-to-date symlink: /home/autoware/aichallenge2023-integration-final-main/install/tier4_rtc_msgs/local/lib/python3.10/dist-packages/tier4_rtc_msgs/tier4_rtc_msgs_s__rosidl_typesupport_fastrtps_c.cpython-310-x86_64-linux-gnu.so
[6.110s] -- Up-to-date symlink: /home/autoware/aichallenge2023-integration-final-main/install/tier4_rtc_msgs/local/lib/python3.10/dist-packages/tier4_rtc_msgs/tier4_rtc_msgs_s__rosidl_typesupport_introspection_c.cpython-310-x86_64-linux-gnu.so
[6.110s] -- Up-to-date symlink: /home/autoware/aichallenge2023-integration-final-main/install/tier4_rtc_msgs/local/lib/python3.10/dist-packages/tier4_rtc_msgs/tier4_rtc_msgs_s__rosidl_typesupport_fastrtps_c.cpython-310-x86_64-linux-gnu.so
[6.110s] -- Up-to-date symlink: /home/autoware/aichallenge2023-integration-final-main/install/tier4_rtc_msgs/local/lib/python3.10/dist-packages/tier4_rtc_msgs/tier4_rtc_msgs_s__rosidl_typesupport_introspection_c.cpython-310-x86_64-linux-gnu.so
[6.110s] -- Up-to-date symlink: /home/autoware/aichallenge2023-integration-final-main/install/tier4_rtc_msgs/local/lib/python3.10/dist-packages/tier4_rtc_msgs/tier4_rtc_msgs_s__rosidl_typesupport_c.cpython-310-x86_64-linux-gnu.so
[6.110s] -- Up-to-date symlink: /home/autoware/aichallenge2023-integration-final-main/install/tier4_rtc_msgs/share/tier4_rtc_msgs/msg/Command.idl
[6.110s] -- Up-to-date symlink: /home/autoware/aichallenge2023-integration-final-main/install/tier4_rtc_msgs/share/tier4_rtc_msgs/msg/CooperateCommand.idl
[6.110s] -- Up-to-date symlink: /home/autoware/aichallenge2023-integration-final-main/install/tier4_rtc_msgs/share/tier4_rtc_msgs/msg/CooperateResponse.idl
[6.110s] -- Up-to-date symlink: /home/autoware/aichallenge2023-integration-final-main/install/tier4_rtc_msgs/share/tier4_rtc_msgs/msg/CooperateStatus.idl
[6.110s] -- Up-to-date symlink: /home/autoware/aichallenge2023-integration-final-main/install/tier4_rtc_msgs/share/tier4_rtc_msgs/msg/CooperateStatusArray.idl
[6.110s] -- Up-to-date symlink: /home/autoware/aichallenge2023-integration-final-main/install/tier4_rtc_msgs/share/tier4_rtc_msgs/msg/AutoModeStatus.idl
[6.111s] -- Up-to-date symlink: /home/autoware/aichallenge2023-integration-final-main/install/tier4_rtc_msgs/share/tier4_rtc_msgs/msg/AutoModeStatusArray.idl
[6.111s] -- Up-to-date symlink: /home/autoware/aichallenge2023-integration-final-main/install/tier4_rtc_msgs/share/tier4_rtc_msgs/msg/Module.idl
[6.111s] -- Up-to-date symlink: /home/autoware/aichallenge2023-integration-final-main/install/tier4_rtc_msgs/share/tier4_rtc_msgs/srv/AutoMode.idl
[6.111s] -- Up-to-date symlink: /home/autoware/aichallenge2023-integration-final-main/install/tier4_rtc_msgs/share/tier4_rtc_msgs/srv/AutoModeWithModule.idl
[6.111s] -- Up-to-date symlink: /home/autoware/aichallenge2023-integration-final-main/install/tier4_rtc_msgs/share/tier4_rtc_msgs/srv/CooperateCommands.idl
[6.111s] -- Up-to-date symlink: /home/autoware/aichallenge2023-integration-final-main/install/tier4_rtc_msgs/share/tier4_rtc_msgs/msg/Command.msg
[6.111s] -- Up-to-date symlink: /home/autoware/aichallenge2023-integration-final-main/install/tier4_rtc_msgs/share/tier4_rtc_msgs/msg/CooperateCommand.msg
[6.111s] -- Up-to-date symlink: /home/autoware/aichallenge2023-integration-final-main/install/tier4_rtc_msgs/share/tier4_rtc_msgs/msg/CooperateResponse.msg
[6.111s] -- Up-to-date symlink: /home/autoware/aichallenge2023-integration-final-main/install/tier4_rtc_msgs/share/tier4_rtc_msgs/msg/CooperateStatus.msg
[6.111s] -- Up-to-date symlink: /home/autoware/aichallenge2023-integration-final-main/install/tier4_rtc_msgs/share/tier4_rtc_msgs/msg/CooperateStatusArray.msg
[6.111s] -- Up-to-date symlink: /home/autoware/aichallenge2023-integration-final-main/install/tier4_rtc_msgs/share/tier4_rtc_msgs/msg/AutoModeStatus.msg
[6.111s] -- Up-to-date symlink: /home/autoware/aichallenge2023-integration-final-main/install/tier4_rtc_msgs/share/tier4_rtc_msgs/msg/AutoModeStatusArray.msg
[6.112s] -- Up-to-date symlink: /home/autoware/aichallenge2023-integration-final-main/install/tier4_rtc_msgs/share/tier4_rtc_msgs/msg/Module.msg
[6.112s] -- Up-to-date symlink: /home/autoware/aichallenge2023-integration-final-main/install/tier4_rtc_msgs/share/tier4_rtc_msgs/srv/AutoMode.srv
[6.112s] -- Up-to-date symlink: /home/autoware/aichallenge2023-integration-final-main/install/tier4_rtc_msgs/share/tier4_rtc_msgs/srv/AutoMode_Request.msg
[6.112s] -- Up-to-date symlink: /home/autoware/aichallenge2023-integration-final-main/install/tier4_rtc_msgs/share/tier4_rtc_msgs/srv/AutoMode_Response.msg
[6.112s] -- Up-to-date symlink: /home/autoware/aichallenge2023-integration-final-main/install/tier4_rtc_msgs/share/tier4_rtc_msgs/srv/AutoModeWithModule.srv
[6.112s] -- Up-to-date symlink: /home/autoware/aichallenge2023-integration-final-main/install/tier4_rtc_msgs/share/tier4_rtc_msgs/srv/AutoModeWithModule_Request.msg
[6.112s] -- Up-to-date symlink: /home/autoware/aichallenge2023-integration-final-main/install/tier4_rtc_msgs/share/tier4_rtc_msgs/srv/AutoModeWithModule_Response.msg
[6.112s] -- Up-to-date symlink: /home/autoware/aichallenge2023-integration-final-main/install/tier4_rtc_msgs/share/tier4_rtc_msgs/srv/CooperateCommands.srv
[6.112s] -- Up-to-date symlink: /home/autoware/aichallenge2023-integration-final-main/install/tier4_rtc_msgs/share/tier4_rtc_msgs/srv/CooperateCommands_Request.msg
[6.112s] -- Up-to-date symlink: /home/autoware/aichallenge2023-integration-final-main/install/tier4_rtc_msgs/share/tier4_rtc_msgs/srv/CooperateCommands_Response.msg
[6.112s] -- Up-to-date symlink: /home/autoware/aichallenge2023-integration-final-main/install/tier4_rtc_msgs/share/ament_index/resource_index/package_run_dependencies/tier4_rtc_msgs
[6.112s] -- Up-to-date symlink: /home/autoware/aichallenge2023-integration-final-main/install/tier4_rtc_msgs/share/ament_index/resource_index/parent_prefix_path/tier4_rtc_msgs
[6.112s] -- Up-to-date symlink: /home/autoware/aichallenge2023-integration-final-main/install/tier4_rtc_msgs/share/tier4_rtc_msgs/environment/ament_prefix_path.sh
[6.113s] -- Up-to-date symlink: /home/autoware/aichallenge2023-integration-final-main/install/tier4_rtc_msgs/share/tier4_rtc_msgs/environment/ament_prefix_path.dsv
[6.113s] -- Up-to-date symlink: /home/autoware/aichallenge2023-integration-final-main/install/tier4_rtc_msgs/share/tier4_rtc_msgs/environment/path.sh
[6.115s] -- Up-to-date symlink: /home/autoware/aichallenge2023-integration-final-main/install/tier4_rtc_msgs/share/tier4_rtc_msgs/environment/path.dsv
[6.115s] -- Up-to-date symlink: /home/autoware/aichallenge2023-integration-final-main/install/tier4_rtc_msgs/share/tier4_rtc_msgs/local_setup.bash
[6.115s] -- Up-to-date symlink: /home/autoware/aichallenge2023-integration-final-main/install/tier4_rtc_msgs/share/tier4_rtc_msgs/local_setup.sh
[6.115s] -- Up-to-date symlink: /home/autoware/aichallenge2023-integration-final-main/install/tier4_rtc_msgs/share/tier4_rtc_msgs/local_setup.zsh
[6.115s] -- Up-to-date symlink: /home/autoware/aichallenge2023-integration-final-main/install/tier4_rtc_msgs/share/tier4_rtc_msgs/local_setup.dsv
[6.115s] -- Symlinking: /home/autoware/aichallenge2023-integration-final-main/install/tier4_rtc_msgs/share/tier4_rtc_msgs/package.dsv
[6.145s] -- Up-to-date symlink: /home/autoware/aichallenge2023-integration-final-main/install/tier4_rtc_msgs/share/ament_index/resource_index/packages/tier4_rtc_msgs
[6.145s] -- Up-to-date symlink: /home/autoware/aichallenge2023-integration-final-main/install/tier4_rtc_msgs/share/tier4_rtc_msgs/cmake/rosidl_cmake-extras.cmake
[6.145s] -- Up-to-date symlink: /home/autoware/aichallenge2023-integration-final-main/install/tier4_rtc_msgs/share/tier4_rtc_msgs/cmake/ament_cmake_export_dependencies-extras.cmake
[6.145s] -- Up-to-date symlink: /home/autoware/aichallenge2023-integration-final-main/install/tier4_rtc_msgs/share/tier4_rtc_msgs/cmake/ament_cmake_export_include_directories-extras.cmake
[6.145s] -- Up-to-date symlink: /home/autoware/aichallenge2023-integration-final-main/install/tier4_rtc_msgs/share/tier4_rtc_msgs/cmake/ament_cmake_export_libraries-extras.cmake
[6.145s] -- Up-to-date symlink: /home/autoware/aichallenge2023-integration-final-main/install/tier4_rtc_msgs/share/tier4_rtc_msgs/cmake/ament_cmake_export_targets-extras.cmake
[6.146s] -- Up-to-date symlink: /home/autoware/aichallenge2023-integration-final-main/install/tier4_rtc_msgs/share/tier4_rtc_msgs/cmake/rosidl_cmake_export_typesupport_targets-extras.cmake
[6.146s] -- Up-to-date symlink: /home/autoware/aichallenge2023-integration-final-main/install/tier4_rtc_msgs/share/tier4_rtc_msgs/cmake/rosidl_cmake_export_typesupport_libraries-extras.cmake
[6.146s] -- Up-to-date symlink: /home/autoware/aichallenge2023-integration-final-main/install/tier4_rtc_msgs/share/tier4_rtc_msgs/cmake/tier4_rtc_msgsConfig.cmake
[6.146s] -- Up-to-date symlink: /home/autoware/aichallenge2023-integration-final-main/install/tier4_rtc_msgs/share/tier4_rtc_msgs/cmake/tier4_rtc_msgsConfig-version.cmake
[6.146s] -- Up-to-date symlink: /home/autoware/aichallenge2023-integration-final-main/install/tier4_rtc_msgs/share/tier4_rtc_msgs/package.xml
[6.146s] -- Up-to-date: /home/autoware/aichallenge2023-integration-final-main/install/tier4_rtc_msgs/lib/libtier4_rtc_msgs__rosidl_generator_c.so
[6.147s] -- Up-to-date: /home/autoware/aichallenge2023-integration-final-main/install/tier4_rtc_msgs/lib/libtier4_rtc_msgs__rosidl_typesupport_fastrtps_c.so
[6.147s] -- Up-to-date: /home/autoware/aichallenge2023-integration-final-main/install/tier4_rtc_msgs/lib/libtier4_rtc_msgs__rosidl_typesupport_introspection_c.so
[6.147s] -- Up-to-date: /home/autoware/aichallenge2023-integration-final-main/install/tier4_rtc_msgs/lib/libtier4_rtc_msgs__rosidl_typesupport_c.so
[6.148s] -- Up-to-date: /home/autoware/aichallenge2023-integration-final-main/install/tier4_rtc_msgs/lib/libtier4_rtc_msgs__rosidl_typesupport_fastrtps_cpp.so
[6.148s] -- Up-to-date: /home/autoware/aichallenge2023-integration-final-main/install/tier4_rtc_msgs/lib/libtier4_rtc_msgs__rosidl_typesupport_introspection_cpp.so
[6.148s] -- Up-to-date: /home/autoware/aichallenge2023-integration-final-main/install/tier4_rtc_msgs/lib/libtier4_rtc_msgs__rosidl_typesupport_cpp.so
[6.227s] Listing '/home/autoware/aichallenge2023-integration-final-main/install/tier4_rtc_msgs/local/lib/python3.10/dist-packages/tier4_rtc_msgs'...
[6.227s] Listing '/home/autoware/aichallenge2023-integration-final-main/install/tier4_rtc_msgs/local/lib/python3.10/dist-packages/tier4_rtc_msgs/msg'...
[6.227s] Listing '/home/autoware/aichallenge2023-integration-final-main/install/tier4_rtc_msgs/local/lib/python3.10/dist-packages/tier4_rtc_msgs/srv'...
[6.232s] -- Up-to-date: /home/autoware/aichallenge2023-integration-final-main/install/tier4_rtc_msgs/lib/libtier4_rtc_msgs__rosidl_generator_py.so
[6.232s] -- Up-to-date: /home/autoware/aichallenge2023-integration-final-main/install/tier4_rtc_msgs/share/tier4_rtc_msgs/cmake/export_tier4_rtc_msgs__rosidl_generator_cExport.cmake
[6.232s] -- Up-to-date: /home/autoware/aichallenge2023-integration-final-main/install/tier4_rtc_msgs/share/tier4_rtc_msgs/cmake/export_tier4_rtc_msgs__rosidl_generator_cExport-release.cmake
[6.232s] -- Up-to-date: /home/autoware/aichallenge2023-integration-final-main/install/tier4_rtc_msgs/share/tier4_rtc_msgs/cmake/export_tier4_rtc_msgs__rosidl_typesupport_fastrtps_cExport.cmake
[6.233s] -- Up-to-date: /home/autoware/aichallenge2023-integration-final-main/install/tier4_rtc_msgs/share/tier4_rtc_msgs/cmake/export_tier4_rtc_msgs__rosidl_typesupport_fastrtps_cExport-release.cmake
[6.233s] -- Up-to-date: /home/autoware/aichallenge2023-integration-final-main/install/tier4_rtc_msgs/share/tier4_rtc_msgs/cmake/tier4_rtc_msgs__rosidl_typesupport_introspection_cExport.cmake
[6.233s] -- Up-to-date: /home/autoware/aichallenge2023-integration-final-main/install/tier4_rtc_msgs/share/tier4_rtc_msgs/cmake/tier4_rtc_msgs__rosidl_typesupport_introspection_cExport-release.cmake
[6.233s] -- Up-to-date: /home/autoware/aichallenge2023-integration-final-main/install/tier4_rtc_msgs/share/tier4_rtc_msgs/cmake/tier4_rtc_msgs__rosidl_typesupport_cExport.cmake
[6.233s] -- Up-to-date: /home/autoware/aichallenge2023-integration-final-main/install/tier4_rtc_msgs/share/tier4_rtc_msgs/cmake/tier4_rtc_msgs__rosidl_typesupport_cExport-release.cmake
[6.233s] -- Up-to-date: /home/autoware/aichallenge2023-integration-final-main/install/tier4_rtc_msgs/share/tier4_rtc_msgs/cmake/export_tier4_rtc_msgs__rosidl_generator_cppExport.cmake
[6.233s] -- Up-to-date: /home/autoware/aichallenge2023-integration-final-main/install/tier4_rtc_msgs/share/tier4_rtc_msgs/cmake/export_tier4_rtc_msgs__rosidl_typesupport_fastrtps_cppExport.cmake
[6.233s] -- Up-to-date: /home/autoware/aichallenge2023-integration-final-main/install/tier4_rtc_msgs/share/tier4_rtc_msgs/cmake/export_tier4_rtc_msgs__rosidl_typesupport_fastrtps_cppExport-release.cmake
[6.233s] -- Up-to-date: /home/autoware/aichallenge2023-integration-final-main/install/tier4_rtc_msgs/share/tier4_rtc_msgs/cmake/tier4_rtc_msgs__rosidl_typesupport_introspection_cppExport.cmake
[6.233s] -- Up-to-date: /home/autoware/aichallenge2023-integration-final-main/install/tier4_rtc_msgs/share/tier4_rtc_msgs/cmake/tier4_rtc_msgs__rosidl_typesupport_introspection_cppExport-release.cmake
[6.234s] -- Up-to-date: /home/autoware/aichallenge2023-integration-final-main/install/tier4_rtc_msgs/share/tier4_rtc_msgs/cmake/tier4_rtc_msgs__rosidl_typesupport_cppExport.cmake
[6.234s] -- Up-to-date: /home/autoware/aichallenge2023-integration-final-main/install/tier4_rtc_msgs/share/tier4_rtc_msgs/cmake/tier4_rtc_msgs__rosidl_typesupport_cppExport-release.cmake
[6.234s] -- Up-to-date: /home/autoware/aichallenge2023-integration-final-main/install/tier4_rtc_msgs/share/tier4_rtc_msgs/cmake/export_tier4_rtc_msgs__rosidl_generator_pyExport.cmake
[6.234s] -- Up-to-date: /home/autoware/aichallenge2023-integration-final-main/install/tier4_rtc_msgs/share/tier4_rtc_msgs/cmake/export_tier4_rtc_msgs__rosidl_generator_pyExport-release.cmake
[6.239s] Invoked command in '/home/autoware/aichallenge2023-integration-final-main/build/tier4_rtc_msgs' returned '0': CMAKE_PREFIX_PATH=${CMAKE_PREFIX_PATH}:/home/autoware/autoware/install/simulator_compatibility_test:/home/autoware/autoware/install/ad_api_visualizers:/opt/ros/humble /usr/bin/cmake --install /home/autoware/aichallenge2023-integration-final-main/build/tier4_rtc_msgs
