[0.277s] Invoking command in '/home/autoware/aichallenge2023-integration-final-main/build/autoware_common_msgs': CMAKE_PREFIX_PATH=${CMAKE_PREFIX_PATH}:/home/autoware/aichallenge2023-integration-final-main/install/simulator_compatibility_test:/home/autoware/aichallenge2023-integration-final-main/install/ad_api_visualizers:/home/autoware/autoware/install/simulator_compatibility_test:/home/autoware/autoware/install/ad_api_visualizers:/opt/ros/humble /usr/bin/cmake --build /home/autoware/aichallenge2023-integration-final-main/build/autoware_common_msgs -- -j16 -l16
[0.875s] [  3%] Built target autoware_common_msgs__cpp
[0.965s] [  3%] Built target ament_cmake_python_symlink_autoware_common_msgs
[1.021s] [ 12%] Built target autoware_common_msgs__rosidl_generator_c
[1.826s] [ 22%] Built target autoware_common_msgs__rosidl_typesupport_fastrtps_cpp
[2.168s] [ 32%] Built target autoware_common_msgs__rosidl_typesupport_cpp
[2.169s] [ 41%] Built target autoware_common_msgs__rosidl_typesupport_fastrtps_c
[2.171s] [ 51%] Built target autoware_common_msgs__rosidl_typesupport_c
[2.279s] [ 61%] Built target autoware_common_msgs__rosidl_typesupport_introspection_c
[2.395s] [ 70%] Built target autoware_common_msgs__rosidl_typesupport_introspection_cpp
[2.975s] [ 70%] Built target autoware_common_msgs
[3.607s] [ 74%] Built target autoware_common_msgs__py
[3.667s] running egg_info
[3.670s] writing autoware_common_msgs.egg-info/PKG-INFO
[3.672s] writing dependency_links to autoware_common_msgs.egg-info/dependency_links.txt
[3.674s] writing top-level names to autoware_common_msgs.egg-info/top_level.txt
[3.681s] reading manifest file 'autoware_common_msgs.egg-info/SOURCES.txt'
[3.706s] writing manifest file 'autoware_common_msgs.egg-info/SOURCES.txt'
[4.019s] [ 74%] Built target ament_cmake_python_build_autoware_common_msgs_egg
[4.075s] [ 80%] Built target autoware_common_msgs__rosidl_generator_py
[4.752s] [ 87%] Built target autoware_common_msgs__rosidl_typesupport_introspection_c__pyext
[4.983s] [ 93%] Built target autoware_common_msgs__rosidl_typesupport_c__pyext
[5.017s] [100%] Built target autoware_common_msgs__rosidl_typesupport_fastrtps_c__pyext
[5.145s] Invoked command in '/home/autoware/aichallenge2023-integration-final-main/build/autoware_common_msgs' returned '0': CMAKE_PREFIX_PATH=${CMAKE_PREFIX_PATH}:/home/autoware/aichallenge2023-integration-final-main/install/simulator_compatibility_test:/home/autoware/aichallenge2023-integration-final-main/install/ad_api_visualizers:/home/autoware/autoware/install/simulator_compatibility_test:/home/autoware/autoware/install/ad_api_visualizers:/opt/ros/humble /usr/bin/cmake --build /home/autoware/aichallenge2023-integration-final-main/build/autoware_common_msgs -- -j16 -l16
[7.735s] Invoking command in '/home/autoware/aichallenge2023-integration-final-main/build/autoware_common_msgs': CMAKE_PREFIX_PATH=${CMAKE_PREFIX_PATH}:/home/autoware/aichallenge2023-integration-final-main/install/simulator_compatibility_test:/home/autoware/aichallenge2023-integration-final-main/install/ad_api_visualizers:/home/autoware/autoware/install/simulator_compatibility_test:/home/autoware/autoware/install/ad_api_visualizers:/opt/ros/humble /usr/bin/cmake --install /home/autoware/aichallenge2023-integration-final-main/build/autoware_common_msgs
[7.820s] -- Install configuration: "Release"
[7.823s] -- Execute custom install script
[7.824s] -- Up-to-date symlink: /home/autoware/aichallenge2023-integration-final-main/install/autoware_common_msgs/share/ament_index/resource_index/rosidl_interfaces/autoware_common_msgs
[7.827s] -- Up-to-date symlink: /home/autoware/aichallenge2023-integration-final-main/install/autoware_common_msgs/include/autoware_common_msgs/autoware_common_msgs/msg/detail/response_status__functions.h
[7.829s] -- Up-to-date symlink: /home/autoware/aichallenge2023-integration-final-main/install/autoware_common_msgs/include/autoware_common_msgs/autoware_common_msgs/msg/detail/response_status__struct.h
[7.830s] -- Up-to-date symlink: /home/autoware/aichallenge2023-integration-final-main/install/autoware_common_msgs/include/autoware_common_msgs/autoware_common_msgs/msg/detail/response_status__type_support.h
[7.832s] -- Up-to-date symlink: /home/autoware/aichallenge2023-integration-final-main/install/autoware_common_msgs/include/autoware_common_msgs/autoware_common_msgs/msg/response_status.h
[7.833s] -- Up-to-date symlink: /home/autoware/aichallenge2023-integration-final-main/install/autoware_common_msgs/include/autoware_common_msgs/autoware_common_msgs/msg/rosidl_generator_c__visibility_control.h
[7.835s] -- Up-to-date symlink: /home/autoware/aichallenge2023-integration-final-main/install/autoware_common_msgs/share/autoware_common_msgs/environment/library_path.sh
[7.837s] -- Up-to-date symlink: /home/autoware/aichallenge2023-integration-final-main/install/autoware_common_msgs/share/autoware_common_msgs/environment/library_path.dsv
[7.839s] -- Up-to-date symlink: /home/autoware/aichallenge2023-integration-final-main/install/autoware_common_msgs/include/autoware_common_msgs/autoware_common_msgs/msg/detail/response_status__rosidl_typesupport_fastrtps_c.h
[7.840s] -- Up-to-date symlink: /home/autoware/aichallenge2023-integration-final-main/install/autoware_common_msgs/include/autoware_common_msgs/autoware_common_msgs/msg/rosidl_typesupport_fastrtps_c__visibility_control.h
[7.843s] -- Up-to-date symlink: /home/autoware/aichallenge2023-integration-final-main/install/autoware_common_msgs/include/autoware_common_msgs/autoware_common_msgs/msg/detail/response_status__rosidl_typesupport_introspection_c.h
[7.845s] -- Up-to-date symlink: /home/autoware/aichallenge2023-integration-final-main/install/autoware_common_msgs/include/autoware_common_msgs/autoware_common_msgs/msg/rosidl_typesupport_introspection_c__visibility_control.h
[7.847s] -- Up-to-date symlink: /home/autoware/aichallenge2023-integration-final-main/install/autoware_common_msgs/include/autoware_common_msgs/autoware_common_msgs/msg/detail/response_status__builder.hpp
[7.848s] -- Up-to-date symlink: /home/autoware/aichallenge2023-integration-final-main/install/autoware_common_msgs/include/autoware_common_msgs/autoware_common_msgs/msg/detail/response_status__struct.hpp
[7.851s] -- Up-to-date symlink: /home/autoware/aichallenge2023-integration-final-main/install/autoware_common_msgs/include/autoware_common_msgs/autoware_common_msgs/msg/detail/response_status__traits.hpp
[7.857s] -- Up-to-date symlink: /home/autoware/aichallenge2023-integration-final-main/install/autoware_common_msgs/include/autoware_common_msgs/autoware_common_msgs/msg/response_status.hpp
[7.859s] -- Up-to-date symlink: /home/autoware/aichallenge2023-integration-final-main/install/autoware_common_msgs/include/autoware_common_msgs/autoware_common_msgs/msg/detail/response_status__rosidl_typesupport_fastrtps_cpp.hpp
[7.867s] -- Up-to-date symlink: /home/autoware/aichallenge2023-integration-final-main/install/autoware_common_msgs/include/autoware_common_msgs/autoware_common_msgs/msg/rosidl_typesupport_fastrtps_cpp__visibility_control.h
[7.869s] -- Up-to-date symlink: /home/autoware/aichallenge2023-integration-final-main/install/autoware_common_msgs/include/autoware_common_msgs/autoware_common_msgs/msg/detail/response_status__rosidl_typesupport_introspection_cpp.hpp
[7.872s] -- Up-to-date symlink: /home/autoware/aichallenge2023-integration-final-main/install/autoware_common_msgs/share/autoware_common_msgs/environment/pythonpath.sh
[7.873s] -- Up-to-date symlink: /home/autoware/aichallenge2023-integration-final-main/install/autoware_common_msgs/share/autoware_common_msgs/environment/pythonpath.dsv
[7.876s] -- Up-to-date symlink: /home/autoware/aichallenge2023-integration-final-main/install/autoware_common_msgs/local/lib/python3.10/dist-packages/autoware_common_msgs-1.0.0-py3.10.egg-info/PKG-INFO
[7.876s] -- Up-to-date symlink: /home/autoware/aichallenge2023-integration-final-main/install/autoware_common_msgs/local/lib/python3.10/dist-packages/autoware_common_msgs-1.0.0-py3.10.egg-info/SOURCES.txt
[7.877s] -- Up-to-date symlink: /home/autoware/aichallenge2023-integration-final-main/install/autoware_common_msgs/local/lib/python3.10/dist-packages/autoware_common_msgs-1.0.0-py3.10.egg-info/dependency_links.txt
[7.877s] -- Up-to-date symlink: /home/autoware/aichallenge2023-integration-final-main/install/autoware_common_msgs/local/lib/python3.10/dist-packages/autoware_common_msgs-1.0.0-py3.10.egg-info/top_level.txt
[7.878s] -- Up-to-date symlink: /home/autoware/aichallenge2023-integration-final-main/install/autoware_common_msgs/local/lib/python3.10/dist-packages/autoware_common_msgs/__init__.py
[7.878s] -- Up-to-date symlink: /home/autoware/aichallenge2023-integration-final-main/install/autoware_common_msgs/local/lib/python3.10/dist-packages/autoware_common_msgs/_autoware_common_msgs_s.ep.rosidl_typesupport_c.c
[7.878s] -- Up-to-date symlink: /home/autoware/aichallenge2023-integration-final-main/install/autoware_common_msgs/local/lib/python3.10/dist-packages/autoware_common_msgs/_autoware_common_msgs_s.ep.rosidl_typesupport_fastrtps_c.c
[7.878s] -- Up-to-date symlink: /home/autoware/aichallenge2023-integration-final-main/install/autoware_common_msgs/local/lib/python3.10/dist-packages/autoware_common_msgs/_autoware_common_msgs_s.ep.rosidl_typesupport_introspection_c.c
[7.879s] -- Up-to-date symlink: /home/autoware/aichallenge2023-integration-final-main/install/autoware_common_msgs/local/lib/python3.10/dist-packages/autoware_common_msgs/autoware_common_msgs_s__rosidl_typesupport_c.cpython-310-x86_64-linux-gnu.so
[7.879s] -- Up-to-date symlink: /home/autoware/aichallenge2023-integration-final-main/install/autoware_common_msgs/local/lib/python3.10/dist-packages/autoware_common_msgs/autoware_common_msgs_s__rosidl_typesupport_fastrtps_c.cpython-310-x86_64-linux-gnu.so
[7.879s] -- Up-to-date symlink: /home/autoware/aichallenge2023-integration-final-main/install/autoware_common_msgs/local/lib/python3.10/dist-packages/autoware_common_msgs/autoware_common_msgs_s__rosidl_typesupport_introspection_c.cpython-310-x86_64-linux-gnu.so
[7.879s] -- Up-to-date symlink: /home/autoware/aichallenge2023-integration-final-main/install/autoware_common_msgs/local/lib/python3.10/dist-packages/autoware_common_msgs/libautoware_common_msgs__rosidl_generator_py.so
[7.879s] -- Up-to-date symlink: /home/autoware/aichallenge2023-integration-final-main/install/autoware_common_msgs/local/lib/python3.10/dist-packages/autoware_common_msgs/msg/__init__.py
[7.880s] -- Up-to-date symlink: /home/autoware/aichallenge2023-integration-final-main/install/autoware_common_msgs/local/lib/python3.10/dist-packages/autoware_common_msgs/msg/_response_status.py
[7.880s] -- Up-to-date symlink: /home/autoware/aichallenge2023-integration-final-main/install/autoware_common_msgs/local/lib/python3.10/dist-packages/autoware_common_msgs/msg/_response_status_s.c
[7.880s] -- Up-to-date symlink: /home/autoware/aichallenge2023-integration-final-main/install/autoware_common_msgs/local/lib/python3.10/dist-packages/autoware_common_msgs/autoware_common_msgs_s__rosidl_typesupport_fastrtps_c.cpython-310-x86_64-linux-gnu.so
[7.880s] -- Up-to-date symlink: /home/autoware/aichallenge2023-integration-final-main/install/autoware_common_msgs/local/lib/python3.10/dist-packages/autoware_common_msgs/autoware_common_msgs_s__rosidl_typesupport_introspection_c.cpython-310-x86_64-linux-gnu.so
[7.880s] -- Up-to-date symlink: /home/autoware/aichallenge2023-integration-final-main/install/autoware_common_msgs/local/lib/python3.10/dist-packages/autoware_common_msgs/autoware_common_msgs_s__rosidl_typesupport_c.cpython-310-x86_64-linux-gnu.so
[7.881s] -- Up-to-date symlink: /home/autoware/aichallenge2023-integration-final-main/install/autoware_common_msgs/share/autoware_common_msgs/msg/ResponseStatus.idl
[7.881s] -- Up-to-date symlink: /home/autoware/aichallenge2023-integration-final-main/install/autoware_common_msgs/share/autoware_common_msgs/msg/ResponseStatus.msg
[7.881s] -- Up-to-date symlink: /home/autoware/aichallenge2023-integration-final-main/install/autoware_common_msgs/share/ament_index/resource_index/package_run_dependencies/autoware_common_msgs
[7.881s] -- Up-to-date symlink: /home/autoware/aichallenge2023-integration-final-main/install/autoware_common_msgs/share/ament_index/resource_index/parent_prefix_path/autoware_common_msgs
[7.881s] -- Up-to-date symlink: /home/autoware/aichallenge2023-integration-final-main/install/autoware_common_msgs/share/autoware_common_msgs/environment/ament_prefix_path.sh
[7.881s] -- Up-to-date symlink: /home/autoware/aichallenge2023-integration-final-main/install/autoware_common_msgs/share/autoware_common_msgs/environment/ament_prefix_path.dsv
[7.882s] -- Up-to-date symlink: /home/autoware/aichallenge2023-integration-final-main/install/autoware_common_msgs/share/autoware_common_msgs/environment/path.sh
[7.882s] -- Up-to-date symlink: /home/autoware/aichallenge2023-integration-final-main/install/autoware_common_msgs/share/autoware_common_msgs/environment/path.dsv
[7.882s] -- Up-to-date symlink: /home/autoware/aichallenge2023-integration-final-main/install/autoware_common_msgs/share/autoware_common_msgs/local_setup.bash
[7.900s] -- Up-to-date symlink: /home/autoware/aichallenge2023-integration-final-main/install/autoware_common_msgs/share/autoware_common_msgs/local_setup.sh
[7.900s] -- Up-to-date symlink: /home/autoware/aichallenge2023-integration-final-main/install/autoware_common_msgs/share/autoware_common_msgs/local_setup.zsh
[7.900s] -- Up-to-date symlink: /home/autoware/aichallenge2023-integration-final-main/install/autoware_common_msgs/share/autoware_common_msgs/local_setup.dsv
[7.900s] -- Symlinking: /home/autoware/aichallenge2023-integration-final-main/install/autoware_common_msgs/share/autoware_common_msgs/package.dsv
[7.976s] -- Up-to-date symlink: /home/autoware/aichallenge2023-integration-final-main/install/autoware_common_msgs/share/ament_index/resource_index/packages/autoware_common_msgs
[7.976s] -- Up-to-date symlink: /home/autoware/aichallenge2023-integration-final-main/install/autoware_common_msgs/share/autoware_common_msgs/cmake/rosidl_cmake-extras.cmake
[7.976s] -- Up-to-date symlink: /home/autoware/aichallenge2023-integration-final-main/install/autoware_common_msgs/share/autoware_common_msgs/cmake/ament_cmake_export_include_directories-extras.cmake
[7.976s] -- Up-to-date symlink: /home/autoware/aichallenge2023-integration-final-main/install/autoware_common_msgs/share/autoware_common_msgs/cmake/ament_cmake_export_libraries-extras.cmake
[7.977s] -- Up-to-date symlink: /home/autoware/aichallenge2023-integration-final-main/install/autoware_common_msgs/share/autoware_common_msgs/cmake/ament_cmake_export_targets-extras.cmake
[7.977s] -- Up-to-date symlink: /home/autoware/aichallenge2023-integration-final-main/install/autoware_common_msgs/share/autoware_common_msgs/cmake/rosidl_cmake_export_typesupport_targets-extras.cmake
[7.977s] -- Up-to-date symlink: /home/autoware/aichallenge2023-integration-final-main/install/autoware_common_msgs/share/autoware_common_msgs/cmake/ament_cmake_export_dependencies-extras.cmake
[7.977s] -- Up-to-date symlink: /home/autoware/aichallenge2023-integration-final-main/install/autoware_common_msgs/share/autoware_common_msgs/cmake/rosidl_cmake_export_typesupport_libraries-extras.cmake
[7.978s] -- Up-to-date symlink: /home/autoware/aichallenge2023-integration-final-main/install/autoware_common_msgs/share/autoware_common_msgs/cmake/autoware_common_msgsConfig.cmake
[7.978s] -- Up-to-date symlink: /home/autoware/aichallenge2023-integration-final-main/install/autoware_common_msgs/share/autoware_common_msgs/cmake/autoware_common_msgsConfig-version.cmake
[7.979s] -- Up-to-date symlink: /home/autoware/aichallenge2023-integration-final-main/install/autoware_common_msgs/share/autoware_common_msgs/package.xml
[7.980s] -- Up-to-date: /home/autoware/aichallenge2023-integration-final-main/install/autoware_common_msgs/lib/libautoware_common_msgs__rosidl_generator_c.so
[7.980s] -- Up-to-date: /home/autoware/aichallenge2023-integration-final-main/install/autoware_common_msgs/lib/libautoware_common_msgs__rosidl_typesupport_fastrtps_c.so
[7.985s] -- Up-to-date: /home/autoware/aichallenge2023-integration-final-main/install/autoware_common_msgs/lib/libautoware_common_msgs__rosidl_typesupport_introspection_c.so
[7.985s] -- Up-to-date: /home/autoware/aichallenge2023-integration-final-main/install/autoware_common_msgs/lib/libautoware_common_msgs__rosidl_typesupport_c.so
[7.985s] -- Up-to-date: /home/autoware/aichallenge2023-integration-final-main/install/autoware_common_msgs/lib/libautoware_common_msgs__rosidl_typesupport_fastrtps_cpp.so
[7.985s] -- Up-to-date: /home/autoware/aichallenge2023-integration-final-main/install/autoware_common_msgs/lib/libautoware_common_msgs__rosidl_typesupport_introspection_cpp.so
[7.985s] -- Up-to-date: /home/autoware/aichallenge2023-integration-final-main/install/autoware_common_msgs/lib/libautoware_common_msgs__rosidl_typesupport_cpp.so
[8.200s] Listing '/home/autoware/aichallenge2023-integration-final-main/install/autoware_common_msgs/local/lib/python3.10/dist-packages/autoware_common_msgs'...
[8.205s] Listing '/home/autoware/aichallenge2023-integration-final-main/install/autoware_common_msgs/local/lib/python3.10/dist-packages/autoware_common_msgs/msg'...
[8.215s] -- Up-to-date: /home/autoware/aichallenge2023-integration-final-main/install/autoware_common_msgs/lib/libautoware_common_msgs__rosidl_generator_py.so
[8.215s] -- Up-to-date: /home/autoware/aichallenge2023-integration-final-main/install/autoware_common_msgs/share/autoware_common_msgs/cmake/export_autoware_common_msgs__rosidl_generator_cExport.cmake
[8.215s] -- Up-to-date: /home/autoware/aichallenge2023-integration-final-main/install/autoware_common_msgs/share/autoware_common_msgs/cmake/export_autoware_common_msgs__rosidl_generator_cExport-release.cmake
[8.224s] -- Up-to-date: /home/autoware/aichallenge2023-integration-final-main/install/autoware_common_msgs/share/autoware_common_msgs/cmake/export_autoware_common_msgs__rosidl_typesupport_fastrtps_cExport.cmake
[8.225s] -- Up-to-date: /home/autoware/aichallenge2023-integration-final-main/install/autoware_common_msgs/share/autoware_common_msgs/cmake/export_autoware_common_msgs__rosidl_typesupport_fastrtps_cExport-release.cmake
[8.225s] -- Up-to-date: /home/autoware/aichallenge2023-integration-final-main/install/autoware_common_msgs/share/autoware_common_msgs/cmake/autoware_common_msgs__rosidl_typesupport_introspection_cExport.cmake
[8.225s] -- Up-to-date: /home/autoware/aichallenge2023-integration-final-main/install/autoware_common_msgs/share/autoware_common_msgs/cmake/autoware_common_msgs__rosidl_typesupport_introspection_cExport-release.cmake
[8.225s] -- Up-to-date: /home/autoware/aichallenge2023-integration-final-main/install/autoware_common_msgs/share/autoware_common_msgs/cmake/autoware_common_msgs__rosidl_typesupport_cExport.cmake
[8.225s] -- Up-to-date: /home/autoware/aichallenge2023-integration-final-main/install/autoware_common_msgs/share/autoware_common_msgs/cmake/autoware_common_msgs__rosidl_typesupport_cExport-release.cmake
[8.225s] -- Up-to-date: /home/autoware/aichallenge2023-integration-final-main/install/autoware_common_msgs/share/autoware_common_msgs/cmake/export_autoware_common_msgs__rosidl_generator_cppExport.cmake
[8.225s] -- Up-to-date: /home/autoware/aichallenge2023-integration-final-main/install/autoware_common_msgs/share/autoware_common_msgs/cmake/export_autoware_common_msgs__rosidl_typesupport_fastrtps_cppExport.cmake
[8.225s] -- Up-to-date: /home/autoware/aichallenge2023-integration-final-main/install/autoware_common_msgs/share/autoware_common_msgs/cmake/export_autoware_common_msgs__rosidl_typesupport_fastrtps_cppExport-release.cmake
[8.230s] -- Up-to-date: /home/autoware/aichallenge2023-integration-final-main/install/autoware_common_msgs/share/autoware_common_msgs/cmake/autoware_common_msgs__rosidl_typesupport_introspection_cppExport.cmake
[8.230s] -- Up-to-date: /home/autoware/aichallenge2023-integration-final-main/install/autoware_common_msgs/share/autoware_common_msgs/cmake/autoware_common_msgs__rosidl_typesupport_introspection_cppExport-release.cmake
[8.231s] -- Up-to-date: /home/autoware/aichallenge2023-integration-final-main/install/autoware_common_msgs/share/autoware_common_msgs/cmake/autoware_common_msgs__rosidl_typesupport_cppExport.cmake
[8.231s] -- Up-to-date: /home/autoware/aichallenge2023-integration-final-main/install/autoware_common_msgs/share/autoware_common_msgs/cmake/autoware_common_msgs__rosidl_typesupport_cppExport-release.cmake
[8.231s] -- Up-to-date: /home/autoware/aichallenge2023-integration-final-main/install/autoware_common_msgs/share/autoware_common_msgs/cmake/export_autoware_common_msgs__rosidl_generator_pyExport.cmake
[8.231s] -- Up-to-date: /home/autoware/aichallenge2023-integration-final-main/install/autoware_common_msgs/share/autoware_common_msgs/cmake/export_autoware_common_msgs__rosidl_generator_pyExport-release.cmake
[8.382s] Invoked command in '/home/autoware/aichallenge2023-integration-final-main/build/autoware_common_msgs' returned '0': CMAKE_PREFIX_PATH=${CMAKE_PREFIX_PATH}:/home/autoware/aichallenge2023-integration-final-main/install/simulator_compatibility_test:/home/autoware/aichallenge2023-integration-final-main/install/ad_api_visualizers:/home/autoware/autoware/install/simulator_compatibility_test:/home/autoware/autoware/install/ad_api_visualizers:/opt/ros/humble /usr/bin/cmake --install /home/autoware/aichallenge2023-integration-final-main/build/autoware_common_msgs
