-- The C compiler identification is GNU 11.4.0
-- The CXX compiler identification is GNU 11.4.0
-- Detecting C compiler ABI info
-- Detecting C compiler ABI info - done
-- Check for working C compiler: /usr/bin/cc - skipped
-- Detecting C compile features
-- Detecting C compile features - done
-- Detecting CXX compiler ABI info
-- Detecting CXX compiler ABI info - done
-- Check for working CXX compiler: /usr/bin/c++ - skipped
-- Detecting CXX compile features
-- Detecting CXX compile features - done
-- Found autoware_cmake: 0.1.0 (/home/autoware/aichallenge2023-integration-final-main/install/autoware_cmake/share/autoware_cmake/cmake)
-- Found Python3: /usr/bin/python3.10 (found version "3.10.12") found components: Interpreter 
-- Override CMake install command with custom implementation using symlinks instead of copying resources
-- Found rosidl_generator_c: 3.1.5 (/opt/ros/humble/share/rosidl_generator_c/cmake)
-- Found rosidl_adapter: 3.1.5 (/opt/ros/humble/share/rosidl_adapter/cmake)
-- Found rosidl_generator_cpp: 3.1.5 (/opt/ros/humble/share/rosidl_generator_cpp/cmake)
-- Using all available rosidl_typesupport_c: rosidl_typesupport_fastrtps_c;rosidl_typesupport_introspection_c
-- Using all available rosidl_typesupport_cpp: rosidl_typesupport_fastrtps_cpp;rosidl_typesupport_introspection_cpp
-- Found rmw_implementation_cmake: 6.1.1 (/opt/ros/humble/share/rmw_implementation_cmake/cmake)
-- Found rmw_cyclonedds_cpp: 1.3.4 (/opt/ros/humble/share/rmw_cyclonedds_cpp/cmake)
-- Using RMW implementation 'rmw_cyclonedds_cpp' as default
-- Looking for pthread.h
-- Looking for pthread.h - found
-- Performing Test CMAKE_HAVE_LIBC_PTHREAD
-- Performing Test CMAKE_HAVE_LIBC_PTHREAD - Success
-- Found Threads: TRUE  
-- Found eigen3_cmake_module: 0.1.1 (/opt/ros/humble/share/eigen3_cmake_module/cmake)
-- Found Eigen3: TRUE (found version "3.4.0") 
-- Ensuring Eigen3 include directory is part of orocos-kdl CMake target
-- Found ament_lint_auto: 0.12.7 (/opt/ros/humble/share/ament_lint_auto/cmake)
-- Added test 'copyright' to check source files copyright and LICENSE
-- Added test 'cppcheck' to perform static code analysis on C / C++ code
-- Configured cppcheck include dirs: /home/autoware/aichallenge2023-integration-final-main/src/universe/autoware.universe/sensing/imu_corrector/include
-- Configured cppcheck exclude dirs and/or files: 
-- Added test 'lint_cmake' to check CMake code style
-- Added test 'xmllint' to check XML markup files
-- Configuring done
-- Generating done
-- Build files have been written to: /home/autoware/aichallenge2023-integration-final-main/build/imu_corrector
[ 25%] [32mBuilding CXX object CMakeFiles/imu_corrector_node.dir/src/imu_corrector_core.cpp.o[0m
[ 50%] [32m[1mLinking CXX shared library libimu_corrector_node.so[0m
[ 50%] Built target imu_corrector_node
[ 75%] [32mBuilding CXX object CMakeFiles/imu_corrector.dir/rclcpp_components/node_main_imu_corrector.cpp.o[0m
[100%] [32m[1mLinking CXX executable imu_corrector[0m
[100%] Built target imu_corrector
-- Install configuration: "Release"
-- Execute custom install script
-- Symlinking: /home/autoware/aichallenge2023-integration-final-main/install/imu_corrector/lib/imu_corrector/imu_corrector
-- Symlinking: /home/autoware/aichallenge2023-integration-final-main/install/imu_corrector/include/imu_corrector/imu_corrector_core.hpp
-- Symlinking: /home/autoware/aichallenge2023-integration-final-main/install/imu_corrector/share/imu_corrector/environment/library_path.sh
-- Symlinking: /home/autoware/aichallenge2023-integration-final-main/install/imu_corrector/share/imu_corrector/environment/library_path.dsv
-- Symlinking: /home/autoware/aichallenge2023-integration-final-main/install/imu_corrector/lib/libimu_corrector_node.so
-- Symlinking: /home/autoware/aichallenge2023-integration-final-main/install/imu_corrector/share/imu_corrector/launch/imu_corrector.launch.xml
-- Symlinking: /home/autoware/aichallenge2023-integration-final-main/install/imu_corrector/share/imu_corrector/config/imu_corrector.param.yaml
-- Symlinking: /home/autoware/aichallenge2023-integration-final-main/install/imu_corrector/share/ament_index/resource_index/package_run_dependencies/imu_corrector
-- Symlinking: /home/autoware/aichallenge2023-integration-final-main/install/imu_corrector/share/ament_index/resource_index/parent_prefix_path/imu_corrector
-- Symlinking: /home/autoware/aichallenge2023-integration-final-main/install/imu_corrector/share/imu_corrector/environment/ament_prefix_path.sh
-- Symlinking: /home/autoware/aichallenge2023-integration-final-main/install/imu_corrector/share/imu_corrector/environment/ament_prefix_path.dsv
-- Symlinking: /home/autoware/aichallenge2023-integration-final-main/install/imu_corrector/share/imu_corrector/environment/path.sh
-- Symlinking: /home/autoware/aichallenge2023-integration-final-main/install/imu_corrector/share/imu_corrector/environment/path.dsv
-- Symlinking: /home/autoware/aichallenge2023-integration-final-main/install/imu_corrector/share/imu_corrector/local_setup.bash
-- Symlinking: /home/autoware/aichallenge2023-integration-final-main/install/imu_corrector/share/imu_corrector/local_setup.sh
-- Symlinking: /home/autoware/aichallenge2023-integration-final-main/install/imu_corrector/share/imu_corrector/local_setup.zsh
-- Symlinking: /home/autoware/aichallenge2023-integration-final-main/install/imu_corrector/share/imu_corrector/local_setup.dsv
-- Symlinking: /home/autoware/aichallenge2023-integration-final-main/install/imu_corrector/share/imu_corrector/package.dsv
-- Symlinking: /home/autoware/aichallenge2023-integration-final-main/install/imu_corrector/share/ament_index/resource_index/packages/imu_corrector
-- Symlinking: /home/autoware/aichallenge2023-integration-final-main/install/imu_corrector/share/ament_index/resource_index/rclcpp_components/imu_corrector
-- Symlinking: /home/autoware/aichallenge2023-integration-final-main/install/imu_corrector/share/imu_corrector/cmake/ament_cmake_export_dependencies-extras.cmake
-- Symlinking: /home/autoware/aichallenge2023-integration-final-main/install/imu_corrector/share/imu_corrector/cmake/ament_cmake_export_include_directories-extras.cmake
-- Symlinking: /home/autoware/aichallenge2023-integration-final-main/install/imu_corrector/share/imu_corrector/cmake/ament_cmake_export_libraries-extras.cmake
-- Symlinking: /home/autoware/aichallenge2023-integration-final-main/install/imu_corrector/share/imu_corrector/cmake/imu_correctorConfig.cmake
-- Symlinking: /home/autoware/aichallenge2023-integration-final-main/install/imu_corrector/share/imu_corrector/cmake/imu_correctorConfig-version.cmake
-- Symlinking: /home/autoware/aichallenge2023-integration-final-main/install/imu_corrector/share/imu_corrector/package.xml
