[0.109s] Invoking command in '/home/autoware/aichallenge2023-integration-final-main/build/ndt_omp': CMAKE_PREFIX_PATH=${CMAKE_PREFIX_PATH}:/home/autoware/aichallenge2023-integration-final-main/install/simulator_compatibility_test:/home/autoware/aichallenge2023-integration-final-main/install/ad_api_visualizers:/home/autoware/autoware/install/simulator_compatibility_test:/home/autoware/autoware/install/ad_api_visualizers:/opt/ros/humble /usr/bin/cmake --build /home/autoware/aichallenge2023-integration-final-main/build/ndt_omp -- -j16 -l16
[0.563s] [ 57%] Built target ndt_omp
[0.788s] [100%] Built target multigrid_ndt_omp
[0.849s] Invoked command in '/home/autoware/aichallenge2023-integration-final-main/build/ndt_omp' returned '0': CMAKE_PREFIX_PATH=${CMAKE_PREFIX_PATH}:/home/autoware/aichallenge2023-integration-final-main/install/simulator_compatibility_test:/home/autoware/aichallenge2023-integration-final-main/install/ad_api_visualizers:/home/autoware/autoware/install/simulator_compatibility_test:/home/autoware/autoware/install/ad_api_visualizers:/opt/ros/humble /usr/bin/cmake --build /home/autoware/aichallenge2023-integration-final-main/build/ndt_omp -- -j16 -l16
[1.569s] Invoking command in '/home/autoware/aichallenge2023-integration-final-main/build/ndt_omp': CMAKE_PREFIX_PATH=${CMAKE_PREFIX_PATH}:/home/autoware/aichallenge2023-integration-final-main/install/simulator_compatibility_test:/home/autoware/aichallenge2023-integration-final-main/install/ad_api_visualizers:/home/autoware/autoware/install/simulator_compatibility_test:/home/autoware/autoware/install/ad_api_visualizers:/opt/ros/humble /usr/bin/cmake --install /home/autoware/aichallenge2023-integration-final-main/build/ndt_omp
[1.625s] -- Install configuration: "RELEASE"
[1.626s] -- Execute custom install script
[1.627s] -- Up-to-date symlink: /home/autoware/aichallenge2023-integration-final-main/install/ndt_omp/include/multigrid_pclomp/multi_voxel_grid_covariance_omp.h
[1.628s] -- Up-to-date symlink: /home/autoware/aichallenge2023-integration-final-main/install/ndt_omp/include/multigrid_pclomp/multi_voxel_grid_covariance_omp_impl.hpp
[1.628s] -- Up-to-date symlink: /home/autoware/aichallenge2023-integration-final-main/install/ndt_omp/include/multigrid_pclomp/multigrid_ndt_omp.h
[1.629s] -- Up-to-date symlink: /home/autoware/aichallenge2023-integration-final-main/install/ndt_omp/include/multigrid_pclomp/multigrid_ndt_omp_impl.hpp
[1.629s] -- Up-to-date symlink: /home/autoware/aichallenge2023-integration-final-main/install/ndt_omp/include/pclomp/gicp_omp.h
[1.630s] -- Up-to-date symlink: /home/autoware/aichallenge2023-integration-final-main/install/ndt_omp/include/pclomp/gicp_omp_impl.hpp
[1.631s] -- Up-to-date symlink: /home/autoware/aichallenge2023-integration-final-main/install/ndt_omp/include/pclomp/ndt_omp.h
[1.631s] -- Up-to-date symlink: /home/autoware/aichallenge2023-integration-final-main/install/ndt_omp/include/pclomp/ndt_omp_impl.hpp
[1.632s] -- Up-to-date symlink: /home/autoware/aichallenge2023-integration-final-main/install/ndt_omp/include/pclomp/voxel_grid_covariance_omp.h
[1.632s] -- Up-to-date symlink: /home/autoware/aichallenge2023-integration-final-main/install/ndt_omp/include/pclomp/voxel_grid_covariance_omp_impl.hpp
[1.634s] -- Up-to-date symlink: /home/autoware/aichallenge2023-integration-final-main/install/ndt_omp/share/ndt_omp/environment/library_path.sh
[1.634s] -- Up-to-date symlink: /home/autoware/aichallenge2023-integration-final-main/install/ndt_omp/share/ndt_omp/environment/library_path.dsv
[1.634s] -- Up-to-date symlink: /home/autoware/aichallenge2023-integration-final-main/install/ndt_omp/lib/libndt_omp.so
[1.634s] -- Up-to-date symlink: /home/autoware/aichallenge2023-integration-final-main/install/ndt_omp/lib/libmultigrid_ndt_omp.so
[1.635s] -- Up-to-date symlink: /home/autoware/aichallenge2023-integration-final-main/install/ndt_omp/share/ament_index/resource_index/package_run_dependencies/ndt_omp
[1.636s] -- Up-to-date symlink: /home/autoware/aichallenge2023-integration-final-main/install/ndt_omp/share/ament_index/resource_index/parent_prefix_path/ndt_omp
[1.637s] -- Up-to-date symlink: /home/autoware/aichallenge2023-integration-final-main/install/ndt_omp/share/ndt_omp/environment/ament_prefix_path.sh
[1.637s] -- Up-to-date symlink: /home/autoware/aichallenge2023-integration-final-main/install/ndt_omp/share/ndt_omp/environment/ament_prefix_path.dsv
[1.638s] -- Up-to-date symlink: /home/autoware/aichallenge2023-integration-final-main/install/ndt_omp/share/ndt_omp/environment/path.sh
[1.638s] -- Up-to-date symlink: /home/autoware/aichallenge2023-integration-final-main/install/ndt_omp/share/ndt_omp/environment/path.dsv
[1.639s] -- Up-to-date symlink: /home/autoware/aichallenge2023-integration-final-main/install/ndt_omp/share/ndt_omp/local_setup.bash
[1.640s] -- Up-to-date symlink: /home/autoware/aichallenge2023-integration-final-main/install/ndt_omp/share/ndt_omp/local_setup.sh
[1.640s] -- Up-to-date symlink: /home/autoware/aichallenge2023-integration-final-main/install/ndt_omp/share/ndt_omp/local_setup.zsh
[1.641s] -- Up-to-date symlink: /home/autoware/aichallenge2023-integration-final-main/install/ndt_omp/share/ndt_omp/local_setup.dsv
[1.641s] -- Symlinking: /home/autoware/aichallenge2023-integration-final-main/install/ndt_omp/share/ndt_omp/package.dsv
[1.706s] -- Up-to-date symlink: /home/autoware/aichallenge2023-integration-final-main/install/ndt_omp/share/ament_index/resource_index/packages/ndt_omp
[1.706s] -- Up-to-date symlink: /home/autoware/aichallenge2023-integration-final-main/install/ndt_omp/share/ndt_omp/cmake/ament_cmake_export_include_directories-extras.cmake
[1.706s] -- Up-to-date symlink: /home/autoware/aichallenge2023-integration-final-main/install/ndt_omp/share/ndt_omp/cmake/ament_cmake_export_libraries-extras.cmake
[1.707s] -- Up-to-date symlink: /home/autoware/aichallenge2023-integration-final-main/install/ndt_omp/share/ndt_omp/cmake/ndt_ompConfig.cmake
[1.707s] -- Up-to-date symlink: /home/autoware/aichallenge2023-integration-final-main/install/ndt_omp/share/ndt_omp/cmake/ndt_ompConfig-version.cmake
[1.707s] -- Up-to-date symlink: /home/autoware/aichallenge2023-integration-final-main/install/ndt_omp/share/ndt_omp/package.xml
[1.715s] Invoked command in '/home/autoware/aichallenge2023-integration-final-main/build/ndt_omp' returned '0': CMAKE_PREFIX_PATH=${CMAKE_PREFIX_PATH}:/home/autoware/aichallenge2023-integration-final-main/install/simulator_compatibility_test:/home/autoware/aichallenge2023-integration-final-main/install/ad_api_visualizers:/home/autoware/autoware/install/simulator_compatibility_test:/home/autoware/autoware/install/ad_api_visualizers:/opt/ros/humble /usr/bin/cmake --install /home/autoware/aichallenge2023-integration-final-main/build/ndt_omp
