[0.155s] Invoking command in '/home/autoware/aichallenge2023-integration-final-main/build/tier4_debug_msgs': CMAKE_PREFIX_PATH=${CMAKE_PREFIX_PATH}:/home/autoware/autoware/install/simulator_compatibility_test:/home/autoware/autoware/install/ad_api_visualizers:/opt/ros/humble /usr/bin/cmake --build /home/autoware/aichallenge2023-integration-final-main/build/tier4_debug_msgs -- -j16 -l16
[0.432s] [  0%] Built target tier4_debug_msgs__cpp
[0.562s] [ 12%] Built target tier4_debug_msgs__rosidl_generator_c
[0.608s] [ 12%] Built target ament_cmake_python_symlink_tier4_debug_msgs
[0.932s] [ 23%] Built target tier4_debug_msgs__rosidl_typesupport_fastrtps_cpp
[0.957s] [ 35%] Built target tier4_debug_msgs__rosidl_typesupport_cpp
[0.967s] [ 47%] Built target tier4_debug_msgs__rosidl_typesupport_introspection_cpp
[0.985s] [ 59%] Built target tier4_debug_msgs__rosidl_typesupport_fastrtps_c
[1.145s] [ 71%] Built target tier4_debug_msgs__rosidl_typesupport_introspection_c
[1.168s] [ 83%] Built target tier4_debug_msgs__rosidl_typesupport_c
[1.428s] [ 83%] Built target tier4_debug_msgs
[1.617s] [ 84%] Built target tier4_debug_msgs__py
[1.739s] running egg_info
[1.741s] writing tier4_debug_msgs.egg-info/PKG-INFO
[1.741s] writing dependency_links to tier4_debug_msgs.egg-info/dependency_links.txt
[1.741s] writing top-level names to tier4_debug_msgs.egg-info/top_level.txt
[1.746s] reading manifest file 'tier4_debug_msgs.egg-info/SOURCES.txt'
[1.747s] writing manifest file 'tier4_debug_msgs.egg-info/SOURCES.txt'
[1.815s] [ 95%] Built target tier4_debug_msgs__rosidl_generator_py
[1.841s] [ 95%] Built target ament_cmake_python_build_tier4_debug_msgs_egg
[1.991s] [ 97%] Built target tier4_debug_msgs__rosidl_typesupport_fastrtps_c__pyext
[2.035s] [ 98%] Built target tier4_debug_msgs__rosidl_typesupport_c__pyext
[2.066s] [100%] Built target tier4_debug_msgs__rosidl_typesupport_introspection_c__pyext
[2.147s] Invoked command in '/home/autoware/aichallenge2023-integration-final-main/build/tier4_debug_msgs' returned '0': CMAKE_PREFIX_PATH=${CMAKE_PREFIX_PATH}:/home/autoware/autoware/install/simulator_compatibility_test:/home/autoware/autoware/install/ad_api_visualizers:/opt/ros/humble /usr/bin/cmake --build /home/autoware/aichallenge2023-integration-final-main/build/tier4_debug_msgs -- -j16 -l16
[9.295s] Invoking command in '/home/autoware/aichallenge2023-integration-final-main/build/tier4_debug_msgs': CMAKE_PREFIX_PATH=${CMAKE_PREFIX_PATH}:/home/autoware/autoware/install/simulator_compatibility_test:/home/autoware/autoware/install/ad_api_visualizers:/opt/ros/humble /usr/bin/cmake --install /home/autoware/aichallenge2023-integration-final-main/build/tier4_debug_msgs
[9.375s] -- Install configuration: "Release"
[9.376s] -- Execute custom install script
[9.377s] -- Up-to-date symlink: /home/autoware/aichallenge2023-integration-final-main/install/tier4_debug_msgs/share/ament_index/resource_index/rosidl_interfaces/tier4_debug_msgs
[9.378s] -- Up-to-date symlink: /home/autoware/aichallenge2023-integration-final-main/install/tier4_debug_msgs/include/tier4_debug_msgs/tier4_debug_msgs/msg/bool_stamped.h
[9.379s] -- Up-to-date symlink: /home/autoware/aichallenge2023-integration-final-main/install/tier4_debug_msgs/include/tier4_debug_msgs/tier4_debug_msgs/msg/detail/bool_stamped__functions.h
[9.379s] -- Up-to-date symlink: /home/autoware/aichallenge2023-integration-final-main/install/tier4_debug_msgs/include/tier4_debug_msgs/tier4_debug_msgs/msg/detail/bool_stamped__struct.h
[9.379s] -- Up-to-date symlink: /home/autoware/aichallenge2023-integration-final-main/install/tier4_debug_msgs/include/tier4_debug_msgs/tier4_debug_msgs/msg/detail/bool_stamped__type_support.h
[9.379s] -- Up-to-date symlink: /home/autoware/aichallenge2023-integration-final-main/install/tier4_debug_msgs/include/tier4_debug_msgs/tier4_debug_msgs/msg/detail/float32_multi_array_stamped__functions.h
[9.380s] -- Up-to-date symlink: /home/autoware/aichallenge2023-integration-final-main/install/tier4_debug_msgs/include/tier4_debug_msgs/tier4_debug_msgs/msg/detail/float32_multi_array_stamped__struct.h
[9.383s] -- Up-to-date symlink: /home/autoware/aichallenge2023-integration-final-main/install/tier4_debug_msgs/include/tier4_debug_msgs/tier4_debug_msgs/msg/detail/float32_multi_array_stamped__type_support.h
[9.383s] -- Up-to-date symlink: /home/autoware/aichallenge2023-integration-final-main/install/tier4_debug_msgs/include/tier4_debug_msgs/tier4_debug_msgs/msg/detail/float32_stamped__functions.h
[9.383s] -- Up-to-date symlink: /home/autoware/aichallenge2023-integration-final-main/install/tier4_debug_msgs/include/tier4_debug_msgs/tier4_debug_msgs/msg/detail/float32_stamped__struct.h
[9.383s] -- Up-to-date symlink: /home/autoware/aichallenge2023-integration-final-main/install/tier4_debug_msgs/include/tier4_debug_msgs/tier4_debug_msgs/msg/detail/float32_stamped__type_support.h
[9.384s] -- Up-to-date symlink: /home/autoware/aichallenge2023-integration-final-main/install/tier4_debug_msgs/include/tier4_debug_msgs/tier4_debug_msgs/msg/detail/float64_multi_array_stamped__functions.h
[9.384s] -- Up-to-date symlink: /home/autoware/aichallenge2023-integration-final-main/install/tier4_debug_msgs/include/tier4_debug_msgs/tier4_debug_msgs/msg/detail/float64_multi_array_stamped__struct.h
[9.384s] -- Up-to-date symlink: /home/autoware/aichallenge2023-integration-final-main/install/tier4_debug_msgs/include/tier4_debug_msgs/tier4_debug_msgs/msg/detail/float64_multi_array_stamped__type_support.h
[9.384s] -- Up-to-date symlink: /home/autoware/aichallenge2023-integration-final-main/install/tier4_debug_msgs/include/tier4_debug_msgs/tier4_debug_msgs/msg/detail/float64_stamped__functions.h
[9.384s] -- Up-to-date symlink: /home/autoware/aichallenge2023-integration-final-main/install/tier4_debug_msgs/include/tier4_debug_msgs/tier4_debug_msgs/msg/detail/float64_stamped__struct.h
[9.384s] -- Up-to-date symlink: /home/autoware/aichallenge2023-integration-final-main/install/tier4_debug_msgs/include/tier4_debug_msgs/tier4_debug_msgs/msg/detail/float64_stamped__type_support.h
[9.385s] -- Up-to-date symlink: /home/autoware/aichallenge2023-integration-final-main/install/tier4_debug_msgs/include/tier4_debug_msgs/tier4_debug_msgs/msg/detail/int32_multi_array_stamped__functions.h
[9.385s] -- Up-to-date symlink: /home/autoware/aichallenge2023-integration-final-main/install/tier4_debug_msgs/include/tier4_debug_msgs/tier4_debug_msgs/msg/detail/int32_multi_array_stamped__struct.h
[9.385s] -- Up-to-date symlink: /home/autoware/aichallenge2023-integration-final-main/install/tier4_debug_msgs/include/tier4_debug_msgs/tier4_debug_msgs/msg/detail/int32_multi_array_stamped__type_support.h
[9.385s] -- Up-to-date symlink: /home/autoware/aichallenge2023-integration-final-main/install/tier4_debug_msgs/include/tier4_debug_msgs/tier4_debug_msgs/msg/detail/int32_stamped__functions.h
[9.385s] -- Up-to-date symlink: /home/autoware/aichallenge2023-integration-final-main/install/tier4_debug_msgs/include/tier4_debug_msgs/tier4_debug_msgs/msg/detail/int32_stamped__struct.h
[9.385s] -- Up-to-date symlink: /home/autoware/aichallenge2023-integration-final-main/install/tier4_debug_msgs/include/tier4_debug_msgs/tier4_debug_msgs/msg/detail/int32_stamped__type_support.h
[9.386s] -- Up-to-date symlink: /home/autoware/aichallenge2023-integration-final-main/install/tier4_debug_msgs/include/tier4_debug_msgs/tier4_debug_msgs/msg/detail/int64_multi_array_stamped__functions.h
[9.386s] -- Up-to-date symlink: /home/autoware/aichallenge2023-integration-final-main/install/tier4_debug_msgs/include/tier4_debug_msgs/tier4_debug_msgs/msg/detail/int64_multi_array_stamped__struct.h
[9.386s] -- Up-to-date symlink: /home/autoware/aichallenge2023-integration-final-main/install/tier4_debug_msgs/include/tier4_debug_msgs/tier4_debug_msgs/msg/detail/int64_multi_array_stamped__type_support.h
[9.386s] -- Up-to-date symlink: /home/autoware/aichallenge2023-integration-final-main/install/tier4_debug_msgs/include/tier4_debug_msgs/tier4_debug_msgs/msg/detail/int64_stamped__functions.h
[9.387s] -- Up-to-date symlink: /home/autoware/aichallenge2023-integration-final-main/install/tier4_debug_msgs/include/tier4_debug_msgs/tier4_debug_msgs/msg/detail/int64_stamped__struct.h
[9.387s] -- Up-to-date symlink: /home/autoware/aichallenge2023-integration-final-main/install/tier4_debug_msgs/include/tier4_debug_msgs/tier4_debug_msgs/msg/detail/int64_stamped__type_support.h
[9.387s] -- Up-to-date symlink: /home/autoware/aichallenge2023-integration-final-main/install/tier4_debug_msgs/include/tier4_debug_msgs/tier4_debug_msgs/msg/detail/multi_array_dimension__functions.h
[9.387s] -- Up-to-date symlink: /home/autoware/aichallenge2023-integration-final-main/install/tier4_debug_msgs/include/tier4_debug_msgs/tier4_debug_msgs/msg/detail/multi_array_dimension__struct.h
[9.387s] -- Up-to-date symlink: /home/autoware/aichallenge2023-integration-final-main/install/tier4_debug_msgs/include/tier4_debug_msgs/tier4_debug_msgs/msg/detail/multi_array_dimension__type_support.h
[9.387s] -- Up-to-date symlink: /home/autoware/aichallenge2023-integration-final-main/install/tier4_debug_msgs/include/tier4_debug_msgs/tier4_debug_msgs/msg/detail/multi_array_layout__functions.h
[9.388s] -- Up-to-date symlink: /home/autoware/aichallenge2023-integration-final-main/install/tier4_debug_msgs/include/tier4_debug_msgs/tier4_debug_msgs/msg/detail/multi_array_layout__struct.h
[9.388s] -- Up-to-date symlink: /home/autoware/aichallenge2023-integration-final-main/install/tier4_debug_msgs/include/tier4_debug_msgs/tier4_debug_msgs/msg/detail/multi_array_layout__type_support.h
[9.388s] -- Up-to-date symlink: /home/autoware/aichallenge2023-integration-final-main/install/tier4_debug_msgs/include/tier4_debug_msgs/tier4_debug_msgs/msg/detail/string_stamped__functions.h
[9.388s] -- Up-to-date symlink: /home/autoware/aichallenge2023-integration-final-main/install/tier4_debug_msgs/include/tier4_debug_msgs/tier4_debug_msgs/msg/detail/string_stamped__struct.h
[9.388s] -- Up-to-date symlink: /home/autoware/aichallenge2023-integration-final-main/install/tier4_debug_msgs/include/tier4_debug_msgs/tier4_debug_msgs/msg/detail/string_stamped__type_support.h
[9.388s] -- Up-to-date symlink: /home/autoware/aichallenge2023-integration-final-main/install/tier4_debug_msgs/include/tier4_debug_msgs/tier4_debug_msgs/msg/float32_multi_array_stamped.h
[9.388s] -- Up-to-date symlink: /home/autoware/aichallenge2023-integration-final-main/install/tier4_debug_msgs/include/tier4_debug_msgs/tier4_debug_msgs/msg/float32_stamped.h
[9.389s] -- Up-to-date symlink: /home/autoware/aichallenge2023-integration-final-main/install/tier4_debug_msgs/include/tier4_debug_msgs/tier4_debug_msgs/msg/float64_multi_array_stamped.h
[9.389s] -- Up-to-date symlink: /home/autoware/aichallenge2023-integration-final-main/install/tier4_debug_msgs/include/tier4_debug_msgs/tier4_debug_msgs/msg/float64_stamped.h
[9.389s] -- Up-to-date symlink: /home/autoware/aichallenge2023-integration-final-main/install/tier4_debug_msgs/include/tier4_debug_msgs/tier4_debug_msgs/msg/int32_multi_array_stamped.h
[9.389s] -- Up-to-date symlink: /home/autoware/aichallenge2023-integration-final-main/install/tier4_debug_msgs/include/tier4_debug_msgs/tier4_debug_msgs/msg/int32_stamped.h
[9.389s] -- Up-to-date symlink: /home/autoware/aichallenge2023-integration-final-main/install/tier4_debug_msgs/include/tier4_debug_msgs/tier4_debug_msgs/msg/int64_multi_array_stamped.h
[9.390s] -- Up-to-date symlink: /home/autoware/aichallenge2023-integration-final-main/install/tier4_debug_msgs/include/tier4_debug_msgs/tier4_debug_msgs/msg/int64_stamped.h
[9.390s] -- Up-to-date symlink: /home/autoware/aichallenge2023-integration-final-main/install/tier4_debug_msgs/include/tier4_debug_msgs/tier4_debug_msgs/msg/multi_array_dimension.h
[9.390s] -- Up-to-date symlink: /home/autoware/aichallenge2023-integration-final-main/install/tier4_debug_msgs/include/tier4_debug_msgs/tier4_debug_msgs/msg/multi_array_layout.h
[9.391s] -- Up-to-date symlink: /home/autoware/aichallenge2023-integration-final-main/install/tier4_debug_msgs/include/tier4_debug_msgs/tier4_debug_msgs/msg/rosidl_generator_c__visibility_control.h
[9.391s] -- Up-to-date symlink: /home/autoware/aichallenge2023-integration-final-main/install/tier4_debug_msgs/include/tier4_debug_msgs/tier4_debug_msgs/msg/string_stamped.h
[9.391s] -- Up-to-date symlink: /home/autoware/aichallenge2023-integration-final-main/install/tier4_debug_msgs/share/tier4_debug_msgs/environment/library_path.sh
[9.392s] -- Up-to-date symlink: /home/autoware/aichallenge2023-integration-final-main/install/tier4_debug_msgs/share/tier4_debug_msgs/environment/library_path.dsv
[9.393s] -- Up-to-date symlink: /home/autoware/aichallenge2023-integration-final-main/install/tier4_debug_msgs/include/tier4_debug_msgs/tier4_debug_msgs/msg/detail/bool_stamped__rosidl_typesupport_fastrtps_c.h
[9.394s] -- Up-to-date symlink: /home/autoware/aichallenge2023-integration-final-main/install/tier4_debug_msgs/include/tier4_debug_msgs/tier4_debug_msgs/msg/detail/float32_multi_array_stamped__rosidl_typesupport_fastrtps_c.h
[9.394s] -- Up-to-date symlink: /home/autoware/aichallenge2023-integration-final-main/install/tier4_debug_msgs/include/tier4_debug_msgs/tier4_debug_msgs/msg/detail/float32_stamped__rosidl_typesupport_fastrtps_c.h
[9.394s] -- Up-to-date symlink: /home/autoware/aichallenge2023-integration-final-main/install/tier4_debug_msgs/include/tier4_debug_msgs/tier4_debug_msgs/msg/detail/float64_multi_array_stamped__rosidl_typesupport_fastrtps_c.h
[9.394s] -- Up-to-date symlink: /home/autoware/aichallenge2023-integration-final-main/install/tier4_debug_msgs/include/tier4_debug_msgs/tier4_debug_msgs/msg/detail/float64_stamped__rosidl_typesupport_fastrtps_c.h
[9.395s] -- Up-to-date symlink: /home/autoware/aichallenge2023-integration-final-main/install/tier4_debug_msgs/include/tier4_debug_msgs/tier4_debug_msgs/msg/detail/int32_multi_array_stamped__rosidl_typesupport_fastrtps_c.h
[9.395s] -- Up-to-date symlink: /home/autoware/aichallenge2023-integration-final-main/install/tier4_debug_msgs/include/tier4_debug_msgs/tier4_debug_msgs/msg/detail/int32_stamped__rosidl_typesupport_fastrtps_c.h
[9.395s] -- Up-to-date symlink: /home/autoware/aichallenge2023-integration-final-main/install/tier4_debug_msgs/include/tier4_debug_msgs/tier4_debug_msgs/msg/detail/int64_multi_array_stamped__rosidl_typesupport_fastrtps_c.h
[9.396s] -- Up-to-date symlink: /home/autoware/aichallenge2023-integration-final-main/install/tier4_debug_msgs/include/tier4_debug_msgs/tier4_debug_msgs/msg/detail/int64_stamped__rosidl_typesupport_fastrtps_c.h
[9.397s] -- Up-to-date symlink: /home/autoware/aichallenge2023-integration-final-main/install/tier4_debug_msgs/include/tier4_debug_msgs/tier4_debug_msgs/msg/detail/multi_array_dimension__rosidl_typesupport_fastrtps_c.h
[9.397s] -- Up-to-date symlink: /home/autoware/aichallenge2023-integration-final-main/install/tier4_debug_msgs/include/tier4_debug_msgs/tier4_debug_msgs/msg/detail/multi_array_layout__rosidl_typesupport_fastrtps_c.h
[9.406s] -- Up-to-date symlink: /home/autoware/aichallenge2023-integration-final-main/install/tier4_debug_msgs/include/tier4_debug_msgs/tier4_debug_msgs/msg/detail/string_stamped__rosidl_typesupport_fastrtps_c.h
[9.407s] -- Up-to-date symlink: /home/autoware/aichallenge2023-integration-final-main/install/tier4_debug_msgs/include/tier4_debug_msgs/tier4_debug_msgs/msg/rosidl_typesupport_fastrtps_c__visibility_control.h
[9.408s] -- Up-to-date symlink: /home/autoware/aichallenge2023-integration-final-main/install/tier4_debug_msgs/include/tier4_debug_msgs/tier4_debug_msgs/msg/detail/bool_stamped__rosidl_typesupport_introspection_c.h
[9.408s] -- Up-to-date symlink: /home/autoware/aichallenge2023-integration-final-main/install/tier4_debug_msgs/include/tier4_debug_msgs/tier4_debug_msgs/msg/detail/float32_multi_array_stamped__rosidl_typesupport_introspection_c.h
[9.408s] -- Up-to-date symlink: /home/autoware/aichallenge2023-integration-final-main/install/tier4_debug_msgs/include/tier4_debug_msgs/tier4_debug_msgs/msg/detail/float32_stamped__rosidl_typesupport_introspection_c.h
[9.409s] -- Up-to-date symlink: /home/autoware/aichallenge2023-integration-final-main/install/tier4_debug_msgs/include/tier4_debug_msgs/tier4_debug_msgs/msg/detail/float64_multi_array_stamped__rosidl_typesupport_introspection_c.h
[9.409s] -- Up-to-date symlink: /home/autoware/aichallenge2023-integration-final-main/install/tier4_debug_msgs/include/tier4_debug_msgs/tier4_debug_msgs/msg/detail/float64_stamped__rosidl_typesupport_introspection_c.h
[9.409s] -- Up-to-date symlink: /home/autoware/aichallenge2023-integration-final-main/install/tier4_debug_msgs/include/tier4_debug_msgs/tier4_debug_msgs/msg/detail/int32_multi_array_stamped__rosidl_typesupport_introspection_c.h
[9.409s] -- Up-to-date symlink: /home/autoware/aichallenge2023-integration-final-main/install/tier4_debug_msgs/include/tier4_debug_msgs/tier4_debug_msgs/msg/detail/int32_stamped__rosidl_typesupport_introspection_c.h
[9.409s] -- Up-to-date symlink: /home/autoware/aichallenge2023-integration-final-main/install/tier4_debug_msgs/include/tier4_debug_msgs/tier4_debug_msgs/msg/detail/int64_multi_array_stamped__rosidl_typesupport_introspection_c.h
[9.410s] -- Up-to-date symlink: /home/autoware/aichallenge2023-integration-final-main/install/tier4_debug_msgs/include/tier4_debug_msgs/tier4_debug_msgs/msg/detail/int64_stamped__rosidl_typesupport_introspection_c.h
[9.410s] -- Up-to-date symlink: /home/autoware/aichallenge2023-integration-final-main/install/tier4_debug_msgs/include/tier4_debug_msgs/tier4_debug_msgs/msg/detail/multi_array_dimension__rosidl_typesupport_introspection_c.h
[9.410s] -- Up-to-date symlink: /home/autoware/aichallenge2023-integration-final-main/install/tier4_debug_msgs/include/tier4_debug_msgs/tier4_debug_msgs/msg/detail/multi_array_layout__rosidl_typesupport_introspection_c.h
[9.410s] -- Up-to-date symlink: /home/autoware/aichallenge2023-integration-final-main/install/tier4_debug_msgs/include/tier4_debug_msgs/tier4_debug_msgs/msg/detail/string_stamped__rosidl_typesupport_introspection_c.h
[9.410s] -- Up-to-date symlink: /home/autoware/aichallenge2023-integration-final-main/install/tier4_debug_msgs/include/tier4_debug_msgs/tier4_debug_msgs/msg/rosidl_typesupport_introspection_c__visibility_control.h
[9.412s] -- Up-to-date symlink: /home/autoware/aichallenge2023-integration-final-main/install/tier4_debug_msgs/include/tier4_debug_msgs/tier4_debug_msgs/msg/bool_stamped.hpp
[9.412s] -- Up-to-date symlink: /home/autoware/aichallenge2023-integration-final-main/install/tier4_debug_msgs/include/tier4_debug_msgs/tier4_debug_msgs/msg/detail/bool_stamped__builder.hpp
[9.412s] -- Up-to-date symlink: /home/autoware/aichallenge2023-integration-final-main/install/tier4_debug_msgs/include/tier4_debug_msgs/tier4_debug_msgs/msg/detail/bool_stamped__struct.hpp
[9.413s] -- Up-to-date symlink: /home/autoware/aichallenge2023-integration-final-main/install/tier4_debug_msgs/include/tier4_debug_msgs/tier4_debug_msgs/msg/detail/bool_stamped__traits.hpp
[9.413s] -- Up-to-date symlink: /home/autoware/aichallenge2023-integration-final-main/install/tier4_debug_msgs/include/tier4_debug_msgs/tier4_debug_msgs/msg/detail/float32_multi_array_stamped__builder.hpp
[9.413s] -- Up-to-date symlink: /home/autoware/aichallenge2023-integration-final-main/install/tier4_debug_msgs/include/tier4_debug_msgs/tier4_debug_msgs/msg/detail/float32_multi_array_stamped__struct.hpp
[9.413s] -- Up-to-date symlink: /home/autoware/aichallenge2023-integration-final-main/install/tier4_debug_msgs/include/tier4_debug_msgs/tier4_debug_msgs/msg/detail/float32_multi_array_stamped__traits.hpp
[9.413s] -- Up-to-date symlink: /home/autoware/aichallenge2023-integration-final-main/install/tier4_debug_msgs/include/tier4_debug_msgs/tier4_debug_msgs/msg/detail/float32_stamped__builder.hpp
[9.414s] -- Up-to-date symlink: /home/autoware/aichallenge2023-integration-final-main/install/tier4_debug_msgs/include/tier4_debug_msgs/tier4_debug_msgs/msg/detail/float32_stamped__struct.hpp
[9.414s] -- Up-to-date symlink: /home/autoware/aichallenge2023-integration-final-main/install/tier4_debug_msgs/include/tier4_debug_msgs/tier4_debug_msgs/msg/detail/float32_stamped__traits.hpp
[9.414s] -- Up-to-date symlink: /home/autoware/aichallenge2023-integration-final-main/install/tier4_debug_msgs/include/tier4_debug_msgs/tier4_debug_msgs/msg/detail/float64_multi_array_stamped__builder.hpp
[9.415s] -- Up-to-date symlink: /home/autoware/aichallenge2023-integration-final-main/install/tier4_debug_msgs/include/tier4_debug_msgs/tier4_debug_msgs/msg/detail/float64_multi_array_stamped__struct.hpp
[9.415s] -- Up-to-date symlink: /home/autoware/aichallenge2023-integration-final-main/install/tier4_debug_msgs/include/tier4_debug_msgs/tier4_debug_msgs/msg/detail/float64_multi_array_stamped__traits.hpp
[9.415s] -- Up-to-date symlink: /home/autoware/aichallenge2023-integration-final-main/install/tier4_debug_msgs/include/tier4_debug_msgs/tier4_debug_msgs/msg/detail/float64_stamped__builder.hpp
[9.420s] -- Up-to-date symlink: /home/autoware/aichallenge2023-integration-final-main/install/tier4_debug_msgs/include/tier4_debug_msgs/tier4_debug_msgs/msg/detail/float64_stamped__struct.hpp
[9.420s] -- Up-to-date symlink: /home/autoware/aichallenge2023-integration-final-main/install/tier4_debug_msgs/include/tier4_debug_msgs/tier4_debug_msgs/msg/detail/float64_stamped__traits.hpp
[9.420s] -- Up-to-date symlink: /home/autoware/aichallenge2023-integration-final-main/install/tier4_debug_msgs/include/tier4_debug_msgs/tier4_debug_msgs/msg/detail/int32_multi_array_stamped__builder.hpp
[9.420s] -- Up-to-date symlink: /home/autoware/aichallenge2023-integration-final-main/install/tier4_debug_msgs/include/tier4_debug_msgs/tier4_debug_msgs/msg/detail/int32_multi_array_stamped__struct.hpp
[9.421s] -- Up-to-date symlink: /home/autoware/aichallenge2023-integration-final-main/install/tier4_debug_msgs/include/tier4_debug_msgs/tier4_debug_msgs/msg/detail/int32_multi_array_stamped__traits.hpp
[9.421s] -- Up-to-date symlink: /home/autoware/aichallenge2023-integration-final-main/install/tier4_debug_msgs/include/tier4_debug_msgs/tier4_debug_msgs/msg/detail/int32_stamped__builder.hpp
[9.421s] -- Up-to-date symlink: /home/autoware/aichallenge2023-integration-final-main/install/tier4_debug_msgs/include/tier4_debug_msgs/tier4_debug_msgs/msg/detail/int32_stamped__struct.hpp
[9.421s] -- Up-to-date symlink: /home/autoware/aichallenge2023-integration-final-main/install/tier4_debug_msgs/include/tier4_debug_msgs/tier4_debug_msgs/msg/detail/int32_stamped__traits.hpp
[9.422s] -- Up-to-date symlink: /home/autoware/aichallenge2023-integration-final-main/install/tier4_debug_msgs/include/tier4_debug_msgs/tier4_debug_msgs/msg/detail/int64_multi_array_stamped__builder.hpp
[9.422s] -- Up-to-date symlink: /home/autoware/aichallenge2023-integration-final-main/install/tier4_debug_msgs/include/tier4_debug_msgs/tier4_debug_msgs/msg/detail/int64_multi_array_stamped__struct.hpp
[9.422s] -- Up-to-date symlink: /home/autoware/aichallenge2023-integration-final-main/install/tier4_debug_msgs/include/tier4_debug_msgs/tier4_debug_msgs/msg/detail/int64_multi_array_stamped__traits.hpp
[9.422s] -- Up-to-date symlink: /home/autoware/aichallenge2023-integration-final-main/install/tier4_debug_msgs/include/tier4_debug_msgs/tier4_debug_msgs/msg/detail/int64_stamped__builder.hpp
[9.422s] -- Up-to-date symlink: /home/autoware/aichallenge2023-integration-final-main/install/tier4_debug_msgs/include/tier4_debug_msgs/tier4_debug_msgs/msg/detail/int64_stamped__struct.hpp
[9.423s] -- Up-to-date symlink: /home/autoware/aichallenge2023-integration-final-main/install/tier4_debug_msgs/include/tier4_debug_msgs/tier4_debug_msgs/msg/detail/int64_stamped__traits.hpp
[9.423s] -- Up-to-date symlink: /home/autoware/aichallenge2023-integration-final-main/install/tier4_debug_msgs/include/tier4_debug_msgs/tier4_debug_msgs/msg/detail/multi_array_dimension__builder.hpp
[9.423s] -- Up-to-date symlink: /home/autoware/aichallenge2023-integration-final-main/install/tier4_debug_msgs/include/tier4_debug_msgs/tier4_debug_msgs/msg/detail/multi_array_dimension__struct.hpp
[9.423s] -- Up-to-date symlink: /home/autoware/aichallenge2023-integration-final-main/install/tier4_debug_msgs/include/tier4_debug_msgs/tier4_debug_msgs/msg/detail/multi_array_dimension__traits.hpp
[9.424s] -- Up-to-date symlink: /home/autoware/aichallenge2023-integration-final-main/install/tier4_debug_msgs/include/tier4_debug_msgs/tier4_debug_msgs/msg/detail/multi_array_layout__builder.hpp
[9.424s] -- Up-to-date symlink: /home/autoware/aichallenge2023-integration-final-main/install/tier4_debug_msgs/include/tier4_debug_msgs/tier4_debug_msgs/msg/detail/multi_array_layout__struct.hpp
[9.424s] -- Up-to-date symlink: /home/autoware/aichallenge2023-integration-final-main/install/tier4_debug_msgs/include/tier4_debug_msgs/tier4_debug_msgs/msg/detail/multi_array_layout__traits.hpp
[9.424s] -- Up-to-date symlink: /home/autoware/aichallenge2023-integration-final-main/install/tier4_debug_msgs/include/tier4_debug_msgs/tier4_debug_msgs/msg/detail/string_stamped__builder.hpp
[9.425s] -- Up-to-date symlink: /home/autoware/aichallenge2023-integration-final-main/install/tier4_debug_msgs/include/tier4_debug_msgs/tier4_debug_msgs/msg/detail/string_stamped__struct.hpp
[9.425s] -- Up-to-date symlink: /home/autoware/aichallenge2023-integration-final-main/install/tier4_debug_msgs/include/tier4_debug_msgs/tier4_debug_msgs/msg/detail/string_stamped__traits.hpp
[9.425s] -- Up-to-date symlink: /home/autoware/aichallenge2023-integration-final-main/install/tier4_debug_msgs/include/tier4_debug_msgs/tier4_debug_msgs/msg/float32_multi_array_stamped.hpp
[9.426s] -- Up-to-date symlink: /home/autoware/aichallenge2023-integration-final-main/install/tier4_debug_msgs/include/tier4_debug_msgs/tier4_debug_msgs/msg/float32_stamped.hpp
[9.426s] -- Up-to-date symlink: /home/autoware/aichallenge2023-integration-final-main/install/tier4_debug_msgs/include/tier4_debug_msgs/tier4_debug_msgs/msg/float64_multi_array_stamped.hpp
[9.426s] -- Up-to-date symlink: /home/autoware/aichallenge2023-integration-final-main/install/tier4_debug_msgs/include/tier4_debug_msgs/tier4_debug_msgs/msg/float64_stamped.hpp
[9.426s] -- Up-to-date symlink: /home/autoware/aichallenge2023-integration-final-main/install/tier4_debug_msgs/include/tier4_debug_msgs/tier4_debug_msgs/msg/int32_multi_array_stamped.hpp
[9.427s] -- Up-to-date symlink: /home/autoware/aichallenge2023-integration-final-main/install/tier4_debug_msgs/include/tier4_debug_msgs/tier4_debug_msgs/msg/int32_stamped.hpp
[9.427s] -- Up-to-date symlink: /home/autoware/aichallenge2023-integration-final-main/install/tier4_debug_msgs/include/tier4_debug_msgs/tier4_debug_msgs/msg/int64_multi_array_stamped.hpp
[9.427s] -- Up-to-date symlink: /home/autoware/aichallenge2023-integration-final-main/install/tier4_debug_msgs/include/tier4_debug_msgs/tier4_debug_msgs/msg/int64_stamped.hpp
[9.428s] -- Up-to-date symlink: /home/autoware/aichallenge2023-integration-final-main/install/tier4_debug_msgs/include/tier4_debug_msgs/tier4_debug_msgs/msg/multi_array_dimension.hpp
[9.428s] -- Up-to-date symlink: /home/autoware/aichallenge2023-integration-final-main/install/tier4_debug_msgs/include/tier4_debug_msgs/tier4_debug_msgs/msg/multi_array_layout.hpp
[9.428s] -- Up-to-date symlink: /home/autoware/aichallenge2023-integration-final-main/install/tier4_debug_msgs/include/tier4_debug_msgs/tier4_debug_msgs/msg/string_stamped.hpp
[9.430s] -- Up-to-date symlink: /home/autoware/aichallenge2023-integration-final-main/install/tier4_debug_msgs/include/tier4_debug_msgs/tier4_debug_msgs/msg/detail/bool_stamped__rosidl_typesupport_fastrtps_cpp.hpp
[9.430s] -- Up-to-date symlink: /home/autoware/aichallenge2023-integration-final-main/install/tier4_debug_msgs/include/tier4_debug_msgs/tier4_debug_msgs/msg/detail/float32_multi_array_stamped__rosidl_typesupport_fastrtps_cpp.hpp
[9.430s] -- Up-to-date symlink: /home/autoware/aichallenge2023-integration-final-main/install/tier4_debug_msgs/include/tier4_debug_msgs/tier4_debug_msgs/msg/detail/float32_stamped__rosidl_typesupport_fastrtps_cpp.hpp
[9.431s] -- Up-to-date symlink: /home/autoware/aichallenge2023-integration-final-main/install/tier4_debug_msgs/include/tier4_debug_msgs/tier4_debug_msgs/msg/detail/float64_multi_array_stamped__rosidl_typesupport_fastrtps_cpp.hpp
[9.431s] -- Up-to-date symlink: /home/autoware/aichallenge2023-integration-final-main/install/tier4_debug_msgs/include/tier4_debug_msgs/tier4_debug_msgs/msg/detail/float64_stamped__rosidl_typesupport_fastrtps_cpp.hpp
[9.431s] -- Up-to-date symlink: /home/autoware/aichallenge2023-integration-final-main/install/tier4_debug_msgs/include/tier4_debug_msgs/tier4_debug_msgs/msg/detail/int32_multi_array_stamped__rosidl_typesupport_fastrtps_cpp.hpp
[9.431s] -- Up-to-date symlink: /home/autoware/aichallenge2023-integration-final-main/install/tier4_debug_msgs/include/tier4_debug_msgs/tier4_debug_msgs/msg/detail/int32_stamped__rosidl_typesupport_fastrtps_cpp.hpp
[9.432s] -- Up-to-date symlink: /home/autoware/aichallenge2023-integration-final-main/install/tier4_debug_msgs/include/tier4_debug_msgs/tier4_debug_msgs/msg/detail/int64_multi_array_stamped__rosidl_typesupport_fastrtps_cpp.hpp
[9.432s] -- Up-to-date symlink: /home/autoware/aichallenge2023-integration-final-main/install/tier4_debug_msgs/include/tier4_debug_msgs/tier4_debug_msgs/msg/detail/int64_stamped__rosidl_typesupport_fastrtps_cpp.hpp
[9.432s] -- Up-to-date symlink: /home/autoware/aichallenge2023-integration-final-main/install/tier4_debug_msgs/include/tier4_debug_msgs/tier4_debug_msgs/msg/detail/multi_array_dimension__rosidl_typesupport_fastrtps_cpp.hpp
[9.432s] -- Up-to-date symlink: /home/autoware/aichallenge2023-integration-final-main/install/tier4_debug_msgs/include/tier4_debug_msgs/tier4_debug_msgs/msg/detail/multi_array_layout__rosidl_typesupport_fastrtps_cpp.hpp
[9.433s] -- Up-to-date symlink: /home/autoware/aichallenge2023-integration-final-main/install/tier4_debug_msgs/include/tier4_debug_msgs/tier4_debug_msgs/msg/detail/string_stamped__rosidl_typesupport_fastrtps_cpp.hpp
[9.433s] -- Up-to-date symlink: /home/autoware/aichallenge2023-integration-final-main/install/tier4_debug_msgs/include/tier4_debug_msgs/tier4_debug_msgs/msg/rosidl_typesupport_fastrtps_cpp__visibility_control.h
[9.434s] -- Up-to-date symlink: /home/autoware/aichallenge2023-integration-final-main/install/tier4_debug_msgs/include/tier4_debug_msgs/tier4_debug_msgs/msg/detail/bool_stamped__rosidl_typesupport_introspection_cpp.hpp
[9.434s] -- Up-to-date symlink: /home/autoware/aichallenge2023-integration-final-main/install/tier4_debug_msgs/include/tier4_debug_msgs/tier4_debug_msgs/msg/detail/float32_multi_array_stamped__rosidl_typesupport_introspection_cpp.hpp
[9.434s] -- Up-to-date symlink: /home/autoware/aichallenge2023-integration-final-main/install/tier4_debug_msgs/include/tier4_debug_msgs/tier4_debug_msgs/msg/detail/float32_stamped__rosidl_typesupport_introspection_cpp.hpp
[9.434s] -- Up-to-date symlink: /home/autoware/aichallenge2023-integration-final-main/install/tier4_debug_msgs/include/tier4_debug_msgs/tier4_debug_msgs/msg/detail/float64_multi_array_stamped__rosidl_typesupport_introspection_cpp.hpp
[9.435s] -- Up-to-date symlink: /home/autoware/aichallenge2023-integration-final-main/install/tier4_debug_msgs/include/tier4_debug_msgs/tier4_debug_msgs/msg/detail/float64_stamped__rosidl_typesupport_introspection_cpp.hpp
[9.435s] -- Up-to-date symlink: /home/autoware/aichallenge2023-integration-final-main/install/tier4_debug_msgs/include/tier4_debug_msgs/tier4_debug_msgs/msg/detail/int32_multi_array_stamped__rosidl_typesupport_introspection_cpp.hpp
[9.435s] -- Up-to-date symlink: /home/autoware/aichallenge2023-integration-final-main/install/tier4_debug_msgs/include/tier4_debug_msgs/tier4_debug_msgs/msg/detail/int32_stamped__rosidl_typesupport_introspection_cpp.hpp
[9.435s] -- Up-to-date symlink: /home/autoware/aichallenge2023-integration-final-main/install/tier4_debug_msgs/include/tier4_debug_msgs/tier4_debug_msgs/msg/detail/int64_multi_array_stamped__rosidl_typesupport_introspection_cpp.hpp
[9.435s] -- Up-to-date symlink: /home/autoware/aichallenge2023-integration-final-main/install/tier4_debug_msgs/include/tier4_debug_msgs/tier4_debug_msgs/msg/detail/int64_stamped__rosidl_typesupport_introspection_cpp.hpp
[9.436s] -- Up-to-date symlink: /home/autoware/aichallenge2023-integration-final-main/install/tier4_debug_msgs/include/tier4_debug_msgs/tier4_debug_msgs/msg/detail/multi_array_dimension__rosidl_typesupport_introspection_cpp.hpp
[9.437s] -- Up-to-date symlink: /home/autoware/aichallenge2023-integration-final-main/install/tier4_debug_msgs/include/tier4_debug_msgs/tier4_debug_msgs/msg/detail/multi_array_layout__rosidl_typesupport_introspection_cpp.hpp
[9.438s] -- Up-to-date symlink: /home/autoware/aichallenge2023-integration-final-main/install/tier4_debug_msgs/include/tier4_debug_msgs/tier4_debug_msgs/msg/detail/string_stamped__rosidl_typesupport_introspection_cpp.hpp
[9.438s] -- Up-to-date symlink: /home/autoware/aichallenge2023-integration-final-main/install/tier4_debug_msgs/share/tier4_debug_msgs/environment/pythonpath.sh
[9.438s] -- Up-to-date symlink: /home/autoware/aichallenge2023-integration-final-main/install/tier4_debug_msgs/share/tier4_debug_msgs/environment/pythonpath.dsv
[9.438s] -- Up-to-date symlink: /home/autoware/aichallenge2023-integration-final-main/install/tier4_debug_msgs/local/lib/python3.10/dist-packages/tier4_debug_msgs-0.1.0-py3.10.egg-info/PKG-INFO
[9.438s] -- Up-to-date symlink: /home/autoware/aichallenge2023-integration-final-main/install/tier4_debug_msgs/local/lib/python3.10/dist-packages/tier4_debug_msgs-0.1.0-py3.10.egg-info/SOURCES.txt
[9.438s] -- Up-to-date symlink: /home/autoware/aichallenge2023-integration-final-main/install/tier4_debug_msgs/local/lib/python3.10/dist-packages/tier4_debug_msgs-0.1.0-py3.10.egg-info/dependency_links.txt
[9.438s] -- Up-to-date symlink: /home/autoware/aichallenge2023-integration-final-main/install/tier4_debug_msgs/local/lib/python3.10/dist-packages/tier4_debug_msgs-0.1.0-py3.10.egg-info/top_level.txt
[9.441s] -- Up-to-date symlink: /home/autoware/aichallenge2023-integration-final-main/install/tier4_debug_msgs/local/lib/python3.10/dist-packages/tier4_debug_msgs/__init__.py
[9.441s] -- Up-to-date symlink: /home/autoware/aichallenge2023-integration-final-main/install/tier4_debug_msgs/local/lib/python3.10/dist-packages/tier4_debug_msgs/_tier4_debug_msgs_s.ep.rosidl_typesupport_c.c
[9.442s] -- Up-to-date symlink: /home/autoware/aichallenge2023-integration-final-main/install/tier4_debug_msgs/local/lib/python3.10/dist-packages/tier4_debug_msgs/_tier4_debug_msgs_s.ep.rosidl_typesupport_fastrtps_c.c
[9.442s] -- Up-to-date symlink: /home/autoware/aichallenge2023-integration-final-main/install/tier4_debug_msgs/local/lib/python3.10/dist-packages/tier4_debug_msgs/_tier4_debug_msgs_s.ep.rosidl_typesupport_introspection_c.c
[9.442s] -- Up-to-date symlink: /home/autoware/aichallenge2023-integration-final-main/install/tier4_debug_msgs/local/lib/python3.10/dist-packages/tier4_debug_msgs/libtier4_debug_msgs__rosidl_generator_py.so
[9.442s] -- Up-to-date symlink: /home/autoware/aichallenge2023-integration-final-main/install/tier4_debug_msgs/local/lib/python3.10/dist-packages/tier4_debug_msgs/msg/__init__.py
[9.443s] -- Up-to-date symlink: /home/autoware/aichallenge2023-integration-final-main/install/tier4_debug_msgs/local/lib/python3.10/dist-packages/tier4_debug_msgs/msg/_bool_stamped.py
[9.443s] -- Up-to-date symlink: /home/autoware/aichallenge2023-integration-final-main/install/tier4_debug_msgs/local/lib/python3.10/dist-packages/tier4_debug_msgs/msg/_bool_stamped_s.c
[9.443s] -- Up-to-date symlink: /home/autoware/aichallenge2023-integration-final-main/install/tier4_debug_msgs/local/lib/python3.10/dist-packages/tier4_debug_msgs/msg/_float32_multi_array_stamped.py
[9.443s] -- Up-to-date symlink: /home/autoware/aichallenge2023-integration-final-main/install/tier4_debug_msgs/local/lib/python3.10/dist-packages/tier4_debug_msgs/msg/_float32_multi_array_stamped_s.c
[9.443s] -- Up-to-date symlink: /home/autoware/aichallenge2023-integration-final-main/install/tier4_debug_msgs/local/lib/python3.10/dist-packages/tier4_debug_msgs/msg/_float32_stamped.py
[9.444s] -- Up-to-date symlink: /home/autoware/aichallenge2023-integration-final-main/install/tier4_debug_msgs/local/lib/python3.10/dist-packages/tier4_debug_msgs/msg/_float32_stamped_s.c
[9.444s] -- Up-to-date symlink: /home/autoware/aichallenge2023-integration-final-main/install/tier4_debug_msgs/local/lib/python3.10/dist-packages/tier4_debug_msgs/msg/_float64_multi_array_stamped.py
[9.444s] -- Up-to-date symlink: /home/autoware/aichallenge2023-integration-final-main/install/tier4_debug_msgs/local/lib/python3.10/dist-packages/tier4_debug_msgs/msg/_float64_multi_array_stamped_s.c
[9.444s] -- Up-to-date symlink: /home/autoware/aichallenge2023-integration-final-main/install/tier4_debug_msgs/local/lib/python3.10/dist-packages/tier4_debug_msgs/msg/_float64_stamped.py
[9.445s] -- Up-to-date symlink: /home/autoware/aichallenge2023-integration-final-main/install/tier4_debug_msgs/local/lib/python3.10/dist-packages/tier4_debug_msgs/msg/_float64_stamped_s.c
[9.445s] -- Up-to-date symlink: /home/autoware/aichallenge2023-integration-final-main/install/tier4_debug_msgs/local/lib/python3.10/dist-packages/tier4_debug_msgs/msg/_int32_multi_array_stamped.py
[9.445s] -- Up-to-date symlink: /home/autoware/aichallenge2023-integration-final-main/install/tier4_debug_msgs/local/lib/python3.10/dist-packages/tier4_debug_msgs/msg/_int32_multi_array_stamped_s.c
[9.445s] -- Up-to-date symlink: /home/autoware/aichallenge2023-integration-final-main/install/tier4_debug_msgs/local/lib/python3.10/dist-packages/tier4_debug_msgs/msg/_int32_stamped.py
[9.445s] -- Up-to-date symlink: /home/autoware/aichallenge2023-integration-final-main/install/tier4_debug_msgs/local/lib/python3.10/dist-packages/tier4_debug_msgs/msg/_int32_stamped_s.c
[9.446s] -- Up-to-date symlink: /home/autoware/aichallenge2023-integration-final-main/install/tier4_debug_msgs/local/lib/python3.10/dist-packages/tier4_debug_msgs/msg/_int64_multi_array_stamped.py
[9.446s] -- Up-to-date symlink: /home/autoware/aichallenge2023-integration-final-main/install/tier4_debug_msgs/local/lib/python3.10/dist-packages/tier4_debug_msgs/msg/_int64_multi_array_stamped_s.c
[9.446s] -- Up-to-date symlink: /home/autoware/aichallenge2023-integration-final-main/install/tier4_debug_msgs/local/lib/python3.10/dist-packages/tier4_debug_msgs/msg/_int64_stamped.py
[9.446s] -- Up-to-date symlink: /home/autoware/aichallenge2023-integration-final-main/install/tier4_debug_msgs/local/lib/python3.10/dist-packages/tier4_debug_msgs/msg/_int64_stamped_s.c
[9.447s] -- Up-to-date symlink: /home/autoware/aichallenge2023-integration-final-main/install/tier4_debug_msgs/local/lib/python3.10/dist-packages/tier4_debug_msgs/msg/_multi_array_dimension.py
[9.447s] -- Up-to-date symlink: /home/autoware/aichallenge2023-integration-final-main/install/tier4_debug_msgs/local/lib/python3.10/dist-packages/tier4_debug_msgs/msg/_multi_array_dimension_s.c
[9.447s] -- Up-to-date symlink: /home/autoware/aichallenge2023-integration-final-main/install/tier4_debug_msgs/local/lib/python3.10/dist-packages/tier4_debug_msgs/msg/_multi_array_layout.py
[9.448s] -- Up-to-date symlink: /home/autoware/aichallenge2023-integration-final-main/install/tier4_debug_msgs/local/lib/python3.10/dist-packages/tier4_debug_msgs/msg/_multi_array_layout_s.c
[9.448s] -- Up-to-date symlink: /home/autoware/aichallenge2023-integration-final-main/install/tier4_debug_msgs/local/lib/python3.10/dist-packages/tier4_debug_msgs/msg/_string_stamped.py
[9.448s] -- Up-to-date symlink: /home/autoware/aichallenge2023-integration-final-main/install/tier4_debug_msgs/local/lib/python3.10/dist-packages/tier4_debug_msgs/msg/_string_stamped_s.c
[9.448s] -- Up-to-date symlink: /home/autoware/aichallenge2023-integration-final-main/install/tier4_debug_msgs/local/lib/python3.10/dist-packages/tier4_debug_msgs/tier4_debug_msgs_s__rosidl_typesupport_c.cpython-310-x86_64-linux-gnu.so
[9.448s] -- Up-to-date symlink: /home/autoware/aichallenge2023-integration-final-main/install/tier4_debug_msgs/local/lib/python3.10/dist-packages/tier4_debug_msgs/tier4_debug_msgs_s__rosidl_typesupport_fastrtps_c.cpython-310-x86_64-linux-gnu.so
[9.449s] -- Up-to-date symlink: /home/autoware/aichallenge2023-integration-final-main/install/tier4_debug_msgs/local/lib/python3.10/dist-packages/tier4_debug_msgs/tier4_debug_msgs_s__rosidl_typesupport_introspection_c.cpython-310-x86_64-linux-gnu.so
[9.449s] -- Up-to-date symlink: /home/autoware/aichallenge2023-integration-final-main/install/tier4_debug_msgs/local/lib/python3.10/dist-packages/tier4_debug_msgs/tier4_debug_msgs_s__rosidl_typesupport_fastrtps_c.cpython-310-x86_64-linux-gnu.so
[9.449s] -- Up-to-date symlink: /home/autoware/aichallenge2023-integration-final-main/install/tier4_debug_msgs/local/lib/python3.10/dist-packages/tier4_debug_msgs/tier4_debug_msgs_s__rosidl_typesupport_introspection_c.cpython-310-x86_64-linux-gnu.so
[9.450s] -- Up-to-date symlink: /home/autoware/aichallenge2023-integration-final-main/install/tier4_debug_msgs/local/lib/python3.10/dist-packages/tier4_debug_msgs/tier4_debug_msgs_s__rosidl_typesupport_c.cpython-310-x86_64-linux-gnu.so
[9.450s] -- Up-to-date symlink: /home/autoware/aichallenge2023-integration-final-main/install/tier4_debug_msgs/share/tier4_debug_msgs/msg/MultiArrayDimension.idl
[9.450s] -- Up-to-date symlink: /home/autoware/aichallenge2023-integration-final-main/install/tier4_debug_msgs/share/tier4_debug_msgs/msg/MultiArrayLayout.idl
[9.451s] -- Up-to-date symlink: /home/autoware/aichallenge2023-integration-final-main/install/tier4_debug_msgs/share/tier4_debug_msgs/msg/BoolStamped.idl
[9.452s] -- Up-to-date symlink: /home/autoware/aichallenge2023-integration-final-main/install/tier4_debug_msgs/share/tier4_debug_msgs/msg/Float32Stamped.idl
[9.452s] -- Up-to-date symlink: /home/autoware/aichallenge2023-integration-final-main/install/tier4_debug_msgs/share/tier4_debug_msgs/msg/Float32MultiArrayStamped.idl
[9.452s] -- Up-to-date symlink: /home/autoware/aichallenge2023-integration-final-main/install/tier4_debug_msgs/share/tier4_debug_msgs/msg/Float64Stamped.idl
[9.454s] -- Up-to-date symlink: /home/autoware/aichallenge2023-integration-final-main/install/tier4_debug_msgs/share/tier4_debug_msgs/msg/Float64MultiArrayStamped.idl
[9.454s] -- Up-to-date symlink: /home/autoware/aichallenge2023-integration-final-main/install/tier4_debug_msgs/share/tier4_debug_msgs/msg/Int32Stamped.idl
[9.471s] -- Up-to-date symlink: /home/autoware/aichallenge2023-integration-final-main/install/tier4_debug_msgs/share/tier4_debug_msgs/msg/Int32MultiArrayStamped.idl
[9.472s] -- Up-to-date symlink: /home/autoware/aichallenge2023-integration-final-main/install/tier4_debug_msgs/share/tier4_debug_msgs/msg/Int64Stamped.idl
[9.472s] -- Up-to-date symlink: /home/autoware/aichallenge2023-integration-final-main/install/tier4_debug_msgs/share/tier4_debug_msgs/msg/Int64MultiArrayStamped.idl
[9.472s] -- Up-to-date symlink: /home/autoware/aichallenge2023-integration-final-main/install/tier4_debug_msgs/share/tier4_debug_msgs/msg/StringStamped.idl
[9.472s] -- Up-to-date symlink: /home/autoware/aichallenge2023-integration-final-main/install/tier4_debug_msgs/share/tier4_debug_msgs/msg/MultiArrayDimension.msg
[9.473s] -- Up-to-date symlink: /home/autoware/aichallenge2023-integration-final-main/install/tier4_debug_msgs/share/tier4_debug_msgs/msg/MultiArrayLayout.msg
[9.473s] -- Up-to-date symlink: /home/autoware/aichallenge2023-integration-final-main/install/tier4_debug_msgs/share/tier4_debug_msgs/msg/BoolStamped.msg
[9.473s] -- Up-to-date symlink: /home/autoware/aichallenge2023-integration-final-main/install/tier4_debug_msgs/share/tier4_debug_msgs/msg/Float32Stamped.msg
[9.473s] -- Up-to-date symlink: /home/autoware/aichallenge2023-integration-final-main/install/tier4_debug_msgs/share/tier4_debug_msgs/msg/Float32MultiArrayStamped.msg
[9.473s] -- Up-to-date symlink: /home/autoware/aichallenge2023-integration-final-main/install/tier4_debug_msgs/share/tier4_debug_msgs/msg/Float64Stamped.msg
[9.473s] -- Up-to-date symlink: /home/autoware/aichallenge2023-integration-final-main/install/tier4_debug_msgs/share/tier4_debug_msgs/msg/Float64MultiArrayStamped.msg
[9.473s] -- Up-to-date symlink: /home/autoware/aichallenge2023-integration-final-main/install/tier4_debug_msgs/share/tier4_debug_msgs/msg/Int32Stamped.msg
[9.473s] -- Up-to-date symlink: /home/autoware/aichallenge2023-integration-final-main/install/tier4_debug_msgs/share/tier4_debug_msgs/msg/Int32MultiArrayStamped.msg
[9.474s] -- Up-to-date symlink: /home/autoware/aichallenge2023-integration-final-main/install/tier4_debug_msgs/share/tier4_debug_msgs/msg/Int64Stamped.msg
[9.474s] -- Up-to-date symlink: /home/autoware/aichallenge2023-integration-final-main/install/tier4_debug_msgs/share/tier4_debug_msgs/msg/Int64MultiArrayStamped.msg
[9.474s] -- Up-to-date symlink: /home/autoware/aichallenge2023-integration-final-main/install/tier4_debug_msgs/share/tier4_debug_msgs/msg/StringStamped.msg
[9.474s] -- Up-to-date symlink: /home/autoware/aichallenge2023-integration-final-main/install/tier4_debug_msgs/share/ament_index/resource_index/package_run_dependencies/tier4_debug_msgs
[9.474s] -- Up-to-date symlink: /home/autoware/aichallenge2023-integration-final-main/install/tier4_debug_msgs/share/ament_index/resource_index/parent_prefix_path/tier4_debug_msgs
[9.474s] -- Up-to-date symlink: /home/autoware/aichallenge2023-integration-final-main/install/tier4_debug_msgs/share/tier4_debug_msgs/environment/ament_prefix_path.sh
[9.474s] -- Up-to-date symlink: /home/autoware/aichallenge2023-integration-final-main/install/tier4_debug_msgs/share/tier4_debug_msgs/environment/ament_prefix_path.dsv
[9.474s] -- Up-to-date symlink: /home/autoware/aichallenge2023-integration-final-main/install/tier4_debug_msgs/share/tier4_debug_msgs/environment/path.sh
[9.474s] -- Up-to-date symlink: /home/autoware/aichallenge2023-integration-final-main/install/tier4_debug_msgs/share/tier4_debug_msgs/environment/path.dsv
[9.475s] -- Up-to-date symlink: /home/autoware/aichallenge2023-integration-final-main/install/tier4_debug_msgs/share/tier4_debug_msgs/local_setup.bash
[9.475s] -- Up-to-date symlink: /home/autoware/aichallenge2023-integration-final-main/install/tier4_debug_msgs/share/tier4_debug_msgs/local_setup.sh
[9.475s] -- Up-to-date symlink: /home/autoware/aichallenge2023-integration-final-main/install/tier4_debug_msgs/share/tier4_debug_msgs/local_setup.zsh
[9.475s] -- Up-to-date symlink: /home/autoware/aichallenge2023-integration-final-main/install/tier4_debug_msgs/share/tier4_debug_msgs/local_setup.dsv
[9.475s] -- Symlinking: /home/autoware/aichallenge2023-integration-final-main/install/tier4_debug_msgs/share/tier4_debug_msgs/package.dsv
[9.545s] -- Up-to-date symlink: /home/autoware/aichallenge2023-integration-final-main/install/tier4_debug_msgs/share/ament_index/resource_index/packages/tier4_debug_msgs
[9.545s] -- Up-to-date symlink: /home/autoware/aichallenge2023-integration-final-main/install/tier4_debug_msgs/share/tier4_debug_msgs/cmake/rosidl_cmake-extras.cmake
[9.545s] -- Up-to-date symlink: /home/autoware/aichallenge2023-integration-final-main/install/tier4_debug_msgs/share/tier4_debug_msgs/cmake/ament_cmake_export_dependencies-extras.cmake
[9.546s] -- Up-to-date symlink: /home/autoware/aichallenge2023-integration-final-main/install/tier4_debug_msgs/share/tier4_debug_msgs/cmake/ament_cmake_export_include_directories-extras.cmake
[9.546s] -- Up-to-date symlink: /home/autoware/aichallenge2023-integration-final-main/install/tier4_debug_msgs/share/tier4_debug_msgs/cmake/ament_cmake_export_libraries-extras.cmake
[9.546s] -- Up-to-date symlink: /home/autoware/aichallenge2023-integration-final-main/install/tier4_debug_msgs/share/tier4_debug_msgs/cmake/ament_cmake_export_targets-extras.cmake
[9.547s] -- Up-to-date symlink: /home/autoware/aichallenge2023-integration-final-main/install/tier4_debug_msgs/share/tier4_debug_msgs/cmake/rosidl_cmake_export_typesupport_targets-extras.cmake
[9.547s] -- Up-to-date symlink: /home/autoware/aichallenge2023-integration-final-main/install/tier4_debug_msgs/share/tier4_debug_msgs/cmake/rosidl_cmake_export_typesupport_libraries-extras.cmake
[9.547s] -- Up-to-date symlink: /home/autoware/aichallenge2023-integration-final-main/install/tier4_debug_msgs/share/tier4_debug_msgs/cmake/tier4_debug_msgsConfig.cmake
[9.547s] -- Up-to-date symlink: /home/autoware/aichallenge2023-integration-final-main/install/tier4_debug_msgs/share/tier4_debug_msgs/cmake/tier4_debug_msgsConfig-version.cmake
[9.548s] -- Up-to-date symlink: /home/autoware/aichallenge2023-integration-final-main/install/tier4_debug_msgs/share/tier4_debug_msgs/package.xml
[9.548s] -- Up-to-date: /home/autoware/aichallenge2023-integration-final-main/install/tier4_debug_msgs/lib/libtier4_debug_msgs__rosidl_generator_c.so
[9.548s] -- Up-to-date: /home/autoware/aichallenge2023-integration-final-main/install/tier4_debug_msgs/lib/libtier4_debug_msgs__rosidl_typesupport_fastrtps_c.so
[9.549s] -- Up-to-date: /home/autoware/aichallenge2023-integration-final-main/install/tier4_debug_msgs/lib/libtier4_debug_msgs__rosidl_typesupport_introspection_c.so
[9.549s] -- Up-to-date: /home/autoware/aichallenge2023-integration-final-main/install/tier4_debug_msgs/lib/libtier4_debug_msgs__rosidl_typesupport_c.so
[9.550s] -- Up-to-date: /home/autoware/aichallenge2023-integration-final-main/install/tier4_debug_msgs/lib/libtier4_debug_msgs__rosidl_typesupport_fastrtps_cpp.so
[9.551s] -- Up-to-date: /home/autoware/aichallenge2023-integration-final-main/install/tier4_debug_msgs/lib/libtier4_debug_msgs__rosidl_typesupport_introspection_cpp.so
[9.551s] -- Up-to-date: /home/autoware/aichallenge2023-integration-final-main/install/tier4_debug_msgs/lib/libtier4_debug_msgs__rosidl_typesupport_cpp.so
[9.702s] Listing '/home/autoware/aichallenge2023-integration-final-main/install/tier4_debug_msgs/local/lib/python3.10/dist-packages/tier4_debug_msgs'...
[9.702s] Listing '/home/autoware/aichallenge2023-integration-final-main/install/tier4_debug_msgs/local/lib/python3.10/dist-packages/tier4_debug_msgs/msg'...
[9.711s] -- Up-to-date: /home/autoware/aichallenge2023-integration-final-main/install/tier4_debug_msgs/lib/libtier4_debug_msgs__rosidl_generator_py.so
[9.712s] -- Up-to-date: /home/autoware/aichallenge2023-integration-final-main/install/tier4_debug_msgs/share/tier4_debug_msgs/cmake/export_tier4_debug_msgs__rosidl_generator_cExport.cmake
[9.712s] -- Up-to-date: /home/autoware/aichallenge2023-integration-final-main/install/tier4_debug_msgs/share/tier4_debug_msgs/cmake/export_tier4_debug_msgs__rosidl_generator_cExport-release.cmake
[9.712s] -- Up-to-date: /home/autoware/aichallenge2023-integration-final-main/install/tier4_debug_msgs/share/tier4_debug_msgs/cmake/export_tier4_debug_msgs__rosidl_typesupport_fastrtps_cExport.cmake
[9.712s] -- Up-to-date: /home/autoware/aichallenge2023-integration-final-main/install/tier4_debug_msgs/share/tier4_debug_msgs/cmake/export_tier4_debug_msgs__rosidl_typesupport_fastrtps_cExport-release.cmake
[9.713s] -- Up-to-date: /home/autoware/aichallenge2023-integration-final-main/install/tier4_debug_msgs/share/tier4_debug_msgs/cmake/tier4_debug_msgs__rosidl_typesupport_introspection_cExport.cmake
[9.713s] -- Up-to-date: /home/autoware/aichallenge2023-integration-final-main/install/tier4_debug_msgs/share/tier4_debug_msgs/cmake/tier4_debug_msgs__rosidl_typesupport_introspection_cExport-release.cmake
[9.713s] -- Up-to-date: /home/autoware/aichallenge2023-integration-final-main/install/tier4_debug_msgs/share/tier4_debug_msgs/cmake/tier4_debug_msgs__rosidl_typesupport_cExport.cmake
[9.713s] -- Up-to-date: /home/autoware/aichallenge2023-integration-final-main/install/tier4_debug_msgs/share/tier4_debug_msgs/cmake/tier4_debug_msgs__rosidl_typesupport_cExport-release.cmake
[9.714s] -- Up-to-date: /home/autoware/aichallenge2023-integration-final-main/install/tier4_debug_msgs/share/tier4_debug_msgs/cmake/export_tier4_debug_msgs__rosidl_generator_cppExport.cmake
[9.714s] -- Up-to-date: /home/autoware/aichallenge2023-integration-final-main/install/tier4_debug_msgs/share/tier4_debug_msgs/cmake/export_tier4_debug_msgs__rosidl_typesupport_fastrtps_cppExport.cmake
[9.714s] -- Up-to-date: /home/autoware/aichallenge2023-integration-final-main/install/tier4_debug_msgs/share/tier4_debug_msgs/cmake/export_tier4_debug_msgs__rosidl_typesupport_fastrtps_cppExport-release.cmake
[9.714s] -- Up-to-date: /home/autoware/aichallenge2023-integration-final-main/install/tier4_debug_msgs/share/tier4_debug_msgs/cmake/tier4_debug_msgs__rosidl_typesupport_introspection_cppExport.cmake
[9.714s] -- Up-to-date: /home/autoware/aichallenge2023-integration-final-main/install/tier4_debug_msgs/share/tier4_debug_msgs/cmake/tier4_debug_msgs__rosidl_typesupport_introspection_cppExport-release.cmake
[9.714s] -- Up-to-date: /home/autoware/aichallenge2023-integration-final-main/install/tier4_debug_msgs/share/tier4_debug_msgs/cmake/tier4_debug_msgs__rosidl_typesupport_cppExport.cmake
[9.714s] -- Up-to-date: /home/autoware/aichallenge2023-integration-final-main/install/tier4_debug_msgs/share/tier4_debug_msgs/cmake/tier4_debug_msgs__rosidl_typesupport_cppExport-release.cmake
[9.714s] -- Up-to-date: /home/autoware/aichallenge2023-integration-final-main/install/tier4_debug_msgs/share/tier4_debug_msgs/cmake/export_tier4_debug_msgs__rosidl_generator_pyExport.cmake
[9.715s] -- Up-to-date: /home/autoware/aichallenge2023-integration-final-main/install/tier4_debug_msgs/share/tier4_debug_msgs/cmake/export_tier4_debug_msgs__rosidl_generator_pyExport-release.cmake
[9.724s] Invoked command in '/home/autoware/aichallenge2023-integration-final-main/build/tier4_debug_msgs' returned '0': CMAKE_PREFIX_PATH=${CMAKE_PREFIX_PATH}:/home/autoware/autoware/install/simulator_compatibility_test:/home/autoware/autoware/install/ad_api_visualizers:/opt/ros/humble /usr/bin/cmake --install /home/autoware/aichallenge2023-integration-final-main/build/tier4_debug_msgs
