[0.171s] Invoking command in '/home/autoware/aichallenge2023-integration-final-main/build/autoware_map_msgs': CMAKE_PREFIX_PATH=${CMAKE_PREFIX_PATH}:/home/autoware/aichallenge2023-integration-final-main/install/simulator_compatibility_test:/home/autoware/aichallenge2023-integration-final-main/install/ad_api_visualizers:/home/autoware/autoware/install/simulator_compatibility_test:/home/autoware/autoware/install/ad_api_visualizers:/opt/ros/humble /usr/bin/cmake --build /home/autoware/aichallenge2023-integration-final-main/build/autoware_map_msgs -- -j16 -l16
[3.499s] [  1%] Built target autoware_map_msgs__cpp
[3.499s] [ 12%] Built target autoware_map_msgs__rosidl_generator_c
[3.499s] [ 12%] Built target ament_cmake_python_symlink_autoware_map_msgs
[3.499s] [ 23%] Built target autoware_map_msgs__rosidl_typesupport_introspection_cpp
[3.499s] [ 34%] Built target autoware_map_msgs__rosidl_typesupport_fastrtps_cpp
[3.500s] [ 46%] Built target autoware_map_msgs__rosidl_typesupport_cpp
[3.500s] [ 57%] Built target autoware_map_msgs__rosidl_typesupport_fastrtps_c
[3.500s] [ 68%] Built target autoware_map_msgs__rosidl_typesupport_c
[3.500s] [ 79%] Built target autoware_map_msgs__rosidl_typesupport_introspection_c
[3.500s] [ 79%] Built target autoware_map_msgs
[3.500s] running egg_info
[3.500s] writing autoware_map_msgs.egg-info/PKG-INFO
[3.500s] writing dependency_links to autoware_map_msgs.egg-info/dependency_links.txt
[3.500s] writing top-level names to autoware_map_msgs.egg-info/top_level.txt
[3.500s] reading manifest file 'autoware_map_msgs.egg-info/SOURCES.txt'
[3.500s] writing manifest file 'autoware_map_msgs.egg-info/SOURCES.txt'
[3.500s] [ 80%] Built target autoware_map_msgs__py
[3.500s] [ 80%] Built target ament_cmake_python_build_autoware_map_msgs_egg
[3.500s] [ 90%] Built target autoware_map_msgs__rosidl_generator_py
[3.604s] [ 93%] Built target autoware_map_msgs__rosidl_typesupport_c__pyext
[3.669s] [ 96%] Built target autoware_map_msgs__rosidl_typesupport_fastrtps_c__pyext
[3.669s] [100%] Built target autoware_map_msgs__rosidl_typesupport_introspection_c__pyext
[3.751s] Invoked command in '/home/autoware/aichallenge2023-integration-final-main/build/autoware_map_msgs' returned '0': CMAKE_PREFIX_PATH=${CMAKE_PREFIX_PATH}:/home/autoware/aichallenge2023-integration-final-main/install/simulator_compatibility_test:/home/autoware/aichallenge2023-integration-final-main/install/ad_api_visualizers:/home/autoware/autoware/install/simulator_compatibility_test:/home/autoware/autoware/install/ad_api_visualizers:/opt/ros/humble /usr/bin/cmake --build /home/autoware/aichallenge2023-integration-final-main/build/autoware_map_msgs -- -j16 -l16
[6.930s] Invoking command in '/home/autoware/aichallenge2023-integration-final-main/build/autoware_map_msgs': CMAKE_PREFIX_PATH=${CMAKE_PREFIX_PATH}:/home/autoware/aichallenge2023-integration-final-main/install/simulator_compatibility_test:/home/autoware/aichallenge2023-integration-final-main/install/ad_api_visualizers:/home/autoware/autoware/install/simulator_compatibility_test:/home/autoware/autoware/install/ad_api_visualizers:/opt/ros/humble /usr/bin/cmake --install /home/autoware/aichallenge2023-integration-final-main/build/autoware_map_msgs
[6.983s] -- Install configuration: "Release"
[6.983s] -- Execute custom install script
[6.984s] -- Up-to-date symlink: /home/autoware/aichallenge2023-integration-final-main/install/autoware_map_msgs/share/ament_index/resource_index/rosidl_interfaces/autoware_map_msgs
[6.984s] -- Up-to-date symlink: /home/autoware/aichallenge2023-integration-final-main/install/autoware_map_msgs/include/autoware_map_msgs/autoware_map_msgs/msg/area_info.h
[6.984s] -- Up-to-date symlink: /home/autoware/aichallenge2023-integration-final-main/install/autoware_map_msgs/include/autoware_map_msgs/autoware_map_msgs/msg/detail/area_info__functions.h
[6.985s] -- Up-to-date symlink: /home/autoware/aichallenge2023-integration-final-main/install/autoware_map_msgs/include/autoware_map_msgs/autoware_map_msgs/msg/detail/area_info__struct.h
[6.985s] -- Up-to-date symlink: /home/autoware/aichallenge2023-integration-final-main/install/autoware_map_msgs/include/autoware_map_msgs/autoware_map_msgs/msg/detail/area_info__type_support.h
[6.985s] -- Up-to-date symlink: /home/autoware/aichallenge2023-integration-final-main/install/autoware_map_msgs/include/autoware_map_msgs/autoware_map_msgs/msg/detail/lanelet_map_bin__functions.h
[6.985s] -- Up-to-date symlink: /home/autoware/aichallenge2023-integration-final-main/install/autoware_map_msgs/include/autoware_map_msgs/autoware_map_msgs/msg/detail/lanelet_map_bin__struct.h
[6.985s] -- Up-to-date symlink: /home/autoware/aichallenge2023-integration-final-main/install/autoware_map_msgs/include/autoware_map_msgs/autoware_map_msgs/msg/detail/lanelet_map_bin__type_support.h
[6.985s] -- Up-to-date symlink: /home/autoware/aichallenge2023-integration-final-main/install/autoware_map_msgs/include/autoware_map_msgs/autoware_map_msgs/msg/detail/point_cloud_map_cell_with_id__functions.h
[6.985s] -- Up-to-date symlink: /home/autoware/aichallenge2023-integration-final-main/install/autoware_map_msgs/include/autoware_map_msgs/autoware_map_msgs/msg/detail/point_cloud_map_cell_with_id__struct.h
[6.985s] -- Up-to-date symlink: /home/autoware/aichallenge2023-integration-final-main/install/autoware_map_msgs/include/autoware_map_msgs/autoware_map_msgs/msg/detail/point_cloud_map_cell_with_id__type_support.h
[6.985s] -- Up-to-date symlink: /home/autoware/aichallenge2023-integration-final-main/install/autoware_map_msgs/include/autoware_map_msgs/autoware_map_msgs/msg/lanelet_map_bin.h
[6.986s] -- Up-to-date symlink: /home/autoware/aichallenge2023-integration-final-main/install/autoware_map_msgs/include/autoware_map_msgs/autoware_map_msgs/msg/point_cloud_map_cell_with_id.h
[6.986s] -- Up-to-date symlink: /home/autoware/aichallenge2023-integration-final-main/install/autoware_map_msgs/include/autoware_map_msgs/autoware_map_msgs/msg/rosidl_generator_c__visibility_control.h
[6.986s] -- Up-to-date symlink: /home/autoware/aichallenge2023-integration-final-main/install/autoware_map_msgs/include/autoware_map_msgs/autoware_map_msgs/srv/detail/get_differential_point_cloud_map__functions.h
[6.986s] -- Up-to-date symlink: /home/autoware/aichallenge2023-integration-final-main/install/autoware_map_msgs/include/autoware_map_msgs/autoware_map_msgs/srv/detail/get_differential_point_cloud_map__struct.h
[6.986s] -- Up-to-date symlink: /home/autoware/aichallenge2023-integration-final-main/install/autoware_map_msgs/include/autoware_map_msgs/autoware_map_msgs/srv/detail/get_differential_point_cloud_map__type_support.h
[6.986s] -- Up-to-date symlink: /home/autoware/aichallenge2023-integration-final-main/install/autoware_map_msgs/include/autoware_map_msgs/autoware_map_msgs/srv/detail/get_partial_point_cloud_map__functions.h
[6.986s] -- Up-to-date symlink: /home/autoware/aichallenge2023-integration-final-main/install/autoware_map_msgs/include/autoware_map_msgs/autoware_map_msgs/srv/detail/get_partial_point_cloud_map__struct.h
[6.986s] -- Up-to-date symlink: /home/autoware/aichallenge2023-integration-final-main/install/autoware_map_msgs/include/autoware_map_msgs/autoware_map_msgs/srv/detail/get_partial_point_cloud_map__type_support.h
[6.986s] -- Up-to-date symlink: /home/autoware/aichallenge2023-integration-final-main/install/autoware_map_msgs/include/autoware_map_msgs/autoware_map_msgs/srv/get_differential_point_cloud_map.h
[6.987s] -- Up-to-date symlink: /home/autoware/aichallenge2023-integration-final-main/install/autoware_map_msgs/include/autoware_map_msgs/autoware_map_msgs/srv/get_partial_point_cloud_map.h
[6.987s] -- Up-to-date symlink: /home/autoware/aichallenge2023-integration-final-main/install/autoware_map_msgs/share/autoware_map_msgs/environment/library_path.sh
[6.987s] -- Up-to-date symlink: /home/autoware/aichallenge2023-integration-final-main/install/autoware_map_msgs/share/autoware_map_msgs/environment/library_path.dsv
[6.988s] -- Up-to-date symlink: /home/autoware/aichallenge2023-integration-final-main/install/autoware_map_msgs/include/autoware_map_msgs/autoware_map_msgs/msg/detail/area_info__rosidl_typesupport_fastrtps_c.h
[6.988s] -- Up-to-date symlink: /home/autoware/aichallenge2023-integration-final-main/install/autoware_map_msgs/include/autoware_map_msgs/autoware_map_msgs/msg/detail/lanelet_map_bin__rosidl_typesupport_fastrtps_c.h
[6.988s] -- Up-to-date symlink: /home/autoware/aichallenge2023-integration-final-main/install/autoware_map_msgs/include/autoware_map_msgs/autoware_map_msgs/msg/detail/point_cloud_map_cell_with_id__rosidl_typesupport_fastrtps_c.h
[6.988s] -- Up-to-date symlink: /home/autoware/aichallenge2023-integration-final-main/install/autoware_map_msgs/include/autoware_map_msgs/autoware_map_msgs/msg/rosidl_typesupport_fastrtps_c__visibility_control.h
[6.988s] -- Up-to-date symlink: /home/autoware/aichallenge2023-integration-final-main/install/autoware_map_msgs/include/autoware_map_msgs/autoware_map_msgs/srv/detail/get_differential_point_cloud_map__rosidl_typesupport_fastrtps_c.h
[6.988s] -- Up-to-date symlink: /home/autoware/aichallenge2023-integration-final-main/install/autoware_map_msgs/include/autoware_map_msgs/autoware_map_msgs/srv/detail/get_partial_point_cloud_map__rosidl_typesupport_fastrtps_c.h
[6.989s] -- Up-to-date symlink: /home/autoware/aichallenge2023-integration-final-main/install/autoware_map_msgs/include/autoware_map_msgs/autoware_map_msgs/msg/area_info.hpp
[6.989s] -- Up-to-date symlink: /home/autoware/aichallenge2023-integration-final-main/install/autoware_map_msgs/include/autoware_map_msgs/autoware_map_msgs/msg/detail/area_info__builder.hpp
[6.989s] -- Up-to-date symlink: /home/autoware/aichallenge2023-integration-final-main/install/autoware_map_msgs/include/autoware_map_msgs/autoware_map_msgs/msg/detail/area_info__struct.hpp
[6.992s] -- Up-to-date symlink: /home/autoware/aichallenge2023-integration-final-main/install/autoware_map_msgs/include/autoware_map_msgs/autoware_map_msgs/msg/detail/area_info__traits.hpp
[6.992s] -- Up-to-date symlink: /home/autoware/aichallenge2023-integration-final-main/install/autoware_map_msgs/include/autoware_map_msgs/autoware_map_msgs/msg/detail/lanelet_map_bin__builder.hpp
[6.993s] -- Up-to-date symlink: /home/autoware/aichallenge2023-integration-final-main/install/autoware_map_msgs/include/autoware_map_msgs/autoware_map_msgs/msg/detail/lanelet_map_bin__struct.hpp
[6.993s] -- Up-to-date symlink: /home/autoware/aichallenge2023-integration-final-main/install/autoware_map_msgs/include/autoware_map_msgs/autoware_map_msgs/msg/detail/lanelet_map_bin__traits.hpp
[6.993s] -- Up-to-date symlink: /home/autoware/aichallenge2023-integration-final-main/install/autoware_map_msgs/include/autoware_map_msgs/autoware_map_msgs/msg/detail/point_cloud_map_cell_with_id__builder.hpp
[6.993s] -- Up-to-date symlink: /home/autoware/aichallenge2023-integration-final-main/install/autoware_map_msgs/include/autoware_map_msgs/autoware_map_msgs/msg/detail/point_cloud_map_cell_with_id__struct.hpp
[6.993s] -- Up-to-date symlink: /home/autoware/aichallenge2023-integration-final-main/install/autoware_map_msgs/include/autoware_map_msgs/autoware_map_msgs/msg/detail/point_cloud_map_cell_with_id__traits.hpp
[6.993s] -- Up-to-date symlink: /home/autoware/aichallenge2023-integration-final-main/install/autoware_map_msgs/include/autoware_map_msgs/autoware_map_msgs/msg/lanelet_map_bin.hpp
[6.993s] -- Up-to-date symlink: /home/autoware/aichallenge2023-integration-final-main/install/autoware_map_msgs/include/autoware_map_msgs/autoware_map_msgs/msg/point_cloud_map_cell_with_id.hpp
[6.993s] -- Up-to-date symlink: /home/autoware/aichallenge2023-integration-final-main/install/autoware_map_msgs/include/autoware_map_msgs/autoware_map_msgs/srv/detail/get_differential_point_cloud_map__builder.hpp
[6.993s] -- Up-to-date symlink: /home/autoware/aichallenge2023-integration-final-main/install/autoware_map_msgs/include/autoware_map_msgs/autoware_map_msgs/srv/detail/get_differential_point_cloud_map__struct.hpp
[6.993s] -- Up-to-date symlink: /home/autoware/aichallenge2023-integration-final-main/install/autoware_map_msgs/include/autoware_map_msgs/autoware_map_msgs/srv/detail/get_differential_point_cloud_map__traits.hpp
[6.993s] -- Up-to-date symlink: /home/autoware/aichallenge2023-integration-final-main/install/autoware_map_msgs/include/autoware_map_msgs/autoware_map_msgs/srv/detail/get_partial_point_cloud_map__builder.hpp
[6.993s] -- Up-to-date symlink: /home/autoware/aichallenge2023-integration-final-main/install/autoware_map_msgs/include/autoware_map_msgs/autoware_map_msgs/srv/detail/get_partial_point_cloud_map__struct.hpp
[6.993s] -- Up-to-date symlink: /home/autoware/aichallenge2023-integration-final-main/install/autoware_map_msgs/include/autoware_map_msgs/autoware_map_msgs/srv/detail/get_partial_point_cloud_map__traits.hpp
[6.994s] -- Up-to-date symlink: /home/autoware/aichallenge2023-integration-final-main/install/autoware_map_msgs/include/autoware_map_msgs/autoware_map_msgs/srv/get_differential_point_cloud_map.hpp
[6.995s] -- Up-to-date symlink: /home/autoware/aichallenge2023-integration-final-main/install/autoware_map_msgs/include/autoware_map_msgs/autoware_map_msgs/srv/get_partial_point_cloud_map.hpp
[6.997s] -- Up-to-date symlink: /home/autoware/aichallenge2023-integration-final-main/install/autoware_map_msgs/include/autoware_map_msgs/autoware_map_msgs/msg/detail/area_info__rosidl_typesupport_fastrtps_cpp.hpp
[6.997s] -- Up-to-date symlink: /home/autoware/aichallenge2023-integration-final-main/install/autoware_map_msgs/include/autoware_map_msgs/autoware_map_msgs/msg/detail/lanelet_map_bin__rosidl_typesupport_fastrtps_cpp.hpp
[6.997s] -- Up-to-date symlink: /home/autoware/aichallenge2023-integration-final-main/install/autoware_map_msgs/include/autoware_map_msgs/autoware_map_msgs/msg/detail/point_cloud_map_cell_with_id__rosidl_typesupport_fastrtps_cpp.hpp
[6.998s] -- Up-to-date symlink: /home/autoware/aichallenge2023-integration-final-main/install/autoware_map_msgs/include/autoware_map_msgs/autoware_map_msgs/msg/rosidl_typesupport_fastrtps_cpp__visibility_control.h
[6.998s] -- Up-to-date symlink: /home/autoware/aichallenge2023-integration-final-main/install/autoware_map_msgs/include/autoware_map_msgs/autoware_map_msgs/srv/detail/get_differential_point_cloud_map__rosidl_typesupport_fastrtps_cpp.hpp
[6.998s] -- Up-to-date symlink: /home/autoware/aichallenge2023-integration-final-main/install/autoware_map_msgs/include/autoware_map_msgs/autoware_map_msgs/srv/detail/get_partial_point_cloud_map__rosidl_typesupport_fastrtps_cpp.hpp
[6.998s] -- Up-to-date symlink: /home/autoware/aichallenge2023-integration-final-main/install/autoware_map_msgs/include/autoware_map_msgs/autoware_map_msgs/msg/detail/area_info__rosidl_typesupport_introspection_c.h
[6.999s] -- Up-to-date symlink: /home/autoware/aichallenge2023-integration-final-main/install/autoware_map_msgs/include/autoware_map_msgs/autoware_map_msgs/msg/detail/lanelet_map_bin__rosidl_typesupport_introspection_c.h
[6.999s] -- Up-to-date symlink: /home/autoware/aichallenge2023-integration-final-main/install/autoware_map_msgs/include/autoware_map_msgs/autoware_map_msgs/msg/detail/point_cloud_map_cell_with_id__rosidl_typesupport_introspection_c.h
[6.999s] -- Up-to-date symlink: /home/autoware/aichallenge2023-integration-final-main/install/autoware_map_msgs/include/autoware_map_msgs/autoware_map_msgs/msg/rosidl_typesupport_introspection_c__visibility_control.h
[6.999s] -- Up-to-date symlink: /home/autoware/aichallenge2023-integration-final-main/install/autoware_map_msgs/include/autoware_map_msgs/autoware_map_msgs/srv/detail/get_differential_point_cloud_map__rosidl_typesupport_introspection_c.h
[6.999s] -- Up-to-date symlink: /home/autoware/aichallenge2023-integration-final-main/install/autoware_map_msgs/include/autoware_map_msgs/autoware_map_msgs/srv/detail/get_partial_point_cloud_map__rosidl_typesupport_introspection_c.h
[6.999s] -- Up-to-date symlink: /home/autoware/aichallenge2023-integration-final-main/install/autoware_map_msgs/include/autoware_map_msgs/autoware_map_msgs/msg/detail/area_info__rosidl_typesupport_introspection_cpp.hpp
[6.999s] -- Up-to-date symlink: /home/autoware/aichallenge2023-integration-final-main/install/autoware_map_msgs/include/autoware_map_msgs/autoware_map_msgs/msg/detail/lanelet_map_bin__rosidl_typesupport_introspection_cpp.hpp
[6.999s] -- Up-to-date symlink: /home/autoware/aichallenge2023-integration-final-main/install/autoware_map_msgs/include/autoware_map_msgs/autoware_map_msgs/msg/detail/point_cloud_map_cell_with_id__rosidl_typesupport_introspection_cpp.hpp
[6.999s] -- Up-to-date symlink: /home/autoware/aichallenge2023-integration-final-main/install/autoware_map_msgs/include/autoware_map_msgs/autoware_map_msgs/srv/detail/get_differential_point_cloud_map__rosidl_typesupport_introspection_cpp.hpp
[6.999s] -- Up-to-date symlink: /home/autoware/aichallenge2023-integration-final-main/install/autoware_map_msgs/include/autoware_map_msgs/autoware_map_msgs/srv/detail/get_partial_point_cloud_map__rosidl_typesupport_introspection_cpp.hpp
[7.000s] -- Up-to-date symlink: /home/autoware/aichallenge2023-integration-final-main/install/autoware_map_msgs/share/autoware_map_msgs/environment/pythonpath.sh
[7.000s] -- Up-to-date symlink: /home/autoware/aichallenge2023-integration-final-main/install/autoware_map_msgs/share/autoware_map_msgs/environment/pythonpath.dsv
[7.000s] -- Up-to-date symlink: /home/autoware/aichallenge2023-integration-final-main/install/autoware_map_msgs/local/lib/python3.10/dist-packages/autoware_map_msgs-1.0.0-py3.10.egg-info/PKG-INFO
[7.000s] -- Up-to-date symlink: /home/autoware/aichallenge2023-integration-final-main/install/autoware_map_msgs/local/lib/python3.10/dist-packages/autoware_map_msgs-1.0.0-py3.10.egg-info/SOURCES.txt
[7.000s] -- Up-to-date symlink: /home/autoware/aichallenge2023-integration-final-main/install/autoware_map_msgs/local/lib/python3.10/dist-packages/autoware_map_msgs-1.0.0-py3.10.egg-info/dependency_links.txt
[7.000s] -- Up-to-date symlink: /home/autoware/aichallenge2023-integration-final-main/install/autoware_map_msgs/local/lib/python3.10/dist-packages/autoware_map_msgs-1.0.0-py3.10.egg-info/top_level.txt
[7.000s] -- Up-to-date symlink: /home/autoware/aichallenge2023-integration-final-main/install/autoware_map_msgs/local/lib/python3.10/dist-packages/autoware_map_msgs/__init__.py
[7.000s] -- Up-to-date symlink: /home/autoware/aichallenge2023-integration-final-main/install/autoware_map_msgs/local/lib/python3.10/dist-packages/autoware_map_msgs/_autoware_map_msgs_s.ep.rosidl_typesupport_c.c
[7.002s] -- Up-to-date symlink: /home/autoware/aichallenge2023-integration-final-main/install/autoware_map_msgs/local/lib/python3.10/dist-packages/autoware_map_msgs/_autoware_map_msgs_s.ep.rosidl_typesupport_fastrtps_c.c
[7.002s] -- Up-to-date symlink: /home/autoware/aichallenge2023-integration-final-main/install/autoware_map_msgs/local/lib/python3.10/dist-packages/autoware_map_msgs/_autoware_map_msgs_s.ep.rosidl_typesupport_introspection_c.c
[7.002s] -- Up-to-date symlink: /home/autoware/aichallenge2023-integration-final-main/install/autoware_map_msgs/local/lib/python3.10/dist-packages/autoware_map_msgs/autoware_map_msgs_s__rosidl_typesupport_c.cpython-310-x86_64-linux-gnu.so
[7.002s] -- Up-to-date symlink: /home/autoware/aichallenge2023-integration-final-main/install/autoware_map_msgs/local/lib/python3.10/dist-packages/autoware_map_msgs/autoware_map_msgs_s__rosidl_typesupport_fastrtps_c.cpython-310-x86_64-linux-gnu.so
[7.002s] -- Up-to-date symlink: /home/autoware/aichallenge2023-integration-final-main/install/autoware_map_msgs/local/lib/python3.10/dist-packages/autoware_map_msgs/autoware_map_msgs_s__rosidl_typesupport_introspection_c.cpython-310-x86_64-linux-gnu.so
[7.002s] -- Up-to-date symlink: /home/autoware/aichallenge2023-integration-final-main/install/autoware_map_msgs/local/lib/python3.10/dist-packages/autoware_map_msgs/libautoware_map_msgs__rosidl_generator_py.so
[7.002s] -- Up-to-date symlink: /home/autoware/aichallenge2023-integration-final-main/install/autoware_map_msgs/local/lib/python3.10/dist-packages/autoware_map_msgs/msg/__init__.py
[7.003s] -- Up-to-date symlink: /home/autoware/aichallenge2023-integration-final-main/install/autoware_map_msgs/local/lib/python3.10/dist-packages/autoware_map_msgs/msg/_area_info.py
[7.003s] -- Up-to-date symlink: /home/autoware/aichallenge2023-integration-final-main/install/autoware_map_msgs/local/lib/python3.10/dist-packages/autoware_map_msgs/msg/_area_info_s.c
[7.003s] -- Up-to-date symlink: /home/autoware/aichallenge2023-integration-final-main/install/autoware_map_msgs/local/lib/python3.10/dist-packages/autoware_map_msgs/msg/_lanelet_map_bin.py
[7.003s] -- Up-to-date symlink: /home/autoware/aichallenge2023-integration-final-main/install/autoware_map_msgs/local/lib/python3.10/dist-packages/autoware_map_msgs/msg/_lanelet_map_bin_s.c
[7.003s] -- Up-to-date symlink: /home/autoware/aichallenge2023-integration-final-main/install/autoware_map_msgs/local/lib/python3.10/dist-packages/autoware_map_msgs/msg/_point_cloud_map_cell_with_id.py
[7.003s] -- Up-to-date symlink: /home/autoware/aichallenge2023-integration-final-main/install/autoware_map_msgs/local/lib/python3.10/dist-packages/autoware_map_msgs/msg/_point_cloud_map_cell_with_id_s.c
[7.003s] -- Up-to-date symlink: /home/autoware/aichallenge2023-integration-final-main/install/autoware_map_msgs/local/lib/python3.10/dist-packages/autoware_map_msgs/srv/__init__.py
[7.003s] -- Up-to-date symlink: /home/autoware/aichallenge2023-integration-final-main/install/autoware_map_msgs/local/lib/python3.10/dist-packages/autoware_map_msgs/srv/_get_differential_point_cloud_map.py
[7.004s] -- Up-to-date symlink: /home/autoware/aichallenge2023-integration-final-main/install/autoware_map_msgs/local/lib/python3.10/dist-packages/autoware_map_msgs/srv/_get_differential_point_cloud_map_s.c
[7.004s] -- Up-to-date symlink: /home/autoware/aichallenge2023-integration-final-main/install/autoware_map_msgs/local/lib/python3.10/dist-packages/autoware_map_msgs/srv/_get_partial_point_cloud_map.py
[7.004s] -- Up-to-date symlink: /home/autoware/aichallenge2023-integration-final-main/install/autoware_map_msgs/local/lib/python3.10/dist-packages/autoware_map_msgs/srv/_get_partial_point_cloud_map_s.c
[7.004s] -- Up-to-date symlink: /home/autoware/aichallenge2023-integration-final-main/install/autoware_map_msgs/local/lib/python3.10/dist-packages/autoware_map_msgs/autoware_map_msgs_s__rosidl_typesupport_fastrtps_c.cpython-310-x86_64-linux-gnu.so
[7.005s] -- Up-to-date symlink: /home/autoware/aichallenge2023-integration-final-main/install/autoware_map_msgs/local/lib/python3.10/dist-packages/autoware_map_msgs/autoware_map_msgs_s__rosidl_typesupport_introspection_c.cpython-310-x86_64-linux-gnu.so
[7.005s] -- Up-to-date symlink: /home/autoware/aichallenge2023-integration-final-main/install/autoware_map_msgs/local/lib/python3.10/dist-packages/autoware_map_msgs/autoware_map_msgs_s__rosidl_typesupport_c.cpython-310-x86_64-linux-gnu.so
[7.005s] -- Up-to-date symlink: /home/autoware/aichallenge2023-integration-final-main/install/autoware_map_msgs/share/autoware_map_msgs/msg/AreaInfo.idl
[7.005s] -- Up-to-date symlink: /home/autoware/aichallenge2023-integration-final-main/install/autoware_map_msgs/share/autoware_map_msgs/msg/LaneletMapBin.idl
[7.007s] -- Up-to-date symlink: /home/autoware/aichallenge2023-integration-final-main/install/autoware_map_msgs/share/autoware_map_msgs/msg/PointCloudMapCellWithID.idl
[7.007s] -- Up-to-date symlink: /home/autoware/aichallenge2023-integration-final-main/install/autoware_map_msgs/share/autoware_map_msgs/srv/GetPartialPointCloudMap.idl
[7.007s] -- Up-to-date symlink: /home/autoware/aichallenge2023-integration-final-main/install/autoware_map_msgs/share/autoware_map_msgs/srv/GetDifferentialPointCloudMap.idl
[7.008s] -- Up-to-date symlink: /home/autoware/aichallenge2023-integration-final-main/install/autoware_map_msgs/share/autoware_map_msgs/msg/AreaInfo.msg
[7.008s] -- Up-to-date symlink: /home/autoware/aichallenge2023-integration-final-main/install/autoware_map_msgs/share/autoware_map_msgs/msg/LaneletMapBin.msg
[7.008s] -- Up-to-date symlink: /home/autoware/aichallenge2023-integration-final-main/install/autoware_map_msgs/share/autoware_map_msgs/msg/PointCloudMapCellWithID.msg
[7.008s] -- Up-to-date symlink: /home/autoware/aichallenge2023-integration-final-main/install/autoware_map_msgs/share/autoware_map_msgs/srv/GetPartialPointCloudMap.srv
[7.009s] -- Up-to-date symlink: /home/autoware/aichallenge2023-integration-final-main/install/autoware_map_msgs/share/autoware_map_msgs/srv/GetPartialPointCloudMap_Request.msg
[7.009s] -- Up-to-date symlink: /home/autoware/aichallenge2023-integration-final-main/install/autoware_map_msgs/share/autoware_map_msgs/srv/GetPartialPointCloudMap_Response.msg
[7.009s] -- Up-to-date symlink: /home/autoware/aichallenge2023-integration-final-main/install/autoware_map_msgs/share/autoware_map_msgs/srv/GetDifferentialPointCloudMap.srv
[7.015s] -- Up-to-date symlink: /home/autoware/aichallenge2023-integration-final-main/install/autoware_map_msgs/share/autoware_map_msgs/srv/GetDifferentialPointCloudMap_Request.msg
[7.016s] -- Up-to-date symlink: /home/autoware/aichallenge2023-integration-final-main/install/autoware_map_msgs/share/autoware_map_msgs/srv/GetDifferentialPointCloudMap_Response.msg
[7.016s] -- Up-to-date symlink: /home/autoware/aichallenge2023-integration-final-main/install/autoware_map_msgs/share/ament_index/resource_index/package_run_dependencies/autoware_map_msgs
[7.016s] -- Up-to-date symlink: /home/autoware/aichallenge2023-integration-final-main/install/autoware_map_msgs/share/ament_index/resource_index/parent_prefix_path/autoware_map_msgs
[7.017s] -- Up-to-date symlink: /home/autoware/aichallenge2023-integration-final-main/install/autoware_map_msgs/share/autoware_map_msgs/environment/ament_prefix_path.sh
[7.017s] -- Up-to-date symlink: /home/autoware/aichallenge2023-integration-final-main/install/autoware_map_msgs/share/autoware_map_msgs/environment/ament_prefix_path.dsv
[7.017s] -- Up-to-date symlink: /home/autoware/aichallenge2023-integration-final-main/install/autoware_map_msgs/share/autoware_map_msgs/environment/path.sh
[7.017s] -- Up-to-date symlink: /home/autoware/aichallenge2023-integration-final-main/install/autoware_map_msgs/share/autoware_map_msgs/environment/path.dsv
[7.017s] -- Up-to-date symlink: /home/autoware/aichallenge2023-integration-final-main/install/autoware_map_msgs/share/autoware_map_msgs/local_setup.bash
[7.017s] -- Up-to-date symlink: /home/autoware/aichallenge2023-integration-final-main/install/autoware_map_msgs/share/autoware_map_msgs/local_setup.sh
[7.017s] -- Up-to-date symlink: /home/autoware/aichallenge2023-integration-final-main/install/autoware_map_msgs/share/autoware_map_msgs/local_setup.zsh
[7.018s] -- Up-to-date symlink: /home/autoware/aichallenge2023-integration-final-main/install/autoware_map_msgs/share/autoware_map_msgs/local_setup.dsv
[7.018s] -- Symlinking: /home/autoware/aichallenge2023-integration-final-main/install/autoware_map_msgs/share/autoware_map_msgs/package.dsv
[7.066s] -- Up-to-date symlink: /home/autoware/aichallenge2023-integration-final-main/install/autoware_map_msgs/share/ament_index/resource_index/packages/autoware_map_msgs
[7.066s] -- Up-to-date symlink: /home/autoware/aichallenge2023-integration-final-main/install/autoware_map_msgs/share/autoware_map_msgs/cmake/rosidl_cmake-extras.cmake
[7.066s] -- Up-to-date symlink: /home/autoware/aichallenge2023-integration-final-main/install/autoware_map_msgs/share/autoware_map_msgs/cmake/ament_cmake_export_dependencies-extras.cmake
[7.066s] -- Up-to-date symlink: /home/autoware/aichallenge2023-integration-final-main/install/autoware_map_msgs/share/autoware_map_msgs/cmake/ament_cmake_export_include_directories-extras.cmake
[7.067s] -- Up-to-date symlink: /home/autoware/aichallenge2023-integration-final-main/install/autoware_map_msgs/share/autoware_map_msgs/cmake/ament_cmake_export_libraries-extras.cmake
[7.067s] -- Up-to-date symlink: /home/autoware/aichallenge2023-integration-final-main/install/autoware_map_msgs/share/autoware_map_msgs/cmake/ament_cmake_export_targets-extras.cmake
[7.067s] -- Up-to-date symlink: /home/autoware/aichallenge2023-integration-final-main/install/autoware_map_msgs/share/autoware_map_msgs/cmake/rosidl_cmake_export_typesupport_targets-extras.cmake
[7.067s] -- Up-to-date symlink: /home/autoware/aichallenge2023-integration-final-main/install/autoware_map_msgs/share/autoware_map_msgs/cmake/rosidl_cmake_export_typesupport_libraries-extras.cmake
[7.068s] -- Up-to-date symlink: /home/autoware/aichallenge2023-integration-final-main/install/autoware_map_msgs/share/autoware_map_msgs/cmake/autoware_map_msgsConfig.cmake
[7.068s] -- Up-to-date symlink: /home/autoware/aichallenge2023-integration-final-main/install/autoware_map_msgs/share/autoware_map_msgs/cmake/autoware_map_msgsConfig-version.cmake
[7.068s] -- Up-to-date symlink: /home/autoware/aichallenge2023-integration-final-main/install/autoware_map_msgs/share/autoware_map_msgs/package.xml
[7.069s] -- Up-to-date: /home/autoware/aichallenge2023-integration-final-main/install/autoware_map_msgs/lib/libautoware_map_msgs__rosidl_generator_c.so
[7.073s] -- Up-to-date: /home/autoware/aichallenge2023-integration-final-main/install/autoware_map_msgs/lib/libautoware_map_msgs__rosidl_typesupport_fastrtps_c.so
[7.073s] -- Up-to-date: /home/autoware/aichallenge2023-integration-final-main/install/autoware_map_msgs/lib/libautoware_map_msgs__rosidl_typesupport_fastrtps_cpp.so
[7.073s] -- Up-to-date: /home/autoware/aichallenge2023-integration-final-main/install/autoware_map_msgs/lib/libautoware_map_msgs__rosidl_typesupport_introspection_c.so
[7.077s] -- Up-to-date: /home/autoware/aichallenge2023-integration-final-main/install/autoware_map_msgs/lib/libautoware_map_msgs__rosidl_typesupport_c.so
[7.077s] -- Up-to-date: /home/autoware/aichallenge2023-integration-final-main/install/autoware_map_msgs/lib/libautoware_map_msgs__rosidl_typesupport_introspection_cpp.so
[7.077s] -- Up-to-date: /home/autoware/aichallenge2023-integration-final-main/install/autoware_map_msgs/lib/libautoware_map_msgs__rosidl_typesupport_cpp.so
[7.185s] Listing '/home/autoware/aichallenge2023-integration-final-main/install/autoware_map_msgs/local/lib/python3.10/dist-packages/autoware_map_msgs'...
[7.186s] Listing '/home/autoware/aichallenge2023-integration-final-main/install/autoware_map_msgs/local/lib/python3.10/dist-packages/autoware_map_msgs/msg'...
[7.186s] Listing '/home/autoware/aichallenge2023-integration-final-main/install/autoware_map_msgs/local/lib/python3.10/dist-packages/autoware_map_msgs/srv'...
[7.190s] -- Up-to-date: /home/autoware/aichallenge2023-integration-final-main/install/autoware_map_msgs/lib/libautoware_map_msgs__rosidl_generator_py.so
[7.190s] -- Up-to-date: /home/autoware/aichallenge2023-integration-final-main/install/autoware_map_msgs/share/autoware_map_msgs/cmake/export_autoware_map_msgs__rosidl_generator_cExport.cmake
[7.190s] -- Up-to-date: /home/autoware/aichallenge2023-integration-final-main/install/autoware_map_msgs/share/autoware_map_msgs/cmake/export_autoware_map_msgs__rosidl_generator_cExport-release.cmake
[7.191s] -- Up-to-date: /home/autoware/aichallenge2023-integration-final-main/install/autoware_map_msgs/share/autoware_map_msgs/cmake/export_autoware_map_msgs__rosidl_typesupport_fastrtps_cExport.cmake
[7.191s] -- Up-to-date: /home/autoware/aichallenge2023-integration-final-main/install/autoware_map_msgs/share/autoware_map_msgs/cmake/export_autoware_map_msgs__rosidl_typesupport_fastrtps_cExport-release.cmake
[7.191s] -- Up-to-date: /home/autoware/aichallenge2023-integration-final-main/install/autoware_map_msgs/share/autoware_map_msgs/cmake/export_autoware_map_msgs__rosidl_generator_cppExport.cmake
[7.191s] -- Up-to-date: /home/autoware/aichallenge2023-integration-final-main/install/autoware_map_msgs/share/autoware_map_msgs/cmake/export_autoware_map_msgs__rosidl_typesupport_fastrtps_cppExport.cmake
[7.191s] -- Up-to-date: /home/autoware/aichallenge2023-integration-final-main/install/autoware_map_msgs/share/autoware_map_msgs/cmake/export_autoware_map_msgs__rosidl_typesupport_fastrtps_cppExport-release.cmake
[7.191s] -- Up-to-date: /home/autoware/aichallenge2023-integration-final-main/install/autoware_map_msgs/share/autoware_map_msgs/cmake/autoware_map_msgs__rosidl_typesupport_introspection_cExport.cmake
[7.191s] -- Up-to-date: /home/autoware/aichallenge2023-integration-final-main/install/autoware_map_msgs/share/autoware_map_msgs/cmake/autoware_map_msgs__rosidl_typesupport_introspection_cExport-release.cmake
[7.192s] -- Up-to-date: /home/autoware/aichallenge2023-integration-final-main/install/autoware_map_msgs/share/autoware_map_msgs/cmake/autoware_map_msgs__rosidl_typesupport_cExport.cmake
[7.192s] -- Up-to-date: /home/autoware/aichallenge2023-integration-final-main/install/autoware_map_msgs/share/autoware_map_msgs/cmake/autoware_map_msgs__rosidl_typesupport_cExport-release.cmake
[7.192s] -- Up-to-date: /home/autoware/aichallenge2023-integration-final-main/install/autoware_map_msgs/share/autoware_map_msgs/cmake/autoware_map_msgs__rosidl_typesupport_introspection_cppExport.cmake
[7.192s] -- Up-to-date: /home/autoware/aichallenge2023-integration-final-main/install/autoware_map_msgs/share/autoware_map_msgs/cmake/autoware_map_msgs__rosidl_typesupport_introspection_cppExport-release.cmake
[7.192s] -- Up-to-date: /home/autoware/aichallenge2023-integration-final-main/install/autoware_map_msgs/share/autoware_map_msgs/cmake/autoware_map_msgs__rosidl_typesupport_cppExport.cmake
[7.192s] -- Up-to-date: /home/autoware/aichallenge2023-integration-final-main/install/autoware_map_msgs/share/autoware_map_msgs/cmake/autoware_map_msgs__rosidl_typesupport_cppExport-release.cmake
[7.192s] -- Up-to-date: /home/autoware/aichallenge2023-integration-final-main/install/autoware_map_msgs/share/autoware_map_msgs/cmake/export_autoware_map_msgs__rosidl_generator_pyExport.cmake
[7.192s] -- Up-to-date: /home/autoware/aichallenge2023-integration-final-main/install/autoware_map_msgs/share/autoware_map_msgs/cmake/export_autoware_map_msgs__rosidl_generator_pyExport-release.cmake
[7.198s] Invoked command in '/home/autoware/aichallenge2023-integration-final-main/build/autoware_map_msgs' returned '0': CMAKE_PREFIX_PATH=${CMAKE_PREFIX_PATH}:/home/autoware/aichallenge2023-integration-final-main/install/simulator_compatibility_test:/home/autoware/aichallenge2023-integration-final-main/install/ad_api_visualizers:/home/autoware/autoware/install/simulator_compatibility_test:/home/autoware/autoware/install/ad_api_visualizers:/opt/ros/humble /usr/bin/cmake --install /home/autoware/aichallenge2023-integration-final-main/build/autoware_map_msgs
