[0.179s] Invoking command in '/home/autoware/aichallenge2023-integration-final-main/build/aichallenge_scoring_msgs': CMAKE_PREFIX_PATH=${CMAKE_PREFIX_PATH}:/home/autoware/aichallenge2023-integration-final-main/install/simulator_compatibility_test:/home/autoware/aichallenge2023-integration-final-main/install/ad_api_visualizers:/home/autoware/autoware/install/simulator_compatibility_test:/home/autoware/autoware/install/ad_api_visualizers:/opt/ros/humble /usr/bin/cmake --build /home/autoware/aichallenge2023-integration-final-main/build/aichallenge_scoring_msgs -- -j16 -l16
[1.060s] [  3%] Built target aichallenge_scoring_msgs__cpp
[1.085s] [  3%] Built target ament_cmake_python_symlink_aichallenge_scoring_msgs
[1.124s] [ 12%] Built target aichallenge_scoring_msgs__rosidl_generator_c
[1.519s] [ 22%] Built target aichallenge_scoring_msgs__rosidl_typesupport_introspection_cpp
[1.570s] [ 32%] Built target aichallenge_scoring_msgs__rosidl_typesupport_cpp
[1.604s] [ 41%] Built target aichallenge_scoring_msgs__rosidl_typesupport_fastrtps_cpp
[1.613s] [ 51%] Built target aichallenge_scoring_msgs__rosidl_typesupport_fastrtps_c
[1.623s] [ 61%] Built target aichallenge_scoring_msgs__rosidl_typesupport_c
[1.631s] [ 70%] Built target aichallenge_scoring_msgs__rosidl_typesupport_introspection_c
[1.959s] [ 70%] Built target aichallenge_scoring_msgs
[2.337s] [ 74%] Built target aichallenge_scoring_msgs__py
[2.337s] running egg_info
[2.337s] writing aichallenge_scoring_msgs.egg-info/PKG-INFO
[2.337s] writing dependency_links to aichallenge_scoring_msgs.egg-info/dependency_links.txt
[2.337s] writing top-level names to aichallenge_scoring_msgs.egg-info/top_level.txt
[2.341s] reading manifest file 'aichallenge_scoring_msgs.egg-info/SOURCES.txt'
[2.342s] writing manifest file 'aichallenge_scoring_msgs.egg-info/SOURCES.txt'
[2.555s] [ 74%] Built target ament_cmake_python_build_aichallenge_scoring_msgs_egg
[2.672s] [ 80%] Built target aichallenge_scoring_msgs__rosidl_generator_py
[3.162s] [ 87%] Built target aichallenge_scoring_msgs__rosidl_typesupport_fastrtps_c__pyext
[3.163s] [ 93%] Built target aichallenge_scoring_msgs__rosidl_typesupport_introspection_c__pyext
[3.197s] [100%] Built target aichallenge_scoring_msgs__rosidl_typesupport_c__pyext
[3.610s] Invoked command in '/home/autoware/aichallenge2023-integration-final-main/build/aichallenge_scoring_msgs' returned '0': CMAKE_PREFIX_PATH=${CMAKE_PREFIX_PATH}:/home/autoware/aichallenge2023-integration-final-main/install/simulator_compatibility_test:/home/autoware/aichallenge2023-integration-final-main/install/ad_api_visualizers:/home/autoware/autoware/install/simulator_compatibility_test:/home/autoware/autoware/install/ad_api_visualizers:/opt/ros/humble /usr/bin/cmake --build /home/autoware/aichallenge2023-integration-final-main/build/aichallenge_scoring_msgs -- -j16 -l16
[6.683s] Invoking command in '/home/autoware/aichallenge2023-integration-final-main/build/aichallenge_scoring_msgs': CMAKE_PREFIX_PATH=${CMAKE_PREFIX_PATH}:/home/autoware/aichallenge2023-integration-final-main/install/simulator_compatibility_test:/home/autoware/aichallenge2023-integration-final-main/install/ad_api_visualizers:/home/autoware/autoware/install/simulator_compatibility_test:/home/autoware/autoware/install/ad_api_visualizers:/opt/ros/humble /usr/bin/cmake --install /home/autoware/aichallenge2023-integration-final-main/build/aichallenge_scoring_msgs
[6.805s] -- Install configuration: "Release"
[6.805s] -- Execute custom install script
[6.805s] -- Up-to-date symlink: /home/autoware/aichallenge2023-integration-final-main/install/aichallenge_scoring_msgs/share/ament_index/resource_index/rosidl_interfaces/aichallenge_scoring_msgs
[6.806s] -- Up-to-date symlink: /home/autoware/aichallenge2023-integration-final-main/install/aichallenge_scoring_msgs/include/aichallenge_scoring_msgs/aichallenge_scoring_msgs/msg/detail/score__functions.h
[6.807s] -- Up-to-date symlink: /home/autoware/aichallenge2023-integration-final-main/install/aichallenge_scoring_msgs/include/aichallenge_scoring_msgs/aichallenge_scoring_msgs/msg/detail/score__struct.h
[6.807s] -- Up-to-date symlink: /home/autoware/aichallenge2023-integration-final-main/install/aichallenge_scoring_msgs/include/aichallenge_scoring_msgs/aichallenge_scoring_msgs/msg/detail/score__type_support.h
[6.808s] -- Up-to-date symlink: /home/autoware/aichallenge2023-integration-final-main/install/aichallenge_scoring_msgs/include/aichallenge_scoring_msgs/aichallenge_scoring_msgs/msg/rosidl_generator_c__visibility_control.h
[6.818s] -- Up-to-date symlink: /home/autoware/aichallenge2023-integration-final-main/install/aichallenge_scoring_msgs/include/aichallenge_scoring_msgs/aichallenge_scoring_msgs/msg/score.h
[6.818s] -- Up-to-date symlink: /home/autoware/aichallenge2023-integration-final-main/install/aichallenge_scoring_msgs/share/aichallenge_scoring_msgs/environment/library_path.sh
[6.818s] -- Up-to-date symlink: /home/autoware/aichallenge2023-integration-final-main/install/aichallenge_scoring_msgs/share/aichallenge_scoring_msgs/environment/library_path.dsv
[6.819s] -- Up-to-date symlink: /home/autoware/aichallenge2023-integration-final-main/install/aichallenge_scoring_msgs/include/aichallenge_scoring_msgs/aichallenge_scoring_msgs/msg/detail/score__rosidl_typesupport_fastrtps_c.h
[6.819s] -- Up-to-date symlink: /home/autoware/aichallenge2023-integration-final-main/install/aichallenge_scoring_msgs/include/aichallenge_scoring_msgs/aichallenge_scoring_msgs/msg/rosidl_typesupport_fastrtps_c__visibility_control.h
[6.819s] -- Up-to-date symlink: /home/autoware/aichallenge2023-integration-final-main/install/aichallenge_scoring_msgs/include/aichallenge_scoring_msgs/aichallenge_scoring_msgs/msg/detail/score__rosidl_typesupport_introspection_c.h
[6.820s] -- Up-to-date symlink: /home/autoware/aichallenge2023-integration-final-main/install/aichallenge_scoring_msgs/include/aichallenge_scoring_msgs/aichallenge_scoring_msgs/msg/rosidl_typesupport_introspection_c__visibility_control.h
[6.820s] -- Up-to-date symlink: /home/autoware/aichallenge2023-integration-final-main/install/aichallenge_scoring_msgs/include/aichallenge_scoring_msgs/aichallenge_scoring_msgs/msg/detail/score__builder.hpp
[6.821s] -- Up-to-date symlink: /home/autoware/aichallenge2023-integration-final-main/install/aichallenge_scoring_msgs/include/aichallenge_scoring_msgs/aichallenge_scoring_msgs/msg/detail/score__struct.hpp
[6.821s] -- Up-to-date symlink: /home/autoware/aichallenge2023-integration-final-main/install/aichallenge_scoring_msgs/include/aichallenge_scoring_msgs/aichallenge_scoring_msgs/msg/detail/score__traits.hpp
[6.822s] -- Up-to-date symlink: /home/autoware/aichallenge2023-integration-final-main/install/aichallenge_scoring_msgs/include/aichallenge_scoring_msgs/aichallenge_scoring_msgs/msg/score.hpp
[6.823s] -- Up-to-date symlink: /home/autoware/aichallenge2023-integration-final-main/install/aichallenge_scoring_msgs/include/aichallenge_scoring_msgs/aichallenge_scoring_msgs/msg/detail/score__rosidl_typesupport_fastrtps_cpp.hpp
[6.823s] -- Up-to-date symlink: /home/autoware/aichallenge2023-integration-final-main/install/aichallenge_scoring_msgs/include/aichallenge_scoring_msgs/aichallenge_scoring_msgs/msg/rosidl_typesupport_fastrtps_cpp__visibility_control.h
[6.824s] -- Up-to-date symlink: /home/autoware/aichallenge2023-integration-final-main/install/aichallenge_scoring_msgs/include/aichallenge_scoring_msgs/aichallenge_scoring_msgs/msg/detail/score__rosidl_typesupport_introspection_cpp.hpp
[6.824s] -- Up-to-date symlink: /home/autoware/aichallenge2023-integration-final-main/install/aichallenge_scoring_msgs/share/aichallenge_scoring_msgs/environment/pythonpath.sh
[6.825s] -- Up-to-date symlink: /home/autoware/aichallenge2023-integration-final-main/install/aichallenge_scoring_msgs/share/aichallenge_scoring_msgs/environment/pythonpath.dsv
[6.827s] -- Up-to-date symlink: /home/autoware/aichallenge2023-integration-final-main/install/aichallenge_scoring_msgs/local/lib/python3.10/dist-packages/aichallenge_scoring_msgs-1.0.0-py3.10.egg-info/PKG-INFO
[6.827s] -- Up-to-date symlink: /home/autoware/aichallenge2023-integration-final-main/install/aichallenge_scoring_msgs/local/lib/python3.10/dist-packages/aichallenge_scoring_msgs-1.0.0-py3.10.egg-info/SOURCES.txt
[6.827s] -- Up-to-date symlink: /home/autoware/aichallenge2023-integration-final-main/install/aichallenge_scoring_msgs/local/lib/python3.10/dist-packages/aichallenge_scoring_msgs-1.0.0-py3.10.egg-info/dependency_links.txt
[6.827s] -- Up-to-date symlink: /home/autoware/aichallenge2023-integration-final-main/install/aichallenge_scoring_msgs/local/lib/python3.10/dist-packages/aichallenge_scoring_msgs-1.0.0-py3.10.egg-info/top_level.txt
[6.828s] -- Up-to-date symlink: /home/autoware/aichallenge2023-integration-final-main/install/aichallenge_scoring_msgs/local/lib/python3.10/dist-packages/aichallenge_scoring_msgs/__init__.py
[6.828s] -- Up-to-date symlink: /home/autoware/aichallenge2023-integration-final-main/install/aichallenge_scoring_msgs/local/lib/python3.10/dist-packages/aichallenge_scoring_msgs/_aichallenge_scoring_msgs_s.ep.rosidl_typesupport_c.c
[6.828s] -- Up-to-date symlink: /home/autoware/aichallenge2023-integration-final-main/install/aichallenge_scoring_msgs/local/lib/python3.10/dist-packages/aichallenge_scoring_msgs/_aichallenge_scoring_msgs_s.ep.rosidl_typesupport_fastrtps_c.c
[6.828s] -- Up-to-date symlink: /home/autoware/aichallenge2023-integration-final-main/install/aichallenge_scoring_msgs/local/lib/python3.10/dist-packages/aichallenge_scoring_msgs/_aichallenge_scoring_msgs_s.ep.rosidl_typesupport_introspection_c.c
[6.828s] -- Up-to-date symlink: /home/autoware/aichallenge2023-integration-final-main/install/aichallenge_scoring_msgs/local/lib/python3.10/dist-packages/aichallenge_scoring_msgs/aichallenge_scoring_msgs_s__rosidl_typesupport_c.cpython-310-x86_64-linux-gnu.so
[6.831s] -- Up-to-date symlink: /home/autoware/aichallenge2023-integration-final-main/install/aichallenge_scoring_msgs/local/lib/python3.10/dist-packages/aichallenge_scoring_msgs/aichallenge_scoring_msgs_s__rosidl_typesupport_fastrtps_c.cpython-310-x86_64-linux-gnu.so
[6.831s] -- Up-to-date symlink: /home/autoware/aichallenge2023-integration-final-main/install/aichallenge_scoring_msgs/local/lib/python3.10/dist-packages/aichallenge_scoring_msgs/aichallenge_scoring_msgs_s__rosidl_typesupport_introspection_c.cpython-310-x86_64-linux-gnu.so
[6.831s] -- Up-to-date symlink: /home/autoware/aichallenge2023-integration-final-main/install/aichallenge_scoring_msgs/local/lib/python3.10/dist-packages/aichallenge_scoring_msgs/libaichallenge_scoring_msgs__rosidl_generator_py.so
[6.831s] -- Up-to-date symlink: /home/autoware/aichallenge2023-integration-final-main/install/aichallenge_scoring_msgs/local/lib/python3.10/dist-packages/aichallenge_scoring_msgs/msg/__init__.py
[6.831s] -- Up-to-date symlink: /home/autoware/aichallenge2023-integration-final-main/install/aichallenge_scoring_msgs/local/lib/python3.10/dist-packages/aichallenge_scoring_msgs/msg/_score.py
[6.831s] -- Up-to-date symlink: /home/autoware/aichallenge2023-integration-final-main/install/aichallenge_scoring_msgs/local/lib/python3.10/dist-packages/aichallenge_scoring_msgs/msg/_score_s.c
[6.831s] -- Up-to-date symlink: /home/autoware/aichallenge2023-integration-final-main/install/aichallenge_scoring_msgs/local/lib/python3.10/dist-packages/aichallenge_scoring_msgs/aichallenge_scoring_msgs_s__rosidl_typesupport_fastrtps_c.cpython-310-x86_64-linux-gnu.so
[6.832s] -- Up-to-date symlink: /home/autoware/aichallenge2023-integration-final-main/install/aichallenge_scoring_msgs/local/lib/python3.10/dist-packages/aichallenge_scoring_msgs/aichallenge_scoring_msgs_s__rosidl_typesupport_introspection_c.cpython-310-x86_64-linux-gnu.so
[6.832s] -- Up-to-date symlink: /home/autoware/aichallenge2023-integration-final-main/install/aichallenge_scoring_msgs/local/lib/python3.10/dist-packages/aichallenge_scoring_msgs/aichallenge_scoring_msgs_s__rosidl_typesupport_c.cpython-310-x86_64-linux-gnu.so
[6.839s] -- Up-to-date symlink: /home/autoware/aichallenge2023-integration-final-main/install/aichallenge_scoring_msgs/share/aichallenge_scoring_msgs/msg/Score.idl
[6.839s] -- Up-to-date symlink: /home/autoware/aichallenge2023-integration-final-main/install/aichallenge_scoring_msgs/share/aichallenge_scoring_msgs/msg/Score.msg
[6.839s] -- Up-to-date symlink: /home/autoware/aichallenge2023-integration-final-main/install/aichallenge_scoring_msgs/share/ament_index/resource_index/package_run_dependencies/aichallenge_scoring_msgs
[6.840s] -- Up-to-date symlink: /home/autoware/aichallenge2023-integration-final-main/install/aichallenge_scoring_msgs/share/ament_index/resource_index/parent_prefix_path/aichallenge_scoring_msgs
[6.840s] -- Up-to-date symlink: /home/autoware/aichallenge2023-integration-final-main/install/aichallenge_scoring_msgs/share/aichallenge_scoring_msgs/environment/ament_prefix_path.sh
[6.840s] -- Up-to-date symlink: /home/autoware/aichallenge2023-integration-final-main/install/aichallenge_scoring_msgs/share/aichallenge_scoring_msgs/environment/ament_prefix_path.dsv
[6.840s] -- Up-to-date symlink: /home/autoware/aichallenge2023-integration-final-main/install/aichallenge_scoring_msgs/share/aichallenge_scoring_msgs/environment/path.sh
[6.840s] -- Up-to-date symlink: /home/autoware/aichallenge2023-integration-final-main/install/aichallenge_scoring_msgs/share/aichallenge_scoring_msgs/environment/path.dsv
[6.845s] -- Up-to-date symlink: /home/autoware/aichallenge2023-integration-final-main/install/aichallenge_scoring_msgs/share/aichallenge_scoring_msgs/local_setup.bash
[6.845s] -- Up-to-date symlink: /home/autoware/aichallenge2023-integration-final-main/install/aichallenge_scoring_msgs/share/aichallenge_scoring_msgs/local_setup.sh
[6.846s] -- Up-to-date symlink: /home/autoware/aichallenge2023-integration-final-main/install/aichallenge_scoring_msgs/share/aichallenge_scoring_msgs/local_setup.zsh
[6.846s] -- Up-to-date symlink: /home/autoware/aichallenge2023-integration-final-main/install/aichallenge_scoring_msgs/share/aichallenge_scoring_msgs/local_setup.dsv
[6.847s] -- Symlinking: /home/autoware/aichallenge2023-integration-final-main/install/aichallenge_scoring_msgs/share/aichallenge_scoring_msgs/package.dsv
[6.952s] -- Up-to-date symlink: /home/autoware/aichallenge2023-integration-final-main/install/aichallenge_scoring_msgs/share/ament_index/resource_index/packages/aichallenge_scoring_msgs
[6.952s] -- Up-to-date symlink: /home/autoware/aichallenge2023-integration-final-main/install/aichallenge_scoring_msgs/share/aichallenge_scoring_msgs/cmake/rosidl_cmake-extras.cmake
[6.953s] -- Up-to-date symlink: /home/autoware/aichallenge2023-integration-final-main/install/aichallenge_scoring_msgs/share/aichallenge_scoring_msgs/cmake/ament_cmake_export_include_directories-extras.cmake
[6.953s] -- Up-to-date symlink: /home/autoware/aichallenge2023-integration-final-main/install/aichallenge_scoring_msgs/share/aichallenge_scoring_msgs/cmake/ament_cmake_export_libraries-extras.cmake
[6.953s] -- Up-to-date symlink: /home/autoware/aichallenge2023-integration-final-main/install/aichallenge_scoring_msgs/share/aichallenge_scoring_msgs/cmake/ament_cmake_export_targets-extras.cmake
[6.953s] -- Up-to-date symlink: /home/autoware/aichallenge2023-integration-final-main/install/aichallenge_scoring_msgs/share/aichallenge_scoring_msgs/cmake/rosidl_cmake_export_typesupport_targets-extras.cmake
[6.953s] -- Up-to-date symlink: /home/autoware/aichallenge2023-integration-final-main/install/aichallenge_scoring_msgs/share/aichallenge_scoring_msgs/cmake/ament_cmake_export_dependencies-extras.cmake
[6.953s] -- Up-to-date symlink: /home/autoware/aichallenge2023-integration-final-main/install/aichallenge_scoring_msgs/share/aichallenge_scoring_msgs/cmake/rosidl_cmake_export_typesupport_libraries-extras.cmake
[6.953s] -- Up-to-date symlink: /home/autoware/aichallenge2023-integration-final-main/install/aichallenge_scoring_msgs/share/aichallenge_scoring_msgs/cmake/aichallenge_scoring_msgsConfig.cmake
[6.953s] -- Up-to-date symlink: /home/autoware/aichallenge2023-integration-final-main/install/aichallenge_scoring_msgs/share/aichallenge_scoring_msgs/cmake/aichallenge_scoring_msgsConfig-version.cmake
[6.954s] -- Up-to-date symlink: /home/autoware/aichallenge2023-integration-final-main/install/aichallenge_scoring_msgs/share/aichallenge_scoring_msgs/package.xml
[6.954s] -- Up-to-date: /home/autoware/aichallenge2023-integration-final-main/install/aichallenge_scoring_msgs/lib/libaichallenge_scoring_msgs__rosidl_generator_c.so
[6.954s] -- Up-to-date: /home/autoware/aichallenge2023-integration-final-main/install/aichallenge_scoring_msgs/lib/libaichallenge_scoring_msgs__rosidl_typesupport_fastrtps_c.so
[6.954s] -- Up-to-date: /home/autoware/aichallenge2023-integration-final-main/install/aichallenge_scoring_msgs/lib/libaichallenge_scoring_msgs__rosidl_typesupport_introspection_c.so
[6.954s] -- Up-to-date: /home/autoware/aichallenge2023-integration-final-main/install/aichallenge_scoring_msgs/lib/libaichallenge_scoring_msgs__rosidl_typesupport_c.so
[6.954s] -- Up-to-date: /home/autoware/aichallenge2023-integration-final-main/install/aichallenge_scoring_msgs/lib/libaichallenge_scoring_msgs__rosidl_typesupport_fastrtps_cpp.so
[6.954s] -- Up-to-date: /home/autoware/aichallenge2023-integration-final-main/install/aichallenge_scoring_msgs/lib/libaichallenge_scoring_msgs__rosidl_typesupport_introspection_cpp.so
[6.954s] -- Up-to-date: /home/autoware/aichallenge2023-integration-final-main/install/aichallenge_scoring_msgs/lib/libaichallenge_scoring_msgs__rosidl_typesupport_cpp.so
[7.154s] Listing '/home/autoware/aichallenge2023-integration-final-main/install/aichallenge_scoring_msgs/local/lib/python3.10/dist-packages/aichallenge_scoring_msgs'...
[7.154s] Listing '/home/autoware/aichallenge2023-integration-final-main/install/aichallenge_scoring_msgs/local/lib/python3.10/dist-packages/aichallenge_scoring_msgs/msg'...
[7.167s] -- Up-to-date: /home/autoware/aichallenge2023-integration-final-main/install/aichallenge_scoring_msgs/lib/libaichallenge_scoring_msgs__rosidl_generator_py.so
[7.167s] -- Up-to-date: /home/autoware/aichallenge2023-integration-final-main/install/aichallenge_scoring_msgs/share/aichallenge_scoring_msgs/cmake/export_aichallenge_scoring_msgs__rosidl_generator_cExport.cmake
[7.167s] -- Up-to-date: /home/autoware/aichallenge2023-integration-final-main/install/aichallenge_scoring_msgs/share/aichallenge_scoring_msgs/cmake/export_aichallenge_scoring_msgs__rosidl_generator_cExport-release.cmake
[7.167s] -- Up-to-date: /home/autoware/aichallenge2023-integration-final-main/install/aichallenge_scoring_msgs/share/aichallenge_scoring_msgs/cmake/export_aichallenge_scoring_msgs__rosidl_typesupport_fastrtps_cExport.cmake
[7.167s] -- Up-to-date: /home/autoware/aichallenge2023-integration-final-main/install/aichallenge_scoring_msgs/share/aichallenge_scoring_msgs/cmake/export_aichallenge_scoring_msgs__rosidl_typesupport_fastrtps_cExport-release.cmake
[7.168s] -- Up-to-date: /home/autoware/aichallenge2023-integration-final-main/install/aichallenge_scoring_msgs/share/aichallenge_scoring_msgs/cmake/aichallenge_scoring_msgs__rosidl_typesupport_introspection_cExport.cmake
[7.168s] -- Up-to-date: /home/autoware/aichallenge2023-integration-final-main/install/aichallenge_scoring_msgs/share/aichallenge_scoring_msgs/cmake/aichallenge_scoring_msgs__rosidl_typesupport_introspection_cExport-release.cmake
[7.168s] -- Up-to-date: /home/autoware/aichallenge2023-integration-final-main/install/aichallenge_scoring_msgs/share/aichallenge_scoring_msgs/cmake/aichallenge_scoring_msgs__rosidl_typesupport_cExport.cmake
[7.168s] -- Up-to-date: /home/autoware/aichallenge2023-integration-final-main/install/aichallenge_scoring_msgs/share/aichallenge_scoring_msgs/cmake/aichallenge_scoring_msgs__rosidl_typesupport_cExport-release.cmake
[7.168s] -- Up-to-date: /home/autoware/aichallenge2023-integration-final-main/install/aichallenge_scoring_msgs/share/aichallenge_scoring_msgs/cmake/export_aichallenge_scoring_msgs__rosidl_generator_cppExport.cmake
[7.169s] -- Up-to-date: /home/autoware/aichallenge2023-integration-final-main/install/aichallenge_scoring_msgs/share/aichallenge_scoring_msgs/cmake/export_aichallenge_scoring_msgs__rosidl_typesupport_fastrtps_cppExport.cmake
[7.169s] -- Up-to-date: /home/autoware/aichallenge2023-integration-final-main/install/aichallenge_scoring_msgs/share/aichallenge_scoring_msgs/cmake/export_aichallenge_scoring_msgs__rosidl_typesupport_fastrtps_cppExport-release.cmake
[7.169s] -- Up-to-date: /home/autoware/aichallenge2023-integration-final-main/install/aichallenge_scoring_msgs/share/aichallenge_scoring_msgs/cmake/aichallenge_scoring_msgs__rosidl_typesupport_introspection_cppExport.cmake
[7.169s] -- Up-to-date: /home/autoware/aichallenge2023-integration-final-main/install/aichallenge_scoring_msgs/share/aichallenge_scoring_msgs/cmake/aichallenge_scoring_msgs__rosidl_typesupport_introspection_cppExport-release.cmake
[7.169s] -- Up-to-date: /home/autoware/aichallenge2023-integration-final-main/install/aichallenge_scoring_msgs/share/aichallenge_scoring_msgs/cmake/aichallenge_scoring_msgs__rosidl_typesupport_cppExport.cmake
[7.169s] -- Up-to-date: /home/autoware/aichallenge2023-integration-final-main/install/aichallenge_scoring_msgs/share/aichallenge_scoring_msgs/cmake/aichallenge_scoring_msgs__rosidl_typesupport_cppExport-release.cmake
[7.170s] -- Up-to-date: /home/autoware/aichallenge2023-integration-final-main/install/aichallenge_scoring_msgs/share/aichallenge_scoring_msgs/cmake/export_aichallenge_scoring_msgs__rosidl_generator_pyExport.cmake
[7.170s] -- Up-to-date: /home/autoware/aichallenge2023-integration-final-main/install/aichallenge_scoring_msgs/share/aichallenge_scoring_msgs/cmake/export_aichallenge_scoring_msgs__rosidl_generator_pyExport-release.cmake
[7.234s] Invoked command in '/home/autoware/aichallenge2023-integration-final-main/build/aichallenge_scoring_msgs' returned '0': CMAKE_PREFIX_PATH=${CMAKE_PREFIX_PATH}:/home/autoware/aichallenge2023-integration-final-main/install/simulator_compatibility_test:/home/autoware/aichallenge2023-integration-final-main/install/ad_api_visualizers:/home/autoware/autoware/install/simulator_compatibility_test:/home/autoware/autoware/install/ad_api_visualizers:/opt/ros/humble /usr/bin/cmake --install /home/autoware/aichallenge2023-integration-final-main/build/aichallenge_scoring_msgs
