[0.134s] Invoking command in '/home/autoware/aichallenge2023-integration-final-main/build/autoware_auto_control_msgs': CMAKE_PREFIX_PATH=${CMAKE_PREFIX_PATH}:/home/autoware/autoware/install/simulator_compatibility_test:/home/autoware/autoware/install/ad_api_visualizers:/opt/ros/humble /usr/bin/cmake /home/autoware/aichallenge2023-integration-final-main/src/core/external/autoware_auto_msgs/autoware_auto_control_msgs -DCMAKE_BUILD_TYPE=Releasecdccd ../ -DAMENT_CMAKE_SYMLINK_INSTALL=1 -DCMAKE_INSTALL_PREFIX=/home/autoware/aichallenge2023-integration-final-main/install/autoware_auto_control_msgs
[0.203s] -- Found ament_cmake_auto: 1.3.5 (/opt/ros/humble/share/ament_cmake_auto/cmake)
[0.474s] -- Override CMake install command with custom implementation using symlinks instead of copying resources
[0.732s] -- Using all available rosidl_typesupport_c: rosidl_typesupport_fastrtps_c;rosidl_typesupport_introspection_c
[0.735s] -- Found rosidl_adapter: 3.1.5 (/opt/ros/humble/share/rosidl_adapter/cmake)
[0.805s] -- Using all available rosidl_typesupport_cpp: rosidl_typesupport_fastrtps_cpp;rosidl_typesupport_introspection_cpp
[1.061s] -- Found ament_cmake_cppcheck: 0.12.7 (/opt/ros/humble/share/ament_cmake_cppcheck/cmake)
[1.062s] -- Found ament_cmake_cpplint: 0.12.7 (/opt/ros/humble/share/ament_cmake_cpplint/cmake)
[1.062s] -- Found ament_cmake_uncrustify: 0.12.7 (/opt/ros/humble/share/ament_cmake_uncrustify/cmake)
[1.064s] -- Found ament_cmake_ros: 0.10.0 (/opt/ros/humble/share/ament_cmake_ros/cmake)
[1.459s] -- Using all available rosidl_typesupport_c: rosidl_typesupport_fastrtps_c;rosidl_typesupport_introspection_c
[1.967s] -- Using all available rosidl_typesupport_cpp: rosidl_typesupport_fastrtps_cpp;rosidl_typesupport_introspection_cpp
[2.013s] -- Found python_cmake_module: 0.10.0 (/opt/ros/humble/share/python_cmake_module/cmake)
[2.068s] -- Using PYTHON_EXECUTABLE: /usr/bin/python3
[2.069s] -- Using PYTHON_INCLUDE_DIRS: /usr/include/python3.10
[2.069s] -- Using PYTHON_LIBRARIES: /usr/lib/x86_64-linux-gnu/libpython3.10.so
[2.443s] -- Found ament_cmake_flake8: 0.12.7 (/opt/ros/humble/share/ament_cmake_flake8/cmake)
[2.444s] -- Found ament_cmake_pep257: 0.12.7 (/opt/ros/humble/share/ament_cmake_pep257/cmake)
[2.446s] -- Found ament_lint_auto: 0.12.7 (/opt/ros/humble/share/ament_lint_auto/cmake)
[2.461s] -- Added test 'copyright' to check source files copyright and LICENSE
[2.462s] -- Added test 'lint_cmake' to check CMake code style
[2.462s] -- Added test 'xmllint' to check XML markup files
[2.466s] -- Configuring done
[2.510s] -- Generating done
[2.513s] -- Build files have been written to: /home/autoware/aichallenge2023-integration-final-main/build/autoware_auto_control_msgs
[2.527s] Invoked command in '/home/autoware/aichallenge2023-integration-final-main/build/autoware_auto_control_msgs' returned '0': CMAKE_PREFIX_PATH=${CMAKE_PREFIX_PATH}:/home/autoware/autoware/install/simulator_compatibility_test:/home/autoware/autoware/install/ad_api_visualizers:/opt/ros/humble /usr/bin/cmake /home/autoware/aichallenge2023-integration-final-main/src/core/external/autoware_auto_msgs/autoware_auto_control_msgs -DCMAKE_BUILD_TYPE=Releasecdccd ../ -DAMENT_CMAKE_SYMLINK_INSTALL=1 -DCMAKE_INSTALL_PREFIX=/home/autoware/aichallenge2023-integration-final-main/install/autoware_auto_control_msgs
[2.528s] Invoking command in '/home/autoware/aichallenge2023-integration-final-main/build/autoware_auto_control_msgs': CMAKE_PREFIX_PATH=${CMAKE_PREFIX_PATH}:/home/autoware/autoware/install/simulator_compatibility_test:/home/autoware/autoware/install/ad_api_visualizers:/opt/ros/humble /usr/bin/cmake --build /home/autoware/aichallenge2023-integration-final-main/build/autoware_auto_control_msgs -- -j16 -l16
[3.021s] [35m[1mConsolidate compiler generated dependencies of target autoware_auto_control_msgs__rosidl_generator_c[0m
[3.021s] [  1%] Built target autoware_auto_control_msgs__cpp
[3.021s] [  3%] [32mBuilding C object CMakeFiles/autoware_auto_control_msgs__rosidl_generator_c.dir/rosidl_generator_c/autoware_auto_control_msgs/msg/detail/ackermann_control_command__functions.c.o[0m
[3.021s] [  5%] [32mBuilding C object CMakeFiles/autoware_auto_control_msgs__rosidl_generator_c.dir/rosidl_generator_c/autoware_auto_control_msgs/msg/detail/high_level_control_command__functions.c.o[0m
[3.022s] [35m[1mConsolidate compiler generated dependencies of target autoware_auto_control_msgs__rosidl_typesupport_fastrtps_cpp[0m
[3.022s] [  7%] [32mBuilding C object CMakeFiles/autoware_auto_control_msgs__rosidl_generator_c.dir/rosidl_generator_c/autoware_auto_control_msgs/msg/detail/longitudinal_command__functions.c.o[0m
[3.022s] [  9%] [32mBuilding C object CMakeFiles/autoware_auto_control_msgs__rosidl_generator_c.dir/rosidl_generator_c/autoware_auto_control_msgs/msg/detail/ackermann_lateral_command__functions.c.o[0m
[3.022s] [35m[1mConsolidate compiler generated dependencies of target autoware_auto_control_msgs__rosidl_typesupport_introspection_cpp[0m
[3.022s] [  9%] Built target ament_cmake_python_symlink_autoware_auto_control_msgs
[3.022s] [35m[1mConsolidate compiler generated dependencies of target autoware_auto_control_msgs__rosidl_typesupport_cpp[0m
[3.022s] [ 10%] [32mBuilding CXX object CMakeFiles/autoware_auto_control_msgs__rosidl_typesupport_fastrtps_cpp.dir/rosidl_typesupport_fastrtps_cpp/autoware_auto_control_msgs/msg/detail/dds_fastrtps/longitudinal_command__type_support.cpp.o[0m
[3.022s] [ 12%] [32mBuilding CXX object CMakeFiles/autoware_auto_control_msgs__rosidl_typesupport_fastrtps_cpp.dir/rosidl_typesupport_fastrtps_cpp/autoware_auto_control_msgs/msg/detail/dds_fastrtps/ackermann_lateral_command__type_support.cpp.o[0m
[3.022s] [ 14%] [32mBuilding CXX object CMakeFiles/autoware_auto_control_msgs__rosidl_typesupport_fastrtps_cpp.dir/rosidl_typesupport_fastrtps_cpp/autoware_auto_control_msgs/msg/detail/dds_fastrtps/ackermann_control_command__type_support.cpp.o[0m
[3.022s] [ 16%] [32mBuilding CXX object CMakeFiles/autoware_auto_control_msgs__rosidl_typesupport_introspection_cpp.dir/rosidl_typesupport_introspection_cpp/autoware_auto_control_msgs/msg/detail/high_level_control_command__type_support.cpp.o[0m
[3.023s] [ 18%] [32mBuilding CXX object CMakeFiles/autoware_auto_control_msgs__rosidl_typesupport_fastrtps_cpp.dir/rosidl_typesupport_fastrtps_cpp/autoware_auto_control_msgs/msg/detail/dds_fastrtps/high_level_control_command__type_support.cpp.o[0m
[3.023s] [ 20%] [32mBuilding CXX object CMakeFiles/autoware_auto_control_msgs__rosidl_typesupport_introspection_cpp.dir/rosidl_typesupport_introspection_cpp/autoware_auto_control_msgs/msg/detail/ackermann_lateral_command__type_support.cpp.o[0m
[3.023s] [ 21%] [32mBuilding CXX object CMakeFiles/autoware_auto_control_msgs__rosidl_typesupport_introspection_cpp.dir/rosidl_typesupport_introspection_cpp/autoware_auto_control_msgs/msg/detail/ackermann_control_command__type_support.cpp.o[0m
[3.041s] [ 23%] [32mBuilding CXX object CMakeFiles/autoware_auto_control_msgs__rosidl_typesupport_introspection_cpp.dir/rosidl_typesupport_introspection_cpp/autoware_auto_control_msgs/msg/detail/longitudinal_command__type_support.cpp.o[0m
[3.089s] [ 25%] [32mBuilding CXX object CMakeFiles/autoware_auto_control_msgs__rosidl_typesupport_cpp.dir/rosidl_typesupport_cpp/autoware_auto_control_msgs/msg/ackermann_control_command__type_support.cpp.o[0m
[3.130s] [ 27%] [32mBuilding CXX object CMakeFiles/autoware_auto_control_msgs__rosidl_typesupport_cpp.dir/rosidl_typesupport_cpp/autoware_auto_control_msgs/msg/longitudinal_command__type_support.cpp.o[0m
[3.135s] [ 29%] [32mBuilding CXX object CMakeFiles/autoware_auto_control_msgs__rosidl_typesupport_cpp.dir/rosidl_typesupport_cpp/autoware_auto_control_msgs/msg/high_level_control_command__type_support.cpp.o[0m
[3.167s] [ 30%] [32mBuilding CXX object CMakeFiles/autoware_auto_control_msgs__rosidl_typesupport_cpp.dir/rosidl_typesupport_cpp/autoware_auto_control_msgs/msg/ackermann_lateral_command__type_support.cpp.o[0m
[3.224s] [ 32%] [32m[1mLinking C shared library libautoware_auto_control_msgs__rosidl_generator_c.so[0m
[3.704s] [ 34%] Built target autoware_auto_control_msgs__rosidl_generator_c
[3.885s] [35m[1mConsolidate compiler generated dependencies of target autoware_auto_control_msgs__rosidl_typesupport_introspection_c[0m
[3.913s] [35m[1mConsolidate compiler generated dependencies of target autoware_auto_control_msgs__rosidl_typesupport_fastrtps_c[0m
[4.076s] [35m[1mConsolidate compiler generated dependencies of target autoware_auto_control_msgs__rosidl_typesupport_c[0m
[4.284s] [ 36%] [32mBuilding CXX object CMakeFiles/autoware_auto_control_msgs__rosidl_typesupport_fastrtps_c.dir/rosidl_typesupport_fastrtps_c/autoware_auto_control_msgs/msg/detail/ackermann_control_command__type_support_c.cpp.o[0m
[4.447s] [ 38%] [32mBuilding CXX object CMakeFiles/autoware_auto_control_msgs__rosidl_typesupport_fastrtps_c.dir/rosidl_typesupport_fastrtps_c/autoware_auto_control_msgs/msg/detail/ackermann_lateral_command__type_support_c.cpp.o[0m
[4.465s] [ 40%] [32mBuilding C object CMakeFiles/autoware_auto_control_msgs__rosidl_typesupport_introspection_c.dir/rosidl_typesupport_introspection_c/autoware_auto_control_msgs/msg/detail/ackermann_lateral_command__type_support.c.o[0m
[4.477s] [ 41%] [32mBuilding C object CMakeFiles/autoware_auto_control_msgs__rosidl_typesupport_introspection_c.dir/rosidl_typesupport_introspection_c/autoware_auto_control_msgs/msg/detail/ackermann_control_command__type_support.c.o[0m
[4.486s] [ 43%] [32mBuilding CXX object CMakeFiles/autoware_auto_control_msgs__rosidl_typesupport_c.dir/rosidl_typesupport_c/autoware_auto_control_msgs/msg/ackermann_control_command__type_support.cpp.o[0m
[5.062s] [ 45%] [32mBuilding C object CMakeFiles/autoware_auto_control_msgs__rosidl_typesupport_introspection_c.dir/rosidl_typesupport_introspection_c/autoware_auto_control_msgs/msg/detail/high_level_control_command__type_support.c.o[0m
[5.384s] [ 47%] [32mBuilding C object CMakeFiles/autoware_auto_control_msgs__rosidl_typesupport_introspection_c.dir/rosidl_typesupport_introspection_c/autoware_auto_control_msgs/msg/detail/longitudinal_command__type_support.c.o[0m
[5.407s] [ 49%] [32mBuilding CXX object CMakeFiles/autoware_auto_control_msgs__rosidl_typesupport_c.dir/rosidl_typesupport_c/autoware_auto_control_msgs/msg/ackermann_lateral_command__type_support.cpp.o[0m
[5.657s] [ 50%] [32mBuilding CXX object CMakeFiles/autoware_auto_control_msgs__rosidl_typesupport_c.dir/rosidl_typesupport_c/autoware_auto_control_msgs/msg/high_level_control_command__type_support.cpp.o[0m
[6.028s] [ 52%] [32mBuilding CXX object CMakeFiles/autoware_auto_control_msgs__rosidl_typesupport_c.dir/rosidl_typesupport_c/autoware_auto_control_msgs/msg/longitudinal_command__type_support.cpp.o[0m
[6.096s] [ 54%] [32mBuilding CXX object CMakeFiles/autoware_auto_control_msgs__rosidl_typesupport_fastrtps_c.dir/rosidl_typesupport_fastrtps_c/autoware_auto_control_msgs/msg/detail/high_level_control_command__type_support_c.cpp.o[0m
[6.133s] [ 56%] [32m[1mLinking CXX shared library libautoware_auto_control_msgs__rosidl_typesupport_cpp.so[0m
[6.493s] [ 58%] [32mBuilding CXX object CMakeFiles/autoware_auto_control_msgs__rosidl_typesupport_fastrtps_c.dir/rosidl_typesupport_fastrtps_c/autoware_auto_control_msgs/msg/detail/longitudinal_command__type_support_c.cpp.o[0m
[6.573s] [ 60%] [32m[1mLinking C shared library libautoware_auto_control_msgs__rosidl_typesupport_introspection_c.so[0m
[6.599s] running egg_info
[6.600s] writing autoware_auto_control_msgs.egg-info/PKG-INFO
[6.600s] writing dependency_links to autoware_auto_control_msgs.egg-info/dependency_links.txt
[6.600s] writing top-level names to autoware_auto_control_msgs.egg-info/top_level.txt
[6.670s] reading manifest file 'autoware_auto_control_msgs.egg-info/SOURCES.txt'
[6.671s] writing manifest file 'autoware_auto_control_msgs.egg-info/SOURCES.txt'
[6.953s] [ 61%] [32m[1mLinking CXX shared library libautoware_auto_control_msgs__rosidl_typesupport_c.so[0m
[7.517s] [ 63%] [32m[1mLinking CXX shared library libautoware_auto_control_msgs__rosidl_typesupport_fastrtps_cpp.so[0m
[7.550s] [ 65%] Built target autoware_auto_control_msgs__rosidl_typesupport_cpp
[7.645s] [ 67%] [32m[1mLinking CXX shared library libautoware_auto_control_msgs__rosidl_typesupport_introspection_cpp.so[0m
[7.729s] [ 69%] Built target autoware_auto_control_msgs__rosidl_typesupport_c
[7.737s] [ 69%] Built target ament_cmake_python_build_autoware_auto_control_msgs_egg
[7.943s] [ 70%] Built target autoware_auto_control_msgs__rosidl_typesupport_introspection_c
[8.786s] [ 72%] Built target autoware_auto_control_msgs__rosidl_typesupport_introspection_cpp
[8.932s] [ 74%] Built target autoware_auto_control_msgs__rosidl_typesupport_fastrtps_cpp
[9.909s] [ 76%] [32m[1mLinking CXX shared library libautoware_auto_control_msgs__rosidl_typesupport_fastrtps_c.so[0m
[11.584s] [ 78%] Built target autoware_auto_control_msgs__rosidl_typesupport_fastrtps_c
[11.957s] [ 78%] Built target autoware_auto_control_msgs
[12.300s] [ 80%] Built target autoware_auto_control_msgs__py
[12.445s] [35m[1mConsolidate compiler generated dependencies of target autoware_auto_control_msgs__rosidl_generator_py[0m
[12.620s] [ 81%] [32mBuilding C object CMakeFiles/autoware_auto_control_msgs__rosidl_generator_py.dir/rosidl_generator_py/autoware_auto_control_msgs/msg/_ackermann_control_command_s.c.o[0m
[13.145s] [ 83%] [32mBuilding C object CMakeFiles/autoware_auto_control_msgs__rosidl_generator_py.dir/rosidl_generator_py/autoware_auto_control_msgs/msg/_longitudinal_command_s.c.o[0m
[13.487s] [ 85%] [32mBuilding C object CMakeFiles/autoware_auto_control_msgs__rosidl_generator_py.dir/rosidl_generator_py/autoware_auto_control_msgs/msg/_high_level_control_command_s.c.o[0m
[13.778s] [ 87%] [32mBuilding C object CMakeFiles/autoware_auto_control_msgs__rosidl_generator_py.dir/rosidl_generator_py/autoware_auto_control_msgs/msg/_ackermann_lateral_command_s.c.o[0m
[14.080s] [ 89%] [32m[1mLinking C shared library rosidl_generator_py/autoware_auto_control_msgs/libautoware_auto_control_msgs__rosidl_generator_py.so[0m
[14.324s] [ 89%] Built target autoware_auto_control_msgs__rosidl_generator_py
[14.444s] [35m[1mConsolidate compiler generated dependencies of target autoware_auto_control_msgs__rosidl_typesupport_fastrtps_c__pyext[0m
[14.587s] [ 90%] [32mBuilding C object CMakeFiles/autoware_auto_control_msgs__rosidl_typesupport_fastrtps_c__pyext.dir/rosidl_generator_py/autoware_auto_control_msgs/_autoware_auto_control_msgs_s.ep.rosidl_typesupport_fastrtps_c.c.o[0m
[14.874s] [ 92%] [32m[1mLinking C shared library rosidl_generator_py/autoware_auto_control_msgs/autoware_auto_control_msgs_s__rosidl_typesupport_fastrtps_c.cpython-310-x86_64-linux-gnu.so[0m
[15.095s] [ 92%] Built target autoware_auto_control_msgs__rosidl_typesupport_fastrtps_c__pyext
[15.163s] [35m[1mConsolidate compiler generated dependencies of target autoware_auto_control_msgs__rosidl_typesupport_c__pyext[0m
[15.301s] [ 94%] [32mBuilding C object CMakeFiles/autoware_auto_control_msgs__rosidl_typesupport_c__pyext.dir/rosidl_generator_py/autoware_auto_control_msgs/_autoware_auto_control_msgs_s.ep.rosidl_typesupport_c.c.o[0m
[15.595s] [ 96%] [32m[1mLinking C shared library rosidl_generator_py/autoware_auto_control_msgs/autoware_auto_control_msgs_s__rosidl_typesupport_c.cpython-310-x86_64-linux-gnu.so[0m
[15.852s] [ 96%] Built target autoware_auto_control_msgs__rosidl_typesupport_c__pyext
[15.951s] [35m[1mConsolidate compiler generated dependencies of target autoware_auto_control_msgs__rosidl_typesupport_introspection_c__pyext[0m
[16.061s] [ 98%] [32mBuilding C object CMakeFiles/autoware_auto_control_msgs__rosidl_typesupport_introspection_c__pyext.dir/rosidl_generator_py/autoware_auto_control_msgs/_autoware_auto_control_msgs_s.ep.rosidl_typesupport_introspection_c.c.o[0m
[16.353s] [100%] [32m[1mLinking C shared library rosidl_generator_py/autoware_auto_control_msgs/autoware_auto_control_msgs_s__rosidl_typesupport_introspection_c.cpython-310-x86_64-linux-gnu.so[0m
[16.565s] [100%] Built target autoware_auto_control_msgs__rosidl_typesupport_introspection_c__pyext
[16.643s] Invoked command in '/home/autoware/aichallenge2023-integration-final-main/build/autoware_auto_control_msgs' returned '0': CMAKE_PREFIX_PATH=${CMAKE_PREFIX_PATH}:/home/autoware/autoware/install/simulator_compatibility_test:/home/autoware/autoware/install/ad_api_visualizers:/opt/ros/humble /usr/bin/cmake --build /home/autoware/aichallenge2023-integration-final-main/build/autoware_auto_control_msgs -- -j16 -l16
[19.110s] Invoking command in '/home/autoware/aichallenge2023-integration-final-main/build/autoware_auto_control_msgs': CMAKE_PREFIX_PATH=${CMAKE_PREFIX_PATH}:/home/autoware/autoware/install/simulator_compatibility_test:/home/autoware/autoware/install/ad_api_visualizers:/opt/ros/humble /usr/bin/cmake --install /home/autoware/aichallenge2023-integration-final-main/build/autoware_auto_control_msgs
[19.862s] -- Install configuration: "Releasecdccd"
[19.862s] -- Execute custom install script
[19.862s] -- Up-to-date symlink: /home/autoware/aichallenge2023-integration-final-main/install/autoware_auto_control_msgs/share/ament_index/resource_index/rosidl_interfaces/autoware_auto_control_msgs
[19.862s] -- Up-to-date symlink: /home/autoware/aichallenge2023-integration-final-main/install/autoware_auto_control_msgs/include/autoware_auto_control_msgs/autoware_auto_control_msgs/msg/ackermann_control_command.h
[19.862s] -- Up-to-date symlink: /home/autoware/aichallenge2023-integration-final-main/install/autoware_auto_control_msgs/include/autoware_auto_control_msgs/autoware_auto_control_msgs/msg/ackermann_lateral_command.h
[19.862s] -- Up-to-date symlink: /home/autoware/aichallenge2023-integration-final-main/install/autoware_auto_control_msgs/include/autoware_auto_control_msgs/autoware_auto_control_msgs/msg/detail/ackermann_control_command__functions.h
[19.862s] -- Up-to-date symlink: /home/autoware/aichallenge2023-integration-final-main/install/autoware_auto_control_msgs/include/autoware_auto_control_msgs/autoware_auto_control_msgs/msg/detail/ackermann_control_command__struct.h
[19.862s] -- Up-to-date symlink: /home/autoware/aichallenge2023-integration-final-main/install/autoware_auto_control_msgs/include/autoware_auto_control_msgs/autoware_auto_control_msgs/msg/detail/ackermann_control_command__type_support.h
[19.863s] -- Up-to-date symlink: /home/autoware/aichallenge2023-integration-final-main/install/autoware_auto_control_msgs/include/autoware_auto_control_msgs/autoware_auto_control_msgs/msg/detail/ackermann_lateral_command__functions.h
[19.863s] -- Up-to-date symlink: /home/autoware/aichallenge2023-integration-final-main/install/autoware_auto_control_msgs/include/autoware_auto_control_msgs/autoware_auto_control_msgs/msg/detail/ackermann_lateral_command__struct.h
[19.863s] -- Up-to-date symlink: /home/autoware/aichallenge2023-integration-final-main/install/autoware_auto_control_msgs/include/autoware_auto_control_msgs/autoware_auto_control_msgs/msg/detail/ackermann_lateral_command__type_support.h
[19.863s] -- Up-to-date symlink: /home/autoware/aichallenge2023-integration-final-main/install/autoware_auto_control_msgs/include/autoware_auto_control_msgs/autoware_auto_control_msgs/msg/detail/high_level_control_command__functions.h
[19.863s] -- Up-to-date symlink: /home/autoware/aichallenge2023-integration-final-main/install/autoware_auto_control_msgs/include/autoware_auto_control_msgs/autoware_auto_control_msgs/msg/detail/high_level_control_command__struct.h
[19.863s] -- Up-to-date symlink: /home/autoware/aichallenge2023-integration-final-main/install/autoware_auto_control_msgs/include/autoware_auto_control_msgs/autoware_auto_control_msgs/msg/detail/high_level_control_command__type_support.h
[19.863s] -- Up-to-date symlink: /home/autoware/aichallenge2023-integration-final-main/install/autoware_auto_control_msgs/include/autoware_auto_control_msgs/autoware_auto_control_msgs/msg/detail/longitudinal_command__functions.h
[19.863s] -- Up-to-date symlink: /home/autoware/aichallenge2023-integration-final-main/install/autoware_auto_control_msgs/include/autoware_auto_control_msgs/autoware_auto_control_msgs/msg/detail/longitudinal_command__struct.h
[19.863s] -- Up-to-date symlink: /home/autoware/aichallenge2023-integration-final-main/install/autoware_auto_control_msgs/include/autoware_auto_control_msgs/autoware_auto_control_msgs/msg/detail/longitudinal_command__type_support.h
[19.863s] -- Up-to-date symlink: /home/autoware/aichallenge2023-integration-final-main/install/autoware_auto_control_msgs/include/autoware_auto_control_msgs/autoware_auto_control_msgs/msg/high_level_control_command.h
[19.864s] -- Up-to-date symlink: /home/autoware/aichallenge2023-integration-final-main/install/autoware_auto_control_msgs/include/autoware_auto_control_msgs/autoware_auto_control_msgs/msg/longitudinal_command.h
[19.864s] -- Up-to-date symlink: /home/autoware/aichallenge2023-integration-final-main/install/autoware_auto_control_msgs/include/autoware_auto_control_msgs/autoware_auto_control_msgs/msg/rosidl_generator_c__visibility_control.h
[19.864s] -- Up-to-date symlink: /home/autoware/aichallenge2023-integration-final-main/install/autoware_auto_control_msgs/share/autoware_auto_control_msgs/environment/library_path.sh
[19.864s] -- Up-to-date symlink: /home/autoware/aichallenge2023-integration-final-main/install/autoware_auto_control_msgs/share/autoware_auto_control_msgs/environment/library_path.dsv
[19.864s] -- Up-to-date symlink: /home/autoware/aichallenge2023-integration-final-main/install/autoware_auto_control_msgs/include/autoware_auto_control_msgs/autoware_auto_control_msgs/msg/detail/ackermann_control_command__rosidl_typesupport_fastrtps_c.h
[19.864s] -- Up-to-date symlink: /home/autoware/aichallenge2023-integration-final-main/install/autoware_auto_control_msgs/include/autoware_auto_control_msgs/autoware_auto_control_msgs/msg/detail/ackermann_lateral_command__rosidl_typesupport_fastrtps_c.h
[19.864s] -- Up-to-date symlink: /home/autoware/aichallenge2023-integration-final-main/install/autoware_auto_control_msgs/include/autoware_auto_control_msgs/autoware_auto_control_msgs/msg/detail/high_level_control_command__rosidl_typesupport_fastrtps_c.h
[19.864s] -- Up-to-date symlink: /home/autoware/aichallenge2023-integration-final-main/install/autoware_auto_control_msgs/include/autoware_auto_control_msgs/autoware_auto_control_msgs/msg/detail/longitudinal_command__rosidl_typesupport_fastrtps_c.h
[19.864s] -- Up-to-date symlink: /home/autoware/aichallenge2023-integration-final-main/install/autoware_auto_control_msgs/include/autoware_auto_control_msgs/autoware_auto_control_msgs/msg/rosidl_typesupport_fastrtps_c__visibility_control.h
[19.864s] -- Up-to-date symlink: /home/autoware/aichallenge2023-integration-final-main/install/autoware_auto_control_msgs/include/autoware_auto_control_msgs/autoware_auto_control_msgs/msg/detail/ackermann_control_command__rosidl_typesupport_introspection_c.h
[19.864s] -- Up-to-date symlink: /home/autoware/aichallenge2023-integration-final-main/install/autoware_auto_control_msgs/include/autoware_auto_control_msgs/autoware_auto_control_msgs/msg/detail/ackermann_lateral_command__rosidl_typesupport_introspection_c.h
[19.864s] -- Up-to-date symlink: /home/autoware/aichallenge2023-integration-final-main/install/autoware_auto_control_msgs/include/autoware_auto_control_msgs/autoware_auto_control_msgs/msg/detail/high_level_control_command__rosidl_typesupport_introspection_c.h
[19.864s] -- Up-to-date symlink: /home/autoware/aichallenge2023-integration-final-main/install/autoware_auto_control_msgs/include/autoware_auto_control_msgs/autoware_auto_control_msgs/msg/detail/longitudinal_command__rosidl_typesupport_introspection_c.h
[19.865s] -- Up-to-date symlink: /home/autoware/aichallenge2023-integration-final-main/install/autoware_auto_control_msgs/include/autoware_auto_control_msgs/autoware_auto_control_msgs/msg/rosidl_typesupport_introspection_c__visibility_control.h
[19.865s] -- Up-to-date symlink: /home/autoware/aichallenge2023-integration-final-main/install/autoware_auto_control_msgs/include/autoware_auto_control_msgs/autoware_auto_control_msgs/msg/ackermann_control_command.hpp
[19.865s] -- Up-to-date symlink: /home/autoware/aichallenge2023-integration-final-main/install/autoware_auto_control_msgs/include/autoware_auto_control_msgs/autoware_auto_control_msgs/msg/ackermann_lateral_command.hpp
[19.865s] -- Up-to-date symlink: /home/autoware/aichallenge2023-integration-final-main/install/autoware_auto_control_msgs/include/autoware_auto_control_msgs/autoware_auto_control_msgs/msg/detail/ackermann_control_command__builder.hpp
[19.865s] -- Up-to-date symlink: /home/autoware/aichallenge2023-integration-final-main/install/autoware_auto_control_msgs/include/autoware_auto_control_msgs/autoware_auto_control_msgs/msg/detail/ackermann_control_command__struct.hpp
[19.865s] -- Up-to-date symlink: /home/autoware/aichallenge2023-integration-final-main/install/autoware_auto_control_msgs/include/autoware_auto_control_msgs/autoware_auto_control_msgs/msg/detail/ackermann_control_command__traits.hpp
[19.865s] -- Up-to-date symlink: /home/autoware/aichallenge2023-integration-final-main/install/autoware_auto_control_msgs/include/autoware_auto_control_msgs/autoware_auto_control_msgs/msg/detail/ackermann_lateral_command__builder.hpp
[19.865s] -- Up-to-date symlink: /home/autoware/aichallenge2023-integration-final-main/install/autoware_auto_control_msgs/include/autoware_auto_control_msgs/autoware_auto_control_msgs/msg/detail/ackermann_lateral_command__struct.hpp
[19.865s] -- Up-to-date symlink: /home/autoware/aichallenge2023-integration-final-main/install/autoware_auto_control_msgs/include/autoware_auto_control_msgs/autoware_auto_control_msgs/msg/detail/ackermann_lateral_command__traits.hpp
[19.865s] -- Up-to-date symlink: /home/autoware/aichallenge2023-integration-final-main/install/autoware_auto_control_msgs/include/autoware_auto_control_msgs/autoware_auto_control_msgs/msg/detail/high_level_control_command__builder.hpp
[19.865s] -- Up-to-date symlink: /home/autoware/aichallenge2023-integration-final-main/install/autoware_auto_control_msgs/include/autoware_auto_control_msgs/autoware_auto_control_msgs/msg/detail/high_level_control_command__struct.hpp
[19.865s] -- Up-to-date symlink: /home/autoware/aichallenge2023-integration-final-main/install/autoware_auto_control_msgs/include/autoware_auto_control_msgs/autoware_auto_control_msgs/msg/detail/high_level_control_command__traits.hpp
[19.865s] -- Up-to-date symlink: /home/autoware/aichallenge2023-integration-final-main/install/autoware_auto_control_msgs/include/autoware_auto_control_msgs/autoware_auto_control_msgs/msg/detail/longitudinal_command__builder.hpp
[19.866s] -- Up-to-date symlink: /home/autoware/aichallenge2023-integration-final-main/install/autoware_auto_control_msgs/include/autoware_auto_control_msgs/autoware_auto_control_msgs/msg/detail/longitudinal_command__struct.hpp
[19.866s] -- Up-to-date symlink: /home/autoware/aichallenge2023-integration-final-main/install/autoware_auto_control_msgs/include/autoware_auto_control_msgs/autoware_auto_control_msgs/msg/detail/longitudinal_command__traits.hpp
[19.866s] -- Up-to-date symlink: /home/autoware/aichallenge2023-integration-final-main/install/autoware_auto_control_msgs/include/autoware_auto_control_msgs/autoware_auto_control_msgs/msg/high_level_control_command.hpp
[19.866s] -- Up-to-date symlink: /home/autoware/aichallenge2023-integration-final-main/install/autoware_auto_control_msgs/include/autoware_auto_control_msgs/autoware_auto_control_msgs/msg/longitudinal_command.hpp
[19.866s] -- Up-to-date symlink: /home/autoware/aichallenge2023-integration-final-main/install/autoware_auto_control_msgs/include/autoware_auto_control_msgs/autoware_auto_control_msgs/msg/detail/ackermann_control_command__rosidl_typesupport_fastrtps_cpp.hpp
[19.866s] -- Up-to-date symlink: /home/autoware/aichallenge2023-integration-final-main/install/autoware_auto_control_msgs/include/autoware_auto_control_msgs/autoware_auto_control_msgs/msg/detail/ackermann_lateral_command__rosidl_typesupport_fastrtps_cpp.hpp
[19.866s] -- Up-to-date symlink: /home/autoware/aichallenge2023-integration-final-main/install/autoware_auto_control_msgs/include/autoware_auto_control_msgs/autoware_auto_control_msgs/msg/detail/high_level_control_command__rosidl_typesupport_fastrtps_cpp.hpp
[19.866s] -- Up-to-date symlink: /home/autoware/aichallenge2023-integration-final-main/install/autoware_auto_control_msgs/include/autoware_auto_control_msgs/autoware_auto_control_msgs/msg/detail/longitudinal_command__rosidl_typesupport_fastrtps_cpp.hpp
[19.866s] -- Up-to-date symlink: /home/autoware/aichallenge2023-integration-final-main/install/autoware_auto_control_msgs/include/autoware_auto_control_msgs/autoware_auto_control_msgs/msg/rosidl_typesupport_fastrtps_cpp__visibility_control.h
[19.866s] -- Up-to-date symlink: /home/autoware/aichallenge2023-integration-final-main/install/autoware_auto_control_msgs/include/autoware_auto_control_msgs/autoware_auto_control_msgs/msg/detail/ackermann_control_command__rosidl_typesupport_introspection_cpp.hpp
[19.866s] -- Up-to-date symlink: /home/autoware/aichallenge2023-integration-final-main/install/autoware_auto_control_msgs/include/autoware_auto_control_msgs/autoware_auto_control_msgs/msg/detail/ackermann_lateral_command__rosidl_typesupport_introspection_cpp.hpp
[19.866s] -- Up-to-date symlink: /home/autoware/aichallenge2023-integration-final-main/install/autoware_auto_control_msgs/include/autoware_auto_control_msgs/autoware_auto_control_msgs/msg/detail/high_level_control_command__rosidl_typesupport_introspection_cpp.hpp
[19.867s] -- Up-to-date symlink: /home/autoware/aichallenge2023-integration-final-main/install/autoware_auto_control_msgs/include/autoware_auto_control_msgs/autoware_auto_control_msgs/msg/detail/longitudinal_command__rosidl_typesupport_introspection_cpp.hpp
[19.867s] -- Up-to-date symlink: /home/autoware/aichallenge2023-integration-final-main/install/autoware_auto_control_msgs/share/autoware_auto_control_msgs/environment/pythonpath.sh
[19.867s] -- Up-to-date symlink: /home/autoware/aichallenge2023-integration-final-main/install/autoware_auto_control_msgs/share/autoware_auto_control_msgs/environment/pythonpath.dsv
[19.867s] -- Up-to-date symlink: /home/autoware/aichallenge2023-integration-final-main/install/autoware_auto_control_msgs/local/lib/python3.10/dist-packages/autoware_auto_control_msgs-1.0.0-py3.10.egg-info/PKG-INFO
[19.867s] -- Up-to-date symlink: /home/autoware/aichallenge2023-integration-final-main/install/autoware_auto_control_msgs/local/lib/python3.10/dist-packages/autoware_auto_control_msgs-1.0.0-py3.10.egg-info/SOURCES.txt
[19.867s] -- Up-to-date symlink: /home/autoware/aichallenge2023-integration-final-main/install/autoware_auto_control_msgs/local/lib/python3.10/dist-packages/autoware_auto_control_msgs-1.0.0-py3.10.egg-info/dependency_links.txt
[19.867s] -- Up-to-date symlink: /home/autoware/aichallenge2023-integration-final-main/install/autoware_auto_control_msgs/local/lib/python3.10/dist-packages/autoware_auto_control_msgs-1.0.0-py3.10.egg-info/top_level.txt
[19.867s] -- Up-to-date symlink: /home/autoware/aichallenge2023-integration-final-main/install/autoware_auto_control_msgs/local/lib/python3.10/dist-packages/autoware_auto_control_msgs/__init__.py
[19.867s] -- Up-to-date symlink: /home/autoware/aichallenge2023-integration-final-main/install/autoware_auto_control_msgs/local/lib/python3.10/dist-packages/autoware_auto_control_msgs/_autoware_auto_control_msgs_s.ep.rosidl_typesupport_c.c
[19.867s] -- Up-to-date symlink: /home/autoware/aichallenge2023-integration-final-main/install/autoware_auto_control_msgs/local/lib/python3.10/dist-packages/autoware_auto_control_msgs/_autoware_auto_control_msgs_s.ep.rosidl_typesupport_fastrtps_c.c
[19.867s] -- Up-to-date symlink: /home/autoware/aichallenge2023-integration-final-main/install/autoware_auto_control_msgs/local/lib/python3.10/dist-packages/autoware_auto_control_msgs/_autoware_auto_control_msgs_s.ep.rosidl_typesupport_introspection_c.c
[19.867s] -- Up-to-date symlink: /home/autoware/aichallenge2023-integration-final-main/install/autoware_auto_control_msgs/local/lib/python3.10/dist-packages/autoware_auto_control_msgs/autoware_auto_control_msgs_s__rosidl_typesupport_c.cpython-310-x86_64-linux-gnu.so
[19.867s] -- Up-to-date symlink: /home/autoware/aichallenge2023-integration-final-main/install/autoware_auto_control_msgs/local/lib/python3.10/dist-packages/autoware_auto_control_msgs/autoware_auto_control_msgs_s__rosidl_typesupport_fastrtps_c.cpython-310-x86_64-linux-gnu.so
[19.868s] -- Up-to-date symlink: /home/autoware/aichallenge2023-integration-final-main/install/autoware_auto_control_msgs/local/lib/python3.10/dist-packages/autoware_auto_control_msgs/autoware_auto_control_msgs_s__rosidl_typesupport_introspection_c.cpython-310-x86_64-linux-gnu.so
[19.868s] -- Up-to-date symlink: /home/autoware/aichallenge2023-integration-final-main/install/autoware_auto_control_msgs/local/lib/python3.10/dist-packages/autoware_auto_control_msgs/libautoware_auto_control_msgs__rosidl_generator_py.so
[19.868s] -- Up-to-date symlink: /home/autoware/aichallenge2023-integration-final-main/install/autoware_auto_control_msgs/local/lib/python3.10/dist-packages/autoware_auto_control_msgs/msg/__init__.py
[19.868s] -- Up-to-date symlink: /home/autoware/aichallenge2023-integration-final-main/install/autoware_auto_control_msgs/local/lib/python3.10/dist-packages/autoware_auto_control_msgs/msg/_ackermann_control_command.py
[19.868s] -- Up-to-date symlink: /home/autoware/aichallenge2023-integration-final-main/install/autoware_auto_control_msgs/local/lib/python3.10/dist-packages/autoware_auto_control_msgs/msg/_ackermann_control_command_s.c
[19.868s] -- Up-to-date symlink: /home/autoware/aichallenge2023-integration-final-main/install/autoware_auto_control_msgs/local/lib/python3.10/dist-packages/autoware_auto_control_msgs/msg/_ackermann_lateral_command.py
[19.868s] -- Up-to-date symlink: /home/autoware/aichallenge2023-integration-final-main/install/autoware_auto_control_msgs/local/lib/python3.10/dist-packages/autoware_auto_control_msgs/msg/_ackermann_lateral_command_s.c
[19.868s] -- Up-to-date symlink: /home/autoware/aichallenge2023-integration-final-main/install/autoware_auto_control_msgs/local/lib/python3.10/dist-packages/autoware_auto_control_msgs/msg/_high_level_control_command.py
[19.868s] -- Up-to-date symlink: /home/autoware/aichallenge2023-integration-final-main/install/autoware_auto_control_msgs/local/lib/python3.10/dist-packages/autoware_auto_control_msgs/msg/_high_level_control_command_s.c
[19.868s] -- Up-to-date symlink: /home/autoware/aichallenge2023-integration-final-main/install/autoware_auto_control_msgs/local/lib/python3.10/dist-packages/autoware_auto_control_msgs/msg/_longitudinal_command.py
[19.868s] -- Up-to-date symlink: /home/autoware/aichallenge2023-integration-final-main/install/autoware_auto_control_msgs/local/lib/python3.10/dist-packages/autoware_auto_control_msgs/msg/_longitudinal_command_s.c
[19.868s] -- Up-to-date symlink: /home/autoware/aichallenge2023-integration-final-main/install/autoware_auto_control_msgs/local/lib/python3.10/dist-packages/autoware_auto_control_msgs/autoware_auto_control_msgs_s__rosidl_typesupport_fastrtps_c.cpython-310-x86_64-linux-gnu.so
[19.878s] -- Up-to-date symlink: /home/autoware/aichallenge2023-integration-final-main/install/autoware_auto_control_msgs/local/lib/python3.10/dist-packages/autoware_auto_control_msgs/autoware_auto_control_msgs_s__rosidl_typesupport_introspection_c.cpython-310-x86_64-linux-gnu.so
[19.878s] -- Up-to-date symlink: /home/autoware/aichallenge2023-integration-final-main/install/autoware_auto_control_msgs/local/lib/python3.10/dist-packages/autoware_auto_control_msgs/autoware_auto_control_msgs_s__rosidl_typesupport_c.cpython-310-x86_64-linux-gnu.so
[19.878s] -- Up-to-date symlink: /home/autoware/aichallenge2023-integration-final-main/install/autoware_auto_control_msgs/share/autoware_auto_control_msgs/msg/AckermannControlCommand.idl
[19.878s] -- Up-to-date symlink: /home/autoware/aichallenge2023-integration-final-main/install/autoware_auto_control_msgs/share/autoware_auto_control_msgs/msg/AckermannLateralCommand.idl
[19.878s] -- Up-to-date symlink: /home/autoware/aichallenge2023-integration-final-main/install/autoware_auto_control_msgs/share/autoware_auto_control_msgs/msg/HighLevelControlCommand.idl
[19.878s] -- Up-to-date symlink: /home/autoware/aichallenge2023-integration-final-main/install/autoware_auto_control_msgs/share/autoware_auto_control_msgs/msg/LongitudinalCommand.idl
[19.899s] -- Up-to-date symlink: /home/autoware/aichallenge2023-integration-final-main/install/autoware_auto_control_msgs/share/ament_index/resource_index/package_run_dependencies/autoware_auto_control_msgs
[19.900s] -- Up-to-date symlink: /home/autoware/aichallenge2023-integration-final-main/install/autoware_auto_control_msgs/share/ament_index/resource_index/parent_prefix_path/autoware_auto_control_msgs
[19.900s] -- Up-to-date symlink: /home/autoware/aichallenge2023-integration-final-main/install/autoware_auto_control_msgs/share/autoware_auto_control_msgs/environment/ament_prefix_path.sh
[19.900s] -- Up-to-date symlink: /home/autoware/aichallenge2023-integration-final-main/install/autoware_auto_control_msgs/share/autoware_auto_control_msgs/environment/ament_prefix_path.dsv
[19.900s] -- Up-to-date symlink: /home/autoware/aichallenge2023-integration-final-main/install/autoware_auto_control_msgs/share/autoware_auto_control_msgs/environment/path.sh
[19.900s] -- Up-to-date symlink: /home/autoware/aichallenge2023-integration-final-main/install/autoware_auto_control_msgs/share/autoware_auto_control_msgs/environment/path.dsv
[19.900s] -- Up-to-date symlink: /home/autoware/aichallenge2023-integration-final-main/install/autoware_auto_control_msgs/share/autoware_auto_control_msgs/local_setup.bash
[19.900s] -- Up-to-date symlink: /home/autoware/aichallenge2023-integration-final-main/install/autoware_auto_control_msgs/share/autoware_auto_control_msgs/local_setup.sh
[19.900s] -- Up-to-date symlink: /home/autoware/aichallenge2023-integration-final-main/install/autoware_auto_control_msgs/share/autoware_auto_control_msgs/local_setup.zsh
[19.900s] -- Up-to-date symlink: /home/autoware/aichallenge2023-integration-final-main/install/autoware_auto_control_msgs/share/autoware_auto_control_msgs/local_setup.dsv
[19.900s] -- Symlinking: /home/autoware/aichallenge2023-integration-final-main/install/autoware_auto_control_msgs/share/autoware_auto_control_msgs/package.dsv
[19.915s] -- Up-to-date symlink: /home/autoware/aichallenge2023-integration-final-main/install/autoware_auto_control_msgs/share/ament_index/resource_index/packages/autoware_auto_control_msgs
[19.916s] -- Up-to-date symlink: /home/autoware/aichallenge2023-integration-final-main/install/autoware_auto_control_msgs/share/autoware_auto_control_msgs/cmake/rosidl_cmake-extras.cmake
[19.916s] -- Up-to-date symlink: /home/autoware/aichallenge2023-integration-final-main/install/autoware_auto_control_msgs/share/autoware_auto_control_msgs/cmake/ament_cmake_export_dependencies-extras.cmake
[19.916s] -- Up-to-date symlink: /home/autoware/aichallenge2023-integration-final-main/install/autoware_auto_control_msgs/share/autoware_auto_control_msgs/cmake/ament_cmake_export_include_directories-extras.cmake
[19.916s] -- Up-to-date symlink: /home/autoware/aichallenge2023-integration-final-main/install/autoware_auto_control_msgs/share/autoware_auto_control_msgs/cmake/ament_cmake_export_libraries-extras.cmake
[19.916s] -- Up-to-date symlink: /home/autoware/aichallenge2023-integration-final-main/install/autoware_auto_control_msgs/share/autoware_auto_control_msgs/cmake/ament_cmake_export_targets-extras.cmake
[19.916s] -- Up-to-date symlink: /home/autoware/aichallenge2023-integration-final-main/install/autoware_auto_control_msgs/share/autoware_auto_control_msgs/cmake/rosidl_cmake_export_typesupport_targets-extras.cmake
[19.916s] -- Up-to-date symlink: /home/autoware/aichallenge2023-integration-final-main/install/autoware_auto_control_msgs/share/autoware_auto_control_msgs/cmake/rosidl_cmake_export_typesupport_libraries-extras.cmake
[19.917s] -- Up-to-date symlink: /home/autoware/aichallenge2023-integration-final-main/install/autoware_auto_control_msgs/share/autoware_auto_control_msgs/cmake/autoware_auto_control_msgsConfig.cmake
[19.917s] -- Up-to-date symlink: /home/autoware/aichallenge2023-integration-final-main/install/autoware_auto_control_msgs/share/autoware_auto_control_msgs/cmake/autoware_auto_control_msgsConfig-version.cmake
[19.917s] -- Up-to-date symlink: /home/autoware/aichallenge2023-integration-final-main/install/autoware_auto_control_msgs/share/autoware_auto_control_msgs/package.xml
[19.918s] -- Installing: /home/autoware/aichallenge2023-integration-final-main/install/autoware_auto_control_msgs/lib/libautoware_auto_control_msgs__rosidl_generator_c.so
[19.918s] -- Set runtime path of "/home/autoware/aichallenge2023-integration-final-main/install/autoware_auto_control_msgs/lib/libautoware_auto_control_msgs__rosidl_generator_c.so" to ""
[19.919s] -- Installing: /home/autoware/aichallenge2023-integration-final-main/install/autoware_auto_control_msgs/lib/libautoware_auto_control_msgs__rosidl_typesupport_fastrtps_c.so
[19.919s] -- Set runtime path of "/home/autoware/aichallenge2023-integration-final-main/install/autoware_auto_control_msgs/lib/libautoware_auto_control_msgs__rosidl_typesupport_fastrtps_c.so" to ""
[19.919s] -- Installing: /home/autoware/aichallenge2023-integration-final-main/install/autoware_auto_control_msgs/lib/libautoware_auto_control_msgs__rosidl_typesupport_introspection_c.so
[19.920s] -- Set runtime path of "/home/autoware/aichallenge2023-integration-final-main/install/autoware_auto_control_msgs/lib/libautoware_auto_control_msgs__rosidl_typesupport_introspection_c.so" to ""
[19.921s] -- Installing: /home/autoware/aichallenge2023-integration-final-main/install/autoware_auto_control_msgs/lib/libautoware_auto_control_msgs__rosidl_typesupport_c.so
[19.922s] -- Set runtime path of "/home/autoware/aichallenge2023-integration-final-main/install/autoware_auto_control_msgs/lib/libautoware_auto_control_msgs__rosidl_typesupport_c.so" to ""
[19.922s] -- Installing: /home/autoware/aichallenge2023-integration-final-main/install/autoware_auto_control_msgs/lib/libautoware_auto_control_msgs__rosidl_typesupport_fastrtps_cpp.so
[19.923s] -- Set runtime path of "/home/autoware/aichallenge2023-integration-final-main/install/autoware_auto_control_msgs/lib/libautoware_auto_control_msgs__rosidl_typesupport_fastrtps_cpp.so" to ""
[19.923s] -- Installing: /home/autoware/aichallenge2023-integration-final-main/install/autoware_auto_control_msgs/lib/libautoware_auto_control_msgs__rosidl_typesupport_introspection_cpp.so
[19.923s] -- Set runtime path of "/home/autoware/aichallenge2023-integration-final-main/install/autoware_auto_control_msgs/lib/libautoware_auto_control_msgs__rosidl_typesupport_introspection_cpp.so" to ""
[19.924s] -- Installing: /home/autoware/aichallenge2023-integration-final-main/install/autoware_auto_control_msgs/lib/libautoware_auto_control_msgs__rosidl_typesupport_cpp.so
[19.924s] -- Set runtime path of "/home/autoware/aichallenge2023-integration-final-main/install/autoware_auto_control_msgs/lib/libautoware_auto_control_msgs__rosidl_typesupport_cpp.so" to ""
[20.034s] Listing '/home/autoware/aichallenge2023-integration-final-main/install/autoware_auto_control_msgs/local/lib/python3.10/dist-packages/autoware_auto_control_msgs'...
[20.034s] Compiling '/home/autoware/aichallenge2023-integration-final-main/install/autoware_auto_control_msgs/local/lib/python3.10/dist-packages/autoware_auto_control_msgs/__init__.py'...
[20.034s] Listing '/home/autoware/aichallenge2023-integration-final-main/install/autoware_auto_control_msgs/local/lib/python3.10/dist-packages/autoware_auto_control_msgs/msg'...
[20.040s] -- Installing: /home/autoware/aichallenge2023-integration-final-main/install/autoware_auto_control_msgs/lib/libautoware_auto_control_msgs__rosidl_generator_py.so
[20.040s] -- Set runtime path of "/home/autoware/aichallenge2023-integration-final-main/install/autoware_auto_control_msgs/lib/libautoware_auto_control_msgs__rosidl_generator_py.so" to ""
[20.040s] -- Up-to-date: /home/autoware/aichallenge2023-integration-final-main/install/autoware_auto_control_msgs/share/autoware_auto_control_msgs/cmake/export_autoware_auto_control_msgs__rosidl_generator_cExport.cmake
[20.040s] -- Installing: /home/autoware/aichallenge2023-integration-final-main/install/autoware_auto_control_msgs/share/autoware_auto_control_msgs/cmake/export_autoware_auto_control_msgs__rosidl_generator_cExport-releasecdccd.cmake
[20.041s] -- Up-to-date: /home/autoware/aichallenge2023-integration-final-main/install/autoware_auto_control_msgs/share/autoware_auto_control_msgs/cmake/export_autoware_auto_control_msgs__rosidl_typesupport_fastrtps_cExport.cmake
[20.041s] -- Installing: /home/autoware/aichallenge2023-integration-final-main/install/autoware_auto_control_msgs/share/autoware_auto_control_msgs/cmake/export_autoware_auto_control_msgs__rosidl_typesupport_fastrtps_cExport-releasecdccd.cmake
[20.041s] -- Up-to-date: /home/autoware/aichallenge2023-integration-final-main/install/autoware_auto_control_msgs/share/autoware_auto_control_msgs/cmake/autoware_auto_control_msgs__rosidl_typesupport_introspection_cExport.cmake
[20.041s] -- Installing: /home/autoware/aichallenge2023-integration-final-main/install/autoware_auto_control_msgs/share/autoware_auto_control_msgs/cmake/autoware_auto_control_msgs__rosidl_typesupport_introspection_cExport-releasecdccd.cmake
[20.042s] -- Up-to-date: /home/autoware/aichallenge2023-integration-final-main/install/autoware_auto_control_msgs/share/autoware_auto_control_msgs/cmake/autoware_auto_control_msgs__rosidl_typesupport_cExport.cmake
[20.042s] -- Installing: /home/autoware/aichallenge2023-integration-final-main/install/autoware_auto_control_msgs/share/autoware_auto_control_msgs/cmake/autoware_auto_control_msgs__rosidl_typesupport_cExport-releasecdccd.cmake
[20.042s] -- Up-to-date: /home/autoware/aichallenge2023-integration-final-main/install/autoware_auto_control_msgs/share/autoware_auto_control_msgs/cmake/export_autoware_auto_control_msgs__rosidl_generator_cppExport.cmake
[20.042s] -- Up-to-date: /home/autoware/aichallenge2023-integration-final-main/install/autoware_auto_control_msgs/share/autoware_auto_control_msgs/cmake/export_autoware_auto_control_msgs__rosidl_typesupport_fastrtps_cppExport.cmake
[20.043s] -- Installing: /home/autoware/aichallenge2023-integration-final-main/install/autoware_auto_control_msgs/share/autoware_auto_control_msgs/cmake/export_autoware_auto_control_msgs__rosidl_typesupport_fastrtps_cppExport-releasecdccd.cmake
[20.043s] -- Up-to-date: /home/autoware/aichallenge2023-integration-final-main/install/autoware_auto_control_msgs/share/autoware_auto_control_msgs/cmake/autoware_auto_control_msgs__rosidl_typesupport_introspection_cppExport.cmake
[20.043s] -- Installing: /home/autoware/aichallenge2023-integration-final-main/install/autoware_auto_control_msgs/share/autoware_auto_control_msgs/cmake/autoware_auto_control_msgs__rosidl_typesupport_introspection_cppExport-releasecdccd.cmake
[20.043s] -- Up-to-date: /home/autoware/aichallenge2023-integration-final-main/install/autoware_auto_control_msgs/share/autoware_auto_control_msgs/cmake/autoware_auto_control_msgs__rosidl_typesupport_cppExport.cmake
[20.044s] -- Installing: /home/autoware/aichallenge2023-integration-final-main/install/autoware_auto_control_msgs/share/autoware_auto_control_msgs/cmake/autoware_auto_control_msgs__rosidl_typesupport_cppExport-releasecdccd.cmake
[20.044s] -- Up-to-date: /home/autoware/aichallenge2023-integration-final-main/install/autoware_auto_control_msgs/share/autoware_auto_control_msgs/cmake/export_autoware_auto_control_msgs__rosidl_generator_pyExport.cmake
[20.044s] -- Installing: /home/autoware/aichallenge2023-integration-final-main/install/autoware_auto_control_msgs/share/autoware_auto_control_msgs/cmake/export_autoware_auto_control_msgs__rosidl_generator_pyExport-releasecdccd.cmake
[20.066s] Invoked command in '/home/autoware/aichallenge2023-integration-final-main/build/autoware_auto_control_msgs' returned '0': CMAKE_PREFIX_PATH=${CMAKE_PREFIX_PATH}:/home/autoware/autoware/install/simulator_compatibility_test:/home/autoware/autoware/install/ad_api_visualizers:/opt/ros/humble /usr/bin/cmake --install /home/autoware/aichallenge2023-integration-final-main/build/autoware_auto_control_msgs
