[0.161s] Invoking command in '/home/autoware/aichallenge2023-integration-final-main/build/tier4_rtc_msgs': CMAKE_PREFIX_PATH=${CMAKE_PREFIX_PATH}:/home/autoware/aichallenge2023-integration-final-main/install/simulator_compatibility_test:/home/autoware/aichallenge2023-integration-final-main/install/ad_api_visualizers:/home/autoware/autoware/install/simulator_compatibility_test:/home/autoware/autoware/install/ad_api_visualizers:/opt/ros/humble /usr/bin/cmake --build /home/autoware/aichallenge2023-integration-final-main/build/tier4_rtc_msgs -- -j16 -l16
[0.895s] [ 12%] Built target tier4_rtc_msgs__rosidl_generator_c
[0.926s] [ 12%] Built target tier4_rtc_msgs__cpp
[1.253s] [ 12%] Built target ament_cmake_python_symlink_tier4_rtc_msgs
[1.744s] [ 24%] Built target tier4_rtc_msgs__rosidl_typesupport_introspection_c
[1.809s] [ 36%] Built target tier4_rtc_msgs__rosidl_typesupport_c
[1.842s] [ 48%] Built target tier4_rtc_msgs__rosidl_typesupport_fastrtps_c
[1.895s] [ 60%] Built target tier4_rtc_msgs__rosidl_typesupport_introspection_cpp
[1.971s] [ 71%] Built target tier4_rtc_msgs__rosidl_typesupport_fastrtps_cpp
[2.019s] [ 83%] Built target tier4_rtc_msgs__rosidl_typesupport_cpp
[2.364s] [ 83%] Built target tier4_rtc_msgs
[2.394s] running egg_info
[2.395s] writing tier4_rtc_msgs.egg-info/PKG-INFO
[2.396s] writing dependency_links to tier4_rtc_msgs.egg-info/dependency_links.txt
[2.396s] writing top-level names to tier4_rtc_msgs.egg-info/top_level.txt
[2.399s] reading manifest file 'tier4_rtc_msgs.egg-info/SOURCES.txt'
[2.399s] writing manifest file 'tier4_rtc_msgs.egg-info/SOURCES.txt'
[2.505s] [ 83%] Built target ament_cmake_python_build_tier4_rtc_msgs_egg
[2.650s] [ 84%] Built target tier4_rtc_msgs__py
[2.879s] [ 95%] Built target tier4_rtc_msgs__rosidl_generator_py
[3.240s] [ 97%] Built target tier4_rtc_msgs__rosidl_typesupport_introspection_c__pyext
[3.273s] [ 99%] Built target tier4_rtc_msgs__rosidl_typesupport_fastrtps_c__pyext
[3.290s] [100%] Built target tier4_rtc_msgs__rosidl_typesupport_c__pyext
[3.356s] Invoked command in '/home/autoware/aichallenge2023-integration-final-main/build/tier4_rtc_msgs' returned '0': CMAKE_PREFIX_PATH=${CMAKE_PREFIX_PATH}:/home/autoware/aichallenge2023-integration-final-main/install/simulator_compatibility_test:/home/autoware/aichallenge2023-integration-final-main/install/ad_api_visualizers:/home/autoware/autoware/install/simulator_compatibility_test:/home/autoware/autoware/install/ad_api_visualizers:/opt/ros/humble /usr/bin/cmake --build /home/autoware/aichallenge2023-integration-final-main/build/tier4_rtc_msgs -- -j16 -l16
[9.481s] Invoking command in '/home/autoware/aichallenge2023-integration-final-main/build/tier4_rtc_msgs': CMAKE_PREFIX_PATH=${CMAKE_PREFIX_PATH}:/home/autoware/aichallenge2023-integration-final-main/install/simulator_compatibility_test:/home/autoware/aichallenge2023-integration-final-main/install/ad_api_visualizers:/home/autoware/autoware/install/simulator_compatibility_test:/home/autoware/autoware/install/ad_api_visualizers:/opt/ros/humble /usr/bin/cmake --install /home/autoware/aichallenge2023-integration-final-main/build/tier4_rtc_msgs
[9.532s] -- Install configuration: "Release"
[9.532s] -- Execute custom install script
[9.532s] -- Up-to-date symlink: /home/autoware/aichallenge2023-integration-final-main/install/tier4_rtc_msgs/share/ament_index/resource_index/rosidl_interfaces/tier4_rtc_msgs
[9.535s] -- Up-to-date symlink: /home/autoware/aichallenge2023-integration-final-main/install/tier4_rtc_msgs/include/tier4_rtc_msgs/tier4_rtc_msgs/msg/auto_mode_status.h
[9.535s] -- Up-to-date symlink: /home/autoware/aichallenge2023-integration-final-main/install/tier4_rtc_msgs/include/tier4_rtc_msgs/tier4_rtc_msgs/msg/auto_mode_status_array.h
[9.536s] -- Up-to-date symlink: /home/autoware/aichallenge2023-integration-final-main/install/tier4_rtc_msgs/include/tier4_rtc_msgs/tier4_rtc_msgs/msg/command.h
[9.536s] -- Up-to-date symlink: /home/autoware/aichallenge2023-integration-final-main/install/tier4_rtc_msgs/include/tier4_rtc_msgs/tier4_rtc_msgs/msg/cooperate_command.h
[9.536s] -- Up-to-date symlink: /home/autoware/aichallenge2023-integration-final-main/install/tier4_rtc_msgs/include/tier4_rtc_msgs/tier4_rtc_msgs/msg/cooperate_response.h
[9.536s] -- Up-to-date symlink: /home/autoware/aichallenge2023-integration-final-main/install/tier4_rtc_msgs/include/tier4_rtc_msgs/tier4_rtc_msgs/msg/cooperate_status.h
[9.536s] -- Up-to-date symlink: /home/autoware/aichallenge2023-integration-final-main/install/tier4_rtc_msgs/include/tier4_rtc_msgs/tier4_rtc_msgs/msg/cooperate_status_array.h
[9.536s] -- Up-to-date symlink: /home/autoware/aichallenge2023-integration-final-main/install/tier4_rtc_msgs/include/tier4_rtc_msgs/tier4_rtc_msgs/msg/detail/auto_mode_status__functions.h
[9.536s] -- Up-to-date symlink: /home/autoware/aichallenge2023-integration-final-main/install/tier4_rtc_msgs/include/tier4_rtc_msgs/tier4_rtc_msgs/msg/detail/auto_mode_status__struct.h
[9.537s] -- Up-to-date symlink: /home/autoware/aichallenge2023-integration-final-main/install/tier4_rtc_msgs/include/tier4_rtc_msgs/tier4_rtc_msgs/msg/detail/auto_mode_status__type_support.h
[9.537s] -- Up-to-date symlink: /home/autoware/aichallenge2023-integration-final-main/install/tier4_rtc_msgs/include/tier4_rtc_msgs/tier4_rtc_msgs/msg/detail/auto_mode_status_array__functions.h
[9.537s] -- Up-to-date symlink: /home/autoware/aichallenge2023-integration-final-main/install/tier4_rtc_msgs/include/tier4_rtc_msgs/tier4_rtc_msgs/msg/detail/auto_mode_status_array__struct.h
[9.537s] -- Up-to-date symlink: /home/autoware/aichallenge2023-integration-final-main/install/tier4_rtc_msgs/include/tier4_rtc_msgs/tier4_rtc_msgs/msg/detail/auto_mode_status_array__type_support.h
[9.537s] -- Up-to-date symlink: /home/autoware/aichallenge2023-integration-final-main/install/tier4_rtc_msgs/include/tier4_rtc_msgs/tier4_rtc_msgs/msg/detail/command__functions.h
[9.537s] -- Up-to-date symlink: /home/autoware/aichallenge2023-integration-final-main/install/tier4_rtc_msgs/include/tier4_rtc_msgs/tier4_rtc_msgs/msg/detail/command__struct.h
[9.537s] -- Up-to-date symlink: /home/autoware/aichallenge2023-integration-final-main/install/tier4_rtc_msgs/include/tier4_rtc_msgs/tier4_rtc_msgs/msg/detail/command__type_support.h
[9.537s] -- Up-to-date symlink: /home/autoware/aichallenge2023-integration-final-main/install/tier4_rtc_msgs/include/tier4_rtc_msgs/tier4_rtc_msgs/msg/detail/cooperate_command__functions.h
[9.537s] -- Up-to-date symlink: /home/autoware/aichallenge2023-integration-final-main/install/tier4_rtc_msgs/include/tier4_rtc_msgs/tier4_rtc_msgs/msg/detail/cooperate_command__struct.h
[9.538s] -- Up-to-date symlink: /home/autoware/aichallenge2023-integration-final-main/install/tier4_rtc_msgs/include/tier4_rtc_msgs/tier4_rtc_msgs/msg/detail/cooperate_command__type_support.h
[9.538s] -- Up-to-date symlink: /home/autoware/aichallenge2023-integration-final-main/install/tier4_rtc_msgs/include/tier4_rtc_msgs/tier4_rtc_msgs/msg/detail/cooperate_response__functions.h
[9.538s] -- Up-to-date symlink: /home/autoware/aichallenge2023-integration-final-main/install/tier4_rtc_msgs/include/tier4_rtc_msgs/tier4_rtc_msgs/msg/detail/cooperate_response__struct.h
[9.538s] -- Up-to-date symlink: /home/autoware/aichallenge2023-integration-final-main/install/tier4_rtc_msgs/include/tier4_rtc_msgs/tier4_rtc_msgs/msg/detail/cooperate_response__type_support.h
[9.538s] -- Up-to-date symlink: /home/autoware/aichallenge2023-integration-final-main/install/tier4_rtc_msgs/include/tier4_rtc_msgs/tier4_rtc_msgs/msg/detail/cooperate_status__functions.h
[9.538s] -- Up-to-date symlink: /home/autoware/aichallenge2023-integration-final-main/install/tier4_rtc_msgs/include/tier4_rtc_msgs/tier4_rtc_msgs/msg/detail/cooperate_status__struct.h
[9.538s] -- Up-to-date symlink: /home/autoware/aichallenge2023-integration-final-main/install/tier4_rtc_msgs/include/tier4_rtc_msgs/tier4_rtc_msgs/msg/detail/cooperate_status__type_support.h
[9.539s] -- Up-to-date symlink: /home/autoware/aichallenge2023-integration-final-main/install/tier4_rtc_msgs/include/tier4_rtc_msgs/tier4_rtc_msgs/msg/detail/cooperate_status_array__functions.h
[9.539s] -- Up-to-date symlink: /home/autoware/aichallenge2023-integration-final-main/install/tier4_rtc_msgs/include/tier4_rtc_msgs/tier4_rtc_msgs/msg/detail/cooperate_status_array__struct.h
[9.539s] -- Up-to-date symlink: /home/autoware/aichallenge2023-integration-final-main/install/tier4_rtc_msgs/include/tier4_rtc_msgs/tier4_rtc_msgs/msg/detail/cooperate_status_array__type_support.h
[9.539s] -- Up-to-date symlink: /home/autoware/aichallenge2023-integration-final-main/install/tier4_rtc_msgs/include/tier4_rtc_msgs/tier4_rtc_msgs/msg/detail/module__functions.h
[9.539s] -- Up-to-date symlink: /home/autoware/aichallenge2023-integration-final-main/install/tier4_rtc_msgs/include/tier4_rtc_msgs/tier4_rtc_msgs/msg/detail/module__struct.h
[9.539s] -- Up-to-date symlink: /home/autoware/aichallenge2023-integration-final-main/install/tier4_rtc_msgs/include/tier4_rtc_msgs/tier4_rtc_msgs/msg/detail/module__type_support.h
[9.539s] -- Up-to-date symlink: /home/autoware/aichallenge2023-integration-final-main/install/tier4_rtc_msgs/include/tier4_rtc_msgs/tier4_rtc_msgs/msg/module.h
[9.539s] -- Up-to-date symlink: /home/autoware/aichallenge2023-integration-final-main/install/tier4_rtc_msgs/include/tier4_rtc_msgs/tier4_rtc_msgs/msg/rosidl_generator_c__visibility_control.h
[9.539s] -- Up-to-date symlink: /home/autoware/aichallenge2023-integration-final-main/install/tier4_rtc_msgs/include/tier4_rtc_msgs/tier4_rtc_msgs/srv/auto_mode.h
[9.539s] -- Up-to-date symlink: /home/autoware/aichallenge2023-integration-final-main/install/tier4_rtc_msgs/include/tier4_rtc_msgs/tier4_rtc_msgs/srv/auto_mode_with_module.h
[9.540s] -- Up-to-date symlink: /home/autoware/aichallenge2023-integration-final-main/install/tier4_rtc_msgs/include/tier4_rtc_msgs/tier4_rtc_msgs/srv/cooperate_commands.h
[9.540s] -- Up-to-date symlink: /home/autoware/aichallenge2023-integration-final-main/install/tier4_rtc_msgs/include/tier4_rtc_msgs/tier4_rtc_msgs/srv/detail/auto_mode__functions.h
[9.540s] -- Up-to-date symlink: /home/autoware/aichallenge2023-integration-final-main/install/tier4_rtc_msgs/include/tier4_rtc_msgs/tier4_rtc_msgs/srv/detail/auto_mode__struct.h
[9.540s] -- Up-to-date symlink: /home/autoware/aichallenge2023-integration-final-main/install/tier4_rtc_msgs/include/tier4_rtc_msgs/tier4_rtc_msgs/srv/detail/auto_mode__type_support.h
[9.540s] -- Up-to-date symlink: /home/autoware/aichallenge2023-integration-final-main/install/tier4_rtc_msgs/include/tier4_rtc_msgs/tier4_rtc_msgs/srv/detail/auto_mode_with_module__functions.h
[9.540s] -- Up-to-date symlink: /home/autoware/aichallenge2023-integration-final-main/install/tier4_rtc_msgs/include/tier4_rtc_msgs/tier4_rtc_msgs/srv/detail/auto_mode_with_module__struct.h
[9.540s] -- Up-to-date symlink: /home/autoware/aichallenge2023-integration-final-main/install/tier4_rtc_msgs/include/tier4_rtc_msgs/tier4_rtc_msgs/srv/detail/auto_mode_with_module__type_support.h
[9.540s] -- Up-to-date symlink: /home/autoware/aichallenge2023-integration-final-main/install/tier4_rtc_msgs/include/tier4_rtc_msgs/tier4_rtc_msgs/srv/detail/cooperate_commands__functions.h
[9.541s] -- Up-to-date symlink: /home/autoware/aichallenge2023-integration-final-main/install/tier4_rtc_msgs/include/tier4_rtc_msgs/tier4_rtc_msgs/srv/detail/cooperate_commands__struct.h
[9.541s] -- Up-to-date symlink: /home/autoware/aichallenge2023-integration-final-main/install/tier4_rtc_msgs/include/tier4_rtc_msgs/tier4_rtc_msgs/srv/detail/cooperate_commands__type_support.h
[9.541s] -- Up-to-date symlink: /home/autoware/aichallenge2023-integration-final-main/install/tier4_rtc_msgs/share/tier4_rtc_msgs/environment/library_path.sh
[9.541s] -- Up-to-date symlink: /home/autoware/aichallenge2023-integration-final-main/install/tier4_rtc_msgs/share/tier4_rtc_msgs/environment/library_path.dsv
[9.542s] -- Up-to-date symlink: /home/autoware/aichallenge2023-integration-final-main/install/tier4_rtc_msgs/include/tier4_rtc_msgs/tier4_rtc_msgs/msg/detail/auto_mode_status__rosidl_typesupport_fastrtps_c.h
[9.542s] -- Up-to-date symlink: /home/autoware/aichallenge2023-integration-final-main/install/tier4_rtc_msgs/include/tier4_rtc_msgs/tier4_rtc_msgs/msg/detail/auto_mode_status_array__rosidl_typesupport_fastrtps_c.h
[9.543s] -- Up-to-date symlink: /home/autoware/aichallenge2023-integration-final-main/install/tier4_rtc_msgs/include/tier4_rtc_msgs/tier4_rtc_msgs/msg/detail/command__rosidl_typesupport_fastrtps_c.h
[9.543s] -- Up-to-date symlink: /home/autoware/aichallenge2023-integration-final-main/install/tier4_rtc_msgs/include/tier4_rtc_msgs/tier4_rtc_msgs/msg/detail/cooperate_command__rosidl_typesupport_fastrtps_c.h
[9.543s] -- Up-to-date symlink: /home/autoware/aichallenge2023-integration-final-main/install/tier4_rtc_msgs/include/tier4_rtc_msgs/tier4_rtc_msgs/msg/detail/cooperate_response__rosidl_typesupport_fastrtps_c.h
[9.543s] -- Up-to-date symlink: /home/autoware/aichallenge2023-integration-final-main/install/tier4_rtc_msgs/include/tier4_rtc_msgs/tier4_rtc_msgs/msg/detail/cooperate_status__rosidl_typesupport_fastrtps_c.h
[9.543s] -- Up-to-date symlink: /home/autoware/aichallenge2023-integration-final-main/install/tier4_rtc_msgs/include/tier4_rtc_msgs/tier4_rtc_msgs/msg/detail/cooperate_status_array__rosidl_typesupport_fastrtps_c.h
[9.543s] -- Up-to-date symlink: /home/autoware/aichallenge2023-integration-final-main/install/tier4_rtc_msgs/include/tier4_rtc_msgs/tier4_rtc_msgs/msg/detail/module__rosidl_typesupport_fastrtps_c.h
[9.543s] -- Up-to-date symlink: /home/autoware/aichallenge2023-integration-final-main/install/tier4_rtc_msgs/include/tier4_rtc_msgs/tier4_rtc_msgs/msg/rosidl_typesupport_fastrtps_c__visibility_control.h
[9.544s] -- Up-to-date symlink: /home/autoware/aichallenge2023-integration-final-main/install/tier4_rtc_msgs/include/tier4_rtc_msgs/tier4_rtc_msgs/srv/detail/auto_mode__rosidl_typesupport_fastrtps_c.h
[9.544s] -- Up-to-date symlink: /home/autoware/aichallenge2023-integration-final-main/install/tier4_rtc_msgs/include/tier4_rtc_msgs/tier4_rtc_msgs/srv/detail/auto_mode_with_module__rosidl_typesupport_fastrtps_c.h
[9.544s] -- Up-to-date symlink: /home/autoware/aichallenge2023-integration-final-main/install/tier4_rtc_msgs/include/tier4_rtc_msgs/tier4_rtc_msgs/srv/detail/cooperate_commands__rosidl_typesupport_fastrtps_c.h
[9.545s] -- Up-to-date symlink: /home/autoware/aichallenge2023-integration-final-main/install/tier4_rtc_msgs/include/tier4_rtc_msgs/tier4_rtc_msgs/msg/detail/auto_mode_status__rosidl_typesupport_introspection_c.h
[9.545s] -- Up-to-date symlink: /home/autoware/aichallenge2023-integration-final-main/install/tier4_rtc_msgs/include/tier4_rtc_msgs/tier4_rtc_msgs/msg/detail/auto_mode_status_array__rosidl_typesupport_introspection_c.h
[9.545s] -- Up-to-date symlink: /home/autoware/aichallenge2023-integration-final-main/install/tier4_rtc_msgs/include/tier4_rtc_msgs/tier4_rtc_msgs/msg/detail/command__rosidl_typesupport_introspection_c.h
[9.545s] -- Up-to-date symlink: /home/autoware/aichallenge2023-integration-final-main/install/tier4_rtc_msgs/include/tier4_rtc_msgs/tier4_rtc_msgs/msg/detail/cooperate_command__rosidl_typesupport_introspection_c.h
[9.545s] -- Up-to-date symlink: /home/autoware/aichallenge2023-integration-final-main/install/tier4_rtc_msgs/include/tier4_rtc_msgs/tier4_rtc_msgs/msg/detail/cooperate_response__rosidl_typesupport_introspection_c.h
[9.545s] -- Up-to-date symlink: /home/autoware/aichallenge2023-integration-final-main/install/tier4_rtc_msgs/include/tier4_rtc_msgs/tier4_rtc_msgs/msg/detail/cooperate_status__rosidl_typesupport_introspection_c.h
[9.545s] -- Up-to-date symlink: /home/autoware/aichallenge2023-integration-final-main/install/tier4_rtc_msgs/include/tier4_rtc_msgs/tier4_rtc_msgs/msg/detail/cooperate_status_array__rosidl_typesupport_introspection_c.h
[9.545s] -- Up-to-date symlink: /home/autoware/aichallenge2023-integration-final-main/install/tier4_rtc_msgs/include/tier4_rtc_msgs/tier4_rtc_msgs/msg/detail/module__rosidl_typesupport_introspection_c.h
[9.545s] -- Up-to-date symlink: /home/autoware/aichallenge2023-integration-final-main/install/tier4_rtc_msgs/include/tier4_rtc_msgs/tier4_rtc_msgs/msg/rosidl_typesupport_introspection_c__visibility_control.h
[9.545s] -- Up-to-date symlink: /home/autoware/aichallenge2023-integration-final-main/install/tier4_rtc_msgs/include/tier4_rtc_msgs/tier4_rtc_msgs/srv/detail/auto_mode__rosidl_typesupport_introspection_c.h
[9.545s] -- Up-to-date symlink: /home/autoware/aichallenge2023-integration-final-main/install/tier4_rtc_msgs/include/tier4_rtc_msgs/tier4_rtc_msgs/srv/detail/auto_mode_with_module__rosidl_typesupport_introspection_c.h
[9.546s] -- Up-to-date symlink: /home/autoware/aichallenge2023-integration-final-main/install/tier4_rtc_msgs/include/tier4_rtc_msgs/tier4_rtc_msgs/srv/detail/cooperate_commands__rosidl_typesupport_introspection_c.h
[9.550s] -- Up-to-date symlink: /home/autoware/aichallenge2023-integration-final-main/install/tier4_rtc_msgs/include/tier4_rtc_msgs/tier4_rtc_msgs/msg/auto_mode_status.hpp
[9.550s] -- Up-to-date symlink: /home/autoware/aichallenge2023-integration-final-main/install/tier4_rtc_msgs/include/tier4_rtc_msgs/tier4_rtc_msgs/msg/auto_mode_status_array.hpp
[9.550s] -- Up-to-date symlink: /home/autoware/aichallenge2023-integration-final-main/install/tier4_rtc_msgs/include/tier4_rtc_msgs/tier4_rtc_msgs/msg/command.hpp
[9.550s] -- Up-to-date symlink: /home/autoware/aichallenge2023-integration-final-main/install/tier4_rtc_msgs/include/tier4_rtc_msgs/tier4_rtc_msgs/msg/cooperate_command.hpp
[9.550s] -- Up-to-date symlink: /home/autoware/aichallenge2023-integration-final-main/install/tier4_rtc_msgs/include/tier4_rtc_msgs/tier4_rtc_msgs/msg/cooperate_response.hpp
[9.550s] -- Up-to-date symlink: /home/autoware/aichallenge2023-integration-final-main/install/tier4_rtc_msgs/include/tier4_rtc_msgs/tier4_rtc_msgs/msg/cooperate_status.hpp
[9.550s] -- Up-to-date symlink: /home/autoware/aichallenge2023-integration-final-main/install/tier4_rtc_msgs/include/tier4_rtc_msgs/tier4_rtc_msgs/msg/cooperate_status_array.hpp
[9.550s] -- Up-to-date symlink: /home/autoware/aichallenge2023-integration-final-main/install/tier4_rtc_msgs/include/tier4_rtc_msgs/tier4_rtc_msgs/msg/detail/auto_mode_status__builder.hpp
[9.550s] -- Up-to-date symlink: /home/autoware/aichallenge2023-integration-final-main/install/tier4_rtc_msgs/include/tier4_rtc_msgs/tier4_rtc_msgs/msg/detail/auto_mode_status__struct.hpp
[9.550s] -- Up-to-date symlink: /home/autoware/aichallenge2023-integration-final-main/install/tier4_rtc_msgs/include/tier4_rtc_msgs/tier4_rtc_msgs/msg/detail/auto_mode_status__traits.hpp
[9.550s] -- Up-to-date symlink: /home/autoware/aichallenge2023-integration-final-main/install/tier4_rtc_msgs/include/tier4_rtc_msgs/tier4_rtc_msgs/msg/detail/auto_mode_status_array__builder.hpp
[9.551s] -- Up-to-date symlink: /home/autoware/aichallenge2023-integration-final-main/install/tier4_rtc_msgs/include/tier4_rtc_msgs/tier4_rtc_msgs/msg/detail/auto_mode_status_array__struct.hpp
[9.551s] -- Up-to-date symlink: /home/autoware/aichallenge2023-integration-final-main/install/tier4_rtc_msgs/include/tier4_rtc_msgs/tier4_rtc_msgs/msg/detail/auto_mode_status_array__traits.hpp
[9.551s] -- Up-to-date symlink: /home/autoware/aichallenge2023-integration-final-main/install/tier4_rtc_msgs/include/tier4_rtc_msgs/tier4_rtc_msgs/msg/detail/command__builder.hpp
[9.551s] -- Up-to-date symlink: /home/autoware/aichallenge2023-integration-final-main/install/tier4_rtc_msgs/include/tier4_rtc_msgs/tier4_rtc_msgs/msg/detail/command__struct.hpp
[9.551s] -- Up-to-date symlink: /home/autoware/aichallenge2023-integration-final-main/install/tier4_rtc_msgs/include/tier4_rtc_msgs/tier4_rtc_msgs/msg/detail/command__traits.hpp
[9.551s] -- Up-to-date symlink: /home/autoware/aichallenge2023-integration-final-main/install/tier4_rtc_msgs/include/tier4_rtc_msgs/tier4_rtc_msgs/msg/detail/cooperate_command__builder.hpp
[9.551s] -- Up-to-date symlink: /home/autoware/aichallenge2023-integration-final-main/install/tier4_rtc_msgs/include/tier4_rtc_msgs/tier4_rtc_msgs/msg/detail/cooperate_command__struct.hpp
[9.551s] -- Up-to-date symlink: /home/autoware/aichallenge2023-integration-final-main/install/tier4_rtc_msgs/include/tier4_rtc_msgs/tier4_rtc_msgs/msg/detail/cooperate_command__traits.hpp
[9.551s] -- Up-to-date symlink: /home/autoware/aichallenge2023-integration-final-main/install/tier4_rtc_msgs/include/tier4_rtc_msgs/tier4_rtc_msgs/msg/detail/cooperate_response__builder.hpp
[9.551s] -- Up-to-date symlink: /home/autoware/aichallenge2023-integration-final-main/install/tier4_rtc_msgs/include/tier4_rtc_msgs/tier4_rtc_msgs/msg/detail/cooperate_response__struct.hpp
[9.551s] -- Up-to-date symlink: /home/autoware/aichallenge2023-integration-final-main/install/tier4_rtc_msgs/include/tier4_rtc_msgs/tier4_rtc_msgs/msg/detail/cooperate_response__traits.hpp
[9.551s] -- Up-to-date symlink: /home/autoware/aichallenge2023-integration-final-main/install/tier4_rtc_msgs/include/tier4_rtc_msgs/tier4_rtc_msgs/msg/detail/cooperate_status__builder.hpp
[9.551s] -- Up-to-date symlink: /home/autoware/aichallenge2023-integration-final-main/install/tier4_rtc_msgs/include/tier4_rtc_msgs/tier4_rtc_msgs/msg/detail/cooperate_status__struct.hpp
[9.551s] -- Up-to-date symlink: /home/autoware/aichallenge2023-integration-final-main/install/tier4_rtc_msgs/include/tier4_rtc_msgs/tier4_rtc_msgs/msg/detail/cooperate_status__traits.hpp
[9.552s] -- Up-to-date symlink: /home/autoware/aichallenge2023-integration-final-main/install/tier4_rtc_msgs/include/tier4_rtc_msgs/tier4_rtc_msgs/msg/detail/cooperate_status_array__builder.hpp
[9.552s] -- Up-to-date symlink: /home/autoware/aichallenge2023-integration-final-main/install/tier4_rtc_msgs/include/tier4_rtc_msgs/tier4_rtc_msgs/msg/detail/cooperate_status_array__struct.hpp
[9.552s] -- Up-to-date symlink: /home/autoware/aichallenge2023-integration-final-main/install/tier4_rtc_msgs/include/tier4_rtc_msgs/tier4_rtc_msgs/msg/detail/cooperate_status_array__traits.hpp
[9.552s] -- Up-to-date symlink: /home/autoware/aichallenge2023-integration-final-main/install/tier4_rtc_msgs/include/tier4_rtc_msgs/tier4_rtc_msgs/msg/detail/module__builder.hpp
[9.552s] -- Up-to-date symlink: /home/autoware/aichallenge2023-integration-final-main/install/tier4_rtc_msgs/include/tier4_rtc_msgs/tier4_rtc_msgs/msg/detail/module__struct.hpp
[9.552s] -- Up-to-date symlink: /home/autoware/aichallenge2023-integration-final-main/install/tier4_rtc_msgs/include/tier4_rtc_msgs/tier4_rtc_msgs/msg/detail/module__traits.hpp
[9.552s] -- Up-to-date symlink: /home/autoware/aichallenge2023-integration-final-main/install/tier4_rtc_msgs/include/tier4_rtc_msgs/tier4_rtc_msgs/msg/module.hpp
[9.552s] -- Up-to-date symlink: /home/autoware/aichallenge2023-integration-final-main/install/tier4_rtc_msgs/include/tier4_rtc_msgs/tier4_rtc_msgs/srv/auto_mode.hpp
[9.552s] -- Up-to-date symlink: /home/autoware/aichallenge2023-integration-final-main/install/tier4_rtc_msgs/include/tier4_rtc_msgs/tier4_rtc_msgs/srv/auto_mode_with_module.hpp
[9.552s] -- Up-to-date symlink: /home/autoware/aichallenge2023-integration-final-main/install/tier4_rtc_msgs/include/tier4_rtc_msgs/tier4_rtc_msgs/srv/cooperate_commands.hpp
[9.552s] -- Up-to-date symlink: /home/autoware/aichallenge2023-integration-final-main/install/tier4_rtc_msgs/include/tier4_rtc_msgs/tier4_rtc_msgs/srv/detail/auto_mode__builder.hpp
[9.552s] -- Up-to-date symlink: /home/autoware/aichallenge2023-integration-final-main/install/tier4_rtc_msgs/include/tier4_rtc_msgs/tier4_rtc_msgs/srv/detail/auto_mode__struct.hpp
[9.553s] -- Up-to-date symlink: /home/autoware/aichallenge2023-integration-final-main/install/tier4_rtc_msgs/include/tier4_rtc_msgs/tier4_rtc_msgs/srv/detail/auto_mode__traits.hpp
[9.553s] -- Up-to-date symlink: /home/autoware/aichallenge2023-integration-final-main/install/tier4_rtc_msgs/include/tier4_rtc_msgs/tier4_rtc_msgs/srv/detail/auto_mode_with_module__builder.hpp
[9.553s] -- Up-to-date symlink: /home/autoware/aichallenge2023-integration-final-main/install/tier4_rtc_msgs/include/tier4_rtc_msgs/tier4_rtc_msgs/srv/detail/auto_mode_with_module__struct.hpp
[9.553s] -- Up-to-date symlink: /home/autoware/aichallenge2023-integration-final-main/install/tier4_rtc_msgs/include/tier4_rtc_msgs/tier4_rtc_msgs/srv/detail/auto_mode_with_module__traits.hpp
[9.553s] -- Up-to-date symlink: /home/autoware/aichallenge2023-integration-final-main/install/tier4_rtc_msgs/include/tier4_rtc_msgs/tier4_rtc_msgs/srv/detail/cooperate_commands__builder.hpp
[9.553s] -- Up-to-date symlink: /home/autoware/aichallenge2023-integration-final-main/install/tier4_rtc_msgs/include/tier4_rtc_msgs/tier4_rtc_msgs/srv/detail/cooperate_commands__struct.hpp
[9.553s] -- Up-to-date symlink: /home/autoware/aichallenge2023-integration-final-main/install/tier4_rtc_msgs/include/tier4_rtc_msgs/tier4_rtc_msgs/srv/detail/cooperate_commands__traits.hpp
[9.553s] -- Up-to-date symlink: /home/autoware/aichallenge2023-integration-final-main/install/tier4_rtc_msgs/include/tier4_rtc_msgs/tier4_rtc_msgs/msg/detail/auto_mode_status__rosidl_typesupport_fastrtps_cpp.hpp
[9.553s] -- Up-to-date symlink: /home/autoware/aichallenge2023-integration-final-main/install/tier4_rtc_msgs/include/tier4_rtc_msgs/tier4_rtc_msgs/msg/detail/auto_mode_status_array__rosidl_typesupport_fastrtps_cpp.hpp
[9.553s] -- Up-to-date symlink: /home/autoware/aichallenge2023-integration-final-main/install/tier4_rtc_msgs/include/tier4_rtc_msgs/tier4_rtc_msgs/msg/detail/command__rosidl_typesupport_fastrtps_cpp.hpp
[9.553s] -- Up-to-date symlink: /home/autoware/aichallenge2023-integration-final-main/install/tier4_rtc_msgs/include/tier4_rtc_msgs/tier4_rtc_msgs/msg/detail/cooperate_command__rosidl_typesupport_fastrtps_cpp.hpp
[9.553s] -- Up-to-date symlink: /home/autoware/aichallenge2023-integration-final-main/install/tier4_rtc_msgs/include/tier4_rtc_msgs/tier4_rtc_msgs/msg/detail/cooperate_response__rosidl_typesupport_fastrtps_cpp.hpp
[9.553s] -- Up-to-date symlink: /home/autoware/aichallenge2023-integration-final-main/install/tier4_rtc_msgs/include/tier4_rtc_msgs/tier4_rtc_msgs/msg/detail/cooperate_status__rosidl_typesupport_fastrtps_cpp.hpp
[9.554s] -- Up-to-date symlink: /home/autoware/aichallenge2023-integration-final-main/install/tier4_rtc_msgs/include/tier4_rtc_msgs/tier4_rtc_msgs/msg/detail/cooperate_status_array__rosidl_typesupport_fastrtps_cpp.hpp
[9.554s] -- Up-to-date symlink: /home/autoware/aichallenge2023-integration-final-main/install/tier4_rtc_msgs/include/tier4_rtc_msgs/tier4_rtc_msgs/msg/detail/module__rosidl_typesupport_fastrtps_cpp.hpp
[9.554s] -- Up-to-date symlink: /home/autoware/aichallenge2023-integration-final-main/install/tier4_rtc_msgs/include/tier4_rtc_msgs/tier4_rtc_msgs/msg/rosidl_typesupport_fastrtps_cpp__visibility_control.h
[9.554s] -- Up-to-date symlink: /home/autoware/aichallenge2023-integration-final-main/install/tier4_rtc_msgs/include/tier4_rtc_msgs/tier4_rtc_msgs/srv/detail/auto_mode__rosidl_typesupport_fastrtps_cpp.hpp
[9.554s] -- Up-to-date symlink: /home/autoware/aichallenge2023-integration-final-main/install/tier4_rtc_msgs/include/tier4_rtc_msgs/tier4_rtc_msgs/srv/detail/auto_mode_with_module__rosidl_typesupport_fastrtps_cpp.hpp
[9.554s] -- Up-to-date symlink: /home/autoware/aichallenge2023-integration-final-main/install/tier4_rtc_msgs/include/tier4_rtc_msgs/tier4_rtc_msgs/srv/detail/cooperate_commands__rosidl_typesupport_fastrtps_cpp.hpp
[9.554s] -- Up-to-date symlink: /home/autoware/aichallenge2023-integration-final-main/install/tier4_rtc_msgs/include/tier4_rtc_msgs/tier4_rtc_msgs/msg/detail/auto_mode_status__rosidl_typesupport_introspection_cpp.hpp
[9.554s] -- Up-to-date symlink: /home/autoware/aichallenge2023-integration-final-main/install/tier4_rtc_msgs/include/tier4_rtc_msgs/tier4_rtc_msgs/msg/detail/auto_mode_status_array__rosidl_typesupport_introspection_cpp.hpp
[9.554s] -- Up-to-date symlink: /home/autoware/aichallenge2023-integration-final-main/install/tier4_rtc_msgs/include/tier4_rtc_msgs/tier4_rtc_msgs/msg/detail/command__rosidl_typesupport_introspection_cpp.hpp
[9.554s] -- Up-to-date symlink: /home/autoware/aichallenge2023-integration-final-main/install/tier4_rtc_msgs/include/tier4_rtc_msgs/tier4_rtc_msgs/msg/detail/cooperate_command__rosidl_typesupport_introspection_cpp.hpp
[9.554s] -- Up-to-date symlink: /home/autoware/aichallenge2023-integration-final-main/install/tier4_rtc_msgs/include/tier4_rtc_msgs/tier4_rtc_msgs/msg/detail/cooperate_response__rosidl_typesupport_introspection_cpp.hpp
[9.554s] -- Up-to-date symlink: /home/autoware/aichallenge2023-integration-final-main/install/tier4_rtc_msgs/include/tier4_rtc_msgs/tier4_rtc_msgs/msg/detail/cooperate_status__rosidl_typesupport_introspection_cpp.hpp
[9.555s] -- Up-to-date symlink: /home/autoware/aichallenge2023-integration-final-main/install/tier4_rtc_msgs/include/tier4_rtc_msgs/tier4_rtc_msgs/msg/detail/cooperate_status_array__rosidl_typesupport_introspection_cpp.hpp
[9.555s] -- Up-to-date symlink: /home/autoware/aichallenge2023-integration-final-main/install/tier4_rtc_msgs/include/tier4_rtc_msgs/tier4_rtc_msgs/msg/detail/module__rosidl_typesupport_introspection_cpp.hpp
[9.555s] -- Up-to-date symlink: /home/autoware/aichallenge2023-integration-final-main/install/tier4_rtc_msgs/include/tier4_rtc_msgs/tier4_rtc_msgs/srv/detail/auto_mode__rosidl_typesupport_introspection_cpp.hpp
[9.555s] -- Up-to-date symlink: /home/autoware/aichallenge2023-integration-final-main/install/tier4_rtc_msgs/include/tier4_rtc_msgs/tier4_rtc_msgs/srv/detail/auto_mode_with_module__rosidl_typesupport_introspection_cpp.hpp
[9.555s] -- Up-to-date symlink: /home/autoware/aichallenge2023-integration-final-main/install/tier4_rtc_msgs/include/tier4_rtc_msgs/tier4_rtc_msgs/srv/detail/cooperate_commands__rosidl_typesupport_introspection_cpp.hpp
[9.555s] -- Up-to-date symlink: /home/autoware/aichallenge2023-integration-final-main/install/tier4_rtc_msgs/share/tier4_rtc_msgs/environment/pythonpath.sh
[9.555s] -- Up-to-date symlink: /home/autoware/aichallenge2023-integration-final-main/install/tier4_rtc_msgs/share/tier4_rtc_msgs/environment/pythonpath.dsv
[9.560s] -- Up-to-date symlink: /home/autoware/aichallenge2023-integration-final-main/install/tier4_rtc_msgs/local/lib/python3.10/dist-packages/tier4_rtc_msgs-0.1.0-py3.10.egg-info/PKG-INFO
[9.561s] -- Up-to-date symlink: /home/autoware/aichallenge2023-integration-final-main/install/tier4_rtc_msgs/local/lib/python3.10/dist-packages/tier4_rtc_msgs-0.1.0-py3.10.egg-info/SOURCES.txt
[9.561s] -- Up-to-date symlink: /home/autoware/aichallenge2023-integration-final-main/install/tier4_rtc_msgs/local/lib/python3.10/dist-packages/tier4_rtc_msgs-0.1.0-py3.10.egg-info/dependency_links.txt
[9.561s] -- Up-to-date symlink: /home/autoware/aichallenge2023-integration-final-main/install/tier4_rtc_msgs/local/lib/python3.10/dist-packages/tier4_rtc_msgs-0.1.0-py3.10.egg-info/top_level.txt
[9.561s] -- Up-to-date symlink: /home/autoware/aichallenge2023-integration-final-main/install/tier4_rtc_msgs/local/lib/python3.10/dist-packages/tier4_rtc_msgs/__init__.py
[9.561s] -- Up-to-date symlink: /home/autoware/aichallenge2023-integration-final-main/install/tier4_rtc_msgs/local/lib/python3.10/dist-packages/tier4_rtc_msgs/_tier4_rtc_msgs_s.ep.rosidl_typesupport_c.c
[9.561s] -- Up-to-date symlink: /home/autoware/aichallenge2023-integration-final-main/install/tier4_rtc_msgs/local/lib/python3.10/dist-packages/tier4_rtc_msgs/_tier4_rtc_msgs_s.ep.rosidl_typesupport_fastrtps_c.c
[9.561s] -- Up-to-date symlink: /home/autoware/aichallenge2023-integration-final-main/install/tier4_rtc_msgs/local/lib/python3.10/dist-packages/tier4_rtc_msgs/_tier4_rtc_msgs_s.ep.rosidl_typesupport_introspection_c.c
[9.561s] -- Up-to-date symlink: /home/autoware/aichallenge2023-integration-final-main/install/tier4_rtc_msgs/local/lib/python3.10/dist-packages/tier4_rtc_msgs/libtier4_rtc_msgs__rosidl_generator_py.so
[9.561s] -- Up-to-date symlink: /home/autoware/aichallenge2023-integration-final-main/install/tier4_rtc_msgs/local/lib/python3.10/dist-packages/tier4_rtc_msgs/msg/__init__.py
[9.561s] -- Up-to-date symlink: /home/autoware/aichallenge2023-integration-final-main/install/tier4_rtc_msgs/local/lib/python3.10/dist-packages/tier4_rtc_msgs/msg/_auto_mode_status.py
[9.562s] -- Up-to-date symlink: /home/autoware/aichallenge2023-integration-final-main/install/tier4_rtc_msgs/local/lib/python3.10/dist-packages/tier4_rtc_msgs/msg/_auto_mode_status_array.py
[9.562s] -- Up-to-date symlink: /home/autoware/aichallenge2023-integration-final-main/install/tier4_rtc_msgs/local/lib/python3.10/dist-packages/tier4_rtc_msgs/msg/_auto_mode_status_array_s.c
[9.564s] -- Up-to-date symlink: /home/autoware/aichallenge2023-integration-final-main/install/tier4_rtc_msgs/local/lib/python3.10/dist-packages/tier4_rtc_msgs/msg/_auto_mode_status_s.c
[9.564s] -- Up-to-date symlink: /home/autoware/aichallenge2023-integration-final-main/install/tier4_rtc_msgs/local/lib/python3.10/dist-packages/tier4_rtc_msgs/msg/_command.py
[9.565s] -- Up-to-date symlink: /home/autoware/aichallenge2023-integration-final-main/install/tier4_rtc_msgs/local/lib/python3.10/dist-packages/tier4_rtc_msgs/msg/_command_s.c
[9.565s] -- Up-to-date symlink: /home/autoware/aichallenge2023-integration-final-main/install/tier4_rtc_msgs/local/lib/python3.10/dist-packages/tier4_rtc_msgs/msg/_cooperate_command.py
[9.565s] -- Up-to-date symlink: /home/autoware/aichallenge2023-integration-final-main/install/tier4_rtc_msgs/local/lib/python3.10/dist-packages/tier4_rtc_msgs/msg/_cooperate_command_s.c
[9.565s] -- Up-to-date symlink: /home/autoware/aichallenge2023-integration-final-main/install/tier4_rtc_msgs/local/lib/python3.10/dist-packages/tier4_rtc_msgs/msg/_cooperate_response.py
[9.565s] -- Up-to-date symlink: /home/autoware/aichallenge2023-integration-final-main/install/tier4_rtc_msgs/local/lib/python3.10/dist-packages/tier4_rtc_msgs/msg/_cooperate_response_s.c
[9.565s] -- Up-to-date symlink: /home/autoware/aichallenge2023-integration-final-main/install/tier4_rtc_msgs/local/lib/python3.10/dist-packages/tier4_rtc_msgs/msg/_cooperate_status.py
[9.565s] -- Up-to-date symlink: /home/autoware/aichallenge2023-integration-final-main/install/tier4_rtc_msgs/local/lib/python3.10/dist-packages/tier4_rtc_msgs/msg/_cooperate_status_array.py
[9.565s] -- Up-to-date symlink: /home/autoware/aichallenge2023-integration-final-main/install/tier4_rtc_msgs/local/lib/python3.10/dist-packages/tier4_rtc_msgs/msg/_cooperate_status_array_s.c
[9.565s] -- Up-to-date symlink: /home/autoware/aichallenge2023-integration-final-main/install/tier4_rtc_msgs/local/lib/python3.10/dist-packages/tier4_rtc_msgs/msg/_cooperate_status_s.c
[9.565s] -- Up-to-date symlink: /home/autoware/aichallenge2023-integration-final-main/install/tier4_rtc_msgs/local/lib/python3.10/dist-packages/tier4_rtc_msgs/msg/_module.py
[9.565s] -- Up-to-date symlink: /home/autoware/aichallenge2023-integration-final-main/install/tier4_rtc_msgs/local/lib/python3.10/dist-packages/tier4_rtc_msgs/msg/_module_s.c
[9.565s] -- Up-to-date symlink: /home/autoware/aichallenge2023-integration-final-main/install/tier4_rtc_msgs/local/lib/python3.10/dist-packages/tier4_rtc_msgs/srv/__init__.py
[9.566s] -- Up-to-date symlink: /home/autoware/aichallenge2023-integration-final-main/install/tier4_rtc_msgs/local/lib/python3.10/dist-packages/tier4_rtc_msgs/srv/_auto_mode.py
[9.566s] -- Up-to-date symlink: /home/autoware/aichallenge2023-integration-final-main/install/tier4_rtc_msgs/local/lib/python3.10/dist-packages/tier4_rtc_msgs/srv/_auto_mode_s.c
[9.566s] -- Up-to-date symlink: /home/autoware/aichallenge2023-integration-final-main/install/tier4_rtc_msgs/local/lib/python3.10/dist-packages/tier4_rtc_msgs/srv/_auto_mode_with_module.py
[9.566s] -- Up-to-date symlink: /home/autoware/aichallenge2023-integration-final-main/install/tier4_rtc_msgs/local/lib/python3.10/dist-packages/tier4_rtc_msgs/srv/_auto_mode_with_module_s.c
[9.566s] -- Up-to-date symlink: /home/autoware/aichallenge2023-integration-final-main/install/tier4_rtc_msgs/local/lib/python3.10/dist-packages/tier4_rtc_msgs/srv/_cooperate_commands.py
[9.566s] -- Up-to-date symlink: /home/autoware/aichallenge2023-integration-final-main/install/tier4_rtc_msgs/local/lib/python3.10/dist-packages/tier4_rtc_msgs/srv/_cooperate_commands_s.c
[9.566s] -- Up-to-date symlink: /home/autoware/aichallenge2023-integration-final-main/install/tier4_rtc_msgs/local/lib/python3.10/dist-packages/tier4_rtc_msgs/tier4_rtc_msgs_s__rosidl_typesupport_c.cpython-310-x86_64-linux-gnu.so
[9.566s] -- Up-to-date symlink: /home/autoware/aichallenge2023-integration-final-main/install/tier4_rtc_msgs/local/lib/python3.10/dist-packages/tier4_rtc_msgs/tier4_rtc_msgs_s__rosidl_typesupport_fastrtps_c.cpython-310-x86_64-linux-gnu.so
[9.566s] -- Up-to-date symlink: /home/autoware/aichallenge2023-integration-final-main/install/tier4_rtc_msgs/local/lib/python3.10/dist-packages/tier4_rtc_msgs/tier4_rtc_msgs_s__rosidl_typesupport_introspection_c.cpython-310-x86_64-linux-gnu.so
[9.566s] -- Up-to-date symlink: /home/autoware/aichallenge2023-integration-final-main/install/tier4_rtc_msgs/local/lib/python3.10/dist-packages/tier4_rtc_msgs/tier4_rtc_msgs_s__rosidl_typesupport_fastrtps_c.cpython-310-x86_64-linux-gnu.so
[9.566s] -- Up-to-date symlink: /home/autoware/aichallenge2023-integration-final-main/install/tier4_rtc_msgs/local/lib/python3.10/dist-packages/tier4_rtc_msgs/tier4_rtc_msgs_s__rosidl_typesupport_introspection_c.cpython-310-x86_64-linux-gnu.so
[9.566s] -- Up-to-date symlink: /home/autoware/aichallenge2023-integration-final-main/install/tier4_rtc_msgs/local/lib/python3.10/dist-packages/tier4_rtc_msgs/tier4_rtc_msgs_s__rosidl_typesupport_c.cpython-310-x86_64-linux-gnu.so
[9.567s] -- Up-to-date symlink: /home/autoware/aichallenge2023-integration-final-main/install/tier4_rtc_msgs/share/tier4_rtc_msgs/msg/Command.idl
[9.567s] -- Up-to-date symlink: /home/autoware/aichallenge2023-integration-final-main/install/tier4_rtc_msgs/share/tier4_rtc_msgs/msg/CooperateCommand.idl
[9.567s] -- Up-to-date symlink: /home/autoware/aichallenge2023-integration-final-main/install/tier4_rtc_msgs/share/tier4_rtc_msgs/msg/CooperateResponse.idl
[9.567s] -- Up-to-date symlink: /home/autoware/aichallenge2023-integration-final-main/install/tier4_rtc_msgs/share/tier4_rtc_msgs/msg/CooperateStatus.idl
[9.567s] -- Up-to-date symlink: /home/autoware/aichallenge2023-integration-final-main/install/tier4_rtc_msgs/share/tier4_rtc_msgs/msg/CooperateStatusArray.idl
[9.567s] -- Up-to-date symlink: /home/autoware/aichallenge2023-integration-final-main/install/tier4_rtc_msgs/share/tier4_rtc_msgs/msg/AutoModeStatus.idl
[9.567s] -- Up-to-date symlink: /home/autoware/aichallenge2023-integration-final-main/install/tier4_rtc_msgs/share/tier4_rtc_msgs/msg/AutoModeStatusArray.idl
[9.568s] -- Up-to-date symlink: /home/autoware/aichallenge2023-integration-final-main/install/tier4_rtc_msgs/share/tier4_rtc_msgs/msg/Module.idl
[9.568s] -- Up-to-date symlink: /home/autoware/aichallenge2023-integration-final-main/install/tier4_rtc_msgs/share/tier4_rtc_msgs/srv/AutoMode.idl
[9.568s] -- Up-to-date symlink: /home/autoware/aichallenge2023-integration-final-main/install/tier4_rtc_msgs/share/tier4_rtc_msgs/srv/AutoModeWithModule.idl
[9.569s] -- Up-to-date symlink: /home/autoware/aichallenge2023-integration-final-main/install/tier4_rtc_msgs/share/tier4_rtc_msgs/srv/CooperateCommands.idl
[9.569s] -- Up-to-date symlink: /home/autoware/aichallenge2023-integration-final-main/install/tier4_rtc_msgs/share/tier4_rtc_msgs/msg/Command.msg
[9.569s] -- Up-to-date symlink: /home/autoware/aichallenge2023-integration-final-main/install/tier4_rtc_msgs/share/tier4_rtc_msgs/msg/CooperateCommand.msg
[9.569s] -- Up-to-date symlink: /home/autoware/aichallenge2023-integration-final-main/install/tier4_rtc_msgs/share/tier4_rtc_msgs/msg/CooperateResponse.msg
[9.569s] -- Up-to-date symlink: /home/autoware/aichallenge2023-integration-final-main/install/tier4_rtc_msgs/share/tier4_rtc_msgs/msg/CooperateStatus.msg
[9.569s] -- Up-to-date symlink: /home/autoware/aichallenge2023-integration-final-main/install/tier4_rtc_msgs/share/tier4_rtc_msgs/msg/CooperateStatusArray.msg
[9.569s] -- Up-to-date symlink: /home/autoware/aichallenge2023-integration-final-main/install/tier4_rtc_msgs/share/tier4_rtc_msgs/msg/AutoModeStatus.msg
[9.569s] -- Up-to-date symlink: /home/autoware/aichallenge2023-integration-final-main/install/tier4_rtc_msgs/share/tier4_rtc_msgs/msg/AutoModeStatusArray.msg
[9.569s] -- Up-to-date symlink: /home/autoware/aichallenge2023-integration-final-main/install/tier4_rtc_msgs/share/tier4_rtc_msgs/msg/Module.msg
[9.570s] -- Up-to-date symlink: /home/autoware/aichallenge2023-integration-final-main/install/tier4_rtc_msgs/share/tier4_rtc_msgs/srv/AutoMode.srv
[9.570s] -- Up-to-date symlink: /home/autoware/aichallenge2023-integration-final-main/install/tier4_rtc_msgs/share/tier4_rtc_msgs/srv/AutoMode_Request.msg
[9.570s] -- Up-to-date symlink: /home/autoware/aichallenge2023-integration-final-main/install/tier4_rtc_msgs/share/tier4_rtc_msgs/srv/AutoMode_Response.msg
[9.570s] -- Up-to-date symlink: /home/autoware/aichallenge2023-integration-final-main/install/tier4_rtc_msgs/share/tier4_rtc_msgs/srv/AutoModeWithModule.srv
[9.570s] -- Up-to-date symlink: /home/autoware/aichallenge2023-integration-final-main/install/tier4_rtc_msgs/share/tier4_rtc_msgs/srv/AutoModeWithModule_Request.msg
[9.570s] -- Up-to-date symlink: /home/autoware/aichallenge2023-integration-final-main/install/tier4_rtc_msgs/share/tier4_rtc_msgs/srv/AutoModeWithModule_Response.msg
[9.570s] -- Up-to-date symlink: /home/autoware/aichallenge2023-integration-final-main/install/tier4_rtc_msgs/share/tier4_rtc_msgs/srv/CooperateCommands.srv
[9.570s] -- Up-to-date symlink: /home/autoware/aichallenge2023-integration-final-main/install/tier4_rtc_msgs/share/tier4_rtc_msgs/srv/CooperateCommands_Request.msg
[9.571s] -- Up-to-date symlink: /home/autoware/aichallenge2023-integration-final-main/install/tier4_rtc_msgs/share/tier4_rtc_msgs/srv/CooperateCommands_Response.msg
[9.571s] -- Up-to-date symlink: /home/autoware/aichallenge2023-integration-final-main/install/tier4_rtc_msgs/share/ament_index/resource_index/package_run_dependencies/tier4_rtc_msgs
[9.571s] -- Up-to-date symlink: /home/autoware/aichallenge2023-integration-final-main/install/tier4_rtc_msgs/share/ament_index/resource_index/parent_prefix_path/tier4_rtc_msgs
[9.571s] -- Up-to-date symlink: /home/autoware/aichallenge2023-integration-final-main/install/tier4_rtc_msgs/share/tier4_rtc_msgs/environment/ament_prefix_path.sh
[9.571s] -- Up-to-date symlink: /home/autoware/aichallenge2023-integration-final-main/install/tier4_rtc_msgs/share/tier4_rtc_msgs/environment/ament_prefix_path.dsv
[9.571s] -- Up-to-date symlink: /home/autoware/aichallenge2023-integration-final-main/install/tier4_rtc_msgs/share/tier4_rtc_msgs/environment/path.sh
[9.571s] -- Up-to-date symlink: /home/autoware/aichallenge2023-integration-final-main/install/tier4_rtc_msgs/share/tier4_rtc_msgs/environment/path.dsv
[9.571s] -- Up-to-date symlink: /home/autoware/aichallenge2023-integration-final-main/install/tier4_rtc_msgs/share/tier4_rtc_msgs/local_setup.bash
[9.571s] -- Up-to-date symlink: /home/autoware/aichallenge2023-integration-final-main/install/tier4_rtc_msgs/share/tier4_rtc_msgs/local_setup.sh
[9.571s] -- Up-to-date symlink: /home/autoware/aichallenge2023-integration-final-main/install/tier4_rtc_msgs/share/tier4_rtc_msgs/local_setup.zsh
[9.571s] -- Up-to-date symlink: /home/autoware/aichallenge2023-integration-final-main/install/tier4_rtc_msgs/share/tier4_rtc_msgs/local_setup.dsv
[9.571s] -- Symlinking: /home/autoware/aichallenge2023-integration-final-main/install/tier4_rtc_msgs/share/tier4_rtc_msgs/package.dsv
[9.631s] -- Up-to-date symlink: /home/autoware/aichallenge2023-integration-final-main/install/tier4_rtc_msgs/share/ament_index/resource_index/packages/tier4_rtc_msgs
[9.631s] -- Up-to-date symlink: /home/autoware/aichallenge2023-integration-final-main/install/tier4_rtc_msgs/share/tier4_rtc_msgs/cmake/rosidl_cmake-extras.cmake
[9.631s] -- Up-to-date symlink: /home/autoware/aichallenge2023-integration-final-main/install/tier4_rtc_msgs/share/tier4_rtc_msgs/cmake/ament_cmake_export_dependencies-extras.cmake
[9.631s] -- Up-to-date symlink: /home/autoware/aichallenge2023-integration-final-main/install/tier4_rtc_msgs/share/tier4_rtc_msgs/cmake/ament_cmake_export_include_directories-extras.cmake
[9.632s] -- Up-to-date symlink: /home/autoware/aichallenge2023-integration-final-main/install/tier4_rtc_msgs/share/tier4_rtc_msgs/cmake/ament_cmake_export_libraries-extras.cmake
[9.632s] -- Up-to-date symlink: /home/autoware/aichallenge2023-integration-final-main/install/tier4_rtc_msgs/share/tier4_rtc_msgs/cmake/ament_cmake_export_targets-extras.cmake
[9.632s] -- Up-to-date symlink: /home/autoware/aichallenge2023-integration-final-main/install/tier4_rtc_msgs/share/tier4_rtc_msgs/cmake/rosidl_cmake_export_typesupport_targets-extras.cmake
[9.632s] -- Up-to-date symlink: /home/autoware/aichallenge2023-integration-final-main/install/tier4_rtc_msgs/share/tier4_rtc_msgs/cmake/rosidl_cmake_export_typesupport_libraries-extras.cmake
[9.632s] -- Up-to-date symlink: /home/autoware/aichallenge2023-integration-final-main/install/tier4_rtc_msgs/share/tier4_rtc_msgs/cmake/tier4_rtc_msgsConfig.cmake
[9.632s] -- Up-to-date symlink: /home/autoware/aichallenge2023-integration-final-main/install/tier4_rtc_msgs/share/tier4_rtc_msgs/cmake/tier4_rtc_msgsConfig-version.cmake
[9.632s] -- Up-to-date symlink: /home/autoware/aichallenge2023-integration-final-main/install/tier4_rtc_msgs/share/tier4_rtc_msgs/package.xml
[9.633s] -- Up-to-date: /home/autoware/aichallenge2023-integration-final-main/install/tier4_rtc_msgs/lib/libtier4_rtc_msgs__rosidl_generator_c.so
[9.634s] -- Up-to-date: /home/autoware/aichallenge2023-integration-final-main/install/tier4_rtc_msgs/lib/libtier4_rtc_msgs__rosidl_typesupport_fastrtps_c.so
[9.634s] -- Up-to-date: /home/autoware/aichallenge2023-integration-final-main/install/tier4_rtc_msgs/lib/libtier4_rtc_msgs__rosidl_typesupport_introspection_c.so
[9.634s] -- Up-to-date: /home/autoware/aichallenge2023-integration-final-main/install/tier4_rtc_msgs/lib/libtier4_rtc_msgs__rosidl_typesupport_c.so
[9.635s] -- Up-to-date: /home/autoware/aichallenge2023-integration-final-main/install/tier4_rtc_msgs/lib/libtier4_rtc_msgs__rosidl_typesupport_fastrtps_cpp.so
[9.635s] -- Up-to-date: /home/autoware/aichallenge2023-integration-final-main/install/tier4_rtc_msgs/lib/libtier4_rtc_msgs__rosidl_typesupport_introspection_cpp.so
[9.635s] -- Up-to-date: /home/autoware/aichallenge2023-integration-final-main/install/tier4_rtc_msgs/lib/libtier4_rtc_msgs__rosidl_typesupport_cpp.so
[9.747s] Listing '/home/autoware/aichallenge2023-integration-final-main/install/tier4_rtc_msgs/local/lib/python3.10/dist-packages/tier4_rtc_msgs'...
[9.747s] Listing '/home/autoware/aichallenge2023-integration-final-main/install/tier4_rtc_msgs/local/lib/python3.10/dist-packages/tier4_rtc_msgs/msg'...
[9.747s] Listing '/home/autoware/aichallenge2023-integration-final-main/install/tier4_rtc_msgs/local/lib/python3.10/dist-packages/tier4_rtc_msgs/srv'...
[9.753s] -- Up-to-date: /home/autoware/aichallenge2023-integration-final-main/install/tier4_rtc_msgs/lib/libtier4_rtc_msgs__rosidl_generator_py.so
[9.753s] -- Up-to-date: /home/autoware/aichallenge2023-integration-final-main/install/tier4_rtc_msgs/share/tier4_rtc_msgs/cmake/export_tier4_rtc_msgs__rosidl_generator_cExport.cmake
[9.753s] -- Up-to-date: /home/autoware/aichallenge2023-integration-final-main/install/tier4_rtc_msgs/share/tier4_rtc_msgs/cmake/export_tier4_rtc_msgs__rosidl_generator_cExport-release.cmake
[9.753s] -- Up-to-date: /home/autoware/aichallenge2023-integration-final-main/install/tier4_rtc_msgs/share/tier4_rtc_msgs/cmake/export_tier4_rtc_msgs__rosidl_typesupport_fastrtps_cExport.cmake
[9.753s] -- Up-to-date: /home/autoware/aichallenge2023-integration-final-main/install/tier4_rtc_msgs/share/tier4_rtc_msgs/cmake/export_tier4_rtc_msgs__rosidl_typesupport_fastrtps_cExport-release.cmake
[9.754s] -- Up-to-date: /home/autoware/aichallenge2023-integration-final-main/install/tier4_rtc_msgs/share/tier4_rtc_msgs/cmake/tier4_rtc_msgs__rosidl_typesupport_introspection_cExport.cmake
[9.754s] -- Up-to-date: /home/autoware/aichallenge2023-integration-final-main/install/tier4_rtc_msgs/share/tier4_rtc_msgs/cmake/tier4_rtc_msgs__rosidl_typesupport_introspection_cExport-release.cmake
[9.754s] -- Up-to-date: /home/autoware/aichallenge2023-integration-final-main/install/tier4_rtc_msgs/share/tier4_rtc_msgs/cmake/tier4_rtc_msgs__rosidl_typesupport_cExport.cmake
[9.754s] -- Up-to-date: /home/autoware/aichallenge2023-integration-final-main/install/tier4_rtc_msgs/share/tier4_rtc_msgs/cmake/tier4_rtc_msgs__rosidl_typesupport_cExport-release.cmake
[9.754s] -- Up-to-date: /home/autoware/aichallenge2023-integration-final-main/install/tier4_rtc_msgs/share/tier4_rtc_msgs/cmake/export_tier4_rtc_msgs__rosidl_generator_cppExport.cmake
[9.754s] -- Up-to-date: /home/autoware/aichallenge2023-integration-final-main/install/tier4_rtc_msgs/share/tier4_rtc_msgs/cmake/export_tier4_rtc_msgs__rosidl_typesupport_fastrtps_cppExport.cmake
[9.755s] -- Up-to-date: /home/autoware/aichallenge2023-integration-final-main/install/tier4_rtc_msgs/share/tier4_rtc_msgs/cmake/export_tier4_rtc_msgs__rosidl_typesupport_fastrtps_cppExport-release.cmake
[9.755s] -- Up-to-date: /home/autoware/aichallenge2023-integration-final-main/install/tier4_rtc_msgs/share/tier4_rtc_msgs/cmake/tier4_rtc_msgs__rosidl_typesupport_introspection_cppExport.cmake
[9.755s] -- Up-to-date: /home/autoware/aichallenge2023-integration-final-main/install/tier4_rtc_msgs/share/tier4_rtc_msgs/cmake/tier4_rtc_msgs__rosidl_typesupport_introspection_cppExport-release.cmake
[9.755s] -- Up-to-date: /home/autoware/aichallenge2023-integration-final-main/install/tier4_rtc_msgs/share/tier4_rtc_msgs/cmake/tier4_rtc_msgs__rosidl_typesupport_cppExport.cmake
[9.755s] -- Up-to-date: /home/autoware/aichallenge2023-integration-final-main/install/tier4_rtc_msgs/share/tier4_rtc_msgs/cmake/tier4_rtc_msgs__rosidl_typesupport_cppExport-release.cmake
[9.755s] -- Up-to-date: /home/autoware/aichallenge2023-integration-final-main/install/tier4_rtc_msgs/share/tier4_rtc_msgs/cmake/export_tier4_rtc_msgs__rosidl_generator_pyExport.cmake
[9.756s] -- Up-to-date: /home/autoware/aichallenge2023-integration-final-main/install/tier4_rtc_msgs/share/tier4_rtc_msgs/cmake/export_tier4_rtc_msgs__rosidl_generator_pyExport-release.cmake
[9.761s] Invoked command in '/home/autoware/aichallenge2023-integration-final-main/build/tier4_rtc_msgs' returned '0': CMAKE_PREFIX_PATH=${CMAKE_PREFIX_PATH}:/home/autoware/aichallenge2023-integration-final-main/install/simulator_compatibility_test:/home/autoware/aichallenge2023-integration-final-main/install/ad_api_visualizers:/home/autoware/autoware/install/simulator_compatibility_test:/home/autoware/autoware/install/ad_api_visualizers:/opt/ros/humble /usr/bin/cmake --install /home/autoware/aichallenge2023-integration-final-main/build/tier4_rtc_msgs
