[0.114s] Invoking command in '/home/autoware/aichallenge2023-integration-final-main/build/sample_vehicle_description': CMAKE_PREFIX_PATH=${CMAKE_PREFIX_PATH}:/home/autoware/aichallenge2023-integration-final-main/install/simulator_compatibility_test:/home/autoware/aichallenge2023-integration-final-main/install/ad_api_visualizers:/home/autoware/autoware/install/simulator_compatibility_test:/home/autoware/autoware/install/ad_api_visualizers:/opt/ros/humble /usr/bin/cmake --build /home/autoware/aichallenge2023-integration-final-main/build/sample_vehicle_description -- -j16 -l16
[0.459s] Invoked command in '/home/autoware/aichallenge2023-integration-final-main/build/sample_vehicle_description' returned '0': CMAKE_PREFIX_PATH=${CMAKE_PREFIX_PATH}:/home/autoware/aichallenge2023-integration-final-main/install/simulator_compatibility_test:/home/autoware/aichallenge2023-integration-final-main/install/ad_api_visualizers:/home/autoware/autoware/install/simulator_compatibility_test:/home/autoware/autoware/install/ad_api_visualizers:/opt/ros/humble /usr/bin/cmake --build /home/autoware/aichallenge2023-integration-final-main/build/sample_vehicle_description -- -j16 -l16
[0.880s] Invoking command in '/home/autoware/aichallenge2023-integration-final-main/build/sample_vehicle_description': CMAKE_PREFIX_PATH=${CMAKE_PREFIX_PATH}:/home/autoware/aichallenge2023-integration-final-main/install/simulator_compatibility_test:/home/autoware/aichallenge2023-integration-final-main/install/ad_api_visualizers:/home/autoware/autoware/install/simulator_compatibility_test:/home/autoware/autoware/install/ad_api_visualizers:/opt/ros/humble /usr/bin/cmake --install /home/autoware/aichallenge2023-integration-final-main/build/sample_vehicle_description
[0.941s] -- Install configuration: "Release"
[0.943s] -- Execute custom install script
[0.943s] -- Up-to-date symlink: /home/autoware/aichallenge2023-integration-final-main/install/sample_vehicle_description/share/sample_vehicle_description/mesh/lexus.dae
[0.943s] -- Up-to-date symlink: /home/autoware/aichallenge2023-integration-final-main/install/sample_vehicle_description/share/sample_vehicle_description/mesh/lexus.jpg
[0.943s] -- Up-to-date symlink: /home/autoware/aichallenge2023-integration-final-main/install/sample_vehicle_description/share/sample_vehicle_description/urdf/vehicle.xacro
[0.943s] -- Up-to-date symlink: /home/autoware/aichallenge2023-integration-final-main/install/sample_vehicle_description/share/sample_vehicle_description/config/mirror.param.yaml
[0.944s] -- Up-to-date symlink: /home/autoware/aichallenge2023-integration-final-main/install/sample_vehicle_description/share/sample_vehicle_description/config/simulator_model.param.yaml
[0.944s] -- Up-to-date symlink: /home/autoware/aichallenge2023-integration-final-main/install/sample_vehicle_description/share/sample_vehicle_description/config/vehicle_info.param.yaml
[0.944s] -- Up-to-date symlink: /home/autoware/aichallenge2023-integration-final-main/install/sample_vehicle_description/share/ament_index/resource_index/package_run_dependencies/sample_vehicle_description
[0.944s] -- Up-to-date symlink: /home/autoware/aichallenge2023-integration-final-main/install/sample_vehicle_description/share/ament_index/resource_index/parent_prefix_path/sample_vehicle_description
[0.945s] -- Up-to-date symlink: /home/autoware/aichallenge2023-integration-final-main/install/sample_vehicle_description/share/sample_vehicle_description/environment/ament_prefix_path.sh
[0.947s] -- Up-to-date symlink: /home/autoware/aichallenge2023-integration-final-main/install/sample_vehicle_description/share/sample_vehicle_description/environment/ament_prefix_path.dsv
[0.948s] -- Up-to-date symlink: /home/autoware/aichallenge2023-integration-final-main/install/sample_vehicle_description/share/sample_vehicle_description/environment/path.sh
[0.948s] -- Up-to-date symlink: /home/autoware/aichallenge2023-integration-final-main/install/sample_vehicle_description/share/sample_vehicle_description/environment/path.dsv
[0.948s] -- Up-to-date symlink: /home/autoware/aichallenge2023-integration-final-main/install/sample_vehicle_description/share/sample_vehicle_description/local_setup.bash
[0.948s] -- Up-to-date symlink: /home/autoware/aichallenge2023-integration-final-main/install/sample_vehicle_description/share/sample_vehicle_description/local_setup.sh
[0.948s] -- Up-to-date symlink: /home/autoware/aichallenge2023-integration-final-main/install/sample_vehicle_description/share/sample_vehicle_description/local_setup.zsh
[0.948s] -- Up-to-date symlink: /home/autoware/aichallenge2023-integration-final-main/install/sample_vehicle_description/share/sample_vehicle_description/local_setup.dsv
[0.948s] -- Symlinking: /home/autoware/aichallenge2023-integration-final-main/install/sample_vehicle_description/share/sample_vehicle_description/package.dsv
[1.005s] -- Up-to-date symlink: /home/autoware/aichallenge2023-integration-final-main/install/sample_vehicle_description/share/ament_index/resource_index/packages/sample_vehicle_description
[1.005s] -- Up-to-date symlink: /home/autoware/aichallenge2023-integration-final-main/install/sample_vehicle_description/share/sample_vehicle_description/cmake/sample_vehicle_descriptionConfig.cmake
[1.006s] -- Up-to-date symlink: /home/autoware/aichallenge2023-integration-final-main/install/sample_vehicle_description/share/sample_vehicle_description/cmake/sample_vehicle_descriptionConfig-version.cmake
[1.006s] -- Up-to-date symlink: /home/autoware/aichallenge2023-integration-final-main/install/sample_vehicle_description/share/sample_vehicle_description/package.xml
[1.008s] Invoked command in '/home/autoware/aichallenge2023-integration-final-main/build/sample_vehicle_description' returned '0': CMAKE_PREFIX_PATH=${CMAKE_PREFIX_PATH}:/home/autoware/aichallenge2023-integration-final-main/install/simulator_compatibility_test:/home/autoware/aichallenge2023-integration-final-main/install/ad_api_visualizers:/home/autoware/autoware/install/simulator_compatibility_test:/home/autoware/autoware/install/ad_api_visualizers:/opt/ros/humble /usr/bin/cmake --install /home/autoware/aichallenge2023-integration-final-main/build/sample_vehicle_description
