[0.179s] Invoking command in '/home/autoware/aichallenge2023-integration-final-main/build/ndt_omp': CMAKE_PREFIX_PATH=${CMAKE_PREFIX_PATH}:/home/autoware/aichallenge2023-integration-final-main/install/simulator_compatibility_test:/home/autoware/aichallenge2023-integration-final-main/install/ad_api_visualizers:/home/autoware/autoware/install/simulator_compatibility_test:/home/autoware/autoware/install/ad_api_visualizers:/opt/ros/humble /usr/bin/cmake --build /home/autoware/aichallenge2023-integration-final-main/build/ndt_omp -- -j16 -l16
[1.027s] [ 57%] Built target ndt_omp
[1.423s] [100%] Built target multigrid_ndt_omp
[1.589s] Invoked command in '/home/autoware/aichallenge2023-integration-final-main/build/ndt_omp' returned '0': CMAKE_PREFIX_PATH=${CMAKE_PREFIX_PATH}:/home/autoware/aichallenge2023-integration-final-main/install/simulator_compatibility_test:/home/autoware/aichallenge2023-integration-final-main/install/ad_api_visualizers:/home/autoware/autoware/install/simulator_compatibility_test:/home/autoware/autoware/install/ad_api_visualizers:/opt/ros/humble /usr/bin/cmake --build /home/autoware/aichallenge2023-integration-final-main/build/ndt_omp -- -j16 -l16
[2.861s] Invoking command in '/home/autoware/aichallenge2023-integration-final-main/build/ndt_omp': CMAKE_PREFIX_PATH=${CMAKE_PREFIX_PATH}:/home/autoware/aichallenge2023-integration-final-main/install/simulator_compatibility_test:/home/autoware/aichallenge2023-integration-final-main/install/ad_api_visualizers:/home/autoware/autoware/install/simulator_compatibility_test:/home/autoware/autoware/install/ad_api_visualizers:/opt/ros/humble /usr/bin/cmake --install /home/autoware/aichallenge2023-integration-final-main/build/ndt_omp
[2.995s] -- Install configuration: "RELEASE"
[2.997s] -- Execute custom install script
[2.997s] -- Up-to-date symlink: /home/autoware/aichallenge2023-integration-final-main/install/ndt_omp/include/multigrid_pclomp/multi_voxel_grid_covariance_omp.h
[2.998s] -- Up-to-date symlink: /home/autoware/aichallenge2023-integration-final-main/install/ndt_omp/include/multigrid_pclomp/multi_voxel_grid_covariance_omp_impl.hpp
[2.998s] -- Up-to-date symlink: /home/autoware/aichallenge2023-integration-final-main/install/ndt_omp/include/multigrid_pclomp/multigrid_ndt_omp.h
[2.998s] -- Up-to-date symlink: /home/autoware/aichallenge2023-integration-final-main/install/ndt_omp/include/multigrid_pclomp/multigrid_ndt_omp_impl.hpp
[2.998s] -- Up-to-date symlink: /home/autoware/aichallenge2023-integration-final-main/install/ndt_omp/include/pclomp/gicp_omp.h
[2.998s] -- Up-to-date symlink: /home/autoware/aichallenge2023-integration-final-main/install/ndt_omp/include/pclomp/gicp_omp_impl.hpp
[2.999s] -- Up-to-date symlink: /home/autoware/aichallenge2023-integration-final-main/install/ndt_omp/include/pclomp/ndt_omp.h
[2.999s] -- Up-to-date symlink: /home/autoware/aichallenge2023-integration-final-main/install/ndt_omp/include/pclomp/ndt_omp_impl.hpp
[2.999s] -- Up-to-date symlink: /home/autoware/aichallenge2023-integration-final-main/install/ndt_omp/include/pclomp/voxel_grid_covariance_omp.h
[2.999s] -- Up-to-date symlink: /home/autoware/aichallenge2023-integration-final-main/install/ndt_omp/include/pclomp/voxel_grid_covariance_omp_impl.hpp
[3.000s] -- Up-to-date symlink: /home/autoware/aichallenge2023-integration-final-main/install/ndt_omp/share/ndt_omp/environment/library_path.sh
[3.000s] -- Up-to-date symlink: /home/autoware/aichallenge2023-integration-final-main/install/ndt_omp/share/ndt_omp/environment/library_path.dsv
[3.001s] -- Up-to-date symlink: /home/autoware/aichallenge2023-integration-final-main/install/ndt_omp/lib/libndt_omp.so
[3.001s] -- Up-to-date symlink: /home/autoware/aichallenge2023-integration-final-main/install/ndt_omp/lib/libmultigrid_ndt_omp.so
[3.002s] -- Up-to-date symlink: /home/autoware/aichallenge2023-integration-final-main/install/ndt_omp/share/ament_index/resource_index/package_run_dependencies/ndt_omp
[3.002s] -- Up-to-date symlink: /home/autoware/aichallenge2023-integration-final-main/install/ndt_omp/share/ament_index/resource_index/parent_prefix_path/ndt_omp
[3.003s] -- Up-to-date symlink: /home/autoware/aichallenge2023-integration-final-main/install/ndt_omp/share/ndt_omp/environment/ament_prefix_path.sh
[3.003s] -- Up-to-date symlink: /home/autoware/aichallenge2023-integration-final-main/install/ndt_omp/share/ndt_omp/environment/ament_prefix_path.dsv
[3.003s] -- Up-to-date symlink: /home/autoware/aichallenge2023-integration-final-main/install/ndt_omp/share/ndt_omp/environment/path.sh
[3.004s] -- Up-to-date symlink: /home/autoware/aichallenge2023-integration-final-main/install/ndt_omp/share/ndt_omp/environment/path.dsv
[3.006s] -- Up-to-date symlink: /home/autoware/aichallenge2023-integration-final-main/install/ndt_omp/share/ndt_omp/local_setup.bash
[3.007s] -- Up-to-date symlink: /home/autoware/aichallenge2023-integration-final-main/install/ndt_omp/share/ndt_omp/local_setup.sh
[3.007s] -- Up-to-date symlink: /home/autoware/aichallenge2023-integration-final-main/install/ndt_omp/share/ndt_omp/local_setup.zsh
[3.007s] -- Up-to-date symlink: /home/autoware/aichallenge2023-integration-final-main/install/ndt_omp/share/ndt_omp/local_setup.dsv
[3.007s] -- Symlinking: /home/autoware/aichallenge2023-integration-final-main/install/ndt_omp/share/ndt_omp/package.dsv
[3.146s] -- Up-to-date symlink: /home/autoware/aichallenge2023-integration-final-main/install/ndt_omp/share/ament_index/resource_index/packages/ndt_omp
[3.146s] -- Up-to-date symlink: /home/autoware/aichallenge2023-integration-final-main/install/ndt_omp/share/ndt_omp/cmake/ament_cmake_export_include_directories-extras.cmake
[3.146s] -- Up-to-date symlink: /home/autoware/aichallenge2023-integration-final-main/install/ndt_omp/share/ndt_omp/cmake/ament_cmake_export_libraries-extras.cmake
[3.146s] -- Up-to-date symlink: /home/autoware/aichallenge2023-integration-final-main/install/ndt_omp/share/ndt_omp/cmake/ndt_ompConfig.cmake
[3.146s] -- Up-to-date symlink: /home/autoware/aichallenge2023-integration-final-main/install/ndt_omp/share/ndt_omp/cmake/ndt_ompConfig-version.cmake
[3.147s] -- Up-to-date symlink: /home/autoware/aichallenge2023-integration-final-main/install/ndt_omp/share/ndt_omp/package.xml
[3.157s] Invoked command in '/home/autoware/aichallenge2023-integration-final-main/build/ndt_omp' returned '0': CMAKE_PREFIX_PATH=${CMAKE_PREFIX_PATH}:/home/autoware/aichallenge2023-integration-final-main/install/simulator_compatibility_test:/home/autoware/aichallenge2023-integration-final-main/install/ad_api_visualizers:/home/autoware/autoware/install/simulator_compatibility_test:/home/autoware/autoware/install/ad_api_visualizers:/opt/ros/humble /usr/bin/cmake --install /home/autoware/aichallenge2023-integration-final-main/build/ndt_omp
