[0.170s] Invoking command in '/home/autoware/aichallenge2023-integration-final-main/build/autoware_map_msgs': CMAKE_PREFIX_PATH=${CMAKE_PREFIX_PATH}:/home/autoware/aichallenge2023-integration-final-main/install/simulator_compatibility_test:/home/autoware/aichallenge2023-integration-final-main/install/ad_api_visualizers:/home/autoware/autoware/install/simulator_compatibility_test:/home/autoware/autoware/install/ad_api_visualizers:/opt/ros/humble /usr/bin/cmake --build /home/autoware/aichallenge2023-integration-final-main/build/autoware_map_msgs -- -j16 -l16
[3.419s] [ 11%] Built target autoware_map_msgs__rosidl_generator_c
[3.419s] [ 12%] Built target autoware_map_msgs__cpp
[3.419s] [ 12%] Built target ament_cmake_python_symlink_autoware_map_msgs
[3.419s] [ 23%] Built target autoware_map_msgs__rosidl_typesupport_fastrtps_c
[3.419s] [ 34%] Built target autoware_map_msgs__rosidl_typesupport_cpp
[3.419s] [ 46%] Built target autoware_map_msgs__rosidl_typesupport_c
[3.419s] [ 57%] Built target autoware_map_msgs__rosidl_typesupport_introspection_cpp
[3.419s] [ 68%] Built target autoware_map_msgs__rosidl_typesupport_fastrtps_cpp
[3.419s] [ 79%] Built target autoware_map_msgs__rosidl_typesupport_introspection_c
[3.419s] [ 79%] Built target autoware_map_msgs
[3.419s] running egg_info
[3.419s] writing autoware_map_msgs.egg-info/PKG-INFO
[3.419s] writing dependency_links to autoware_map_msgs.egg-info/dependency_links.txt
[3.419s] writing top-level names to autoware_map_msgs.egg-info/top_level.txt
[3.419s] reading manifest file 'autoware_map_msgs.egg-info/SOURCES.txt'
[3.420s] writing manifest file 'autoware_map_msgs.egg-info/SOURCES.txt'
[3.420s] [ 79%] Built target ament_cmake_python_build_autoware_map_msgs_egg
[3.420s] [ 80%] Built target autoware_map_msgs__py
[3.420s] [ 90%] Built target autoware_map_msgs__rosidl_generator_py
[3.550s] [ 93%] Built target autoware_map_msgs__rosidl_typesupport_fastrtps_c__pyext
[3.584s] [ 96%] Built target autoware_map_msgs__rosidl_typesupport_introspection_c__pyext
[3.653s] [100%] Built target autoware_map_msgs__rosidl_typesupport_c__pyext
[3.769s] Invoked command in '/home/autoware/aichallenge2023-integration-final-main/build/autoware_map_msgs' returned '0': CMAKE_PREFIX_PATH=${CMAKE_PREFIX_PATH}:/home/autoware/aichallenge2023-integration-final-main/install/simulator_compatibility_test:/home/autoware/aichallenge2023-integration-final-main/install/ad_api_visualizers:/home/autoware/autoware/install/simulator_compatibility_test:/home/autoware/autoware/install/ad_api_visualizers:/opt/ros/humble /usr/bin/cmake --build /home/autoware/aichallenge2023-integration-final-main/build/autoware_map_msgs -- -j16 -l16
[7.262s] Invoking command in '/home/autoware/aichallenge2023-integration-final-main/build/autoware_map_msgs': CMAKE_PREFIX_PATH=${CMAKE_PREFIX_PATH}:/home/autoware/aichallenge2023-integration-final-main/install/simulator_compatibility_test:/home/autoware/aichallenge2023-integration-final-main/install/ad_api_visualizers:/home/autoware/autoware/install/simulator_compatibility_test:/home/autoware/autoware/install/ad_api_visualizers:/opt/ros/humble /usr/bin/cmake --install /home/autoware/aichallenge2023-integration-final-main/build/autoware_map_msgs
[7.384s] -- Install configuration: "Release"
[7.385s] -- Execute custom install script
[7.385s] -- Up-to-date symlink: /home/autoware/aichallenge2023-integration-final-main/install/autoware_map_msgs/share/ament_index/resource_index/rosidl_interfaces/autoware_map_msgs
[7.386s] -- Up-to-date symlink: /home/autoware/aichallenge2023-integration-final-main/install/autoware_map_msgs/include/autoware_map_msgs/autoware_map_msgs/msg/area_info.h
[7.386s] -- Up-to-date symlink: /home/autoware/aichallenge2023-integration-final-main/install/autoware_map_msgs/include/autoware_map_msgs/autoware_map_msgs/msg/detail/area_info__functions.h
[7.386s] -- Up-to-date symlink: /home/autoware/aichallenge2023-integration-final-main/install/autoware_map_msgs/include/autoware_map_msgs/autoware_map_msgs/msg/detail/area_info__struct.h
[7.387s] -- Up-to-date symlink: /home/autoware/aichallenge2023-integration-final-main/install/autoware_map_msgs/include/autoware_map_msgs/autoware_map_msgs/msg/detail/area_info__type_support.h
[7.387s] -- Up-to-date symlink: /home/autoware/aichallenge2023-integration-final-main/install/autoware_map_msgs/include/autoware_map_msgs/autoware_map_msgs/msg/detail/lanelet_map_bin__functions.h
[7.387s] -- Up-to-date symlink: /home/autoware/aichallenge2023-integration-final-main/install/autoware_map_msgs/include/autoware_map_msgs/autoware_map_msgs/msg/detail/lanelet_map_bin__struct.h
[7.387s] -- Up-to-date symlink: /home/autoware/aichallenge2023-integration-final-main/install/autoware_map_msgs/include/autoware_map_msgs/autoware_map_msgs/msg/detail/lanelet_map_bin__type_support.h
[7.387s] -- Up-to-date symlink: /home/autoware/aichallenge2023-integration-final-main/install/autoware_map_msgs/include/autoware_map_msgs/autoware_map_msgs/msg/detail/point_cloud_map_cell_with_id__functions.h
[7.388s] -- Up-to-date symlink: /home/autoware/aichallenge2023-integration-final-main/install/autoware_map_msgs/include/autoware_map_msgs/autoware_map_msgs/msg/detail/point_cloud_map_cell_with_id__struct.h
[7.388s] -- Up-to-date symlink: /home/autoware/aichallenge2023-integration-final-main/install/autoware_map_msgs/include/autoware_map_msgs/autoware_map_msgs/msg/detail/point_cloud_map_cell_with_id__type_support.h
[7.388s] -- Up-to-date symlink: /home/autoware/aichallenge2023-integration-final-main/install/autoware_map_msgs/include/autoware_map_msgs/autoware_map_msgs/msg/lanelet_map_bin.h
[7.388s] -- Up-to-date symlink: /home/autoware/aichallenge2023-integration-final-main/install/autoware_map_msgs/include/autoware_map_msgs/autoware_map_msgs/msg/point_cloud_map_cell_with_id.h
[7.388s] -- Up-to-date symlink: /home/autoware/aichallenge2023-integration-final-main/install/autoware_map_msgs/include/autoware_map_msgs/autoware_map_msgs/msg/rosidl_generator_c__visibility_control.h
[7.389s] -- Up-to-date symlink: /home/autoware/aichallenge2023-integration-final-main/install/autoware_map_msgs/include/autoware_map_msgs/autoware_map_msgs/srv/detail/get_differential_point_cloud_map__functions.h
[7.389s] -- Up-to-date symlink: /home/autoware/aichallenge2023-integration-final-main/install/autoware_map_msgs/include/autoware_map_msgs/autoware_map_msgs/srv/detail/get_differential_point_cloud_map__struct.h
[7.389s] -- Up-to-date symlink: /home/autoware/aichallenge2023-integration-final-main/install/autoware_map_msgs/include/autoware_map_msgs/autoware_map_msgs/srv/detail/get_differential_point_cloud_map__type_support.h
[7.389s] -- Up-to-date symlink: /home/autoware/aichallenge2023-integration-final-main/install/autoware_map_msgs/include/autoware_map_msgs/autoware_map_msgs/srv/detail/get_partial_point_cloud_map__functions.h
[7.389s] -- Up-to-date symlink: /home/autoware/aichallenge2023-integration-final-main/install/autoware_map_msgs/include/autoware_map_msgs/autoware_map_msgs/srv/detail/get_partial_point_cloud_map__struct.h
[7.390s] -- Up-to-date symlink: /home/autoware/aichallenge2023-integration-final-main/install/autoware_map_msgs/include/autoware_map_msgs/autoware_map_msgs/srv/detail/get_partial_point_cloud_map__type_support.h
[7.390s] -- Up-to-date symlink: /home/autoware/aichallenge2023-integration-final-main/install/autoware_map_msgs/include/autoware_map_msgs/autoware_map_msgs/srv/get_differential_point_cloud_map.h
[7.390s] -- Up-to-date symlink: /home/autoware/aichallenge2023-integration-final-main/install/autoware_map_msgs/include/autoware_map_msgs/autoware_map_msgs/srv/get_partial_point_cloud_map.h
[7.391s] -- Up-to-date symlink: /home/autoware/aichallenge2023-integration-final-main/install/autoware_map_msgs/share/autoware_map_msgs/environment/library_path.sh
[7.391s] -- Up-to-date symlink: /home/autoware/aichallenge2023-integration-final-main/install/autoware_map_msgs/share/autoware_map_msgs/environment/library_path.dsv
[7.392s] -- Up-to-date symlink: /home/autoware/aichallenge2023-integration-final-main/install/autoware_map_msgs/include/autoware_map_msgs/autoware_map_msgs/msg/detail/area_info__rosidl_typesupport_fastrtps_c.h
[7.392s] -- Up-to-date symlink: /home/autoware/aichallenge2023-integration-final-main/install/autoware_map_msgs/include/autoware_map_msgs/autoware_map_msgs/msg/detail/lanelet_map_bin__rosidl_typesupport_fastrtps_c.h
[7.392s] -- Up-to-date symlink: /home/autoware/aichallenge2023-integration-final-main/install/autoware_map_msgs/include/autoware_map_msgs/autoware_map_msgs/msg/detail/point_cloud_map_cell_with_id__rosidl_typesupport_fastrtps_c.h
[7.392s] -- Up-to-date symlink: /home/autoware/aichallenge2023-integration-final-main/install/autoware_map_msgs/include/autoware_map_msgs/autoware_map_msgs/msg/rosidl_typesupport_fastrtps_c__visibility_control.h
[7.393s] -- Up-to-date symlink: /home/autoware/aichallenge2023-integration-final-main/install/autoware_map_msgs/include/autoware_map_msgs/autoware_map_msgs/srv/detail/get_differential_point_cloud_map__rosidl_typesupport_fastrtps_c.h
[7.394s] -- Up-to-date symlink: /home/autoware/aichallenge2023-integration-final-main/install/autoware_map_msgs/include/autoware_map_msgs/autoware_map_msgs/srv/detail/get_partial_point_cloud_map__rosidl_typesupport_fastrtps_c.h
[7.395s] -- Up-to-date symlink: /home/autoware/aichallenge2023-integration-final-main/install/autoware_map_msgs/include/autoware_map_msgs/autoware_map_msgs/msg/area_info.hpp
[7.395s] -- Up-to-date symlink: /home/autoware/aichallenge2023-integration-final-main/install/autoware_map_msgs/include/autoware_map_msgs/autoware_map_msgs/msg/detail/area_info__builder.hpp
[7.395s] -- Up-to-date symlink: /home/autoware/aichallenge2023-integration-final-main/install/autoware_map_msgs/include/autoware_map_msgs/autoware_map_msgs/msg/detail/area_info__struct.hpp
[7.395s] -- Up-to-date symlink: /home/autoware/aichallenge2023-integration-final-main/install/autoware_map_msgs/include/autoware_map_msgs/autoware_map_msgs/msg/detail/area_info__traits.hpp
[7.395s] -- Up-to-date symlink: /home/autoware/aichallenge2023-integration-final-main/install/autoware_map_msgs/include/autoware_map_msgs/autoware_map_msgs/msg/detail/lanelet_map_bin__builder.hpp
[7.396s] -- Up-to-date symlink: /home/autoware/aichallenge2023-integration-final-main/install/autoware_map_msgs/include/autoware_map_msgs/autoware_map_msgs/msg/detail/lanelet_map_bin__struct.hpp
[7.396s] -- Up-to-date symlink: /home/autoware/aichallenge2023-integration-final-main/install/autoware_map_msgs/include/autoware_map_msgs/autoware_map_msgs/msg/detail/lanelet_map_bin__traits.hpp
[7.396s] -- Up-to-date symlink: /home/autoware/aichallenge2023-integration-final-main/install/autoware_map_msgs/include/autoware_map_msgs/autoware_map_msgs/msg/detail/point_cloud_map_cell_with_id__builder.hpp
[7.397s] -- Up-to-date symlink: /home/autoware/aichallenge2023-integration-final-main/install/autoware_map_msgs/include/autoware_map_msgs/autoware_map_msgs/msg/detail/point_cloud_map_cell_with_id__struct.hpp
[7.397s] -- Up-to-date symlink: /home/autoware/aichallenge2023-integration-final-main/install/autoware_map_msgs/include/autoware_map_msgs/autoware_map_msgs/msg/detail/point_cloud_map_cell_with_id__traits.hpp
[7.397s] -- Up-to-date symlink: /home/autoware/aichallenge2023-integration-final-main/install/autoware_map_msgs/include/autoware_map_msgs/autoware_map_msgs/msg/lanelet_map_bin.hpp
[7.397s] -- Up-to-date symlink: /home/autoware/aichallenge2023-integration-final-main/install/autoware_map_msgs/include/autoware_map_msgs/autoware_map_msgs/msg/point_cloud_map_cell_with_id.hpp
[7.398s] -- Up-to-date symlink: /home/autoware/aichallenge2023-integration-final-main/install/autoware_map_msgs/include/autoware_map_msgs/autoware_map_msgs/srv/detail/get_differential_point_cloud_map__builder.hpp
[7.398s] -- Up-to-date symlink: /home/autoware/aichallenge2023-integration-final-main/install/autoware_map_msgs/include/autoware_map_msgs/autoware_map_msgs/srv/detail/get_differential_point_cloud_map__struct.hpp
[7.398s] -- Up-to-date symlink: /home/autoware/aichallenge2023-integration-final-main/install/autoware_map_msgs/include/autoware_map_msgs/autoware_map_msgs/srv/detail/get_differential_point_cloud_map__traits.hpp
[7.398s] -- Up-to-date symlink: /home/autoware/aichallenge2023-integration-final-main/install/autoware_map_msgs/include/autoware_map_msgs/autoware_map_msgs/srv/detail/get_partial_point_cloud_map__builder.hpp
[7.399s] -- Up-to-date symlink: /home/autoware/aichallenge2023-integration-final-main/install/autoware_map_msgs/include/autoware_map_msgs/autoware_map_msgs/srv/detail/get_partial_point_cloud_map__struct.hpp
[7.399s] -- Up-to-date symlink: /home/autoware/aichallenge2023-integration-final-main/install/autoware_map_msgs/include/autoware_map_msgs/autoware_map_msgs/srv/detail/get_partial_point_cloud_map__traits.hpp
[7.399s] -- Up-to-date symlink: /home/autoware/aichallenge2023-integration-final-main/install/autoware_map_msgs/include/autoware_map_msgs/autoware_map_msgs/srv/get_differential_point_cloud_map.hpp
[7.399s] -- Up-to-date symlink: /home/autoware/aichallenge2023-integration-final-main/install/autoware_map_msgs/include/autoware_map_msgs/autoware_map_msgs/srv/get_partial_point_cloud_map.hpp
[7.401s] -- Up-to-date symlink: /home/autoware/aichallenge2023-integration-final-main/install/autoware_map_msgs/include/autoware_map_msgs/autoware_map_msgs/msg/detail/area_info__rosidl_typesupport_fastrtps_cpp.hpp
[7.401s] -- Up-to-date symlink: /home/autoware/aichallenge2023-integration-final-main/install/autoware_map_msgs/include/autoware_map_msgs/autoware_map_msgs/msg/detail/lanelet_map_bin__rosidl_typesupport_fastrtps_cpp.hpp
[7.401s] -- Up-to-date symlink: /home/autoware/aichallenge2023-integration-final-main/install/autoware_map_msgs/include/autoware_map_msgs/autoware_map_msgs/msg/detail/point_cloud_map_cell_with_id__rosidl_typesupport_fastrtps_cpp.hpp
[7.401s] -- Up-to-date symlink: /home/autoware/aichallenge2023-integration-final-main/install/autoware_map_msgs/include/autoware_map_msgs/autoware_map_msgs/msg/rosidl_typesupport_fastrtps_cpp__visibility_control.h
[7.401s] -- Up-to-date symlink: /home/autoware/aichallenge2023-integration-final-main/install/autoware_map_msgs/include/autoware_map_msgs/autoware_map_msgs/srv/detail/get_differential_point_cloud_map__rosidl_typesupport_fastrtps_cpp.hpp
[7.402s] -- Up-to-date symlink: /home/autoware/aichallenge2023-integration-final-main/install/autoware_map_msgs/include/autoware_map_msgs/autoware_map_msgs/srv/detail/get_partial_point_cloud_map__rosidl_typesupport_fastrtps_cpp.hpp
[7.402s] -- Up-to-date symlink: /home/autoware/aichallenge2023-integration-final-main/install/autoware_map_msgs/include/autoware_map_msgs/autoware_map_msgs/msg/detail/area_info__rosidl_typesupport_introspection_c.h
[7.403s] -- Up-to-date symlink: /home/autoware/aichallenge2023-integration-final-main/install/autoware_map_msgs/include/autoware_map_msgs/autoware_map_msgs/msg/detail/lanelet_map_bin__rosidl_typesupport_introspection_c.h
[7.403s] -- Up-to-date symlink: /home/autoware/aichallenge2023-integration-final-main/install/autoware_map_msgs/include/autoware_map_msgs/autoware_map_msgs/msg/detail/point_cloud_map_cell_with_id__rosidl_typesupport_introspection_c.h
[7.403s] -- Up-to-date symlink: /home/autoware/aichallenge2023-integration-final-main/install/autoware_map_msgs/include/autoware_map_msgs/autoware_map_msgs/msg/rosidl_typesupport_introspection_c__visibility_control.h
[7.403s] -- Up-to-date symlink: /home/autoware/aichallenge2023-integration-final-main/install/autoware_map_msgs/include/autoware_map_msgs/autoware_map_msgs/srv/detail/get_differential_point_cloud_map__rosidl_typesupport_introspection_c.h
[7.404s] -- Up-to-date symlink: /home/autoware/aichallenge2023-integration-final-main/install/autoware_map_msgs/include/autoware_map_msgs/autoware_map_msgs/srv/detail/get_partial_point_cloud_map__rosidl_typesupport_introspection_c.h
[7.404s] -- Up-to-date symlink: /home/autoware/aichallenge2023-integration-final-main/install/autoware_map_msgs/include/autoware_map_msgs/autoware_map_msgs/msg/detail/area_info__rosidl_typesupport_introspection_cpp.hpp
[7.404s] -- Up-to-date symlink: /home/autoware/aichallenge2023-integration-final-main/install/autoware_map_msgs/include/autoware_map_msgs/autoware_map_msgs/msg/detail/lanelet_map_bin__rosidl_typesupport_introspection_cpp.hpp
[7.405s] -- Up-to-date symlink: /home/autoware/aichallenge2023-integration-final-main/install/autoware_map_msgs/include/autoware_map_msgs/autoware_map_msgs/msg/detail/point_cloud_map_cell_with_id__rosidl_typesupport_introspection_cpp.hpp
[7.406s] -- Up-to-date symlink: /home/autoware/aichallenge2023-integration-final-main/install/autoware_map_msgs/include/autoware_map_msgs/autoware_map_msgs/srv/detail/get_differential_point_cloud_map__rosidl_typesupport_introspection_cpp.hpp
[7.406s] -- Up-to-date symlink: /home/autoware/aichallenge2023-integration-final-main/install/autoware_map_msgs/include/autoware_map_msgs/autoware_map_msgs/srv/detail/get_partial_point_cloud_map__rosidl_typesupport_introspection_cpp.hpp
[7.406s] -- Up-to-date symlink: /home/autoware/aichallenge2023-integration-final-main/install/autoware_map_msgs/share/autoware_map_msgs/environment/pythonpath.sh
[7.406s] -- Up-to-date symlink: /home/autoware/aichallenge2023-integration-final-main/install/autoware_map_msgs/share/autoware_map_msgs/environment/pythonpath.dsv
[7.407s] -- Up-to-date symlink: /home/autoware/aichallenge2023-integration-final-main/install/autoware_map_msgs/local/lib/python3.10/dist-packages/autoware_map_msgs-1.0.0-py3.10.egg-info/PKG-INFO
[7.407s] -- Up-to-date symlink: /home/autoware/aichallenge2023-integration-final-main/install/autoware_map_msgs/local/lib/python3.10/dist-packages/autoware_map_msgs-1.0.0-py3.10.egg-info/SOURCES.txt
[7.407s] -- Up-to-date symlink: /home/autoware/aichallenge2023-integration-final-main/install/autoware_map_msgs/local/lib/python3.10/dist-packages/autoware_map_msgs-1.0.0-py3.10.egg-info/dependency_links.txt
[7.407s] -- Up-to-date symlink: /home/autoware/aichallenge2023-integration-final-main/install/autoware_map_msgs/local/lib/python3.10/dist-packages/autoware_map_msgs-1.0.0-py3.10.egg-info/top_level.txt
[7.408s] -- Up-to-date symlink: /home/autoware/aichallenge2023-integration-final-main/install/autoware_map_msgs/local/lib/python3.10/dist-packages/autoware_map_msgs/__init__.py
[7.408s] -- Up-to-date symlink: /home/autoware/aichallenge2023-integration-final-main/install/autoware_map_msgs/local/lib/python3.10/dist-packages/autoware_map_msgs/_autoware_map_msgs_s.ep.rosidl_typesupport_c.c
[7.408s] -- Up-to-date symlink: /home/autoware/aichallenge2023-integration-final-main/install/autoware_map_msgs/local/lib/python3.10/dist-packages/autoware_map_msgs/_autoware_map_msgs_s.ep.rosidl_typesupport_fastrtps_c.c
[7.408s] -- Up-to-date symlink: /home/autoware/aichallenge2023-integration-final-main/install/autoware_map_msgs/local/lib/python3.10/dist-packages/autoware_map_msgs/_autoware_map_msgs_s.ep.rosidl_typesupport_introspection_c.c
[7.409s] -- Up-to-date symlink: /home/autoware/aichallenge2023-integration-final-main/install/autoware_map_msgs/local/lib/python3.10/dist-packages/autoware_map_msgs/autoware_map_msgs_s__rosidl_typesupport_c.cpython-310-x86_64-linux-gnu.so
[7.410s] -- Up-to-date symlink: /home/autoware/aichallenge2023-integration-final-main/install/autoware_map_msgs/local/lib/python3.10/dist-packages/autoware_map_msgs/autoware_map_msgs_s__rosidl_typesupport_fastrtps_c.cpython-310-x86_64-linux-gnu.so
[7.410s] -- Up-to-date symlink: /home/autoware/aichallenge2023-integration-final-main/install/autoware_map_msgs/local/lib/python3.10/dist-packages/autoware_map_msgs/autoware_map_msgs_s__rosidl_typesupport_introspection_c.cpython-310-x86_64-linux-gnu.so
[7.410s] -- Up-to-date symlink: /home/autoware/aichallenge2023-integration-final-main/install/autoware_map_msgs/local/lib/python3.10/dist-packages/autoware_map_msgs/libautoware_map_msgs__rosidl_generator_py.so
[7.410s] -- Up-to-date symlink: /home/autoware/aichallenge2023-integration-final-main/install/autoware_map_msgs/local/lib/python3.10/dist-packages/autoware_map_msgs/msg/__init__.py
[7.410s] -- Up-to-date symlink: /home/autoware/aichallenge2023-integration-final-main/install/autoware_map_msgs/local/lib/python3.10/dist-packages/autoware_map_msgs/msg/_area_info.py
[7.410s] -- Up-to-date symlink: /home/autoware/aichallenge2023-integration-final-main/install/autoware_map_msgs/local/lib/python3.10/dist-packages/autoware_map_msgs/msg/_area_info_s.c
[7.410s] -- Up-to-date symlink: /home/autoware/aichallenge2023-integration-final-main/install/autoware_map_msgs/local/lib/python3.10/dist-packages/autoware_map_msgs/msg/_lanelet_map_bin.py
[7.411s] -- Up-to-date symlink: /home/autoware/aichallenge2023-integration-final-main/install/autoware_map_msgs/local/lib/python3.10/dist-packages/autoware_map_msgs/msg/_lanelet_map_bin_s.c
[7.411s] -- Up-to-date symlink: /home/autoware/aichallenge2023-integration-final-main/install/autoware_map_msgs/local/lib/python3.10/dist-packages/autoware_map_msgs/msg/_point_cloud_map_cell_with_id.py
[7.411s] -- Up-to-date symlink: /home/autoware/aichallenge2023-integration-final-main/install/autoware_map_msgs/local/lib/python3.10/dist-packages/autoware_map_msgs/msg/_point_cloud_map_cell_with_id_s.c
[7.411s] -- Up-to-date symlink: /home/autoware/aichallenge2023-integration-final-main/install/autoware_map_msgs/local/lib/python3.10/dist-packages/autoware_map_msgs/srv/__init__.py
[7.411s] -- Up-to-date symlink: /home/autoware/aichallenge2023-integration-final-main/install/autoware_map_msgs/local/lib/python3.10/dist-packages/autoware_map_msgs/srv/_get_differential_point_cloud_map.py
[7.411s] -- Up-to-date symlink: /home/autoware/aichallenge2023-integration-final-main/install/autoware_map_msgs/local/lib/python3.10/dist-packages/autoware_map_msgs/srv/_get_differential_point_cloud_map_s.c
[7.412s] -- Up-to-date symlink: /home/autoware/aichallenge2023-integration-final-main/install/autoware_map_msgs/local/lib/python3.10/dist-packages/autoware_map_msgs/srv/_get_partial_point_cloud_map.py
[7.412s] -- Up-to-date symlink: /home/autoware/aichallenge2023-integration-final-main/install/autoware_map_msgs/local/lib/python3.10/dist-packages/autoware_map_msgs/srv/_get_partial_point_cloud_map_s.c
[7.412s] -- Up-to-date symlink: /home/autoware/aichallenge2023-integration-final-main/install/autoware_map_msgs/local/lib/python3.10/dist-packages/autoware_map_msgs/autoware_map_msgs_s__rosidl_typesupport_fastrtps_c.cpython-310-x86_64-linux-gnu.so
[7.413s] -- Up-to-date symlink: /home/autoware/aichallenge2023-integration-final-main/install/autoware_map_msgs/local/lib/python3.10/dist-packages/autoware_map_msgs/autoware_map_msgs_s__rosidl_typesupport_introspection_c.cpython-310-x86_64-linux-gnu.so
[7.415s] -- Up-to-date symlink: /home/autoware/aichallenge2023-integration-final-main/install/autoware_map_msgs/local/lib/python3.10/dist-packages/autoware_map_msgs/autoware_map_msgs_s__rosidl_typesupport_c.cpython-310-x86_64-linux-gnu.so
[7.415s] -- Up-to-date symlink: /home/autoware/aichallenge2023-integration-final-main/install/autoware_map_msgs/share/autoware_map_msgs/msg/AreaInfo.idl
[7.416s] -- Up-to-date symlink: /home/autoware/aichallenge2023-integration-final-main/install/autoware_map_msgs/share/autoware_map_msgs/msg/LaneletMapBin.idl
[7.416s] -- Up-to-date symlink: /home/autoware/aichallenge2023-integration-final-main/install/autoware_map_msgs/share/autoware_map_msgs/msg/PointCloudMapCellWithID.idl
[7.416s] -- Up-to-date symlink: /home/autoware/aichallenge2023-integration-final-main/install/autoware_map_msgs/share/autoware_map_msgs/srv/GetPartialPointCloudMap.idl
[7.417s] -- Up-to-date symlink: /home/autoware/aichallenge2023-integration-final-main/install/autoware_map_msgs/share/autoware_map_msgs/srv/GetDifferentialPointCloudMap.idl
[7.417s] -- Up-to-date symlink: /home/autoware/aichallenge2023-integration-final-main/install/autoware_map_msgs/share/autoware_map_msgs/msg/AreaInfo.msg
[7.417s] -- Up-to-date symlink: /home/autoware/aichallenge2023-integration-final-main/install/autoware_map_msgs/share/autoware_map_msgs/msg/LaneletMapBin.msg
[7.417s] -- Up-to-date symlink: /home/autoware/aichallenge2023-integration-final-main/install/autoware_map_msgs/share/autoware_map_msgs/msg/PointCloudMapCellWithID.msg
[7.418s] -- Up-to-date symlink: /home/autoware/aichallenge2023-integration-final-main/install/autoware_map_msgs/share/autoware_map_msgs/srv/GetPartialPointCloudMap.srv
[7.418s] -- Up-to-date symlink: /home/autoware/aichallenge2023-integration-final-main/install/autoware_map_msgs/share/autoware_map_msgs/srv/GetPartialPointCloudMap_Request.msg
[7.418s] -- Up-to-date symlink: /home/autoware/aichallenge2023-integration-final-main/install/autoware_map_msgs/share/autoware_map_msgs/srv/GetPartialPointCloudMap_Response.msg
[7.419s] -- Up-to-date symlink: /home/autoware/aichallenge2023-integration-final-main/install/autoware_map_msgs/share/autoware_map_msgs/srv/GetDifferentialPointCloudMap.srv
[7.419s] -- Up-to-date symlink: /home/autoware/aichallenge2023-integration-final-main/install/autoware_map_msgs/share/autoware_map_msgs/srv/GetDifferentialPointCloudMap_Request.msg
[7.419s] -- Up-to-date symlink: /home/autoware/aichallenge2023-integration-final-main/install/autoware_map_msgs/share/autoware_map_msgs/srv/GetDifferentialPointCloudMap_Response.msg
[7.420s] -- Up-to-date symlink: /home/autoware/aichallenge2023-integration-final-main/install/autoware_map_msgs/share/ament_index/resource_index/package_run_dependencies/autoware_map_msgs
[7.420s] -- Up-to-date symlink: /home/autoware/aichallenge2023-integration-final-main/install/autoware_map_msgs/share/ament_index/resource_index/parent_prefix_path/autoware_map_msgs
[7.420s] -- Up-to-date symlink: /home/autoware/aichallenge2023-integration-final-main/install/autoware_map_msgs/share/autoware_map_msgs/environment/ament_prefix_path.sh
[7.421s] -- Up-to-date symlink: /home/autoware/aichallenge2023-integration-final-main/install/autoware_map_msgs/share/autoware_map_msgs/environment/ament_prefix_path.dsv
[7.422s] -- Up-to-date symlink: /home/autoware/aichallenge2023-integration-final-main/install/autoware_map_msgs/share/autoware_map_msgs/environment/path.sh
[7.423s] -- Up-to-date symlink: /home/autoware/aichallenge2023-integration-final-main/install/autoware_map_msgs/share/autoware_map_msgs/environment/path.dsv
[7.423s] -- Up-to-date symlink: /home/autoware/aichallenge2023-integration-final-main/install/autoware_map_msgs/share/autoware_map_msgs/local_setup.bash
[7.423s] -- Up-to-date symlink: /home/autoware/aichallenge2023-integration-final-main/install/autoware_map_msgs/share/autoware_map_msgs/local_setup.sh
[7.423s] -- Up-to-date symlink: /home/autoware/aichallenge2023-integration-final-main/install/autoware_map_msgs/share/autoware_map_msgs/local_setup.zsh
[7.423s] -- Up-to-date symlink: /home/autoware/aichallenge2023-integration-final-main/install/autoware_map_msgs/share/autoware_map_msgs/local_setup.dsv
[7.423s] -- Symlinking: /home/autoware/aichallenge2023-integration-final-main/install/autoware_map_msgs/share/autoware_map_msgs/package.dsv
[7.556s] -- Up-to-date symlink: /home/autoware/aichallenge2023-integration-final-main/install/autoware_map_msgs/share/ament_index/resource_index/packages/autoware_map_msgs
[7.556s] -- Up-to-date symlink: /home/autoware/aichallenge2023-integration-final-main/install/autoware_map_msgs/share/autoware_map_msgs/cmake/rosidl_cmake-extras.cmake
[7.556s] -- Up-to-date symlink: /home/autoware/aichallenge2023-integration-final-main/install/autoware_map_msgs/share/autoware_map_msgs/cmake/ament_cmake_export_dependencies-extras.cmake
[7.556s] -- Up-to-date symlink: /home/autoware/aichallenge2023-integration-final-main/install/autoware_map_msgs/share/autoware_map_msgs/cmake/ament_cmake_export_include_directories-extras.cmake
[7.556s] -- Up-to-date symlink: /home/autoware/aichallenge2023-integration-final-main/install/autoware_map_msgs/share/autoware_map_msgs/cmake/ament_cmake_export_libraries-extras.cmake
[7.557s] -- Up-to-date symlink: /home/autoware/aichallenge2023-integration-final-main/install/autoware_map_msgs/share/autoware_map_msgs/cmake/ament_cmake_export_targets-extras.cmake
[7.558s] -- Up-to-date symlink: /home/autoware/aichallenge2023-integration-final-main/install/autoware_map_msgs/share/autoware_map_msgs/cmake/rosidl_cmake_export_typesupport_targets-extras.cmake
[7.558s] -- Up-to-date symlink: /home/autoware/aichallenge2023-integration-final-main/install/autoware_map_msgs/share/autoware_map_msgs/cmake/rosidl_cmake_export_typesupport_libraries-extras.cmake
[7.558s] -- Up-to-date symlink: /home/autoware/aichallenge2023-integration-final-main/install/autoware_map_msgs/share/autoware_map_msgs/cmake/autoware_map_msgsConfig.cmake
[7.558s] -- Up-to-date symlink: /home/autoware/aichallenge2023-integration-final-main/install/autoware_map_msgs/share/autoware_map_msgs/cmake/autoware_map_msgsConfig-version.cmake
[7.558s] -- Up-to-date symlink: /home/autoware/aichallenge2023-integration-final-main/install/autoware_map_msgs/share/autoware_map_msgs/package.xml
[7.558s] -- Up-to-date: /home/autoware/aichallenge2023-integration-final-main/install/autoware_map_msgs/lib/libautoware_map_msgs__rosidl_generator_c.so
[7.559s] -- Up-to-date: /home/autoware/aichallenge2023-integration-final-main/install/autoware_map_msgs/lib/libautoware_map_msgs__rosidl_typesupport_fastrtps_c.so
[7.559s] -- Up-to-date: /home/autoware/aichallenge2023-integration-final-main/install/autoware_map_msgs/lib/libautoware_map_msgs__rosidl_typesupport_fastrtps_cpp.so
[7.560s] -- Up-to-date: /home/autoware/aichallenge2023-integration-final-main/install/autoware_map_msgs/lib/libautoware_map_msgs__rosidl_typesupport_introspection_c.so
[7.560s] -- Up-to-date: /home/autoware/aichallenge2023-integration-final-main/install/autoware_map_msgs/lib/libautoware_map_msgs__rosidl_typesupport_c.so
[7.560s] -- Up-to-date: /home/autoware/aichallenge2023-integration-final-main/install/autoware_map_msgs/lib/libautoware_map_msgs__rosidl_typesupport_introspection_cpp.so
[7.561s] -- Up-to-date: /home/autoware/aichallenge2023-integration-final-main/install/autoware_map_msgs/lib/libautoware_map_msgs__rosidl_typesupport_cpp.so
[7.855s] Listing '/home/autoware/aichallenge2023-integration-final-main/install/autoware_map_msgs/local/lib/python3.10/dist-packages/autoware_map_msgs'...
[7.855s] Listing '/home/autoware/aichallenge2023-integration-final-main/install/autoware_map_msgs/local/lib/python3.10/dist-packages/autoware_map_msgs/msg'...
[7.855s] Listing '/home/autoware/aichallenge2023-integration-final-main/install/autoware_map_msgs/local/lib/python3.10/dist-packages/autoware_map_msgs/srv'...
[7.865s] -- Up-to-date: /home/autoware/aichallenge2023-integration-final-main/install/autoware_map_msgs/lib/libautoware_map_msgs__rosidl_generator_py.so
[7.866s] -- Up-to-date: /home/autoware/aichallenge2023-integration-final-main/install/autoware_map_msgs/share/autoware_map_msgs/cmake/export_autoware_map_msgs__rosidl_generator_cExport.cmake
[7.866s] -- Up-to-date: /home/autoware/aichallenge2023-integration-final-main/install/autoware_map_msgs/share/autoware_map_msgs/cmake/export_autoware_map_msgs__rosidl_generator_cExport-release.cmake
[7.866s] -- Up-to-date: /home/autoware/aichallenge2023-integration-final-main/install/autoware_map_msgs/share/autoware_map_msgs/cmake/export_autoware_map_msgs__rosidl_typesupport_fastrtps_cExport.cmake
[7.867s] -- Up-to-date: /home/autoware/aichallenge2023-integration-final-main/install/autoware_map_msgs/share/autoware_map_msgs/cmake/export_autoware_map_msgs__rosidl_typesupport_fastrtps_cExport-release.cmake
[7.867s] -- Up-to-date: /home/autoware/aichallenge2023-integration-final-main/install/autoware_map_msgs/share/autoware_map_msgs/cmake/export_autoware_map_msgs__rosidl_generator_cppExport.cmake
[7.868s] -- Up-to-date: /home/autoware/aichallenge2023-integration-final-main/install/autoware_map_msgs/share/autoware_map_msgs/cmake/export_autoware_map_msgs__rosidl_typesupport_fastrtps_cppExport.cmake
[7.868s] -- Up-to-date: /home/autoware/aichallenge2023-integration-final-main/install/autoware_map_msgs/share/autoware_map_msgs/cmake/export_autoware_map_msgs__rosidl_typesupport_fastrtps_cppExport-release.cmake
[7.868s] -- Up-to-date: /home/autoware/aichallenge2023-integration-final-main/install/autoware_map_msgs/share/autoware_map_msgs/cmake/autoware_map_msgs__rosidl_typesupport_introspection_cExport.cmake
[7.869s] -- Up-to-date: /home/autoware/aichallenge2023-integration-final-main/install/autoware_map_msgs/share/autoware_map_msgs/cmake/autoware_map_msgs__rosidl_typesupport_introspection_cExport-release.cmake
[7.869s] -- Up-to-date: /home/autoware/aichallenge2023-integration-final-main/install/autoware_map_msgs/share/autoware_map_msgs/cmake/autoware_map_msgs__rosidl_typesupport_cExport.cmake
[7.870s] -- Up-to-date: /home/autoware/aichallenge2023-integration-final-main/install/autoware_map_msgs/share/autoware_map_msgs/cmake/autoware_map_msgs__rosidl_typesupport_cExport-release.cmake
[7.870s] -- Up-to-date: /home/autoware/aichallenge2023-integration-final-main/install/autoware_map_msgs/share/autoware_map_msgs/cmake/autoware_map_msgs__rosidl_typesupport_introspection_cppExport.cmake
[7.870s] -- Up-to-date: /home/autoware/aichallenge2023-integration-final-main/install/autoware_map_msgs/share/autoware_map_msgs/cmake/autoware_map_msgs__rosidl_typesupport_introspection_cppExport-release.cmake
[7.871s] -- Up-to-date: /home/autoware/aichallenge2023-integration-final-main/install/autoware_map_msgs/share/autoware_map_msgs/cmake/autoware_map_msgs__rosidl_typesupport_cppExport.cmake
[7.871s] -- Up-to-date: /home/autoware/aichallenge2023-integration-final-main/install/autoware_map_msgs/share/autoware_map_msgs/cmake/autoware_map_msgs__rosidl_typesupport_cppExport-release.cmake
[7.871s] -- Up-to-date: /home/autoware/aichallenge2023-integration-final-main/install/autoware_map_msgs/share/autoware_map_msgs/cmake/export_autoware_map_msgs__rosidl_generator_pyExport.cmake
[7.872s] -- Up-to-date: /home/autoware/aichallenge2023-integration-final-main/install/autoware_map_msgs/share/autoware_map_msgs/cmake/export_autoware_map_msgs__rosidl_generator_pyExport-release.cmake
[7.887s] Invoked command in '/home/autoware/aichallenge2023-integration-final-main/build/autoware_map_msgs' returned '0': CMAKE_PREFIX_PATH=${CMAKE_PREFIX_PATH}:/home/autoware/aichallenge2023-integration-final-main/install/simulator_compatibility_test:/home/autoware/aichallenge2023-integration-final-main/install/ad_api_visualizers:/home/autoware/autoware/install/simulator_compatibility_test:/home/autoware/autoware/install/ad_api_visualizers:/opt/ros/humble /usr/bin/cmake --install /home/autoware/aichallenge2023-integration-final-main/build/autoware_map_msgs
