[0.433s] Invoking command in '/home/autoware/aichallenge2023-integration-final-main/build/autoware_control_msgs': CMAKE_PREFIX_PATH=${CMAKE_PREFIX_PATH}:/home/autoware/aichallenge2023-integration-final-main/install/simulator_compatibility_test:/home/autoware/aichallenge2023-integration-final-main/install/ad_api_visualizers:/home/autoware/autoware/install/simulator_compatibility_test:/home/autoware/autoware/install/ad_api_visualizers:/opt/ros/humble /usr/bin/cmake --build /home/autoware/aichallenge2023-integration-final-main/build/autoware_control_msgs -- -j16 -l16
[1.066s] [  1%] Built target autoware_control_msgs__cpp
[1.076s] [ 12%] Built target autoware_control_msgs__rosidl_generator_c
[1.217s] [ 12%] Built target ament_cmake_python_symlink_autoware_control_msgs
[1.536s] [ 23%] Built target autoware_control_msgs__rosidl_typesupport_introspection_cpp
[1.568s] [ 34%] Built target autoware_control_msgs__rosidl_typesupport_fastrtps_cpp
[1.680s] [ 45%] Built target autoware_control_msgs__rosidl_typesupport_cpp
[1.694s] [ 56%] Built target autoware_control_msgs__rosidl_typesupport_c
[1.705s] [ 67%] Built target autoware_control_msgs__rosidl_typesupport_fastrtps_c
[1.742s] [ 78%] Built target autoware_control_msgs__rosidl_typesupport_introspection_c
[2.147s] [ 78%] Built target autoware_control_msgs
[2.435s] running egg_info
[2.437s] writing autoware_control_msgs.egg-info/PKG-INFO
[2.437s] writing dependency_links to autoware_control_msgs.egg-info/dependency_links.txt
[2.437s] writing top-level names to autoware_control_msgs.egg-info/top_level.txt
[2.443s] reading manifest file 'autoware_control_msgs.egg-info/SOURCES.txt'
[2.443s] writing manifest file 'autoware_control_msgs.egg-info/SOURCES.txt'
[2.498s] [ 80%] Built target autoware_control_msgs__py
[2.619s] [ 80%] Built target ament_cmake_python_build_autoware_control_msgs_egg
[2.828s] [ 89%] Built target autoware_control_msgs__rosidl_generator_py
[3.206s] [ 92%] Built target autoware_control_msgs__rosidl_typesupport_fastrtps_c__pyext
[3.221s] [ 96%] Built target autoware_control_msgs__rosidl_typesupport_introspection_c__pyext
[3.262s] [100%] Built target autoware_control_msgs__rosidl_typesupport_c__pyext
[3.539s] Invoked command in '/home/autoware/aichallenge2023-integration-final-main/build/autoware_control_msgs' returned '0': CMAKE_PREFIX_PATH=${CMAKE_PREFIX_PATH}:/home/autoware/aichallenge2023-integration-final-main/install/simulator_compatibility_test:/home/autoware/aichallenge2023-integration-final-main/install/ad_api_visualizers:/home/autoware/autoware/install/simulator_compatibility_test:/home/autoware/autoware/install/ad_api_visualizers:/opt/ros/humble /usr/bin/cmake --build /home/autoware/aichallenge2023-integration-final-main/build/autoware_control_msgs -- -j16 -l16
[8.697s] Invoking command in '/home/autoware/aichallenge2023-integration-final-main/build/autoware_control_msgs': CMAKE_PREFIX_PATH=${CMAKE_PREFIX_PATH}:/home/autoware/aichallenge2023-integration-final-main/install/simulator_compatibility_test:/home/autoware/aichallenge2023-integration-final-main/install/ad_api_visualizers:/home/autoware/autoware/install/simulator_compatibility_test:/home/autoware/autoware/install/ad_api_visualizers:/opt/ros/humble /usr/bin/cmake --install /home/autoware/aichallenge2023-integration-final-main/build/autoware_control_msgs
[8.791s] -- Install configuration: "Release"
[8.792s] -- Execute custom install script
[8.793s] -- Up-to-date symlink: /home/autoware/aichallenge2023-integration-final-main/install/autoware_control_msgs/share/ament_index/resource_index/rosidl_interfaces/autoware_control_msgs
[8.794s] -- Up-to-date symlink: /home/autoware/aichallenge2023-integration-final-main/install/autoware_control_msgs/include/autoware_control_msgs/autoware_control_msgs/msg/control.h
[8.794s] -- Up-to-date symlink: /home/autoware/aichallenge2023-integration-final-main/install/autoware_control_msgs/include/autoware_control_msgs/autoware_control_msgs/msg/control_horizon.h
[8.795s] -- Up-to-date symlink: /home/autoware/aichallenge2023-integration-final-main/install/autoware_control_msgs/include/autoware_control_msgs/autoware_control_msgs/msg/detail/control__functions.h
[8.795s] -- Up-to-date symlink: /home/autoware/aichallenge2023-integration-final-main/install/autoware_control_msgs/include/autoware_control_msgs/autoware_control_msgs/msg/detail/control__struct.h
[8.796s] -- Up-to-date symlink: /home/autoware/aichallenge2023-integration-final-main/install/autoware_control_msgs/include/autoware_control_msgs/autoware_control_msgs/msg/detail/control__type_support.h
[8.797s] -- Up-to-date symlink: /home/autoware/aichallenge2023-integration-final-main/install/autoware_control_msgs/include/autoware_control_msgs/autoware_control_msgs/msg/detail/control_horizon__functions.h
[8.799s] -- Up-to-date symlink: /home/autoware/aichallenge2023-integration-final-main/install/autoware_control_msgs/include/autoware_control_msgs/autoware_control_msgs/msg/detail/control_horizon__struct.h
[8.799s] -- Up-to-date symlink: /home/autoware/aichallenge2023-integration-final-main/install/autoware_control_msgs/include/autoware_control_msgs/autoware_control_msgs/msg/detail/control_horizon__type_support.h
[8.799s] -- Up-to-date symlink: /home/autoware/aichallenge2023-integration-final-main/install/autoware_control_msgs/include/autoware_control_msgs/autoware_control_msgs/msg/detail/lateral__functions.h
[8.800s] -- Up-to-date symlink: /home/autoware/aichallenge2023-integration-final-main/install/autoware_control_msgs/include/autoware_control_msgs/autoware_control_msgs/msg/detail/lateral__struct.h
[8.800s] -- Up-to-date symlink: /home/autoware/aichallenge2023-integration-final-main/install/autoware_control_msgs/include/autoware_control_msgs/autoware_control_msgs/msg/detail/lateral__type_support.h
[8.800s] -- Up-to-date symlink: /home/autoware/aichallenge2023-integration-final-main/install/autoware_control_msgs/include/autoware_control_msgs/autoware_control_msgs/msg/detail/longitudinal__functions.h
[8.800s] -- Up-to-date symlink: /home/autoware/aichallenge2023-integration-final-main/install/autoware_control_msgs/include/autoware_control_msgs/autoware_control_msgs/msg/detail/longitudinal__struct.h
[8.800s] -- Up-to-date symlink: /home/autoware/aichallenge2023-integration-final-main/install/autoware_control_msgs/include/autoware_control_msgs/autoware_control_msgs/msg/detail/longitudinal__type_support.h
[8.800s] -- Up-to-date symlink: /home/autoware/aichallenge2023-integration-final-main/install/autoware_control_msgs/include/autoware_control_msgs/autoware_control_msgs/msg/lateral.h
[8.801s] -- Up-to-date symlink: /home/autoware/aichallenge2023-integration-final-main/install/autoware_control_msgs/include/autoware_control_msgs/autoware_control_msgs/msg/longitudinal.h
[8.801s] -- Up-to-date symlink: /home/autoware/aichallenge2023-integration-final-main/install/autoware_control_msgs/include/autoware_control_msgs/autoware_control_msgs/msg/rosidl_generator_c__visibility_control.h
[8.801s] -- Up-to-date symlink: /home/autoware/aichallenge2023-integration-final-main/install/autoware_control_msgs/share/autoware_control_msgs/environment/library_path.sh
[8.801s] -- Up-to-date symlink: /home/autoware/aichallenge2023-integration-final-main/install/autoware_control_msgs/share/autoware_control_msgs/environment/library_path.dsv
[8.812s] -- Up-to-date symlink: /home/autoware/aichallenge2023-integration-final-main/install/autoware_control_msgs/include/autoware_control_msgs/autoware_control_msgs/msg/detail/control__rosidl_typesupport_fastrtps_c.h
[8.812s] -- Up-to-date symlink: /home/autoware/aichallenge2023-integration-final-main/install/autoware_control_msgs/include/autoware_control_msgs/autoware_control_msgs/msg/detail/control_horizon__rosidl_typesupport_fastrtps_c.h
[8.812s] -- Up-to-date symlink: /home/autoware/aichallenge2023-integration-final-main/install/autoware_control_msgs/include/autoware_control_msgs/autoware_control_msgs/msg/detail/lateral__rosidl_typesupport_fastrtps_c.h
[8.812s] -- Up-to-date symlink: /home/autoware/aichallenge2023-integration-final-main/install/autoware_control_msgs/include/autoware_control_msgs/autoware_control_msgs/msg/detail/longitudinal__rosidl_typesupport_fastrtps_c.h
[8.812s] -- Up-to-date symlink: /home/autoware/aichallenge2023-integration-final-main/install/autoware_control_msgs/include/autoware_control_msgs/autoware_control_msgs/msg/rosidl_typesupport_fastrtps_c__visibility_control.h
[8.813s] -- Up-to-date symlink: /home/autoware/aichallenge2023-integration-final-main/install/autoware_control_msgs/include/autoware_control_msgs/autoware_control_msgs/msg/control.hpp
[8.813s] -- Up-to-date symlink: /home/autoware/aichallenge2023-integration-final-main/install/autoware_control_msgs/include/autoware_control_msgs/autoware_control_msgs/msg/control_horizon.hpp
[8.813s] -- Up-to-date symlink: /home/autoware/aichallenge2023-integration-final-main/install/autoware_control_msgs/include/autoware_control_msgs/autoware_control_msgs/msg/detail/control__builder.hpp
[8.813s] -- Up-to-date symlink: /home/autoware/aichallenge2023-integration-final-main/install/autoware_control_msgs/include/autoware_control_msgs/autoware_control_msgs/msg/detail/control__struct.hpp
[8.814s] -- Up-to-date symlink: /home/autoware/aichallenge2023-integration-final-main/install/autoware_control_msgs/include/autoware_control_msgs/autoware_control_msgs/msg/detail/control__traits.hpp
[8.814s] -- Up-to-date symlink: /home/autoware/aichallenge2023-integration-final-main/install/autoware_control_msgs/include/autoware_control_msgs/autoware_control_msgs/msg/detail/control_horizon__builder.hpp
[8.814s] -- Up-to-date symlink: /home/autoware/aichallenge2023-integration-final-main/install/autoware_control_msgs/include/autoware_control_msgs/autoware_control_msgs/msg/detail/control_horizon__struct.hpp
[8.814s] -- Up-to-date symlink: /home/autoware/aichallenge2023-integration-final-main/install/autoware_control_msgs/include/autoware_control_msgs/autoware_control_msgs/msg/detail/control_horizon__traits.hpp
[8.814s] -- Up-to-date symlink: /home/autoware/aichallenge2023-integration-final-main/install/autoware_control_msgs/include/autoware_control_msgs/autoware_control_msgs/msg/detail/lateral__builder.hpp
[8.814s] -- Up-to-date symlink: /home/autoware/aichallenge2023-integration-final-main/install/autoware_control_msgs/include/autoware_control_msgs/autoware_control_msgs/msg/detail/lateral__struct.hpp
[8.815s] -- Up-to-date symlink: /home/autoware/aichallenge2023-integration-final-main/install/autoware_control_msgs/include/autoware_control_msgs/autoware_control_msgs/msg/detail/lateral__traits.hpp
[8.815s] -- Up-to-date symlink: /home/autoware/aichallenge2023-integration-final-main/install/autoware_control_msgs/include/autoware_control_msgs/autoware_control_msgs/msg/detail/longitudinal__builder.hpp
[8.815s] -- Up-to-date symlink: /home/autoware/aichallenge2023-integration-final-main/install/autoware_control_msgs/include/autoware_control_msgs/autoware_control_msgs/msg/detail/longitudinal__struct.hpp
[8.815s] -- Up-to-date symlink: /home/autoware/aichallenge2023-integration-final-main/install/autoware_control_msgs/include/autoware_control_msgs/autoware_control_msgs/msg/detail/longitudinal__traits.hpp
[8.815s] -- Up-to-date symlink: /home/autoware/aichallenge2023-integration-final-main/install/autoware_control_msgs/include/autoware_control_msgs/autoware_control_msgs/msg/lateral.hpp
[8.816s] -- Up-to-date symlink: /home/autoware/aichallenge2023-integration-final-main/install/autoware_control_msgs/include/autoware_control_msgs/autoware_control_msgs/msg/longitudinal.hpp
[8.816s] -- Up-to-date symlink: /home/autoware/aichallenge2023-integration-final-main/install/autoware_control_msgs/include/autoware_control_msgs/autoware_control_msgs/msg/detail/control__rosidl_typesupport_fastrtps_cpp.hpp
[8.816s] -- Up-to-date symlink: /home/autoware/aichallenge2023-integration-final-main/install/autoware_control_msgs/include/autoware_control_msgs/autoware_control_msgs/msg/detail/control_horizon__rosidl_typesupport_fastrtps_cpp.hpp
[8.817s] -- Up-to-date symlink: /home/autoware/aichallenge2023-integration-final-main/install/autoware_control_msgs/include/autoware_control_msgs/autoware_control_msgs/msg/detail/lateral__rosidl_typesupport_fastrtps_cpp.hpp
[8.817s] -- Up-to-date symlink: /home/autoware/aichallenge2023-integration-final-main/install/autoware_control_msgs/include/autoware_control_msgs/autoware_control_msgs/msg/detail/longitudinal__rosidl_typesupport_fastrtps_cpp.hpp
[8.817s] -- Up-to-date symlink: /home/autoware/aichallenge2023-integration-final-main/install/autoware_control_msgs/include/autoware_control_msgs/autoware_control_msgs/msg/rosidl_typesupport_fastrtps_cpp__visibility_control.h
[8.817s] -- Up-to-date symlink: /home/autoware/aichallenge2023-integration-final-main/install/autoware_control_msgs/include/autoware_control_msgs/autoware_control_msgs/msg/detail/control__rosidl_typesupport_introspection_c.h
[8.818s] -- Up-to-date symlink: /home/autoware/aichallenge2023-integration-final-main/install/autoware_control_msgs/include/autoware_control_msgs/autoware_control_msgs/msg/detail/control_horizon__rosidl_typesupport_introspection_c.h
[8.818s] -- Up-to-date symlink: /home/autoware/aichallenge2023-integration-final-main/install/autoware_control_msgs/include/autoware_control_msgs/autoware_control_msgs/msg/detail/lateral__rosidl_typesupport_introspection_c.h
[8.819s] -- Up-to-date symlink: /home/autoware/aichallenge2023-integration-final-main/install/autoware_control_msgs/include/autoware_control_msgs/autoware_control_msgs/msg/detail/longitudinal__rosidl_typesupport_introspection_c.h
[8.819s] -- Up-to-date symlink: /home/autoware/aichallenge2023-integration-final-main/install/autoware_control_msgs/include/autoware_control_msgs/autoware_control_msgs/msg/rosidl_typesupport_introspection_c__visibility_control.h
[8.819s] -- Up-to-date symlink: /home/autoware/aichallenge2023-integration-final-main/install/autoware_control_msgs/include/autoware_control_msgs/autoware_control_msgs/msg/detail/control__rosidl_typesupport_introspection_cpp.hpp
[8.819s] -- Up-to-date symlink: /home/autoware/aichallenge2023-integration-final-main/install/autoware_control_msgs/include/autoware_control_msgs/autoware_control_msgs/msg/detail/control_horizon__rosidl_typesupport_introspection_cpp.hpp
[8.819s] -- Up-to-date symlink: /home/autoware/aichallenge2023-integration-final-main/install/autoware_control_msgs/include/autoware_control_msgs/autoware_control_msgs/msg/detail/lateral__rosidl_typesupport_introspection_cpp.hpp
[8.819s] -- Up-to-date symlink: /home/autoware/aichallenge2023-integration-final-main/install/autoware_control_msgs/include/autoware_control_msgs/autoware_control_msgs/msg/detail/longitudinal__rosidl_typesupport_introspection_cpp.hpp
[8.820s] -- Up-to-date symlink: /home/autoware/aichallenge2023-integration-final-main/install/autoware_control_msgs/share/autoware_control_msgs/environment/pythonpath.sh
[8.820s] -- Up-to-date symlink: /home/autoware/aichallenge2023-integration-final-main/install/autoware_control_msgs/share/autoware_control_msgs/environment/pythonpath.dsv
[8.820s] -- Up-to-date symlink: /home/autoware/aichallenge2023-integration-final-main/install/autoware_control_msgs/local/lib/python3.10/dist-packages/autoware_control_msgs-1.0.0-py3.10.egg-info/PKG-INFO
[8.820s] -- Up-to-date symlink: /home/autoware/aichallenge2023-integration-final-main/install/autoware_control_msgs/local/lib/python3.10/dist-packages/autoware_control_msgs-1.0.0-py3.10.egg-info/SOURCES.txt
[8.820s] -- Up-to-date symlink: /home/autoware/aichallenge2023-integration-final-main/install/autoware_control_msgs/local/lib/python3.10/dist-packages/autoware_control_msgs-1.0.0-py3.10.egg-info/dependency_links.txt
[8.820s] -- Up-to-date symlink: /home/autoware/aichallenge2023-integration-final-main/install/autoware_control_msgs/local/lib/python3.10/dist-packages/autoware_control_msgs-1.0.0-py3.10.egg-info/top_level.txt
[8.820s] -- Up-to-date symlink: /home/autoware/aichallenge2023-integration-final-main/install/autoware_control_msgs/local/lib/python3.10/dist-packages/autoware_control_msgs/__init__.py
[8.821s] -- Up-to-date symlink: /home/autoware/aichallenge2023-integration-final-main/install/autoware_control_msgs/local/lib/python3.10/dist-packages/autoware_control_msgs/_autoware_control_msgs_s.ep.rosidl_typesupport_c.c
[8.830s] -- Up-to-date symlink: /home/autoware/aichallenge2023-integration-final-main/install/autoware_control_msgs/local/lib/python3.10/dist-packages/autoware_control_msgs/_autoware_control_msgs_s.ep.rosidl_typesupport_fastrtps_c.c
[8.830s] -- Up-to-date symlink: /home/autoware/aichallenge2023-integration-final-main/install/autoware_control_msgs/local/lib/python3.10/dist-packages/autoware_control_msgs/_autoware_control_msgs_s.ep.rosidl_typesupport_introspection_c.c
[8.830s] -- Up-to-date symlink: /home/autoware/aichallenge2023-integration-final-main/install/autoware_control_msgs/local/lib/python3.10/dist-packages/autoware_control_msgs/autoware_control_msgs_s__rosidl_typesupport_c.cpython-310-x86_64-linux-gnu.so
[8.830s] -- Up-to-date symlink: /home/autoware/aichallenge2023-integration-final-main/install/autoware_control_msgs/local/lib/python3.10/dist-packages/autoware_control_msgs/autoware_control_msgs_s__rosidl_typesupport_fastrtps_c.cpython-310-x86_64-linux-gnu.so
[8.830s] -- Up-to-date symlink: /home/autoware/aichallenge2023-integration-final-main/install/autoware_control_msgs/local/lib/python3.10/dist-packages/autoware_control_msgs/autoware_control_msgs_s__rosidl_typesupport_introspection_c.cpython-310-x86_64-linux-gnu.so
[8.830s] -- Up-to-date symlink: /home/autoware/aichallenge2023-integration-final-main/install/autoware_control_msgs/local/lib/python3.10/dist-packages/autoware_control_msgs/libautoware_control_msgs__rosidl_generator_py.so
[8.830s] -- Up-to-date symlink: /home/autoware/aichallenge2023-integration-final-main/install/autoware_control_msgs/local/lib/python3.10/dist-packages/autoware_control_msgs/msg/__init__.py
[8.831s] -- Up-to-date symlink: /home/autoware/aichallenge2023-integration-final-main/install/autoware_control_msgs/local/lib/python3.10/dist-packages/autoware_control_msgs/msg/_control.py
[8.831s] -- Up-to-date symlink: /home/autoware/aichallenge2023-integration-final-main/install/autoware_control_msgs/local/lib/python3.10/dist-packages/autoware_control_msgs/msg/_control_horizon.py
[8.831s] -- Up-to-date symlink: /home/autoware/aichallenge2023-integration-final-main/install/autoware_control_msgs/local/lib/python3.10/dist-packages/autoware_control_msgs/msg/_control_horizon_s.c
[8.831s] -- Up-to-date symlink: /home/autoware/aichallenge2023-integration-final-main/install/autoware_control_msgs/local/lib/python3.10/dist-packages/autoware_control_msgs/msg/_control_s.c
[8.831s] -- Up-to-date symlink: /home/autoware/aichallenge2023-integration-final-main/install/autoware_control_msgs/local/lib/python3.10/dist-packages/autoware_control_msgs/msg/_lateral.py
[8.831s] -- Up-to-date symlink: /home/autoware/aichallenge2023-integration-final-main/install/autoware_control_msgs/local/lib/python3.10/dist-packages/autoware_control_msgs/msg/_lateral_s.c
[8.831s] -- Up-to-date symlink: /home/autoware/aichallenge2023-integration-final-main/install/autoware_control_msgs/local/lib/python3.10/dist-packages/autoware_control_msgs/msg/_longitudinal.py
[8.831s] -- Up-to-date symlink: /home/autoware/aichallenge2023-integration-final-main/install/autoware_control_msgs/local/lib/python3.10/dist-packages/autoware_control_msgs/msg/_longitudinal_s.c
[8.832s] -- Up-to-date symlink: /home/autoware/aichallenge2023-integration-final-main/install/autoware_control_msgs/local/lib/python3.10/dist-packages/autoware_control_msgs/autoware_control_msgs_s__rosidl_typesupport_fastrtps_c.cpython-310-x86_64-linux-gnu.so
[8.832s] -- Up-to-date symlink: /home/autoware/aichallenge2023-integration-final-main/install/autoware_control_msgs/local/lib/python3.10/dist-packages/autoware_control_msgs/autoware_control_msgs_s__rosidl_typesupport_introspection_c.cpython-310-x86_64-linux-gnu.so
[8.832s] -- Up-to-date symlink: /home/autoware/aichallenge2023-integration-final-main/install/autoware_control_msgs/local/lib/python3.10/dist-packages/autoware_control_msgs/autoware_control_msgs_s__rosidl_typesupport_c.cpython-310-x86_64-linux-gnu.so
[8.832s] -- Up-to-date symlink: /home/autoware/aichallenge2023-integration-final-main/install/autoware_control_msgs/share/autoware_control_msgs/msg/Control.idl
[8.832s] -- Up-to-date symlink: /home/autoware/aichallenge2023-integration-final-main/install/autoware_control_msgs/share/autoware_control_msgs/msg/ControlHorizon.idl
[8.832s] -- Up-to-date symlink: /home/autoware/aichallenge2023-integration-final-main/install/autoware_control_msgs/share/autoware_control_msgs/msg/Lateral.idl
[8.832s] -- Up-to-date symlink: /home/autoware/aichallenge2023-integration-final-main/install/autoware_control_msgs/share/autoware_control_msgs/msg/Longitudinal.idl
[8.832s] -- Up-to-date symlink: /home/autoware/aichallenge2023-integration-final-main/install/autoware_control_msgs/share/autoware_control_msgs/msg/Control.msg
[8.833s] -- Up-to-date symlink: /home/autoware/aichallenge2023-integration-final-main/install/autoware_control_msgs/share/autoware_control_msgs/msg/ControlHorizon.msg
[8.833s] -- Up-to-date symlink: /home/autoware/aichallenge2023-integration-final-main/install/autoware_control_msgs/share/autoware_control_msgs/msg/Lateral.msg
[8.833s] -- Up-to-date symlink: /home/autoware/aichallenge2023-integration-final-main/install/autoware_control_msgs/share/autoware_control_msgs/msg/Longitudinal.msg
[8.833s] -- Up-to-date symlink: /home/autoware/aichallenge2023-integration-final-main/install/autoware_control_msgs/share/ament_index/resource_index/package_run_dependencies/autoware_control_msgs
[8.833s] -- Up-to-date symlink: /home/autoware/aichallenge2023-integration-final-main/install/autoware_control_msgs/share/ament_index/resource_index/parent_prefix_path/autoware_control_msgs
[8.833s] -- Up-to-date symlink: /home/autoware/aichallenge2023-integration-final-main/install/autoware_control_msgs/share/autoware_control_msgs/environment/ament_prefix_path.sh
[8.833s] -- Up-to-date symlink: /home/autoware/aichallenge2023-integration-final-main/install/autoware_control_msgs/share/autoware_control_msgs/environment/ament_prefix_path.dsv
[8.833s] -- Up-to-date symlink: /home/autoware/aichallenge2023-integration-final-main/install/autoware_control_msgs/share/autoware_control_msgs/environment/path.sh
[8.833s] -- Up-to-date symlink: /home/autoware/aichallenge2023-integration-final-main/install/autoware_control_msgs/share/autoware_control_msgs/environment/path.dsv
[8.834s] -- Up-to-date symlink: /home/autoware/aichallenge2023-integration-final-main/install/autoware_control_msgs/share/autoware_control_msgs/local_setup.bash
[8.834s] -- Up-to-date symlink: /home/autoware/aichallenge2023-integration-final-main/install/autoware_control_msgs/share/autoware_control_msgs/local_setup.sh
[8.834s] -- Up-to-date symlink: /home/autoware/aichallenge2023-integration-final-main/install/autoware_control_msgs/share/autoware_control_msgs/local_setup.zsh
[8.834s] -- Up-to-date symlink: /home/autoware/aichallenge2023-integration-final-main/install/autoware_control_msgs/share/autoware_control_msgs/local_setup.dsv
[8.835s] -- Symlinking: /home/autoware/aichallenge2023-integration-final-main/install/autoware_control_msgs/share/autoware_control_msgs/package.dsv
[8.945s] -- Up-to-date symlink: /home/autoware/aichallenge2023-integration-final-main/install/autoware_control_msgs/share/ament_index/resource_index/packages/autoware_control_msgs
[8.945s] -- Up-to-date symlink: /home/autoware/aichallenge2023-integration-final-main/install/autoware_control_msgs/share/autoware_control_msgs/cmake/rosidl_cmake-extras.cmake
[8.945s] -- Up-to-date symlink: /home/autoware/aichallenge2023-integration-final-main/install/autoware_control_msgs/share/autoware_control_msgs/cmake/ament_cmake_export_dependencies-extras.cmake
[8.946s] -- Up-to-date symlink: /home/autoware/aichallenge2023-integration-final-main/install/autoware_control_msgs/share/autoware_control_msgs/cmake/ament_cmake_export_include_directories-extras.cmake
[8.946s] -- Up-to-date symlink: /home/autoware/aichallenge2023-integration-final-main/install/autoware_control_msgs/share/autoware_control_msgs/cmake/ament_cmake_export_libraries-extras.cmake
[8.946s] -- Up-to-date symlink: /home/autoware/aichallenge2023-integration-final-main/install/autoware_control_msgs/share/autoware_control_msgs/cmake/ament_cmake_export_targets-extras.cmake
[8.946s] -- Up-to-date symlink: /home/autoware/aichallenge2023-integration-final-main/install/autoware_control_msgs/share/autoware_control_msgs/cmake/rosidl_cmake_export_typesupport_targets-extras.cmake
[8.946s] -- Up-to-date symlink: /home/autoware/aichallenge2023-integration-final-main/install/autoware_control_msgs/share/autoware_control_msgs/cmake/rosidl_cmake_export_typesupport_libraries-extras.cmake
[8.946s] -- Up-to-date symlink: /home/autoware/aichallenge2023-integration-final-main/install/autoware_control_msgs/share/autoware_control_msgs/cmake/autoware_control_msgsConfig.cmake
[8.947s] -- Up-to-date symlink: /home/autoware/aichallenge2023-integration-final-main/install/autoware_control_msgs/share/autoware_control_msgs/cmake/autoware_control_msgsConfig-version.cmake
[8.947s] -- Up-to-date symlink: /home/autoware/aichallenge2023-integration-final-main/install/autoware_control_msgs/share/autoware_control_msgs/package.xml
[8.947s] -- Up-to-date: /home/autoware/aichallenge2023-integration-final-main/install/autoware_control_msgs/lib/libautoware_control_msgs__rosidl_generator_c.so
[8.947s] -- Up-to-date: /home/autoware/aichallenge2023-integration-final-main/install/autoware_control_msgs/lib/libautoware_control_msgs__rosidl_typesupport_fastrtps_c.so
[8.948s] -- Up-to-date: /home/autoware/aichallenge2023-integration-final-main/install/autoware_control_msgs/lib/libautoware_control_msgs__rosidl_typesupport_fastrtps_cpp.so
[8.948s] -- Up-to-date: /home/autoware/aichallenge2023-integration-final-main/install/autoware_control_msgs/lib/libautoware_control_msgs__rosidl_typesupport_introspection_c.so
[8.948s] -- Up-to-date: /home/autoware/aichallenge2023-integration-final-main/install/autoware_control_msgs/lib/libautoware_control_msgs__rosidl_typesupport_c.so
[8.949s] -- Up-to-date: /home/autoware/aichallenge2023-integration-final-main/install/autoware_control_msgs/lib/libautoware_control_msgs__rosidl_typesupport_introspection_cpp.so
[8.949s] -- Up-to-date: /home/autoware/aichallenge2023-integration-final-main/install/autoware_control_msgs/lib/libautoware_control_msgs__rosidl_typesupport_cpp.so
[9.089s] Listing '/home/autoware/aichallenge2023-integration-final-main/install/autoware_control_msgs/local/lib/python3.10/dist-packages/autoware_control_msgs'...
[9.089s] Listing '/home/autoware/aichallenge2023-integration-final-main/install/autoware_control_msgs/local/lib/python3.10/dist-packages/autoware_control_msgs/msg'...
[9.095s] -- Up-to-date: /home/autoware/aichallenge2023-integration-final-main/install/autoware_control_msgs/lib/libautoware_control_msgs__rosidl_generator_py.so
[9.096s] -- Up-to-date: /home/autoware/aichallenge2023-integration-final-main/install/autoware_control_msgs/share/autoware_control_msgs/cmake/export_autoware_control_msgs__rosidl_generator_cExport.cmake
[9.096s] -- Up-to-date: /home/autoware/aichallenge2023-integration-final-main/install/autoware_control_msgs/share/autoware_control_msgs/cmake/export_autoware_control_msgs__rosidl_generator_cExport-release.cmake
[9.096s] -- Up-to-date: /home/autoware/aichallenge2023-integration-final-main/install/autoware_control_msgs/share/autoware_control_msgs/cmake/export_autoware_control_msgs__rosidl_typesupport_fastrtps_cExport.cmake
[9.096s] -- Up-to-date: /home/autoware/aichallenge2023-integration-final-main/install/autoware_control_msgs/share/autoware_control_msgs/cmake/export_autoware_control_msgs__rosidl_typesupport_fastrtps_cExport-release.cmake
[9.097s] -- Up-to-date: /home/autoware/aichallenge2023-integration-final-main/install/autoware_control_msgs/share/autoware_control_msgs/cmake/export_autoware_control_msgs__rosidl_generator_cppExport.cmake
[9.098s] -- Up-to-date: /home/autoware/aichallenge2023-integration-final-main/install/autoware_control_msgs/share/autoware_control_msgs/cmake/export_autoware_control_msgs__rosidl_typesupport_fastrtps_cppExport.cmake
[9.098s] -- Up-to-date: /home/autoware/aichallenge2023-integration-final-main/install/autoware_control_msgs/share/autoware_control_msgs/cmake/export_autoware_control_msgs__rosidl_typesupport_fastrtps_cppExport-release.cmake
[9.098s] -- Up-to-date: /home/autoware/aichallenge2023-integration-final-main/install/autoware_control_msgs/share/autoware_control_msgs/cmake/autoware_control_msgs__rosidl_typesupport_introspection_cExport.cmake
[9.098s] -- Up-to-date: /home/autoware/aichallenge2023-integration-final-main/install/autoware_control_msgs/share/autoware_control_msgs/cmake/autoware_control_msgs__rosidl_typesupport_introspection_cExport-release.cmake
[9.098s] -- Up-to-date: /home/autoware/aichallenge2023-integration-final-main/install/autoware_control_msgs/share/autoware_control_msgs/cmake/autoware_control_msgs__rosidl_typesupport_cExport.cmake
[9.098s] -- Up-to-date: /home/autoware/aichallenge2023-integration-final-main/install/autoware_control_msgs/share/autoware_control_msgs/cmake/autoware_control_msgs__rosidl_typesupport_cExport-release.cmake
[9.098s] -- Up-to-date: /home/autoware/aichallenge2023-integration-final-main/install/autoware_control_msgs/share/autoware_control_msgs/cmake/autoware_control_msgs__rosidl_typesupport_introspection_cppExport.cmake
[9.098s] -- Up-to-date: /home/autoware/aichallenge2023-integration-final-main/install/autoware_control_msgs/share/autoware_control_msgs/cmake/autoware_control_msgs__rosidl_typesupport_introspection_cppExport-release.cmake
[9.099s] -- Up-to-date: /home/autoware/aichallenge2023-integration-final-main/install/autoware_control_msgs/share/autoware_control_msgs/cmake/autoware_control_msgs__rosidl_typesupport_cppExport.cmake
[9.099s] -- Up-to-date: /home/autoware/aichallenge2023-integration-final-main/install/autoware_control_msgs/share/autoware_control_msgs/cmake/autoware_control_msgs__rosidl_typesupport_cppExport-release.cmake
[9.099s] -- Up-to-date: /home/autoware/aichallenge2023-integration-final-main/install/autoware_control_msgs/share/autoware_control_msgs/cmake/export_autoware_control_msgs__rosidl_generator_pyExport.cmake
[9.099s] -- Up-to-date: /home/autoware/aichallenge2023-integration-final-main/install/autoware_control_msgs/share/autoware_control_msgs/cmake/export_autoware_control_msgs__rosidl_generator_pyExport-release.cmake
[9.250s] Invoked command in '/home/autoware/aichallenge2023-integration-final-main/build/autoware_control_msgs' returned '0': CMAKE_PREFIX_PATH=${CMAKE_PREFIX_PATH}:/home/autoware/aichallenge2023-integration-final-main/install/simulator_compatibility_test:/home/autoware/aichallenge2023-integration-final-main/install/ad_api_visualizers:/home/autoware/autoware/install/simulator_compatibility_test:/home/autoware/autoware/install/ad_api_visualizers:/opt/ros/humble /usr/bin/cmake --install /home/autoware/aichallenge2023-integration-final-main/build/autoware_control_msgs
