[0.113s] Invoking command in '/home/autoware/aichallenge2023-integration-final-main/build/velodyne_msgs': CMAKE_PREFIX_PATH=${CMAKE_PREFIX_PATH}:/home/autoware/aichallenge2023-integration-final-main/install/simulator_compatibility_test:/home/autoware/aichallenge2023-integration-final-main/install/ad_api_visualizers:/home/autoware/autoware/install/simulator_compatibility_test:/home/autoware/autoware/install/ad_api_visualizers:/opt/ros/humble /usr/bin/cmake --build /home/autoware/aichallenge2023-integration-final-main/build/velodyne_msgs -- -j16 -l16
[3.421s] [ 10%] Built target velodyne_msgs__rosidl_generator_c
[3.421s] [ 12%] Built target velodyne_msgs__cpp
[3.421s] [ 12%] Built target ament_cmake_python_symlink_velodyne_msgs
[3.421s] [ 23%] Built target velodyne_msgs__rosidl_typesupport_c
[3.421s] [ 33%] Built target velodyne_msgs__rosidl_typesupport_cpp
[3.421s] [ 43%] Built target velodyne_msgs__rosidl_typesupport_introspection_cpp
[3.421s] [ 53%] Built target velodyne_msgs__rosidl_typesupport_fastrtps_c
[3.421s] [ 64%] Built target velodyne_msgs__rosidl_typesupport_introspection_c
[3.421s] [ 74%] Built target velodyne_msgs__rosidl_typesupport_fastrtps_cpp
[3.421s] [ 74%] Built target velodyne_msgs
[3.421s] running egg_info
[3.421s] writing velodyne_msgs.egg-info/PKG-INFO
[3.422s] writing dependency_links to velodyne_msgs.egg-info/dependency_links.txt
[3.422s] writing top-level names to velodyne_msgs.egg-info/top_level.txt
[3.422s] reading manifest file 'velodyne_msgs.egg-info/SOURCES.txt'
[3.422s] writing manifest file 'velodyne_msgs.egg-info/SOURCES.txt'
[3.422s] [ 76%] Built target velodyne_msgs__py
[3.422s] [ 76%] Built target ament_cmake_python_build_velodyne_msgs_egg
[3.422s] [ 84%] Built target velodyne_msgs__rosidl_generator_py
[3.422s] [ 89%] Built target velodyne_msgs__rosidl_typesupport_fastrtps_c__pyext
[3.422s] [ 94%] Built target velodyne_msgs__rosidl_typesupport_introspection_c__pyext
[3.422s] [100%] Built target velodyne_msgs__rosidl_typesupport_c__pyext
[3.489s] Invoked command in '/home/autoware/aichallenge2023-integration-final-main/build/velodyne_msgs' returned '0': CMAKE_PREFIX_PATH=${CMAKE_PREFIX_PATH}:/home/autoware/aichallenge2023-integration-final-main/install/simulator_compatibility_test:/home/autoware/aichallenge2023-integration-final-main/install/ad_api_visualizers:/home/autoware/autoware/install/simulator_compatibility_test:/home/autoware/autoware/install/ad_api_visualizers:/opt/ros/humble /usr/bin/cmake --build /home/autoware/aichallenge2023-integration-final-main/build/velodyne_msgs -- -j16 -l16
[5.163s] Invoking command in '/home/autoware/aichallenge2023-integration-final-main/build/velodyne_msgs': CMAKE_PREFIX_PATH=${CMAKE_PREFIX_PATH}:/home/autoware/aichallenge2023-integration-final-main/install/simulator_compatibility_test:/home/autoware/aichallenge2023-integration-final-main/install/ad_api_visualizers:/home/autoware/autoware/install/simulator_compatibility_test:/home/autoware/autoware/install/ad_api_visualizers:/opt/ros/humble /usr/bin/cmake --install /home/autoware/aichallenge2023-integration-final-main/build/velodyne_msgs
[5.234s] -- Install configuration: "Release"
[5.235s] -- Execute custom install script
[5.235s] -- Up-to-date symlink: /home/autoware/aichallenge2023-integration-final-main/install/velodyne_msgs/share/ament_index/resource_index/rosidl_interfaces/velodyne_msgs
[5.236s] -- Up-to-date symlink: /home/autoware/aichallenge2023-integration-final-main/install/velodyne_msgs/include/velodyne_msgs/velodyne_msgs/msg/detail/velodyne_packet__functions.h
[5.236s] -- Up-to-date symlink: /home/autoware/aichallenge2023-integration-final-main/install/velodyne_msgs/include/velodyne_msgs/velodyne_msgs/msg/detail/velodyne_packet__struct.h
[5.237s] -- Up-to-date symlink: /home/autoware/aichallenge2023-integration-final-main/install/velodyne_msgs/include/velodyne_msgs/velodyne_msgs/msg/detail/velodyne_packet__type_support.h
[5.237s] -- Up-to-date symlink: /home/autoware/aichallenge2023-integration-final-main/install/velodyne_msgs/include/velodyne_msgs/velodyne_msgs/msg/detail/velodyne_scan__functions.h
[5.237s] -- Up-to-date symlink: /home/autoware/aichallenge2023-integration-final-main/install/velodyne_msgs/include/velodyne_msgs/velodyne_msgs/msg/detail/velodyne_scan__struct.h
[5.237s] -- Up-to-date symlink: /home/autoware/aichallenge2023-integration-final-main/install/velodyne_msgs/include/velodyne_msgs/velodyne_msgs/msg/detail/velodyne_scan__type_support.h
[5.237s] -- Up-to-date symlink: /home/autoware/aichallenge2023-integration-final-main/install/velodyne_msgs/include/velodyne_msgs/velodyne_msgs/msg/rosidl_generator_c__visibility_control.h
[5.238s] -- Up-to-date symlink: /home/autoware/aichallenge2023-integration-final-main/install/velodyne_msgs/include/velodyne_msgs/velodyne_msgs/msg/velodyne_packet.h
[5.238s] -- Up-to-date symlink: /home/autoware/aichallenge2023-integration-final-main/install/velodyne_msgs/include/velodyne_msgs/velodyne_msgs/msg/velodyne_scan.h
[5.238s] -- Up-to-date symlink: /home/autoware/aichallenge2023-integration-final-main/install/velodyne_msgs/share/velodyne_msgs/environment/library_path.sh
[5.238s] -- Up-to-date symlink: /home/autoware/aichallenge2023-integration-final-main/install/velodyne_msgs/share/velodyne_msgs/environment/library_path.dsv
[5.240s] -- Up-to-date symlink: /home/autoware/aichallenge2023-integration-final-main/install/velodyne_msgs/include/velodyne_msgs/velodyne_msgs/msg/detail/velodyne_packet__rosidl_typesupport_fastrtps_c.h
[5.240s] -- Up-to-date symlink: /home/autoware/aichallenge2023-integration-final-main/install/velodyne_msgs/include/velodyne_msgs/velodyne_msgs/msg/detail/velodyne_scan__rosidl_typesupport_fastrtps_c.h
[5.240s] -- Up-to-date symlink: /home/autoware/aichallenge2023-integration-final-main/install/velodyne_msgs/include/velodyne_msgs/velodyne_msgs/msg/rosidl_typesupport_fastrtps_c__visibility_control.h
[5.240s] -- Up-to-date symlink: /home/autoware/aichallenge2023-integration-final-main/install/velodyne_msgs/include/velodyne_msgs/velodyne_msgs/msg/detail/velodyne_packet__builder.hpp
[5.240s] -- Up-to-date symlink: /home/autoware/aichallenge2023-integration-final-main/install/velodyne_msgs/include/velodyne_msgs/velodyne_msgs/msg/detail/velodyne_packet__struct.hpp
[5.241s] -- Up-to-date symlink: /home/autoware/aichallenge2023-integration-final-main/install/velodyne_msgs/include/velodyne_msgs/velodyne_msgs/msg/detail/velodyne_packet__traits.hpp
[5.241s] -- Up-to-date symlink: /home/autoware/aichallenge2023-integration-final-main/install/velodyne_msgs/include/velodyne_msgs/velodyne_msgs/msg/detail/velodyne_scan__builder.hpp
[5.241s] -- Up-to-date symlink: /home/autoware/aichallenge2023-integration-final-main/install/velodyne_msgs/include/velodyne_msgs/velodyne_msgs/msg/detail/velodyne_scan__struct.hpp
[5.246s] -- Up-to-date symlink: /home/autoware/aichallenge2023-integration-final-main/install/velodyne_msgs/include/velodyne_msgs/velodyne_msgs/msg/detail/velodyne_scan__traits.hpp
[5.246s] -- Up-to-date symlink: /home/autoware/aichallenge2023-integration-final-main/install/velodyne_msgs/include/velodyne_msgs/velodyne_msgs/msg/velodyne_packet.hpp
[5.246s] -- Up-to-date symlink: /home/autoware/aichallenge2023-integration-final-main/install/velodyne_msgs/include/velodyne_msgs/velodyne_msgs/msg/velodyne_scan.hpp
[5.247s] -- Up-to-date symlink: /home/autoware/aichallenge2023-integration-final-main/install/velodyne_msgs/include/velodyne_msgs/velodyne_msgs/msg/detail/velodyne_packet__rosidl_typesupport_fastrtps_cpp.hpp
[5.247s] -- Up-to-date symlink: /home/autoware/aichallenge2023-integration-final-main/install/velodyne_msgs/include/velodyne_msgs/velodyne_msgs/msg/detail/velodyne_scan__rosidl_typesupport_fastrtps_cpp.hpp
[5.247s] -- Up-to-date symlink: /home/autoware/aichallenge2023-integration-final-main/install/velodyne_msgs/include/velodyne_msgs/velodyne_msgs/msg/rosidl_typesupport_fastrtps_cpp__visibility_control.h
[5.247s] -- Up-to-date symlink: /home/autoware/aichallenge2023-integration-final-main/install/velodyne_msgs/include/velodyne_msgs/velodyne_msgs/msg/detail/velodyne_packet__rosidl_typesupport_introspection_c.h
[5.248s] -- Up-to-date symlink: /home/autoware/aichallenge2023-integration-final-main/install/velodyne_msgs/include/velodyne_msgs/velodyne_msgs/msg/detail/velodyne_scan__rosidl_typesupport_introspection_c.h
[5.248s] -- Up-to-date symlink: /home/autoware/aichallenge2023-integration-final-main/install/velodyne_msgs/include/velodyne_msgs/velodyne_msgs/msg/rosidl_typesupport_introspection_c__visibility_control.h
[5.248s] -- Up-to-date symlink: /home/autoware/aichallenge2023-integration-final-main/install/velodyne_msgs/include/velodyne_msgs/velodyne_msgs/msg/detail/velodyne_packet__rosidl_typesupport_introspection_cpp.hpp
[5.248s] -- Up-to-date symlink: /home/autoware/aichallenge2023-integration-final-main/install/velodyne_msgs/include/velodyne_msgs/velodyne_msgs/msg/detail/velodyne_scan__rosidl_typesupport_introspection_cpp.hpp
[5.249s] -- Up-to-date symlink: /home/autoware/aichallenge2023-integration-final-main/install/velodyne_msgs/share/velodyne_msgs/environment/pythonpath.sh
[5.249s] -- Up-to-date symlink: /home/autoware/aichallenge2023-integration-final-main/install/velodyne_msgs/share/velodyne_msgs/environment/pythonpath.dsv
[5.249s] -- Up-to-date symlink: /home/autoware/aichallenge2023-integration-final-main/install/velodyne_msgs/local/lib/python3.10/dist-packages/velodyne_msgs-2.1.0-py3.10.egg-info/PKG-INFO
[5.249s] -- Up-to-date symlink: /home/autoware/aichallenge2023-integration-final-main/install/velodyne_msgs/local/lib/python3.10/dist-packages/velodyne_msgs-2.1.0-py3.10.egg-info/SOURCES.txt
[5.249s] -- Up-to-date symlink: /home/autoware/aichallenge2023-integration-final-main/install/velodyne_msgs/local/lib/python3.10/dist-packages/velodyne_msgs-2.1.0-py3.10.egg-info/dependency_links.txt
[5.250s] -- Up-to-date symlink: /home/autoware/aichallenge2023-integration-final-main/install/velodyne_msgs/local/lib/python3.10/dist-packages/velodyne_msgs-2.1.0-py3.10.egg-info/top_level.txt
[5.250s] -- Up-to-date symlink: /home/autoware/aichallenge2023-integration-final-main/install/velodyne_msgs/local/lib/python3.10/dist-packages/velodyne_msgs/__init__.py
[5.251s] -- Up-to-date symlink: /home/autoware/aichallenge2023-integration-final-main/install/velodyne_msgs/local/lib/python3.10/dist-packages/velodyne_msgs/_velodyne_msgs_s.ep.rosidl_typesupport_c.c
[5.251s] -- Up-to-date symlink: /home/autoware/aichallenge2023-integration-final-main/install/velodyne_msgs/local/lib/python3.10/dist-packages/velodyne_msgs/_velodyne_msgs_s.ep.rosidl_typesupport_fastrtps_c.c
[5.251s] -- Up-to-date symlink: /home/autoware/aichallenge2023-integration-final-main/install/velodyne_msgs/local/lib/python3.10/dist-packages/velodyne_msgs/_velodyne_msgs_s.ep.rosidl_typesupport_introspection_c.c
[5.251s] -- Up-to-date symlink: /home/autoware/aichallenge2023-integration-final-main/install/velodyne_msgs/local/lib/python3.10/dist-packages/velodyne_msgs/libvelodyne_msgs__rosidl_generator_py.so
[5.251s] -- Up-to-date symlink: /home/autoware/aichallenge2023-integration-final-main/install/velodyne_msgs/local/lib/python3.10/dist-packages/velodyne_msgs/msg/__init__.py
[5.252s] -- Up-to-date symlink: /home/autoware/aichallenge2023-integration-final-main/install/velodyne_msgs/local/lib/python3.10/dist-packages/velodyne_msgs/msg/_velodyne_packet.py
[5.252s] -- Up-to-date symlink: /home/autoware/aichallenge2023-integration-final-main/install/velodyne_msgs/local/lib/python3.10/dist-packages/velodyne_msgs/msg/_velodyne_packet_s.c
[5.252s] -- Up-to-date symlink: /home/autoware/aichallenge2023-integration-final-main/install/velodyne_msgs/local/lib/python3.10/dist-packages/velodyne_msgs/msg/_velodyne_scan.py
[5.252s] -- Up-to-date symlink: /home/autoware/aichallenge2023-integration-final-main/install/velodyne_msgs/local/lib/python3.10/dist-packages/velodyne_msgs/msg/_velodyne_scan_s.c
[5.252s] -- Up-to-date symlink: /home/autoware/aichallenge2023-integration-final-main/install/velodyne_msgs/local/lib/python3.10/dist-packages/velodyne_msgs/velodyne_msgs_s__rosidl_typesupport_c.cpython-310-x86_64-linux-gnu.so
[5.253s] -- Up-to-date symlink: /home/autoware/aichallenge2023-integration-final-main/install/velodyne_msgs/local/lib/python3.10/dist-packages/velodyne_msgs/velodyne_msgs_s__rosidl_typesupport_fastrtps_c.cpython-310-x86_64-linux-gnu.so
[5.253s] -- Up-to-date symlink: /home/autoware/aichallenge2023-integration-final-main/install/velodyne_msgs/local/lib/python3.10/dist-packages/velodyne_msgs/velodyne_msgs_s__rosidl_typesupport_introspection_c.cpython-310-x86_64-linux-gnu.so
[5.253s] -- Up-to-date symlink: /home/autoware/aichallenge2023-integration-final-main/install/velodyne_msgs/local/lib/python3.10/dist-packages/velodyne_msgs/velodyne_msgs_s__rosidl_typesupport_fastrtps_c.cpython-310-x86_64-linux-gnu.so
[5.258s] -- Up-to-date symlink: /home/autoware/aichallenge2023-integration-final-main/install/velodyne_msgs/local/lib/python3.10/dist-packages/velodyne_msgs/velodyne_msgs_s__rosidl_typesupport_introspection_c.cpython-310-x86_64-linux-gnu.so
[5.268s] -- Up-to-date symlink: /home/autoware/aichallenge2023-integration-final-main/install/velodyne_msgs/local/lib/python3.10/dist-packages/velodyne_msgs/velodyne_msgs_s__rosidl_typesupport_c.cpython-310-x86_64-linux-gnu.so
[5.268s] -- Up-to-date symlink: /home/autoware/aichallenge2023-integration-final-main/install/velodyne_msgs/share/velodyne_msgs/msg/VelodynePacket.idl
[5.268s] -- Up-to-date symlink: /home/autoware/aichallenge2023-integration-final-main/install/velodyne_msgs/share/velodyne_msgs/msg/VelodyneScan.idl
[5.268s] -- Up-to-date symlink: /home/autoware/aichallenge2023-integration-final-main/install/velodyne_msgs/share/velodyne_msgs/msg/VelodynePacket.msg
[5.269s] -- Up-to-date symlink: /home/autoware/aichallenge2023-integration-final-main/install/velodyne_msgs/share/velodyne_msgs/msg/VelodyneScan.msg
[5.269s] -- Up-to-date symlink: /home/autoware/aichallenge2023-integration-final-main/install/velodyne_msgs/share/ament_index/resource_index/package_run_dependencies/velodyne_msgs
[5.269s] -- Up-to-date symlink: /home/autoware/aichallenge2023-integration-final-main/install/velodyne_msgs/share/ament_index/resource_index/parent_prefix_path/velodyne_msgs
[5.269s] -- Up-to-date symlink: /home/autoware/aichallenge2023-integration-final-main/install/velodyne_msgs/share/velodyne_msgs/environment/ament_prefix_path.sh
[5.270s] -- Up-to-date symlink: /home/autoware/aichallenge2023-integration-final-main/install/velodyne_msgs/share/velodyne_msgs/environment/ament_prefix_path.dsv
[5.270s] -- Up-to-date symlink: /home/autoware/aichallenge2023-integration-final-main/install/velodyne_msgs/share/velodyne_msgs/environment/path.sh
[5.270s] -- Up-to-date symlink: /home/autoware/aichallenge2023-integration-final-main/install/velodyne_msgs/share/velodyne_msgs/environment/path.dsv
[5.270s] -- Up-to-date symlink: /home/autoware/aichallenge2023-integration-final-main/install/velodyne_msgs/share/velodyne_msgs/local_setup.bash
[5.271s] -- Up-to-date symlink: /home/autoware/aichallenge2023-integration-final-main/install/velodyne_msgs/share/velodyne_msgs/local_setup.sh
[5.271s] -- Up-to-date symlink: /home/autoware/aichallenge2023-integration-final-main/install/velodyne_msgs/share/velodyne_msgs/local_setup.zsh
[5.271s] -- Up-to-date symlink: /home/autoware/aichallenge2023-integration-final-main/install/velodyne_msgs/share/velodyne_msgs/local_setup.dsv
[5.272s] -- Symlinking: /home/autoware/aichallenge2023-integration-final-main/install/velodyne_msgs/share/velodyne_msgs/package.dsv
[5.339s] -- Up-to-date symlink: /home/autoware/aichallenge2023-integration-final-main/install/velodyne_msgs/share/ament_index/resource_index/packages/velodyne_msgs
[5.340s] -- Up-to-date symlink: /home/autoware/aichallenge2023-integration-final-main/install/velodyne_msgs/share/velodyne_msgs/cmake/rosidl_cmake-extras.cmake
[5.340s] -- Up-to-date symlink: /home/autoware/aichallenge2023-integration-final-main/install/velodyne_msgs/share/velodyne_msgs/cmake/ament_cmake_export_dependencies-extras.cmake
[5.341s] -- Up-to-date symlink: /home/autoware/aichallenge2023-integration-final-main/install/velodyne_msgs/share/velodyne_msgs/cmake/ament_cmake_export_include_directories-extras.cmake
[5.341s] -- Up-to-date symlink: /home/autoware/aichallenge2023-integration-final-main/install/velodyne_msgs/share/velodyne_msgs/cmake/ament_cmake_export_libraries-extras.cmake
[5.342s] -- Up-to-date symlink: /home/autoware/aichallenge2023-integration-final-main/install/velodyne_msgs/share/velodyne_msgs/cmake/ament_cmake_export_targets-extras.cmake
[5.342s] -- Up-to-date symlink: /home/autoware/aichallenge2023-integration-final-main/install/velodyne_msgs/share/velodyne_msgs/cmake/rosidl_cmake_export_typesupport_targets-extras.cmake
[5.342s] -- Up-to-date symlink: /home/autoware/aichallenge2023-integration-final-main/install/velodyne_msgs/share/velodyne_msgs/cmake/rosidl_cmake_export_typesupport_libraries-extras.cmake
[5.342s] -- Up-to-date symlink: /home/autoware/aichallenge2023-integration-final-main/install/velodyne_msgs/share/velodyne_msgs/cmake/velodyne_msgsConfig.cmake
[5.343s] -- Up-to-date symlink: /home/autoware/aichallenge2023-integration-final-main/install/velodyne_msgs/share/velodyne_msgs/cmake/velodyne_msgsConfig-version.cmake
[5.343s] -- Up-to-date symlink: /home/autoware/aichallenge2023-integration-final-main/install/velodyne_msgs/share/velodyne_msgs/package.xml
[5.343s] -- Up-to-date: /home/autoware/aichallenge2023-integration-final-main/install/velodyne_msgs/lib/libvelodyne_msgs__rosidl_generator_c.so
[5.344s] -- Up-to-date: /home/autoware/aichallenge2023-integration-final-main/install/velodyne_msgs/lib/libvelodyne_msgs__rosidl_typesupport_fastrtps_c.so
[5.344s] -- Up-to-date: /home/autoware/aichallenge2023-integration-final-main/install/velodyne_msgs/lib/libvelodyne_msgs__rosidl_typesupport_fastrtps_cpp.so
[5.345s] -- Up-to-date: /home/autoware/aichallenge2023-integration-final-main/install/velodyne_msgs/lib/libvelodyne_msgs__rosidl_typesupport_introspection_c.so
[5.345s] -- Up-to-date: /home/autoware/aichallenge2023-integration-final-main/install/velodyne_msgs/lib/libvelodyne_msgs__rosidl_typesupport_c.so
[5.345s] -- Up-to-date: /home/autoware/aichallenge2023-integration-final-main/install/velodyne_msgs/lib/libvelodyne_msgs__rosidl_typesupport_introspection_cpp.so
[5.346s] -- Up-to-date: /home/autoware/aichallenge2023-integration-final-main/install/velodyne_msgs/lib/libvelodyne_msgs__rosidl_typesupport_cpp.so
[5.483s] Listing '/home/autoware/aichallenge2023-integration-final-main/install/velodyne_msgs/local/lib/python3.10/dist-packages/velodyne_msgs'...
[5.483s] Listing '/home/autoware/aichallenge2023-integration-final-main/install/velodyne_msgs/local/lib/python3.10/dist-packages/velodyne_msgs/msg'...
[5.488s] -- Up-to-date: /home/autoware/aichallenge2023-integration-final-main/install/velodyne_msgs/lib/libvelodyne_msgs__rosidl_generator_py.so
[5.489s] -- Up-to-date: /home/autoware/aichallenge2023-integration-final-main/install/velodyne_msgs/share/velodyne_msgs/cmake/export_velodyne_msgs__rosidl_generator_cExport.cmake
[5.489s] -- Up-to-date: /home/autoware/aichallenge2023-integration-final-main/install/velodyne_msgs/share/velodyne_msgs/cmake/export_velodyne_msgs__rosidl_generator_cExport-release.cmake
[5.490s] -- Up-to-date: /home/autoware/aichallenge2023-integration-final-main/install/velodyne_msgs/share/velodyne_msgs/cmake/export_velodyne_msgs__rosidl_typesupport_fastrtps_cExport.cmake
[5.490s] -- Up-to-date: /home/autoware/aichallenge2023-integration-final-main/install/velodyne_msgs/share/velodyne_msgs/cmake/export_velodyne_msgs__rosidl_typesupport_fastrtps_cExport-release.cmake
[5.490s] -- Up-to-date: /home/autoware/aichallenge2023-integration-final-main/install/velodyne_msgs/share/velodyne_msgs/cmake/export_velodyne_msgs__rosidl_generator_cppExport.cmake
[5.491s] -- Up-to-date: /home/autoware/aichallenge2023-integration-final-main/install/velodyne_msgs/share/velodyne_msgs/cmake/export_velodyne_msgs__rosidl_typesupport_fastrtps_cppExport.cmake
[5.491s] -- Up-to-date: /home/autoware/aichallenge2023-integration-final-main/install/velodyne_msgs/share/velodyne_msgs/cmake/export_velodyne_msgs__rosidl_typesupport_fastrtps_cppExport-release.cmake
[5.491s] -- Up-to-date: /home/autoware/aichallenge2023-integration-final-main/install/velodyne_msgs/share/velodyne_msgs/cmake/velodyne_msgs__rosidl_typesupport_introspection_cExport.cmake
[5.491s] -- Up-to-date: /home/autoware/aichallenge2023-integration-final-main/install/velodyne_msgs/share/velodyne_msgs/cmake/velodyne_msgs__rosidl_typesupport_introspection_cExport-release.cmake
[5.492s] -- Up-to-date: /home/autoware/aichallenge2023-integration-final-main/install/velodyne_msgs/share/velodyne_msgs/cmake/velodyne_msgs__rosidl_typesupport_cExport.cmake
[5.492s] -- Up-to-date: /home/autoware/aichallenge2023-integration-final-main/install/velodyne_msgs/share/velodyne_msgs/cmake/velodyne_msgs__rosidl_typesupport_cExport-release.cmake
[5.492s] -- Up-to-date: /home/autoware/aichallenge2023-integration-final-main/install/velodyne_msgs/share/velodyne_msgs/cmake/velodyne_msgs__rosidl_typesupport_introspection_cppExport.cmake
[5.492s] -- Up-to-date: /home/autoware/aichallenge2023-integration-final-main/install/velodyne_msgs/share/velodyne_msgs/cmake/velodyne_msgs__rosidl_typesupport_introspection_cppExport-release.cmake
[5.493s] -- Up-to-date: /home/autoware/aichallenge2023-integration-final-main/install/velodyne_msgs/share/velodyne_msgs/cmake/velodyne_msgs__rosidl_typesupport_cppExport.cmake
[5.493s] -- Up-to-date: /home/autoware/aichallenge2023-integration-final-main/install/velodyne_msgs/share/velodyne_msgs/cmake/velodyne_msgs__rosidl_typesupport_cppExport-release.cmake
[5.493s] -- Up-to-date: /home/autoware/aichallenge2023-integration-final-main/install/velodyne_msgs/share/velodyne_msgs/cmake/export_velodyne_msgs__rosidl_generator_pyExport.cmake
[5.493s] -- Up-to-date: /home/autoware/aichallenge2023-integration-final-main/install/velodyne_msgs/share/velodyne_msgs/cmake/export_velodyne_msgs__rosidl_generator_pyExport-release.cmake
[5.524s] Invoked command in '/home/autoware/aichallenge2023-integration-final-main/build/velodyne_msgs' returned '0': CMAKE_PREFIX_PATH=${CMAKE_PREFIX_PATH}:/home/autoware/aichallenge2023-integration-final-main/install/simulator_compatibility_test:/home/autoware/aichallenge2023-integration-final-main/install/ad_api_visualizers:/home/autoware/autoware/install/simulator_compatibility_test:/home/autoware/autoware/install/ad_api_visualizers:/opt/ros/humble /usr/bin/cmake --install /home/autoware/aichallenge2023-integration-final-main/build/velodyne_msgs
