[0.199s] Invoking command in '/home/autoware/aichallenge2023-integration-final-main/build/autoware_map_msgs': CMAKE_PREFIX_PATH=${CMAKE_PREFIX_PATH}:/home/autoware/aichallenge2023-integration-final-main/install/simulator_compatibility_test:/home/autoware/aichallenge2023-integration-final-main/install/ad_api_visualizers:/home/autoware/autoware/install/simulator_compatibility_test:/home/autoware/autoware/install/ad_api_visualizers:/opt/ros/humble /usr/bin/cmake --build /home/autoware/aichallenge2023-integration-final-main/build/autoware_map_msgs -- -j16 -l16
[3.902s] [ 11%] Built target autoware_map_msgs__rosidl_generator_c
[3.902s] [ 12%] Built target autoware_map_msgs__cpp
[3.902s] [ 12%] Built target ament_cmake_python_symlink_autoware_map_msgs
[3.902s] [ 23%] Built target autoware_map_msgs__rosidl_typesupport_introspection_c
[3.902s] [ 34%] Built target autoware_map_msgs__rosidl_typesupport_c
[3.903s] [ 46%] Built target autoware_map_msgs__rosidl_typesupport_cpp
[3.903s] [ 57%] Built target autoware_map_msgs__rosidl_typesupport_fastrtps_c
[3.903s] [ 68%] Built target autoware_map_msgs__rosidl_typesupport_introspection_cpp
[3.903s] [ 79%] Built target autoware_map_msgs__rosidl_typesupport_fastrtps_cpp
[3.903s] [ 79%] Built target autoware_map_msgs
[3.903s] running egg_info
[3.903s] writing autoware_map_msgs.egg-info/PKG-INFO
[3.903s] writing dependency_links to autoware_map_msgs.egg-info/dependency_links.txt
[3.903s] writing top-level names to autoware_map_msgs.egg-info/top_level.txt
[3.903s] reading manifest file 'autoware_map_msgs.egg-info/SOURCES.txt'
[3.903s] writing manifest file 'autoware_map_msgs.egg-info/SOURCES.txt'
[3.903s] [ 79%] Built target ament_cmake_python_build_autoware_map_msgs_egg
[3.903s] [ 80%] Built target autoware_map_msgs__py
[3.903s] [ 90%] Built target autoware_map_msgs__rosidl_generator_py
[4.111s] [ 93%] Built target autoware_map_msgs__rosidl_typesupport_fastrtps_c__pyext
[4.138s] [ 96%] Built target autoware_map_msgs__rosidl_typesupport_introspection_c__pyext
[4.162s] [100%] Built target autoware_map_msgs__rosidl_typesupport_c__pyext
[4.223s] Invoked command in '/home/autoware/aichallenge2023-integration-final-main/build/autoware_map_msgs' returned '0': CMAKE_PREFIX_PATH=${CMAKE_PREFIX_PATH}:/home/autoware/aichallenge2023-integration-final-main/install/simulator_compatibility_test:/home/autoware/aichallenge2023-integration-final-main/install/ad_api_visualizers:/home/autoware/autoware/install/simulator_compatibility_test:/home/autoware/autoware/install/ad_api_visualizers:/opt/ros/humble /usr/bin/cmake --build /home/autoware/aichallenge2023-integration-final-main/build/autoware_map_msgs -- -j16 -l16
[10.614s] Invoking command in '/home/autoware/aichallenge2023-integration-final-main/build/autoware_map_msgs': CMAKE_PREFIX_PATH=${CMAKE_PREFIX_PATH}:/home/autoware/aichallenge2023-integration-final-main/install/simulator_compatibility_test:/home/autoware/aichallenge2023-integration-final-main/install/ad_api_visualizers:/home/autoware/autoware/install/simulator_compatibility_test:/home/autoware/autoware/install/ad_api_visualizers:/opt/ros/humble /usr/bin/cmake --install /home/autoware/aichallenge2023-integration-final-main/build/autoware_map_msgs
[10.720s] -- Install configuration: "Release"
[10.721s] -- Execute custom install script
[10.721s] -- Up-to-date symlink: /home/autoware/aichallenge2023-integration-final-main/install/autoware_map_msgs/share/ament_index/resource_index/rosidl_interfaces/autoware_map_msgs
[10.722s] -- Up-to-date symlink: /home/autoware/aichallenge2023-integration-final-main/install/autoware_map_msgs/include/autoware_map_msgs/autoware_map_msgs/msg/area_info.h
[10.723s] -- Up-to-date symlink: /home/autoware/aichallenge2023-integration-final-main/install/autoware_map_msgs/include/autoware_map_msgs/autoware_map_msgs/msg/detail/area_info__functions.h
[10.723s] -- Up-to-date symlink: /home/autoware/aichallenge2023-integration-final-main/install/autoware_map_msgs/include/autoware_map_msgs/autoware_map_msgs/msg/detail/area_info__struct.h
[10.723s] -- Up-to-date symlink: /home/autoware/aichallenge2023-integration-final-main/install/autoware_map_msgs/include/autoware_map_msgs/autoware_map_msgs/msg/detail/area_info__type_support.h
[10.723s] -- Up-to-date symlink: /home/autoware/aichallenge2023-integration-final-main/install/autoware_map_msgs/include/autoware_map_msgs/autoware_map_msgs/msg/detail/lanelet_map_bin__functions.h
[10.724s] -- Up-to-date symlink: /home/autoware/aichallenge2023-integration-final-main/install/autoware_map_msgs/include/autoware_map_msgs/autoware_map_msgs/msg/detail/lanelet_map_bin__struct.h
[10.724s] -- Up-to-date symlink: /home/autoware/aichallenge2023-integration-final-main/install/autoware_map_msgs/include/autoware_map_msgs/autoware_map_msgs/msg/detail/lanelet_map_bin__type_support.h
[10.724s] -- Up-to-date symlink: /home/autoware/aichallenge2023-integration-final-main/install/autoware_map_msgs/include/autoware_map_msgs/autoware_map_msgs/msg/detail/point_cloud_map_cell_with_id__functions.h
[10.724s] -- Up-to-date symlink: /home/autoware/aichallenge2023-integration-final-main/install/autoware_map_msgs/include/autoware_map_msgs/autoware_map_msgs/msg/detail/point_cloud_map_cell_with_id__struct.h
[10.725s] -- Up-to-date symlink: /home/autoware/aichallenge2023-integration-final-main/install/autoware_map_msgs/include/autoware_map_msgs/autoware_map_msgs/msg/detail/point_cloud_map_cell_with_id__type_support.h
[10.725s] -- Up-to-date symlink: /home/autoware/aichallenge2023-integration-final-main/install/autoware_map_msgs/include/autoware_map_msgs/autoware_map_msgs/msg/lanelet_map_bin.h
[10.725s] -- Up-to-date symlink: /home/autoware/aichallenge2023-integration-final-main/install/autoware_map_msgs/include/autoware_map_msgs/autoware_map_msgs/msg/point_cloud_map_cell_with_id.h
[10.725s] -- Up-to-date symlink: /home/autoware/aichallenge2023-integration-final-main/install/autoware_map_msgs/include/autoware_map_msgs/autoware_map_msgs/msg/rosidl_generator_c__visibility_control.h
[10.726s] -- Up-to-date symlink: /home/autoware/aichallenge2023-integration-final-main/install/autoware_map_msgs/include/autoware_map_msgs/autoware_map_msgs/srv/detail/get_differential_point_cloud_map__functions.h
[10.726s] -- Up-to-date symlink: /home/autoware/aichallenge2023-integration-final-main/install/autoware_map_msgs/include/autoware_map_msgs/autoware_map_msgs/srv/detail/get_differential_point_cloud_map__struct.h
[10.726s] -- Up-to-date symlink: /home/autoware/aichallenge2023-integration-final-main/install/autoware_map_msgs/include/autoware_map_msgs/autoware_map_msgs/srv/detail/get_differential_point_cloud_map__type_support.h
[10.726s] -- Up-to-date symlink: /home/autoware/aichallenge2023-integration-final-main/install/autoware_map_msgs/include/autoware_map_msgs/autoware_map_msgs/srv/detail/get_partial_point_cloud_map__functions.h
[10.727s] -- Up-to-date symlink: /home/autoware/aichallenge2023-integration-final-main/install/autoware_map_msgs/include/autoware_map_msgs/autoware_map_msgs/srv/detail/get_partial_point_cloud_map__struct.h
[10.727s] -- Up-to-date symlink: /home/autoware/aichallenge2023-integration-final-main/install/autoware_map_msgs/include/autoware_map_msgs/autoware_map_msgs/srv/detail/get_partial_point_cloud_map__type_support.h
[10.727s] -- Up-to-date symlink: /home/autoware/aichallenge2023-integration-final-main/install/autoware_map_msgs/include/autoware_map_msgs/autoware_map_msgs/srv/get_differential_point_cloud_map.h
[10.727s] -- Up-to-date symlink: /home/autoware/aichallenge2023-integration-final-main/install/autoware_map_msgs/include/autoware_map_msgs/autoware_map_msgs/srv/get_partial_point_cloud_map.h
[10.728s] -- Up-to-date symlink: /home/autoware/aichallenge2023-integration-final-main/install/autoware_map_msgs/share/autoware_map_msgs/environment/library_path.sh
[10.728s] -- Up-to-date symlink: /home/autoware/aichallenge2023-integration-final-main/install/autoware_map_msgs/share/autoware_map_msgs/environment/library_path.dsv
[10.729s] -- Up-to-date symlink: /home/autoware/aichallenge2023-integration-final-main/install/autoware_map_msgs/include/autoware_map_msgs/autoware_map_msgs/msg/detail/area_info__rosidl_typesupport_fastrtps_c.h
[10.730s] -- Up-to-date symlink: /home/autoware/aichallenge2023-integration-final-main/install/autoware_map_msgs/include/autoware_map_msgs/autoware_map_msgs/msg/detail/lanelet_map_bin__rosidl_typesupport_fastrtps_c.h
[10.730s] -- Up-to-date symlink: /home/autoware/aichallenge2023-integration-final-main/install/autoware_map_msgs/include/autoware_map_msgs/autoware_map_msgs/msg/detail/point_cloud_map_cell_with_id__rosidl_typesupport_fastrtps_c.h
[10.730s] -- Up-to-date symlink: /home/autoware/aichallenge2023-integration-final-main/install/autoware_map_msgs/include/autoware_map_msgs/autoware_map_msgs/msg/rosidl_typesupport_fastrtps_c__visibility_control.h
[10.730s] -- Up-to-date symlink: /home/autoware/aichallenge2023-integration-final-main/install/autoware_map_msgs/include/autoware_map_msgs/autoware_map_msgs/srv/detail/get_differential_point_cloud_map__rosidl_typesupport_fastrtps_c.h
[10.731s] -- Up-to-date symlink: /home/autoware/aichallenge2023-integration-final-main/install/autoware_map_msgs/include/autoware_map_msgs/autoware_map_msgs/srv/detail/get_partial_point_cloud_map__rosidl_typesupport_fastrtps_c.h
[10.732s] -- Up-to-date symlink: /home/autoware/aichallenge2023-integration-final-main/install/autoware_map_msgs/include/autoware_map_msgs/autoware_map_msgs/msg/area_info.hpp
[10.732s] -- Up-to-date symlink: /home/autoware/aichallenge2023-integration-final-main/install/autoware_map_msgs/include/autoware_map_msgs/autoware_map_msgs/msg/detail/area_info__builder.hpp
[10.732s] -- Up-to-date symlink: /home/autoware/aichallenge2023-integration-final-main/install/autoware_map_msgs/include/autoware_map_msgs/autoware_map_msgs/msg/detail/area_info__struct.hpp
[10.733s] -- Up-to-date symlink: /home/autoware/aichallenge2023-integration-final-main/install/autoware_map_msgs/include/autoware_map_msgs/autoware_map_msgs/msg/detail/area_info__traits.hpp
[10.733s] -- Up-to-date symlink: /home/autoware/aichallenge2023-integration-final-main/install/autoware_map_msgs/include/autoware_map_msgs/autoware_map_msgs/msg/detail/lanelet_map_bin__builder.hpp
[10.733s] -- Up-to-date symlink: /home/autoware/aichallenge2023-integration-final-main/install/autoware_map_msgs/include/autoware_map_msgs/autoware_map_msgs/msg/detail/lanelet_map_bin__struct.hpp
[10.733s] -- Up-to-date symlink: /home/autoware/aichallenge2023-integration-final-main/install/autoware_map_msgs/include/autoware_map_msgs/autoware_map_msgs/msg/detail/lanelet_map_bin__traits.hpp
[10.734s] -- Up-to-date symlink: /home/autoware/aichallenge2023-integration-final-main/install/autoware_map_msgs/include/autoware_map_msgs/autoware_map_msgs/msg/detail/point_cloud_map_cell_with_id__builder.hpp
[10.734s] -- Up-to-date symlink: /home/autoware/aichallenge2023-integration-final-main/install/autoware_map_msgs/include/autoware_map_msgs/autoware_map_msgs/msg/detail/point_cloud_map_cell_with_id__struct.hpp
[10.734s] -- Up-to-date symlink: /home/autoware/aichallenge2023-integration-final-main/install/autoware_map_msgs/include/autoware_map_msgs/autoware_map_msgs/msg/detail/point_cloud_map_cell_with_id__traits.hpp
[10.734s] -- Up-to-date symlink: /home/autoware/aichallenge2023-integration-final-main/install/autoware_map_msgs/include/autoware_map_msgs/autoware_map_msgs/msg/lanelet_map_bin.hpp
[10.735s] -- Up-to-date symlink: /home/autoware/aichallenge2023-integration-final-main/install/autoware_map_msgs/include/autoware_map_msgs/autoware_map_msgs/msg/point_cloud_map_cell_with_id.hpp
[10.735s] -- Up-to-date symlink: /home/autoware/aichallenge2023-integration-final-main/install/autoware_map_msgs/include/autoware_map_msgs/autoware_map_msgs/srv/detail/get_differential_point_cloud_map__builder.hpp
[10.735s] -- Up-to-date symlink: /home/autoware/aichallenge2023-integration-final-main/install/autoware_map_msgs/include/autoware_map_msgs/autoware_map_msgs/srv/detail/get_differential_point_cloud_map__struct.hpp
[10.735s] -- Up-to-date symlink: /home/autoware/aichallenge2023-integration-final-main/install/autoware_map_msgs/include/autoware_map_msgs/autoware_map_msgs/srv/detail/get_differential_point_cloud_map__traits.hpp
[10.736s] -- Up-to-date symlink: /home/autoware/aichallenge2023-integration-final-main/install/autoware_map_msgs/include/autoware_map_msgs/autoware_map_msgs/srv/detail/get_partial_point_cloud_map__builder.hpp
[10.736s] -- Up-to-date symlink: /home/autoware/aichallenge2023-integration-final-main/install/autoware_map_msgs/include/autoware_map_msgs/autoware_map_msgs/srv/detail/get_partial_point_cloud_map__struct.hpp
[10.736s] -- Up-to-date symlink: /home/autoware/aichallenge2023-integration-final-main/install/autoware_map_msgs/include/autoware_map_msgs/autoware_map_msgs/srv/detail/get_partial_point_cloud_map__traits.hpp
[10.737s] -- Up-to-date symlink: /home/autoware/aichallenge2023-integration-final-main/install/autoware_map_msgs/include/autoware_map_msgs/autoware_map_msgs/srv/get_differential_point_cloud_map.hpp
[10.737s] -- Up-to-date symlink: /home/autoware/aichallenge2023-integration-final-main/install/autoware_map_msgs/include/autoware_map_msgs/autoware_map_msgs/srv/get_partial_point_cloud_map.hpp
[10.738s] -- Up-to-date symlink: /home/autoware/aichallenge2023-integration-final-main/install/autoware_map_msgs/include/autoware_map_msgs/autoware_map_msgs/msg/detail/area_info__rosidl_typesupport_fastrtps_cpp.hpp
[10.738s] -- Up-to-date symlink: /home/autoware/aichallenge2023-integration-final-main/install/autoware_map_msgs/include/autoware_map_msgs/autoware_map_msgs/msg/detail/lanelet_map_bin__rosidl_typesupport_fastrtps_cpp.hpp
[10.739s] -- Up-to-date symlink: /home/autoware/aichallenge2023-integration-final-main/install/autoware_map_msgs/include/autoware_map_msgs/autoware_map_msgs/msg/detail/point_cloud_map_cell_with_id__rosidl_typesupport_fastrtps_cpp.hpp
[10.739s] -- Up-to-date symlink: /home/autoware/aichallenge2023-integration-final-main/install/autoware_map_msgs/include/autoware_map_msgs/autoware_map_msgs/msg/rosidl_typesupport_fastrtps_cpp__visibility_control.h
[10.739s] -- Up-to-date symlink: /home/autoware/aichallenge2023-integration-final-main/install/autoware_map_msgs/include/autoware_map_msgs/autoware_map_msgs/srv/detail/get_differential_point_cloud_map__rosidl_typesupport_fastrtps_cpp.hpp
[10.739s] -- Up-to-date symlink: /home/autoware/aichallenge2023-integration-final-main/install/autoware_map_msgs/include/autoware_map_msgs/autoware_map_msgs/srv/detail/get_partial_point_cloud_map__rosidl_typesupport_fastrtps_cpp.hpp
[10.740s] -- Up-to-date symlink: /home/autoware/aichallenge2023-integration-final-main/install/autoware_map_msgs/include/autoware_map_msgs/autoware_map_msgs/msg/detail/area_info__rosidl_typesupport_introspection_c.h
[10.740s] -- Up-to-date symlink: /home/autoware/aichallenge2023-integration-final-main/install/autoware_map_msgs/include/autoware_map_msgs/autoware_map_msgs/msg/detail/lanelet_map_bin__rosidl_typesupport_introspection_c.h
[10.741s] -- Up-to-date symlink: /home/autoware/aichallenge2023-integration-final-main/install/autoware_map_msgs/include/autoware_map_msgs/autoware_map_msgs/msg/detail/point_cloud_map_cell_with_id__rosidl_typesupport_introspection_c.h
[10.741s] -- Up-to-date symlink: /home/autoware/aichallenge2023-integration-final-main/install/autoware_map_msgs/include/autoware_map_msgs/autoware_map_msgs/msg/rosidl_typesupport_introspection_c__visibility_control.h
[10.741s] -- Up-to-date symlink: /home/autoware/aichallenge2023-integration-final-main/install/autoware_map_msgs/include/autoware_map_msgs/autoware_map_msgs/srv/detail/get_differential_point_cloud_map__rosidl_typesupport_introspection_c.h
[10.741s] -- Up-to-date symlink: /home/autoware/aichallenge2023-integration-final-main/install/autoware_map_msgs/include/autoware_map_msgs/autoware_map_msgs/srv/detail/get_partial_point_cloud_map__rosidl_typesupport_introspection_c.h
[10.742s] -- Up-to-date symlink: /home/autoware/aichallenge2023-integration-final-main/install/autoware_map_msgs/include/autoware_map_msgs/autoware_map_msgs/msg/detail/area_info__rosidl_typesupport_introspection_cpp.hpp
[10.742s] -- Up-to-date symlink: /home/autoware/aichallenge2023-integration-final-main/install/autoware_map_msgs/include/autoware_map_msgs/autoware_map_msgs/msg/detail/lanelet_map_bin__rosidl_typesupport_introspection_cpp.hpp
[10.743s] -- Up-to-date symlink: /home/autoware/aichallenge2023-integration-final-main/install/autoware_map_msgs/include/autoware_map_msgs/autoware_map_msgs/msg/detail/point_cloud_map_cell_with_id__rosidl_typesupport_introspection_cpp.hpp
[10.743s] -- Up-to-date symlink: /home/autoware/aichallenge2023-integration-final-main/install/autoware_map_msgs/include/autoware_map_msgs/autoware_map_msgs/srv/detail/get_differential_point_cloud_map__rosidl_typesupport_introspection_cpp.hpp
[10.743s] -- Up-to-date symlink: /home/autoware/aichallenge2023-integration-final-main/install/autoware_map_msgs/include/autoware_map_msgs/autoware_map_msgs/srv/detail/get_partial_point_cloud_map__rosidl_typesupport_introspection_cpp.hpp
[10.744s] -- Up-to-date symlink: /home/autoware/aichallenge2023-integration-final-main/install/autoware_map_msgs/share/autoware_map_msgs/environment/pythonpath.sh
[10.744s] -- Up-to-date symlink: /home/autoware/aichallenge2023-integration-final-main/install/autoware_map_msgs/share/autoware_map_msgs/environment/pythonpath.dsv
[10.745s] -- Up-to-date symlink: /home/autoware/aichallenge2023-integration-final-main/install/autoware_map_msgs/local/lib/python3.10/dist-packages/autoware_map_msgs-1.0.0-py3.10.egg-info/PKG-INFO
[10.745s] -- Up-to-date symlink: /home/autoware/aichallenge2023-integration-final-main/install/autoware_map_msgs/local/lib/python3.10/dist-packages/autoware_map_msgs-1.0.0-py3.10.egg-info/SOURCES.txt
[10.745s] -- Up-to-date symlink: /home/autoware/aichallenge2023-integration-final-main/install/autoware_map_msgs/local/lib/python3.10/dist-packages/autoware_map_msgs-1.0.0-py3.10.egg-info/dependency_links.txt
[10.745s] -- Up-to-date symlink: /home/autoware/aichallenge2023-integration-final-main/install/autoware_map_msgs/local/lib/python3.10/dist-packages/autoware_map_msgs-1.0.0-py3.10.egg-info/top_level.txt
[10.747s] -- Up-to-date symlink: /home/autoware/aichallenge2023-integration-final-main/install/autoware_map_msgs/local/lib/python3.10/dist-packages/autoware_map_msgs/__init__.py
[10.747s] -- Up-to-date symlink: /home/autoware/aichallenge2023-integration-final-main/install/autoware_map_msgs/local/lib/python3.10/dist-packages/autoware_map_msgs/_autoware_map_msgs_s.ep.rosidl_typesupport_c.c
[10.747s] -- Up-to-date symlink: /home/autoware/aichallenge2023-integration-final-main/install/autoware_map_msgs/local/lib/python3.10/dist-packages/autoware_map_msgs/_autoware_map_msgs_s.ep.rosidl_typesupport_fastrtps_c.c
[10.747s] -- Up-to-date symlink: /home/autoware/aichallenge2023-integration-final-main/install/autoware_map_msgs/local/lib/python3.10/dist-packages/autoware_map_msgs/_autoware_map_msgs_s.ep.rosidl_typesupport_introspection_c.c
[10.748s] -- Up-to-date symlink: /home/autoware/aichallenge2023-integration-final-main/install/autoware_map_msgs/local/lib/python3.10/dist-packages/autoware_map_msgs/autoware_map_msgs_s__rosidl_typesupport_c.cpython-310-x86_64-linux-gnu.so
[10.748s] -- Up-to-date symlink: /home/autoware/aichallenge2023-integration-final-main/install/autoware_map_msgs/local/lib/python3.10/dist-packages/autoware_map_msgs/autoware_map_msgs_s__rosidl_typesupport_fastrtps_c.cpython-310-x86_64-linux-gnu.so
[10.748s] -- Up-to-date symlink: /home/autoware/aichallenge2023-integration-final-main/install/autoware_map_msgs/local/lib/python3.10/dist-packages/autoware_map_msgs/autoware_map_msgs_s__rosidl_typesupport_introspection_c.cpython-310-x86_64-linux-gnu.so
[10.748s] -- Up-to-date symlink: /home/autoware/aichallenge2023-integration-final-main/install/autoware_map_msgs/local/lib/python3.10/dist-packages/autoware_map_msgs/libautoware_map_msgs__rosidl_generator_py.so
[10.749s] -- Up-to-date symlink: /home/autoware/aichallenge2023-integration-final-main/install/autoware_map_msgs/local/lib/python3.10/dist-packages/autoware_map_msgs/msg/__init__.py
[10.749s] -- Up-to-date symlink: /home/autoware/aichallenge2023-integration-final-main/install/autoware_map_msgs/local/lib/python3.10/dist-packages/autoware_map_msgs/msg/_area_info.py
[10.749s] -- Up-to-date symlink: /home/autoware/aichallenge2023-integration-final-main/install/autoware_map_msgs/local/lib/python3.10/dist-packages/autoware_map_msgs/msg/_area_info_s.c
[10.749s] -- Up-to-date symlink: /home/autoware/aichallenge2023-integration-final-main/install/autoware_map_msgs/local/lib/python3.10/dist-packages/autoware_map_msgs/msg/_lanelet_map_bin.py
[10.750s] -- Up-to-date symlink: /home/autoware/aichallenge2023-integration-final-main/install/autoware_map_msgs/local/lib/python3.10/dist-packages/autoware_map_msgs/msg/_lanelet_map_bin_s.c
[10.750s] -- Up-to-date symlink: /home/autoware/aichallenge2023-integration-final-main/install/autoware_map_msgs/local/lib/python3.10/dist-packages/autoware_map_msgs/msg/_point_cloud_map_cell_with_id.py
[10.750s] -- Up-to-date symlink: /home/autoware/aichallenge2023-integration-final-main/install/autoware_map_msgs/local/lib/python3.10/dist-packages/autoware_map_msgs/msg/_point_cloud_map_cell_with_id_s.c
[10.750s] -- Up-to-date symlink: /home/autoware/aichallenge2023-integration-final-main/install/autoware_map_msgs/local/lib/python3.10/dist-packages/autoware_map_msgs/srv/__init__.py
[10.751s] -- Up-to-date symlink: /home/autoware/aichallenge2023-integration-final-main/install/autoware_map_msgs/local/lib/python3.10/dist-packages/autoware_map_msgs/srv/_get_differential_point_cloud_map.py
[10.754s] -- Up-to-date symlink: /home/autoware/aichallenge2023-integration-final-main/install/autoware_map_msgs/local/lib/python3.10/dist-packages/autoware_map_msgs/srv/_get_differential_point_cloud_map_s.c
[10.754s] -- Up-to-date symlink: /home/autoware/aichallenge2023-integration-final-main/install/autoware_map_msgs/local/lib/python3.10/dist-packages/autoware_map_msgs/srv/_get_partial_point_cloud_map.py
[10.755s] -- Up-to-date symlink: /home/autoware/aichallenge2023-integration-final-main/install/autoware_map_msgs/local/lib/python3.10/dist-packages/autoware_map_msgs/srv/_get_partial_point_cloud_map_s.c
[10.755s] -- Up-to-date symlink: /home/autoware/aichallenge2023-integration-final-main/install/autoware_map_msgs/local/lib/python3.10/dist-packages/autoware_map_msgs/autoware_map_msgs_s__rosidl_typesupport_fastrtps_c.cpython-310-x86_64-linux-gnu.so
[10.756s] -- Up-to-date symlink: /home/autoware/aichallenge2023-integration-final-main/install/autoware_map_msgs/local/lib/python3.10/dist-packages/autoware_map_msgs/autoware_map_msgs_s__rosidl_typesupport_introspection_c.cpython-310-x86_64-linux-gnu.so
[10.756s] -- Up-to-date symlink: /home/autoware/aichallenge2023-integration-final-main/install/autoware_map_msgs/local/lib/python3.10/dist-packages/autoware_map_msgs/autoware_map_msgs_s__rosidl_typesupport_c.cpython-310-x86_64-linux-gnu.so
[10.756s] -- Up-to-date symlink: /home/autoware/aichallenge2023-integration-final-main/install/autoware_map_msgs/share/autoware_map_msgs/msg/AreaInfo.idl
[10.757s] -- Up-to-date symlink: /home/autoware/aichallenge2023-integration-final-main/install/autoware_map_msgs/share/autoware_map_msgs/msg/LaneletMapBin.idl
[10.757s] -- Up-to-date symlink: /home/autoware/aichallenge2023-integration-final-main/install/autoware_map_msgs/share/autoware_map_msgs/msg/PointCloudMapCellWithID.idl
[10.757s] -- Up-to-date symlink: /home/autoware/aichallenge2023-integration-final-main/install/autoware_map_msgs/share/autoware_map_msgs/srv/GetPartialPointCloudMap.idl
[10.758s] -- Up-to-date symlink: /home/autoware/aichallenge2023-integration-final-main/install/autoware_map_msgs/share/autoware_map_msgs/srv/GetDifferentialPointCloudMap.idl
[10.758s] -- Up-to-date symlink: /home/autoware/aichallenge2023-integration-final-main/install/autoware_map_msgs/share/autoware_map_msgs/msg/AreaInfo.msg
[10.758s] -- Up-to-date symlink: /home/autoware/aichallenge2023-integration-final-main/install/autoware_map_msgs/share/autoware_map_msgs/msg/LaneletMapBin.msg
[10.758s] -- Up-to-date symlink: /home/autoware/aichallenge2023-integration-final-main/install/autoware_map_msgs/share/autoware_map_msgs/msg/PointCloudMapCellWithID.msg
[10.759s] -- Up-to-date symlink: /home/autoware/aichallenge2023-integration-final-main/install/autoware_map_msgs/share/autoware_map_msgs/srv/GetPartialPointCloudMap.srv
[10.760s] -- Up-to-date symlink: /home/autoware/aichallenge2023-integration-final-main/install/autoware_map_msgs/share/autoware_map_msgs/srv/GetPartialPointCloudMap_Request.msg
[10.760s] -- Up-to-date symlink: /home/autoware/aichallenge2023-integration-final-main/install/autoware_map_msgs/share/autoware_map_msgs/srv/GetPartialPointCloudMap_Response.msg
[10.760s] -- Up-to-date symlink: /home/autoware/aichallenge2023-integration-final-main/install/autoware_map_msgs/share/autoware_map_msgs/srv/GetDifferentialPointCloudMap.srv
[10.761s] -- Up-to-date symlink: /home/autoware/aichallenge2023-integration-final-main/install/autoware_map_msgs/share/autoware_map_msgs/srv/GetDifferentialPointCloudMap_Request.msg
[10.761s] -- Up-to-date symlink: /home/autoware/aichallenge2023-integration-final-main/install/autoware_map_msgs/share/autoware_map_msgs/srv/GetDifferentialPointCloudMap_Response.msg
[10.761s] -- Up-to-date symlink: /home/autoware/aichallenge2023-integration-final-main/install/autoware_map_msgs/share/ament_index/resource_index/package_run_dependencies/autoware_map_msgs
[10.762s] -- Up-to-date symlink: /home/autoware/aichallenge2023-integration-final-main/install/autoware_map_msgs/share/ament_index/resource_index/parent_prefix_path/autoware_map_msgs
[10.762s] -- Up-to-date symlink: /home/autoware/aichallenge2023-integration-final-main/install/autoware_map_msgs/share/autoware_map_msgs/environment/ament_prefix_path.sh
[10.762s] -- Up-to-date symlink: /home/autoware/aichallenge2023-integration-final-main/install/autoware_map_msgs/share/autoware_map_msgs/environment/ament_prefix_path.dsv
[10.763s] -- Up-to-date symlink: /home/autoware/aichallenge2023-integration-final-main/install/autoware_map_msgs/share/autoware_map_msgs/environment/path.sh
[10.763s] -- Up-to-date symlink: /home/autoware/aichallenge2023-integration-final-main/install/autoware_map_msgs/share/autoware_map_msgs/environment/path.dsv
[10.763s] -- Up-to-date symlink: /home/autoware/aichallenge2023-integration-final-main/install/autoware_map_msgs/share/autoware_map_msgs/local_setup.bash
[10.764s] -- Up-to-date symlink: /home/autoware/aichallenge2023-integration-final-main/install/autoware_map_msgs/share/autoware_map_msgs/local_setup.sh
[10.764s] -- Up-to-date symlink: /home/autoware/aichallenge2023-integration-final-main/install/autoware_map_msgs/share/autoware_map_msgs/local_setup.zsh
[10.764s] -- Up-to-date symlink: /home/autoware/aichallenge2023-integration-final-main/install/autoware_map_msgs/share/autoware_map_msgs/local_setup.dsv
[10.764s] -- Symlinking: /home/autoware/aichallenge2023-integration-final-main/install/autoware_map_msgs/share/autoware_map_msgs/package.dsv
[10.866s] -- Up-to-date symlink: /home/autoware/aichallenge2023-integration-final-main/install/autoware_map_msgs/share/ament_index/resource_index/packages/autoware_map_msgs
[10.866s] -- Up-to-date symlink: /home/autoware/aichallenge2023-integration-final-main/install/autoware_map_msgs/share/autoware_map_msgs/cmake/rosidl_cmake-extras.cmake
[10.866s] -- Up-to-date symlink: /home/autoware/aichallenge2023-integration-final-main/install/autoware_map_msgs/share/autoware_map_msgs/cmake/ament_cmake_export_dependencies-extras.cmake
[10.866s] -- Up-to-date symlink: /home/autoware/aichallenge2023-integration-final-main/install/autoware_map_msgs/share/autoware_map_msgs/cmake/ament_cmake_export_include_directories-extras.cmake
[10.866s] -- Up-to-date symlink: /home/autoware/aichallenge2023-integration-final-main/install/autoware_map_msgs/share/autoware_map_msgs/cmake/ament_cmake_export_libraries-extras.cmake
[10.867s] -- Up-to-date symlink: /home/autoware/aichallenge2023-integration-final-main/install/autoware_map_msgs/share/autoware_map_msgs/cmake/ament_cmake_export_targets-extras.cmake
[10.867s] -- Up-to-date symlink: /home/autoware/aichallenge2023-integration-final-main/install/autoware_map_msgs/share/autoware_map_msgs/cmake/rosidl_cmake_export_typesupport_targets-extras.cmake
[10.867s] -- Up-to-date symlink: /home/autoware/aichallenge2023-integration-final-main/install/autoware_map_msgs/share/autoware_map_msgs/cmake/rosidl_cmake_export_typesupport_libraries-extras.cmake
[10.867s] -- Up-to-date symlink: /home/autoware/aichallenge2023-integration-final-main/install/autoware_map_msgs/share/autoware_map_msgs/cmake/autoware_map_msgsConfig.cmake
[10.868s] -- Up-to-date symlink: /home/autoware/aichallenge2023-integration-final-main/install/autoware_map_msgs/share/autoware_map_msgs/cmake/autoware_map_msgsConfig-version.cmake
[10.868s] -- Up-to-date symlink: /home/autoware/aichallenge2023-integration-final-main/install/autoware_map_msgs/share/autoware_map_msgs/package.xml
[10.869s] -- Up-to-date: /home/autoware/aichallenge2023-integration-final-main/install/autoware_map_msgs/lib/libautoware_map_msgs__rosidl_generator_c.so
[10.869s] -- Up-to-date: /home/autoware/aichallenge2023-integration-final-main/install/autoware_map_msgs/lib/libautoware_map_msgs__rosidl_typesupport_fastrtps_c.so
[10.870s] -- Up-to-date: /home/autoware/aichallenge2023-integration-final-main/install/autoware_map_msgs/lib/libautoware_map_msgs__rosidl_typesupport_fastrtps_cpp.so
[10.870s] -- Up-to-date: /home/autoware/aichallenge2023-integration-final-main/install/autoware_map_msgs/lib/libautoware_map_msgs__rosidl_typesupport_introspection_c.so
[10.871s] -- Up-to-date: /home/autoware/aichallenge2023-integration-final-main/install/autoware_map_msgs/lib/libautoware_map_msgs__rosidl_typesupport_c.so
[10.871s] -- Up-to-date: /home/autoware/aichallenge2023-integration-final-main/install/autoware_map_msgs/lib/libautoware_map_msgs__rosidl_typesupport_introspection_cpp.so
[10.872s] -- Up-to-date: /home/autoware/aichallenge2023-integration-final-main/install/autoware_map_msgs/lib/libautoware_map_msgs__rosidl_typesupport_cpp.so
[11.086s] Listing '/home/autoware/aichallenge2023-integration-final-main/install/autoware_map_msgs/local/lib/python3.10/dist-packages/autoware_map_msgs'...
[11.086s] Listing '/home/autoware/aichallenge2023-integration-final-main/install/autoware_map_msgs/local/lib/python3.10/dist-packages/autoware_map_msgs/msg'...
[11.086s] Listing '/home/autoware/aichallenge2023-integration-final-main/install/autoware_map_msgs/local/lib/python3.10/dist-packages/autoware_map_msgs/srv'...
[11.094s] -- Up-to-date: /home/autoware/aichallenge2023-integration-final-main/install/autoware_map_msgs/lib/libautoware_map_msgs__rosidl_generator_py.so
[11.095s] -- Up-to-date: /home/autoware/aichallenge2023-integration-final-main/install/autoware_map_msgs/share/autoware_map_msgs/cmake/export_autoware_map_msgs__rosidl_generator_cExport.cmake
[11.096s] -- Up-to-date: /home/autoware/aichallenge2023-integration-final-main/install/autoware_map_msgs/share/autoware_map_msgs/cmake/export_autoware_map_msgs__rosidl_generator_cExport-release.cmake
[11.096s] -- Up-to-date: /home/autoware/aichallenge2023-integration-final-main/install/autoware_map_msgs/share/autoware_map_msgs/cmake/export_autoware_map_msgs__rosidl_typesupport_fastrtps_cExport.cmake
[11.096s] -- Up-to-date: /home/autoware/aichallenge2023-integration-final-main/install/autoware_map_msgs/share/autoware_map_msgs/cmake/export_autoware_map_msgs__rosidl_typesupport_fastrtps_cExport-release.cmake
[11.097s] -- Up-to-date: /home/autoware/aichallenge2023-integration-final-main/install/autoware_map_msgs/share/autoware_map_msgs/cmake/export_autoware_map_msgs__rosidl_generator_cppExport.cmake
[11.097s] -- Up-to-date: /home/autoware/aichallenge2023-integration-final-main/install/autoware_map_msgs/share/autoware_map_msgs/cmake/export_autoware_map_msgs__rosidl_typesupport_fastrtps_cppExport.cmake
[11.097s] -- Up-to-date: /home/autoware/aichallenge2023-integration-final-main/install/autoware_map_msgs/share/autoware_map_msgs/cmake/export_autoware_map_msgs__rosidl_typesupport_fastrtps_cppExport-release.cmake
[11.098s] -- Up-to-date: /home/autoware/aichallenge2023-integration-final-main/install/autoware_map_msgs/share/autoware_map_msgs/cmake/autoware_map_msgs__rosidl_typesupport_introspection_cExport.cmake
[11.098s] -- Up-to-date: /home/autoware/aichallenge2023-integration-final-main/install/autoware_map_msgs/share/autoware_map_msgs/cmake/autoware_map_msgs__rosidl_typesupport_introspection_cExport-release.cmake
[11.098s] -- Up-to-date: /home/autoware/aichallenge2023-integration-final-main/install/autoware_map_msgs/share/autoware_map_msgs/cmake/autoware_map_msgs__rosidl_typesupport_cExport.cmake
[11.099s] -- Up-to-date: /home/autoware/aichallenge2023-integration-final-main/install/autoware_map_msgs/share/autoware_map_msgs/cmake/autoware_map_msgs__rosidl_typesupport_cExport-release.cmake
[11.099s] -- Up-to-date: /home/autoware/aichallenge2023-integration-final-main/install/autoware_map_msgs/share/autoware_map_msgs/cmake/autoware_map_msgs__rosidl_typesupport_introspection_cppExport.cmake
[11.099s] -- Up-to-date: /home/autoware/aichallenge2023-integration-final-main/install/autoware_map_msgs/share/autoware_map_msgs/cmake/autoware_map_msgs__rosidl_typesupport_introspection_cppExport-release.cmake
[11.100s] -- Up-to-date: /home/autoware/aichallenge2023-integration-final-main/install/autoware_map_msgs/share/autoware_map_msgs/cmake/autoware_map_msgs__rosidl_typesupport_cppExport.cmake
[11.100s] -- Up-to-date: /home/autoware/aichallenge2023-integration-final-main/install/autoware_map_msgs/share/autoware_map_msgs/cmake/autoware_map_msgs__rosidl_typesupport_cppExport-release.cmake
[11.100s] -- Up-to-date: /home/autoware/aichallenge2023-integration-final-main/install/autoware_map_msgs/share/autoware_map_msgs/cmake/export_autoware_map_msgs__rosidl_generator_pyExport.cmake
[11.101s] -- Up-to-date: /home/autoware/aichallenge2023-integration-final-main/install/autoware_map_msgs/share/autoware_map_msgs/cmake/export_autoware_map_msgs__rosidl_generator_pyExport-release.cmake
[11.123s] Invoked command in '/home/autoware/aichallenge2023-integration-final-main/build/autoware_map_msgs' returned '0': CMAKE_PREFIX_PATH=${CMAKE_PREFIX_PATH}:/home/autoware/aichallenge2023-integration-final-main/install/simulator_compatibility_test:/home/autoware/aichallenge2023-integration-final-main/install/ad_api_visualizers:/home/autoware/autoware/install/simulator_compatibility_test:/home/autoware/autoware/install/ad_api_visualizers:/opt/ros/humble /usr/bin/cmake --install /home/autoware/aichallenge2023-integration-final-main/build/autoware_map_msgs
