[0.100s] Invoking command in '/home/autoware/aichallenge2023-integration-final-main/build/tier4_simulation_msgs': CMAKE_PREFIX_PATH=${CMAKE_PREFIX_PATH}:/home/autoware/aichallenge2023-integration-final-main/install/simulator_compatibility_test:/home/autoware/aichallenge2023-integration-final-main/install/ad_api_visualizers:/home/autoware/autoware/install/simulator_compatibility_test:/home/autoware/autoware/install/ad_api_visualizers:/opt/ros/humble /usr/bin/cmake --build /home/autoware/aichallenge2023-integration-final-main/build/tier4_simulation_msgs -- -j16 -l16
[0.531s] [  1%] Built target tier4_simulation_msgs__cpp
[0.588s] [ 12%] Built target tier4_simulation_msgs__rosidl_generator_c
[0.710s] [ 12%] Built target ament_cmake_python_symlink_tier4_simulation_msgs
[0.817s] [ 23%] Built target tier4_simulation_msgs__rosidl_typesupport_introspection_cpp
[0.833s] [ 34%] Built target tier4_simulation_msgs__rosidl_typesupport_cpp
[0.863s] [ 45%] Built target tier4_simulation_msgs__rosidl_typesupport_fastrtps_cpp
[0.899s] [ 56%] Built target tier4_simulation_msgs__rosidl_typesupport_c
[0.930s] [ 67%] Built target tier4_simulation_msgs__rosidl_typesupport_fastrtps_c
[0.957s] [ 78%] Built target tier4_simulation_msgs__rosidl_typesupport_introspection_c
[1.183s] [ 78%] Built target tier4_simulation_msgs
[1.377s] [ 80%] Built target tier4_simulation_msgs__py
[1.426s] running egg_info
[1.427s] writing tier4_simulation_msgs.egg-info/PKG-INFO
[1.427s] writing dependency_links to tier4_simulation_msgs.egg-info/dependency_links.txt
[1.427s] writing top-level names to tier4_simulation_msgs.egg-info/top_level.txt
[1.430s] reading manifest file 'tier4_simulation_msgs.egg-info/SOURCES.txt'
[1.431s] writing manifest file 'tier4_simulation_msgs.egg-info/SOURCES.txt'
[1.528s] [ 80%] Built target ament_cmake_python_build_tier4_simulation_msgs_egg
[1.577s] [ 89%] Built target tier4_simulation_msgs__rosidl_generator_py
[1.810s] [ 92%] Built target tier4_simulation_msgs__rosidl_typesupport_fastrtps_c__pyext
[1.814s] [ 96%] Built target tier4_simulation_msgs__rosidl_typesupport_c__pyext
[1.859s] [100%] Built target tier4_simulation_msgs__rosidl_typesupport_introspection_c__pyext
[1.933s] Invoked command in '/home/autoware/aichallenge2023-integration-final-main/build/tier4_simulation_msgs' returned '0': CMAKE_PREFIX_PATH=${CMAKE_PREFIX_PATH}:/home/autoware/aichallenge2023-integration-final-main/install/simulator_compatibility_test:/home/autoware/aichallenge2023-integration-final-main/install/ad_api_visualizers:/home/autoware/autoware/install/simulator_compatibility_test:/home/autoware/autoware/install/ad_api_visualizers:/opt/ros/humble /usr/bin/cmake --build /home/autoware/aichallenge2023-integration-final-main/build/tier4_simulation_msgs -- -j16 -l16
[6.634s] Invoking command in '/home/autoware/aichallenge2023-integration-final-main/build/tier4_simulation_msgs': CMAKE_PREFIX_PATH=${CMAKE_PREFIX_PATH}:/home/autoware/aichallenge2023-integration-final-main/install/simulator_compatibility_test:/home/autoware/aichallenge2023-integration-final-main/install/ad_api_visualizers:/home/autoware/autoware/install/simulator_compatibility_test:/home/autoware/autoware/install/ad_api_visualizers:/opt/ros/humble /usr/bin/cmake --install /home/autoware/aichallenge2023-integration-final-main/build/tier4_simulation_msgs
[6.798s] -- Install configuration: "Release"
[6.800s] -- Execute custom install script
[6.800s] -- Up-to-date symlink: /home/autoware/aichallenge2023-integration-final-main/install/tier4_simulation_msgs/share/ament_index/resource_index/rosidl_interfaces/tier4_simulation_msgs
[6.800s] -- Up-to-date symlink: /home/autoware/aichallenge2023-integration-final-main/install/tier4_simulation_msgs/include/tier4_simulation_msgs/tier4_simulation_msgs/msg/detail/fault_injection_event__functions.h
[6.801s] -- Up-to-date symlink: /home/autoware/aichallenge2023-integration-final-main/install/tier4_simulation_msgs/include/tier4_simulation_msgs/tier4_simulation_msgs/msg/detail/fault_injection_event__struct.h
[6.801s] -- Up-to-date symlink: /home/autoware/aichallenge2023-integration-final-main/install/tier4_simulation_msgs/include/tier4_simulation_msgs/tier4_simulation_msgs/msg/detail/fault_injection_event__type_support.h
[6.801s] -- Up-to-date symlink: /home/autoware/aichallenge2023-integration-final-main/install/tier4_simulation_msgs/include/tier4_simulation_msgs/tier4_simulation_msgs/msg/detail/simulation_events__functions.h
[6.801s] -- Up-to-date symlink: /home/autoware/aichallenge2023-integration-final-main/install/tier4_simulation_msgs/include/tier4_simulation_msgs/tier4_simulation_msgs/msg/detail/simulation_events__struct.h
[6.802s] -- Up-to-date symlink: /home/autoware/aichallenge2023-integration-final-main/install/tier4_simulation_msgs/include/tier4_simulation_msgs/tier4_simulation_msgs/msg/detail/simulation_events__type_support.h
[6.802s] -- Up-to-date symlink: /home/autoware/aichallenge2023-integration-final-main/install/tier4_simulation_msgs/include/tier4_simulation_msgs/tier4_simulation_msgs/msg/detail/user_defined_value__functions.h
[6.802s] -- Up-to-date symlink: /home/autoware/aichallenge2023-integration-final-main/install/tier4_simulation_msgs/include/tier4_simulation_msgs/tier4_simulation_msgs/msg/detail/user_defined_value__struct.h
[6.802s] -- Up-to-date symlink: /home/autoware/aichallenge2023-integration-final-main/install/tier4_simulation_msgs/include/tier4_simulation_msgs/tier4_simulation_msgs/msg/detail/user_defined_value__type_support.h
[6.803s] -- Up-to-date symlink: /home/autoware/aichallenge2023-integration-final-main/install/tier4_simulation_msgs/include/tier4_simulation_msgs/tier4_simulation_msgs/msg/detail/user_defined_value_type__functions.h
[6.803s] -- Up-to-date symlink: /home/autoware/aichallenge2023-integration-final-main/install/tier4_simulation_msgs/include/tier4_simulation_msgs/tier4_simulation_msgs/msg/detail/user_defined_value_type__struct.h
[6.803s] -- Up-to-date symlink: /home/autoware/aichallenge2023-integration-final-main/install/tier4_simulation_msgs/include/tier4_simulation_msgs/tier4_simulation_msgs/msg/detail/user_defined_value_type__type_support.h
[6.804s] -- Up-to-date symlink: /home/autoware/aichallenge2023-integration-final-main/install/tier4_simulation_msgs/include/tier4_simulation_msgs/tier4_simulation_msgs/msg/fault_injection_event.h
[6.805s] -- Up-to-date symlink: /home/autoware/aichallenge2023-integration-final-main/install/tier4_simulation_msgs/include/tier4_simulation_msgs/tier4_simulation_msgs/msg/rosidl_generator_c__visibility_control.h
[6.805s] -- Up-to-date symlink: /home/autoware/aichallenge2023-integration-final-main/install/tier4_simulation_msgs/include/tier4_simulation_msgs/tier4_simulation_msgs/msg/simulation_events.h
[6.810s] -- Up-to-date symlink: /home/autoware/aichallenge2023-integration-final-main/install/tier4_simulation_msgs/include/tier4_simulation_msgs/tier4_simulation_msgs/msg/user_defined_value.h
[6.811s] -- Up-to-date symlink: /home/autoware/aichallenge2023-integration-final-main/install/tier4_simulation_msgs/include/tier4_simulation_msgs/tier4_simulation_msgs/msg/user_defined_value_type.h
[6.812s] -- Up-to-date symlink: /home/autoware/aichallenge2023-integration-final-main/install/tier4_simulation_msgs/share/tier4_simulation_msgs/environment/library_path.sh
[6.812s] -- Up-to-date symlink: /home/autoware/aichallenge2023-integration-final-main/install/tier4_simulation_msgs/share/tier4_simulation_msgs/environment/library_path.dsv
[6.813s] -- Up-to-date symlink: /home/autoware/aichallenge2023-integration-final-main/install/tier4_simulation_msgs/include/tier4_simulation_msgs/tier4_simulation_msgs/msg/detail/fault_injection_event__rosidl_typesupport_fastrtps_c.h
[6.814s] -- Up-to-date symlink: /home/autoware/aichallenge2023-integration-final-main/install/tier4_simulation_msgs/include/tier4_simulation_msgs/tier4_simulation_msgs/msg/detail/simulation_events__rosidl_typesupport_fastrtps_c.h
[6.814s] -- Up-to-date symlink: /home/autoware/aichallenge2023-integration-final-main/install/tier4_simulation_msgs/include/tier4_simulation_msgs/tier4_simulation_msgs/msg/detail/user_defined_value__rosidl_typesupport_fastrtps_c.h
[6.815s] -- Up-to-date symlink: /home/autoware/aichallenge2023-integration-final-main/install/tier4_simulation_msgs/include/tier4_simulation_msgs/tier4_simulation_msgs/msg/detail/user_defined_value_type__rosidl_typesupport_fastrtps_c.h
[6.815s] -- Up-to-date symlink: /home/autoware/aichallenge2023-integration-final-main/install/tier4_simulation_msgs/include/tier4_simulation_msgs/tier4_simulation_msgs/msg/rosidl_typesupport_fastrtps_c__visibility_control.h
[6.816s] -- Up-to-date symlink: /home/autoware/aichallenge2023-integration-final-main/install/tier4_simulation_msgs/include/tier4_simulation_msgs/tier4_simulation_msgs/msg/detail/fault_injection_event__builder.hpp
[6.817s] -- Up-to-date symlink: /home/autoware/aichallenge2023-integration-final-main/install/tier4_simulation_msgs/include/tier4_simulation_msgs/tier4_simulation_msgs/msg/detail/fault_injection_event__struct.hpp
[6.817s] -- Up-to-date symlink: /home/autoware/aichallenge2023-integration-final-main/install/tier4_simulation_msgs/include/tier4_simulation_msgs/tier4_simulation_msgs/msg/detail/fault_injection_event__traits.hpp
[6.818s] -- Up-to-date symlink: /home/autoware/aichallenge2023-integration-final-main/install/tier4_simulation_msgs/include/tier4_simulation_msgs/tier4_simulation_msgs/msg/detail/simulation_events__builder.hpp
[6.818s] -- Up-to-date symlink: /home/autoware/aichallenge2023-integration-final-main/install/tier4_simulation_msgs/include/tier4_simulation_msgs/tier4_simulation_msgs/msg/detail/simulation_events__struct.hpp
[6.819s] -- Up-to-date symlink: /home/autoware/aichallenge2023-integration-final-main/install/tier4_simulation_msgs/include/tier4_simulation_msgs/tier4_simulation_msgs/msg/detail/simulation_events__traits.hpp
[6.819s] -- Up-to-date symlink: /home/autoware/aichallenge2023-integration-final-main/install/tier4_simulation_msgs/include/tier4_simulation_msgs/tier4_simulation_msgs/msg/detail/user_defined_value__builder.hpp
[6.819s] -- Up-to-date symlink: /home/autoware/aichallenge2023-integration-final-main/install/tier4_simulation_msgs/include/tier4_simulation_msgs/tier4_simulation_msgs/msg/detail/user_defined_value__struct.hpp
[6.820s] -- Up-to-date symlink: /home/autoware/aichallenge2023-integration-final-main/install/tier4_simulation_msgs/include/tier4_simulation_msgs/tier4_simulation_msgs/msg/detail/user_defined_value__traits.hpp
[6.820s] -- Up-to-date symlink: /home/autoware/aichallenge2023-integration-final-main/install/tier4_simulation_msgs/include/tier4_simulation_msgs/tier4_simulation_msgs/msg/detail/user_defined_value_type__builder.hpp
[6.820s] -- Up-to-date symlink: /home/autoware/aichallenge2023-integration-final-main/install/tier4_simulation_msgs/include/tier4_simulation_msgs/tier4_simulation_msgs/msg/detail/user_defined_value_type__struct.hpp
[6.821s] -- Up-to-date symlink: /home/autoware/aichallenge2023-integration-final-main/install/tier4_simulation_msgs/include/tier4_simulation_msgs/tier4_simulation_msgs/msg/detail/user_defined_value_type__traits.hpp
[6.821s] -- Up-to-date symlink: /home/autoware/aichallenge2023-integration-final-main/install/tier4_simulation_msgs/include/tier4_simulation_msgs/tier4_simulation_msgs/msg/fault_injection_event.hpp
[6.821s] -- Up-to-date symlink: /home/autoware/aichallenge2023-integration-final-main/install/tier4_simulation_msgs/include/tier4_simulation_msgs/tier4_simulation_msgs/msg/simulation_events.hpp
[6.822s] -- Up-to-date symlink: /home/autoware/aichallenge2023-integration-final-main/install/tier4_simulation_msgs/include/tier4_simulation_msgs/tier4_simulation_msgs/msg/user_defined_value.hpp
[6.822s] -- Up-to-date symlink: /home/autoware/aichallenge2023-integration-final-main/install/tier4_simulation_msgs/include/tier4_simulation_msgs/tier4_simulation_msgs/msg/user_defined_value_type.hpp
[6.823s] -- Up-to-date symlink: /home/autoware/aichallenge2023-integration-final-main/install/tier4_simulation_msgs/include/tier4_simulation_msgs/tier4_simulation_msgs/msg/detail/fault_injection_event__rosidl_typesupport_fastrtps_cpp.hpp
[6.823s] -- Up-to-date symlink: /home/autoware/aichallenge2023-integration-final-main/install/tier4_simulation_msgs/include/tier4_simulation_msgs/tier4_simulation_msgs/msg/detail/simulation_events__rosidl_typesupport_fastrtps_cpp.hpp
[6.824s] -- Up-to-date symlink: /home/autoware/aichallenge2023-integration-final-main/install/tier4_simulation_msgs/include/tier4_simulation_msgs/tier4_simulation_msgs/msg/detail/user_defined_value__rosidl_typesupport_fastrtps_cpp.hpp
[6.824s] -- Up-to-date symlink: /home/autoware/aichallenge2023-integration-final-main/install/tier4_simulation_msgs/include/tier4_simulation_msgs/tier4_simulation_msgs/msg/detail/user_defined_value_type__rosidl_typesupport_fastrtps_cpp.hpp
[6.825s] -- Up-to-date symlink: /home/autoware/aichallenge2023-integration-final-main/install/tier4_simulation_msgs/include/tier4_simulation_msgs/tier4_simulation_msgs/msg/rosidl_typesupport_fastrtps_cpp__visibility_control.h
[6.825s] -- Up-to-date symlink: /home/autoware/aichallenge2023-integration-final-main/install/tier4_simulation_msgs/include/tier4_simulation_msgs/tier4_simulation_msgs/msg/detail/fault_injection_event__rosidl_typesupport_introspection_c.h
[6.826s] -- Up-to-date symlink: /home/autoware/aichallenge2023-integration-final-main/install/tier4_simulation_msgs/include/tier4_simulation_msgs/tier4_simulation_msgs/msg/detail/simulation_events__rosidl_typesupport_introspection_c.h
[6.826s] -- Up-to-date symlink: /home/autoware/aichallenge2023-integration-final-main/install/tier4_simulation_msgs/include/tier4_simulation_msgs/tier4_simulation_msgs/msg/detail/user_defined_value__rosidl_typesupport_introspection_c.h
[6.827s] -- Up-to-date symlink: /home/autoware/aichallenge2023-integration-final-main/install/tier4_simulation_msgs/include/tier4_simulation_msgs/tier4_simulation_msgs/msg/detail/user_defined_value_type__rosidl_typesupport_introspection_c.h
[6.827s] -- Up-to-date symlink: /home/autoware/aichallenge2023-integration-final-main/install/tier4_simulation_msgs/include/tier4_simulation_msgs/tier4_simulation_msgs/msg/rosidl_typesupport_introspection_c__visibility_control.h
[6.828s] -- Up-to-date symlink: /home/autoware/aichallenge2023-integration-final-main/install/tier4_simulation_msgs/include/tier4_simulation_msgs/tier4_simulation_msgs/msg/detail/fault_injection_event__rosidl_typesupport_introspection_cpp.hpp
[6.828s] -- Up-to-date symlink: /home/autoware/aichallenge2023-integration-final-main/install/tier4_simulation_msgs/include/tier4_simulation_msgs/tier4_simulation_msgs/msg/detail/simulation_events__rosidl_typesupport_introspection_cpp.hpp
[6.829s] -- Up-to-date symlink: /home/autoware/aichallenge2023-integration-final-main/install/tier4_simulation_msgs/include/tier4_simulation_msgs/tier4_simulation_msgs/msg/detail/user_defined_value__rosidl_typesupport_introspection_cpp.hpp
[6.829s] -- Up-to-date symlink: /home/autoware/aichallenge2023-integration-final-main/install/tier4_simulation_msgs/include/tier4_simulation_msgs/tier4_simulation_msgs/msg/detail/user_defined_value_type__rosidl_typesupport_introspection_cpp.hpp
[6.830s] -- Up-to-date symlink: /home/autoware/aichallenge2023-integration-final-main/install/tier4_simulation_msgs/share/tier4_simulation_msgs/environment/pythonpath.sh
[6.830s] -- Up-to-date symlink: /home/autoware/aichallenge2023-integration-final-main/install/tier4_simulation_msgs/share/tier4_simulation_msgs/environment/pythonpath.dsv
[6.832s] -- Up-to-date symlink: /home/autoware/aichallenge2023-integration-final-main/install/tier4_simulation_msgs/local/lib/python3.10/dist-packages/tier4_simulation_msgs-0.1.0-py3.10.egg-info/PKG-INFO
[6.832s] -- Up-to-date symlink: /home/autoware/aichallenge2023-integration-final-main/install/tier4_simulation_msgs/local/lib/python3.10/dist-packages/tier4_simulation_msgs-0.1.0-py3.10.egg-info/SOURCES.txt
[6.833s] -- Up-to-date symlink: /home/autoware/aichallenge2023-integration-final-main/install/tier4_simulation_msgs/local/lib/python3.10/dist-packages/tier4_simulation_msgs-0.1.0-py3.10.egg-info/dependency_links.txt
[6.834s] -- Up-to-date symlink: /home/autoware/aichallenge2023-integration-final-main/install/tier4_simulation_msgs/local/lib/python3.10/dist-packages/tier4_simulation_msgs-0.1.0-py3.10.egg-info/top_level.txt
[6.835s] -- Up-to-date symlink: /home/autoware/aichallenge2023-integration-final-main/install/tier4_simulation_msgs/local/lib/python3.10/dist-packages/tier4_simulation_msgs/__init__.py
[6.836s] -- Up-to-date symlink: /home/autoware/aichallenge2023-integration-final-main/install/tier4_simulation_msgs/local/lib/python3.10/dist-packages/tier4_simulation_msgs/_tier4_simulation_msgs_s.ep.rosidl_typesupport_c.c
[6.836s] -- Up-to-date symlink: /home/autoware/aichallenge2023-integration-final-main/install/tier4_simulation_msgs/local/lib/python3.10/dist-packages/tier4_simulation_msgs/_tier4_simulation_msgs_s.ep.rosidl_typesupport_fastrtps_c.c
[6.837s] -- Up-to-date symlink: /home/autoware/aichallenge2023-integration-final-main/install/tier4_simulation_msgs/local/lib/python3.10/dist-packages/tier4_simulation_msgs/_tier4_simulation_msgs_s.ep.rosidl_typesupport_introspection_c.c
[6.837s] -- Up-to-date symlink: /home/autoware/aichallenge2023-integration-final-main/install/tier4_simulation_msgs/local/lib/python3.10/dist-packages/tier4_simulation_msgs/libtier4_simulation_msgs__rosidl_generator_py.so
[6.837s] -- Up-to-date symlink: /home/autoware/aichallenge2023-integration-final-main/install/tier4_simulation_msgs/local/lib/python3.10/dist-packages/tier4_simulation_msgs/msg/__init__.py
[6.838s] -- Up-to-date symlink: /home/autoware/aichallenge2023-integration-final-main/install/tier4_simulation_msgs/local/lib/python3.10/dist-packages/tier4_simulation_msgs/msg/_fault_injection_event.py
[6.839s] -- Up-to-date symlink: /home/autoware/aichallenge2023-integration-final-main/install/tier4_simulation_msgs/local/lib/python3.10/dist-packages/tier4_simulation_msgs/msg/_fault_injection_event_s.c
[6.840s] -- Up-to-date symlink: /home/autoware/aichallenge2023-integration-final-main/install/tier4_simulation_msgs/local/lib/python3.10/dist-packages/tier4_simulation_msgs/msg/_simulation_events.py
[6.840s] -- Up-to-date symlink: /home/autoware/aichallenge2023-integration-final-main/install/tier4_simulation_msgs/local/lib/python3.10/dist-packages/tier4_simulation_msgs/msg/_simulation_events_s.c
[6.840s] -- Up-to-date symlink: /home/autoware/aichallenge2023-integration-final-main/install/tier4_simulation_msgs/local/lib/python3.10/dist-packages/tier4_simulation_msgs/msg/_user_defined_value.py
[6.841s] -- Up-to-date symlink: /home/autoware/aichallenge2023-integration-final-main/install/tier4_simulation_msgs/local/lib/python3.10/dist-packages/tier4_simulation_msgs/msg/_user_defined_value_s.c
[6.841s] -- Up-to-date symlink: /home/autoware/aichallenge2023-integration-final-main/install/tier4_simulation_msgs/local/lib/python3.10/dist-packages/tier4_simulation_msgs/msg/_user_defined_value_type.py
[6.842s] -- Up-to-date symlink: /home/autoware/aichallenge2023-integration-final-main/install/tier4_simulation_msgs/local/lib/python3.10/dist-packages/tier4_simulation_msgs/msg/_user_defined_value_type_s.c
[6.842s] -- Up-to-date symlink: /home/autoware/aichallenge2023-integration-final-main/install/tier4_simulation_msgs/local/lib/python3.10/dist-packages/tier4_simulation_msgs/tier4_simulation_msgs_s__rosidl_typesupport_c.cpython-310-x86_64-linux-gnu.so
[6.842s] -- Up-to-date symlink: /home/autoware/aichallenge2023-integration-final-main/install/tier4_simulation_msgs/local/lib/python3.10/dist-packages/tier4_simulation_msgs/tier4_simulation_msgs_s__rosidl_typesupport_fastrtps_c.cpython-310-x86_64-linux-gnu.so
[6.843s] -- Up-to-date symlink: /home/autoware/aichallenge2023-integration-final-main/install/tier4_simulation_msgs/local/lib/python3.10/dist-packages/tier4_simulation_msgs/tier4_simulation_msgs_s__rosidl_typesupport_introspection_c.cpython-310-x86_64-linux-gnu.so
[6.845s] -- Up-to-date symlink: /home/autoware/aichallenge2023-integration-final-main/install/tier4_simulation_msgs/local/lib/python3.10/dist-packages/tier4_simulation_msgs/tier4_simulation_msgs_s__rosidl_typesupport_fastrtps_c.cpython-310-x86_64-linux-gnu.so
[6.846s] -- Up-to-date symlink: /home/autoware/aichallenge2023-integration-final-main/install/tier4_simulation_msgs/local/lib/python3.10/dist-packages/tier4_simulation_msgs/tier4_simulation_msgs_s__rosidl_typesupport_introspection_c.cpython-310-x86_64-linux-gnu.so
[6.846s] -- Up-to-date symlink: /home/autoware/aichallenge2023-integration-final-main/install/tier4_simulation_msgs/local/lib/python3.10/dist-packages/tier4_simulation_msgs/tier4_simulation_msgs_s__rosidl_typesupport_c.cpython-310-x86_64-linux-gnu.so
[6.855s] -- Up-to-date symlink: /home/autoware/aichallenge2023-integration-final-main/install/tier4_simulation_msgs/share/tier4_simulation_msgs/msg/FaultInjectionEvent.idl
[6.860s] -- Up-to-date symlink: /home/autoware/aichallenge2023-integration-final-main/install/tier4_simulation_msgs/share/tier4_simulation_msgs/msg/SimulationEvents.idl
[6.860s] -- Up-to-date symlink: /home/autoware/aichallenge2023-integration-final-main/install/tier4_simulation_msgs/share/tier4_simulation_msgs/msg/UserDefinedValue.idl
[6.860s] -- Up-to-date symlink: /home/autoware/aichallenge2023-integration-final-main/install/tier4_simulation_msgs/share/tier4_simulation_msgs/msg/UserDefinedValueType.idl
[6.860s] -- Up-to-date symlink: /home/autoware/aichallenge2023-integration-final-main/install/tier4_simulation_msgs/share/tier4_simulation_msgs/msg/FaultInjectionEvent.msg
[6.861s] -- Up-to-date symlink: /home/autoware/aichallenge2023-integration-final-main/install/tier4_simulation_msgs/share/tier4_simulation_msgs/msg/SimulationEvents.msg
[6.861s] -- Up-to-date symlink: /home/autoware/aichallenge2023-integration-final-main/install/tier4_simulation_msgs/share/tier4_simulation_msgs/msg/UserDefinedValue.msg
[6.861s] -- Up-to-date symlink: /home/autoware/aichallenge2023-integration-final-main/install/tier4_simulation_msgs/share/tier4_simulation_msgs/msg/UserDefinedValueType.msg
[6.861s] -- Up-to-date symlink: /home/autoware/aichallenge2023-integration-final-main/install/tier4_simulation_msgs/share/ament_index/resource_index/package_run_dependencies/tier4_simulation_msgs
[6.861s] -- Up-to-date symlink: /home/autoware/aichallenge2023-integration-final-main/install/tier4_simulation_msgs/share/ament_index/resource_index/parent_prefix_path/tier4_simulation_msgs
[6.861s] -- Up-to-date symlink: /home/autoware/aichallenge2023-integration-final-main/install/tier4_simulation_msgs/share/tier4_simulation_msgs/environment/ament_prefix_path.sh
[6.861s] -- Up-to-date symlink: /home/autoware/aichallenge2023-integration-final-main/install/tier4_simulation_msgs/share/tier4_simulation_msgs/environment/ament_prefix_path.dsv
[6.861s] -- Up-to-date symlink: /home/autoware/aichallenge2023-integration-final-main/install/tier4_simulation_msgs/share/tier4_simulation_msgs/environment/path.sh
[6.862s] -- Up-to-date symlink: /home/autoware/aichallenge2023-integration-final-main/install/tier4_simulation_msgs/share/tier4_simulation_msgs/environment/path.dsv
[6.862s] -- Up-to-date symlink: /home/autoware/aichallenge2023-integration-final-main/install/tier4_simulation_msgs/share/tier4_simulation_msgs/local_setup.bash
[6.862s] -- Up-to-date symlink: /home/autoware/aichallenge2023-integration-final-main/install/tier4_simulation_msgs/share/tier4_simulation_msgs/local_setup.sh
[6.862s] -- Up-to-date symlink: /home/autoware/aichallenge2023-integration-final-main/install/tier4_simulation_msgs/share/tier4_simulation_msgs/local_setup.zsh
[6.862s] -- Up-to-date symlink: /home/autoware/aichallenge2023-integration-final-main/install/tier4_simulation_msgs/share/tier4_simulation_msgs/local_setup.dsv
[6.862s] -- Symlinking: /home/autoware/aichallenge2023-integration-final-main/install/tier4_simulation_msgs/share/tier4_simulation_msgs/package.dsv
[6.959s] -- Up-to-date symlink: /home/autoware/aichallenge2023-integration-final-main/install/tier4_simulation_msgs/share/ament_index/resource_index/packages/tier4_simulation_msgs
[6.959s] -- Up-to-date symlink: /home/autoware/aichallenge2023-integration-final-main/install/tier4_simulation_msgs/share/tier4_simulation_msgs/cmake/rosidl_cmake-extras.cmake
[6.959s] -- Up-to-date symlink: /home/autoware/aichallenge2023-integration-final-main/install/tier4_simulation_msgs/share/tier4_simulation_msgs/cmake/ament_cmake_export_dependencies-extras.cmake
[6.959s] -- Up-to-date symlink: /home/autoware/aichallenge2023-integration-final-main/install/tier4_simulation_msgs/share/tier4_simulation_msgs/cmake/ament_cmake_export_include_directories-extras.cmake
[6.960s] -- Up-to-date symlink: /home/autoware/aichallenge2023-integration-final-main/install/tier4_simulation_msgs/share/tier4_simulation_msgs/cmake/ament_cmake_export_libraries-extras.cmake
[6.960s] -- Up-to-date symlink: /home/autoware/aichallenge2023-integration-final-main/install/tier4_simulation_msgs/share/tier4_simulation_msgs/cmake/ament_cmake_export_targets-extras.cmake
[6.961s] -- Up-to-date symlink: /home/autoware/aichallenge2023-integration-final-main/install/tier4_simulation_msgs/share/tier4_simulation_msgs/cmake/rosidl_cmake_export_typesupport_targets-extras.cmake
[6.961s] -- Up-to-date symlink: /home/autoware/aichallenge2023-integration-final-main/install/tier4_simulation_msgs/share/tier4_simulation_msgs/cmake/rosidl_cmake_export_typesupport_libraries-extras.cmake
[6.962s] -- Up-to-date symlink: /home/autoware/aichallenge2023-integration-final-main/install/tier4_simulation_msgs/share/tier4_simulation_msgs/cmake/tier4_simulation_msgsConfig.cmake
[6.962s] -- Up-to-date symlink: /home/autoware/aichallenge2023-integration-final-main/install/tier4_simulation_msgs/share/tier4_simulation_msgs/cmake/tier4_simulation_msgsConfig-version.cmake
[6.962s] -- Up-to-date symlink: /home/autoware/aichallenge2023-integration-final-main/install/tier4_simulation_msgs/share/tier4_simulation_msgs/package.xml
[6.963s] -- Up-to-date: /home/autoware/aichallenge2023-integration-final-main/install/tier4_simulation_msgs/lib/libtier4_simulation_msgs__rosidl_generator_c.so
[6.964s] -- Up-to-date: /home/autoware/aichallenge2023-integration-final-main/install/tier4_simulation_msgs/lib/libtier4_simulation_msgs__rosidl_typesupport_fastrtps_c.so
[6.964s] -- Up-to-date: /home/autoware/aichallenge2023-integration-final-main/install/tier4_simulation_msgs/lib/libtier4_simulation_msgs__rosidl_typesupport_fastrtps_cpp.so
[6.965s] -- Up-to-date: /home/autoware/aichallenge2023-integration-final-main/install/tier4_simulation_msgs/lib/libtier4_simulation_msgs__rosidl_typesupport_introspection_c.so
[6.966s] -- Up-to-date: /home/autoware/aichallenge2023-integration-final-main/install/tier4_simulation_msgs/lib/libtier4_simulation_msgs__rosidl_typesupport_c.so
[6.966s] -- Up-to-date: /home/autoware/aichallenge2023-integration-final-main/install/tier4_simulation_msgs/lib/libtier4_simulation_msgs__rosidl_typesupport_introspection_cpp.so
[6.978s] -- Up-to-date: /home/autoware/aichallenge2023-integration-final-main/install/tier4_simulation_msgs/lib/libtier4_simulation_msgs__rosidl_typesupport_cpp.so
[7.274s] Listing '/home/autoware/aichallenge2023-integration-final-main/install/tier4_simulation_msgs/local/lib/python3.10/dist-packages/tier4_simulation_msgs'...
[7.275s] Listing '/home/autoware/aichallenge2023-integration-final-main/install/tier4_simulation_msgs/local/lib/python3.10/dist-packages/tier4_simulation_msgs/msg'...
[7.289s] -- Up-to-date: /home/autoware/aichallenge2023-integration-final-main/install/tier4_simulation_msgs/lib/libtier4_simulation_msgs__rosidl_generator_py.so
[7.291s] -- Up-to-date: /home/autoware/aichallenge2023-integration-final-main/install/tier4_simulation_msgs/share/tier4_simulation_msgs/cmake/export_tier4_simulation_msgs__rosidl_generator_cExport.cmake
[7.292s] -- Up-to-date: /home/autoware/aichallenge2023-integration-final-main/install/tier4_simulation_msgs/share/tier4_simulation_msgs/cmake/export_tier4_simulation_msgs__rosidl_generator_cExport-release.cmake
[7.298s] -- Up-to-date: /home/autoware/aichallenge2023-integration-final-main/install/tier4_simulation_msgs/share/tier4_simulation_msgs/cmake/export_tier4_simulation_msgs__rosidl_typesupport_fastrtps_cExport.cmake
[7.299s] -- Up-to-date: /home/autoware/aichallenge2023-integration-final-main/install/tier4_simulation_msgs/share/tier4_simulation_msgs/cmake/export_tier4_simulation_msgs__rosidl_typesupport_fastrtps_cExport-release.cmake
[7.300s] -- Up-to-date: /home/autoware/aichallenge2023-integration-final-main/install/tier4_simulation_msgs/share/tier4_simulation_msgs/cmake/export_tier4_simulation_msgs__rosidl_generator_cppExport.cmake
[7.301s] -- Up-to-date: /home/autoware/aichallenge2023-integration-final-main/install/tier4_simulation_msgs/share/tier4_simulation_msgs/cmake/export_tier4_simulation_msgs__rosidl_typesupport_fastrtps_cppExport.cmake
[7.302s] -- Up-to-date: /home/autoware/aichallenge2023-integration-final-main/install/tier4_simulation_msgs/share/tier4_simulation_msgs/cmake/export_tier4_simulation_msgs__rosidl_typesupport_fastrtps_cppExport-release.cmake
[7.303s] -- Up-to-date: /home/autoware/aichallenge2023-integration-final-main/install/tier4_simulation_msgs/share/tier4_simulation_msgs/cmake/tier4_simulation_msgs__rosidl_typesupport_introspection_cExport.cmake
[7.303s] -- Up-to-date: /home/autoware/aichallenge2023-integration-final-main/install/tier4_simulation_msgs/share/tier4_simulation_msgs/cmake/tier4_simulation_msgs__rosidl_typesupport_introspection_cExport-release.cmake
[7.304s] -- Up-to-date: /home/autoware/aichallenge2023-integration-final-main/install/tier4_simulation_msgs/share/tier4_simulation_msgs/cmake/tier4_simulation_msgs__rosidl_typesupport_cExport.cmake
[7.305s] -- Up-to-date: /home/autoware/aichallenge2023-integration-final-main/install/tier4_simulation_msgs/share/tier4_simulation_msgs/cmake/tier4_simulation_msgs__rosidl_typesupport_cExport-release.cmake
[7.306s] -- Up-to-date: /home/autoware/aichallenge2023-integration-final-main/install/tier4_simulation_msgs/share/tier4_simulation_msgs/cmake/tier4_simulation_msgs__rosidl_typesupport_introspection_cppExport.cmake
[7.307s] -- Up-to-date: /home/autoware/aichallenge2023-integration-final-main/install/tier4_simulation_msgs/share/tier4_simulation_msgs/cmake/tier4_simulation_msgs__rosidl_typesupport_introspection_cppExport-release.cmake
[7.308s] -- Up-to-date: /home/autoware/aichallenge2023-integration-final-main/install/tier4_simulation_msgs/share/tier4_simulation_msgs/cmake/tier4_simulation_msgs__rosidl_typesupport_cppExport.cmake
[7.309s] -- Up-to-date: /home/autoware/aichallenge2023-integration-final-main/install/tier4_simulation_msgs/share/tier4_simulation_msgs/cmake/tier4_simulation_msgs__rosidl_typesupport_cppExport-release.cmake
[7.310s] -- Up-to-date: /home/autoware/aichallenge2023-integration-final-main/install/tier4_simulation_msgs/share/tier4_simulation_msgs/cmake/export_tier4_simulation_msgs__rosidl_generator_pyExport.cmake
[7.311s] -- Up-to-date: /home/autoware/aichallenge2023-integration-final-main/install/tier4_simulation_msgs/share/tier4_simulation_msgs/cmake/export_tier4_simulation_msgs__rosidl_generator_pyExport-release.cmake
[7.312s] Invoked command in '/home/autoware/aichallenge2023-integration-final-main/build/tier4_simulation_msgs' returned '0': CMAKE_PREFIX_PATH=${CMAKE_PREFIX_PATH}:/home/autoware/aichallenge2023-integration-final-main/install/simulator_compatibility_test:/home/autoware/aichallenge2023-integration-final-main/install/ad_api_visualizers:/home/autoware/autoware/install/simulator_compatibility_test:/home/autoware/autoware/install/ad_api_visualizers:/opt/ros/humble /usr/bin/cmake --install /home/autoware/aichallenge2023-integration-final-main/build/tier4_simulation_msgs
