[0.170s] Invoking command in '/home/autoware/aichallenge2023-integration-final-main/build/autoware_sensing_msgs': CMAKE_PREFIX_PATH=${CMAKE_PREFIX_PATH}:/home/autoware/autoware/install/simulator_compatibility_test:/home/autoware/autoware/install/ad_api_visualizers:/opt/ros/humble /usr/bin/cmake --build /home/autoware/aichallenge2023-integration-final-main/build/autoware_sensing_msgs -- -j16 -l16
[0.434s] [ 10%] Built target autoware_sensing_msgs__rosidl_generator_c
[0.457s] [ 12%] Built target autoware_sensing_msgs__cpp
[0.490s] [ 12%] Built target ament_cmake_python_symlink_autoware_sensing_msgs
[0.580s] [ 23%] Built target autoware_sensing_msgs__rosidl_typesupport_c
[0.585s] [ 33%] Built target autoware_sensing_msgs__rosidl_typesupport_fastrtps_c
[0.617s] [ 43%] Built target autoware_sensing_msgs__rosidl_typesupport_introspection_c
[0.625s] [ 53%] Built target autoware_sensing_msgs__rosidl_typesupport_introspection_cpp
[0.650s] [ 64%] Built target autoware_sensing_msgs__rosidl_typesupport_fastrtps_cpp
[0.653s] [ 74%] Built target autoware_sensing_msgs__rosidl_typesupport_cpp
[0.778s] [ 74%] Built target autoware_sensing_msgs
[0.886s] [ 76%] Built target autoware_sensing_msgs__py
[0.977s] running egg_info
[0.978s] writing autoware_sensing_msgs.egg-info/PKG-INFO
[0.978s] writing dependency_links to autoware_sensing_msgs.egg-info/dependency_links.txt
[0.979s] writing top-level names to autoware_sensing_msgs.egg-info/top_level.txt
[0.982s] reading manifest file 'autoware_sensing_msgs.egg-info/SOURCES.txt'
[0.982s] writing manifest file 'autoware_sensing_msgs.egg-info/SOURCES.txt'
[0.997s] [ 84%] Built target autoware_sensing_msgs__rosidl_generator_py
[1.065s] [ 84%] Built target ament_cmake_python_build_autoware_sensing_msgs_egg
[1.111s] [ 89%] Built target autoware_sensing_msgs__rosidl_typesupport_introspection_c__pyext
[1.133s] [ 94%] Built target autoware_sensing_msgs__rosidl_typesupport_fastrtps_c__pyext
[1.143s] [100%] Built target autoware_sensing_msgs__rosidl_typesupport_c__pyext
[1.181s] Invoked command in '/home/autoware/aichallenge2023-integration-final-main/build/autoware_sensing_msgs' returned '0': CMAKE_PREFIX_PATH=${CMAKE_PREFIX_PATH}:/home/autoware/autoware/install/simulator_compatibility_test:/home/autoware/autoware/install/ad_api_visualizers:/opt/ros/humble /usr/bin/cmake --build /home/autoware/aichallenge2023-integration-final-main/build/autoware_sensing_msgs -- -j16 -l16
[2.407s] Invoking command in '/home/autoware/aichallenge2023-integration-final-main/build/autoware_sensing_msgs': CMAKE_PREFIX_PATH=${CMAKE_PREFIX_PATH}:/home/autoware/autoware/install/simulator_compatibility_test:/home/autoware/autoware/install/ad_api_visualizers:/opt/ros/humble /usr/bin/cmake --install /home/autoware/aichallenge2023-integration-final-main/build/autoware_sensing_msgs
[2.486s] -- Install configuration: "Release"
[2.487s] -- Execute custom install script
[2.488s] -- Up-to-date symlink: /home/autoware/aichallenge2023-integration-final-main/install/autoware_sensing_msgs/share/ament_index/resource_index/rosidl_interfaces/autoware_sensing_msgs
[2.489s] -- Up-to-date symlink: /home/autoware/aichallenge2023-integration-final-main/install/autoware_sensing_msgs/include/autoware_sensing_msgs/autoware_sensing_msgs/msg/detail/gnss_ins_orientation__functions.h
[2.489s] -- Up-to-date symlink: /home/autoware/aichallenge2023-integration-final-main/install/autoware_sensing_msgs/include/autoware_sensing_msgs/autoware_sensing_msgs/msg/detail/gnss_ins_orientation__struct.h
[2.489s] -- Up-to-date symlink: /home/autoware/aichallenge2023-integration-final-main/install/autoware_sensing_msgs/include/autoware_sensing_msgs/autoware_sensing_msgs/msg/detail/gnss_ins_orientation__type_support.h
[2.490s] -- Up-to-date symlink: /home/autoware/aichallenge2023-integration-final-main/install/autoware_sensing_msgs/include/autoware_sensing_msgs/autoware_sensing_msgs/msg/detail/gnss_ins_orientation_stamped__functions.h
[2.490s] -- Up-to-date symlink: /home/autoware/aichallenge2023-integration-final-main/install/autoware_sensing_msgs/include/autoware_sensing_msgs/autoware_sensing_msgs/msg/detail/gnss_ins_orientation_stamped__struct.h
[2.501s] -- Up-to-date symlink: /home/autoware/aichallenge2023-integration-final-main/install/autoware_sensing_msgs/include/autoware_sensing_msgs/autoware_sensing_msgs/msg/detail/gnss_ins_orientation_stamped__type_support.h
[2.502s] -- Up-to-date symlink: /home/autoware/aichallenge2023-integration-final-main/install/autoware_sensing_msgs/include/autoware_sensing_msgs/autoware_sensing_msgs/msg/gnss_ins_orientation.h
[2.502s] -- Up-to-date symlink: /home/autoware/aichallenge2023-integration-final-main/install/autoware_sensing_msgs/include/autoware_sensing_msgs/autoware_sensing_msgs/msg/gnss_ins_orientation_stamped.h
[2.502s] -- Up-to-date symlink: /home/autoware/aichallenge2023-integration-final-main/install/autoware_sensing_msgs/include/autoware_sensing_msgs/autoware_sensing_msgs/msg/rosidl_generator_c__visibility_control.h
[2.502s] -- Up-to-date symlink: /home/autoware/aichallenge2023-integration-final-main/install/autoware_sensing_msgs/share/autoware_sensing_msgs/environment/library_path.sh
[2.502s] -- Up-to-date symlink: /home/autoware/aichallenge2023-integration-final-main/install/autoware_sensing_msgs/share/autoware_sensing_msgs/environment/library_path.dsv
[2.502s] -- Up-to-date symlink: /home/autoware/aichallenge2023-integration-final-main/install/autoware_sensing_msgs/include/autoware_sensing_msgs/autoware_sensing_msgs/msg/detail/gnss_ins_orientation__rosidl_typesupport_fastrtps_c.h
[2.503s] -- Up-to-date symlink: /home/autoware/aichallenge2023-integration-final-main/install/autoware_sensing_msgs/include/autoware_sensing_msgs/autoware_sensing_msgs/msg/detail/gnss_ins_orientation_stamped__rosidl_typesupport_fastrtps_c.h
[2.503s] -- Up-to-date symlink: /home/autoware/aichallenge2023-integration-final-main/install/autoware_sensing_msgs/include/autoware_sensing_msgs/autoware_sensing_msgs/msg/rosidl_typesupport_fastrtps_c__visibility_control.h
[2.503s] -- Up-to-date symlink: /home/autoware/aichallenge2023-integration-final-main/install/autoware_sensing_msgs/include/autoware_sensing_msgs/autoware_sensing_msgs/msg/detail/gnss_ins_orientation__builder.hpp
[2.503s] -- Up-to-date symlink: /home/autoware/aichallenge2023-integration-final-main/install/autoware_sensing_msgs/include/autoware_sensing_msgs/autoware_sensing_msgs/msg/detail/gnss_ins_orientation__struct.hpp
[2.503s] -- Up-to-date symlink: /home/autoware/aichallenge2023-integration-final-main/install/autoware_sensing_msgs/include/autoware_sensing_msgs/autoware_sensing_msgs/msg/detail/gnss_ins_orientation__traits.hpp
[2.503s] -- Up-to-date symlink: /home/autoware/aichallenge2023-integration-final-main/install/autoware_sensing_msgs/include/autoware_sensing_msgs/autoware_sensing_msgs/msg/detail/gnss_ins_orientation_stamped__builder.hpp
[2.503s] -- Up-to-date symlink: /home/autoware/aichallenge2023-integration-final-main/install/autoware_sensing_msgs/include/autoware_sensing_msgs/autoware_sensing_msgs/msg/detail/gnss_ins_orientation_stamped__struct.hpp
[2.503s] -- Up-to-date symlink: /home/autoware/aichallenge2023-integration-final-main/install/autoware_sensing_msgs/include/autoware_sensing_msgs/autoware_sensing_msgs/msg/detail/gnss_ins_orientation_stamped__traits.hpp
[2.504s] -- Up-to-date symlink: /home/autoware/aichallenge2023-integration-final-main/install/autoware_sensing_msgs/include/autoware_sensing_msgs/autoware_sensing_msgs/msg/gnss_ins_orientation.hpp
[2.504s] -- Up-to-date symlink: /home/autoware/aichallenge2023-integration-final-main/install/autoware_sensing_msgs/include/autoware_sensing_msgs/autoware_sensing_msgs/msg/gnss_ins_orientation_stamped.hpp
[2.504s] -- Up-to-date symlink: /home/autoware/aichallenge2023-integration-final-main/install/autoware_sensing_msgs/include/autoware_sensing_msgs/autoware_sensing_msgs/msg/detail/gnss_ins_orientation__rosidl_typesupport_fastrtps_cpp.hpp
[2.504s] -- Up-to-date symlink: /home/autoware/aichallenge2023-integration-final-main/install/autoware_sensing_msgs/include/autoware_sensing_msgs/autoware_sensing_msgs/msg/detail/gnss_ins_orientation_stamped__rosidl_typesupport_fastrtps_cpp.hpp
[2.504s] -- Up-to-date symlink: /home/autoware/aichallenge2023-integration-final-main/install/autoware_sensing_msgs/include/autoware_sensing_msgs/autoware_sensing_msgs/msg/rosidl_typesupport_fastrtps_cpp__visibility_control.h
[2.504s] -- Up-to-date symlink: /home/autoware/aichallenge2023-integration-final-main/install/autoware_sensing_msgs/include/autoware_sensing_msgs/autoware_sensing_msgs/msg/detail/gnss_ins_orientation__rosidl_typesupport_introspection_c.h
[2.504s] -- Up-to-date symlink: /home/autoware/aichallenge2023-integration-final-main/install/autoware_sensing_msgs/include/autoware_sensing_msgs/autoware_sensing_msgs/msg/detail/gnss_ins_orientation_stamped__rosidl_typesupport_introspection_c.h
[2.504s] -- Up-to-date symlink: /home/autoware/aichallenge2023-integration-final-main/install/autoware_sensing_msgs/include/autoware_sensing_msgs/autoware_sensing_msgs/msg/rosidl_typesupport_introspection_c__visibility_control.h
[2.505s] -- Up-to-date symlink: /home/autoware/aichallenge2023-integration-final-main/install/autoware_sensing_msgs/include/autoware_sensing_msgs/autoware_sensing_msgs/msg/detail/gnss_ins_orientation__rosidl_typesupport_introspection_cpp.hpp
[2.505s] -- Up-to-date symlink: /home/autoware/aichallenge2023-integration-final-main/install/autoware_sensing_msgs/include/autoware_sensing_msgs/autoware_sensing_msgs/msg/detail/gnss_ins_orientation_stamped__rosidl_typesupport_introspection_cpp.hpp
[2.505s] -- Up-to-date symlink: /home/autoware/aichallenge2023-integration-final-main/install/autoware_sensing_msgs/share/autoware_sensing_msgs/environment/pythonpath.sh
[2.505s] -- Up-to-date symlink: /home/autoware/aichallenge2023-integration-final-main/install/autoware_sensing_msgs/share/autoware_sensing_msgs/environment/pythonpath.dsv
[2.505s] -- Up-to-date symlink: /home/autoware/aichallenge2023-integration-final-main/install/autoware_sensing_msgs/local/lib/python3.10/dist-packages/autoware_sensing_msgs-1.0.0-py3.10.egg-info/PKG-INFO
[2.505s] -- Up-to-date symlink: /home/autoware/aichallenge2023-integration-final-main/install/autoware_sensing_msgs/local/lib/python3.10/dist-packages/autoware_sensing_msgs-1.0.0-py3.10.egg-info/SOURCES.txt
[2.505s] -- Up-to-date symlink: /home/autoware/aichallenge2023-integration-final-main/install/autoware_sensing_msgs/local/lib/python3.10/dist-packages/autoware_sensing_msgs-1.0.0-py3.10.egg-info/dependency_links.txt
[2.506s] -- Up-to-date symlink: /home/autoware/aichallenge2023-integration-final-main/install/autoware_sensing_msgs/local/lib/python3.10/dist-packages/autoware_sensing_msgs-1.0.0-py3.10.egg-info/top_level.txt
[2.506s] -- Up-to-date symlink: /home/autoware/aichallenge2023-integration-final-main/install/autoware_sensing_msgs/local/lib/python3.10/dist-packages/autoware_sensing_msgs/__init__.py
[2.506s] -- Up-to-date symlink: /home/autoware/aichallenge2023-integration-final-main/install/autoware_sensing_msgs/local/lib/python3.10/dist-packages/autoware_sensing_msgs/_autoware_sensing_msgs_s.ep.rosidl_typesupport_c.c
[2.506s] -- Up-to-date symlink: /home/autoware/aichallenge2023-integration-final-main/install/autoware_sensing_msgs/local/lib/python3.10/dist-packages/autoware_sensing_msgs/_autoware_sensing_msgs_s.ep.rosidl_typesupport_fastrtps_c.c
[2.506s] -- Up-to-date symlink: /home/autoware/aichallenge2023-integration-final-main/install/autoware_sensing_msgs/local/lib/python3.10/dist-packages/autoware_sensing_msgs/_autoware_sensing_msgs_s.ep.rosidl_typesupport_introspection_c.c
[2.506s] -- Up-to-date symlink: /home/autoware/aichallenge2023-integration-final-main/install/autoware_sensing_msgs/local/lib/python3.10/dist-packages/autoware_sensing_msgs/autoware_sensing_msgs_s__rosidl_typesupport_c.cpython-310-x86_64-linux-gnu.so
[2.507s] -- Up-to-date symlink: /home/autoware/aichallenge2023-integration-final-main/install/autoware_sensing_msgs/local/lib/python3.10/dist-packages/autoware_sensing_msgs/autoware_sensing_msgs_s__rosidl_typesupport_fastrtps_c.cpython-310-x86_64-linux-gnu.so
[2.507s] -- Up-to-date symlink: /home/autoware/aichallenge2023-integration-final-main/install/autoware_sensing_msgs/local/lib/python3.10/dist-packages/autoware_sensing_msgs/autoware_sensing_msgs_s__rosidl_typesupport_introspection_c.cpython-310-x86_64-linux-gnu.so
[2.507s] -- Up-to-date symlink: /home/autoware/aichallenge2023-integration-final-main/install/autoware_sensing_msgs/local/lib/python3.10/dist-packages/autoware_sensing_msgs/libautoware_sensing_msgs__rosidl_generator_py.so
[2.507s] -- Up-to-date symlink: /home/autoware/aichallenge2023-integration-final-main/install/autoware_sensing_msgs/local/lib/python3.10/dist-packages/autoware_sensing_msgs/msg/__init__.py
[2.507s] -- Up-to-date symlink: /home/autoware/aichallenge2023-integration-final-main/install/autoware_sensing_msgs/local/lib/python3.10/dist-packages/autoware_sensing_msgs/msg/_gnss_ins_orientation.py
[2.507s] -- Up-to-date symlink: /home/autoware/aichallenge2023-integration-final-main/install/autoware_sensing_msgs/local/lib/python3.10/dist-packages/autoware_sensing_msgs/msg/_gnss_ins_orientation_s.c
[2.508s] -- Up-to-date symlink: /home/autoware/aichallenge2023-integration-final-main/install/autoware_sensing_msgs/local/lib/python3.10/dist-packages/autoware_sensing_msgs/msg/_gnss_ins_orientation_stamped.py
[2.508s] -- Up-to-date symlink: /home/autoware/aichallenge2023-integration-final-main/install/autoware_sensing_msgs/local/lib/python3.10/dist-packages/autoware_sensing_msgs/msg/_gnss_ins_orientation_stamped_s.c
[2.508s] -- Up-to-date symlink: /home/autoware/aichallenge2023-integration-final-main/install/autoware_sensing_msgs/local/lib/python3.10/dist-packages/autoware_sensing_msgs/autoware_sensing_msgs_s__rosidl_typesupport_fastrtps_c.cpython-310-x86_64-linux-gnu.so
[2.509s] -- Up-to-date symlink: /home/autoware/aichallenge2023-integration-final-main/install/autoware_sensing_msgs/local/lib/python3.10/dist-packages/autoware_sensing_msgs/autoware_sensing_msgs_s__rosidl_typesupport_introspection_c.cpython-310-x86_64-linux-gnu.so
[2.509s] -- Up-to-date symlink: /home/autoware/aichallenge2023-integration-final-main/install/autoware_sensing_msgs/local/lib/python3.10/dist-packages/autoware_sensing_msgs/autoware_sensing_msgs_s__rosidl_typesupport_c.cpython-310-x86_64-linux-gnu.so
[2.509s] -- Up-to-date symlink: /home/autoware/aichallenge2023-integration-final-main/install/autoware_sensing_msgs/share/autoware_sensing_msgs/msg/GnssInsOrientation.idl
[2.517s] -- Up-to-date symlink: /home/autoware/aichallenge2023-integration-final-main/install/autoware_sensing_msgs/share/autoware_sensing_msgs/msg/GnssInsOrientationStamped.idl
[2.517s] -- Up-to-date symlink: /home/autoware/aichallenge2023-integration-final-main/install/autoware_sensing_msgs/share/autoware_sensing_msgs/msg/GnssInsOrientation.msg
[2.517s] -- Up-to-date symlink: /home/autoware/aichallenge2023-integration-final-main/install/autoware_sensing_msgs/share/autoware_sensing_msgs/msg/GnssInsOrientationStamped.msg
[2.517s] -- Up-to-date symlink: /home/autoware/aichallenge2023-integration-final-main/install/autoware_sensing_msgs/share/ament_index/resource_index/package_run_dependencies/autoware_sensing_msgs
[2.517s] -- Up-to-date symlink: /home/autoware/aichallenge2023-integration-final-main/install/autoware_sensing_msgs/share/ament_index/resource_index/parent_prefix_path/autoware_sensing_msgs
[2.517s] -- Up-to-date symlink: /home/autoware/aichallenge2023-integration-final-main/install/autoware_sensing_msgs/share/autoware_sensing_msgs/environment/ament_prefix_path.sh
[2.518s] -- Up-to-date symlink: /home/autoware/aichallenge2023-integration-final-main/install/autoware_sensing_msgs/share/autoware_sensing_msgs/environment/ament_prefix_path.dsv
[2.519s] -- Up-to-date symlink: /home/autoware/aichallenge2023-integration-final-main/install/autoware_sensing_msgs/share/autoware_sensing_msgs/environment/path.sh
[2.519s] -- Up-to-date symlink: /home/autoware/aichallenge2023-integration-final-main/install/autoware_sensing_msgs/share/autoware_sensing_msgs/environment/path.dsv
[2.520s] -- Up-to-date symlink: /home/autoware/aichallenge2023-integration-final-main/install/autoware_sensing_msgs/share/autoware_sensing_msgs/local_setup.bash
[2.520s] -- Up-to-date symlink: /home/autoware/aichallenge2023-integration-final-main/install/autoware_sensing_msgs/share/autoware_sensing_msgs/local_setup.sh
[2.521s] -- Up-to-date symlink: /home/autoware/aichallenge2023-integration-final-main/install/autoware_sensing_msgs/share/autoware_sensing_msgs/local_setup.zsh
[2.521s] -- Up-to-date symlink: /home/autoware/aichallenge2023-integration-final-main/install/autoware_sensing_msgs/share/autoware_sensing_msgs/local_setup.dsv
[2.522s] -- Symlinking: /home/autoware/aichallenge2023-integration-final-main/install/autoware_sensing_msgs/share/autoware_sensing_msgs/package.dsv
[2.584s] -- Up-to-date symlink: /home/autoware/aichallenge2023-integration-final-main/install/autoware_sensing_msgs/share/ament_index/resource_index/packages/autoware_sensing_msgs
[2.584s] -- Up-to-date symlink: /home/autoware/aichallenge2023-integration-final-main/install/autoware_sensing_msgs/share/autoware_sensing_msgs/cmake/rosidl_cmake-extras.cmake
[2.585s] -- Up-to-date symlink: /home/autoware/aichallenge2023-integration-final-main/install/autoware_sensing_msgs/share/autoware_sensing_msgs/cmake/ament_cmake_export_dependencies-extras.cmake
[2.585s] -- Up-to-date symlink: /home/autoware/aichallenge2023-integration-final-main/install/autoware_sensing_msgs/share/autoware_sensing_msgs/cmake/ament_cmake_export_include_directories-extras.cmake
[2.585s] -- Up-to-date symlink: /home/autoware/aichallenge2023-integration-final-main/install/autoware_sensing_msgs/share/autoware_sensing_msgs/cmake/ament_cmake_export_libraries-extras.cmake
[2.585s] -- Up-to-date symlink: /home/autoware/aichallenge2023-integration-final-main/install/autoware_sensing_msgs/share/autoware_sensing_msgs/cmake/ament_cmake_export_targets-extras.cmake
[2.585s] -- Up-to-date symlink: /home/autoware/aichallenge2023-integration-final-main/install/autoware_sensing_msgs/share/autoware_sensing_msgs/cmake/rosidl_cmake_export_typesupport_targets-extras.cmake
[2.589s] -- Up-to-date symlink: /home/autoware/aichallenge2023-integration-final-main/install/autoware_sensing_msgs/share/autoware_sensing_msgs/cmake/rosidl_cmake_export_typesupport_libraries-extras.cmake
[2.590s] -- Up-to-date symlink: /home/autoware/aichallenge2023-integration-final-main/install/autoware_sensing_msgs/share/autoware_sensing_msgs/cmake/autoware_sensing_msgsConfig.cmake
[2.590s] -- Up-to-date symlink: /home/autoware/aichallenge2023-integration-final-main/install/autoware_sensing_msgs/share/autoware_sensing_msgs/cmake/autoware_sensing_msgsConfig-version.cmake
[2.590s] -- Up-to-date symlink: /home/autoware/aichallenge2023-integration-final-main/install/autoware_sensing_msgs/share/autoware_sensing_msgs/package.xml
[2.590s] -- Up-to-date: /home/autoware/aichallenge2023-integration-final-main/install/autoware_sensing_msgs/lib/libautoware_sensing_msgs__rosidl_generator_c.so
[2.590s] -- Up-to-date: /home/autoware/aichallenge2023-integration-final-main/install/autoware_sensing_msgs/lib/libautoware_sensing_msgs__rosidl_typesupport_fastrtps_c.so
[2.590s] -- Up-to-date: /home/autoware/aichallenge2023-integration-final-main/install/autoware_sensing_msgs/lib/libautoware_sensing_msgs__rosidl_typesupport_fastrtps_cpp.so
[2.590s] -- Up-to-date: /home/autoware/aichallenge2023-integration-final-main/install/autoware_sensing_msgs/lib/libautoware_sensing_msgs__rosidl_typesupport_introspection_c.so
[2.590s] -- Up-to-date: /home/autoware/aichallenge2023-integration-final-main/install/autoware_sensing_msgs/lib/libautoware_sensing_msgs__rosidl_typesupport_c.so
[2.591s] -- Up-to-date: /home/autoware/aichallenge2023-integration-final-main/install/autoware_sensing_msgs/lib/libautoware_sensing_msgs__rosidl_typesupport_introspection_cpp.so
[2.591s] -- Up-to-date: /home/autoware/aichallenge2023-integration-final-main/install/autoware_sensing_msgs/lib/libautoware_sensing_msgs__rosidl_typesupport_cpp.so
[2.744s] Listing '/home/autoware/aichallenge2023-integration-final-main/install/autoware_sensing_msgs/local/lib/python3.10/dist-packages/autoware_sensing_msgs'...
[2.754s] Listing '/home/autoware/aichallenge2023-integration-final-main/install/autoware_sensing_msgs/local/lib/python3.10/dist-packages/autoware_sensing_msgs/msg'...
[2.759s] -- Up-to-date: /home/autoware/aichallenge2023-integration-final-main/install/autoware_sensing_msgs/lib/libautoware_sensing_msgs__rosidl_generator_py.so
[2.759s] -- Up-to-date: /home/autoware/aichallenge2023-integration-final-main/install/autoware_sensing_msgs/share/autoware_sensing_msgs/cmake/export_autoware_sensing_msgs__rosidl_generator_cExport.cmake
[2.759s] -- Up-to-date: /home/autoware/aichallenge2023-integration-final-main/install/autoware_sensing_msgs/share/autoware_sensing_msgs/cmake/export_autoware_sensing_msgs__rosidl_generator_cExport-release.cmake
[2.759s] -- Up-to-date: /home/autoware/aichallenge2023-integration-final-main/install/autoware_sensing_msgs/share/autoware_sensing_msgs/cmake/export_autoware_sensing_msgs__rosidl_typesupport_fastrtps_cExport.cmake
[2.760s] -- Up-to-date: /home/autoware/aichallenge2023-integration-final-main/install/autoware_sensing_msgs/share/autoware_sensing_msgs/cmake/export_autoware_sensing_msgs__rosidl_typesupport_fastrtps_cExport-release.cmake
[2.760s] -- Up-to-date: /home/autoware/aichallenge2023-integration-final-main/install/autoware_sensing_msgs/share/autoware_sensing_msgs/cmake/export_autoware_sensing_msgs__rosidl_generator_cppExport.cmake
[2.760s] -- Up-to-date: /home/autoware/aichallenge2023-integration-final-main/install/autoware_sensing_msgs/share/autoware_sensing_msgs/cmake/export_autoware_sensing_msgs__rosidl_typesupport_fastrtps_cppExport.cmake
[2.760s] -- Up-to-date: /home/autoware/aichallenge2023-integration-final-main/install/autoware_sensing_msgs/share/autoware_sensing_msgs/cmake/export_autoware_sensing_msgs__rosidl_typesupport_fastrtps_cppExport-release.cmake
[2.760s] -- Up-to-date: /home/autoware/aichallenge2023-integration-final-main/install/autoware_sensing_msgs/share/autoware_sensing_msgs/cmake/autoware_sensing_msgs__rosidl_typesupport_introspection_cExport.cmake
[2.760s] -- Up-to-date: /home/autoware/aichallenge2023-integration-final-main/install/autoware_sensing_msgs/share/autoware_sensing_msgs/cmake/autoware_sensing_msgs__rosidl_typesupport_introspection_cExport-release.cmake
[2.760s] -- Up-to-date: /home/autoware/aichallenge2023-integration-final-main/install/autoware_sensing_msgs/share/autoware_sensing_msgs/cmake/autoware_sensing_msgs__rosidl_typesupport_cExport.cmake
[2.761s] -- Up-to-date: /home/autoware/aichallenge2023-integration-final-main/install/autoware_sensing_msgs/share/autoware_sensing_msgs/cmake/autoware_sensing_msgs__rosidl_typesupport_cExport-release.cmake
[2.761s] -- Up-to-date: /home/autoware/aichallenge2023-integration-final-main/install/autoware_sensing_msgs/share/autoware_sensing_msgs/cmake/autoware_sensing_msgs__rosidl_typesupport_introspection_cppExport.cmake
[2.761s] -- Up-to-date: /home/autoware/aichallenge2023-integration-final-main/install/autoware_sensing_msgs/share/autoware_sensing_msgs/cmake/autoware_sensing_msgs__rosidl_typesupport_introspection_cppExport-release.cmake
[2.761s] -- Up-to-date: /home/autoware/aichallenge2023-integration-final-main/install/autoware_sensing_msgs/share/autoware_sensing_msgs/cmake/autoware_sensing_msgs__rosidl_typesupport_cppExport.cmake
[2.761s] -- Up-to-date: /home/autoware/aichallenge2023-integration-final-main/install/autoware_sensing_msgs/share/autoware_sensing_msgs/cmake/autoware_sensing_msgs__rosidl_typesupport_cppExport-release.cmake
[2.762s] -- Up-to-date: /home/autoware/aichallenge2023-integration-final-main/install/autoware_sensing_msgs/share/autoware_sensing_msgs/cmake/export_autoware_sensing_msgs__rosidl_generator_pyExport.cmake
[2.762s] -- Up-to-date: /home/autoware/aichallenge2023-integration-final-main/install/autoware_sensing_msgs/share/autoware_sensing_msgs/cmake/export_autoware_sensing_msgs__rosidl_generator_pyExport-release.cmake
[2.898s] Invoked command in '/home/autoware/aichallenge2023-integration-final-main/build/autoware_sensing_msgs' returned '0': CMAKE_PREFIX_PATH=${CMAKE_PREFIX_PATH}:/home/autoware/autoware/install/simulator_compatibility_test:/home/autoware/autoware/install/ad_api_visualizers:/opt/ros/humble /usr/bin/cmake --install /home/autoware/aichallenge2023-integration-final-main/build/autoware_sensing_msgs
