[0.265s] Invoking command in '/home/autoware/aichallenge2023-integration-final-main/build/tier4_debug_msgs': CMAKE_PREFIX_PATH=${CMAKE_PREFIX_PATH}:/home/autoware/aichallenge2023-integration-final-main/install/simulator_compatibility_test:/home/autoware/aichallenge2023-integration-final-main/install/ad_api_visualizers:/home/autoware/autoware/install/simulator_compatibility_test:/home/autoware/autoware/install/ad_api_visualizers:/opt/ros/humble /usr/bin/cmake --build /home/autoware/aichallenge2023-integration-final-main/build/tier4_debug_msgs -- -j16 -l16
[0.780s] [  0%] Built target tier4_debug_msgs__cpp
[0.907s] [ 12%] Built target tier4_debug_msgs__rosidl_generator_c
[1.128s] [ 12%] Built target ament_cmake_python_symlink_tier4_debug_msgs
[1.488s] [ 24%] Built target tier4_debug_msgs__rosidl_typesupport_cpp
[1.667s] [ 36%] Built target tier4_debug_msgs__rosidl_typesupport_introspection_cpp
[1.829s] [ 47%] Built target tier4_debug_msgs__rosidl_typesupport_fastrtps_cpp
[1.901s] [ 59%] Built target tier4_debug_msgs__rosidl_typesupport_c
[1.933s] [ 71%] Built target tier4_debug_msgs__rosidl_typesupport_introspection_c
[2.100s] [ 83%] Built target tier4_debug_msgs__rosidl_typesupport_fastrtps_c
[2.480s] [ 83%] Built target tier4_debug_msgs
[2.776s] running egg_info
[2.777s] writing tier4_debug_msgs.egg-info/PKG-INFO
[2.778s] writing dependency_links to tier4_debug_msgs.egg-info/dependency_links.txt
[2.778s] writing top-level names to tier4_debug_msgs.egg-info/top_level.txt
[2.781s] reading manifest file 'tier4_debug_msgs.egg-info/SOURCES.txt'
[2.782s] writing manifest file 'tier4_debug_msgs.egg-info/SOURCES.txt'
[2.801s] [ 84%] Built target tier4_debug_msgs__py
[2.914s] [ 84%] Built target ament_cmake_python_build_tier4_debug_msgs_egg
[3.021s] [ 95%] Built target tier4_debug_msgs__rosidl_generator_py
[3.416s] [ 97%] Built target tier4_debug_msgs__rosidl_typesupport_introspection_c__pyext
[3.416s] [ 98%] Built target tier4_debug_msgs__rosidl_typesupport_c__pyext
[3.420s] [100%] Built target tier4_debug_msgs__rosidl_typesupport_fastrtps_c__pyext
[3.537s] Invoked command in '/home/autoware/aichallenge2023-integration-final-main/build/tier4_debug_msgs' returned '0': CMAKE_PREFIX_PATH=${CMAKE_PREFIX_PATH}:/home/autoware/aichallenge2023-integration-final-main/install/simulator_compatibility_test:/home/autoware/aichallenge2023-integration-final-main/install/ad_api_visualizers:/home/autoware/autoware/install/simulator_compatibility_test:/home/autoware/autoware/install/ad_api_visualizers:/opt/ros/humble /usr/bin/cmake --build /home/autoware/aichallenge2023-integration-final-main/build/tier4_debug_msgs -- -j16 -l16
[13.932s] Invoking command in '/home/autoware/aichallenge2023-integration-final-main/build/tier4_debug_msgs': CMAKE_PREFIX_PATH=${CMAKE_PREFIX_PATH}:/home/autoware/aichallenge2023-integration-final-main/install/simulator_compatibility_test:/home/autoware/aichallenge2023-integration-final-main/install/ad_api_visualizers:/home/autoware/autoware/install/simulator_compatibility_test:/home/autoware/autoware/install/ad_api_visualizers:/opt/ros/humble /usr/bin/cmake --install /home/autoware/aichallenge2023-integration-final-main/build/tier4_debug_msgs
[14.069s] -- Install configuration: "Release"
[14.070s] -- Execute custom install script
[14.071s] -- Up-to-date symlink: /home/autoware/aichallenge2023-integration-final-main/install/tier4_debug_msgs/share/ament_index/resource_index/rosidl_interfaces/tier4_debug_msgs
[14.072s] -- Up-to-date symlink: /home/autoware/aichallenge2023-integration-final-main/install/tier4_debug_msgs/include/tier4_debug_msgs/tier4_debug_msgs/msg/bool_stamped.h
[14.073s] -- Up-to-date symlink: /home/autoware/aichallenge2023-integration-final-main/install/tier4_debug_msgs/include/tier4_debug_msgs/tier4_debug_msgs/msg/detail/bool_stamped__functions.h
[14.073s] -- Up-to-date symlink: /home/autoware/aichallenge2023-integration-final-main/install/tier4_debug_msgs/include/tier4_debug_msgs/tier4_debug_msgs/msg/detail/bool_stamped__struct.h
[14.074s] -- Up-to-date symlink: /home/autoware/aichallenge2023-integration-final-main/install/tier4_debug_msgs/include/tier4_debug_msgs/tier4_debug_msgs/msg/detail/bool_stamped__type_support.h
[14.074s] -- Up-to-date symlink: /home/autoware/aichallenge2023-integration-final-main/install/tier4_debug_msgs/include/tier4_debug_msgs/tier4_debug_msgs/msg/detail/float32_multi_array_stamped__functions.h
[14.074s] -- Up-to-date symlink: /home/autoware/aichallenge2023-integration-final-main/install/tier4_debug_msgs/include/tier4_debug_msgs/tier4_debug_msgs/msg/detail/float32_multi_array_stamped__struct.h
[14.075s] -- Up-to-date symlink: /home/autoware/aichallenge2023-integration-final-main/install/tier4_debug_msgs/include/tier4_debug_msgs/tier4_debug_msgs/msg/detail/float32_multi_array_stamped__type_support.h
[14.075s] -- Up-to-date symlink: /home/autoware/aichallenge2023-integration-final-main/install/tier4_debug_msgs/include/tier4_debug_msgs/tier4_debug_msgs/msg/detail/float32_stamped__functions.h
[14.076s] -- Up-to-date symlink: /home/autoware/aichallenge2023-integration-final-main/install/tier4_debug_msgs/include/tier4_debug_msgs/tier4_debug_msgs/msg/detail/float32_stamped__struct.h
[14.076s] -- Up-to-date symlink: /home/autoware/aichallenge2023-integration-final-main/install/tier4_debug_msgs/include/tier4_debug_msgs/tier4_debug_msgs/msg/detail/float32_stamped__type_support.h
[14.076s] -- Up-to-date symlink: /home/autoware/aichallenge2023-integration-final-main/install/tier4_debug_msgs/include/tier4_debug_msgs/tier4_debug_msgs/msg/detail/float64_multi_array_stamped__functions.h
[14.077s] -- Up-to-date symlink: /home/autoware/aichallenge2023-integration-final-main/install/tier4_debug_msgs/include/tier4_debug_msgs/tier4_debug_msgs/msg/detail/float64_multi_array_stamped__struct.h
[14.077s] -- Up-to-date symlink: /home/autoware/aichallenge2023-integration-final-main/install/tier4_debug_msgs/include/tier4_debug_msgs/tier4_debug_msgs/msg/detail/float64_multi_array_stamped__type_support.h
[14.078s] -- Up-to-date symlink: /home/autoware/aichallenge2023-integration-final-main/install/tier4_debug_msgs/include/tier4_debug_msgs/tier4_debug_msgs/msg/detail/float64_stamped__functions.h
[14.078s] -- Up-to-date symlink: /home/autoware/aichallenge2023-integration-final-main/install/tier4_debug_msgs/include/tier4_debug_msgs/tier4_debug_msgs/msg/detail/float64_stamped__struct.h
[14.079s] -- Up-to-date symlink: /home/autoware/aichallenge2023-integration-final-main/install/tier4_debug_msgs/include/tier4_debug_msgs/tier4_debug_msgs/msg/detail/float64_stamped__type_support.h
[14.079s] -- Up-to-date symlink: /home/autoware/aichallenge2023-integration-final-main/install/tier4_debug_msgs/include/tier4_debug_msgs/tier4_debug_msgs/msg/detail/int32_multi_array_stamped__functions.h
[14.080s] -- Up-to-date symlink: /home/autoware/aichallenge2023-integration-final-main/install/tier4_debug_msgs/include/tier4_debug_msgs/tier4_debug_msgs/msg/detail/int32_multi_array_stamped__struct.h
[14.080s] -- Up-to-date symlink: /home/autoware/aichallenge2023-integration-final-main/install/tier4_debug_msgs/include/tier4_debug_msgs/tier4_debug_msgs/msg/detail/int32_multi_array_stamped__type_support.h
[14.080s] -- Up-to-date symlink: /home/autoware/aichallenge2023-integration-final-main/install/tier4_debug_msgs/include/tier4_debug_msgs/tier4_debug_msgs/msg/detail/int32_stamped__functions.h
[14.081s] -- Up-to-date symlink: /home/autoware/aichallenge2023-integration-final-main/install/tier4_debug_msgs/include/tier4_debug_msgs/tier4_debug_msgs/msg/detail/int32_stamped__struct.h
[14.081s] -- Up-to-date symlink: /home/autoware/aichallenge2023-integration-final-main/install/tier4_debug_msgs/include/tier4_debug_msgs/tier4_debug_msgs/msg/detail/int32_stamped__type_support.h
[14.082s] -- Up-to-date symlink: /home/autoware/aichallenge2023-integration-final-main/install/tier4_debug_msgs/include/tier4_debug_msgs/tier4_debug_msgs/msg/detail/int64_multi_array_stamped__functions.h
[14.082s] -- Up-to-date symlink: /home/autoware/aichallenge2023-integration-final-main/install/tier4_debug_msgs/include/tier4_debug_msgs/tier4_debug_msgs/msg/detail/int64_multi_array_stamped__struct.h
[14.082s] -- Up-to-date symlink: /home/autoware/aichallenge2023-integration-final-main/install/tier4_debug_msgs/include/tier4_debug_msgs/tier4_debug_msgs/msg/detail/int64_multi_array_stamped__type_support.h
[14.082s] -- Up-to-date symlink: /home/autoware/aichallenge2023-integration-final-main/install/tier4_debug_msgs/include/tier4_debug_msgs/tier4_debug_msgs/msg/detail/int64_stamped__functions.h
[14.083s] -- Up-to-date symlink: /home/autoware/aichallenge2023-integration-final-main/install/tier4_debug_msgs/include/tier4_debug_msgs/tier4_debug_msgs/msg/detail/int64_stamped__struct.h
[14.083s] -- Up-to-date symlink: /home/autoware/aichallenge2023-integration-final-main/install/tier4_debug_msgs/include/tier4_debug_msgs/tier4_debug_msgs/msg/detail/int64_stamped__type_support.h
[14.083s] -- Up-to-date symlink: /home/autoware/aichallenge2023-integration-final-main/install/tier4_debug_msgs/include/tier4_debug_msgs/tier4_debug_msgs/msg/detail/multi_array_dimension__functions.h
[14.083s] -- Up-to-date symlink: /home/autoware/aichallenge2023-integration-final-main/install/tier4_debug_msgs/include/tier4_debug_msgs/tier4_debug_msgs/msg/detail/multi_array_dimension__struct.h
[14.083s] -- Up-to-date symlink: /home/autoware/aichallenge2023-integration-final-main/install/tier4_debug_msgs/include/tier4_debug_msgs/tier4_debug_msgs/msg/detail/multi_array_dimension__type_support.h
[14.084s] -- Up-to-date symlink: /home/autoware/aichallenge2023-integration-final-main/install/tier4_debug_msgs/include/tier4_debug_msgs/tier4_debug_msgs/msg/detail/multi_array_layout__functions.h
[14.084s] -- Up-to-date symlink: /home/autoware/aichallenge2023-integration-final-main/install/tier4_debug_msgs/include/tier4_debug_msgs/tier4_debug_msgs/msg/detail/multi_array_layout__struct.h
[14.085s] -- Up-to-date symlink: /home/autoware/aichallenge2023-integration-final-main/install/tier4_debug_msgs/include/tier4_debug_msgs/tier4_debug_msgs/msg/detail/multi_array_layout__type_support.h
[14.085s] -- Up-to-date symlink: /home/autoware/aichallenge2023-integration-final-main/install/tier4_debug_msgs/include/tier4_debug_msgs/tier4_debug_msgs/msg/detail/string_stamped__functions.h
[14.085s] -- Up-to-date symlink: /home/autoware/aichallenge2023-integration-final-main/install/tier4_debug_msgs/include/tier4_debug_msgs/tier4_debug_msgs/msg/detail/string_stamped__struct.h
[14.086s] -- Up-to-date symlink: /home/autoware/aichallenge2023-integration-final-main/install/tier4_debug_msgs/include/tier4_debug_msgs/tier4_debug_msgs/msg/detail/string_stamped__type_support.h
[14.086s] -- Up-to-date symlink: /home/autoware/aichallenge2023-integration-final-main/install/tier4_debug_msgs/include/tier4_debug_msgs/tier4_debug_msgs/msg/float32_multi_array_stamped.h
[14.087s] -- Up-to-date symlink: /home/autoware/aichallenge2023-integration-final-main/install/tier4_debug_msgs/include/tier4_debug_msgs/tier4_debug_msgs/msg/float32_stamped.h
[14.087s] -- Up-to-date symlink: /home/autoware/aichallenge2023-integration-final-main/install/tier4_debug_msgs/include/tier4_debug_msgs/tier4_debug_msgs/msg/float64_multi_array_stamped.h
[14.088s] -- Up-to-date symlink: /home/autoware/aichallenge2023-integration-final-main/install/tier4_debug_msgs/include/tier4_debug_msgs/tier4_debug_msgs/msg/float64_stamped.h
[14.088s] -- Up-to-date symlink: /home/autoware/aichallenge2023-integration-final-main/install/tier4_debug_msgs/include/tier4_debug_msgs/tier4_debug_msgs/msg/int32_multi_array_stamped.h
[14.088s] -- Up-to-date symlink: /home/autoware/aichallenge2023-integration-final-main/install/tier4_debug_msgs/include/tier4_debug_msgs/tier4_debug_msgs/msg/int32_stamped.h
[14.089s] -- Up-to-date symlink: /home/autoware/aichallenge2023-integration-final-main/install/tier4_debug_msgs/include/tier4_debug_msgs/tier4_debug_msgs/msg/int64_multi_array_stamped.h
[14.089s] -- Up-to-date symlink: /home/autoware/aichallenge2023-integration-final-main/install/tier4_debug_msgs/include/tier4_debug_msgs/tier4_debug_msgs/msg/int64_stamped.h
[14.090s] -- Up-to-date symlink: /home/autoware/aichallenge2023-integration-final-main/install/tier4_debug_msgs/include/tier4_debug_msgs/tier4_debug_msgs/msg/multi_array_dimension.h
[14.090s] -- Up-to-date symlink: /home/autoware/aichallenge2023-integration-final-main/install/tier4_debug_msgs/include/tier4_debug_msgs/tier4_debug_msgs/msg/multi_array_layout.h
[14.090s] -- Up-to-date symlink: /home/autoware/aichallenge2023-integration-final-main/install/tier4_debug_msgs/include/tier4_debug_msgs/tier4_debug_msgs/msg/rosidl_generator_c__visibility_control.h
[14.091s] -- Up-to-date symlink: /home/autoware/aichallenge2023-integration-final-main/install/tier4_debug_msgs/include/tier4_debug_msgs/tier4_debug_msgs/msg/string_stamped.h
[14.091s] -- Up-to-date symlink: /home/autoware/aichallenge2023-integration-final-main/install/tier4_debug_msgs/share/tier4_debug_msgs/environment/library_path.sh
[14.092s] -- Up-to-date symlink: /home/autoware/aichallenge2023-integration-final-main/install/tier4_debug_msgs/share/tier4_debug_msgs/environment/library_path.dsv
[14.094s] -- Up-to-date symlink: /home/autoware/aichallenge2023-integration-final-main/install/tier4_debug_msgs/include/tier4_debug_msgs/tier4_debug_msgs/msg/detail/bool_stamped__rosidl_typesupport_fastrtps_c.h
[14.094s] -- Up-to-date symlink: /home/autoware/aichallenge2023-integration-final-main/install/tier4_debug_msgs/include/tier4_debug_msgs/tier4_debug_msgs/msg/detail/float32_multi_array_stamped__rosidl_typesupport_fastrtps_c.h
[14.095s] -- Up-to-date symlink: /home/autoware/aichallenge2023-integration-final-main/install/tier4_debug_msgs/include/tier4_debug_msgs/tier4_debug_msgs/msg/detail/float32_stamped__rosidl_typesupport_fastrtps_c.h
[14.095s] -- Up-to-date symlink: /home/autoware/aichallenge2023-integration-final-main/install/tier4_debug_msgs/include/tier4_debug_msgs/tier4_debug_msgs/msg/detail/float64_multi_array_stamped__rosidl_typesupport_fastrtps_c.h
[14.095s] -- Up-to-date symlink: /home/autoware/aichallenge2023-integration-final-main/install/tier4_debug_msgs/include/tier4_debug_msgs/tier4_debug_msgs/msg/detail/float64_stamped__rosidl_typesupport_fastrtps_c.h
[14.096s] -- Up-to-date symlink: /home/autoware/aichallenge2023-integration-final-main/install/tier4_debug_msgs/include/tier4_debug_msgs/tier4_debug_msgs/msg/detail/int32_multi_array_stamped__rosidl_typesupport_fastrtps_c.h
[14.096s] -- Up-to-date symlink: /home/autoware/aichallenge2023-integration-final-main/install/tier4_debug_msgs/include/tier4_debug_msgs/tier4_debug_msgs/msg/detail/int32_stamped__rosidl_typesupport_fastrtps_c.h
[14.097s] -- Up-to-date symlink: /home/autoware/aichallenge2023-integration-final-main/install/tier4_debug_msgs/include/tier4_debug_msgs/tier4_debug_msgs/msg/detail/int64_multi_array_stamped__rosidl_typesupport_fastrtps_c.h
[14.097s] -- Up-to-date symlink: /home/autoware/aichallenge2023-integration-final-main/install/tier4_debug_msgs/include/tier4_debug_msgs/tier4_debug_msgs/msg/detail/int64_stamped__rosidl_typesupport_fastrtps_c.h
[14.098s] -- Up-to-date symlink: /home/autoware/aichallenge2023-integration-final-main/install/tier4_debug_msgs/include/tier4_debug_msgs/tier4_debug_msgs/msg/detail/multi_array_dimension__rosidl_typesupport_fastrtps_c.h
[14.098s] -- Up-to-date symlink: /home/autoware/aichallenge2023-integration-final-main/install/tier4_debug_msgs/include/tier4_debug_msgs/tier4_debug_msgs/msg/detail/multi_array_layout__rosidl_typesupport_fastrtps_c.h
[14.098s] -- Up-to-date symlink: /home/autoware/aichallenge2023-integration-final-main/install/tier4_debug_msgs/include/tier4_debug_msgs/tier4_debug_msgs/msg/detail/string_stamped__rosidl_typesupport_fastrtps_c.h
[14.099s] -- Up-to-date symlink: /home/autoware/aichallenge2023-integration-final-main/install/tier4_debug_msgs/include/tier4_debug_msgs/tier4_debug_msgs/msg/rosidl_typesupport_fastrtps_c__visibility_control.h
[14.100s] -- Up-to-date symlink: /home/autoware/aichallenge2023-integration-final-main/install/tier4_debug_msgs/include/tier4_debug_msgs/tier4_debug_msgs/msg/detail/bool_stamped__rosidl_typesupport_introspection_c.h
[14.100s] -- Up-to-date symlink: /home/autoware/aichallenge2023-integration-final-main/install/tier4_debug_msgs/include/tier4_debug_msgs/tier4_debug_msgs/msg/detail/float32_multi_array_stamped__rosidl_typesupport_introspection_c.h
[14.101s] -- Up-to-date symlink: /home/autoware/aichallenge2023-integration-final-main/install/tier4_debug_msgs/include/tier4_debug_msgs/tier4_debug_msgs/msg/detail/float32_stamped__rosidl_typesupport_introspection_c.h
[14.101s] -- Up-to-date symlink: /home/autoware/aichallenge2023-integration-final-main/install/tier4_debug_msgs/include/tier4_debug_msgs/tier4_debug_msgs/msg/detail/float64_multi_array_stamped__rosidl_typesupport_introspection_c.h
[14.102s] -- Up-to-date symlink: /home/autoware/aichallenge2023-integration-final-main/install/tier4_debug_msgs/include/tier4_debug_msgs/tier4_debug_msgs/msg/detail/float64_stamped__rosidl_typesupport_introspection_c.h
[14.102s] -- Up-to-date symlink: /home/autoware/aichallenge2023-integration-final-main/install/tier4_debug_msgs/include/tier4_debug_msgs/tier4_debug_msgs/msg/detail/int32_multi_array_stamped__rosidl_typesupport_introspection_c.h
[14.103s] -- Up-to-date symlink: /home/autoware/aichallenge2023-integration-final-main/install/tier4_debug_msgs/include/tier4_debug_msgs/tier4_debug_msgs/msg/detail/int32_stamped__rosidl_typesupport_introspection_c.h
[14.103s] -- Up-to-date symlink: /home/autoware/aichallenge2023-integration-final-main/install/tier4_debug_msgs/include/tier4_debug_msgs/tier4_debug_msgs/msg/detail/int64_multi_array_stamped__rosidl_typesupport_introspection_c.h
[14.103s] -- Up-to-date symlink: /home/autoware/aichallenge2023-integration-final-main/install/tier4_debug_msgs/include/tier4_debug_msgs/tier4_debug_msgs/msg/detail/int64_stamped__rosidl_typesupport_introspection_c.h
[14.104s] -- Up-to-date symlink: /home/autoware/aichallenge2023-integration-final-main/install/tier4_debug_msgs/include/tier4_debug_msgs/tier4_debug_msgs/msg/detail/multi_array_dimension__rosidl_typesupport_introspection_c.h
[14.104s] -- Up-to-date symlink: /home/autoware/aichallenge2023-integration-final-main/install/tier4_debug_msgs/include/tier4_debug_msgs/tier4_debug_msgs/msg/detail/multi_array_layout__rosidl_typesupport_introspection_c.h
[14.105s] -- Up-to-date symlink: /home/autoware/aichallenge2023-integration-final-main/install/tier4_debug_msgs/include/tier4_debug_msgs/tier4_debug_msgs/msg/detail/string_stamped__rosidl_typesupport_introspection_c.h
[14.105s] -- Up-to-date symlink: /home/autoware/aichallenge2023-integration-final-main/install/tier4_debug_msgs/include/tier4_debug_msgs/tier4_debug_msgs/msg/rosidl_typesupport_introspection_c__visibility_control.h
[14.107s] -- Up-to-date symlink: /home/autoware/aichallenge2023-integration-final-main/install/tier4_debug_msgs/include/tier4_debug_msgs/tier4_debug_msgs/msg/bool_stamped.hpp
[14.110s] -- Up-to-date symlink: /home/autoware/aichallenge2023-integration-final-main/install/tier4_debug_msgs/include/tier4_debug_msgs/tier4_debug_msgs/msg/detail/bool_stamped__builder.hpp
[14.110s] -- Up-to-date symlink: /home/autoware/aichallenge2023-integration-final-main/install/tier4_debug_msgs/include/tier4_debug_msgs/tier4_debug_msgs/msg/detail/bool_stamped__struct.hpp
[14.110s] -- Up-to-date symlink: /home/autoware/aichallenge2023-integration-final-main/install/tier4_debug_msgs/include/tier4_debug_msgs/tier4_debug_msgs/msg/detail/bool_stamped__traits.hpp
[14.111s] -- Up-to-date symlink: /home/autoware/aichallenge2023-integration-final-main/install/tier4_debug_msgs/include/tier4_debug_msgs/tier4_debug_msgs/msg/detail/float32_multi_array_stamped__builder.hpp
[14.111s] -- Up-to-date symlink: /home/autoware/aichallenge2023-integration-final-main/install/tier4_debug_msgs/include/tier4_debug_msgs/tier4_debug_msgs/msg/detail/float32_multi_array_stamped__struct.hpp
[14.111s] -- Up-to-date symlink: /home/autoware/aichallenge2023-integration-final-main/install/tier4_debug_msgs/include/tier4_debug_msgs/tier4_debug_msgs/msg/detail/float32_multi_array_stamped__traits.hpp
[14.111s] -- Up-to-date symlink: /home/autoware/aichallenge2023-integration-final-main/install/tier4_debug_msgs/include/tier4_debug_msgs/tier4_debug_msgs/msg/detail/float32_stamped__builder.hpp
[14.111s] -- Up-to-date symlink: /home/autoware/aichallenge2023-integration-final-main/install/tier4_debug_msgs/include/tier4_debug_msgs/tier4_debug_msgs/msg/detail/float32_stamped__struct.hpp
[14.112s] -- Up-to-date symlink: /home/autoware/aichallenge2023-integration-final-main/install/tier4_debug_msgs/include/tier4_debug_msgs/tier4_debug_msgs/msg/detail/float32_stamped__traits.hpp
[14.112s] -- Up-to-date symlink: /home/autoware/aichallenge2023-integration-final-main/install/tier4_debug_msgs/include/tier4_debug_msgs/tier4_debug_msgs/msg/detail/float64_multi_array_stamped__builder.hpp
[14.112s] -- Up-to-date symlink: /home/autoware/aichallenge2023-integration-final-main/install/tier4_debug_msgs/include/tier4_debug_msgs/tier4_debug_msgs/msg/detail/float64_multi_array_stamped__struct.hpp
[14.112s] -- Up-to-date symlink: /home/autoware/aichallenge2023-integration-final-main/install/tier4_debug_msgs/include/tier4_debug_msgs/tier4_debug_msgs/msg/detail/float64_multi_array_stamped__traits.hpp
[14.113s] -- Up-to-date symlink: /home/autoware/aichallenge2023-integration-final-main/install/tier4_debug_msgs/include/tier4_debug_msgs/tier4_debug_msgs/msg/detail/float64_stamped__builder.hpp
[14.113s] -- Up-to-date symlink: /home/autoware/aichallenge2023-integration-final-main/install/tier4_debug_msgs/include/tier4_debug_msgs/tier4_debug_msgs/msg/detail/float64_stamped__struct.hpp
[14.113s] -- Up-to-date symlink: /home/autoware/aichallenge2023-integration-final-main/install/tier4_debug_msgs/include/tier4_debug_msgs/tier4_debug_msgs/msg/detail/float64_stamped__traits.hpp
[14.113s] -- Up-to-date symlink: /home/autoware/aichallenge2023-integration-final-main/install/tier4_debug_msgs/include/tier4_debug_msgs/tier4_debug_msgs/msg/detail/int32_multi_array_stamped__builder.hpp
[14.113s] -- Up-to-date symlink: /home/autoware/aichallenge2023-integration-final-main/install/tier4_debug_msgs/include/tier4_debug_msgs/tier4_debug_msgs/msg/detail/int32_multi_array_stamped__struct.hpp
[14.113s] -- Up-to-date symlink: /home/autoware/aichallenge2023-integration-final-main/install/tier4_debug_msgs/include/tier4_debug_msgs/tier4_debug_msgs/msg/detail/int32_multi_array_stamped__traits.hpp
[14.114s] -- Up-to-date symlink: /home/autoware/aichallenge2023-integration-final-main/install/tier4_debug_msgs/include/tier4_debug_msgs/tier4_debug_msgs/msg/detail/int32_stamped__builder.hpp
[14.114s] -- Up-to-date symlink: /home/autoware/aichallenge2023-integration-final-main/install/tier4_debug_msgs/include/tier4_debug_msgs/tier4_debug_msgs/msg/detail/int32_stamped__struct.hpp
[14.114s] -- Up-to-date symlink: /home/autoware/aichallenge2023-integration-final-main/install/tier4_debug_msgs/include/tier4_debug_msgs/tier4_debug_msgs/msg/detail/int32_stamped__traits.hpp
[14.114s] -- Up-to-date symlink: /home/autoware/aichallenge2023-integration-final-main/install/tier4_debug_msgs/include/tier4_debug_msgs/tier4_debug_msgs/msg/detail/int64_multi_array_stamped__builder.hpp
[14.115s] -- Up-to-date symlink: /home/autoware/aichallenge2023-integration-final-main/install/tier4_debug_msgs/include/tier4_debug_msgs/tier4_debug_msgs/msg/detail/int64_multi_array_stamped__struct.hpp
[14.115s] -- Up-to-date symlink: /home/autoware/aichallenge2023-integration-final-main/install/tier4_debug_msgs/include/tier4_debug_msgs/tier4_debug_msgs/msg/detail/int64_multi_array_stamped__traits.hpp
[14.115s] -- Up-to-date symlink: /home/autoware/aichallenge2023-integration-final-main/install/tier4_debug_msgs/include/tier4_debug_msgs/tier4_debug_msgs/msg/detail/int64_stamped__builder.hpp
[14.115s] -- Up-to-date symlink: /home/autoware/aichallenge2023-integration-final-main/install/tier4_debug_msgs/include/tier4_debug_msgs/tier4_debug_msgs/msg/detail/int64_stamped__struct.hpp
[14.115s] -- Up-to-date symlink: /home/autoware/aichallenge2023-integration-final-main/install/tier4_debug_msgs/include/tier4_debug_msgs/tier4_debug_msgs/msg/detail/int64_stamped__traits.hpp
[14.116s] -- Up-to-date symlink: /home/autoware/aichallenge2023-integration-final-main/install/tier4_debug_msgs/include/tier4_debug_msgs/tier4_debug_msgs/msg/detail/multi_array_dimension__builder.hpp
[14.116s] -- Up-to-date symlink: /home/autoware/aichallenge2023-integration-final-main/install/tier4_debug_msgs/include/tier4_debug_msgs/tier4_debug_msgs/msg/detail/multi_array_dimension__struct.hpp
[14.116s] -- Up-to-date symlink: /home/autoware/aichallenge2023-integration-final-main/install/tier4_debug_msgs/include/tier4_debug_msgs/tier4_debug_msgs/msg/detail/multi_array_dimension__traits.hpp
[14.116s] -- Up-to-date symlink: /home/autoware/aichallenge2023-integration-final-main/install/tier4_debug_msgs/include/tier4_debug_msgs/tier4_debug_msgs/msg/detail/multi_array_layout__builder.hpp
[14.116s] -- Up-to-date symlink: /home/autoware/aichallenge2023-integration-final-main/install/tier4_debug_msgs/include/tier4_debug_msgs/tier4_debug_msgs/msg/detail/multi_array_layout__struct.hpp
[14.117s] -- Up-to-date symlink: /home/autoware/aichallenge2023-integration-final-main/install/tier4_debug_msgs/include/tier4_debug_msgs/tier4_debug_msgs/msg/detail/multi_array_layout__traits.hpp
[14.117s] -- Up-to-date symlink: /home/autoware/aichallenge2023-integration-final-main/install/tier4_debug_msgs/include/tier4_debug_msgs/tier4_debug_msgs/msg/detail/string_stamped__builder.hpp
[14.117s] -- Up-to-date symlink: /home/autoware/aichallenge2023-integration-final-main/install/tier4_debug_msgs/include/tier4_debug_msgs/tier4_debug_msgs/msg/detail/string_stamped__struct.hpp
[14.117s] -- Up-to-date symlink: /home/autoware/aichallenge2023-integration-final-main/install/tier4_debug_msgs/include/tier4_debug_msgs/tier4_debug_msgs/msg/detail/string_stamped__traits.hpp
[14.117s] -- Up-to-date symlink: /home/autoware/aichallenge2023-integration-final-main/install/tier4_debug_msgs/include/tier4_debug_msgs/tier4_debug_msgs/msg/float32_multi_array_stamped.hpp
[14.118s] -- Up-to-date symlink: /home/autoware/aichallenge2023-integration-final-main/install/tier4_debug_msgs/include/tier4_debug_msgs/tier4_debug_msgs/msg/float32_stamped.hpp
[14.118s] -- Up-to-date symlink: /home/autoware/aichallenge2023-integration-final-main/install/tier4_debug_msgs/include/tier4_debug_msgs/tier4_debug_msgs/msg/float64_multi_array_stamped.hpp
[14.118s] -- Up-to-date symlink: /home/autoware/aichallenge2023-integration-final-main/install/tier4_debug_msgs/include/tier4_debug_msgs/tier4_debug_msgs/msg/float64_stamped.hpp
[14.118s] -- Up-to-date symlink: /home/autoware/aichallenge2023-integration-final-main/install/tier4_debug_msgs/include/tier4_debug_msgs/tier4_debug_msgs/msg/int32_multi_array_stamped.hpp
[14.118s] -- Up-to-date symlink: /home/autoware/aichallenge2023-integration-final-main/install/tier4_debug_msgs/include/tier4_debug_msgs/tier4_debug_msgs/msg/int32_stamped.hpp
[14.119s] -- Up-to-date symlink: /home/autoware/aichallenge2023-integration-final-main/install/tier4_debug_msgs/include/tier4_debug_msgs/tier4_debug_msgs/msg/int64_multi_array_stamped.hpp
[14.119s] -- Up-to-date symlink: /home/autoware/aichallenge2023-integration-final-main/install/tier4_debug_msgs/include/tier4_debug_msgs/tier4_debug_msgs/msg/int64_stamped.hpp
[14.119s] -- Up-to-date symlink: /home/autoware/aichallenge2023-integration-final-main/install/tier4_debug_msgs/include/tier4_debug_msgs/tier4_debug_msgs/msg/multi_array_dimension.hpp
[14.119s] -- Up-to-date symlink: /home/autoware/aichallenge2023-integration-final-main/install/tier4_debug_msgs/include/tier4_debug_msgs/tier4_debug_msgs/msg/multi_array_layout.hpp
[14.119s] -- Up-to-date symlink: /home/autoware/aichallenge2023-integration-final-main/install/tier4_debug_msgs/include/tier4_debug_msgs/tier4_debug_msgs/msg/string_stamped.hpp
[14.121s] -- Up-to-date symlink: /home/autoware/aichallenge2023-integration-final-main/install/tier4_debug_msgs/include/tier4_debug_msgs/tier4_debug_msgs/msg/detail/bool_stamped__rosidl_typesupport_fastrtps_cpp.hpp
[14.121s] -- Up-to-date symlink: /home/autoware/aichallenge2023-integration-final-main/install/tier4_debug_msgs/include/tier4_debug_msgs/tier4_debug_msgs/msg/detail/float32_multi_array_stamped__rosidl_typesupport_fastrtps_cpp.hpp
[14.122s] -- Up-to-date symlink: /home/autoware/aichallenge2023-integration-final-main/install/tier4_debug_msgs/include/tier4_debug_msgs/tier4_debug_msgs/msg/detail/float32_stamped__rosidl_typesupport_fastrtps_cpp.hpp
[14.122s] -- Up-to-date symlink: /home/autoware/aichallenge2023-integration-final-main/install/tier4_debug_msgs/include/tier4_debug_msgs/tier4_debug_msgs/msg/detail/float64_multi_array_stamped__rosidl_typesupport_fastrtps_cpp.hpp
[14.122s] -- Up-to-date symlink: /home/autoware/aichallenge2023-integration-final-main/install/tier4_debug_msgs/include/tier4_debug_msgs/tier4_debug_msgs/msg/detail/float64_stamped__rosidl_typesupport_fastrtps_cpp.hpp
[14.122s] -- Up-to-date symlink: /home/autoware/aichallenge2023-integration-final-main/install/tier4_debug_msgs/include/tier4_debug_msgs/tier4_debug_msgs/msg/detail/int32_multi_array_stamped__rosidl_typesupport_fastrtps_cpp.hpp
[14.122s] -- Up-to-date symlink: /home/autoware/aichallenge2023-integration-final-main/install/tier4_debug_msgs/include/tier4_debug_msgs/tier4_debug_msgs/msg/detail/int32_stamped__rosidl_typesupport_fastrtps_cpp.hpp
[14.122s] -- Up-to-date symlink: /home/autoware/aichallenge2023-integration-final-main/install/tier4_debug_msgs/include/tier4_debug_msgs/tier4_debug_msgs/msg/detail/int64_multi_array_stamped__rosidl_typesupport_fastrtps_cpp.hpp
[14.123s] -- Up-to-date symlink: /home/autoware/aichallenge2023-integration-final-main/install/tier4_debug_msgs/include/tier4_debug_msgs/tier4_debug_msgs/msg/detail/int64_stamped__rosidl_typesupport_fastrtps_cpp.hpp
[14.123s] -- Up-to-date symlink: /home/autoware/aichallenge2023-integration-final-main/install/tier4_debug_msgs/include/tier4_debug_msgs/tier4_debug_msgs/msg/detail/multi_array_dimension__rosidl_typesupport_fastrtps_cpp.hpp
[14.123s] -- Up-to-date symlink: /home/autoware/aichallenge2023-integration-final-main/install/tier4_debug_msgs/include/tier4_debug_msgs/tier4_debug_msgs/msg/detail/multi_array_layout__rosidl_typesupport_fastrtps_cpp.hpp
[14.123s] -- Up-to-date symlink: /home/autoware/aichallenge2023-integration-final-main/install/tier4_debug_msgs/include/tier4_debug_msgs/tier4_debug_msgs/msg/detail/string_stamped__rosidl_typesupport_fastrtps_cpp.hpp
[14.123s] -- Up-to-date symlink: /home/autoware/aichallenge2023-integration-final-main/install/tier4_debug_msgs/include/tier4_debug_msgs/tier4_debug_msgs/msg/rosidl_typesupport_fastrtps_cpp__visibility_control.h
[14.124s] -- Up-to-date symlink: /home/autoware/aichallenge2023-integration-final-main/install/tier4_debug_msgs/include/tier4_debug_msgs/tier4_debug_msgs/msg/detail/bool_stamped__rosidl_typesupport_introspection_cpp.hpp
[14.124s] -- Up-to-date symlink: /home/autoware/aichallenge2023-integration-final-main/install/tier4_debug_msgs/include/tier4_debug_msgs/tier4_debug_msgs/msg/detail/float32_multi_array_stamped__rosidl_typesupport_introspection_cpp.hpp
[14.125s] -- Up-to-date symlink: /home/autoware/aichallenge2023-integration-final-main/install/tier4_debug_msgs/include/tier4_debug_msgs/tier4_debug_msgs/msg/detail/float32_stamped__rosidl_typesupport_introspection_cpp.hpp
[14.125s] -- Up-to-date symlink: /home/autoware/aichallenge2023-integration-final-main/install/tier4_debug_msgs/include/tier4_debug_msgs/tier4_debug_msgs/msg/detail/float64_multi_array_stamped__rosidl_typesupport_introspection_cpp.hpp
[14.125s] -- Up-to-date symlink: /home/autoware/aichallenge2023-integration-final-main/install/tier4_debug_msgs/include/tier4_debug_msgs/tier4_debug_msgs/msg/detail/float64_stamped__rosidl_typesupport_introspection_cpp.hpp
[14.125s] -- Up-to-date symlink: /home/autoware/aichallenge2023-integration-final-main/install/tier4_debug_msgs/include/tier4_debug_msgs/tier4_debug_msgs/msg/detail/int32_multi_array_stamped__rosidl_typesupport_introspection_cpp.hpp
[14.125s] -- Up-to-date symlink: /home/autoware/aichallenge2023-integration-final-main/install/tier4_debug_msgs/include/tier4_debug_msgs/tier4_debug_msgs/msg/detail/int32_stamped__rosidl_typesupport_introspection_cpp.hpp
[14.126s] -- Up-to-date symlink: /home/autoware/aichallenge2023-integration-final-main/install/tier4_debug_msgs/include/tier4_debug_msgs/tier4_debug_msgs/msg/detail/int64_multi_array_stamped__rosidl_typesupport_introspection_cpp.hpp
[14.126s] -- Up-to-date symlink: /home/autoware/aichallenge2023-integration-final-main/install/tier4_debug_msgs/include/tier4_debug_msgs/tier4_debug_msgs/msg/detail/int64_stamped__rosidl_typesupport_introspection_cpp.hpp
[14.126s] -- Up-to-date symlink: /home/autoware/aichallenge2023-integration-final-main/install/tier4_debug_msgs/include/tier4_debug_msgs/tier4_debug_msgs/msg/detail/multi_array_dimension__rosidl_typesupport_introspection_cpp.hpp
[14.126s] -- Up-to-date symlink: /home/autoware/aichallenge2023-integration-final-main/install/tier4_debug_msgs/include/tier4_debug_msgs/tier4_debug_msgs/msg/detail/multi_array_layout__rosidl_typesupport_introspection_cpp.hpp
[14.126s] -- Up-to-date symlink: /home/autoware/aichallenge2023-integration-final-main/install/tier4_debug_msgs/include/tier4_debug_msgs/tier4_debug_msgs/msg/detail/string_stamped__rosidl_typesupport_introspection_cpp.hpp
[14.127s] -- Up-to-date symlink: /home/autoware/aichallenge2023-integration-final-main/install/tier4_debug_msgs/share/tier4_debug_msgs/environment/pythonpath.sh
[14.127s] -- Up-to-date symlink: /home/autoware/aichallenge2023-integration-final-main/install/tier4_debug_msgs/share/tier4_debug_msgs/environment/pythonpath.dsv
[14.128s] -- Up-to-date symlink: /home/autoware/aichallenge2023-integration-final-main/install/tier4_debug_msgs/local/lib/python3.10/dist-packages/tier4_debug_msgs-0.1.0-py3.10.egg-info/PKG-INFO
[14.128s] -- Up-to-date symlink: /home/autoware/aichallenge2023-integration-final-main/install/tier4_debug_msgs/local/lib/python3.10/dist-packages/tier4_debug_msgs-0.1.0-py3.10.egg-info/SOURCES.txt
[14.128s] -- Up-to-date symlink: /home/autoware/aichallenge2023-integration-final-main/install/tier4_debug_msgs/local/lib/python3.10/dist-packages/tier4_debug_msgs-0.1.0-py3.10.egg-info/dependency_links.txt
[14.128s] -- Up-to-date symlink: /home/autoware/aichallenge2023-integration-final-main/install/tier4_debug_msgs/local/lib/python3.10/dist-packages/tier4_debug_msgs-0.1.0-py3.10.egg-info/top_level.txt
[14.130s] -- Up-to-date symlink: /home/autoware/aichallenge2023-integration-final-main/install/tier4_debug_msgs/local/lib/python3.10/dist-packages/tier4_debug_msgs/__init__.py
[14.130s] -- Up-to-date symlink: /home/autoware/aichallenge2023-integration-final-main/install/tier4_debug_msgs/local/lib/python3.10/dist-packages/tier4_debug_msgs/_tier4_debug_msgs_s.ep.rosidl_typesupport_c.c
[14.130s] -- Up-to-date symlink: /home/autoware/aichallenge2023-integration-final-main/install/tier4_debug_msgs/local/lib/python3.10/dist-packages/tier4_debug_msgs/_tier4_debug_msgs_s.ep.rosidl_typesupport_fastrtps_c.c
[14.130s] -- Up-to-date symlink: /home/autoware/aichallenge2023-integration-final-main/install/tier4_debug_msgs/local/lib/python3.10/dist-packages/tier4_debug_msgs/_tier4_debug_msgs_s.ep.rosidl_typesupport_introspection_c.c
[14.131s] -- Up-to-date symlink: /home/autoware/aichallenge2023-integration-final-main/install/tier4_debug_msgs/local/lib/python3.10/dist-packages/tier4_debug_msgs/libtier4_debug_msgs__rosidl_generator_py.so
[14.131s] -- Up-to-date symlink: /home/autoware/aichallenge2023-integration-final-main/install/tier4_debug_msgs/local/lib/python3.10/dist-packages/tier4_debug_msgs/msg/__init__.py
[14.131s] -- Up-to-date symlink: /home/autoware/aichallenge2023-integration-final-main/install/tier4_debug_msgs/local/lib/python3.10/dist-packages/tier4_debug_msgs/msg/_bool_stamped.py
[14.131s] -- Up-to-date symlink: /home/autoware/aichallenge2023-integration-final-main/install/tier4_debug_msgs/local/lib/python3.10/dist-packages/tier4_debug_msgs/msg/_bool_stamped_s.c
[14.131s] -- Up-to-date symlink: /home/autoware/aichallenge2023-integration-final-main/install/tier4_debug_msgs/local/lib/python3.10/dist-packages/tier4_debug_msgs/msg/_float32_multi_array_stamped.py
[14.148s] -- Up-to-date symlink: /home/autoware/aichallenge2023-integration-final-main/install/tier4_debug_msgs/local/lib/python3.10/dist-packages/tier4_debug_msgs/msg/_float32_multi_array_stamped_s.c
[14.148s] -- Up-to-date symlink: /home/autoware/aichallenge2023-integration-final-main/install/tier4_debug_msgs/local/lib/python3.10/dist-packages/tier4_debug_msgs/msg/_float32_stamped.py
[14.148s] -- Up-to-date symlink: /home/autoware/aichallenge2023-integration-final-main/install/tier4_debug_msgs/local/lib/python3.10/dist-packages/tier4_debug_msgs/msg/_float32_stamped_s.c
[14.148s] -- Up-to-date symlink: /home/autoware/aichallenge2023-integration-final-main/install/tier4_debug_msgs/local/lib/python3.10/dist-packages/tier4_debug_msgs/msg/_float64_multi_array_stamped.py
[14.148s] -- Up-to-date symlink: /home/autoware/aichallenge2023-integration-final-main/install/tier4_debug_msgs/local/lib/python3.10/dist-packages/tier4_debug_msgs/msg/_float64_multi_array_stamped_s.c
[14.149s] -- Up-to-date symlink: /home/autoware/aichallenge2023-integration-final-main/install/tier4_debug_msgs/local/lib/python3.10/dist-packages/tier4_debug_msgs/msg/_float64_stamped.py
[14.149s] -- Up-to-date symlink: /home/autoware/aichallenge2023-integration-final-main/install/tier4_debug_msgs/local/lib/python3.10/dist-packages/tier4_debug_msgs/msg/_float64_stamped_s.c
[14.149s] -- Up-to-date symlink: /home/autoware/aichallenge2023-integration-final-main/install/tier4_debug_msgs/local/lib/python3.10/dist-packages/tier4_debug_msgs/msg/_int32_multi_array_stamped.py
[14.149s] -- Up-to-date symlink: /home/autoware/aichallenge2023-integration-final-main/install/tier4_debug_msgs/local/lib/python3.10/dist-packages/tier4_debug_msgs/msg/_int32_multi_array_stamped_s.c
[14.149s] -- Up-to-date symlink: /home/autoware/aichallenge2023-integration-final-main/install/tier4_debug_msgs/local/lib/python3.10/dist-packages/tier4_debug_msgs/msg/_int32_stamped.py
[14.149s] -- Up-to-date symlink: /home/autoware/aichallenge2023-integration-final-main/install/tier4_debug_msgs/local/lib/python3.10/dist-packages/tier4_debug_msgs/msg/_int32_stamped_s.c
[14.150s] -- Up-to-date symlink: /home/autoware/aichallenge2023-integration-final-main/install/tier4_debug_msgs/local/lib/python3.10/dist-packages/tier4_debug_msgs/msg/_int64_multi_array_stamped.py
[14.150s] -- Up-to-date symlink: /home/autoware/aichallenge2023-integration-final-main/install/tier4_debug_msgs/local/lib/python3.10/dist-packages/tier4_debug_msgs/msg/_int64_multi_array_stamped_s.c
[14.150s] -- Up-to-date symlink: /home/autoware/aichallenge2023-integration-final-main/install/tier4_debug_msgs/local/lib/python3.10/dist-packages/tier4_debug_msgs/msg/_int64_stamped.py
[14.150s] -- Up-to-date symlink: /home/autoware/aichallenge2023-integration-final-main/install/tier4_debug_msgs/local/lib/python3.10/dist-packages/tier4_debug_msgs/msg/_int64_stamped_s.c
[14.150s] -- Up-to-date symlink: /home/autoware/aichallenge2023-integration-final-main/install/tier4_debug_msgs/local/lib/python3.10/dist-packages/tier4_debug_msgs/msg/_multi_array_dimension.py
[14.151s] -- Up-to-date symlink: /home/autoware/aichallenge2023-integration-final-main/install/tier4_debug_msgs/local/lib/python3.10/dist-packages/tier4_debug_msgs/msg/_multi_array_dimension_s.c
[14.151s] -- Up-to-date symlink: /home/autoware/aichallenge2023-integration-final-main/install/tier4_debug_msgs/local/lib/python3.10/dist-packages/tier4_debug_msgs/msg/_multi_array_layout.py
[14.151s] -- Up-to-date symlink: /home/autoware/aichallenge2023-integration-final-main/install/tier4_debug_msgs/local/lib/python3.10/dist-packages/tier4_debug_msgs/msg/_multi_array_layout_s.c
[14.151s] -- Up-to-date symlink: /home/autoware/aichallenge2023-integration-final-main/install/tier4_debug_msgs/local/lib/python3.10/dist-packages/tier4_debug_msgs/msg/_string_stamped.py
[14.151s] -- Up-to-date symlink: /home/autoware/aichallenge2023-integration-final-main/install/tier4_debug_msgs/local/lib/python3.10/dist-packages/tier4_debug_msgs/msg/_string_stamped_s.c
[14.152s] -- Up-to-date symlink: /home/autoware/aichallenge2023-integration-final-main/install/tier4_debug_msgs/local/lib/python3.10/dist-packages/tier4_debug_msgs/tier4_debug_msgs_s__rosidl_typesupport_c.cpython-310-x86_64-linux-gnu.so
[14.152s] -- Up-to-date symlink: /home/autoware/aichallenge2023-integration-final-main/install/tier4_debug_msgs/local/lib/python3.10/dist-packages/tier4_debug_msgs/tier4_debug_msgs_s__rosidl_typesupport_fastrtps_c.cpython-310-x86_64-linux-gnu.so
[14.152s] -- Up-to-date symlink: /home/autoware/aichallenge2023-integration-final-main/install/tier4_debug_msgs/local/lib/python3.10/dist-packages/tier4_debug_msgs/tier4_debug_msgs_s__rosidl_typesupport_introspection_c.cpython-310-x86_64-linux-gnu.so
[14.152s] -- Up-to-date symlink: /home/autoware/aichallenge2023-integration-final-main/install/tier4_debug_msgs/local/lib/python3.10/dist-packages/tier4_debug_msgs/tier4_debug_msgs_s__rosidl_typesupport_fastrtps_c.cpython-310-x86_64-linux-gnu.so
[14.153s] -- Up-to-date symlink: /home/autoware/aichallenge2023-integration-final-main/install/tier4_debug_msgs/local/lib/python3.10/dist-packages/tier4_debug_msgs/tier4_debug_msgs_s__rosidl_typesupport_introspection_c.cpython-310-x86_64-linux-gnu.so
[14.153s] -- Up-to-date symlink: /home/autoware/aichallenge2023-integration-final-main/install/tier4_debug_msgs/local/lib/python3.10/dist-packages/tier4_debug_msgs/tier4_debug_msgs_s__rosidl_typesupport_c.cpython-310-x86_64-linux-gnu.so
[14.153s] -- Up-to-date symlink: /home/autoware/aichallenge2023-integration-final-main/install/tier4_debug_msgs/share/tier4_debug_msgs/msg/MultiArrayDimension.idl
[14.154s] -- Up-to-date symlink: /home/autoware/aichallenge2023-integration-final-main/install/tier4_debug_msgs/share/tier4_debug_msgs/msg/MultiArrayLayout.idl
[14.154s] -- Up-to-date symlink: /home/autoware/aichallenge2023-integration-final-main/install/tier4_debug_msgs/share/tier4_debug_msgs/msg/BoolStamped.idl
[14.154s] -- Up-to-date symlink: /home/autoware/aichallenge2023-integration-final-main/install/tier4_debug_msgs/share/tier4_debug_msgs/msg/Float32Stamped.idl
[14.155s] -- Up-to-date symlink: /home/autoware/aichallenge2023-integration-final-main/install/tier4_debug_msgs/share/tier4_debug_msgs/msg/Float32MultiArrayStamped.idl
[14.155s] -- Up-to-date symlink: /home/autoware/aichallenge2023-integration-final-main/install/tier4_debug_msgs/share/tier4_debug_msgs/msg/Float64Stamped.idl
[14.155s] -- Up-to-date symlink: /home/autoware/aichallenge2023-integration-final-main/install/tier4_debug_msgs/share/tier4_debug_msgs/msg/Float64MultiArrayStamped.idl
[14.155s] -- Up-to-date symlink: /home/autoware/aichallenge2023-integration-final-main/install/tier4_debug_msgs/share/tier4_debug_msgs/msg/Int32Stamped.idl
[14.156s] -- Up-to-date symlink: /home/autoware/aichallenge2023-integration-final-main/install/tier4_debug_msgs/share/tier4_debug_msgs/msg/Int32MultiArrayStamped.idl
[14.156s] -- Up-to-date symlink: /home/autoware/aichallenge2023-integration-final-main/install/tier4_debug_msgs/share/tier4_debug_msgs/msg/Int64Stamped.idl
[14.156s] -- Up-to-date symlink: /home/autoware/aichallenge2023-integration-final-main/install/tier4_debug_msgs/share/tier4_debug_msgs/msg/Int64MultiArrayStamped.idl
[14.156s] -- Up-to-date symlink: /home/autoware/aichallenge2023-integration-final-main/install/tier4_debug_msgs/share/tier4_debug_msgs/msg/StringStamped.idl
[14.157s] -- Up-to-date symlink: /home/autoware/aichallenge2023-integration-final-main/install/tier4_debug_msgs/share/tier4_debug_msgs/msg/MultiArrayDimension.msg
[14.157s] -- Up-to-date symlink: /home/autoware/aichallenge2023-integration-final-main/install/tier4_debug_msgs/share/tier4_debug_msgs/msg/MultiArrayLayout.msg
[14.157s] -- Up-to-date symlink: /home/autoware/aichallenge2023-integration-final-main/install/tier4_debug_msgs/share/tier4_debug_msgs/msg/BoolStamped.msg
[14.157s] -- Up-to-date symlink: /home/autoware/aichallenge2023-integration-final-main/install/tier4_debug_msgs/share/tier4_debug_msgs/msg/Float32Stamped.msg
[14.158s] -- Up-to-date symlink: /home/autoware/aichallenge2023-integration-final-main/install/tier4_debug_msgs/share/tier4_debug_msgs/msg/Float32MultiArrayStamped.msg
[14.158s] -- Up-to-date symlink: /home/autoware/aichallenge2023-integration-final-main/install/tier4_debug_msgs/share/tier4_debug_msgs/msg/Float64Stamped.msg
[14.158s] -- Up-to-date symlink: /home/autoware/aichallenge2023-integration-final-main/install/tier4_debug_msgs/share/tier4_debug_msgs/msg/Float64MultiArrayStamped.msg
[14.158s] -- Up-to-date symlink: /home/autoware/aichallenge2023-integration-final-main/install/tier4_debug_msgs/share/tier4_debug_msgs/msg/Int32Stamped.msg
[14.158s] -- Up-to-date symlink: /home/autoware/aichallenge2023-integration-final-main/install/tier4_debug_msgs/share/tier4_debug_msgs/msg/Int32MultiArrayStamped.msg
[14.159s] -- Up-to-date symlink: /home/autoware/aichallenge2023-integration-final-main/install/tier4_debug_msgs/share/tier4_debug_msgs/msg/Int64Stamped.msg
[14.159s] -- Up-to-date symlink: /home/autoware/aichallenge2023-integration-final-main/install/tier4_debug_msgs/share/tier4_debug_msgs/msg/Int64MultiArrayStamped.msg
[14.159s] -- Up-to-date symlink: /home/autoware/aichallenge2023-integration-final-main/install/tier4_debug_msgs/share/tier4_debug_msgs/msg/StringStamped.msg
[14.162s] -- Up-to-date symlink: /home/autoware/aichallenge2023-integration-final-main/install/tier4_debug_msgs/share/ament_index/resource_index/package_run_dependencies/tier4_debug_msgs
[14.162s] -- Up-to-date symlink: /home/autoware/aichallenge2023-integration-final-main/install/tier4_debug_msgs/share/ament_index/resource_index/parent_prefix_path/tier4_debug_msgs
[14.162s] -- Up-to-date symlink: /home/autoware/aichallenge2023-integration-final-main/install/tier4_debug_msgs/share/tier4_debug_msgs/environment/ament_prefix_path.sh
[14.162s] -- Up-to-date symlink: /home/autoware/aichallenge2023-integration-final-main/install/tier4_debug_msgs/share/tier4_debug_msgs/environment/ament_prefix_path.dsv
[14.162s] -- Up-to-date symlink: /home/autoware/aichallenge2023-integration-final-main/install/tier4_debug_msgs/share/tier4_debug_msgs/environment/path.sh
[14.162s] -- Up-to-date symlink: /home/autoware/aichallenge2023-integration-final-main/install/tier4_debug_msgs/share/tier4_debug_msgs/environment/path.dsv
[14.163s] -- Up-to-date symlink: /home/autoware/aichallenge2023-integration-final-main/install/tier4_debug_msgs/share/tier4_debug_msgs/local_setup.bash
[14.163s] -- Up-to-date symlink: /home/autoware/aichallenge2023-integration-final-main/install/tier4_debug_msgs/share/tier4_debug_msgs/local_setup.sh
[14.163s] -- Up-to-date symlink: /home/autoware/aichallenge2023-integration-final-main/install/tier4_debug_msgs/share/tier4_debug_msgs/local_setup.zsh
[14.163s] -- Up-to-date symlink: /home/autoware/aichallenge2023-integration-final-main/install/tier4_debug_msgs/share/tier4_debug_msgs/local_setup.dsv
[14.163s] -- Symlinking: /home/autoware/aichallenge2023-integration-final-main/install/tier4_debug_msgs/share/tier4_debug_msgs/package.dsv
[14.294s] -- Up-to-date symlink: /home/autoware/aichallenge2023-integration-final-main/install/tier4_debug_msgs/share/ament_index/resource_index/packages/tier4_debug_msgs
[14.294s] -- Up-to-date symlink: /home/autoware/aichallenge2023-integration-final-main/install/tier4_debug_msgs/share/tier4_debug_msgs/cmake/rosidl_cmake-extras.cmake
[14.294s] -- Up-to-date symlink: /home/autoware/aichallenge2023-integration-final-main/install/tier4_debug_msgs/share/tier4_debug_msgs/cmake/ament_cmake_export_dependencies-extras.cmake
[14.295s] -- Up-to-date symlink: /home/autoware/aichallenge2023-integration-final-main/install/tier4_debug_msgs/share/tier4_debug_msgs/cmake/ament_cmake_export_include_directories-extras.cmake
[14.295s] -- Up-to-date symlink: /home/autoware/aichallenge2023-integration-final-main/install/tier4_debug_msgs/share/tier4_debug_msgs/cmake/ament_cmake_export_libraries-extras.cmake
[14.295s] -- Up-to-date symlink: /home/autoware/aichallenge2023-integration-final-main/install/tier4_debug_msgs/share/tier4_debug_msgs/cmake/ament_cmake_export_targets-extras.cmake
[14.295s] -- Up-to-date symlink: /home/autoware/aichallenge2023-integration-final-main/install/tier4_debug_msgs/share/tier4_debug_msgs/cmake/rosidl_cmake_export_typesupport_targets-extras.cmake
[14.295s] -- Up-to-date symlink: /home/autoware/aichallenge2023-integration-final-main/install/tier4_debug_msgs/share/tier4_debug_msgs/cmake/rosidl_cmake_export_typesupport_libraries-extras.cmake
[14.295s] -- Up-to-date symlink: /home/autoware/aichallenge2023-integration-final-main/install/tier4_debug_msgs/share/tier4_debug_msgs/cmake/tier4_debug_msgsConfig.cmake
[14.295s] -- Up-to-date symlink: /home/autoware/aichallenge2023-integration-final-main/install/tier4_debug_msgs/share/tier4_debug_msgs/cmake/tier4_debug_msgsConfig-version.cmake
[14.295s] -- Up-to-date symlink: /home/autoware/aichallenge2023-integration-final-main/install/tier4_debug_msgs/share/tier4_debug_msgs/package.xml
[14.295s] -- Up-to-date: /home/autoware/aichallenge2023-integration-final-main/install/tier4_debug_msgs/lib/libtier4_debug_msgs__rosidl_generator_c.so
[14.296s] -- Up-to-date: /home/autoware/aichallenge2023-integration-final-main/install/tier4_debug_msgs/lib/libtier4_debug_msgs__rosidl_typesupport_fastrtps_c.so
[14.296s] -- Up-to-date: /home/autoware/aichallenge2023-integration-final-main/install/tier4_debug_msgs/lib/libtier4_debug_msgs__rosidl_typesupport_introspection_c.so
[14.296s] -- Up-to-date: /home/autoware/aichallenge2023-integration-final-main/install/tier4_debug_msgs/lib/libtier4_debug_msgs__rosidl_typesupport_c.so
[14.296s] -- Up-to-date: /home/autoware/aichallenge2023-integration-final-main/install/tier4_debug_msgs/lib/libtier4_debug_msgs__rosidl_typesupport_fastrtps_cpp.so
[14.296s] -- Up-to-date: /home/autoware/aichallenge2023-integration-final-main/install/tier4_debug_msgs/lib/libtier4_debug_msgs__rosidl_typesupport_introspection_cpp.so
[14.296s] -- Up-to-date: /home/autoware/aichallenge2023-integration-final-main/install/tier4_debug_msgs/lib/libtier4_debug_msgs__rosidl_typesupport_cpp.so
[14.499s] Listing '/home/autoware/aichallenge2023-integration-final-main/install/tier4_debug_msgs/local/lib/python3.10/dist-packages/tier4_debug_msgs'...
[14.499s] Listing '/home/autoware/aichallenge2023-integration-final-main/install/tier4_debug_msgs/local/lib/python3.10/dist-packages/tier4_debug_msgs/msg'...
[14.507s] -- Up-to-date: /home/autoware/aichallenge2023-integration-final-main/install/tier4_debug_msgs/lib/libtier4_debug_msgs__rosidl_generator_py.so
[14.507s] -- Up-to-date: /home/autoware/aichallenge2023-integration-final-main/install/tier4_debug_msgs/share/tier4_debug_msgs/cmake/export_tier4_debug_msgs__rosidl_generator_cExport.cmake
[14.508s] -- Up-to-date: /home/autoware/aichallenge2023-integration-final-main/install/tier4_debug_msgs/share/tier4_debug_msgs/cmake/export_tier4_debug_msgs__rosidl_generator_cExport-release.cmake
[14.508s] -- Up-to-date: /home/autoware/aichallenge2023-integration-final-main/install/tier4_debug_msgs/share/tier4_debug_msgs/cmake/export_tier4_debug_msgs__rosidl_typesupport_fastrtps_cExport.cmake
[14.508s] -- Up-to-date: /home/autoware/aichallenge2023-integration-final-main/install/tier4_debug_msgs/share/tier4_debug_msgs/cmake/export_tier4_debug_msgs__rosidl_typesupport_fastrtps_cExport-release.cmake
[14.508s] -- Up-to-date: /home/autoware/aichallenge2023-integration-final-main/install/tier4_debug_msgs/share/tier4_debug_msgs/cmake/tier4_debug_msgs__rosidl_typesupport_introspection_cExport.cmake
[14.508s] -- Up-to-date: /home/autoware/aichallenge2023-integration-final-main/install/tier4_debug_msgs/share/tier4_debug_msgs/cmake/tier4_debug_msgs__rosidl_typesupport_introspection_cExport-release.cmake
[14.508s] -- Up-to-date: /home/autoware/aichallenge2023-integration-final-main/install/tier4_debug_msgs/share/tier4_debug_msgs/cmake/tier4_debug_msgs__rosidl_typesupport_cExport.cmake
[14.508s] -- Up-to-date: /home/autoware/aichallenge2023-integration-final-main/install/tier4_debug_msgs/share/tier4_debug_msgs/cmake/tier4_debug_msgs__rosidl_typesupport_cExport-release.cmake
[14.508s] -- Up-to-date: /home/autoware/aichallenge2023-integration-final-main/install/tier4_debug_msgs/share/tier4_debug_msgs/cmake/export_tier4_debug_msgs__rosidl_generator_cppExport.cmake
[14.509s] -- Up-to-date: /home/autoware/aichallenge2023-integration-final-main/install/tier4_debug_msgs/share/tier4_debug_msgs/cmake/export_tier4_debug_msgs__rosidl_typesupport_fastrtps_cppExport.cmake
[14.509s] -- Up-to-date: /home/autoware/aichallenge2023-integration-final-main/install/tier4_debug_msgs/share/tier4_debug_msgs/cmake/export_tier4_debug_msgs__rosidl_typesupport_fastrtps_cppExport-release.cmake
[14.509s] -- Up-to-date: /home/autoware/aichallenge2023-integration-final-main/install/tier4_debug_msgs/share/tier4_debug_msgs/cmake/tier4_debug_msgs__rosidl_typesupport_introspection_cppExport.cmake
[14.509s] -- Up-to-date: /home/autoware/aichallenge2023-integration-final-main/install/tier4_debug_msgs/share/tier4_debug_msgs/cmake/tier4_debug_msgs__rosidl_typesupport_introspection_cppExport-release.cmake
[14.509s] -- Up-to-date: /home/autoware/aichallenge2023-integration-final-main/install/tier4_debug_msgs/share/tier4_debug_msgs/cmake/tier4_debug_msgs__rosidl_typesupport_cppExport.cmake
[14.509s] -- Up-to-date: /home/autoware/aichallenge2023-integration-final-main/install/tier4_debug_msgs/share/tier4_debug_msgs/cmake/tier4_debug_msgs__rosidl_typesupport_cppExport-release.cmake
[14.509s] -- Up-to-date: /home/autoware/aichallenge2023-integration-final-main/install/tier4_debug_msgs/share/tier4_debug_msgs/cmake/export_tier4_debug_msgs__rosidl_generator_pyExport.cmake
[14.510s] -- Up-to-date: /home/autoware/aichallenge2023-integration-final-main/install/tier4_debug_msgs/share/tier4_debug_msgs/cmake/export_tier4_debug_msgs__rosidl_generator_pyExport-release.cmake
[14.552s] Invoked command in '/home/autoware/aichallenge2023-integration-final-main/build/tier4_debug_msgs' returned '0': CMAKE_PREFIX_PATH=${CMAKE_PREFIX_PATH}:/home/autoware/aichallenge2023-integration-final-main/install/simulator_compatibility_test:/home/autoware/aichallenge2023-integration-final-main/install/ad_api_visualizers:/home/autoware/autoware/install/simulator_compatibility_test:/home/autoware/autoware/install/ad_api_visualizers:/opt/ros/humble /usr/bin/cmake --install /home/autoware/aichallenge2023-integration-final-main/build/tier4_debug_msgs
