[0.242s] Invoking command in '/home/autoware/aichallenge2023-integration-final-main/build/autoware_adapi_v1_msgs': CMAKE_PREFIX_PATH=${CMAKE_PREFIX_PATH}:/home/autoware/aichallenge2023-integration-final-main/install/simulator_compatibility_test:/home/autoware/aichallenge2023-integration-final-main/install/ad_api_visualizers:/home/autoware/autoware/install/simulator_compatibility_test:/home/autoware/autoware/install/ad_api_visualizers:/opt/ros/humble /usr/bin/cmake --build /home/autoware/aichallenge2023-integration-final-main/build/autoware_adapi_v1_msgs -- -j16 -l16
[0.766s] [  0%] Built target autoware_adapi_v1_msgs__cpp
[0.909s] [ 12%] Built target autoware_adapi_v1_msgs__rosidl_generator_c
[1.360s] [ 12%] Built target ament_cmake_python_symlink_autoware_adapi_v1_msgs
[1.745s] [ 25%] Built target autoware_adapi_v1_msgs__rosidl_typesupport_introspection_cpp
[1.761s] [ 37%] Built target autoware_adapi_v1_msgs__rosidl_typesupport_fastrtps_cpp
[1.809s] [ 49%] Built target autoware_adapi_v1_msgs__rosidl_typesupport_cpp
[1.837s] [ 61%] Built target autoware_adapi_v1_msgs__rosidl_typesupport_fastrtps_c
[1.951s] [ 73%] Built target autoware_adapi_v1_msgs__rosidl_typesupport_c
[1.985s] [ 85%] Built target autoware_adapi_v1_msgs__rosidl_typesupport_introspection_c
[2.356s] [ 85%] Built target autoware_adapi_v1_msgs
[2.746s] [ 86%] Built target autoware_adapi_v1_msgs__py
[3.013s] running egg_info
[3.014s] writing autoware_adapi_v1_msgs.egg-info/PKG-INFO
[3.015s] writing dependency_links to autoware_adapi_v1_msgs.egg-info/dependency_links.txt
[3.015s] writing top-level names to autoware_adapi_v1_msgs.egg-info/top_level.txt
[3.019s] reading manifest file 'autoware_adapi_v1_msgs.egg-info/SOURCES.txt'
[3.020s] writing manifest file 'autoware_adapi_v1_msgs.egg-info/SOURCES.txt'
[3.021s] [ 97%] Built target autoware_adapi_v1_msgs__rosidl_generator_py
[3.157s] [ 97%] Built target ament_cmake_python_build_autoware_adapi_v1_msgs_egg
[3.346s] [ 98%] Built target autoware_adapi_v1_msgs__rosidl_typesupport_c__pyext
[3.393s] [ 99%] Built target autoware_adapi_v1_msgs__rosidl_typesupport_fastrtps_c__pyext
[3.470s] [100%] Built target autoware_adapi_v1_msgs__rosidl_typesupport_introspection_c__pyext
[3.614s] Invoked command in '/home/autoware/aichallenge2023-integration-final-main/build/autoware_adapi_v1_msgs' returned '0': CMAKE_PREFIX_PATH=${CMAKE_PREFIX_PATH}:/home/autoware/aichallenge2023-integration-final-main/install/simulator_compatibility_test:/home/autoware/aichallenge2023-integration-final-main/install/ad_api_visualizers:/home/autoware/autoware/install/simulator_compatibility_test:/home/autoware/autoware/install/ad_api_visualizers:/opt/ros/humble /usr/bin/cmake --build /home/autoware/aichallenge2023-integration-final-main/build/autoware_adapi_v1_msgs -- -j16 -l16
[15.012s] Invoking command in '/home/autoware/aichallenge2023-integration-final-main/build/autoware_adapi_v1_msgs': CMAKE_PREFIX_PATH=${CMAKE_PREFIX_PATH}:/home/autoware/aichallenge2023-integration-final-main/install/simulator_compatibility_test:/home/autoware/aichallenge2023-integration-final-main/install/ad_api_visualizers:/home/autoware/autoware/install/simulator_compatibility_test:/home/autoware/autoware/install/ad_api_visualizers:/opt/ros/humble /usr/bin/cmake --install /home/autoware/aichallenge2023-integration-final-main/build/autoware_adapi_v1_msgs
[15.065s] -- Install configuration: "Release"
[15.066s] -- Execute custom install script
[15.066s] -- Up-to-date symlink: /home/autoware/aichallenge2023-integration-final-main/install/autoware_adapi_v1_msgs/share/ament_index/resource_index/rosidl_interfaces/autoware_adapi_v1_msgs
[15.067s] -- Up-to-date symlink: /home/autoware/aichallenge2023-integration-final-main/install/autoware_adapi_v1_msgs/include/autoware_adapi_v1_msgs/autoware_adapi_v1_msgs/msg/detail/localization_initialization_state__functions.h
[15.067s] -- Up-to-date symlink: /home/autoware/aichallenge2023-integration-final-main/install/autoware_adapi_v1_msgs/include/autoware_adapi_v1_msgs/autoware_adapi_v1_msgs/msg/detail/localization_initialization_state__struct.h
[15.068s] -- Up-to-date symlink: /home/autoware/aichallenge2023-integration-final-main/install/autoware_adapi_v1_msgs/include/autoware_adapi_v1_msgs/autoware_adapi_v1_msgs/msg/detail/localization_initialization_state__type_support.h
[15.068s] -- Up-to-date symlink: /home/autoware/aichallenge2023-integration-final-main/install/autoware_adapi_v1_msgs/include/autoware_adapi_v1_msgs/autoware_adapi_v1_msgs/msg/detail/motion_state__functions.h
[15.068s] -- Up-to-date symlink: /home/autoware/aichallenge2023-integration-final-main/install/autoware_adapi_v1_msgs/include/autoware_adapi_v1_msgs/autoware_adapi_v1_msgs/msg/detail/motion_state__struct.h
[15.068s] -- Up-to-date symlink: /home/autoware/aichallenge2023-integration-final-main/install/autoware_adapi_v1_msgs/include/autoware_adapi_v1_msgs/autoware_adapi_v1_msgs/msg/detail/motion_state__type_support.h
[15.068s] -- Up-to-date symlink: /home/autoware/aichallenge2023-integration-final-main/install/autoware_adapi_v1_msgs/include/autoware_adapi_v1_msgs/autoware_adapi_v1_msgs/msg/detail/mrm_state__functions.h
[15.068s] -- Up-to-date symlink: /home/autoware/aichallenge2023-integration-final-main/install/autoware_adapi_v1_msgs/include/autoware_adapi_v1_msgs/autoware_adapi_v1_msgs/msg/detail/mrm_state__struct.h
[15.068s] -- Up-to-date symlink: /home/autoware/aichallenge2023-integration-final-main/install/autoware_adapi_v1_msgs/include/autoware_adapi_v1_msgs/autoware_adapi_v1_msgs/msg/detail/mrm_state__type_support.h
[15.068s] -- Up-to-date symlink: /home/autoware/aichallenge2023-integration-final-main/install/autoware_adapi_v1_msgs/include/autoware_adapi_v1_msgs/autoware_adapi_v1_msgs/msg/detail/operation_mode_state__functions.h
[15.069s] -- Up-to-date symlink: /home/autoware/aichallenge2023-integration-final-main/install/autoware_adapi_v1_msgs/include/autoware_adapi_v1_msgs/autoware_adapi_v1_msgs/msg/detail/operation_mode_state__struct.h
[15.069s] -- Up-to-date symlink: /home/autoware/aichallenge2023-integration-final-main/install/autoware_adapi_v1_msgs/include/autoware_adapi_v1_msgs/autoware_adapi_v1_msgs/msg/detail/operation_mode_state__type_support.h
[15.069s] -- Up-to-date symlink: /home/autoware/aichallenge2023-integration-final-main/install/autoware_adapi_v1_msgs/include/autoware_adapi_v1_msgs/autoware_adapi_v1_msgs/msg/detail/response_status__functions.h
[15.069s] -- Up-to-date symlink: /home/autoware/aichallenge2023-integration-final-main/install/autoware_adapi_v1_msgs/include/autoware_adapi_v1_msgs/autoware_adapi_v1_msgs/msg/detail/response_status__struct.h
[15.069s] -- Up-to-date symlink: /home/autoware/aichallenge2023-integration-final-main/install/autoware_adapi_v1_msgs/include/autoware_adapi_v1_msgs/autoware_adapi_v1_msgs/msg/detail/response_status__type_support.h
[15.069s] -- Up-to-date symlink: /home/autoware/aichallenge2023-integration-final-main/install/autoware_adapi_v1_msgs/include/autoware_adapi_v1_msgs/autoware_adapi_v1_msgs/msg/detail/route__functions.h
[15.069s] -- Up-to-date symlink: /home/autoware/aichallenge2023-integration-final-main/install/autoware_adapi_v1_msgs/include/autoware_adapi_v1_msgs/autoware_adapi_v1_msgs/msg/detail/route__struct.h
[15.069s] -- Up-to-date symlink: /home/autoware/aichallenge2023-integration-final-main/install/autoware_adapi_v1_msgs/include/autoware_adapi_v1_msgs/autoware_adapi_v1_msgs/msg/detail/route__type_support.h
[15.069s] -- Up-to-date symlink: /home/autoware/aichallenge2023-integration-final-main/install/autoware_adapi_v1_msgs/include/autoware_adapi_v1_msgs/autoware_adapi_v1_msgs/msg/detail/route_data__functions.h
[15.070s] -- Up-to-date symlink: /home/autoware/aichallenge2023-integration-final-main/install/autoware_adapi_v1_msgs/include/autoware_adapi_v1_msgs/autoware_adapi_v1_msgs/msg/detail/route_data__struct.h
[15.070s] -- Up-to-date symlink: /home/autoware/aichallenge2023-integration-final-main/install/autoware_adapi_v1_msgs/include/autoware_adapi_v1_msgs/autoware_adapi_v1_msgs/msg/detail/route_data__type_support.h
[15.070s] -- Up-to-date symlink: /home/autoware/aichallenge2023-integration-final-main/install/autoware_adapi_v1_msgs/include/autoware_adapi_v1_msgs/autoware_adapi_v1_msgs/msg/detail/route_primitive__functions.h
[15.070s] -- Up-to-date symlink: /home/autoware/aichallenge2023-integration-final-main/install/autoware_adapi_v1_msgs/include/autoware_adapi_v1_msgs/autoware_adapi_v1_msgs/msg/detail/route_primitive__struct.h
[15.070s] -- Up-to-date symlink: /home/autoware/aichallenge2023-integration-final-main/install/autoware_adapi_v1_msgs/include/autoware_adapi_v1_msgs/autoware_adapi_v1_msgs/msg/detail/route_primitive__type_support.h
[15.070s] -- Up-to-date symlink: /home/autoware/aichallenge2023-integration-final-main/install/autoware_adapi_v1_msgs/include/autoware_adapi_v1_msgs/autoware_adapi_v1_msgs/msg/detail/route_segment__functions.h
[15.070s] -- Up-to-date symlink: /home/autoware/aichallenge2023-integration-final-main/install/autoware_adapi_v1_msgs/include/autoware_adapi_v1_msgs/autoware_adapi_v1_msgs/msg/detail/route_segment__struct.h
[15.070s] -- Up-to-date symlink: /home/autoware/aichallenge2023-integration-final-main/install/autoware_adapi_v1_msgs/include/autoware_adapi_v1_msgs/autoware_adapi_v1_msgs/msg/detail/route_segment__type_support.h
[15.071s] -- Up-to-date symlink: /home/autoware/aichallenge2023-integration-final-main/install/autoware_adapi_v1_msgs/include/autoware_adapi_v1_msgs/autoware_adapi_v1_msgs/msg/detail/route_state__functions.h
[15.071s] -- Up-to-date symlink: /home/autoware/aichallenge2023-integration-final-main/install/autoware_adapi_v1_msgs/include/autoware_adapi_v1_msgs/autoware_adapi_v1_msgs/msg/detail/route_state__struct.h
[15.071s] -- Up-to-date symlink: /home/autoware/aichallenge2023-integration-final-main/install/autoware_adapi_v1_msgs/include/autoware_adapi_v1_msgs/autoware_adapi_v1_msgs/msg/detail/route_state__type_support.h
[15.071s] -- Up-to-date symlink: /home/autoware/aichallenge2023-integration-final-main/install/autoware_adapi_v1_msgs/include/autoware_adapi_v1_msgs/autoware_adapi_v1_msgs/msg/detail/steering_factor__functions.h
[15.071s] -- Up-to-date symlink: /home/autoware/aichallenge2023-integration-final-main/install/autoware_adapi_v1_msgs/include/autoware_adapi_v1_msgs/autoware_adapi_v1_msgs/msg/detail/steering_factor__struct.h
[15.071s] -- Up-to-date symlink: /home/autoware/aichallenge2023-integration-final-main/install/autoware_adapi_v1_msgs/include/autoware_adapi_v1_msgs/autoware_adapi_v1_msgs/msg/detail/steering_factor__type_support.h
[15.071s] -- Up-to-date symlink: /home/autoware/aichallenge2023-integration-final-main/install/autoware_adapi_v1_msgs/include/autoware_adapi_v1_msgs/autoware_adapi_v1_msgs/msg/detail/steering_factor_array__functions.h
[15.071s] -- Up-to-date symlink: /home/autoware/aichallenge2023-integration-final-main/install/autoware_adapi_v1_msgs/include/autoware_adapi_v1_msgs/autoware_adapi_v1_msgs/msg/detail/steering_factor_array__struct.h
[15.072s] -- Up-to-date symlink: /home/autoware/aichallenge2023-integration-final-main/install/autoware_adapi_v1_msgs/include/autoware_adapi_v1_msgs/autoware_adapi_v1_msgs/msg/detail/steering_factor_array__type_support.h
[15.072s] -- Up-to-date symlink: /home/autoware/aichallenge2023-integration-final-main/install/autoware_adapi_v1_msgs/include/autoware_adapi_v1_msgs/autoware_adapi_v1_msgs/msg/detail/velocity_factor__functions.h
[15.072s] -- Up-to-date symlink: /home/autoware/aichallenge2023-integration-final-main/install/autoware_adapi_v1_msgs/include/autoware_adapi_v1_msgs/autoware_adapi_v1_msgs/msg/detail/velocity_factor__struct.h
[15.072s] -- Up-to-date symlink: /home/autoware/aichallenge2023-integration-final-main/install/autoware_adapi_v1_msgs/include/autoware_adapi_v1_msgs/autoware_adapi_v1_msgs/msg/detail/velocity_factor__type_support.h
[15.072s] -- Up-to-date symlink: /home/autoware/aichallenge2023-integration-final-main/install/autoware_adapi_v1_msgs/include/autoware_adapi_v1_msgs/autoware_adapi_v1_msgs/msg/detail/velocity_factor_array__functions.h
[15.072s] -- Up-to-date symlink: /home/autoware/aichallenge2023-integration-final-main/install/autoware_adapi_v1_msgs/include/autoware_adapi_v1_msgs/autoware_adapi_v1_msgs/msg/detail/velocity_factor_array__struct.h
[15.072s] -- Up-to-date symlink: /home/autoware/aichallenge2023-integration-final-main/install/autoware_adapi_v1_msgs/include/autoware_adapi_v1_msgs/autoware_adapi_v1_msgs/msg/detail/velocity_factor_array__type_support.h
[15.072s] -- Up-to-date symlink: /home/autoware/aichallenge2023-integration-final-main/install/autoware_adapi_v1_msgs/include/autoware_adapi_v1_msgs/autoware_adapi_v1_msgs/msg/localization_initialization_state.h
[15.072s] -- Up-to-date symlink: /home/autoware/aichallenge2023-integration-final-main/install/autoware_adapi_v1_msgs/include/autoware_adapi_v1_msgs/autoware_adapi_v1_msgs/msg/motion_state.h
[15.073s] -- Up-to-date symlink: /home/autoware/aichallenge2023-integration-final-main/install/autoware_adapi_v1_msgs/include/autoware_adapi_v1_msgs/autoware_adapi_v1_msgs/msg/mrm_state.h
[15.073s] -- Up-to-date symlink: /home/autoware/aichallenge2023-integration-final-main/install/autoware_adapi_v1_msgs/include/autoware_adapi_v1_msgs/autoware_adapi_v1_msgs/msg/operation_mode_state.h
[15.073s] -- Up-to-date symlink: /home/autoware/aichallenge2023-integration-final-main/install/autoware_adapi_v1_msgs/include/autoware_adapi_v1_msgs/autoware_adapi_v1_msgs/msg/response_status.h
[15.075s] -- Up-to-date symlink: /home/autoware/aichallenge2023-integration-final-main/install/autoware_adapi_v1_msgs/include/autoware_adapi_v1_msgs/autoware_adapi_v1_msgs/msg/rosidl_generator_c__visibility_control.h
[15.075s] -- Up-to-date symlink: /home/autoware/aichallenge2023-integration-final-main/install/autoware_adapi_v1_msgs/include/autoware_adapi_v1_msgs/autoware_adapi_v1_msgs/msg/route.h
[15.075s] -- Up-to-date symlink: /home/autoware/aichallenge2023-integration-final-main/install/autoware_adapi_v1_msgs/include/autoware_adapi_v1_msgs/autoware_adapi_v1_msgs/msg/route_data.h
[15.075s] -- Up-to-date symlink: /home/autoware/aichallenge2023-integration-final-main/install/autoware_adapi_v1_msgs/include/autoware_adapi_v1_msgs/autoware_adapi_v1_msgs/msg/route_primitive.h
[15.075s] -- Up-to-date symlink: /home/autoware/aichallenge2023-integration-final-main/install/autoware_adapi_v1_msgs/include/autoware_adapi_v1_msgs/autoware_adapi_v1_msgs/msg/route_segment.h
[15.075s] -- Up-to-date symlink: /home/autoware/aichallenge2023-integration-final-main/install/autoware_adapi_v1_msgs/include/autoware_adapi_v1_msgs/autoware_adapi_v1_msgs/msg/route_state.h
[15.075s] -- Up-to-date symlink: /home/autoware/aichallenge2023-integration-final-main/install/autoware_adapi_v1_msgs/include/autoware_adapi_v1_msgs/autoware_adapi_v1_msgs/msg/steering_factor.h
[15.075s] -- Up-to-date symlink: /home/autoware/aichallenge2023-integration-final-main/install/autoware_adapi_v1_msgs/include/autoware_adapi_v1_msgs/autoware_adapi_v1_msgs/msg/steering_factor_array.h
[15.075s] -- Up-to-date symlink: /home/autoware/aichallenge2023-integration-final-main/install/autoware_adapi_v1_msgs/include/autoware_adapi_v1_msgs/autoware_adapi_v1_msgs/msg/velocity_factor.h
[15.076s] -- Up-to-date symlink: /home/autoware/aichallenge2023-integration-final-main/install/autoware_adapi_v1_msgs/include/autoware_adapi_v1_msgs/autoware_adapi_v1_msgs/msg/velocity_factor_array.h
[15.076s] -- Up-to-date symlink: /home/autoware/aichallenge2023-integration-final-main/install/autoware_adapi_v1_msgs/include/autoware_adapi_v1_msgs/autoware_adapi_v1_msgs/srv/accept_start.h
[15.076s] -- Up-to-date symlink: /home/autoware/aichallenge2023-integration-final-main/install/autoware_adapi_v1_msgs/include/autoware_adapi_v1_msgs/autoware_adapi_v1_msgs/srv/change_operation_mode.h
[15.076s] -- Up-to-date symlink: /home/autoware/aichallenge2023-integration-final-main/install/autoware_adapi_v1_msgs/include/autoware_adapi_v1_msgs/autoware_adapi_v1_msgs/srv/clear_route.h
[15.076s] -- Up-to-date symlink: /home/autoware/aichallenge2023-integration-final-main/install/autoware_adapi_v1_msgs/include/autoware_adapi_v1_msgs/autoware_adapi_v1_msgs/srv/detail/accept_start__functions.h
[15.076s] -- Up-to-date symlink: /home/autoware/aichallenge2023-integration-final-main/install/autoware_adapi_v1_msgs/include/autoware_adapi_v1_msgs/autoware_adapi_v1_msgs/srv/detail/accept_start__struct.h
[15.076s] -- Up-to-date symlink: /home/autoware/aichallenge2023-integration-final-main/install/autoware_adapi_v1_msgs/include/autoware_adapi_v1_msgs/autoware_adapi_v1_msgs/srv/detail/accept_start__type_support.h
[15.076s] -- Up-to-date symlink: /home/autoware/aichallenge2023-integration-final-main/install/autoware_adapi_v1_msgs/include/autoware_adapi_v1_msgs/autoware_adapi_v1_msgs/srv/detail/change_operation_mode__functions.h
[15.076s] -- Up-to-date symlink: /home/autoware/aichallenge2023-integration-final-main/install/autoware_adapi_v1_msgs/include/autoware_adapi_v1_msgs/autoware_adapi_v1_msgs/srv/detail/change_operation_mode__struct.h
[15.076s] -- Up-to-date symlink: /home/autoware/aichallenge2023-integration-final-main/install/autoware_adapi_v1_msgs/include/autoware_adapi_v1_msgs/autoware_adapi_v1_msgs/srv/detail/change_operation_mode__type_support.h
[15.076s] -- Up-to-date symlink: /home/autoware/aichallenge2023-integration-final-main/install/autoware_adapi_v1_msgs/include/autoware_adapi_v1_msgs/autoware_adapi_v1_msgs/srv/detail/clear_route__functions.h
[15.076s] -- Up-to-date symlink: /home/autoware/aichallenge2023-integration-final-main/install/autoware_adapi_v1_msgs/include/autoware_adapi_v1_msgs/autoware_adapi_v1_msgs/srv/detail/clear_route__struct.h
[15.076s] -- Up-to-date symlink: /home/autoware/aichallenge2023-integration-final-main/install/autoware_adapi_v1_msgs/include/autoware_adapi_v1_msgs/autoware_adapi_v1_msgs/srv/detail/clear_route__type_support.h
[15.076s] -- Up-to-date symlink: /home/autoware/aichallenge2023-integration-final-main/install/autoware_adapi_v1_msgs/include/autoware_adapi_v1_msgs/autoware_adapi_v1_msgs/srv/detail/initialize_localization__functions.h
[15.076s] -- Up-to-date symlink: /home/autoware/aichallenge2023-integration-final-main/install/autoware_adapi_v1_msgs/include/autoware_adapi_v1_msgs/autoware_adapi_v1_msgs/srv/detail/initialize_localization__struct.h
[15.076s] -- Up-to-date symlink: /home/autoware/aichallenge2023-integration-final-main/install/autoware_adapi_v1_msgs/include/autoware_adapi_v1_msgs/autoware_adapi_v1_msgs/srv/detail/initialize_localization__type_support.h
[15.077s] -- Up-to-date symlink: /home/autoware/aichallenge2023-integration-final-main/install/autoware_adapi_v1_msgs/include/autoware_adapi_v1_msgs/autoware_adapi_v1_msgs/srv/detail/set_route__functions.h
[15.077s] -- Up-to-date symlink: /home/autoware/aichallenge2023-integration-final-main/install/autoware_adapi_v1_msgs/include/autoware_adapi_v1_msgs/autoware_adapi_v1_msgs/srv/detail/set_route__struct.h
[15.077s] -- Up-to-date symlink: /home/autoware/aichallenge2023-integration-final-main/install/autoware_adapi_v1_msgs/include/autoware_adapi_v1_msgs/autoware_adapi_v1_msgs/srv/detail/set_route__type_support.h
[15.077s] -- Up-to-date symlink: /home/autoware/aichallenge2023-integration-final-main/install/autoware_adapi_v1_msgs/include/autoware_adapi_v1_msgs/autoware_adapi_v1_msgs/srv/detail/set_route_points__functions.h
[15.077s] -- Up-to-date symlink: /home/autoware/aichallenge2023-integration-final-main/install/autoware_adapi_v1_msgs/include/autoware_adapi_v1_msgs/autoware_adapi_v1_msgs/srv/detail/set_route_points__struct.h
[15.077s] -- Up-to-date symlink: /home/autoware/aichallenge2023-integration-final-main/install/autoware_adapi_v1_msgs/include/autoware_adapi_v1_msgs/autoware_adapi_v1_msgs/srv/detail/set_route_points__type_support.h
[15.077s] -- Up-to-date symlink: /home/autoware/aichallenge2023-integration-final-main/install/autoware_adapi_v1_msgs/include/autoware_adapi_v1_msgs/autoware_adapi_v1_msgs/srv/initialize_localization.h
[15.077s] -- Up-to-date symlink: /home/autoware/aichallenge2023-integration-final-main/install/autoware_adapi_v1_msgs/include/autoware_adapi_v1_msgs/autoware_adapi_v1_msgs/srv/set_route.h
[15.077s] -- Up-to-date symlink: /home/autoware/aichallenge2023-integration-final-main/install/autoware_adapi_v1_msgs/include/autoware_adapi_v1_msgs/autoware_adapi_v1_msgs/srv/set_route_points.h
[15.077s] -- Up-to-date symlink: /home/autoware/aichallenge2023-integration-final-main/install/autoware_adapi_v1_msgs/share/autoware_adapi_v1_msgs/environment/library_path.sh
[15.078s] -- Up-to-date symlink: /home/autoware/aichallenge2023-integration-final-main/install/autoware_adapi_v1_msgs/share/autoware_adapi_v1_msgs/environment/library_path.dsv
[15.078s] -- Up-to-date symlink: /home/autoware/aichallenge2023-integration-final-main/install/autoware_adapi_v1_msgs/include/autoware_adapi_v1_msgs/autoware_adapi_v1_msgs/msg/detail/localization_initialization_state__rosidl_typesupport_fastrtps_c.h
[15.078s] -- Up-to-date symlink: /home/autoware/aichallenge2023-integration-final-main/install/autoware_adapi_v1_msgs/include/autoware_adapi_v1_msgs/autoware_adapi_v1_msgs/msg/detail/motion_state__rosidl_typesupport_fastrtps_c.h
[15.079s] -- Up-to-date symlink: /home/autoware/aichallenge2023-integration-final-main/install/autoware_adapi_v1_msgs/include/autoware_adapi_v1_msgs/autoware_adapi_v1_msgs/msg/detail/mrm_state__rosidl_typesupport_fastrtps_c.h
[15.079s] -- Up-to-date symlink: /home/autoware/aichallenge2023-integration-final-main/install/autoware_adapi_v1_msgs/include/autoware_adapi_v1_msgs/autoware_adapi_v1_msgs/msg/detail/operation_mode_state__rosidl_typesupport_fastrtps_c.h
[15.079s] -- Up-to-date symlink: /home/autoware/aichallenge2023-integration-final-main/install/autoware_adapi_v1_msgs/include/autoware_adapi_v1_msgs/autoware_adapi_v1_msgs/msg/detail/response_status__rosidl_typesupport_fastrtps_c.h
[15.079s] -- Up-to-date symlink: /home/autoware/aichallenge2023-integration-final-main/install/autoware_adapi_v1_msgs/include/autoware_adapi_v1_msgs/autoware_adapi_v1_msgs/msg/detail/route__rosidl_typesupport_fastrtps_c.h
[15.079s] -- Up-to-date symlink: /home/autoware/aichallenge2023-integration-final-main/install/autoware_adapi_v1_msgs/include/autoware_adapi_v1_msgs/autoware_adapi_v1_msgs/msg/detail/route_data__rosidl_typesupport_fastrtps_c.h
[15.079s] -- Up-to-date symlink: /home/autoware/aichallenge2023-integration-final-main/install/autoware_adapi_v1_msgs/include/autoware_adapi_v1_msgs/autoware_adapi_v1_msgs/msg/detail/route_primitive__rosidl_typesupport_fastrtps_c.h
[15.079s] -- Up-to-date symlink: /home/autoware/aichallenge2023-integration-final-main/install/autoware_adapi_v1_msgs/include/autoware_adapi_v1_msgs/autoware_adapi_v1_msgs/msg/detail/route_segment__rosidl_typesupport_fastrtps_c.h
[15.080s] -- Up-to-date symlink: /home/autoware/aichallenge2023-integration-final-main/install/autoware_adapi_v1_msgs/include/autoware_adapi_v1_msgs/autoware_adapi_v1_msgs/msg/detail/route_state__rosidl_typesupport_fastrtps_c.h
[15.080s] -- Up-to-date symlink: /home/autoware/aichallenge2023-integration-final-main/install/autoware_adapi_v1_msgs/include/autoware_adapi_v1_msgs/autoware_adapi_v1_msgs/msg/detail/steering_factor__rosidl_typesupport_fastrtps_c.h
[15.080s] -- Up-to-date symlink: /home/autoware/aichallenge2023-integration-final-main/install/autoware_adapi_v1_msgs/include/autoware_adapi_v1_msgs/autoware_adapi_v1_msgs/msg/detail/steering_factor_array__rosidl_typesupport_fastrtps_c.h
[15.080s] -- Up-to-date symlink: /home/autoware/aichallenge2023-integration-final-main/install/autoware_adapi_v1_msgs/include/autoware_adapi_v1_msgs/autoware_adapi_v1_msgs/msg/detail/velocity_factor__rosidl_typesupport_fastrtps_c.h
[15.080s] -- Up-to-date symlink: /home/autoware/aichallenge2023-integration-final-main/install/autoware_adapi_v1_msgs/include/autoware_adapi_v1_msgs/autoware_adapi_v1_msgs/msg/detail/velocity_factor_array__rosidl_typesupport_fastrtps_c.h
[15.080s] -- Up-to-date symlink: /home/autoware/aichallenge2023-integration-final-main/install/autoware_adapi_v1_msgs/include/autoware_adapi_v1_msgs/autoware_adapi_v1_msgs/msg/rosidl_typesupport_fastrtps_c__visibility_control.h
[15.080s] -- Up-to-date symlink: /home/autoware/aichallenge2023-integration-final-main/install/autoware_adapi_v1_msgs/include/autoware_adapi_v1_msgs/autoware_adapi_v1_msgs/srv/detail/accept_start__rosidl_typesupport_fastrtps_c.h
[15.081s] -- Up-to-date symlink: /home/autoware/aichallenge2023-integration-final-main/install/autoware_adapi_v1_msgs/include/autoware_adapi_v1_msgs/autoware_adapi_v1_msgs/srv/detail/change_operation_mode__rosidl_typesupport_fastrtps_c.h
[15.081s] -- Up-to-date symlink: /home/autoware/aichallenge2023-integration-final-main/install/autoware_adapi_v1_msgs/include/autoware_adapi_v1_msgs/autoware_adapi_v1_msgs/srv/detail/clear_route__rosidl_typesupport_fastrtps_c.h
[15.081s] -- Up-to-date symlink: /home/autoware/aichallenge2023-integration-final-main/install/autoware_adapi_v1_msgs/include/autoware_adapi_v1_msgs/autoware_adapi_v1_msgs/srv/detail/initialize_localization__rosidl_typesupport_fastrtps_c.h
[15.081s] -- Up-to-date symlink: /home/autoware/aichallenge2023-integration-final-main/install/autoware_adapi_v1_msgs/include/autoware_adapi_v1_msgs/autoware_adapi_v1_msgs/srv/detail/set_route__rosidl_typesupport_fastrtps_c.h
[15.081s] -- Up-to-date symlink: /home/autoware/aichallenge2023-integration-final-main/install/autoware_adapi_v1_msgs/include/autoware_adapi_v1_msgs/autoware_adapi_v1_msgs/srv/detail/set_route_points__rosidl_typesupport_fastrtps_c.h
[15.082s] -- Up-to-date symlink: /home/autoware/aichallenge2023-integration-final-main/install/autoware_adapi_v1_msgs/include/autoware_adapi_v1_msgs/autoware_adapi_v1_msgs/msg/detail/localization_initialization_state__rosidl_typesupport_introspection_c.h
[15.082s] -- Up-to-date symlink: /home/autoware/aichallenge2023-integration-final-main/install/autoware_adapi_v1_msgs/include/autoware_adapi_v1_msgs/autoware_adapi_v1_msgs/msg/detail/motion_state__rosidl_typesupport_introspection_c.h
[15.082s] -- Up-to-date symlink: /home/autoware/aichallenge2023-integration-final-main/install/autoware_adapi_v1_msgs/include/autoware_adapi_v1_msgs/autoware_adapi_v1_msgs/msg/detail/mrm_state__rosidl_typesupport_introspection_c.h
[15.082s] -- Up-to-date symlink: /home/autoware/aichallenge2023-integration-final-main/install/autoware_adapi_v1_msgs/include/autoware_adapi_v1_msgs/autoware_adapi_v1_msgs/msg/detail/operation_mode_state__rosidl_typesupport_introspection_c.h
[15.082s] -- Up-to-date symlink: /home/autoware/aichallenge2023-integration-final-main/install/autoware_adapi_v1_msgs/include/autoware_adapi_v1_msgs/autoware_adapi_v1_msgs/msg/detail/response_status__rosidl_typesupport_introspection_c.h
[15.082s] -- Up-to-date symlink: /home/autoware/aichallenge2023-integration-final-main/install/autoware_adapi_v1_msgs/include/autoware_adapi_v1_msgs/autoware_adapi_v1_msgs/msg/detail/route__rosidl_typesupport_introspection_c.h
[15.083s] -- Up-to-date symlink: /home/autoware/aichallenge2023-integration-final-main/install/autoware_adapi_v1_msgs/include/autoware_adapi_v1_msgs/autoware_adapi_v1_msgs/msg/detail/route_data__rosidl_typesupport_introspection_c.h
[15.083s] -- Up-to-date symlink: /home/autoware/aichallenge2023-integration-final-main/install/autoware_adapi_v1_msgs/include/autoware_adapi_v1_msgs/autoware_adapi_v1_msgs/msg/detail/route_primitive__rosidl_typesupport_introspection_c.h
[15.083s] -- Up-to-date symlink: /home/autoware/aichallenge2023-integration-final-main/install/autoware_adapi_v1_msgs/include/autoware_adapi_v1_msgs/autoware_adapi_v1_msgs/msg/detail/route_segment__rosidl_typesupport_introspection_c.h
[15.083s] -- Up-to-date symlink: /home/autoware/aichallenge2023-integration-final-main/install/autoware_adapi_v1_msgs/include/autoware_adapi_v1_msgs/autoware_adapi_v1_msgs/msg/detail/route_state__rosidl_typesupport_introspection_c.h
[15.083s] -- Up-to-date symlink: /home/autoware/aichallenge2023-integration-final-main/install/autoware_adapi_v1_msgs/include/autoware_adapi_v1_msgs/autoware_adapi_v1_msgs/msg/detail/steering_factor__rosidl_typesupport_introspection_c.h
[15.083s] -- Up-to-date symlink: /home/autoware/aichallenge2023-integration-final-main/install/autoware_adapi_v1_msgs/include/autoware_adapi_v1_msgs/autoware_adapi_v1_msgs/msg/detail/steering_factor_array__rosidl_typesupport_introspection_c.h
[15.083s] -- Up-to-date symlink: /home/autoware/aichallenge2023-integration-final-main/install/autoware_adapi_v1_msgs/include/autoware_adapi_v1_msgs/autoware_adapi_v1_msgs/msg/detail/velocity_factor__rosidl_typesupport_introspection_c.h
[15.083s] -- Up-to-date symlink: /home/autoware/aichallenge2023-integration-final-main/install/autoware_adapi_v1_msgs/include/autoware_adapi_v1_msgs/autoware_adapi_v1_msgs/msg/detail/velocity_factor_array__rosidl_typesupport_introspection_c.h
[15.084s] -- Up-to-date symlink: /home/autoware/aichallenge2023-integration-final-main/install/autoware_adapi_v1_msgs/include/autoware_adapi_v1_msgs/autoware_adapi_v1_msgs/msg/rosidl_typesupport_introspection_c__visibility_control.h
[15.084s] -- Up-to-date symlink: /home/autoware/aichallenge2023-integration-final-main/install/autoware_adapi_v1_msgs/include/autoware_adapi_v1_msgs/autoware_adapi_v1_msgs/srv/detail/accept_start__rosidl_typesupport_introspection_c.h
[15.084s] -- Up-to-date symlink: /home/autoware/aichallenge2023-integration-final-main/install/autoware_adapi_v1_msgs/include/autoware_adapi_v1_msgs/autoware_adapi_v1_msgs/srv/detail/change_operation_mode__rosidl_typesupport_introspection_c.h
[15.084s] -- Up-to-date symlink: /home/autoware/aichallenge2023-integration-final-main/install/autoware_adapi_v1_msgs/include/autoware_adapi_v1_msgs/autoware_adapi_v1_msgs/srv/detail/clear_route__rosidl_typesupport_introspection_c.h
[15.084s] -- Up-to-date symlink: /home/autoware/aichallenge2023-integration-final-main/install/autoware_adapi_v1_msgs/include/autoware_adapi_v1_msgs/autoware_adapi_v1_msgs/srv/detail/initialize_localization__rosidl_typesupport_introspection_c.h
[15.084s] -- Up-to-date symlink: /home/autoware/aichallenge2023-integration-final-main/install/autoware_adapi_v1_msgs/include/autoware_adapi_v1_msgs/autoware_adapi_v1_msgs/srv/detail/set_route__rosidl_typesupport_introspection_c.h
[15.084s] -- Up-to-date symlink: /home/autoware/aichallenge2023-integration-final-main/install/autoware_adapi_v1_msgs/include/autoware_adapi_v1_msgs/autoware_adapi_v1_msgs/srv/detail/set_route_points__rosidl_typesupport_introspection_c.h
[15.086s] -- Up-to-date symlink: /home/autoware/aichallenge2023-integration-final-main/install/autoware_adapi_v1_msgs/include/autoware_adapi_v1_msgs/autoware_adapi_v1_msgs/msg/detail/localization_initialization_state__builder.hpp
[15.086s] -- Up-to-date symlink: /home/autoware/aichallenge2023-integration-final-main/install/autoware_adapi_v1_msgs/include/autoware_adapi_v1_msgs/autoware_adapi_v1_msgs/msg/detail/localization_initialization_state__struct.hpp
[15.086s] -- Up-to-date symlink: /home/autoware/aichallenge2023-integration-final-main/install/autoware_adapi_v1_msgs/include/autoware_adapi_v1_msgs/autoware_adapi_v1_msgs/msg/detail/localization_initialization_state__traits.hpp
[15.086s] -- Up-to-date symlink: /home/autoware/aichallenge2023-integration-final-main/install/autoware_adapi_v1_msgs/include/autoware_adapi_v1_msgs/autoware_adapi_v1_msgs/msg/detail/motion_state__builder.hpp
[15.086s] -- Up-to-date symlink: /home/autoware/aichallenge2023-integration-final-main/install/autoware_adapi_v1_msgs/include/autoware_adapi_v1_msgs/autoware_adapi_v1_msgs/msg/detail/motion_state__struct.hpp
[15.087s] -- Up-to-date symlink: /home/autoware/aichallenge2023-integration-final-main/install/autoware_adapi_v1_msgs/include/autoware_adapi_v1_msgs/autoware_adapi_v1_msgs/msg/detail/motion_state__traits.hpp
[15.087s] -- Up-to-date symlink: /home/autoware/aichallenge2023-integration-final-main/install/autoware_adapi_v1_msgs/include/autoware_adapi_v1_msgs/autoware_adapi_v1_msgs/msg/detail/mrm_state__builder.hpp
[15.087s] -- Up-to-date symlink: /home/autoware/aichallenge2023-integration-final-main/install/autoware_adapi_v1_msgs/include/autoware_adapi_v1_msgs/autoware_adapi_v1_msgs/msg/detail/mrm_state__struct.hpp
[15.087s] -- Up-to-date symlink: /home/autoware/aichallenge2023-integration-final-main/install/autoware_adapi_v1_msgs/include/autoware_adapi_v1_msgs/autoware_adapi_v1_msgs/msg/detail/mrm_state__traits.hpp
[15.087s] -- Up-to-date symlink: /home/autoware/aichallenge2023-integration-final-main/install/autoware_adapi_v1_msgs/include/autoware_adapi_v1_msgs/autoware_adapi_v1_msgs/msg/detail/operation_mode_state__builder.hpp
[15.087s] -- Up-to-date symlink: /home/autoware/aichallenge2023-integration-final-main/install/autoware_adapi_v1_msgs/include/autoware_adapi_v1_msgs/autoware_adapi_v1_msgs/msg/detail/operation_mode_state__struct.hpp
[15.087s] -- Up-to-date symlink: /home/autoware/aichallenge2023-integration-final-main/install/autoware_adapi_v1_msgs/include/autoware_adapi_v1_msgs/autoware_adapi_v1_msgs/msg/detail/operation_mode_state__traits.hpp
[15.087s] -- Up-to-date symlink: /home/autoware/aichallenge2023-integration-final-main/install/autoware_adapi_v1_msgs/include/autoware_adapi_v1_msgs/autoware_adapi_v1_msgs/msg/detail/response_status__builder.hpp
[15.088s] -- Up-to-date symlink: /home/autoware/aichallenge2023-integration-final-main/install/autoware_adapi_v1_msgs/include/autoware_adapi_v1_msgs/autoware_adapi_v1_msgs/msg/detail/response_status__struct.hpp
[15.088s] -- Up-to-date symlink: /home/autoware/aichallenge2023-integration-final-main/install/autoware_adapi_v1_msgs/include/autoware_adapi_v1_msgs/autoware_adapi_v1_msgs/msg/detail/response_status__traits.hpp
[15.088s] -- Up-to-date symlink: /home/autoware/aichallenge2023-integration-final-main/install/autoware_adapi_v1_msgs/include/autoware_adapi_v1_msgs/autoware_adapi_v1_msgs/msg/detail/route__builder.hpp
[15.088s] -- Up-to-date symlink: /home/autoware/aichallenge2023-integration-final-main/install/autoware_adapi_v1_msgs/include/autoware_adapi_v1_msgs/autoware_adapi_v1_msgs/msg/detail/route__struct.hpp
[15.088s] -- Up-to-date symlink: /home/autoware/aichallenge2023-integration-final-main/install/autoware_adapi_v1_msgs/include/autoware_adapi_v1_msgs/autoware_adapi_v1_msgs/msg/detail/route__traits.hpp
[15.088s] -- Up-to-date symlink: /home/autoware/aichallenge2023-integration-final-main/install/autoware_adapi_v1_msgs/include/autoware_adapi_v1_msgs/autoware_adapi_v1_msgs/msg/detail/route_data__builder.hpp
[15.088s] -- Up-to-date symlink: /home/autoware/aichallenge2023-integration-final-main/install/autoware_adapi_v1_msgs/include/autoware_adapi_v1_msgs/autoware_adapi_v1_msgs/msg/detail/route_data__struct.hpp
[15.088s] -- Up-to-date symlink: /home/autoware/aichallenge2023-integration-final-main/install/autoware_adapi_v1_msgs/include/autoware_adapi_v1_msgs/autoware_adapi_v1_msgs/msg/detail/route_data__traits.hpp
[15.088s] -- Up-to-date symlink: /home/autoware/aichallenge2023-integration-final-main/install/autoware_adapi_v1_msgs/include/autoware_adapi_v1_msgs/autoware_adapi_v1_msgs/msg/detail/route_primitive__builder.hpp
[15.088s] -- Up-to-date symlink: /home/autoware/aichallenge2023-integration-final-main/install/autoware_adapi_v1_msgs/include/autoware_adapi_v1_msgs/autoware_adapi_v1_msgs/msg/detail/route_primitive__struct.hpp
[15.088s] -- Up-to-date symlink: /home/autoware/aichallenge2023-integration-final-main/install/autoware_adapi_v1_msgs/include/autoware_adapi_v1_msgs/autoware_adapi_v1_msgs/msg/detail/route_primitive__traits.hpp
[15.088s] -- Up-to-date symlink: /home/autoware/aichallenge2023-integration-final-main/install/autoware_adapi_v1_msgs/include/autoware_adapi_v1_msgs/autoware_adapi_v1_msgs/msg/detail/route_segment__builder.hpp
[15.089s] -- Up-to-date symlink: /home/autoware/aichallenge2023-integration-final-main/install/autoware_adapi_v1_msgs/include/autoware_adapi_v1_msgs/autoware_adapi_v1_msgs/msg/detail/route_segment__struct.hpp
[15.089s] -- Up-to-date symlink: /home/autoware/aichallenge2023-integration-final-main/install/autoware_adapi_v1_msgs/include/autoware_adapi_v1_msgs/autoware_adapi_v1_msgs/msg/detail/route_segment__traits.hpp
[15.089s] -- Up-to-date symlink: /home/autoware/aichallenge2023-integration-final-main/install/autoware_adapi_v1_msgs/include/autoware_adapi_v1_msgs/autoware_adapi_v1_msgs/msg/detail/route_state__builder.hpp
[15.089s] -- Up-to-date symlink: /home/autoware/aichallenge2023-integration-final-main/install/autoware_adapi_v1_msgs/include/autoware_adapi_v1_msgs/autoware_adapi_v1_msgs/msg/detail/route_state__struct.hpp
[15.089s] -- Up-to-date symlink: /home/autoware/aichallenge2023-integration-final-main/install/autoware_adapi_v1_msgs/include/autoware_adapi_v1_msgs/autoware_adapi_v1_msgs/msg/detail/route_state__traits.hpp
[15.089s] -- Up-to-date symlink: /home/autoware/aichallenge2023-integration-final-main/install/autoware_adapi_v1_msgs/include/autoware_adapi_v1_msgs/autoware_adapi_v1_msgs/msg/detail/steering_factor__builder.hpp
[15.089s] -- Up-to-date symlink: /home/autoware/aichallenge2023-integration-final-main/install/autoware_adapi_v1_msgs/include/autoware_adapi_v1_msgs/autoware_adapi_v1_msgs/msg/detail/steering_factor__struct.hpp
[15.089s] -- Up-to-date symlink: /home/autoware/aichallenge2023-integration-final-main/install/autoware_adapi_v1_msgs/include/autoware_adapi_v1_msgs/autoware_adapi_v1_msgs/msg/detail/steering_factor__traits.hpp
[15.089s] -- Up-to-date symlink: /home/autoware/aichallenge2023-integration-final-main/install/autoware_adapi_v1_msgs/include/autoware_adapi_v1_msgs/autoware_adapi_v1_msgs/msg/detail/steering_factor_array__builder.hpp
[15.089s] -- Up-to-date symlink: /home/autoware/aichallenge2023-integration-final-main/install/autoware_adapi_v1_msgs/include/autoware_adapi_v1_msgs/autoware_adapi_v1_msgs/msg/detail/steering_factor_array__struct.hpp
[15.090s] -- Up-to-date symlink: /home/autoware/aichallenge2023-integration-final-main/install/autoware_adapi_v1_msgs/include/autoware_adapi_v1_msgs/autoware_adapi_v1_msgs/msg/detail/steering_factor_array__traits.hpp
[15.090s] -- Up-to-date symlink: /home/autoware/aichallenge2023-integration-final-main/install/autoware_adapi_v1_msgs/include/autoware_adapi_v1_msgs/autoware_adapi_v1_msgs/msg/detail/velocity_factor__builder.hpp
[15.090s] -- Up-to-date symlink: /home/autoware/aichallenge2023-integration-final-main/install/autoware_adapi_v1_msgs/include/autoware_adapi_v1_msgs/autoware_adapi_v1_msgs/msg/detail/velocity_factor__struct.hpp
[15.090s] -- Up-to-date symlink: /home/autoware/aichallenge2023-integration-final-main/install/autoware_adapi_v1_msgs/include/autoware_adapi_v1_msgs/autoware_adapi_v1_msgs/msg/detail/velocity_factor__traits.hpp
[15.092s] -- Up-to-date symlink: /home/autoware/aichallenge2023-integration-final-main/install/autoware_adapi_v1_msgs/include/autoware_adapi_v1_msgs/autoware_adapi_v1_msgs/msg/detail/velocity_factor_array__builder.hpp
[15.092s] -- Up-to-date symlink: /home/autoware/aichallenge2023-integration-final-main/install/autoware_adapi_v1_msgs/include/autoware_adapi_v1_msgs/autoware_adapi_v1_msgs/msg/detail/velocity_factor_array__struct.hpp
[15.092s] -- Up-to-date symlink: /home/autoware/aichallenge2023-integration-final-main/install/autoware_adapi_v1_msgs/include/autoware_adapi_v1_msgs/autoware_adapi_v1_msgs/msg/detail/velocity_factor_array__traits.hpp
[15.092s] -- Up-to-date symlink: /home/autoware/aichallenge2023-integration-final-main/install/autoware_adapi_v1_msgs/include/autoware_adapi_v1_msgs/autoware_adapi_v1_msgs/msg/localization_initialization_state.hpp
[15.092s] -- Up-to-date symlink: /home/autoware/aichallenge2023-integration-final-main/install/autoware_adapi_v1_msgs/include/autoware_adapi_v1_msgs/autoware_adapi_v1_msgs/msg/motion_state.hpp
[15.092s] -- Up-to-date symlink: /home/autoware/aichallenge2023-integration-final-main/install/autoware_adapi_v1_msgs/include/autoware_adapi_v1_msgs/autoware_adapi_v1_msgs/msg/mrm_state.hpp
[15.093s] -- Up-to-date symlink: /home/autoware/aichallenge2023-integration-final-main/install/autoware_adapi_v1_msgs/include/autoware_adapi_v1_msgs/autoware_adapi_v1_msgs/msg/operation_mode_state.hpp
[15.093s] -- Up-to-date symlink: /home/autoware/aichallenge2023-integration-final-main/install/autoware_adapi_v1_msgs/include/autoware_adapi_v1_msgs/autoware_adapi_v1_msgs/msg/response_status.hpp
[15.093s] -- Up-to-date symlink: /home/autoware/aichallenge2023-integration-final-main/install/autoware_adapi_v1_msgs/include/autoware_adapi_v1_msgs/autoware_adapi_v1_msgs/msg/route.hpp
[15.093s] -- Up-to-date symlink: /home/autoware/aichallenge2023-integration-final-main/install/autoware_adapi_v1_msgs/include/autoware_adapi_v1_msgs/autoware_adapi_v1_msgs/msg/route_data.hpp
[15.093s] -- Up-to-date symlink: /home/autoware/aichallenge2023-integration-final-main/install/autoware_adapi_v1_msgs/include/autoware_adapi_v1_msgs/autoware_adapi_v1_msgs/msg/route_primitive.hpp
[15.093s] -- Up-to-date symlink: /home/autoware/aichallenge2023-integration-final-main/install/autoware_adapi_v1_msgs/include/autoware_adapi_v1_msgs/autoware_adapi_v1_msgs/msg/route_segment.hpp
[15.093s] -- Up-to-date symlink: /home/autoware/aichallenge2023-integration-final-main/install/autoware_adapi_v1_msgs/include/autoware_adapi_v1_msgs/autoware_adapi_v1_msgs/msg/route_state.hpp
[15.094s] -- Up-to-date symlink: /home/autoware/aichallenge2023-integration-final-main/install/autoware_adapi_v1_msgs/include/autoware_adapi_v1_msgs/autoware_adapi_v1_msgs/msg/steering_factor.hpp
[15.094s] -- Up-to-date symlink: /home/autoware/aichallenge2023-integration-final-main/install/autoware_adapi_v1_msgs/include/autoware_adapi_v1_msgs/autoware_adapi_v1_msgs/msg/steering_factor_array.hpp
[15.094s] -- Up-to-date symlink: /home/autoware/aichallenge2023-integration-final-main/install/autoware_adapi_v1_msgs/include/autoware_adapi_v1_msgs/autoware_adapi_v1_msgs/msg/velocity_factor.hpp
[15.094s] -- Up-to-date symlink: /home/autoware/aichallenge2023-integration-final-main/install/autoware_adapi_v1_msgs/include/autoware_adapi_v1_msgs/autoware_adapi_v1_msgs/msg/velocity_factor_array.hpp
[15.094s] -- Up-to-date symlink: /home/autoware/aichallenge2023-integration-final-main/install/autoware_adapi_v1_msgs/include/autoware_adapi_v1_msgs/autoware_adapi_v1_msgs/srv/accept_start.hpp
[15.094s] -- Up-to-date symlink: /home/autoware/aichallenge2023-integration-final-main/install/autoware_adapi_v1_msgs/include/autoware_adapi_v1_msgs/autoware_adapi_v1_msgs/srv/change_operation_mode.hpp
[15.094s] -- Up-to-date symlink: /home/autoware/aichallenge2023-integration-final-main/install/autoware_adapi_v1_msgs/include/autoware_adapi_v1_msgs/autoware_adapi_v1_msgs/srv/clear_route.hpp
[15.095s] -- Up-to-date symlink: /home/autoware/aichallenge2023-integration-final-main/install/autoware_adapi_v1_msgs/include/autoware_adapi_v1_msgs/autoware_adapi_v1_msgs/srv/detail/accept_start__builder.hpp
[15.095s] -- Up-to-date symlink: /home/autoware/aichallenge2023-integration-final-main/install/autoware_adapi_v1_msgs/include/autoware_adapi_v1_msgs/autoware_adapi_v1_msgs/srv/detail/accept_start__struct.hpp
[15.095s] -- Up-to-date symlink: /home/autoware/aichallenge2023-integration-final-main/install/autoware_adapi_v1_msgs/include/autoware_adapi_v1_msgs/autoware_adapi_v1_msgs/srv/detail/accept_start__traits.hpp
[15.095s] -- Up-to-date symlink: /home/autoware/aichallenge2023-integration-final-main/install/autoware_adapi_v1_msgs/include/autoware_adapi_v1_msgs/autoware_adapi_v1_msgs/srv/detail/change_operation_mode__builder.hpp
[15.095s] -- Up-to-date symlink: /home/autoware/aichallenge2023-integration-final-main/install/autoware_adapi_v1_msgs/include/autoware_adapi_v1_msgs/autoware_adapi_v1_msgs/srv/detail/change_operation_mode__struct.hpp
[15.095s] -- Up-to-date symlink: /home/autoware/aichallenge2023-integration-final-main/install/autoware_adapi_v1_msgs/include/autoware_adapi_v1_msgs/autoware_adapi_v1_msgs/srv/detail/change_operation_mode__traits.hpp
[15.095s] -- Up-to-date symlink: /home/autoware/aichallenge2023-integration-final-main/install/autoware_adapi_v1_msgs/include/autoware_adapi_v1_msgs/autoware_adapi_v1_msgs/srv/detail/clear_route__builder.hpp
[15.096s] -- Up-to-date symlink: /home/autoware/aichallenge2023-integration-final-main/install/autoware_adapi_v1_msgs/include/autoware_adapi_v1_msgs/autoware_adapi_v1_msgs/srv/detail/clear_route__struct.hpp
[15.096s] -- Up-to-date symlink: /home/autoware/aichallenge2023-integration-final-main/install/autoware_adapi_v1_msgs/include/autoware_adapi_v1_msgs/autoware_adapi_v1_msgs/srv/detail/clear_route__traits.hpp
[15.096s] -- Up-to-date symlink: /home/autoware/aichallenge2023-integration-final-main/install/autoware_adapi_v1_msgs/include/autoware_adapi_v1_msgs/autoware_adapi_v1_msgs/srv/detail/initialize_localization__builder.hpp
[15.096s] -- Up-to-date symlink: /home/autoware/aichallenge2023-integration-final-main/install/autoware_adapi_v1_msgs/include/autoware_adapi_v1_msgs/autoware_adapi_v1_msgs/srv/detail/initialize_localization__struct.hpp
[15.096s] -- Up-to-date symlink: /home/autoware/aichallenge2023-integration-final-main/install/autoware_adapi_v1_msgs/include/autoware_adapi_v1_msgs/autoware_adapi_v1_msgs/srv/detail/initialize_localization__traits.hpp
[15.096s] -- Up-to-date symlink: /home/autoware/aichallenge2023-integration-final-main/install/autoware_adapi_v1_msgs/include/autoware_adapi_v1_msgs/autoware_adapi_v1_msgs/srv/detail/set_route__builder.hpp
[15.096s] -- Up-to-date symlink: /home/autoware/aichallenge2023-integration-final-main/install/autoware_adapi_v1_msgs/include/autoware_adapi_v1_msgs/autoware_adapi_v1_msgs/srv/detail/set_route__struct.hpp
[15.097s] -- Up-to-date symlink: /home/autoware/aichallenge2023-integration-final-main/install/autoware_adapi_v1_msgs/include/autoware_adapi_v1_msgs/autoware_adapi_v1_msgs/srv/detail/set_route__traits.hpp
[15.097s] -- Up-to-date symlink: /home/autoware/aichallenge2023-integration-final-main/install/autoware_adapi_v1_msgs/include/autoware_adapi_v1_msgs/autoware_adapi_v1_msgs/srv/detail/set_route_points__builder.hpp
[15.097s] -- Up-to-date symlink: /home/autoware/aichallenge2023-integration-final-main/install/autoware_adapi_v1_msgs/include/autoware_adapi_v1_msgs/autoware_adapi_v1_msgs/srv/detail/set_route_points__struct.hpp
[15.098s] -- Up-to-date symlink: /home/autoware/aichallenge2023-integration-final-main/install/autoware_adapi_v1_msgs/include/autoware_adapi_v1_msgs/autoware_adapi_v1_msgs/srv/detail/set_route_points__traits.hpp
[15.098s] -- Up-to-date symlink: /home/autoware/aichallenge2023-integration-final-main/install/autoware_adapi_v1_msgs/include/autoware_adapi_v1_msgs/autoware_adapi_v1_msgs/srv/initialize_localization.hpp
[15.098s] -- Up-to-date symlink: /home/autoware/aichallenge2023-integration-final-main/install/autoware_adapi_v1_msgs/include/autoware_adapi_v1_msgs/autoware_adapi_v1_msgs/srv/set_route.hpp
[15.099s] -- Up-to-date symlink: /home/autoware/aichallenge2023-integration-final-main/install/autoware_adapi_v1_msgs/include/autoware_adapi_v1_msgs/autoware_adapi_v1_msgs/srv/set_route_points.hpp
[15.099s] -- Up-to-date symlink: /home/autoware/aichallenge2023-integration-final-main/install/autoware_adapi_v1_msgs/include/autoware_adapi_v1_msgs/autoware_adapi_v1_msgs/msg/detail/localization_initialization_state__rosidl_typesupport_fastrtps_cpp.hpp
[15.099s] -- Up-to-date symlink: /home/autoware/aichallenge2023-integration-final-main/install/autoware_adapi_v1_msgs/include/autoware_adapi_v1_msgs/autoware_adapi_v1_msgs/msg/detail/motion_state__rosidl_typesupport_fastrtps_cpp.hpp
[15.099s] -- Up-to-date symlink: /home/autoware/aichallenge2023-integration-final-main/install/autoware_adapi_v1_msgs/include/autoware_adapi_v1_msgs/autoware_adapi_v1_msgs/msg/detail/mrm_state__rosidl_typesupport_fastrtps_cpp.hpp
[15.099s] -- Up-to-date symlink: /home/autoware/aichallenge2023-integration-final-main/install/autoware_adapi_v1_msgs/include/autoware_adapi_v1_msgs/autoware_adapi_v1_msgs/msg/detail/operation_mode_state__rosidl_typesupport_fastrtps_cpp.hpp
[15.099s] -- Up-to-date symlink: /home/autoware/aichallenge2023-integration-final-main/install/autoware_adapi_v1_msgs/include/autoware_adapi_v1_msgs/autoware_adapi_v1_msgs/msg/detail/response_status__rosidl_typesupport_fastrtps_cpp.hpp
[15.099s] -- Up-to-date symlink: /home/autoware/aichallenge2023-integration-final-main/install/autoware_adapi_v1_msgs/include/autoware_adapi_v1_msgs/autoware_adapi_v1_msgs/msg/detail/route__rosidl_typesupport_fastrtps_cpp.hpp
[15.099s] -- Up-to-date symlink: /home/autoware/aichallenge2023-integration-final-main/install/autoware_adapi_v1_msgs/include/autoware_adapi_v1_msgs/autoware_adapi_v1_msgs/msg/detail/route_data__rosidl_typesupport_fastrtps_cpp.hpp
[15.099s] -- Up-to-date symlink: /home/autoware/aichallenge2023-integration-final-main/install/autoware_adapi_v1_msgs/include/autoware_adapi_v1_msgs/autoware_adapi_v1_msgs/msg/detail/route_primitive__rosidl_typesupport_fastrtps_cpp.hpp
[15.100s] -- Up-to-date symlink: /home/autoware/aichallenge2023-integration-final-main/install/autoware_adapi_v1_msgs/include/autoware_adapi_v1_msgs/autoware_adapi_v1_msgs/msg/detail/route_segment__rosidl_typesupport_fastrtps_cpp.hpp
[15.100s] -- Up-to-date symlink: /home/autoware/aichallenge2023-integration-final-main/install/autoware_adapi_v1_msgs/include/autoware_adapi_v1_msgs/autoware_adapi_v1_msgs/msg/detail/route_state__rosidl_typesupport_fastrtps_cpp.hpp
[15.100s] -- Up-to-date symlink: /home/autoware/aichallenge2023-integration-final-main/install/autoware_adapi_v1_msgs/include/autoware_adapi_v1_msgs/autoware_adapi_v1_msgs/msg/detail/steering_factor__rosidl_typesupport_fastrtps_cpp.hpp
[15.100s] -- Up-to-date symlink: /home/autoware/aichallenge2023-integration-final-main/install/autoware_adapi_v1_msgs/include/autoware_adapi_v1_msgs/autoware_adapi_v1_msgs/msg/detail/steering_factor_array__rosidl_typesupport_fastrtps_cpp.hpp
[15.100s] -- Up-to-date symlink: /home/autoware/aichallenge2023-integration-final-main/install/autoware_adapi_v1_msgs/include/autoware_adapi_v1_msgs/autoware_adapi_v1_msgs/msg/detail/velocity_factor__rosidl_typesupport_fastrtps_cpp.hpp
[15.100s] -- Up-to-date symlink: /home/autoware/aichallenge2023-integration-final-main/install/autoware_adapi_v1_msgs/include/autoware_adapi_v1_msgs/autoware_adapi_v1_msgs/msg/detail/velocity_factor_array__rosidl_typesupport_fastrtps_cpp.hpp
[15.100s] -- Up-to-date symlink: /home/autoware/aichallenge2023-integration-final-main/install/autoware_adapi_v1_msgs/include/autoware_adapi_v1_msgs/autoware_adapi_v1_msgs/msg/rosidl_typesupport_fastrtps_cpp__visibility_control.h
[15.100s] -- Up-to-date symlink: /home/autoware/aichallenge2023-integration-final-main/install/autoware_adapi_v1_msgs/include/autoware_adapi_v1_msgs/autoware_adapi_v1_msgs/srv/detail/accept_start__rosidl_typesupport_fastrtps_cpp.hpp
[15.101s] -- Up-to-date symlink: /home/autoware/aichallenge2023-integration-final-main/install/autoware_adapi_v1_msgs/include/autoware_adapi_v1_msgs/autoware_adapi_v1_msgs/srv/detail/change_operation_mode__rosidl_typesupport_fastrtps_cpp.hpp
[15.101s] -- Up-to-date symlink: /home/autoware/aichallenge2023-integration-final-main/install/autoware_adapi_v1_msgs/include/autoware_adapi_v1_msgs/autoware_adapi_v1_msgs/srv/detail/clear_route__rosidl_typesupport_fastrtps_cpp.hpp
[15.101s] -- Up-to-date symlink: /home/autoware/aichallenge2023-integration-final-main/install/autoware_adapi_v1_msgs/include/autoware_adapi_v1_msgs/autoware_adapi_v1_msgs/srv/detail/initialize_localization__rosidl_typesupport_fastrtps_cpp.hpp
[15.101s] -- Up-to-date symlink: /home/autoware/aichallenge2023-integration-final-main/install/autoware_adapi_v1_msgs/include/autoware_adapi_v1_msgs/autoware_adapi_v1_msgs/srv/detail/set_route__rosidl_typesupport_fastrtps_cpp.hpp
[15.101s] -- Up-to-date symlink: /home/autoware/aichallenge2023-integration-final-main/install/autoware_adapi_v1_msgs/include/autoware_adapi_v1_msgs/autoware_adapi_v1_msgs/srv/detail/set_route_points__rosidl_typesupport_fastrtps_cpp.hpp
[15.102s] -- Up-to-date symlink: /home/autoware/aichallenge2023-integration-final-main/install/autoware_adapi_v1_msgs/include/autoware_adapi_v1_msgs/autoware_adapi_v1_msgs/msg/detail/localization_initialization_state__rosidl_typesupport_introspection_cpp.hpp
[15.102s] -- Up-to-date symlink: /home/autoware/aichallenge2023-integration-final-main/install/autoware_adapi_v1_msgs/include/autoware_adapi_v1_msgs/autoware_adapi_v1_msgs/msg/detail/motion_state__rosidl_typesupport_introspection_cpp.hpp
[15.102s] -- Up-to-date symlink: /home/autoware/aichallenge2023-integration-final-main/install/autoware_adapi_v1_msgs/include/autoware_adapi_v1_msgs/autoware_adapi_v1_msgs/msg/detail/mrm_state__rosidl_typesupport_introspection_cpp.hpp
[15.102s] -- Up-to-date symlink: /home/autoware/aichallenge2023-integration-final-main/install/autoware_adapi_v1_msgs/include/autoware_adapi_v1_msgs/autoware_adapi_v1_msgs/msg/detail/operation_mode_state__rosidl_typesupport_introspection_cpp.hpp
[15.102s] -- Up-to-date symlink: /home/autoware/aichallenge2023-integration-final-main/install/autoware_adapi_v1_msgs/include/autoware_adapi_v1_msgs/autoware_adapi_v1_msgs/msg/detail/response_status__rosidl_typesupport_introspection_cpp.hpp
[15.102s] -- Up-to-date symlink: /home/autoware/aichallenge2023-integration-final-main/install/autoware_adapi_v1_msgs/include/autoware_adapi_v1_msgs/autoware_adapi_v1_msgs/msg/detail/route__rosidl_typesupport_introspection_cpp.hpp
[15.103s] -- Up-to-date symlink: /home/autoware/aichallenge2023-integration-final-main/install/autoware_adapi_v1_msgs/include/autoware_adapi_v1_msgs/autoware_adapi_v1_msgs/msg/detail/route_data__rosidl_typesupport_introspection_cpp.hpp
[15.103s] -- Up-to-date symlink: /home/autoware/aichallenge2023-integration-final-main/install/autoware_adapi_v1_msgs/include/autoware_adapi_v1_msgs/autoware_adapi_v1_msgs/msg/detail/route_primitive__rosidl_typesupport_introspection_cpp.hpp
[15.103s] -- Up-to-date symlink: /home/autoware/aichallenge2023-integration-final-main/install/autoware_adapi_v1_msgs/include/autoware_adapi_v1_msgs/autoware_adapi_v1_msgs/msg/detail/route_segment__rosidl_typesupport_introspection_cpp.hpp
[15.103s] -- Up-to-date symlink: /home/autoware/aichallenge2023-integration-final-main/install/autoware_adapi_v1_msgs/include/autoware_adapi_v1_msgs/autoware_adapi_v1_msgs/msg/detail/route_state__rosidl_typesupport_introspection_cpp.hpp
[15.103s] -- Up-to-date symlink: /home/autoware/aichallenge2023-integration-final-main/install/autoware_adapi_v1_msgs/include/autoware_adapi_v1_msgs/autoware_adapi_v1_msgs/msg/detail/steering_factor__rosidl_typesupport_introspection_cpp.hpp
[15.103s] -- Up-to-date symlink: /home/autoware/aichallenge2023-integration-final-main/install/autoware_adapi_v1_msgs/include/autoware_adapi_v1_msgs/autoware_adapi_v1_msgs/msg/detail/steering_factor_array__rosidl_typesupport_introspection_cpp.hpp
[15.103s] -- Up-to-date symlink: /home/autoware/aichallenge2023-integration-final-main/install/autoware_adapi_v1_msgs/include/autoware_adapi_v1_msgs/autoware_adapi_v1_msgs/msg/detail/velocity_factor__rosidl_typesupport_introspection_cpp.hpp
[15.104s] -- Up-to-date symlink: /home/autoware/aichallenge2023-integration-final-main/install/autoware_adapi_v1_msgs/include/autoware_adapi_v1_msgs/autoware_adapi_v1_msgs/msg/detail/velocity_factor_array__rosidl_typesupport_introspection_cpp.hpp
[15.104s] -- Up-to-date symlink: /home/autoware/aichallenge2023-integration-final-main/install/autoware_adapi_v1_msgs/include/autoware_adapi_v1_msgs/autoware_adapi_v1_msgs/srv/detail/accept_start__rosidl_typesupport_introspection_cpp.hpp
[15.104s] -- Up-to-date symlink: /home/autoware/aichallenge2023-integration-final-main/install/autoware_adapi_v1_msgs/include/autoware_adapi_v1_msgs/autoware_adapi_v1_msgs/srv/detail/change_operation_mode__rosidl_typesupport_introspection_cpp.hpp
[15.104s] -- Up-to-date symlink: /home/autoware/aichallenge2023-integration-final-main/install/autoware_adapi_v1_msgs/include/autoware_adapi_v1_msgs/autoware_adapi_v1_msgs/srv/detail/clear_route__rosidl_typesupport_introspection_cpp.hpp
[15.104s] -- Up-to-date symlink: /home/autoware/aichallenge2023-integration-final-main/install/autoware_adapi_v1_msgs/include/autoware_adapi_v1_msgs/autoware_adapi_v1_msgs/srv/detail/initialize_localization__rosidl_typesupport_introspection_cpp.hpp
[15.104s] -- Up-to-date symlink: /home/autoware/aichallenge2023-integration-final-main/install/autoware_adapi_v1_msgs/include/autoware_adapi_v1_msgs/autoware_adapi_v1_msgs/srv/detail/set_route__rosidl_typesupport_introspection_cpp.hpp
[15.104s] -- Up-to-date symlink: /home/autoware/aichallenge2023-integration-final-main/install/autoware_adapi_v1_msgs/include/autoware_adapi_v1_msgs/autoware_adapi_v1_msgs/srv/detail/set_route_points__rosidl_typesupport_introspection_cpp.hpp
[15.105s] -- Up-to-date symlink: /home/autoware/aichallenge2023-integration-final-main/install/autoware_adapi_v1_msgs/share/autoware_adapi_v1_msgs/environment/pythonpath.sh
[15.105s] -- Up-to-date symlink: /home/autoware/aichallenge2023-integration-final-main/install/autoware_adapi_v1_msgs/share/autoware_adapi_v1_msgs/environment/pythonpath.dsv
[15.105s] -- Up-to-date symlink: /home/autoware/aichallenge2023-integration-final-main/install/autoware_adapi_v1_msgs/local/lib/python3.10/dist-packages/autoware_adapi_v1_msgs-0.0.0-py3.10.egg-info/PKG-INFO
[15.105s] -- Up-to-date symlink: /home/autoware/aichallenge2023-integration-final-main/install/autoware_adapi_v1_msgs/local/lib/python3.10/dist-packages/autoware_adapi_v1_msgs-0.0.0-py3.10.egg-info/SOURCES.txt
[15.106s] -- Up-to-date symlink: /home/autoware/aichallenge2023-integration-final-main/install/autoware_adapi_v1_msgs/local/lib/python3.10/dist-packages/autoware_adapi_v1_msgs-0.0.0-py3.10.egg-info/dependency_links.txt
[15.106s] -- Up-to-date symlink: /home/autoware/aichallenge2023-integration-final-main/install/autoware_adapi_v1_msgs/local/lib/python3.10/dist-packages/autoware_adapi_v1_msgs-0.0.0-py3.10.egg-info/top_level.txt
[15.107s] -- Up-to-date symlink: /home/autoware/aichallenge2023-integration-final-main/install/autoware_adapi_v1_msgs/local/lib/python3.10/dist-packages/autoware_adapi_v1_msgs/__init__.py
[15.107s] -- Up-to-date symlink: /home/autoware/aichallenge2023-integration-final-main/install/autoware_adapi_v1_msgs/local/lib/python3.10/dist-packages/autoware_adapi_v1_msgs/_autoware_adapi_v1_msgs_s.ep.rosidl_typesupport_c.c
[15.107s] -- Up-to-date symlink: /home/autoware/aichallenge2023-integration-final-main/install/autoware_adapi_v1_msgs/local/lib/python3.10/dist-packages/autoware_adapi_v1_msgs/_autoware_adapi_v1_msgs_s.ep.rosidl_typesupport_fastrtps_c.c
[15.107s] -- Up-to-date symlink: /home/autoware/aichallenge2023-integration-final-main/install/autoware_adapi_v1_msgs/local/lib/python3.10/dist-packages/autoware_adapi_v1_msgs/_autoware_adapi_v1_msgs_s.ep.rosidl_typesupport_introspection_c.c
[15.108s] -- Up-to-date symlink: /home/autoware/aichallenge2023-integration-final-main/install/autoware_adapi_v1_msgs/local/lib/python3.10/dist-packages/autoware_adapi_v1_msgs/autoware_adapi_v1_msgs_s__rosidl_typesupport_c.cpython-310-x86_64-linux-gnu.so
[15.108s] -- Up-to-date symlink: /home/autoware/aichallenge2023-integration-final-main/install/autoware_adapi_v1_msgs/local/lib/python3.10/dist-packages/autoware_adapi_v1_msgs/autoware_adapi_v1_msgs_s__rosidl_typesupport_fastrtps_c.cpython-310-x86_64-linux-gnu.so
[15.108s] -- Up-to-date symlink: /home/autoware/aichallenge2023-integration-final-main/install/autoware_adapi_v1_msgs/local/lib/python3.10/dist-packages/autoware_adapi_v1_msgs/autoware_adapi_v1_msgs_s__rosidl_typesupport_introspection_c.cpython-310-x86_64-linux-gnu.so
[15.108s] -- Up-to-date symlink: /home/autoware/aichallenge2023-integration-final-main/install/autoware_adapi_v1_msgs/local/lib/python3.10/dist-packages/autoware_adapi_v1_msgs/libautoware_adapi_v1_msgs__rosidl_generator_py.so
[15.108s] -- Up-to-date symlink: /home/autoware/aichallenge2023-integration-final-main/install/autoware_adapi_v1_msgs/local/lib/python3.10/dist-packages/autoware_adapi_v1_msgs/msg/__init__.py
[15.108s] -- Up-to-date symlink: /home/autoware/aichallenge2023-integration-final-main/install/autoware_adapi_v1_msgs/local/lib/python3.10/dist-packages/autoware_adapi_v1_msgs/msg/_localization_initialization_state.py
[15.108s] -- Up-to-date symlink: /home/autoware/aichallenge2023-integration-final-main/install/autoware_adapi_v1_msgs/local/lib/python3.10/dist-packages/autoware_adapi_v1_msgs/msg/_localization_initialization_state_s.c
[15.108s] -- Up-to-date symlink: /home/autoware/aichallenge2023-integration-final-main/install/autoware_adapi_v1_msgs/local/lib/python3.10/dist-packages/autoware_adapi_v1_msgs/msg/_motion_state.py
[15.109s] -- Up-to-date symlink: /home/autoware/aichallenge2023-integration-final-main/install/autoware_adapi_v1_msgs/local/lib/python3.10/dist-packages/autoware_adapi_v1_msgs/msg/_motion_state_s.c
[15.109s] -- Up-to-date symlink: /home/autoware/aichallenge2023-integration-final-main/install/autoware_adapi_v1_msgs/local/lib/python3.10/dist-packages/autoware_adapi_v1_msgs/msg/_mrm_state.py
[15.110s] -- Up-to-date symlink: /home/autoware/aichallenge2023-integration-final-main/install/autoware_adapi_v1_msgs/local/lib/python3.10/dist-packages/autoware_adapi_v1_msgs/msg/_mrm_state_s.c
[15.110s] -- Up-to-date symlink: /home/autoware/aichallenge2023-integration-final-main/install/autoware_adapi_v1_msgs/local/lib/python3.10/dist-packages/autoware_adapi_v1_msgs/msg/_operation_mode_state.py
[15.110s] -- Up-to-date symlink: /home/autoware/aichallenge2023-integration-final-main/install/autoware_adapi_v1_msgs/local/lib/python3.10/dist-packages/autoware_adapi_v1_msgs/msg/_operation_mode_state_s.c
[15.111s] -- Up-to-date symlink: /home/autoware/aichallenge2023-integration-final-main/install/autoware_adapi_v1_msgs/local/lib/python3.10/dist-packages/autoware_adapi_v1_msgs/msg/_response_status.py
[15.111s] -- Up-to-date symlink: /home/autoware/aichallenge2023-integration-final-main/install/autoware_adapi_v1_msgs/local/lib/python3.10/dist-packages/autoware_adapi_v1_msgs/msg/_response_status_s.c
[15.111s] -- Up-to-date symlink: /home/autoware/aichallenge2023-integration-final-main/install/autoware_adapi_v1_msgs/local/lib/python3.10/dist-packages/autoware_adapi_v1_msgs/msg/_route.py
[15.111s] -- Up-to-date symlink: /home/autoware/aichallenge2023-integration-final-main/install/autoware_adapi_v1_msgs/local/lib/python3.10/dist-packages/autoware_adapi_v1_msgs/msg/_route_data.py
[15.111s] -- Up-to-date symlink: /home/autoware/aichallenge2023-integration-final-main/install/autoware_adapi_v1_msgs/local/lib/python3.10/dist-packages/autoware_adapi_v1_msgs/msg/_route_data_s.c
[15.111s] -- Up-to-date symlink: /home/autoware/aichallenge2023-integration-final-main/install/autoware_adapi_v1_msgs/local/lib/python3.10/dist-packages/autoware_adapi_v1_msgs/msg/_route_primitive.py
[15.111s] -- Up-to-date symlink: /home/autoware/aichallenge2023-integration-final-main/install/autoware_adapi_v1_msgs/local/lib/python3.10/dist-packages/autoware_adapi_v1_msgs/msg/_route_primitive_s.c
[15.111s] -- Up-to-date symlink: /home/autoware/aichallenge2023-integration-final-main/install/autoware_adapi_v1_msgs/local/lib/python3.10/dist-packages/autoware_adapi_v1_msgs/msg/_route_s.c
[15.112s] -- Up-to-date symlink: /home/autoware/aichallenge2023-integration-final-main/install/autoware_adapi_v1_msgs/local/lib/python3.10/dist-packages/autoware_adapi_v1_msgs/msg/_route_segment.py
[15.112s] -- Up-to-date symlink: /home/autoware/aichallenge2023-integration-final-main/install/autoware_adapi_v1_msgs/local/lib/python3.10/dist-packages/autoware_adapi_v1_msgs/msg/_route_segment_s.c
[15.112s] -- Up-to-date symlink: /home/autoware/aichallenge2023-integration-final-main/install/autoware_adapi_v1_msgs/local/lib/python3.10/dist-packages/autoware_adapi_v1_msgs/msg/_route_state.py
[15.112s] -- Up-to-date symlink: /home/autoware/aichallenge2023-integration-final-main/install/autoware_adapi_v1_msgs/local/lib/python3.10/dist-packages/autoware_adapi_v1_msgs/msg/_route_state_s.c
[15.112s] -- Up-to-date symlink: /home/autoware/aichallenge2023-integration-final-main/install/autoware_adapi_v1_msgs/local/lib/python3.10/dist-packages/autoware_adapi_v1_msgs/msg/_steering_factor.py
[15.112s] -- Up-to-date symlink: /home/autoware/aichallenge2023-integration-final-main/install/autoware_adapi_v1_msgs/local/lib/python3.10/dist-packages/autoware_adapi_v1_msgs/msg/_steering_factor_array.py
[15.112s] -- Up-to-date symlink: /home/autoware/aichallenge2023-integration-final-main/install/autoware_adapi_v1_msgs/local/lib/python3.10/dist-packages/autoware_adapi_v1_msgs/msg/_steering_factor_array_s.c
[15.112s] -- Up-to-date symlink: /home/autoware/aichallenge2023-integration-final-main/install/autoware_adapi_v1_msgs/local/lib/python3.10/dist-packages/autoware_adapi_v1_msgs/msg/_steering_factor_s.c
[15.112s] -- Up-to-date symlink: /home/autoware/aichallenge2023-integration-final-main/install/autoware_adapi_v1_msgs/local/lib/python3.10/dist-packages/autoware_adapi_v1_msgs/msg/_velocity_factor.py
[15.113s] -- Up-to-date symlink: /home/autoware/aichallenge2023-integration-final-main/install/autoware_adapi_v1_msgs/local/lib/python3.10/dist-packages/autoware_adapi_v1_msgs/msg/_velocity_factor_array.py
[15.113s] -- Up-to-date symlink: /home/autoware/aichallenge2023-integration-final-main/install/autoware_adapi_v1_msgs/local/lib/python3.10/dist-packages/autoware_adapi_v1_msgs/msg/_velocity_factor_array_s.c
[15.113s] -- Up-to-date symlink: /home/autoware/aichallenge2023-integration-final-main/install/autoware_adapi_v1_msgs/local/lib/python3.10/dist-packages/autoware_adapi_v1_msgs/msg/_velocity_factor_s.c
[15.113s] -- Up-to-date symlink: /home/autoware/aichallenge2023-integration-final-main/install/autoware_adapi_v1_msgs/local/lib/python3.10/dist-packages/autoware_adapi_v1_msgs/srv/__init__.py
[15.113s] -- Up-to-date symlink: /home/autoware/aichallenge2023-integration-final-main/install/autoware_adapi_v1_msgs/local/lib/python3.10/dist-packages/autoware_adapi_v1_msgs/srv/_accept_start.py
[15.113s] -- Up-to-date symlink: /home/autoware/aichallenge2023-integration-final-main/install/autoware_adapi_v1_msgs/local/lib/python3.10/dist-packages/autoware_adapi_v1_msgs/srv/_accept_start_s.c
[15.113s] -- Up-to-date symlink: /home/autoware/aichallenge2023-integration-final-main/install/autoware_adapi_v1_msgs/local/lib/python3.10/dist-packages/autoware_adapi_v1_msgs/srv/_change_operation_mode.py
[15.113s] -- Up-to-date symlink: /home/autoware/aichallenge2023-integration-final-main/install/autoware_adapi_v1_msgs/local/lib/python3.10/dist-packages/autoware_adapi_v1_msgs/srv/_change_operation_mode_s.c
[15.113s] -- Up-to-date symlink: /home/autoware/aichallenge2023-integration-final-main/install/autoware_adapi_v1_msgs/local/lib/python3.10/dist-packages/autoware_adapi_v1_msgs/srv/_clear_route.py
[15.114s] -- Up-to-date symlink: /home/autoware/aichallenge2023-integration-final-main/install/autoware_adapi_v1_msgs/local/lib/python3.10/dist-packages/autoware_adapi_v1_msgs/srv/_clear_route_s.c
[15.114s] -- Up-to-date symlink: /home/autoware/aichallenge2023-integration-final-main/install/autoware_adapi_v1_msgs/local/lib/python3.10/dist-packages/autoware_adapi_v1_msgs/srv/_initialize_localization.py
[15.114s] -- Up-to-date symlink: /home/autoware/aichallenge2023-integration-final-main/install/autoware_adapi_v1_msgs/local/lib/python3.10/dist-packages/autoware_adapi_v1_msgs/srv/_initialize_localization_s.c
[15.114s] -- Up-to-date symlink: /home/autoware/aichallenge2023-integration-final-main/install/autoware_adapi_v1_msgs/local/lib/python3.10/dist-packages/autoware_adapi_v1_msgs/srv/_set_route.py
[15.114s] -- Up-to-date symlink: /home/autoware/aichallenge2023-integration-final-main/install/autoware_adapi_v1_msgs/local/lib/python3.10/dist-packages/autoware_adapi_v1_msgs/srv/_set_route_points.py
[15.114s] -- Up-to-date symlink: /home/autoware/aichallenge2023-integration-final-main/install/autoware_adapi_v1_msgs/local/lib/python3.10/dist-packages/autoware_adapi_v1_msgs/srv/_set_route_points_s.c
[15.114s] -- Up-to-date symlink: /home/autoware/aichallenge2023-integration-final-main/install/autoware_adapi_v1_msgs/local/lib/python3.10/dist-packages/autoware_adapi_v1_msgs/srv/_set_route_s.c
[15.115s] -- Up-to-date symlink: /home/autoware/aichallenge2023-integration-final-main/install/autoware_adapi_v1_msgs/local/lib/python3.10/dist-packages/autoware_adapi_v1_msgs/autoware_adapi_v1_msgs_s__rosidl_typesupport_fastrtps_c.cpython-310-x86_64-linux-gnu.so
[15.115s] -- Up-to-date symlink: /home/autoware/aichallenge2023-integration-final-main/install/autoware_adapi_v1_msgs/local/lib/python3.10/dist-packages/autoware_adapi_v1_msgs/autoware_adapi_v1_msgs_s__rosidl_typesupport_introspection_c.cpython-310-x86_64-linux-gnu.so
[15.115s] -- Up-to-date symlink: /home/autoware/aichallenge2023-integration-final-main/install/autoware_adapi_v1_msgs/local/lib/python3.10/dist-packages/autoware_adapi_v1_msgs/autoware_adapi_v1_msgs_s__rosidl_typesupport_c.cpython-310-x86_64-linux-gnu.so
[15.115s] -- Up-to-date symlink: /home/autoware/aichallenge2023-integration-final-main/install/autoware_adapi_v1_msgs/share/autoware_adapi_v1_msgs/msg/ResponseStatus.idl
[15.115s] -- Up-to-date symlink: /home/autoware/aichallenge2023-integration-final-main/install/autoware_adapi_v1_msgs/share/autoware_adapi_v1_msgs/msg/LocalizationInitializationState.idl
[15.116s] -- Up-to-date symlink: /home/autoware/aichallenge2023-integration-final-main/install/autoware_adapi_v1_msgs/share/autoware_adapi_v1_msgs/srv/InitializeLocalization.idl
[15.116s] -- Up-to-date symlink: /home/autoware/aichallenge2023-integration-final-main/install/autoware_adapi_v1_msgs/share/autoware_adapi_v1_msgs/msg/RouteState.idl
[15.116s] -- Up-to-date symlink: /home/autoware/aichallenge2023-integration-final-main/install/autoware_adapi_v1_msgs/share/autoware_adapi_v1_msgs/msg/Route.idl
[15.116s] -- Up-to-date symlink: /home/autoware/aichallenge2023-integration-final-main/install/autoware_adapi_v1_msgs/share/autoware_adapi_v1_msgs/msg/RouteData.idl
[15.116s] -- Up-to-date symlink: /home/autoware/aichallenge2023-integration-final-main/install/autoware_adapi_v1_msgs/share/autoware_adapi_v1_msgs/msg/RoutePrimitive.idl
[15.117s] -- Up-to-date symlink: /home/autoware/aichallenge2023-integration-final-main/install/autoware_adapi_v1_msgs/share/autoware_adapi_v1_msgs/msg/RouteSegment.idl
[15.117s] -- Up-to-date symlink: /home/autoware/aichallenge2023-integration-final-main/install/autoware_adapi_v1_msgs/share/autoware_adapi_v1_msgs/srv/ClearRoute.idl
[15.120s] -- Up-to-date symlink: /home/autoware/aichallenge2023-integration-final-main/install/autoware_adapi_v1_msgs/share/autoware_adapi_v1_msgs/srv/SetRoute.idl
[15.120s] -- Up-to-date symlink: /home/autoware/aichallenge2023-integration-final-main/install/autoware_adapi_v1_msgs/share/autoware_adapi_v1_msgs/srv/SetRoutePoints.idl
[15.120s] -- Up-to-date symlink: /home/autoware/aichallenge2023-integration-final-main/install/autoware_adapi_v1_msgs/share/autoware_adapi_v1_msgs/msg/OperationModeState.idl
[15.120s] -- Up-to-date symlink: /home/autoware/aichallenge2023-integration-final-main/install/autoware_adapi_v1_msgs/share/autoware_adapi_v1_msgs/srv/ChangeOperationMode.idl
[15.120s] -- Up-to-date symlink: /home/autoware/aichallenge2023-integration-final-main/install/autoware_adapi_v1_msgs/share/autoware_adapi_v1_msgs/msg/MotionState.idl
[15.120s] -- Up-to-date symlink: /home/autoware/aichallenge2023-integration-final-main/install/autoware_adapi_v1_msgs/share/autoware_adapi_v1_msgs/srv/AcceptStart.idl
[15.120s] -- Up-to-date symlink: /home/autoware/aichallenge2023-integration-final-main/install/autoware_adapi_v1_msgs/share/autoware_adapi_v1_msgs/msg/SteeringFactor.idl
[15.120s] -- Up-to-date symlink: /home/autoware/aichallenge2023-integration-final-main/install/autoware_adapi_v1_msgs/share/autoware_adapi_v1_msgs/msg/SteeringFactorArray.idl
[15.120s] -- Up-to-date symlink: /home/autoware/aichallenge2023-integration-final-main/install/autoware_adapi_v1_msgs/share/autoware_adapi_v1_msgs/msg/VelocityFactor.idl
[15.121s] -- Up-to-date symlink: /home/autoware/aichallenge2023-integration-final-main/install/autoware_adapi_v1_msgs/share/autoware_adapi_v1_msgs/msg/VelocityFactorArray.idl
[15.121s] -- Up-to-date symlink: /home/autoware/aichallenge2023-integration-final-main/install/autoware_adapi_v1_msgs/share/autoware_adapi_v1_msgs/msg/MrmState.idl
[15.121s] -- Up-to-date symlink: /home/autoware/aichallenge2023-integration-final-main/install/autoware_adapi_v1_msgs/share/autoware_adapi_v1_msgs/msg/ResponseStatus.msg
[15.121s] -- Up-to-date symlink: /home/autoware/aichallenge2023-integration-final-main/install/autoware_adapi_v1_msgs/share/autoware_adapi_v1_msgs/msg/LocalizationInitializationState.msg
[15.121s] -- Up-to-date symlink: /home/autoware/aichallenge2023-integration-final-main/install/autoware_adapi_v1_msgs/share/autoware_adapi_v1_msgs/srv/InitializeLocalization.srv
[15.121s] -- Up-to-date symlink: /home/autoware/aichallenge2023-integration-final-main/install/autoware_adapi_v1_msgs/share/autoware_adapi_v1_msgs/srv/InitializeLocalization_Request.msg
[15.121s] -- Up-to-date symlink: /home/autoware/aichallenge2023-integration-final-main/install/autoware_adapi_v1_msgs/share/autoware_adapi_v1_msgs/srv/InitializeLocalization_Response.msg
[15.121s] -- Up-to-date symlink: /home/autoware/aichallenge2023-integration-final-main/install/autoware_adapi_v1_msgs/share/autoware_adapi_v1_msgs/msg/RouteState.msg
[15.121s] -- Up-to-date symlink: /home/autoware/aichallenge2023-integration-final-main/install/autoware_adapi_v1_msgs/share/autoware_adapi_v1_msgs/msg/Route.msg
[15.121s] -- Up-to-date symlink: /home/autoware/aichallenge2023-integration-final-main/install/autoware_adapi_v1_msgs/share/autoware_adapi_v1_msgs/msg/RouteData.msg
[15.121s] -- Up-to-date symlink: /home/autoware/aichallenge2023-integration-final-main/install/autoware_adapi_v1_msgs/share/autoware_adapi_v1_msgs/msg/RoutePrimitive.msg
[15.121s] -- Up-to-date symlink: /home/autoware/aichallenge2023-integration-final-main/install/autoware_adapi_v1_msgs/share/autoware_adapi_v1_msgs/msg/RouteSegment.msg
[15.121s] -- Up-to-date symlink: /home/autoware/aichallenge2023-integration-final-main/install/autoware_adapi_v1_msgs/share/autoware_adapi_v1_msgs/srv/ClearRoute.srv
[15.122s] -- Up-to-date symlink: /home/autoware/aichallenge2023-integration-final-main/install/autoware_adapi_v1_msgs/share/autoware_adapi_v1_msgs/srv/ClearRoute_Request.msg
[15.122s] -- Up-to-date symlink: /home/autoware/aichallenge2023-integration-final-main/install/autoware_adapi_v1_msgs/share/autoware_adapi_v1_msgs/srv/ClearRoute_Response.msg
[15.122s] -- Up-to-date symlink: /home/autoware/aichallenge2023-integration-final-main/install/autoware_adapi_v1_msgs/share/autoware_adapi_v1_msgs/srv/SetRoute.srv
[15.122s] -- Up-to-date symlink: /home/autoware/aichallenge2023-integration-final-main/install/autoware_adapi_v1_msgs/share/autoware_adapi_v1_msgs/srv/SetRoute_Request.msg
[15.122s] -- Up-to-date symlink: /home/autoware/aichallenge2023-integration-final-main/install/autoware_adapi_v1_msgs/share/autoware_adapi_v1_msgs/srv/SetRoute_Response.msg
[15.122s] -- Up-to-date symlink: /home/autoware/aichallenge2023-integration-final-main/install/autoware_adapi_v1_msgs/share/autoware_adapi_v1_msgs/srv/SetRoutePoints.srv
[15.122s] -- Up-to-date symlink: /home/autoware/aichallenge2023-integration-final-main/install/autoware_adapi_v1_msgs/share/autoware_adapi_v1_msgs/srv/SetRoutePoints_Request.msg
[15.123s] -- Up-to-date symlink: /home/autoware/aichallenge2023-integration-final-main/install/autoware_adapi_v1_msgs/share/autoware_adapi_v1_msgs/srv/SetRoutePoints_Response.msg
[15.123s] -- Up-to-date symlink: /home/autoware/aichallenge2023-integration-final-main/install/autoware_adapi_v1_msgs/share/autoware_adapi_v1_msgs/msg/OperationModeState.msg
[15.123s] -- Up-to-date symlink: /home/autoware/aichallenge2023-integration-final-main/install/autoware_adapi_v1_msgs/share/autoware_adapi_v1_msgs/srv/ChangeOperationMode.srv
[15.123s] -- Up-to-date symlink: /home/autoware/aichallenge2023-integration-final-main/install/autoware_adapi_v1_msgs/share/autoware_adapi_v1_msgs/srv/ChangeOperationMode_Request.msg
[15.124s] -- Up-to-date symlink: /home/autoware/aichallenge2023-integration-final-main/install/autoware_adapi_v1_msgs/share/autoware_adapi_v1_msgs/srv/ChangeOperationMode_Response.msg
[15.124s] -- Up-to-date symlink: /home/autoware/aichallenge2023-integration-final-main/install/autoware_adapi_v1_msgs/share/autoware_adapi_v1_msgs/msg/MotionState.msg
[15.124s] -- Up-to-date symlink: /home/autoware/aichallenge2023-integration-final-main/install/autoware_adapi_v1_msgs/share/autoware_adapi_v1_msgs/srv/AcceptStart.srv
[15.124s] -- Up-to-date symlink: /home/autoware/aichallenge2023-integration-final-main/install/autoware_adapi_v1_msgs/share/autoware_adapi_v1_msgs/srv/AcceptStart_Request.msg
[15.124s] -- Up-to-date symlink: /home/autoware/aichallenge2023-integration-final-main/install/autoware_adapi_v1_msgs/share/autoware_adapi_v1_msgs/srv/AcceptStart_Response.msg
[15.124s] -- Up-to-date symlink: /home/autoware/aichallenge2023-integration-final-main/install/autoware_adapi_v1_msgs/share/autoware_adapi_v1_msgs/msg/SteeringFactor.msg
[15.125s] -- Up-to-date symlink: /home/autoware/aichallenge2023-integration-final-main/install/autoware_adapi_v1_msgs/share/autoware_adapi_v1_msgs/msg/SteeringFactorArray.msg
[15.125s] -- Up-to-date symlink: /home/autoware/aichallenge2023-integration-final-main/install/autoware_adapi_v1_msgs/share/autoware_adapi_v1_msgs/msg/VelocityFactor.msg
[15.125s] -- Up-to-date symlink: /home/autoware/aichallenge2023-integration-final-main/install/autoware_adapi_v1_msgs/share/autoware_adapi_v1_msgs/msg/VelocityFactorArray.msg
[15.125s] -- Up-to-date symlink: /home/autoware/aichallenge2023-integration-final-main/install/autoware_adapi_v1_msgs/share/autoware_adapi_v1_msgs/msg/MrmState.msg
[15.125s] -- Up-to-date symlink: /home/autoware/aichallenge2023-integration-final-main/install/autoware_adapi_v1_msgs/share/ament_index/resource_index/package_run_dependencies/autoware_adapi_v1_msgs
[15.126s] -- Up-to-date symlink: /home/autoware/aichallenge2023-integration-final-main/install/autoware_adapi_v1_msgs/share/ament_index/resource_index/parent_prefix_path/autoware_adapi_v1_msgs
[15.126s] -- Up-to-date symlink: /home/autoware/aichallenge2023-integration-final-main/install/autoware_adapi_v1_msgs/share/autoware_adapi_v1_msgs/environment/ament_prefix_path.sh
[15.126s] -- Up-to-date symlink: /home/autoware/aichallenge2023-integration-final-main/install/autoware_adapi_v1_msgs/share/autoware_adapi_v1_msgs/environment/ament_prefix_path.dsv
[15.126s] -- Up-to-date symlink: /home/autoware/aichallenge2023-integration-final-main/install/autoware_adapi_v1_msgs/share/autoware_adapi_v1_msgs/environment/path.sh
[15.126s] -- Up-to-date symlink: /home/autoware/aichallenge2023-integration-final-main/install/autoware_adapi_v1_msgs/share/autoware_adapi_v1_msgs/environment/path.dsv
[15.126s] -- Up-to-date symlink: /home/autoware/aichallenge2023-integration-final-main/install/autoware_adapi_v1_msgs/share/autoware_adapi_v1_msgs/local_setup.bash
[15.127s] -- Up-to-date symlink: /home/autoware/aichallenge2023-integration-final-main/install/autoware_adapi_v1_msgs/share/autoware_adapi_v1_msgs/local_setup.sh
[15.127s] -- Up-to-date symlink: /home/autoware/aichallenge2023-integration-final-main/install/autoware_adapi_v1_msgs/share/autoware_adapi_v1_msgs/local_setup.zsh
[15.127s] -- Up-to-date symlink: /home/autoware/aichallenge2023-integration-final-main/install/autoware_adapi_v1_msgs/share/autoware_adapi_v1_msgs/local_setup.dsv
[15.127s] -- Symlinking: /home/autoware/aichallenge2023-integration-final-main/install/autoware_adapi_v1_msgs/share/autoware_adapi_v1_msgs/package.dsv
[15.189s] -- Up-to-date symlink: /home/autoware/aichallenge2023-integration-final-main/install/autoware_adapi_v1_msgs/share/ament_index/resource_index/packages/autoware_adapi_v1_msgs
[15.189s] -- Up-to-date symlink: /home/autoware/aichallenge2023-integration-final-main/install/autoware_adapi_v1_msgs/share/autoware_adapi_v1_msgs/cmake/rosidl_cmake-extras.cmake
[15.190s] -- Up-to-date symlink: /home/autoware/aichallenge2023-integration-final-main/install/autoware_adapi_v1_msgs/share/autoware_adapi_v1_msgs/cmake/ament_cmake_export_dependencies-extras.cmake
[15.190s] -- Up-to-date symlink: /home/autoware/aichallenge2023-integration-final-main/install/autoware_adapi_v1_msgs/share/autoware_adapi_v1_msgs/cmake/ament_cmake_export_include_directories-extras.cmake
[15.190s] -- Up-to-date symlink: /home/autoware/aichallenge2023-integration-final-main/install/autoware_adapi_v1_msgs/share/autoware_adapi_v1_msgs/cmake/ament_cmake_export_libraries-extras.cmake
[15.190s] -- Up-to-date symlink: /home/autoware/aichallenge2023-integration-final-main/install/autoware_adapi_v1_msgs/share/autoware_adapi_v1_msgs/cmake/ament_cmake_export_targets-extras.cmake
[15.191s] -- Up-to-date symlink: /home/autoware/aichallenge2023-integration-final-main/install/autoware_adapi_v1_msgs/share/autoware_adapi_v1_msgs/cmake/rosidl_cmake_export_typesupport_targets-extras.cmake
[15.191s] -- Up-to-date symlink: /home/autoware/aichallenge2023-integration-final-main/install/autoware_adapi_v1_msgs/share/autoware_adapi_v1_msgs/cmake/rosidl_cmake_export_typesupport_libraries-extras.cmake
[15.191s] -- Up-to-date symlink: /home/autoware/aichallenge2023-integration-final-main/install/autoware_adapi_v1_msgs/share/autoware_adapi_v1_msgs/cmake/autoware_adapi_v1_msgsConfig.cmake
[15.191s] -- Up-to-date symlink: /home/autoware/aichallenge2023-integration-final-main/install/autoware_adapi_v1_msgs/share/autoware_adapi_v1_msgs/cmake/autoware_adapi_v1_msgsConfig-version.cmake
[15.191s] -- Up-to-date symlink: /home/autoware/aichallenge2023-integration-final-main/install/autoware_adapi_v1_msgs/share/autoware_adapi_v1_msgs/package.xml
[15.191s] -- Up-to-date: /home/autoware/aichallenge2023-integration-final-main/install/autoware_adapi_v1_msgs/lib/libautoware_adapi_v1_msgs__rosidl_generator_c.so
[15.192s] -- Up-to-date: /home/autoware/aichallenge2023-integration-final-main/install/autoware_adapi_v1_msgs/lib/libautoware_adapi_v1_msgs__rosidl_typesupport_fastrtps_c.so
[15.192s] -- Up-to-date: /home/autoware/aichallenge2023-integration-final-main/install/autoware_adapi_v1_msgs/lib/libautoware_adapi_v1_msgs__rosidl_typesupport_introspection_c.so
[15.192s] -- Up-to-date: /home/autoware/aichallenge2023-integration-final-main/install/autoware_adapi_v1_msgs/lib/libautoware_adapi_v1_msgs__rosidl_typesupport_c.so
[15.192s] -- Up-to-date: /home/autoware/aichallenge2023-integration-final-main/install/autoware_adapi_v1_msgs/lib/libautoware_adapi_v1_msgs__rosidl_typesupport_fastrtps_cpp.so
[15.193s] -- Up-to-date: /home/autoware/aichallenge2023-integration-final-main/install/autoware_adapi_v1_msgs/lib/libautoware_adapi_v1_msgs__rosidl_typesupport_introspection_cpp.so
[15.193s] -- Up-to-date: /home/autoware/aichallenge2023-integration-final-main/install/autoware_adapi_v1_msgs/lib/libautoware_adapi_v1_msgs__rosidl_typesupport_cpp.so
[15.315s] Listing '/home/autoware/aichallenge2023-integration-final-main/install/autoware_adapi_v1_msgs/local/lib/python3.10/dist-packages/autoware_adapi_v1_msgs'...
[15.315s] Listing '/home/autoware/aichallenge2023-integration-final-main/install/autoware_adapi_v1_msgs/local/lib/python3.10/dist-packages/autoware_adapi_v1_msgs/msg'...
[15.315s] Listing '/home/autoware/aichallenge2023-integration-final-main/install/autoware_adapi_v1_msgs/local/lib/python3.10/dist-packages/autoware_adapi_v1_msgs/srv'...
[15.320s] -- Up-to-date: /home/autoware/aichallenge2023-integration-final-main/install/autoware_adapi_v1_msgs/lib/libautoware_adapi_v1_msgs__rosidl_generator_py.so
[15.320s] -- Up-to-date: /home/autoware/aichallenge2023-integration-final-main/install/autoware_adapi_v1_msgs/share/autoware_adapi_v1_msgs/cmake/export_autoware_adapi_v1_msgs__rosidl_generator_cExport.cmake
[15.321s] -- Up-to-date: /home/autoware/aichallenge2023-integration-final-main/install/autoware_adapi_v1_msgs/share/autoware_adapi_v1_msgs/cmake/export_autoware_adapi_v1_msgs__rosidl_generator_cExport-release.cmake
[15.321s] -- Up-to-date: /home/autoware/aichallenge2023-integration-final-main/install/autoware_adapi_v1_msgs/share/autoware_adapi_v1_msgs/cmake/export_autoware_adapi_v1_msgs__rosidl_typesupport_fastrtps_cExport.cmake
[15.321s] -- Up-to-date: /home/autoware/aichallenge2023-integration-final-main/install/autoware_adapi_v1_msgs/share/autoware_adapi_v1_msgs/cmake/export_autoware_adapi_v1_msgs__rosidl_typesupport_fastrtps_cExport-release.cmake
[15.321s] -- Up-to-date: /home/autoware/aichallenge2023-integration-final-main/install/autoware_adapi_v1_msgs/share/autoware_adapi_v1_msgs/cmake/autoware_adapi_v1_msgs__rosidl_typesupport_introspection_cExport.cmake
[15.321s] -- Up-to-date: /home/autoware/aichallenge2023-integration-final-main/install/autoware_adapi_v1_msgs/share/autoware_adapi_v1_msgs/cmake/autoware_adapi_v1_msgs__rosidl_typesupport_introspection_cExport-release.cmake
[15.321s] -- Up-to-date: /home/autoware/aichallenge2023-integration-final-main/install/autoware_adapi_v1_msgs/share/autoware_adapi_v1_msgs/cmake/autoware_adapi_v1_msgs__rosidl_typesupport_cExport.cmake
[15.321s] -- Up-to-date: /home/autoware/aichallenge2023-integration-final-main/install/autoware_adapi_v1_msgs/share/autoware_adapi_v1_msgs/cmake/autoware_adapi_v1_msgs__rosidl_typesupport_cExport-release.cmake
[15.322s] -- Up-to-date: /home/autoware/aichallenge2023-integration-final-main/install/autoware_adapi_v1_msgs/share/autoware_adapi_v1_msgs/cmake/export_autoware_adapi_v1_msgs__rosidl_generator_cppExport.cmake
[15.322s] -- Up-to-date: /home/autoware/aichallenge2023-integration-final-main/install/autoware_adapi_v1_msgs/share/autoware_adapi_v1_msgs/cmake/export_autoware_adapi_v1_msgs__rosidl_typesupport_fastrtps_cppExport.cmake
[15.322s] -- Up-to-date: /home/autoware/aichallenge2023-integration-final-main/install/autoware_adapi_v1_msgs/share/autoware_adapi_v1_msgs/cmake/export_autoware_adapi_v1_msgs__rosidl_typesupport_fastrtps_cppExport-release.cmake
[15.322s] -- Up-to-date: /home/autoware/aichallenge2023-integration-final-main/install/autoware_adapi_v1_msgs/share/autoware_adapi_v1_msgs/cmake/autoware_adapi_v1_msgs__rosidl_typesupport_introspection_cppExport.cmake
[15.322s] -- Up-to-date: /home/autoware/aichallenge2023-integration-final-main/install/autoware_adapi_v1_msgs/share/autoware_adapi_v1_msgs/cmake/autoware_adapi_v1_msgs__rosidl_typesupport_introspection_cppExport-release.cmake
[15.323s] -- Up-to-date: /home/autoware/aichallenge2023-integration-final-main/install/autoware_adapi_v1_msgs/share/autoware_adapi_v1_msgs/cmake/autoware_adapi_v1_msgs__rosidl_typesupport_cppExport.cmake
[15.323s] -- Up-to-date: /home/autoware/aichallenge2023-integration-final-main/install/autoware_adapi_v1_msgs/share/autoware_adapi_v1_msgs/cmake/autoware_adapi_v1_msgs__rosidl_typesupport_cppExport-release.cmake
[15.323s] -- Up-to-date: /home/autoware/aichallenge2023-integration-final-main/install/autoware_adapi_v1_msgs/share/autoware_adapi_v1_msgs/cmake/export_autoware_adapi_v1_msgs__rosidl_generator_pyExport.cmake
[15.323s] -- Up-to-date: /home/autoware/aichallenge2023-integration-final-main/install/autoware_adapi_v1_msgs/share/autoware_adapi_v1_msgs/cmake/export_autoware_adapi_v1_msgs__rosidl_generator_pyExport-release.cmake
[15.333s] Invoked command in '/home/autoware/aichallenge2023-integration-final-main/build/autoware_adapi_v1_msgs' returned '0': CMAKE_PREFIX_PATH=${CMAKE_PREFIX_PATH}:/home/autoware/aichallenge2023-integration-final-main/install/simulator_compatibility_test:/home/autoware/aichallenge2023-integration-final-main/install/ad_api_visualizers:/home/autoware/autoware/install/simulator_compatibility_test:/home/autoware/autoware/install/ad_api_visualizers:/opt/ros/humble /usr/bin/cmake --install /home/autoware/aichallenge2023-integration-final-main/build/autoware_adapi_v1_msgs
