[0.056s] Invoking command in '/home/autoware/aichallenge2023-integration-final-main/build/tier4_rtc_msgs': CMAKE_PREFIX_PATH=${CMAKE_PREFIX_PATH}:/home/autoware/autoware/install/simulator_compatibility_test:/home/autoware/autoware/install/ad_api_visualizers:/opt/ros/humble /usr/bin/cmake /home/autoware/aichallenge2023-integration-final-main/src/universe/external/tier4_autoware_msgs/tier4_rtc_msgs -DCMAKE_BUILD_TYPE=Release -DAMENT_CMAKE_SYMLINK_INSTALL=1 -DCMAKE_INSTALL_PREFIX=/home/autoware/aichallenge2023-integration-final-main/install/tier4_rtc_msgs
[0.614s] -- The C compiler identification is GNU 11.4.0
[0.615s] -- The CXX compiler identification is GNU 11.4.0
[0.615s] -- Detecting C compiler ABI info
[0.615s] -- Detecting C compiler ABI info - done
[0.615s] -- Check for working C compiler: /usr/bin/cc - skipped
[0.615s] -- Detecting C compile features
[0.615s] -- Detecting C compile features - done
[0.615s] -- Detecting CXX compiler ABI info
[0.699s] -- Detecting CXX compiler ABI info - done
[0.719s] -- Check for working CXX compiler: /usr/bin/c++ - skipped
[0.720s] -- Detecting CXX compile features
[0.720s] -- Detecting CXX compile features - done
[0.720s] -- Found ament_cmake_auto: 1.3.5 (/opt/ros/humble/share/ament_cmake_auto/cmake)
[1.048s] -- Found Python3: /usr/bin/python3.10 (found version "3.10.12") found components: Interpreter 
[1.139s] -- Override CMake install command with custom implementation using symlinks instead of copying resources
[1.354s] -- Using all available rosidl_typesupport_c: rosidl_typesupport_fastrtps_c;rosidl_typesupport_introspection_c
[1.363s] -- Found rosidl_adapter: 3.1.5 (/opt/ros/humble/share/rosidl_adapter/cmake)
[1.433s] -- Using all available rosidl_typesupport_cpp: rosidl_typesupport_fastrtps_cpp;rosidl_typesupport_introspection_cpp
[1.892s] -- Found ament_cmake_ros: 0.10.0 (/opt/ros/humble/share/ament_cmake_ros/cmake)
[2.201s] -- Using all available rosidl_typesupport_c: rosidl_typesupport_fastrtps_c;rosidl_typesupport_introspection_c
[2.581s] -- Using all available rosidl_typesupport_cpp: rosidl_typesupport_fastrtps_cpp;rosidl_typesupport_introspection_cpp
[2.625s] -- Found PythonInterp: /usr/bin/python3 (found suitable version "3.10.12", minimum required is "3.6") 
[2.628s] -- Found python_cmake_module: 0.10.0 (/opt/ros/humble/share/python_cmake_module/cmake)
[2.680s] -- Found PythonLibs: /usr/lib/x86_64-linux-gnu/libpython3.10.so (found suitable version "3.10.12", minimum required is "3.5") 
[2.680s] -- Using PYTHON_EXECUTABLE: /usr/bin/python3
[2.680s] -- Using PYTHON_INCLUDE_DIRS: /usr/include/python3.10
[2.680s] -- Using PYTHON_LIBRARIES: /usr/lib/x86_64-linux-gnu/libpython3.10.so
[2.708s] -- Found PythonExtra: .so  
[3.196s] -- Found ament_lint_auto: 0.12.7 (/opt/ros/humble/share/ament_lint_auto/cmake)
[3.232s] -- Added test 'copyright' to check source files copyright and LICENSE
[3.240s] -- Added test 'lint_cmake' to check CMake code style
[3.246s] -- Added test 'xmllint' to check XML markup files
[3.261s] -- Configuring done
[3.362s] -- Generating done
[3.384s] -- Build files have been written to: /home/autoware/aichallenge2023-integration-final-main/build/tier4_rtc_msgs
[3.482s] Invoked command in '/home/autoware/aichallenge2023-integration-final-main/build/tier4_rtc_msgs' returned '0': CMAKE_PREFIX_PATH=${CMAKE_PREFIX_PATH}:/home/autoware/autoware/install/simulator_compatibility_test:/home/autoware/autoware/install/ad_api_visualizers:/opt/ros/humble /usr/bin/cmake /home/autoware/aichallenge2023-integration-final-main/src/universe/external/tier4_autoware_msgs/tier4_rtc_msgs -DCMAKE_BUILD_TYPE=Release -DAMENT_CMAKE_SYMLINK_INSTALL=1 -DCMAKE_INSTALL_PREFIX=/home/autoware/aichallenge2023-integration-final-main/install/tier4_rtc_msgs
[3.496s] Invoking command in '/home/autoware/aichallenge2023-integration-final-main/build/tier4_rtc_msgs': CMAKE_PREFIX_PATH=${CMAKE_PREFIX_PATH}:/home/autoware/autoware/install/simulator_compatibility_test:/home/autoware/autoware/install/ad_api_visualizers:/opt/ros/humble /usr/bin/cmake --build /home/autoware/aichallenge2023-integration-final-main/build/tier4_rtc_msgs -- -j16 -l16
[4.425s] [  1%] [34m[1mGenerating C code for ROS interfaces[0m
[4.425s] [  1%] [34m[1mGenerating C++ code for ROS interfaces[0m
[4.426s] [  1%] Built target ament_cmake_python_symlink_tier4_rtc_msgs
[5.470s] running egg_info
[5.471s] creating tier4_rtc_msgs.egg-info
[5.471s] writing tier4_rtc_msgs.egg-info/PKG-INFO
[5.471s] writing dependency_links to tier4_rtc_msgs.egg-info/dependency_links.txt
[5.471s] writing top-level names to tier4_rtc_msgs.egg-info/top_level.txt
[5.472s] writing manifest file 'tier4_rtc_msgs.egg-info/SOURCES.txt'
[5.474s] reading manifest file 'tier4_rtc_msgs.egg-info/SOURCES.txt'
[5.512s] writing manifest file 'tier4_rtc_msgs.egg-info/SOURCES.txt'
[5.740s] [  1%] Built target ament_cmake_python_build_tier4_rtc_msgs_egg
[8.939s] [  1%] Built target tier4_rtc_msgs__cpp
[9.175s] [  2%] [34m[1mGenerating C++ type support dispatch for ROS interfaces[0m
[9.175s] [  2%] [34m[1mGenerating C++ type support for eProsima Fast-RTPS[0m
[9.211s] [  3%] [34m[1mGenerating C++ introspection for ROS interfaces[0m
[10.188s] [  4%] [32mBuilding C object CMakeFiles/tier4_rtc_msgs__rosidl_generator_c.dir/rosidl_generator_c/tier4_rtc_msgs/msg/detail/command__functions.c.o[0m
[10.244s] [  5%] [32mBuilding C object CMakeFiles/tier4_rtc_msgs__rosidl_generator_c.dir/rosidl_generator_c/tier4_rtc_msgs/msg/detail/cooperate_status_array__functions.c.o[0m
[10.281s] [  6%] [32mBuilding C object CMakeFiles/tier4_rtc_msgs__rosidl_generator_c.dir/rosidl_generator_c/tier4_rtc_msgs/msg/detail/cooperate_status__functions.c.o[0m
[10.293s] [  7%] [32mBuilding C object CMakeFiles/tier4_rtc_msgs__rosidl_generator_c.dir/rosidl_generator_c/tier4_rtc_msgs/msg/detail/cooperate_response__functions.c.o[0m
[10.296s] [  8%] [32mBuilding C object CMakeFiles/tier4_rtc_msgs__rosidl_generator_c.dir/rosidl_generator_c/tier4_rtc_msgs/msg/detail/cooperate_command__functions.c.o[0m
[10.372s] [  9%] [32mBuilding C object CMakeFiles/tier4_rtc_msgs__rosidl_generator_c.dir/rosidl_generator_c/tier4_rtc_msgs/msg/detail/auto_mode_status__functions.c.o[0m
[10.375s] [ 10%] [32mBuilding C object CMakeFiles/tier4_rtc_msgs__rosidl_generator_c.dir/rosidl_generator_c/tier4_rtc_msgs/msg/detail/auto_mode_status_array__functions.c.o[0m
[10.621s] [ 10%] [32mBuilding C object CMakeFiles/tier4_rtc_msgs__rosidl_generator_c.dir/rosidl_generator_c/tier4_rtc_msgs/msg/detail/module__functions.c.o[0m
[10.657s] [ 11%] [32mBuilding C object CMakeFiles/tier4_rtc_msgs__rosidl_generator_c.dir/rosidl_generator_c/tier4_rtc_msgs/srv/detail/auto_mode_with_module__functions.c.o[0m
[10.667s] [ 12%] [32mBuilding C object CMakeFiles/tier4_rtc_msgs__rosidl_generator_c.dir/rosidl_generator_c/tier4_rtc_msgs/srv/detail/auto_mode__functions.c.o[0m
[10.756s] [ 13%] [32mBuilding C object CMakeFiles/tier4_rtc_msgs__rosidl_generator_c.dir/rosidl_generator_c/tier4_rtc_msgs/srv/detail/cooperate_commands__functions.c.o[0m
[11.898s] [ 14%] [32m[1mLinking C shared library libtier4_rtc_msgs__rosidl_generator_c.so[0m
[12.095s] [ 15%] [32mBuilding CXX object CMakeFiles/tier4_rtc_msgs__rosidl_typesupport_introspection_cpp.dir/rosidl_typesupport_introspection_cpp/tier4_rtc_msgs/msg/detail/command__type_support.cpp.o[0m
[12.099s] [ 16%] [32mBuilding CXX object CMakeFiles/tier4_rtc_msgs__rosidl_typesupport_introspection_cpp.dir/rosidl_typesupport_introspection_cpp/tier4_rtc_msgs/msg/detail/cooperate_status__type_support.cpp.o[0m
[12.125s] [ 16%] [32mBuilding CXX object CMakeFiles/tier4_rtc_msgs__rosidl_typesupport_introspection_cpp.dir/rosidl_typesupport_introspection_cpp/tier4_rtc_msgs/msg/detail/cooperate_command__type_support.cpp.o[0m
[12.188s] [ 17%] [32mBuilding CXX object CMakeFiles/tier4_rtc_msgs__rosidl_typesupport_introspection_cpp.dir/rosidl_typesupport_introspection_cpp/tier4_rtc_msgs/msg/detail/cooperate_response__type_support.cpp.o[0m
[12.215s] [ 18%] [32mBuilding CXX object CMakeFiles/tier4_rtc_msgs__rosidl_typesupport_introspection_cpp.dir/rosidl_typesupport_introspection_cpp/tier4_rtc_msgs/msg/detail/cooperate_status_array__type_support.cpp.o[0m
[12.230s] [ 19%] [32mBuilding CXX object CMakeFiles/tier4_rtc_msgs__rosidl_typesupport_introspection_cpp.dir/rosidl_typesupport_introspection_cpp/tier4_rtc_msgs/msg/detail/auto_mode_status_array__type_support.cpp.o[0m
[12.235s] [ 20%] [32mBuilding CXX object CMakeFiles/tier4_rtc_msgs__rosidl_typesupport_introspection_cpp.dir/rosidl_typesupport_introspection_cpp/tier4_rtc_msgs/msg/detail/module__type_support.cpp.o[0m
[12.242s] [ 20%] Built target tier4_rtc_msgs__rosidl_generator_c
[12.261s] [ 21%] [32mBuilding CXX object CMakeFiles/tier4_rtc_msgs__rosidl_typesupport_introspection_cpp.dir/rosidl_typesupport_introspection_cpp/tier4_rtc_msgs/msg/detail/auto_mode_status__type_support.cpp.o[0m
[12.268s] [ 22%] [32mBuilding CXX object CMakeFiles/tier4_rtc_msgs__rosidl_typesupport_introspection_cpp.dir/rosidl_typesupport_introspection_cpp/tier4_rtc_msgs/srv/detail/auto_mode__type_support.cpp.o[0m
[12.376s] [ 23%] [32mBuilding CXX object CMakeFiles/tier4_rtc_msgs__rosidl_typesupport_introspection_cpp.dir/rosidl_typesupport_introspection_cpp/tier4_rtc_msgs/srv/detail/auto_mode_with_module__type_support.cpp.o[0m
[12.440s] [ 24%] [34m[1mGenerating C type support for eProsima Fast-RTPS[0m
[12.482s] [ 25%] [32mBuilding CXX object CMakeFiles/tier4_rtc_msgs__rosidl_typesupport_introspection_cpp.dir/rosidl_typesupport_introspection_cpp/tier4_rtc_msgs/srv/detail/cooperate_commands__type_support.cpp.o[0m
[12.500s] [ 26%] [34m[1mGenerating C introspection for ROS interfaces[0m
[12.518s] [ 27%] [34m[1mGenerating C type support dispatch for ROS interfaces[0m
[14.788s] [ 28%] [32mBuilding CXX object CMakeFiles/tier4_rtc_msgs__rosidl_typesupport_cpp.dir/rosidl_typesupport_cpp/tier4_rtc_msgs/msg/command__type_support.cpp.o[0m
[15.879s] [ 29%] [32mBuilding CXX object CMakeFiles/tier4_rtc_msgs__rosidl_typesupport_cpp.dir/rosidl_typesupport_cpp/tier4_rtc_msgs/srv/auto_mode_with_module__type_support.cpp.o[0m
[16.096s] [ 30%] [32m[1mLinking CXX shared library libtier4_rtc_msgs__rosidl_typesupport_introspection_cpp.so[0m
[16.340s] [ 31%] [32mBuilding CXX object CMakeFiles/tier4_rtc_msgs__rosidl_typesupport_c.dir/rosidl_typesupport_c/tier4_rtc_msgs/msg/command__type_support.cpp.o[0m
[16.456s] [ 31%] Built target tier4_rtc_msgs__rosidl_typesupport_introspection_cpp
[16.526s] [ 32%] [32mBuilding CXX object CMakeFiles/tier4_rtc_msgs__rosidl_typesupport_c.dir/rosidl_typesupport_c/tier4_rtc_msgs/msg/cooperate_command__type_support.cpp.o[0m
[16.570s] [ 33%] [32mBuilding CXX object CMakeFiles/tier4_rtc_msgs__rosidl_typesupport_cpp.dir/rosidl_typesupport_cpp/tier4_rtc_msgs/srv/cooperate_commands__type_support.cpp.o[0m
[16.710s] [ 34%] [32mBuilding CXX object CMakeFiles/tier4_rtc_msgs__rosidl_typesupport_c.dir/rosidl_typesupport_c/tier4_rtc_msgs/msg/cooperate_status_array__type_support.cpp.o[0m
[16.945s] [ 35%] [32mBuilding CXX object CMakeFiles/tier4_rtc_msgs__rosidl_typesupport_c.dir/rosidl_typesupport_c/tier4_rtc_msgs/msg/auto_mode_status__type_support.cpp.o[0m
[17.133s] [ 36%] [32mBuilding CXX object CMakeFiles/tier4_rtc_msgs__rosidl_typesupport_c.dir/rosidl_typesupport_c/tier4_rtc_msgs/msg/auto_mode_status_array__type_support.cpp.o[0m
[17.186s] [ 37%] [32mBuilding CXX object CMakeFiles/tier4_rtc_msgs__rosidl_typesupport_cpp.dir/rosidl_typesupport_cpp/tier4_rtc_msgs/srv/auto_mode__type_support.cpp.o[0m
[17.276s] [ 38%] [32mBuilding CXX object CMakeFiles/tier4_rtc_msgs__rosidl_typesupport_fastrtps_cpp.dir/rosidl_typesupport_fastrtps_cpp/tier4_rtc_msgs/msg/detail/dds_fastrtps/command__type_support.cpp.o[0m
[17.348s] [ 39%] [32mBuilding CXX object CMakeFiles/tier4_rtc_msgs__rosidl_typesupport_c.dir/rosidl_typesupport_c/tier4_rtc_msgs/srv/auto_mode__type_support.cpp.o[0m
[17.562s] [ 40%] [32mBuilding CXX object CMakeFiles/tier4_rtc_msgs__rosidl_typesupport_c.dir/rosidl_typesupport_c/tier4_rtc_msgs/msg/module__type_support.cpp.o[0m
[17.725s] [ 41%] [32mBuilding CXX object CMakeFiles/tier4_rtc_msgs__rosidl_typesupport_c.dir/rosidl_typesupport_c/tier4_rtc_msgs/srv/auto_mode_with_module__type_support.cpp.o[0m
[17.909s] [ 42%] [32mBuilding CXX object CMakeFiles/tier4_rtc_msgs__rosidl_typesupport_c.dir/rosidl_typesupport_c/tier4_rtc_msgs/msg/cooperate_status__type_support.cpp.o[0m
[17.981s] [ 43%] [32mBuilding C object CMakeFiles/tier4_rtc_msgs__rosidl_typesupport_introspection_c.dir/rosidl_typesupport_introspection_c/tier4_rtc_msgs/msg/detail/command__type_support.c.o[0m
[17.997s] [ 43%] [32mBuilding CXX object CMakeFiles/tier4_rtc_msgs__rosidl_typesupport_cpp.dir/rosidl_typesupport_cpp/tier4_rtc_msgs/msg/module__type_support.cpp.o[0m
[18.099s] [ 44%] [32mBuilding CXX object CMakeFiles/tier4_rtc_msgs__rosidl_typesupport_fastrtps_cpp.dir/rosidl_typesupport_fastrtps_cpp/tier4_rtc_msgs/msg/detail/dds_fastrtps/cooperate_status__type_support.cpp.o[0m
[18.151s] [ 45%] [32mBuilding CXX object CMakeFiles/tier4_rtc_msgs__rosidl_typesupport_c.dir/rosidl_typesupport_c/tier4_rtc_msgs/srv/cooperate_commands__type_support.cpp.o[0m
[18.180s] [ 46%] [32mBuilding C object CMakeFiles/tier4_rtc_msgs__rosidl_typesupport_introspection_c.dir/rosidl_typesupport_introspection_c/tier4_rtc_msgs/msg/detail/cooperate_command__type_support.c.o[0m
[18.255s] [ 47%] [32mBuilding CXX object CMakeFiles/tier4_rtc_msgs__rosidl_typesupport_fastrtps_c.dir/rosidl_typesupport_fastrtps_c/tier4_rtc_msgs/msg/detail/command__type_support_c.cpp.o[0m
[18.352s] [ 47%] [32mBuilding CXX object CMakeFiles/tier4_rtc_msgs__rosidl_typesupport_c.dir/rosidl_typesupport_c/tier4_rtc_msgs/msg/cooperate_response__type_support.cpp.o[0m
[18.355s] [ 48%] [32mBuilding C object CMakeFiles/tier4_rtc_msgs__rosidl_typesupport_introspection_c.dir/rosidl_typesupport_introspection_c/tier4_rtc_msgs/msg/detail/cooperate_response__type_support.c.o[0m
[18.540s] [ 49%] [32m[1mLinking CXX shared library libtier4_rtc_msgs__rosidl_typesupport_c.so[0m
[18.568s] [ 50%] [32mBuilding C object CMakeFiles/tier4_rtc_msgs__rosidl_typesupport_introspection_c.dir/rosidl_typesupport_introspection_c/tier4_rtc_msgs/msg/detail/cooperate_status__type_support.c.o[0m
[18.700s] [ 51%] [32mBuilding CXX object CMakeFiles/tier4_rtc_msgs__rosidl_typesupport_cpp.dir/rosidl_typesupport_cpp/tier4_rtc_msgs/msg/auto_mode_status_array__type_support.cpp.o[0m
[18.765s] [ 52%] [32mBuilding C object CMakeFiles/tier4_rtc_msgs__rosidl_typesupport_introspection_c.dir/rosidl_typesupport_introspection_c/tier4_rtc_msgs/msg/detail/cooperate_status_array__type_support.c.o[0m
[18.834s] [ 52%] Built target tier4_rtc_msgs__rosidl_typesupport_c
[18.967s] [ 53%] [32mBuilding C object CMakeFiles/tier4_rtc_msgs__rosidl_typesupport_introspection_c.dir/rosidl_typesupport_introspection_c/tier4_rtc_msgs/msg/detail/auto_mode_status__type_support.c.o[0m
[19.050s] [ 54%] [32mBuilding CXX object CMakeFiles/tier4_rtc_msgs__rosidl_typesupport_fastrtps_cpp.dir/rosidl_typesupport_fastrtps_cpp/tier4_rtc_msgs/msg/detail/dds_fastrtps/auto_mode_status_array__type_support.cpp.o[0m
[19.057s] [ 55%] [32mBuilding CXX object CMakeFiles/tier4_rtc_msgs__rosidl_typesupport_fastrtps_c.dir/rosidl_typesupport_fastrtps_c/tier4_rtc_msgs/msg/detail/cooperate_status__type_support_c.cpp.o[0m
[19.124s] [ 55%] [32mBuilding C object CMakeFiles/tier4_rtc_msgs__rosidl_typesupport_introspection_c.dir/rosidl_typesupport_introspection_c/tier4_rtc_msgs/msg/detail/auto_mode_status_array__type_support.c.o[0m
[19.202s] [ 56%] [32mBuilding CXX object CMakeFiles/tier4_rtc_msgs__rosidl_typesupport_cpp.dir/rosidl_typesupport_cpp/tier4_rtc_msgs/msg/auto_mode_status__type_support.cpp.o[0m
[19.332s] [ 57%] [32mBuilding C object CMakeFiles/tier4_rtc_msgs__rosidl_typesupport_introspection_c.dir/rosidl_typesupport_introspection_c/tier4_rtc_msgs/msg/detail/module__type_support.c.o[0m
[19.536s] [ 58%] [32mBuilding C object CMakeFiles/tier4_rtc_msgs__rosidl_typesupport_introspection_c.dir/rosidl_typesupport_introspection_c/tier4_rtc_msgs/srv/detail/auto_mode__type_support.c.o[0m
[19.771s] [ 59%] [32mBuilding C object CMakeFiles/tier4_rtc_msgs__rosidl_typesupport_introspection_c.dir/rosidl_typesupport_introspection_c/tier4_rtc_msgs/srv/detail/auto_mode_with_module__type_support.c.o[0m
[19.802s] [ 60%] [32mBuilding CXX object CMakeFiles/tier4_rtc_msgs__rosidl_typesupport_cpp.dir/rosidl_typesupport_cpp/tier4_rtc_msgs/msg/cooperate_status_array__type_support.cpp.o[0m
[19.803s] [ 61%] [32mBuilding CXX object CMakeFiles/tier4_rtc_msgs__rosidl_typesupport_fastrtps_cpp.dir/rosidl_typesupport_fastrtps_cpp/tier4_rtc_msgs/msg/detail/dds_fastrtps/module__type_support.cpp.o[0m
[19.952s] [ 62%] [32mBuilding C object CMakeFiles/tier4_rtc_msgs__rosidl_typesupport_introspection_c.dir/rosidl_typesupport_introspection_c/tier4_rtc_msgs/srv/detail/cooperate_commands__type_support.c.o[0m
[20.049s] [ 63%] [32mBuilding CXX object CMakeFiles/tier4_rtc_msgs__rosidl_typesupport_fastrtps_c.dir/rosidl_typesupport_fastrtps_c/tier4_rtc_msgs/msg/detail/auto_mode_status__type_support_c.cpp.o[0m
[20.181s] [ 64%] [32m[1mLinking C shared library libtier4_rtc_msgs__rosidl_typesupport_introspection_c.so[0m
[20.369s] [ 64%] Built target tier4_rtc_msgs__rosidl_typesupport_introspection_c
[20.369s] [ 65%] [32mBuilding CXX object CMakeFiles/tier4_rtc_msgs__rosidl_typesupport_cpp.dir/rosidl_typesupport_cpp/tier4_rtc_msgs/msg/cooperate_status__type_support.cpp.o[0m
[20.545s] [ 65%] [32mBuilding CXX object CMakeFiles/tier4_rtc_msgs__rosidl_typesupport_fastrtps_cpp.dir/rosidl_typesupport_fastrtps_cpp/tier4_rtc_msgs/srv/detail/dds_fastrtps/auto_mode_with_module__type_support.cpp.o[0m
[20.636s] [ 66%] [32mBuilding CXX object CMakeFiles/tier4_rtc_msgs__rosidl_typesupport_fastrtps_c.dir/rosidl_typesupport_fastrtps_c/tier4_rtc_msgs/srv/detail/auto_mode__type_support_c.cpp.o[0m
[20.904s] [ 67%] [32mBuilding CXX object CMakeFiles/tier4_rtc_msgs__rosidl_typesupport_cpp.dir/rosidl_typesupport_cpp/tier4_rtc_msgs/msg/cooperate_response__type_support.cpp.o[0m
[21.217s] [ 68%] [32mBuilding CXX object CMakeFiles/tier4_rtc_msgs__rosidl_typesupport_fastrtps_cpp.dir/rosidl_typesupport_fastrtps_cpp/tier4_rtc_msgs/srv/detail/dds_fastrtps/cooperate_commands__type_support.cpp.o[0m
[21.269s] [ 69%] [32mBuilding CXX object CMakeFiles/tier4_rtc_msgs__rosidl_typesupport_fastrtps_c.dir/rosidl_typesupport_fastrtps_c/tier4_rtc_msgs/srv/detail/cooperate_commands__type_support_c.cpp.o[0m
[21.404s] [ 70%] [32mBuilding CXX object CMakeFiles/tier4_rtc_msgs__rosidl_typesupport_cpp.dir/rosidl_typesupport_cpp/tier4_rtc_msgs/msg/cooperate_command__type_support.cpp.o[0m
[21.865s] [ 71%] [32m[1mLinking CXX shared library libtier4_rtc_msgs__rosidl_typesupport_cpp.so[0m
[21.900s] [ 72%] [32mBuilding CXX object CMakeFiles/tier4_rtc_msgs__rosidl_typesupport_fastrtps_c.dir/rosidl_typesupport_fastrtps_c/tier4_rtc_msgs/srv/detail/auto_mode_with_module__type_support_c.cpp.o[0m
[21.944s] [ 73%] [32mBuilding CXX object CMakeFiles/tier4_rtc_msgs__rosidl_typesupport_fastrtps_cpp.dir/rosidl_typesupport_fastrtps_cpp/tier4_rtc_msgs/srv/detail/dds_fastrtps/auto_mode__type_support.cpp.o[0m
[21.985s] [ 73%] Built target tier4_rtc_msgs__rosidl_typesupport_cpp
[22.415s] [ 74%] [32mBuilding CXX object CMakeFiles/tier4_rtc_msgs__rosidl_typesupport_fastrtps_c.dir/rosidl_typesupport_fastrtps_c/tier4_rtc_msgs/msg/detail/module__type_support_c.cpp.o[0m
[22.584s] [ 75%] [32mBuilding CXX object CMakeFiles/tier4_rtc_msgs__rosidl_typesupport_fastrtps_cpp.dir/rosidl_typesupport_fastrtps_cpp/tier4_rtc_msgs/msg/detail/dds_fastrtps/auto_mode_status__type_support.cpp.o[0m
[22.894s] [ 76%] [32mBuilding CXX object CMakeFiles/tier4_rtc_msgs__rosidl_typesupport_fastrtps_c.dir/rosidl_typesupport_fastrtps_c/tier4_rtc_msgs/msg/detail/auto_mode_status_array__type_support_c.cpp.o[0m
[23.157s] [ 77%] [32mBuilding CXX object CMakeFiles/tier4_rtc_msgs__rosidl_typesupport_fastrtps_cpp.dir/rosidl_typesupport_fastrtps_cpp/tier4_rtc_msgs/msg/detail/dds_fastrtps/cooperate_status_array__type_support.cpp.o[0m
[23.422s] [ 77%] [32mBuilding CXX object CMakeFiles/tier4_rtc_msgs__rosidl_typesupport_fastrtps_c.dir/rosidl_typesupport_fastrtps_c/tier4_rtc_msgs/msg/detail/cooperate_status_array__type_support_c.cpp.o[0m
[23.798s] [ 78%] [32mBuilding CXX object CMakeFiles/tier4_rtc_msgs__rosidl_typesupport_fastrtps_cpp.dir/rosidl_typesupport_fastrtps_cpp/tier4_rtc_msgs/msg/detail/dds_fastrtps/cooperate_response__type_support.cpp.o[0m
[23.920s] [ 79%] [32mBuilding CXX object CMakeFiles/tier4_rtc_msgs__rosidl_typesupport_fastrtps_c.dir/rosidl_typesupport_fastrtps_c/tier4_rtc_msgs/msg/detail/cooperate_response__type_support_c.cpp.o[0m
[24.356s] [ 80%] [32mBuilding CXX object CMakeFiles/tier4_rtc_msgs__rosidl_typesupport_fastrtps_cpp.dir/rosidl_typesupport_fastrtps_cpp/tier4_rtc_msgs/msg/detail/dds_fastrtps/cooperate_command__type_support.cpp.o[0m
[24.428s] [ 81%] [32mBuilding CXX object CMakeFiles/tier4_rtc_msgs__rosidl_typesupport_fastrtps_c.dir/rosidl_typesupport_fastrtps_c/tier4_rtc_msgs/msg/detail/cooperate_command__type_support_c.cpp.o[0m
[24.909s] [ 82%] [32m[1mLinking CXX shared library libtier4_rtc_msgs__rosidl_typesupport_fastrtps_c.so[0m
[24.956s] [ 83%] [32m[1mLinking CXX shared library libtier4_rtc_msgs__rosidl_typesupport_fastrtps_cpp.so[0m
[25.074s] [ 83%] Built target tier4_rtc_msgs__rosidl_typesupport_fastrtps_c
[25.117s] [ 83%] Built target tier4_rtc_msgs__rosidl_typesupport_fastrtps_cpp
[25.193s] [ 83%] Built target tier4_rtc_msgs
[25.285s] [ 84%] [34m[1mGenerating Python code for ROS interfaces[0m
[27.952s] [ 84%] Built target tier4_rtc_msgs__py
[28.039s] [ 85%] [32mBuilding C object CMakeFiles/tier4_rtc_msgs__rosidl_generator_py.dir/rosidl_generator_py/tier4_rtc_msgs/msg/_command_s.c.o[0m
[28.234s] [ 86%] [32mBuilding C object CMakeFiles/tier4_rtc_msgs__rosidl_generator_py.dir/rosidl_generator_py/tier4_rtc_msgs/srv/_cooperate_commands_s.c.o[0m
[28.502s] [ 87%] [32mBuilding C object CMakeFiles/tier4_rtc_msgs__rosidl_generator_py.dir/rosidl_generator_py/tier4_rtc_msgs/srv/_auto_mode_with_module_s.c.o[0m
[28.737s] [ 88%] [32mBuilding C object CMakeFiles/tier4_rtc_msgs__rosidl_generator_py.dir/rosidl_generator_py/tier4_rtc_msgs/srv/_auto_mode_s.c.o[0m
[28.959s] [ 89%] [32mBuilding C object CMakeFiles/tier4_rtc_msgs__rosidl_generator_py.dir/rosidl_generator_py/tier4_rtc_msgs/msg/_module_s.c.o[0m
[29.169s] [ 90%] [32mBuilding C object CMakeFiles/tier4_rtc_msgs__rosidl_generator_py.dir/rosidl_generator_py/tier4_rtc_msgs/msg/_auto_mode_status_array_s.c.o[0m
[29.401s] [ 90%] [32mBuilding C object CMakeFiles/tier4_rtc_msgs__rosidl_generator_py.dir/rosidl_generator_py/tier4_rtc_msgs/msg/_auto_mode_status_s.c.o[0m
[29.608s] [ 91%] [32mBuilding C object CMakeFiles/tier4_rtc_msgs__rosidl_generator_py.dir/rosidl_generator_py/tier4_rtc_msgs/msg/_cooperate_status_array_s.c.o[0m
[29.837s] [ 92%] [32mBuilding C object CMakeFiles/tier4_rtc_msgs__rosidl_generator_py.dir/rosidl_generator_py/tier4_rtc_msgs/msg/_cooperate_status_s.c.o[0m
[30.073s] [ 93%] [32mBuilding C object CMakeFiles/tier4_rtc_msgs__rosidl_generator_py.dir/rosidl_generator_py/tier4_rtc_msgs/msg/_cooperate_response_s.c.o[0m
[30.275s] [ 94%] [32mBuilding C object CMakeFiles/tier4_rtc_msgs__rosidl_generator_py.dir/rosidl_generator_py/tier4_rtc_msgs/msg/_cooperate_command_s.c.o[0m
[30.502s] [ 95%] [32m[1mLinking C shared library rosidl_generator_py/tier4_rtc_msgs/libtier4_rtc_msgs__rosidl_generator_py.so[0m
[30.617s] [ 95%] Built target tier4_rtc_msgs__rosidl_generator_py
[30.693s] [ 96%] [32mBuilding C object CMakeFiles/tier4_rtc_msgs__rosidl_typesupport_fastrtps_c__pyext.dir/rosidl_generator_py/tier4_rtc_msgs/_tier4_rtc_msgs_s.ep.rosidl_typesupport_fastrtps_c.c.o[0m
[31.115s] [ 97%] [32m[1mLinking C shared library rosidl_generator_py/tier4_rtc_msgs/tier4_rtc_msgs_s__rosidl_typesupport_fastrtps_c.cpython-310-x86_64-linux-gnu.so[0m
[31.218s] [ 97%] Built target tier4_rtc_msgs__rosidl_typesupport_fastrtps_c__pyext
[31.298s] [ 97%] [32mBuilding C object CMakeFiles/tier4_rtc_msgs__rosidl_typesupport_c__pyext.dir/rosidl_generator_py/tier4_rtc_msgs/_tier4_rtc_msgs_s.ep.rosidl_typesupport_c.c.o[0m
[31.686s] [ 98%] [32m[1mLinking C shared library rosidl_generator_py/tier4_rtc_msgs/tier4_rtc_msgs_s__rosidl_typesupport_c.cpython-310-x86_64-linux-gnu.so[0m
[31.779s] [ 98%] Built target tier4_rtc_msgs__rosidl_typesupport_c__pyext
[31.856s] [ 99%] [32mBuilding C object CMakeFiles/tier4_rtc_msgs__rosidl_typesupport_introspection_c__pyext.dir/rosidl_generator_py/tier4_rtc_msgs/_tier4_rtc_msgs_s.ep.rosidl_typesupport_introspection_c.c.o[0m
[32.256s] [100%] [32m[1mLinking C shared library rosidl_generator_py/tier4_rtc_msgs/tier4_rtc_msgs_s__rosidl_typesupport_introspection_c.cpython-310-x86_64-linux-gnu.so[0m
[32.357s] [100%] Built target tier4_rtc_msgs__rosidl_typesupport_introspection_c__pyext
[32.386s] Invoked command in '/home/autoware/aichallenge2023-integration-final-main/build/tier4_rtc_msgs' returned '0': CMAKE_PREFIX_PATH=${CMAKE_PREFIX_PATH}:/home/autoware/autoware/install/simulator_compatibility_test:/home/autoware/autoware/install/ad_api_visualizers:/opt/ros/humble /usr/bin/cmake --build /home/autoware/aichallenge2023-integration-final-main/build/tier4_rtc_msgs -- -j16 -l16
[35.531s] Invoking command in '/home/autoware/aichallenge2023-integration-final-main/build/tier4_rtc_msgs': CMAKE_PREFIX_PATH=${CMAKE_PREFIX_PATH}:/home/autoware/autoware/install/simulator_compatibility_test:/home/autoware/autoware/install/ad_api_visualizers:/opt/ros/humble /usr/bin/cmake --install /home/autoware/aichallenge2023-integration-final-main/build/tier4_rtc_msgs
[50.280s] -- Install configuration: "Release"
[50.281s] -- Execute custom install script
[50.282s] -- Symlinking: /home/autoware/aichallenge2023-integration-final-main/install/tier4_rtc_msgs/share/ament_index/resource_index/rosidl_interfaces/tier4_rtc_msgs
[50.282s] -- Symlinking: /home/autoware/aichallenge2023-integration-final-main/install/tier4_rtc_msgs/include/tier4_rtc_msgs/tier4_rtc_msgs/msg/auto_mode_status.h
[50.282s] -- Symlinking: /home/autoware/aichallenge2023-integration-final-main/install/tier4_rtc_msgs/include/tier4_rtc_msgs/tier4_rtc_msgs/msg/auto_mode_status_array.h
[50.282s] -- Symlinking: /home/autoware/aichallenge2023-integration-final-main/install/tier4_rtc_msgs/include/tier4_rtc_msgs/tier4_rtc_msgs/msg/command.h
[50.282s] -- Symlinking: /home/autoware/aichallenge2023-integration-final-main/install/tier4_rtc_msgs/include/tier4_rtc_msgs/tier4_rtc_msgs/msg/cooperate_command.h
[50.282s] -- Symlinking: /home/autoware/aichallenge2023-integration-final-main/install/tier4_rtc_msgs/include/tier4_rtc_msgs/tier4_rtc_msgs/msg/cooperate_response.h
[50.282s] -- Symlinking: /home/autoware/aichallenge2023-integration-final-main/install/tier4_rtc_msgs/include/tier4_rtc_msgs/tier4_rtc_msgs/msg/cooperate_status.h
[50.282s] -- Symlinking: /home/autoware/aichallenge2023-integration-final-main/install/tier4_rtc_msgs/include/tier4_rtc_msgs/tier4_rtc_msgs/msg/cooperate_status_array.h
[50.283s] -- Symlinking: /home/autoware/aichallenge2023-integration-final-main/install/tier4_rtc_msgs/include/tier4_rtc_msgs/tier4_rtc_msgs/msg/detail/auto_mode_status__functions.h
[50.283s] -- Symlinking: /home/autoware/aichallenge2023-integration-final-main/install/tier4_rtc_msgs/include/tier4_rtc_msgs/tier4_rtc_msgs/msg/detail/auto_mode_status__struct.h
[50.283s] -- Symlinking: /home/autoware/aichallenge2023-integration-final-main/install/tier4_rtc_msgs/include/tier4_rtc_msgs/tier4_rtc_msgs/msg/detail/auto_mode_status__type_support.h
[50.283s] -- Symlinking: /home/autoware/aichallenge2023-integration-final-main/install/tier4_rtc_msgs/include/tier4_rtc_msgs/tier4_rtc_msgs/msg/detail/auto_mode_status_array__functions.h
[50.283s] -- Symlinking: /home/autoware/aichallenge2023-integration-final-main/install/tier4_rtc_msgs/include/tier4_rtc_msgs/tier4_rtc_msgs/msg/detail/auto_mode_status_array__struct.h
[50.283s] -- Symlinking: /home/autoware/aichallenge2023-integration-final-main/install/tier4_rtc_msgs/include/tier4_rtc_msgs/tier4_rtc_msgs/msg/detail/auto_mode_status_array__type_support.h
[50.283s] -- Symlinking: /home/autoware/aichallenge2023-integration-final-main/install/tier4_rtc_msgs/include/tier4_rtc_msgs/tier4_rtc_msgs/msg/detail/command__functions.h
[50.283s] -- Symlinking: /home/autoware/aichallenge2023-integration-final-main/install/tier4_rtc_msgs/include/tier4_rtc_msgs/tier4_rtc_msgs/msg/detail/command__struct.h
[50.283s] -- Symlinking: /home/autoware/aichallenge2023-integration-final-main/install/tier4_rtc_msgs/include/tier4_rtc_msgs/tier4_rtc_msgs/msg/detail/command__type_support.h
[50.283s] -- Symlinking: /home/autoware/aichallenge2023-integration-final-main/install/tier4_rtc_msgs/include/tier4_rtc_msgs/tier4_rtc_msgs/msg/detail/cooperate_command__functions.h
[50.283s] -- Symlinking: /home/autoware/aichallenge2023-integration-final-main/install/tier4_rtc_msgs/include/tier4_rtc_msgs/tier4_rtc_msgs/msg/detail/cooperate_command__struct.h
[50.283s] -- Symlinking: /home/autoware/aichallenge2023-integration-final-main/install/tier4_rtc_msgs/include/tier4_rtc_msgs/tier4_rtc_msgs/msg/detail/cooperate_command__type_support.h
[50.283s] -- Symlinking: /home/autoware/aichallenge2023-integration-final-main/install/tier4_rtc_msgs/include/tier4_rtc_msgs/tier4_rtc_msgs/msg/detail/cooperate_response__functions.h
[50.284s] -- Symlinking: /home/autoware/aichallenge2023-integration-final-main/install/tier4_rtc_msgs/include/tier4_rtc_msgs/tier4_rtc_msgs/msg/detail/cooperate_response__struct.h
[50.284s] -- Symlinking: /home/autoware/aichallenge2023-integration-final-main/install/tier4_rtc_msgs/include/tier4_rtc_msgs/tier4_rtc_msgs/msg/detail/cooperate_response__type_support.h
[50.284s] -- Symlinking: /home/autoware/aichallenge2023-integration-final-main/install/tier4_rtc_msgs/include/tier4_rtc_msgs/tier4_rtc_msgs/msg/detail/cooperate_status__functions.h
[50.285s] -- Symlinking: /home/autoware/aichallenge2023-integration-final-main/install/tier4_rtc_msgs/include/tier4_rtc_msgs/tier4_rtc_msgs/msg/detail/cooperate_status__struct.h
[50.285s] -- Symlinking: /home/autoware/aichallenge2023-integration-final-main/install/tier4_rtc_msgs/include/tier4_rtc_msgs/tier4_rtc_msgs/msg/detail/cooperate_status__type_support.h
[50.285s] -- Symlinking: /home/autoware/aichallenge2023-integration-final-main/install/tier4_rtc_msgs/include/tier4_rtc_msgs/tier4_rtc_msgs/msg/detail/cooperate_status_array__functions.h
[50.285s] -- Symlinking: /home/autoware/aichallenge2023-integration-final-main/install/tier4_rtc_msgs/include/tier4_rtc_msgs/tier4_rtc_msgs/msg/detail/cooperate_status_array__struct.h
[50.285s] -- Symlinking: /home/autoware/aichallenge2023-integration-final-main/install/tier4_rtc_msgs/include/tier4_rtc_msgs/tier4_rtc_msgs/msg/detail/cooperate_status_array__type_support.h
[50.285s] -- Symlinking: /home/autoware/aichallenge2023-integration-final-main/install/tier4_rtc_msgs/include/tier4_rtc_msgs/tier4_rtc_msgs/msg/detail/module__functions.h
[50.285s] -- Symlinking: /home/autoware/aichallenge2023-integration-final-main/install/tier4_rtc_msgs/include/tier4_rtc_msgs/tier4_rtc_msgs/msg/detail/module__struct.h
[50.285s] -- Symlinking: /home/autoware/aichallenge2023-integration-final-main/install/tier4_rtc_msgs/include/tier4_rtc_msgs/tier4_rtc_msgs/msg/detail/module__type_support.h
[50.285s] -- Symlinking: /home/autoware/aichallenge2023-integration-final-main/install/tier4_rtc_msgs/include/tier4_rtc_msgs/tier4_rtc_msgs/msg/module.h
[50.285s] -- Symlinking: /home/autoware/aichallenge2023-integration-final-main/install/tier4_rtc_msgs/include/tier4_rtc_msgs/tier4_rtc_msgs/msg/rosidl_generator_c__visibility_control.h
[50.285s] -- Symlinking: /home/autoware/aichallenge2023-integration-final-main/install/tier4_rtc_msgs/include/tier4_rtc_msgs/tier4_rtc_msgs/srv/auto_mode.h
[50.285s] -- Symlinking: /home/autoware/aichallenge2023-integration-final-main/install/tier4_rtc_msgs/include/tier4_rtc_msgs/tier4_rtc_msgs/srv/auto_mode_with_module.h
[50.286s] -- Symlinking: /home/autoware/aichallenge2023-integration-final-main/install/tier4_rtc_msgs/include/tier4_rtc_msgs/tier4_rtc_msgs/srv/cooperate_commands.h
[50.286s] -- Symlinking: /home/autoware/aichallenge2023-integration-final-main/install/tier4_rtc_msgs/include/tier4_rtc_msgs/tier4_rtc_msgs/srv/detail/auto_mode__functions.h
[50.286s] -- Symlinking: /home/autoware/aichallenge2023-integration-final-main/install/tier4_rtc_msgs/include/tier4_rtc_msgs/tier4_rtc_msgs/srv/detail/auto_mode__struct.h
[50.286s] -- Symlinking: /home/autoware/aichallenge2023-integration-final-main/install/tier4_rtc_msgs/include/tier4_rtc_msgs/tier4_rtc_msgs/srv/detail/auto_mode__type_support.h
[50.286s] -- Symlinking: /home/autoware/aichallenge2023-integration-final-main/install/tier4_rtc_msgs/include/tier4_rtc_msgs/tier4_rtc_msgs/srv/detail/auto_mode_with_module__functions.h
[50.286s] -- Symlinking: /home/autoware/aichallenge2023-integration-final-main/install/tier4_rtc_msgs/include/tier4_rtc_msgs/tier4_rtc_msgs/srv/detail/auto_mode_with_module__struct.h
[50.286s] -- Symlinking: /home/autoware/aichallenge2023-integration-final-main/install/tier4_rtc_msgs/include/tier4_rtc_msgs/tier4_rtc_msgs/srv/detail/auto_mode_with_module__type_support.h
[50.286s] -- Symlinking: /home/autoware/aichallenge2023-integration-final-main/install/tier4_rtc_msgs/include/tier4_rtc_msgs/tier4_rtc_msgs/srv/detail/cooperate_commands__functions.h
[50.286s] -- Symlinking: /home/autoware/aichallenge2023-integration-final-main/install/tier4_rtc_msgs/include/tier4_rtc_msgs/tier4_rtc_msgs/srv/detail/cooperate_commands__struct.h
[50.286s] -- Symlinking: /home/autoware/aichallenge2023-integration-final-main/install/tier4_rtc_msgs/include/tier4_rtc_msgs/tier4_rtc_msgs/srv/detail/cooperate_commands__type_support.h
[50.286s] -- Symlinking: /home/autoware/aichallenge2023-integration-final-main/install/tier4_rtc_msgs/share/tier4_rtc_msgs/environment/library_path.sh
[50.286s] -- Symlinking: /home/autoware/aichallenge2023-integration-final-main/install/tier4_rtc_msgs/share/tier4_rtc_msgs/environment/library_path.dsv
[50.286s] -- Symlinking: /home/autoware/aichallenge2023-integration-final-main/install/tier4_rtc_msgs/include/tier4_rtc_msgs/tier4_rtc_msgs/msg/detail/auto_mode_status__rosidl_typesupport_fastrtps_c.h
[50.287s] -- Symlinking: /home/autoware/aichallenge2023-integration-final-main/install/tier4_rtc_msgs/include/tier4_rtc_msgs/tier4_rtc_msgs/msg/detail/auto_mode_status_array__rosidl_typesupport_fastrtps_c.h
[50.287s] -- Symlinking: /home/autoware/aichallenge2023-integration-final-main/install/tier4_rtc_msgs/include/tier4_rtc_msgs/tier4_rtc_msgs/msg/detail/command__rosidl_typesupport_fastrtps_c.h
[50.287s] -- Symlinking: /home/autoware/aichallenge2023-integration-final-main/install/tier4_rtc_msgs/include/tier4_rtc_msgs/tier4_rtc_msgs/msg/detail/cooperate_command__rosidl_typesupport_fastrtps_c.h
[50.287s] -- Symlinking: /home/autoware/aichallenge2023-integration-final-main/install/tier4_rtc_msgs/include/tier4_rtc_msgs/tier4_rtc_msgs/msg/detail/cooperate_response__rosidl_typesupport_fastrtps_c.h
[50.287s] -- Symlinking: /home/autoware/aichallenge2023-integration-final-main/install/tier4_rtc_msgs/include/tier4_rtc_msgs/tier4_rtc_msgs/msg/detail/cooperate_status__rosidl_typesupport_fastrtps_c.h
[50.287s] -- Symlinking: /home/autoware/aichallenge2023-integration-final-main/install/tier4_rtc_msgs/include/tier4_rtc_msgs/tier4_rtc_msgs/msg/detail/cooperate_status_array__rosidl_typesupport_fastrtps_c.h
[50.287s] -- Symlinking: /home/autoware/aichallenge2023-integration-final-main/install/tier4_rtc_msgs/include/tier4_rtc_msgs/tier4_rtc_msgs/msg/detail/module__rosidl_typesupport_fastrtps_c.h
[50.287s] -- Symlinking: /home/autoware/aichallenge2023-integration-final-main/install/tier4_rtc_msgs/include/tier4_rtc_msgs/tier4_rtc_msgs/msg/rosidl_typesupport_fastrtps_c__visibility_control.h
[50.287s] -- Symlinking: /home/autoware/aichallenge2023-integration-final-main/install/tier4_rtc_msgs/include/tier4_rtc_msgs/tier4_rtc_msgs/srv/detail/auto_mode__rosidl_typesupport_fastrtps_c.h
[50.287s] -- Symlinking: /home/autoware/aichallenge2023-integration-final-main/install/tier4_rtc_msgs/include/tier4_rtc_msgs/tier4_rtc_msgs/srv/detail/auto_mode_with_module__rosidl_typesupport_fastrtps_c.h
[50.287s] -- Symlinking: /home/autoware/aichallenge2023-integration-final-main/install/tier4_rtc_msgs/include/tier4_rtc_msgs/tier4_rtc_msgs/srv/detail/cooperate_commands__rosidl_typesupport_fastrtps_c.h
[50.287s] -- Symlinking: /home/autoware/aichallenge2023-integration-final-main/install/tier4_rtc_msgs/include/tier4_rtc_msgs/tier4_rtc_msgs/msg/detail/auto_mode_status__rosidl_typesupport_introspection_c.h
[50.288s] -- Symlinking: /home/autoware/aichallenge2023-integration-final-main/install/tier4_rtc_msgs/include/tier4_rtc_msgs/tier4_rtc_msgs/msg/detail/auto_mode_status_array__rosidl_typesupport_introspection_c.h
[50.288s] -- Symlinking: /home/autoware/aichallenge2023-integration-final-main/install/tier4_rtc_msgs/include/tier4_rtc_msgs/tier4_rtc_msgs/msg/detail/command__rosidl_typesupport_introspection_c.h
[50.288s] -- Symlinking: /home/autoware/aichallenge2023-integration-final-main/install/tier4_rtc_msgs/include/tier4_rtc_msgs/tier4_rtc_msgs/msg/detail/cooperate_command__rosidl_typesupport_introspection_c.h
[50.288s] -- Symlinking: /home/autoware/aichallenge2023-integration-final-main/install/tier4_rtc_msgs/include/tier4_rtc_msgs/tier4_rtc_msgs/msg/detail/cooperate_response__rosidl_typesupport_introspection_c.h
[50.288s] -- Symlinking: /home/autoware/aichallenge2023-integration-final-main/install/tier4_rtc_msgs/include/tier4_rtc_msgs/tier4_rtc_msgs/msg/detail/cooperate_status__rosidl_typesupport_introspection_c.h
[50.288s] -- Symlinking: /home/autoware/aichallenge2023-integration-final-main/install/tier4_rtc_msgs/include/tier4_rtc_msgs/tier4_rtc_msgs/msg/detail/cooperate_status_array__rosidl_typesupport_introspection_c.h
[50.288s] -- Symlinking: /home/autoware/aichallenge2023-integration-final-main/install/tier4_rtc_msgs/include/tier4_rtc_msgs/tier4_rtc_msgs/msg/detail/module__rosidl_typesupport_introspection_c.h
[50.288s] -- Symlinking: /home/autoware/aichallenge2023-integration-final-main/install/tier4_rtc_msgs/include/tier4_rtc_msgs/tier4_rtc_msgs/msg/rosidl_typesupport_introspection_c__visibility_control.h
[50.288s] -- Symlinking: /home/autoware/aichallenge2023-integration-final-main/install/tier4_rtc_msgs/include/tier4_rtc_msgs/tier4_rtc_msgs/srv/detail/auto_mode__rosidl_typesupport_introspection_c.h
[50.288s] -- Symlinking: /home/autoware/aichallenge2023-integration-final-main/install/tier4_rtc_msgs/include/tier4_rtc_msgs/tier4_rtc_msgs/srv/detail/auto_mode_with_module__rosidl_typesupport_introspection_c.h
[50.288s] -- Symlinking: /home/autoware/aichallenge2023-integration-final-main/install/tier4_rtc_msgs/include/tier4_rtc_msgs/tier4_rtc_msgs/srv/detail/cooperate_commands__rosidl_typesupport_introspection_c.h
[50.288s] -- Symlinking: /home/autoware/aichallenge2023-integration-final-main/install/tier4_rtc_msgs/include/tier4_rtc_msgs/tier4_rtc_msgs/msg/auto_mode_status.hpp
[50.289s] -- Symlinking: /home/autoware/aichallenge2023-integration-final-main/install/tier4_rtc_msgs/include/tier4_rtc_msgs/tier4_rtc_msgs/msg/auto_mode_status_array.hpp
[50.289s] -- Symlinking: /home/autoware/aichallenge2023-integration-final-main/install/tier4_rtc_msgs/include/tier4_rtc_msgs/tier4_rtc_msgs/msg/command.hpp
[50.289s] -- Symlinking: /home/autoware/aichallenge2023-integration-final-main/install/tier4_rtc_msgs/include/tier4_rtc_msgs/tier4_rtc_msgs/msg/cooperate_command.hpp
[50.289s] -- Symlinking: /home/autoware/aichallenge2023-integration-final-main/install/tier4_rtc_msgs/include/tier4_rtc_msgs/tier4_rtc_msgs/msg/cooperate_response.hpp
[50.289s] -- Symlinking: /home/autoware/aichallenge2023-integration-final-main/install/tier4_rtc_msgs/include/tier4_rtc_msgs/tier4_rtc_msgs/msg/cooperate_status.hpp
[50.289s] -- Symlinking: /home/autoware/aichallenge2023-integration-final-main/install/tier4_rtc_msgs/include/tier4_rtc_msgs/tier4_rtc_msgs/msg/cooperate_status_array.hpp
[50.289s] -- Symlinking: /home/autoware/aichallenge2023-integration-final-main/install/tier4_rtc_msgs/include/tier4_rtc_msgs/tier4_rtc_msgs/msg/detail/auto_mode_status__builder.hpp
[50.289s] -- Symlinking: /home/autoware/aichallenge2023-integration-final-main/install/tier4_rtc_msgs/include/tier4_rtc_msgs/tier4_rtc_msgs/msg/detail/auto_mode_status__struct.hpp
[50.289s] -- Symlinking: /home/autoware/aichallenge2023-integration-final-main/install/tier4_rtc_msgs/include/tier4_rtc_msgs/tier4_rtc_msgs/msg/detail/auto_mode_status__traits.hpp
[50.289s] -- Symlinking: /home/autoware/aichallenge2023-integration-final-main/install/tier4_rtc_msgs/include/tier4_rtc_msgs/tier4_rtc_msgs/msg/detail/auto_mode_status_array__builder.hpp
[50.289s] -- Symlinking: /home/autoware/aichallenge2023-integration-final-main/install/tier4_rtc_msgs/include/tier4_rtc_msgs/tier4_rtc_msgs/msg/detail/auto_mode_status_array__struct.hpp
[50.289s] -- Symlinking: /home/autoware/aichallenge2023-integration-final-main/install/tier4_rtc_msgs/include/tier4_rtc_msgs/tier4_rtc_msgs/msg/detail/auto_mode_status_array__traits.hpp
[50.289s] -- Symlinking: /home/autoware/aichallenge2023-integration-final-main/install/tier4_rtc_msgs/include/tier4_rtc_msgs/tier4_rtc_msgs/msg/detail/command__builder.hpp
[50.290s] -- Symlinking: /home/autoware/aichallenge2023-integration-final-main/install/tier4_rtc_msgs/include/tier4_rtc_msgs/tier4_rtc_msgs/msg/detail/command__struct.hpp
[50.290s] -- Symlinking: /home/autoware/aichallenge2023-integration-final-main/install/tier4_rtc_msgs/include/tier4_rtc_msgs/tier4_rtc_msgs/msg/detail/command__traits.hpp
[50.290s] -- Symlinking: /home/autoware/aichallenge2023-integration-final-main/install/tier4_rtc_msgs/include/tier4_rtc_msgs/tier4_rtc_msgs/msg/detail/cooperate_command__builder.hpp
[50.290s] -- Symlinking: /home/autoware/aichallenge2023-integration-final-main/install/tier4_rtc_msgs/include/tier4_rtc_msgs/tier4_rtc_msgs/msg/detail/cooperate_command__struct.hpp
[50.290s] -- Symlinking: /home/autoware/aichallenge2023-integration-final-main/install/tier4_rtc_msgs/include/tier4_rtc_msgs/tier4_rtc_msgs/msg/detail/cooperate_command__traits.hpp
[50.290s] -- Symlinking: /home/autoware/aichallenge2023-integration-final-main/install/tier4_rtc_msgs/include/tier4_rtc_msgs/tier4_rtc_msgs/msg/detail/cooperate_response__builder.hpp
[50.290s] -- Symlinking: /home/autoware/aichallenge2023-integration-final-main/install/tier4_rtc_msgs/include/tier4_rtc_msgs/tier4_rtc_msgs/msg/detail/cooperate_response__struct.hpp
[50.290s] -- Symlinking: /home/autoware/aichallenge2023-integration-final-main/install/tier4_rtc_msgs/include/tier4_rtc_msgs/tier4_rtc_msgs/msg/detail/cooperate_response__traits.hpp
[50.290s] -- Symlinking: /home/autoware/aichallenge2023-integration-final-main/install/tier4_rtc_msgs/include/tier4_rtc_msgs/tier4_rtc_msgs/msg/detail/cooperate_status__builder.hpp
[50.303s] -- Symlinking: /home/autoware/aichallenge2023-integration-final-main/install/tier4_rtc_msgs/include/tier4_rtc_msgs/tier4_rtc_msgs/msg/detail/cooperate_status__struct.hpp
[50.325s] -- Symlinking: /home/autoware/aichallenge2023-integration-final-main/install/tier4_rtc_msgs/include/tier4_rtc_msgs/tier4_rtc_msgs/msg/detail/cooperate_status__traits.hpp
[50.341s] -- Symlinking: /home/autoware/aichallenge2023-integration-final-main/install/tier4_rtc_msgs/include/tier4_rtc_msgs/tier4_rtc_msgs/msg/detail/cooperate_status_array__builder.hpp
[50.357s] -- Symlinking: /home/autoware/aichallenge2023-integration-final-main/install/tier4_rtc_msgs/include/tier4_rtc_msgs/tier4_rtc_msgs/msg/detail/cooperate_status_array__struct.hpp
[50.376s] -- Symlinking: /home/autoware/aichallenge2023-integration-final-main/install/tier4_rtc_msgs/include/tier4_rtc_msgs/tier4_rtc_msgs/msg/detail/cooperate_status_array__traits.hpp
[50.398s] -- Symlinking: /home/autoware/aichallenge2023-integration-final-main/install/tier4_rtc_msgs/include/tier4_rtc_msgs/tier4_rtc_msgs/msg/detail/module__builder.hpp
[50.420s] -- Symlinking: /home/autoware/aichallenge2023-integration-final-main/install/tier4_rtc_msgs/include/tier4_rtc_msgs/tier4_rtc_msgs/msg/detail/module__struct.hpp
[50.441s] -- Symlinking: /home/autoware/aichallenge2023-integration-final-main/install/tier4_rtc_msgs/include/tier4_rtc_msgs/tier4_rtc_msgs/msg/detail/module__traits.hpp
[50.461s] -- Symlinking: /home/autoware/aichallenge2023-integration-final-main/install/tier4_rtc_msgs/include/tier4_rtc_msgs/tier4_rtc_msgs/msg/module.hpp
[50.482s] -- Symlinking: /home/autoware/aichallenge2023-integration-final-main/install/tier4_rtc_msgs/include/tier4_rtc_msgs/tier4_rtc_msgs/srv/auto_mode.hpp
[50.504s] -- Symlinking: /home/autoware/aichallenge2023-integration-final-main/install/tier4_rtc_msgs/include/tier4_rtc_msgs/tier4_rtc_msgs/srv/auto_mode_with_module.hpp
[50.519s] -- Symlinking: /home/autoware/aichallenge2023-integration-final-main/install/tier4_rtc_msgs/include/tier4_rtc_msgs/tier4_rtc_msgs/srv/cooperate_commands.hpp
[50.540s] -- Symlinking: /home/autoware/aichallenge2023-integration-final-main/install/tier4_rtc_msgs/include/tier4_rtc_msgs/tier4_rtc_msgs/srv/detail/auto_mode__builder.hpp
[50.560s] -- Symlinking: /home/autoware/aichallenge2023-integration-final-main/install/tier4_rtc_msgs/include/tier4_rtc_msgs/tier4_rtc_msgs/srv/detail/auto_mode__struct.hpp
[50.575s] -- Symlinking: /home/autoware/aichallenge2023-integration-final-main/install/tier4_rtc_msgs/include/tier4_rtc_msgs/tier4_rtc_msgs/srv/detail/auto_mode__traits.hpp
[50.592s] -- Symlinking: /home/autoware/aichallenge2023-integration-final-main/install/tier4_rtc_msgs/include/tier4_rtc_msgs/tier4_rtc_msgs/srv/detail/auto_mode_with_module__builder.hpp
[50.609s] -- Symlinking: /home/autoware/aichallenge2023-integration-final-main/install/tier4_rtc_msgs/include/tier4_rtc_msgs/tier4_rtc_msgs/srv/detail/auto_mode_with_module__struct.hpp
[50.628s] -- Symlinking: /home/autoware/aichallenge2023-integration-final-main/install/tier4_rtc_msgs/include/tier4_rtc_msgs/tier4_rtc_msgs/srv/detail/auto_mode_with_module__traits.hpp
[50.649s] -- Symlinking: /home/autoware/aichallenge2023-integration-final-main/install/tier4_rtc_msgs/include/tier4_rtc_msgs/tier4_rtc_msgs/srv/detail/cooperate_commands__builder.hpp
[50.661s] -- Symlinking: /home/autoware/aichallenge2023-integration-final-main/install/tier4_rtc_msgs/include/tier4_rtc_msgs/tier4_rtc_msgs/srv/detail/cooperate_commands__struct.hpp
[50.681s] -- Symlinking: /home/autoware/aichallenge2023-integration-final-main/install/tier4_rtc_msgs/include/tier4_rtc_msgs/tier4_rtc_msgs/srv/detail/cooperate_commands__traits.hpp
[50.704s] -- Symlinking: /home/autoware/aichallenge2023-integration-final-main/install/tier4_rtc_msgs/include/tier4_rtc_msgs/tier4_rtc_msgs/msg/detail/auto_mode_status__rosidl_typesupport_fastrtps_cpp.hpp
[50.725s] -- Symlinking: /home/autoware/aichallenge2023-integration-final-main/install/tier4_rtc_msgs/include/tier4_rtc_msgs/tier4_rtc_msgs/msg/detail/auto_mode_status_array__rosidl_typesupport_fastrtps_cpp.hpp
[50.742s] -- Symlinking: /home/autoware/aichallenge2023-integration-final-main/install/tier4_rtc_msgs/include/tier4_rtc_msgs/tier4_rtc_msgs/msg/detail/command__rosidl_typesupport_fastrtps_cpp.hpp
[50.755s] -- Symlinking: /home/autoware/aichallenge2023-integration-final-main/install/tier4_rtc_msgs/include/tier4_rtc_msgs/tier4_rtc_msgs/msg/detail/cooperate_command__rosidl_typesupport_fastrtps_cpp.hpp
[50.773s] -- Symlinking: /home/autoware/aichallenge2023-integration-final-main/install/tier4_rtc_msgs/include/tier4_rtc_msgs/tier4_rtc_msgs/msg/detail/cooperate_response__rosidl_typesupport_fastrtps_cpp.hpp
[50.785s] -- Symlinking: /home/autoware/aichallenge2023-integration-final-main/install/tier4_rtc_msgs/include/tier4_rtc_msgs/tier4_rtc_msgs/msg/detail/cooperate_status__rosidl_typesupport_fastrtps_cpp.hpp
[50.802s] -- Symlinking: /home/autoware/aichallenge2023-integration-final-main/install/tier4_rtc_msgs/include/tier4_rtc_msgs/tier4_rtc_msgs/msg/detail/cooperate_status_array__rosidl_typesupport_fastrtps_cpp.hpp
[50.820s] -- Symlinking: /home/autoware/aichallenge2023-integration-final-main/install/tier4_rtc_msgs/include/tier4_rtc_msgs/tier4_rtc_msgs/msg/detail/module__rosidl_typesupport_fastrtps_cpp.hpp
[50.839s] -- Symlinking: /home/autoware/aichallenge2023-integration-final-main/install/tier4_rtc_msgs/include/tier4_rtc_msgs/tier4_rtc_msgs/msg/rosidl_typesupport_fastrtps_cpp__visibility_control.h
[50.859s] -- Symlinking: /home/autoware/aichallenge2023-integration-final-main/install/tier4_rtc_msgs/include/tier4_rtc_msgs/tier4_rtc_msgs/srv/detail/auto_mode__rosidl_typesupport_fastrtps_cpp.hpp
[50.881s] -- Symlinking: /home/autoware/aichallenge2023-integration-final-main/install/tier4_rtc_msgs/include/tier4_rtc_msgs/tier4_rtc_msgs/srv/detail/auto_mode_with_module__rosidl_typesupport_fastrtps_cpp.hpp
[50.904s] -- Symlinking: /home/autoware/aichallenge2023-integration-final-main/install/tier4_rtc_msgs/include/tier4_rtc_msgs/tier4_rtc_msgs/srv/detail/cooperate_commands__rosidl_typesupport_fastrtps_cpp.hpp
[50.926s] -- Symlinking: /home/autoware/aichallenge2023-integration-final-main/install/tier4_rtc_msgs/include/tier4_rtc_msgs/tier4_rtc_msgs/msg/detail/auto_mode_status__rosidl_typesupport_introspection_cpp.hpp
[50.944s] -- Symlinking: /home/autoware/aichallenge2023-integration-final-main/install/tier4_rtc_msgs/include/tier4_rtc_msgs/tier4_rtc_msgs/msg/detail/auto_mode_status_array__rosidl_typesupport_introspection_cpp.hpp
[50.965s] -- Symlinking: /home/autoware/aichallenge2023-integration-final-main/install/tier4_rtc_msgs/include/tier4_rtc_msgs/tier4_rtc_msgs/msg/detail/command__rosidl_typesupport_introspection_cpp.hpp
[50.987s] -- Symlinking: /home/autoware/aichallenge2023-integration-final-main/install/tier4_rtc_msgs/include/tier4_rtc_msgs/tier4_rtc_msgs/msg/detail/cooperate_command__rosidl_typesupport_introspection_cpp.hpp
[51.010s] -- Symlinking: /home/autoware/aichallenge2023-integration-final-main/install/tier4_rtc_msgs/include/tier4_rtc_msgs/tier4_rtc_msgs/msg/detail/cooperate_response__rosidl_typesupport_introspection_cpp.hpp
[51.027s] -- Symlinking: /home/autoware/aichallenge2023-integration-final-main/install/tier4_rtc_msgs/include/tier4_rtc_msgs/tier4_rtc_msgs/msg/detail/cooperate_status__rosidl_typesupport_introspection_cpp.hpp
[51.041s] -- Symlinking: /home/autoware/aichallenge2023-integration-final-main/install/tier4_rtc_msgs/include/tier4_rtc_msgs/tier4_rtc_msgs/msg/detail/cooperate_status_array__rosidl_typesupport_introspection_cpp.hpp
[51.054s] -- Symlinking: /home/autoware/aichallenge2023-integration-final-main/install/tier4_rtc_msgs/include/tier4_rtc_msgs/tier4_rtc_msgs/msg/detail/module__rosidl_typesupport_introspection_cpp.hpp
[51.075s] -- Symlinking: /home/autoware/aichallenge2023-integration-final-main/install/tier4_rtc_msgs/include/tier4_rtc_msgs/tier4_rtc_msgs/srv/detail/auto_mode__rosidl_typesupport_introspection_cpp.hpp
[51.098s] -- Symlinking: /home/autoware/aichallenge2023-integration-final-main/install/tier4_rtc_msgs/include/tier4_rtc_msgs/tier4_rtc_msgs/srv/detail/auto_mode_with_module__rosidl_typesupport_introspection_cpp.hpp
[51.119s] -- Symlinking: /home/autoware/aichallenge2023-integration-final-main/install/tier4_rtc_msgs/include/tier4_rtc_msgs/tier4_rtc_msgs/srv/detail/cooperate_commands__rosidl_typesupport_introspection_cpp.hpp
[51.141s] -- Symlinking: /home/autoware/aichallenge2023-integration-final-main/install/tier4_rtc_msgs/share/tier4_rtc_msgs/environment/pythonpath.sh
[51.159s] -- Symlinking: /home/autoware/aichallenge2023-integration-final-main/install/tier4_rtc_msgs/share/tier4_rtc_msgs/environment/pythonpath.dsv
[51.175s] -- Symlinking: /home/autoware/aichallenge2023-integration-final-main/install/tier4_rtc_msgs/local/lib/python3.10/dist-packages/tier4_rtc_msgs-0.1.0-py3.10.egg-info/PKG-INFO
[51.195s] -- Symlinking: /home/autoware/aichallenge2023-integration-final-main/install/tier4_rtc_msgs/local/lib/python3.10/dist-packages/tier4_rtc_msgs-0.1.0-py3.10.egg-info/SOURCES.txt
[51.214s] -- Symlinking: /home/autoware/aichallenge2023-integration-final-main/install/tier4_rtc_msgs/local/lib/python3.10/dist-packages/tier4_rtc_msgs-0.1.0-py3.10.egg-info/dependency_links.txt
[51.232s] -- Symlinking: /home/autoware/aichallenge2023-integration-final-main/install/tier4_rtc_msgs/local/lib/python3.10/dist-packages/tier4_rtc_msgs-0.1.0-py3.10.egg-info/top_level.txt
[51.247s] -- Symlinking: /home/autoware/aichallenge2023-integration-final-main/install/tier4_rtc_msgs/local/lib/python3.10/dist-packages/tier4_rtc_msgs/__init__.py
[51.260s] -- Symlinking: /home/autoware/aichallenge2023-integration-final-main/install/tier4_rtc_msgs/local/lib/python3.10/dist-packages/tier4_rtc_msgs/_tier4_rtc_msgs_s.ep.rosidl_typesupport_c.c
[51.273s] -- Symlinking: /home/autoware/aichallenge2023-integration-final-main/install/tier4_rtc_msgs/local/lib/python3.10/dist-packages/tier4_rtc_msgs/_tier4_rtc_msgs_s.ep.rosidl_typesupport_fastrtps_c.c
[51.286s] -- Symlinking: /home/autoware/aichallenge2023-integration-final-main/install/tier4_rtc_msgs/local/lib/python3.10/dist-packages/tier4_rtc_msgs/_tier4_rtc_msgs_s.ep.rosidl_typesupport_introspection_c.c
[51.303s] -- Symlinking: /home/autoware/aichallenge2023-integration-final-main/install/tier4_rtc_msgs/local/lib/python3.10/dist-packages/tier4_rtc_msgs/libtier4_rtc_msgs__rosidl_generator_py.so
[51.324s] -- Symlinking: /home/autoware/aichallenge2023-integration-final-main/install/tier4_rtc_msgs/local/lib/python3.10/dist-packages/tier4_rtc_msgs/msg/__init__.py
[51.344s] -- Symlinking: /home/autoware/aichallenge2023-integration-final-main/install/tier4_rtc_msgs/local/lib/python3.10/dist-packages/tier4_rtc_msgs/msg/_auto_mode_status.py
[51.363s] -- Symlinking: /home/autoware/aichallenge2023-integration-final-main/install/tier4_rtc_msgs/local/lib/python3.10/dist-packages/tier4_rtc_msgs/msg/_auto_mode_status_array.py
[51.376s] -- Symlinking: /home/autoware/aichallenge2023-integration-final-main/install/tier4_rtc_msgs/local/lib/python3.10/dist-packages/tier4_rtc_msgs/msg/_auto_mode_status_array_s.c
[51.394s] -- Symlinking: /home/autoware/aichallenge2023-integration-final-main/install/tier4_rtc_msgs/local/lib/python3.10/dist-packages/tier4_rtc_msgs/msg/_auto_mode_status_s.c
[51.413s] -- Symlinking: /home/autoware/aichallenge2023-integration-final-main/install/tier4_rtc_msgs/local/lib/python3.10/dist-packages/tier4_rtc_msgs/msg/_command.py
[51.426s] -- Symlinking: /home/autoware/aichallenge2023-integration-final-main/install/tier4_rtc_msgs/local/lib/python3.10/dist-packages/tier4_rtc_msgs/msg/_command_s.c
[51.439s] -- Symlinking: /home/autoware/aichallenge2023-integration-final-main/install/tier4_rtc_msgs/local/lib/python3.10/dist-packages/tier4_rtc_msgs/msg/_cooperate_command.py
[51.455s] -- Symlinking: /home/autoware/aichallenge2023-integration-final-main/install/tier4_rtc_msgs/local/lib/python3.10/dist-packages/tier4_rtc_msgs/msg/_cooperate_command_s.c
[51.474s] -- Symlinking: /home/autoware/aichallenge2023-integration-final-main/install/tier4_rtc_msgs/local/lib/python3.10/dist-packages/tier4_rtc_msgs/msg/_cooperate_response.py
[51.489s] -- Symlinking: /home/autoware/aichallenge2023-integration-final-main/install/tier4_rtc_msgs/local/lib/python3.10/dist-packages/tier4_rtc_msgs/msg/_cooperate_response_s.c
[51.509s] -- Symlinking: /home/autoware/aichallenge2023-integration-final-main/install/tier4_rtc_msgs/local/lib/python3.10/dist-packages/tier4_rtc_msgs/msg/_cooperate_status.py
[51.522s] -- Symlinking: /home/autoware/aichallenge2023-integration-final-main/install/tier4_rtc_msgs/local/lib/python3.10/dist-packages/tier4_rtc_msgs/msg/_cooperate_status_array.py
[51.537s] -- Symlinking: /home/autoware/aichallenge2023-integration-final-main/install/tier4_rtc_msgs/local/lib/python3.10/dist-packages/tier4_rtc_msgs/msg/_cooperate_status_array_s.c
[51.552s] -- Symlinking: /home/autoware/aichallenge2023-integration-final-main/install/tier4_rtc_msgs/local/lib/python3.10/dist-packages/tier4_rtc_msgs/msg/_cooperate_status_s.c
[51.569s] -- Symlinking: /home/autoware/aichallenge2023-integration-final-main/install/tier4_rtc_msgs/local/lib/python3.10/dist-packages/tier4_rtc_msgs/msg/_module.py
[51.582s] -- Symlinking: /home/autoware/aichallenge2023-integration-final-main/install/tier4_rtc_msgs/local/lib/python3.10/dist-packages/tier4_rtc_msgs/msg/_module_s.c
[51.597s] -- Symlinking: /home/autoware/aichallenge2023-integration-final-main/install/tier4_rtc_msgs/local/lib/python3.10/dist-packages/tier4_rtc_msgs/srv/__init__.py
[51.612s] -- Symlinking: /home/autoware/aichallenge2023-integration-final-main/install/tier4_rtc_msgs/local/lib/python3.10/dist-packages/tier4_rtc_msgs/srv/_auto_mode.py
[51.626s] -- Symlinking: /home/autoware/aichallenge2023-integration-final-main/install/tier4_rtc_msgs/local/lib/python3.10/dist-packages/tier4_rtc_msgs/srv/_auto_mode_s.c
[51.644s] -- Symlinking: /home/autoware/aichallenge2023-integration-final-main/install/tier4_rtc_msgs/local/lib/python3.10/dist-packages/tier4_rtc_msgs/srv/_auto_mode_with_module.py
[51.658s] -- Symlinking: /home/autoware/aichallenge2023-integration-final-main/install/tier4_rtc_msgs/local/lib/python3.10/dist-packages/tier4_rtc_msgs/srv/_auto_mode_with_module_s.c
[51.672s] -- Symlinking: /home/autoware/aichallenge2023-integration-final-main/install/tier4_rtc_msgs/local/lib/python3.10/dist-packages/tier4_rtc_msgs/srv/_cooperate_commands.py
[51.686s] -- Symlinking: /home/autoware/aichallenge2023-integration-final-main/install/tier4_rtc_msgs/local/lib/python3.10/dist-packages/tier4_rtc_msgs/srv/_cooperate_commands_s.c
[51.701s] -- Symlinking: /home/autoware/aichallenge2023-integration-final-main/install/tier4_rtc_msgs/local/lib/python3.10/dist-packages/tier4_rtc_msgs/tier4_rtc_msgs_s__rosidl_typesupport_c.cpython-310-x86_64-linux-gnu.so
[51.714s] -- Symlinking: /home/autoware/aichallenge2023-integration-final-main/install/tier4_rtc_msgs/local/lib/python3.10/dist-packages/tier4_rtc_msgs/tier4_rtc_msgs_s__rosidl_typesupport_fastrtps_c.cpython-310-x86_64-linux-gnu.so
[51.729s] -- Symlinking: /home/autoware/aichallenge2023-integration-final-main/install/tier4_rtc_msgs/local/lib/python3.10/dist-packages/tier4_rtc_msgs/tier4_rtc_msgs_s__rosidl_typesupport_introspection_c.cpython-310-x86_64-linux-gnu.so
[51.742s] -- Up-to-date symlink: /home/autoware/aichallenge2023-integration-final-main/install/tier4_rtc_msgs/local/lib/python3.10/dist-packages/tier4_rtc_msgs/tier4_rtc_msgs_s__rosidl_typesupport_fastrtps_c.cpython-310-x86_64-linux-gnu.so
[51.742s] -- Up-to-date symlink: /home/autoware/aichallenge2023-integration-final-main/install/tier4_rtc_msgs/local/lib/python3.10/dist-packages/tier4_rtc_msgs/tier4_rtc_msgs_s__rosidl_typesupport_introspection_c.cpython-310-x86_64-linux-gnu.so
[51.743s] -- Up-to-date symlink: /home/autoware/aichallenge2023-integration-final-main/install/tier4_rtc_msgs/local/lib/python3.10/dist-packages/tier4_rtc_msgs/tier4_rtc_msgs_s__rosidl_typesupport_c.cpython-310-x86_64-linux-gnu.so
[51.743s] -- Symlinking: /home/autoware/aichallenge2023-integration-final-main/install/tier4_rtc_msgs/share/tier4_rtc_msgs/msg/Command.idl
[51.757s] -- Symlinking: /home/autoware/aichallenge2023-integration-final-main/install/tier4_rtc_msgs/share/tier4_rtc_msgs/msg/CooperateCommand.idl
[51.770s] -- Symlinking: /home/autoware/aichallenge2023-integration-final-main/install/tier4_rtc_msgs/share/tier4_rtc_msgs/msg/CooperateResponse.idl
[51.787s] -- Symlinking: /home/autoware/aichallenge2023-integration-final-main/install/tier4_rtc_msgs/share/tier4_rtc_msgs/msg/CooperateStatus.idl
[51.802s] -- Symlinking: /home/autoware/aichallenge2023-integration-final-main/install/tier4_rtc_msgs/share/tier4_rtc_msgs/msg/CooperateStatusArray.idl
[51.817s] -- Symlinking: /home/autoware/aichallenge2023-integration-final-main/install/tier4_rtc_msgs/share/tier4_rtc_msgs/msg/AutoModeStatus.idl
[51.830s] -- Symlinking: /home/autoware/aichallenge2023-integration-final-main/install/tier4_rtc_msgs/share/tier4_rtc_msgs/msg/AutoModeStatusArray.idl
[51.844s] -- Symlinking: /home/autoware/aichallenge2023-integration-final-main/install/tier4_rtc_msgs/share/tier4_rtc_msgs/msg/Module.idl
[51.857s] -- Symlinking: /home/autoware/aichallenge2023-integration-final-main/install/tier4_rtc_msgs/share/tier4_rtc_msgs/srv/AutoMode.idl
[51.870s] -- Symlinking: /home/autoware/aichallenge2023-integration-final-main/install/tier4_rtc_msgs/share/tier4_rtc_msgs/srv/AutoModeWithModule.idl
[51.886s] -- Symlinking: /home/autoware/aichallenge2023-integration-final-main/install/tier4_rtc_msgs/share/tier4_rtc_msgs/srv/CooperateCommands.idl
[51.909s] -- Symlinking: /home/autoware/aichallenge2023-integration-final-main/install/tier4_rtc_msgs/share/tier4_rtc_msgs/msg/Command.msg
[51.926s] -- Symlinking: /home/autoware/aichallenge2023-integration-final-main/install/tier4_rtc_msgs/share/tier4_rtc_msgs/msg/CooperateCommand.msg
[51.942s] -- Symlinking: /home/autoware/aichallenge2023-integration-final-main/install/tier4_rtc_msgs/share/tier4_rtc_msgs/msg/CooperateResponse.msg
[51.967s] -- Symlinking: /home/autoware/aichallenge2023-integration-final-main/install/tier4_rtc_msgs/share/tier4_rtc_msgs/msg/CooperateStatus.msg
[51.982s] -- Symlinking: /home/autoware/aichallenge2023-integration-final-main/install/tier4_rtc_msgs/share/tier4_rtc_msgs/msg/CooperateStatusArray.msg
[52.003s] -- Symlinking: /home/autoware/aichallenge2023-integration-final-main/install/tier4_rtc_msgs/share/tier4_rtc_msgs/msg/AutoModeStatus.msg
[52.019s] -- Symlinking: /home/autoware/aichallenge2023-integration-final-main/install/tier4_rtc_msgs/share/tier4_rtc_msgs/msg/AutoModeStatusArray.msg
[52.031s] -- Symlinking: /home/autoware/aichallenge2023-integration-final-main/install/tier4_rtc_msgs/share/tier4_rtc_msgs/msg/Module.msg
[52.044s] -- Symlinking: /home/autoware/aichallenge2023-integration-final-main/install/tier4_rtc_msgs/share/tier4_rtc_msgs/srv/AutoMode.srv
[52.056s] -- Symlinking: /home/autoware/aichallenge2023-integration-final-main/install/tier4_rtc_msgs/share/tier4_rtc_msgs/srv/AutoMode_Request.msg
[52.070s] -- Symlinking: /home/autoware/aichallenge2023-integration-final-main/install/tier4_rtc_msgs/share/tier4_rtc_msgs/srv/AutoMode_Response.msg
[52.086s] -- Symlinking: /home/autoware/aichallenge2023-integration-final-main/install/tier4_rtc_msgs/share/tier4_rtc_msgs/srv/AutoModeWithModule.srv
[52.109s] -- Symlinking: /home/autoware/aichallenge2023-integration-final-main/install/tier4_rtc_msgs/share/tier4_rtc_msgs/srv/AutoModeWithModule_Request.msg
[52.128s] -- Symlinking: /home/autoware/aichallenge2023-integration-final-main/install/tier4_rtc_msgs/share/tier4_rtc_msgs/srv/AutoModeWithModule_Response.msg
[52.148s] -- Symlinking: /home/autoware/aichallenge2023-integration-final-main/install/tier4_rtc_msgs/share/tier4_rtc_msgs/srv/CooperateCommands.srv
[52.163s] -- Symlinking: /home/autoware/aichallenge2023-integration-final-main/install/tier4_rtc_msgs/share/tier4_rtc_msgs/srv/CooperateCommands_Request.msg
[52.183s] -- Symlinking: /home/autoware/aichallenge2023-integration-final-main/install/tier4_rtc_msgs/share/tier4_rtc_msgs/srv/CooperateCommands_Response.msg
[52.198s] -- Symlinking: /home/autoware/aichallenge2023-integration-final-main/install/tier4_rtc_msgs/share/ament_index/resource_index/package_run_dependencies/tier4_rtc_msgs
[52.215s] -- Symlinking: /home/autoware/aichallenge2023-integration-final-main/install/tier4_rtc_msgs/share/ament_index/resource_index/parent_prefix_path/tier4_rtc_msgs
[52.234s] -- Symlinking: /home/autoware/aichallenge2023-integration-final-main/install/tier4_rtc_msgs/share/tier4_rtc_msgs/environment/ament_prefix_path.sh
[52.248s] -- Symlinking: /home/autoware/aichallenge2023-integration-final-main/install/tier4_rtc_msgs/share/tier4_rtc_msgs/environment/ament_prefix_path.dsv
[52.264s] -- Symlinking: /home/autoware/aichallenge2023-integration-final-main/install/tier4_rtc_msgs/share/tier4_rtc_msgs/environment/path.sh
[52.284s] -- Symlinking: /home/autoware/aichallenge2023-integration-final-main/install/tier4_rtc_msgs/share/tier4_rtc_msgs/environment/path.dsv
[52.302s] -- Symlinking: /home/autoware/aichallenge2023-integration-final-main/install/tier4_rtc_msgs/share/tier4_rtc_msgs/local_setup.bash
[52.314s] -- Symlinking: /home/autoware/aichallenge2023-integration-final-main/install/tier4_rtc_msgs/share/tier4_rtc_msgs/local_setup.sh
[52.328s] -- Symlinking: /home/autoware/aichallenge2023-integration-final-main/install/tier4_rtc_msgs/share/tier4_rtc_msgs/local_setup.zsh
[52.346s] -- Symlinking: /home/autoware/aichallenge2023-integration-final-main/install/tier4_rtc_msgs/share/tier4_rtc_msgs/local_setup.dsv
[52.359s] -- Symlinking: /home/autoware/aichallenge2023-integration-final-main/install/tier4_rtc_msgs/share/tier4_rtc_msgs/package.dsv
[52.373s] -- Symlinking: /home/autoware/aichallenge2023-integration-final-main/install/tier4_rtc_msgs/share/ament_index/resource_index/packages/tier4_rtc_msgs
[52.386s] -- Symlinking: /home/autoware/aichallenge2023-integration-final-main/install/tier4_rtc_msgs/share/tier4_rtc_msgs/cmake/rosidl_cmake-extras.cmake
[52.399s] -- Symlinking: /home/autoware/aichallenge2023-integration-final-main/install/tier4_rtc_msgs/share/tier4_rtc_msgs/cmake/ament_cmake_export_dependencies-extras.cmake
[52.419s] -- Symlinking: /home/autoware/aichallenge2023-integration-final-main/install/tier4_rtc_msgs/share/tier4_rtc_msgs/cmake/ament_cmake_export_include_directories-extras.cmake
[52.437s] -- Symlinking: /home/autoware/aichallenge2023-integration-final-main/install/tier4_rtc_msgs/share/tier4_rtc_msgs/cmake/ament_cmake_export_libraries-extras.cmake
[52.455s] -- Symlinking: /home/autoware/aichallenge2023-integration-final-main/install/tier4_rtc_msgs/share/tier4_rtc_msgs/cmake/ament_cmake_export_targets-extras.cmake
[52.471s] -- Symlinking: /home/autoware/aichallenge2023-integration-final-main/install/tier4_rtc_msgs/share/tier4_rtc_msgs/cmake/rosidl_cmake_export_typesupport_targets-extras.cmake
[52.492s] -- Symlinking: /home/autoware/aichallenge2023-integration-final-main/install/tier4_rtc_msgs/share/tier4_rtc_msgs/cmake/rosidl_cmake_export_typesupport_libraries-extras.cmake
[52.513s] -- Symlinking: /home/autoware/aichallenge2023-integration-final-main/install/tier4_rtc_msgs/share/tier4_rtc_msgs/cmake/tier4_rtc_msgsConfig.cmake
[52.532s] -- Symlinking: /home/autoware/aichallenge2023-integration-final-main/install/tier4_rtc_msgs/share/tier4_rtc_msgs/cmake/tier4_rtc_msgsConfig-version.cmake
[52.547s] -- Symlinking: /home/autoware/aichallenge2023-integration-final-main/install/tier4_rtc_msgs/share/tier4_rtc_msgs/package.xml
[52.565s] -- Installing: /home/autoware/aichallenge2023-integration-final-main/install/tier4_rtc_msgs/lib/libtier4_rtc_msgs__rosidl_generator_c.so
[52.565s] -- Set runtime path of "/home/autoware/aichallenge2023-integration-final-main/install/tier4_rtc_msgs/lib/libtier4_rtc_msgs__rosidl_generator_c.so" to ""
[52.566s] -- Installing: /home/autoware/aichallenge2023-integration-final-main/install/tier4_rtc_msgs/lib/libtier4_rtc_msgs__rosidl_typesupport_fastrtps_c.so
[52.566s] -- Set runtime path of "/home/autoware/aichallenge2023-integration-final-main/install/tier4_rtc_msgs/lib/libtier4_rtc_msgs__rosidl_typesupport_fastrtps_c.so" to ""
[52.566s] -- Installing: /home/autoware/aichallenge2023-integration-final-main/install/tier4_rtc_msgs/lib/libtier4_rtc_msgs__rosidl_typesupport_introspection_c.so
[52.566s] -- Set runtime path of "/home/autoware/aichallenge2023-integration-final-main/install/tier4_rtc_msgs/lib/libtier4_rtc_msgs__rosidl_typesupport_introspection_c.so" to ""
[52.566s] -- Installing: /home/autoware/aichallenge2023-integration-final-main/install/tier4_rtc_msgs/lib/libtier4_rtc_msgs__rosidl_typesupport_c.so
[52.566s] -- Set runtime path of "/home/autoware/aichallenge2023-integration-final-main/install/tier4_rtc_msgs/lib/libtier4_rtc_msgs__rosidl_typesupport_c.so" to ""
[52.567s] -- Installing: /home/autoware/aichallenge2023-integration-final-main/install/tier4_rtc_msgs/lib/libtier4_rtc_msgs__rosidl_typesupport_fastrtps_cpp.so
[52.567s] -- Set runtime path of "/home/autoware/aichallenge2023-integration-final-main/install/tier4_rtc_msgs/lib/libtier4_rtc_msgs__rosidl_typesupport_fastrtps_cpp.so" to ""
[52.567s] -- Installing: /home/autoware/aichallenge2023-integration-final-main/install/tier4_rtc_msgs/lib/libtier4_rtc_msgs__rosidl_typesupport_introspection_cpp.so
[52.567s] -- Set runtime path of "/home/autoware/aichallenge2023-integration-final-main/install/tier4_rtc_msgs/lib/libtier4_rtc_msgs__rosidl_typesupport_introspection_cpp.so" to ""
[52.567s] -- Installing: /home/autoware/aichallenge2023-integration-final-main/install/tier4_rtc_msgs/lib/libtier4_rtc_msgs__rosidl_typesupport_cpp.so
[52.568s] -- Set runtime path of "/home/autoware/aichallenge2023-integration-final-main/install/tier4_rtc_msgs/lib/libtier4_rtc_msgs__rosidl_typesupport_cpp.so" to ""
[52.637s] Listing '/home/autoware/aichallenge2023-integration-final-main/install/tier4_rtc_msgs/local/lib/python3.10/dist-packages/tier4_rtc_msgs'...
[52.637s] Compiling '/home/autoware/aichallenge2023-integration-final-main/install/tier4_rtc_msgs/local/lib/python3.10/dist-packages/tier4_rtc_msgs/__init__.py'...
[52.638s] Listing '/home/autoware/aichallenge2023-integration-final-main/install/tier4_rtc_msgs/local/lib/python3.10/dist-packages/tier4_rtc_msgs/msg'...
[52.638s] Compiling '/home/autoware/aichallenge2023-integration-final-main/install/tier4_rtc_msgs/local/lib/python3.10/dist-packages/tier4_rtc_msgs/msg/__init__.py'...
[52.638s] Compiling '/home/autoware/aichallenge2023-integration-final-main/install/tier4_rtc_msgs/local/lib/python3.10/dist-packages/tier4_rtc_msgs/msg/_auto_mode_status.py'...
[52.638s] Compiling '/home/autoware/aichallenge2023-integration-final-main/install/tier4_rtc_msgs/local/lib/python3.10/dist-packages/tier4_rtc_msgs/msg/_auto_mode_status_array.py'...
[52.638s] Compiling '/home/autoware/aichallenge2023-integration-final-main/install/tier4_rtc_msgs/local/lib/python3.10/dist-packages/tier4_rtc_msgs/msg/_command.py'...
[52.638s] Compiling '/home/autoware/aichallenge2023-integration-final-main/install/tier4_rtc_msgs/local/lib/python3.10/dist-packages/tier4_rtc_msgs/msg/_cooperate_command.py'...
[52.638s] Compiling '/home/autoware/aichallenge2023-integration-final-main/install/tier4_rtc_msgs/local/lib/python3.10/dist-packages/tier4_rtc_msgs/msg/_cooperate_response.py'...
[52.638s] Compiling '/home/autoware/aichallenge2023-integration-final-main/install/tier4_rtc_msgs/local/lib/python3.10/dist-packages/tier4_rtc_msgs/msg/_cooperate_status.py'...
[52.638s] Compiling '/home/autoware/aichallenge2023-integration-final-main/install/tier4_rtc_msgs/local/lib/python3.10/dist-packages/tier4_rtc_msgs/msg/_cooperate_status_array.py'...
[52.638s] Compiling '/home/autoware/aichallenge2023-integration-final-main/install/tier4_rtc_msgs/local/lib/python3.10/dist-packages/tier4_rtc_msgs/msg/_module.py'...
[52.638s] Listing '/home/autoware/aichallenge2023-integration-final-main/install/tier4_rtc_msgs/local/lib/python3.10/dist-packages/tier4_rtc_msgs/srv'...
[52.638s] Compiling '/home/autoware/aichallenge2023-integration-final-main/install/tier4_rtc_msgs/local/lib/python3.10/dist-packages/tier4_rtc_msgs/srv/__init__.py'...
[52.638s] Compiling '/home/autoware/aichallenge2023-integration-final-main/install/tier4_rtc_msgs/local/lib/python3.10/dist-packages/tier4_rtc_msgs/srv/_auto_mode.py'...
[52.639s] Compiling '/home/autoware/aichallenge2023-integration-final-main/install/tier4_rtc_msgs/local/lib/python3.10/dist-packages/tier4_rtc_msgs/srv/_auto_mode_with_module.py'...
[52.639s] Compiling '/home/autoware/aichallenge2023-integration-final-main/install/tier4_rtc_msgs/local/lib/python3.10/dist-packages/tier4_rtc_msgs/srv/_cooperate_commands.py'...
[52.641s] -- Installing: /home/autoware/aichallenge2023-integration-final-main/install/tier4_rtc_msgs/lib/libtier4_rtc_msgs__rosidl_generator_py.so
[52.642s] -- Set runtime path of "/home/autoware/aichallenge2023-integration-final-main/install/tier4_rtc_msgs/lib/libtier4_rtc_msgs__rosidl_generator_py.so" to ""
[52.642s] -- Installing: /home/autoware/aichallenge2023-integration-final-main/install/tier4_rtc_msgs/share/tier4_rtc_msgs/cmake/export_tier4_rtc_msgs__rosidl_generator_cExport.cmake
[52.642s] -- Installing: /home/autoware/aichallenge2023-integration-final-main/install/tier4_rtc_msgs/share/tier4_rtc_msgs/cmake/export_tier4_rtc_msgs__rosidl_generator_cExport-release.cmake
[52.642s] -- Installing: /home/autoware/aichallenge2023-integration-final-main/install/tier4_rtc_msgs/share/tier4_rtc_msgs/cmake/export_tier4_rtc_msgs__rosidl_typesupport_fastrtps_cExport.cmake
[52.642s] -- Installing: /home/autoware/aichallenge2023-integration-final-main/install/tier4_rtc_msgs/share/tier4_rtc_msgs/cmake/export_tier4_rtc_msgs__rosidl_typesupport_fastrtps_cExport-release.cmake
[52.642s] -- Installing: /home/autoware/aichallenge2023-integration-final-main/install/tier4_rtc_msgs/share/tier4_rtc_msgs/cmake/tier4_rtc_msgs__rosidl_typesupport_introspection_cExport.cmake
[52.642s] -- Installing: /home/autoware/aichallenge2023-integration-final-main/install/tier4_rtc_msgs/share/tier4_rtc_msgs/cmake/tier4_rtc_msgs__rosidl_typesupport_introspection_cExport-release.cmake
[52.642s] -- Installing: /home/autoware/aichallenge2023-integration-final-main/install/tier4_rtc_msgs/share/tier4_rtc_msgs/cmake/tier4_rtc_msgs__rosidl_typesupport_cExport.cmake
[52.643s] -- Installing: /home/autoware/aichallenge2023-integration-final-main/install/tier4_rtc_msgs/share/tier4_rtc_msgs/cmake/tier4_rtc_msgs__rosidl_typesupport_cExport-release.cmake
[52.643s] -- Installing: /home/autoware/aichallenge2023-integration-final-main/install/tier4_rtc_msgs/share/tier4_rtc_msgs/cmake/export_tier4_rtc_msgs__rosidl_generator_cppExport.cmake
[52.643s] -- Installing: /home/autoware/aichallenge2023-integration-final-main/install/tier4_rtc_msgs/share/tier4_rtc_msgs/cmake/export_tier4_rtc_msgs__rosidl_typesupport_fastrtps_cppExport.cmake
[52.643s] -- Installing: /home/autoware/aichallenge2023-integration-final-main/install/tier4_rtc_msgs/share/tier4_rtc_msgs/cmake/export_tier4_rtc_msgs__rosidl_typesupport_fastrtps_cppExport-release.cmake
[52.643s] -- Installing: /home/autoware/aichallenge2023-integration-final-main/install/tier4_rtc_msgs/share/tier4_rtc_msgs/cmake/tier4_rtc_msgs__rosidl_typesupport_introspection_cppExport.cmake
[52.643s] -- Installing: /home/autoware/aichallenge2023-integration-final-main/install/tier4_rtc_msgs/share/tier4_rtc_msgs/cmake/tier4_rtc_msgs__rosidl_typesupport_introspection_cppExport-release.cmake
[52.644s] -- Installing: /home/autoware/aichallenge2023-integration-final-main/install/tier4_rtc_msgs/share/tier4_rtc_msgs/cmake/tier4_rtc_msgs__rosidl_typesupport_cppExport.cmake
[52.644s] -- Installing: /home/autoware/aichallenge2023-integration-final-main/install/tier4_rtc_msgs/share/tier4_rtc_msgs/cmake/tier4_rtc_msgs__rosidl_typesupport_cppExport-release.cmake
[52.644s] -- Installing: /home/autoware/aichallenge2023-integration-final-main/install/tier4_rtc_msgs/share/tier4_rtc_msgs/cmake/export_tier4_rtc_msgs__rosidl_generator_pyExport.cmake
[52.645s] -- Installing: /home/autoware/aichallenge2023-integration-final-main/install/tier4_rtc_msgs/share/tier4_rtc_msgs/cmake/export_tier4_rtc_msgs__rosidl_generator_pyExport-release.cmake
[52.650s] Invoked command in '/home/autoware/aichallenge2023-integration-final-main/build/tier4_rtc_msgs' returned '0': CMAKE_PREFIX_PATH=${CMAKE_PREFIX_PATH}:/home/autoware/autoware/install/simulator_compatibility_test:/home/autoware/autoware/install/ad_api_visualizers:/opt/ros/humble /usr/bin/cmake --install /home/autoware/aichallenge2023-integration-final-main/build/tier4_rtc_msgs
