[0.158s] Invoking command in '/home/autoware/aichallenge2023-integration-final-main/build/autoware_sensing_msgs': CMAKE_PREFIX_PATH=${CMAKE_PREFIX_PATH}:/home/autoware/aichallenge2023-integration-final-main/install/simulator_compatibility_test:/home/autoware/aichallenge2023-integration-final-main/install/ad_api_visualizers:/home/autoware/autoware/install/simulator_compatibility_test:/home/autoware/autoware/install/ad_api_visualizers:/opt/ros/humble /usr/bin/cmake --build /home/autoware/aichallenge2023-integration-final-main/build/autoware_sensing_msgs -- -j16 -l16
[0.968s] [ 10%] Built target autoware_sensing_msgs__rosidl_generator_c
[1.032s] [ 12%] Built target autoware_sensing_msgs__cpp
[1.047s] [ 12%] Built target ament_cmake_python_symlink_autoware_sensing_msgs
[1.493s] [ 23%] Built target autoware_sensing_msgs__rosidl_typesupport_c
[1.526s] [ 33%] Built target autoware_sensing_msgs__rosidl_typesupport_introspection_cpp
[1.542s] [ 43%] Built target autoware_sensing_msgs__rosidl_typesupport_fastrtps_cpp
[1.554s] [ 53%] Built target autoware_sensing_msgs__rosidl_typesupport_cpp
[1.568s] [ 64%] Built target autoware_sensing_msgs__rosidl_typesupport_introspection_c
[1.595s] [ 74%] Built target autoware_sensing_msgs__rosidl_typesupport_fastrtps_c
[2.003s] [ 74%] Built target autoware_sensing_msgs
[2.235s] running egg_info
[2.237s] writing autoware_sensing_msgs.egg-info/PKG-INFO
[2.238s] writing dependency_links to autoware_sensing_msgs.egg-info/dependency_links.txt
[2.238s] writing top-level names to autoware_sensing_msgs.egg-info/top_level.txt
[2.244s] reading manifest file 'autoware_sensing_msgs.egg-info/SOURCES.txt'
[2.245s] writing manifest file 'autoware_sensing_msgs.egg-info/SOURCES.txt'
[2.341s] [ 76%] Built target autoware_sensing_msgs__py
[2.405s] [ 76%] Built target ament_cmake_python_build_autoware_sensing_msgs_egg
[2.677s] [ 84%] Built target autoware_sensing_msgs__rosidl_generator_py
[3.099s] [ 89%] Built target autoware_sensing_msgs__rosidl_typesupport_c__pyext
[3.143s] [ 94%] Built target autoware_sensing_msgs__rosidl_typesupport_fastrtps_c__pyext
[3.200s] [100%] Built target autoware_sensing_msgs__rosidl_typesupport_introspection_c__pyext
[3.330s] Invoked command in '/home/autoware/aichallenge2023-integration-final-main/build/autoware_sensing_msgs' returned '0': CMAKE_PREFIX_PATH=${CMAKE_PREFIX_PATH}:/home/autoware/aichallenge2023-integration-final-main/install/simulator_compatibility_test:/home/autoware/aichallenge2023-integration-final-main/install/ad_api_visualizers:/home/autoware/autoware/install/simulator_compatibility_test:/home/autoware/autoware/install/ad_api_visualizers:/opt/ros/humble /usr/bin/cmake --build /home/autoware/aichallenge2023-integration-final-main/build/autoware_sensing_msgs -- -j16 -l16
[6.572s] Invoking command in '/home/autoware/aichallenge2023-integration-final-main/build/autoware_sensing_msgs': CMAKE_PREFIX_PATH=${CMAKE_PREFIX_PATH}:/home/autoware/aichallenge2023-integration-final-main/install/simulator_compatibility_test:/home/autoware/aichallenge2023-integration-final-main/install/ad_api_visualizers:/home/autoware/autoware/install/simulator_compatibility_test:/home/autoware/autoware/install/ad_api_visualizers:/opt/ros/humble /usr/bin/cmake --install /home/autoware/aichallenge2023-integration-final-main/build/autoware_sensing_msgs
[6.665s] -- Install configuration: "Release"
[6.671s] -- Execute custom install script
[6.672s] -- Up-to-date symlink: /home/autoware/aichallenge2023-integration-final-main/install/autoware_sensing_msgs/share/ament_index/resource_index/rosidl_interfaces/autoware_sensing_msgs
[6.675s] -- Up-to-date symlink: /home/autoware/aichallenge2023-integration-final-main/install/autoware_sensing_msgs/include/autoware_sensing_msgs/autoware_sensing_msgs/msg/detail/gnss_ins_orientation__functions.h
[6.678s] -- Up-to-date symlink: /home/autoware/aichallenge2023-integration-final-main/install/autoware_sensing_msgs/include/autoware_sensing_msgs/autoware_sensing_msgs/msg/detail/gnss_ins_orientation__struct.h
[6.680s] -- Up-to-date symlink: /home/autoware/aichallenge2023-integration-final-main/install/autoware_sensing_msgs/include/autoware_sensing_msgs/autoware_sensing_msgs/msg/detail/gnss_ins_orientation__type_support.h
[6.682s] -- Up-to-date symlink: /home/autoware/aichallenge2023-integration-final-main/install/autoware_sensing_msgs/include/autoware_sensing_msgs/autoware_sensing_msgs/msg/detail/gnss_ins_orientation_stamped__functions.h
[6.684s] -- Up-to-date symlink: /home/autoware/aichallenge2023-integration-final-main/install/autoware_sensing_msgs/include/autoware_sensing_msgs/autoware_sensing_msgs/msg/detail/gnss_ins_orientation_stamped__struct.h
[6.685s] -- Up-to-date symlink: /home/autoware/aichallenge2023-integration-final-main/install/autoware_sensing_msgs/include/autoware_sensing_msgs/autoware_sensing_msgs/msg/detail/gnss_ins_orientation_stamped__type_support.h
[6.687s] -- Up-to-date symlink: /home/autoware/aichallenge2023-integration-final-main/install/autoware_sensing_msgs/include/autoware_sensing_msgs/autoware_sensing_msgs/msg/gnss_ins_orientation.h
[6.687s] -- Up-to-date symlink: /home/autoware/aichallenge2023-integration-final-main/install/autoware_sensing_msgs/include/autoware_sensing_msgs/autoware_sensing_msgs/msg/gnss_ins_orientation_stamped.h
[6.687s] -- Up-to-date symlink: /home/autoware/aichallenge2023-integration-final-main/install/autoware_sensing_msgs/include/autoware_sensing_msgs/autoware_sensing_msgs/msg/rosidl_generator_c__visibility_control.h
[6.687s] -- Up-to-date symlink: /home/autoware/aichallenge2023-integration-final-main/install/autoware_sensing_msgs/share/autoware_sensing_msgs/environment/library_path.sh
[6.687s] -- Up-to-date symlink: /home/autoware/aichallenge2023-integration-final-main/install/autoware_sensing_msgs/share/autoware_sensing_msgs/environment/library_path.dsv
[6.687s] -- Up-to-date symlink: /home/autoware/aichallenge2023-integration-final-main/install/autoware_sensing_msgs/include/autoware_sensing_msgs/autoware_sensing_msgs/msg/detail/gnss_ins_orientation__rosidl_typesupport_fastrtps_c.h
[6.687s] -- Up-to-date symlink: /home/autoware/aichallenge2023-integration-final-main/install/autoware_sensing_msgs/include/autoware_sensing_msgs/autoware_sensing_msgs/msg/detail/gnss_ins_orientation_stamped__rosidl_typesupport_fastrtps_c.h
[6.687s] -- Up-to-date symlink: /home/autoware/aichallenge2023-integration-final-main/install/autoware_sensing_msgs/include/autoware_sensing_msgs/autoware_sensing_msgs/msg/rosidl_typesupport_fastrtps_c__visibility_control.h
[6.688s] -- Up-to-date symlink: /home/autoware/aichallenge2023-integration-final-main/install/autoware_sensing_msgs/include/autoware_sensing_msgs/autoware_sensing_msgs/msg/detail/gnss_ins_orientation__builder.hpp
[6.688s] -- Up-to-date symlink: /home/autoware/aichallenge2023-integration-final-main/install/autoware_sensing_msgs/include/autoware_sensing_msgs/autoware_sensing_msgs/msg/detail/gnss_ins_orientation__struct.hpp
[6.688s] -- Up-to-date symlink: /home/autoware/aichallenge2023-integration-final-main/install/autoware_sensing_msgs/include/autoware_sensing_msgs/autoware_sensing_msgs/msg/detail/gnss_ins_orientation__traits.hpp
[6.688s] -- Up-to-date symlink: /home/autoware/aichallenge2023-integration-final-main/install/autoware_sensing_msgs/include/autoware_sensing_msgs/autoware_sensing_msgs/msg/detail/gnss_ins_orientation_stamped__builder.hpp
[6.688s] -- Up-to-date symlink: /home/autoware/aichallenge2023-integration-final-main/install/autoware_sensing_msgs/include/autoware_sensing_msgs/autoware_sensing_msgs/msg/detail/gnss_ins_orientation_stamped__struct.hpp
[6.688s] -- Up-to-date symlink: /home/autoware/aichallenge2023-integration-final-main/install/autoware_sensing_msgs/include/autoware_sensing_msgs/autoware_sensing_msgs/msg/detail/gnss_ins_orientation_stamped__traits.hpp
[6.688s] -- Up-to-date symlink: /home/autoware/aichallenge2023-integration-final-main/install/autoware_sensing_msgs/include/autoware_sensing_msgs/autoware_sensing_msgs/msg/gnss_ins_orientation.hpp
[6.688s] -- Up-to-date symlink: /home/autoware/aichallenge2023-integration-final-main/install/autoware_sensing_msgs/include/autoware_sensing_msgs/autoware_sensing_msgs/msg/gnss_ins_orientation_stamped.hpp
[6.689s] -- Up-to-date symlink: /home/autoware/aichallenge2023-integration-final-main/install/autoware_sensing_msgs/include/autoware_sensing_msgs/autoware_sensing_msgs/msg/detail/gnss_ins_orientation__rosidl_typesupport_fastrtps_cpp.hpp
[6.689s] -- Up-to-date symlink: /home/autoware/aichallenge2023-integration-final-main/install/autoware_sensing_msgs/include/autoware_sensing_msgs/autoware_sensing_msgs/msg/detail/gnss_ins_orientation_stamped__rosidl_typesupport_fastrtps_cpp.hpp
[6.689s] -- Up-to-date symlink: /home/autoware/aichallenge2023-integration-final-main/install/autoware_sensing_msgs/include/autoware_sensing_msgs/autoware_sensing_msgs/msg/rosidl_typesupport_fastrtps_cpp__visibility_control.h
[6.689s] -- Up-to-date symlink: /home/autoware/aichallenge2023-integration-final-main/install/autoware_sensing_msgs/include/autoware_sensing_msgs/autoware_sensing_msgs/msg/detail/gnss_ins_orientation__rosidl_typesupport_introspection_c.h
[6.689s] -- Up-to-date symlink: /home/autoware/aichallenge2023-integration-final-main/install/autoware_sensing_msgs/include/autoware_sensing_msgs/autoware_sensing_msgs/msg/detail/gnss_ins_orientation_stamped__rosidl_typesupport_introspection_c.h
[6.689s] -- Up-to-date symlink: /home/autoware/aichallenge2023-integration-final-main/install/autoware_sensing_msgs/include/autoware_sensing_msgs/autoware_sensing_msgs/msg/rosidl_typesupport_introspection_c__visibility_control.h
[6.689s] -- Up-to-date symlink: /home/autoware/aichallenge2023-integration-final-main/install/autoware_sensing_msgs/include/autoware_sensing_msgs/autoware_sensing_msgs/msg/detail/gnss_ins_orientation__rosidl_typesupport_introspection_cpp.hpp
[6.689s] -- Up-to-date symlink: /home/autoware/aichallenge2023-integration-final-main/install/autoware_sensing_msgs/include/autoware_sensing_msgs/autoware_sensing_msgs/msg/detail/gnss_ins_orientation_stamped__rosidl_typesupport_introspection_cpp.hpp
[6.689s] -- Up-to-date symlink: /home/autoware/aichallenge2023-integration-final-main/install/autoware_sensing_msgs/share/autoware_sensing_msgs/environment/pythonpath.sh
[6.689s] -- Up-to-date symlink: /home/autoware/aichallenge2023-integration-final-main/install/autoware_sensing_msgs/share/autoware_sensing_msgs/environment/pythonpath.dsv
[6.690s] -- Up-to-date symlink: /home/autoware/aichallenge2023-integration-final-main/install/autoware_sensing_msgs/local/lib/python3.10/dist-packages/autoware_sensing_msgs-1.0.0-py3.10.egg-info/PKG-INFO
[6.690s] -- Up-to-date symlink: /home/autoware/aichallenge2023-integration-final-main/install/autoware_sensing_msgs/local/lib/python3.10/dist-packages/autoware_sensing_msgs-1.0.0-py3.10.egg-info/SOURCES.txt
[6.690s] -- Up-to-date symlink: /home/autoware/aichallenge2023-integration-final-main/install/autoware_sensing_msgs/local/lib/python3.10/dist-packages/autoware_sensing_msgs-1.0.0-py3.10.egg-info/dependency_links.txt
[6.690s] -- Up-to-date symlink: /home/autoware/aichallenge2023-integration-final-main/install/autoware_sensing_msgs/local/lib/python3.10/dist-packages/autoware_sensing_msgs-1.0.0-py3.10.egg-info/top_level.txt
[6.700s] -- Up-to-date symlink: /home/autoware/aichallenge2023-integration-final-main/install/autoware_sensing_msgs/local/lib/python3.10/dist-packages/autoware_sensing_msgs/__init__.py
[6.701s] -- Up-to-date symlink: /home/autoware/aichallenge2023-integration-final-main/install/autoware_sensing_msgs/local/lib/python3.10/dist-packages/autoware_sensing_msgs/_autoware_sensing_msgs_s.ep.rosidl_typesupport_c.c
[6.701s] -- Up-to-date symlink: /home/autoware/aichallenge2023-integration-final-main/install/autoware_sensing_msgs/local/lib/python3.10/dist-packages/autoware_sensing_msgs/_autoware_sensing_msgs_s.ep.rosidl_typesupport_fastrtps_c.c
[6.701s] -- Up-to-date symlink: /home/autoware/aichallenge2023-integration-final-main/install/autoware_sensing_msgs/local/lib/python3.10/dist-packages/autoware_sensing_msgs/_autoware_sensing_msgs_s.ep.rosidl_typesupport_introspection_c.c
[6.701s] -- Up-to-date symlink: /home/autoware/aichallenge2023-integration-final-main/install/autoware_sensing_msgs/local/lib/python3.10/dist-packages/autoware_sensing_msgs/autoware_sensing_msgs_s__rosidl_typesupport_c.cpython-310-x86_64-linux-gnu.so
[6.701s] -- Up-to-date symlink: /home/autoware/aichallenge2023-integration-final-main/install/autoware_sensing_msgs/local/lib/python3.10/dist-packages/autoware_sensing_msgs/autoware_sensing_msgs_s__rosidl_typesupport_fastrtps_c.cpython-310-x86_64-linux-gnu.so
[6.701s] -- Up-to-date symlink: /home/autoware/aichallenge2023-integration-final-main/install/autoware_sensing_msgs/local/lib/python3.10/dist-packages/autoware_sensing_msgs/autoware_sensing_msgs_s__rosidl_typesupport_introspection_c.cpython-310-x86_64-linux-gnu.so
[6.701s] -- Up-to-date symlink: /home/autoware/aichallenge2023-integration-final-main/install/autoware_sensing_msgs/local/lib/python3.10/dist-packages/autoware_sensing_msgs/libautoware_sensing_msgs__rosidl_generator_py.so
[6.701s] -- Up-to-date symlink: /home/autoware/aichallenge2023-integration-final-main/install/autoware_sensing_msgs/local/lib/python3.10/dist-packages/autoware_sensing_msgs/msg/__init__.py
[6.701s] -- Up-to-date symlink: /home/autoware/aichallenge2023-integration-final-main/install/autoware_sensing_msgs/local/lib/python3.10/dist-packages/autoware_sensing_msgs/msg/_gnss_ins_orientation.py
[6.702s] -- Up-to-date symlink: /home/autoware/aichallenge2023-integration-final-main/install/autoware_sensing_msgs/local/lib/python3.10/dist-packages/autoware_sensing_msgs/msg/_gnss_ins_orientation_s.c
[6.702s] -- Up-to-date symlink: /home/autoware/aichallenge2023-integration-final-main/install/autoware_sensing_msgs/local/lib/python3.10/dist-packages/autoware_sensing_msgs/msg/_gnss_ins_orientation_stamped.py
[6.702s] -- Up-to-date symlink: /home/autoware/aichallenge2023-integration-final-main/install/autoware_sensing_msgs/local/lib/python3.10/dist-packages/autoware_sensing_msgs/msg/_gnss_ins_orientation_stamped_s.c
[6.702s] -- Up-to-date symlink: /home/autoware/aichallenge2023-integration-final-main/install/autoware_sensing_msgs/local/lib/python3.10/dist-packages/autoware_sensing_msgs/autoware_sensing_msgs_s__rosidl_typesupport_fastrtps_c.cpython-310-x86_64-linux-gnu.so
[6.702s] -- Up-to-date symlink: /home/autoware/aichallenge2023-integration-final-main/install/autoware_sensing_msgs/local/lib/python3.10/dist-packages/autoware_sensing_msgs/autoware_sensing_msgs_s__rosidl_typesupport_introspection_c.cpython-310-x86_64-linux-gnu.so
[6.702s] -- Up-to-date symlink: /home/autoware/aichallenge2023-integration-final-main/install/autoware_sensing_msgs/local/lib/python3.10/dist-packages/autoware_sensing_msgs/autoware_sensing_msgs_s__rosidl_typesupport_c.cpython-310-x86_64-linux-gnu.so
[6.702s] -- Up-to-date symlink: /home/autoware/aichallenge2023-integration-final-main/install/autoware_sensing_msgs/share/autoware_sensing_msgs/msg/GnssInsOrientation.idl
[6.702s] -- Up-to-date symlink: /home/autoware/aichallenge2023-integration-final-main/install/autoware_sensing_msgs/share/autoware_sensing_msgs/msg/GnssInsOrientationStamped.idl
[6.702s] -- Up-to-date symlink: /home/autoware/aichallenge2023-integration-final-main/install/autoware_sensing_msgs/share/autoware_sensing_msgs/msg/GnssInsOrientation.msg
[6.703s] -- Up-to-date symlink: /home/autoware/aichallenge2023-integration-final-main/install/autoware_sensing_msgs/share/autoware_sensing_msgs/msg/GnssInsOrientationStamped.msg
[6.703s] -- Up-to-date symlink: /home/autoware/aichallenge2023-integration-final-main/install/autoware_sensing_msgs/share/ament_index/resource_index/package_run_dependencies/autoware_sensing_msgs
[6.703s] -- Up-to-date symlink: /home/autoware/aichallenge2023-integration-final-main/install/autoware_sensing_msgs/share/ament_index/resource_index/parent_prefix_path/autoware_sensing_msgs
[6.703s] -- Up-to-date symlink: /home/autoware/aichallenge2023-integration-final-main/install/autoware_sensing_msgs/share/autoware_sensing_msgs/environment/ament_prefix_path.sh
[6.703s] -- Up-to-date symlink: /home/autoware/aichallenge2023-integration-final-main/install/autoware_sensing_msgs/share/autoware_sensing_msgs/environment/ament_prefix_path.dsv
[6.703s] -- Up-to-date symlink: /home/autoware/aichallenge2023-integration-final-main/install/autoware_sensing_msgs/share/autoware_sensing_msgs/environment/path.sh
[6.704s] -- Up-to-date symlink: /home/autoware/aichallenge2023-integration-final-main/install/autoware_sensing_msgs/share/autoware_sensing_msgs/environment/path.dsv
[6.704s] -- Up-to-date symlink: /home/autoware/aichallenge2023-integration-final-main/install/autoware_sensing_msgs/share/autoware_sensing_msgs/local_setup.bash
[6.704s] -- Up-to-date symlink: /home/autoware/aichallenge2023-integration-final-main/install/autoware_sensing_msgs/share/autoware_sensing_msgs/local_setup.sh
[6.704s] -- Up-to-date symlink: /home/autoware/aichallenge2023-integration-final-main/install/autoware_sensing_msgs/share/autoware_sensing_msgs/local_setup.zsh
[6.704s] -- Up-to-date symlink: /home/autoware/aichallenge2023-integration-final-main/install/autoware_sensing_msgs/share/autoware_sensing_msgs/local_setup.dsv
[6.704s] -- Symlinking: /home/autoware/aichallenge2023-integration-final-main/install/autoware_sensing_msgs/share/autoware_sensing_msgs/package.dsv
[6.816s] -- Up-to-date symlink: /home/autoware/aichallenge2023-integration-final-main/install/autoware_sensing_msgs/share/ament_index/resource_index/packages/autoware_sensing_msgs
[6.818s] -- Up-to-date symlink: /home/autoware/aichallenge2023-integration-final-main/install/autoware_sensing_msgs/share/autoware_sensing_msgs/cmake/rosidl_cmake-extras.cmake
[6.819s] -- Up-to-date symlink: /home/autoware/aichallenge2023-integration-final-main/install/autoware_sensing_msgs/share/autoware_sensing_msgs/cmake/ament_cmake_export_dependencies-extras.cmake
[6.819s] -- Up-to-date symlink: /home/autoware/aichallenge2023-integration-final-main/install/autoware_sensing_msgs/share/autoware_sensing_msgs/cmake/ament_cmake_export_include_directories-extras.cmake
[6.820s] -- Up-to-date symlink: /home/autoware/aichallenge2023-integration-final-main/install/autoware_sensing_msgs/share/autoware_sensing_msgs/cmake/ament_cmake_export_libraries-extras.cmake
[6.820s] -- Up-to-date symlink: /home/autoware/aichallenge2023-integration-final-main/install/autoware_sensing_msgs/share/autoware_sensing_msgs/cmake/ament_cmake_export_targets-extras.cmake
[6.821s] -- Up-to-date symlink: /home/autoware/aichallenge2023-integration-final-main/install/autoware_sensing_msgs/share/autoware_sensing_msgs/cmake/rosidl_cmake_export_typesupport_targets-extras.cmake
[6.822s] -- Up-to-date symlink: /home/autoware/aichallenge2023-integration-final-main/install/autoware_sensing_msgs/share/autoware_sensing_msgs/cmake/rosidl_cmake_export_typesupport_libraries-extras.cmake
[6.822s] -- Up-to-date symlink: /home/autoware/aichallenge2023-integration-final-main/install/autoware_sensing_msgs/share/autoware_sensing_msgs/cmake/autoware_sensing_msgsConfig.cmake
[6.822s] -- Up-to-date symlink: /home/autoware/aichallenge2023-integration-final-main/install/autoware_sensing_msgs/share/autoware_sensing_msgs/cmake/autoware_sensing_msgsConfig-version.cmake
[6.822s] -- Up-to-date symlink: /home/autoware/aichallenge2023-integration-final-main/install/autoware_sensing_msgs/share/autoware_sensing_msgs/package.xml
[6.823s] -- Up-to-date: /home/autoware/aichallenge2023-integration-final-main/install/autoware_sensing_msgs/lib/libautoware_sensing_msgs__rosidl_generator_c.so
[6.823s] -- Up-to-date: /home/autoware/aichallenge2023-integration-final-main/install/autoware_sensing_msgs/lib/libautoware_sensing_msgs__rosidl_typesupport_fastrtps_c.so
[6.824s] -- Up-to-date: /home/autoware/aichallenge2023-integration-final-main/install/autoware_sensing_msgs/lib/libautoware_sensing_msgs__rosidl_typesupport_fastrtps_cpp.so
[6.827s] -- Up-to-date: /home/autoware/aichallenge2023-integration-final-main/install/autoware_sensing_msgs/lib/libautoware_sensing_msgs__rosidl_typesupport_introspection_c.so
[6.827s] -- Up-to-date: /home/autoware/aichallenge2023-integration-final-main/install/autoware_sensing_msgs/lib/libautoware_sensing_msgs__rosidl_typesupport_c.so
[6.830s] -- Up-to-date: /home/autoware/aichallenge2023-integration-final-main/install/autoware_sensing_msgs/lib/libautoware_sensing_msgs__rosidl_typesupport_introspection_cpp.so
[6.830s] -- Up-to-date: /home/autoware/aichallenge2023-integration-final-main/install/autoware_sensing_msgs/lib/libautoware_sensing_msgs__rosidl_typesupport_cpp.so
[7.019s] Listing '/home/autoware/aichallenge2023-integration-final-main/install/autoware_sensing_msgs/local/lib/python3.10/dist-packages/autoware_sensing_msgs'...
[7.019s] Listing '/home/autoware/aichallenge2023-integration-final-main/install/autoware_sensing_msgs/local/lib/python3.10/dist-packages/autoware_sensing_msgs/msg'...
[7.028s] -- Up-to-date: /home/autoware/aichallenge2023-integration-final-main/install/autoware_sensing_msgs/lib/libautoware_sensing_msgs__rosidl_generator_py.so
[7.029s] -- Up-to-date: /home/autoware/aichallenge2023-integration-final-main/install/autoware_sensing_msgs/share/autoware_sensing_msgs/cmake/export_autoware_sensing_msgs__rosidl_generator_cExport.cmake
[7.029s] -- Up-to-date: /home/autoware/aichallenge2023-integration-final-main/install/autoware_sensing_msgs/share/autoware_sensing_msgs/cmake/export_autoware_sensing_msgs__rosidl_generator_cExport-release.cmake
[7.030s] -- Up-to-date: /home/autoware/aichallenge2023-integration-final-main/install/autoware_sensing_msgs/share/autoware_sensing_msgs/cmake/export_autoware_sensing_msgs__rosidl_typesupport_fastrtps_cExport.cmake
[7.030s] -- Up-to-date: /home/autoware/aichallenge2023-integration-final-main/install/autoware_sensing_msgs/share/autoware_sensing_msgs/cmake/export_autoware_sensing_msgs__rosidl_typesupport_fastrtps_cExport-release.cmake
[7.034s] -- Up-to-date: /home/autoware/aichallenge2023-integration-final-main/install/autoware_sensing_msgs/share/autoware_sensing_msgs/cmake/export_autoware_sensing_msgs__rosidl_generator_cppExport.cmake
[7.034s] -- Up-to-date: /home/autoware/aichallenge2023-integration-final-main/install/autoware_sensing_msgs/share/autoware_sensing_msgs/cmake/export_autoware_sensing_msgs__rosidl_typesupport_fastrtps_cppExport.cmake
[7.034s] -- Up-to-date: /home/autoware/aichallenge2023-integration-final-main/install/autoware_sensing_msgs/share/autoware_sensing_msgs/cmake/export_autoware_sensing_msgs__rosidl_typesupport_fastrtps_cppExport-release.cmake
[7.034s] -- Up-to-date: /home/autoware/aichallenge2023-integration-final-main/install/autoware_sensing_msgs/share/autoware_sensing_msgs/cmake/autoware_sensing_msgs__rosidl_typesupport_introspection_cExport.cmake
[7.035s] -- Up-to-date: /home/autoware/aichallenge2023-integration-final-main/install/autoware_sensing_msgs/share/autoware_sensing_msgs/cmake/autoware_sensing_msgs__rosidl_typesupport_introspection_cExport-release.cmake
[7.035s] -- Up-to-date: /home/autoware/aichallenge2023-integration-final-main/install/autoware_sensing_msgs/share/autoware_sensing_msgs/cmake/autoware_sensing_msgs__rosidl_typesupport_cExport.cmake
[7.035s] -- Up-to-date: /home/autoware/aichallenge2023-integration-final-main/install/autoware_sensing_msgs/share/autoware_sensing_msgs/cmake/autoware_sensing_msgs__rosidl_typesupport_cExport-release.cmake
[7.035s] -- Up-to-date: /home/autoware/aichallenge2023-integration-final-main/install/autoware_sensing_msgs/share/autoware_sensing_msgs/cmake/autoware_sensing_msgs__rosidl_typesupport_introspection_cppExport.cmake
[7.035s] -- Up-to-date: /home/autoware/aichallenge2023-integration-final-main/install/autoware_sensing_msgs/share/autoware_sensing_msgs/cmake/autoware_sensing_msgs__rosidl_typesupport_introspection_cppExport-release.cmake
[7.036s] -- Up-to-date: /home/autoware/aichallenge2023-integration-final-main/install/autoware_sensing_msgs/share/autoware_sensing_msgs/cmake/autoware_sensing_msgs__rosidl_typesupport_cppExport.cmake
[7.036s] -- Up-to-date: /home/autoware/aichallenge2023-integration-final-main/install/autoware_sensing_msgs/share/autoware_sensing_msgs/cmake/autoware_sensing_msgs__rosidl_typesupport_cppExport-release.cmake
[7.036s] -- Up-to-date: /home/autoware/aichallenge2023-integration-final-main/install/autoware_sensing_msgs/share/autoware_sensing_msgs/cmake/export_autoware_sensing_msgs__rosidl_generator_pyExport.cmake
[7.036s] -- Up-to-date: /home/autoware/aichallenge2023-integration-final-main/install/autoware_sensing_msgs/share/autoware_sensing_msgs/cmake/export_autoware_sensing_msgs__rosidl_generator_pyExport-release.cmake
[7.089s] Invoked command in '/home/autoware/aichallenge2023-integration-final-main/build/autoware_sensing_msgs' returned '0': CMAKE_PREFIX_PATH=${CMAKE_PREFIX_PATH}:/home/autoware/aichallenge2023-integration-final-main/install/simulator_compatibility_test:/home/autoware/aichallenge2023-integration-final-main/install/ad_api_visualizers:/home/autoware/autoware/install/simulator_compatibility_test:/home/autoware/autoware/install/ad_api_visualizers:/opt/ros/humble /usr/bin/cmake --install /home/autoware/aichallenge2023-integration-final-main/build/autoware_sensing_msgs
