-- The C compiler identification is GNU 11.4.0
-- The CXX compiler identification is GNU 11.4.0
-- Detecting C compiler ABI info
-- Detecting C compiler ABI info - done
-- Check for working C compiler: /usr/bin/cc - skipped
-- Detecting C compile features
-- Detecting C compile features - done
-- Detecting CXX compiler ABI info
-- Detecting CXX compiler ABI info - done
-- Check for working CXX compiler: /usr/bin/c++ - skipped
-- Detecting CXX compile features
-- Detecting CXX compile features - done
-- Found ament_cmake_auto: 1.3.5 (/opt/ros/humble/share/ament_cmake_auto/cmake)
-- Found Python3: /usr/bin/python3.10 (found version "3.10.12") found components: Interpreter 
-- Override CMake install command with custom implementation using symlinks instead of copying resources
-- Configuring done
-- Generating done
-- Build files have been written to: /home/autoware/aichallenge2023-integration-final-main/build/sample_vehicle_launch
-- Install configuration: "Release"
-- Execute custom install script
-- Symlinking: /home/autoware/aichallenge2023-integration-final-main/install/sample_vehicle_launch/share/sample_vehicle_launch/launch/vehicle_interface.launch.xml
-- Symlinking: /home/autoware/aichallenge2023-integration-final-main/install/sample_vehicle_launch/share/ament_index/resource_index/package_run_dependencies/sample_vehicle_launch
-- Symlinking: /home/autoware/aichallenge2023-integration-final-main/install/sample_vehicle_launch/share/ament_index/resource_index/parent_prefix_path/sample_vehicle_launch
-- Symlinking: /home/autoware/aichallenge2023-integration-final-main/install/sample_vehicle_launch/share/sample_vehicle_launch/environment/ament_prefix_path.sh
-- Symlinking: /home/autoware/aichallenge2023-integration-final-main/install/sample_vehicle_launch/share/sample_vehicle_launch/environment/ament_prefix_path.dsv
-- Symlinking: /home/autoware/aichallenge2023-integration-final-main/install/sample_vehicle_launch/share/sample_vehicle_launch/environment/path.sh
-- Symlinking: /home/autoware/aichallenge2023-integration-final-main/install/sample_vehicle_launch/share/sample_vehicle_launch/environment/path.dsv
-- Symlinking: /home/autoware/aichallenge2023-integration-final-main/install/sample_vehicle_launch/share/sample_vehicle_launch/local_setup.bash
-- Symlinking: /home/autoware/aichallenge2023-integration-final-main/install/sample_vehicle_launch/share/sample_vehicle_launch/local_setup.sh
-- Symlinking: /home/autoware/aichallenge2023-integration-final-main/install/sample_vehicle_launch/share/sample_vehicle_launch/local_setup.zsh
-- Symlinking: /home/autoware/aichallenge2023-integration-final-main/install/sample_vehicle_launch/share/sample_vehicle_launch/local_setup.dsv
-- Symlinking: /home/autoware/aichallenge2023-integration-final-main/install/sample_vehicle_launch/share/sample_vehicle_launch/package.dsv
-- Symlinking: /home/autoware/aichallenge2023-integration-final-main/install/sample_vehicle_launch/share/ament_index/resource_index/packages/sample_vehicle_launch
-- Symlinking: /home/autoware/aichallenge2023-integration-final-main/install/sample_vehicle_launch/share/sample_vehicle_launch/cmake/sample_vehicle_launchConfig.cmake
-- Symlinking: /home/autoware/aichallenge2023-integration-final-main/install/sample_vehicle_launch/share/sample_vehicle_launch/cmake/sample_vehicle_launchConfig-version.cmake
-- Symlinking: /home/autoware/aichallenge2023-integration-final-main/install/sample_vehicle_launch/share/sample_vehicle_launch/package.xml
