[0.094s] Invoking command in '/home/autoware/aichallenge2023-integration-final-main/build/autoware_sensing_msgs': CMAKE_PREFIX_PATH=${CMAKE_PREFIX_PATH}:/home/autoware/aichallenge2023-integration-final-main/install/simulator_compatibility_test:/home/autoware/aichallenge2023-integration-final-main/install/ad_api_visualizers:/home/autoware/autoware/install/simulator_compatibility_test:/home/autoware/autoware/install/ad_api_visualizers:/opt/ros/humble /usr/bin/cmake --build /home/autoware/aichallenge2023-integration-final-main/build/autoware_sensing_msgs -- -j16 -l16
[0.579s] [ 10%] Built target autoware_sensing_msgs__rosidl_generator_c
[0.603s] [ 12%] Built target autoware_sensing_msgs__cpp
[0.647s] [ 12%] Built target ament_cmake_python_symlink_autoware_sensing_msgs
[0.859s] [ 23%] Built target autoware_sensing_msgs__rosidl_typesupport_fastrtps_c
[0.889s] [ 33%] Built target autoware_sensing_msgs__rosidl_typesupport_cpp
[0.895s] [ 43%] Built target autoware_sensing_msgs__rosidl_typesupport_c
[0.895s] [ 53%] Built target autoware_sensing_msgs__rosidl_typesupport_introspection_c
[0.916s] [ 64%] Built target autoware_sensing_msgs__rosidl_typesupport_fastrtps_cpp
[0.930s] [ 74%] Built target autoware_sensing_msgs__rosidl_typesupport_introspection_cpp
[1.195s] [ 74%] Built target autoware_sensing_msgs
[1.531s] [ 76%] Built target autoware_sensing_msgs__py
[1.538s] running egg_info
[1.540s] writing autoware_sensing_msgs.egg-info/PKG-INFO
[1.540s] writing dependency_links to autoware_sensing_msgs.egg-info/dependency_links.txt
[1.540s] writing top-level names to autoware_sensing_msgs.egg-info/top_level.txt
[1.545s] reading manifest file 'autoware_sensing_msgs.egg-info/SOURCES.txt'
[1.546s] writing manifest file 'autoware_sensing_msgs.egg-info/SOURCES.txt'
[1.696s] [ 76%] Built target ament_cmake_python_build_autoware_sensing_msgs_egg
[1.855s] [ 84%] Built target autoware_sensing_msgs__rosidl_generator_py
[2.209s] [ 89%] Built target autoware_sensing_msgs__rosidl_typesupport_fastrtps_c__pyext
[2.258s] [ 94%] Built target autoware_sensing_msgs__rosidl_typesupport_introspection_c__pyext
[2.335s] [100%] Built target autoware_sensing_msgs__rosidl_typesupport_c__pyext
[2.472s] Invoked command in '/home/autoware/aichallenge2023-integration-final-main/build/autoware_sensing_msgs' returned '0': CMAKE_PREFIX_PATH=${CMAKE_PREFIX_PATH}:/home/autoware/aichallenge2023-integration-final-main/install/simulator_compatibility_test:/home/autoware/aichallenge2023-integration-final-main/install/ad_api_visualizers:/home/autoware/autoware/install/simulator_compatibility_test:/home/autoware/autoware/install/ad_api_visualizers:/opt/ros/humble /usr/bin/cmake --build /home/autoware/aichallenge2023-integration-final-main/build/autoware_sensing_msgs -- -j16 -l16
[5.591s] Invoking command in '/home/autoware/aichallenge2023-integration-final-main/build/autoware_sensing_msgs': CMAKE_PREFIX_PATH=${CMAKE_PREFIX_PATH}:/home/autoware/aichallenge2023-integration-final-main/install/simulator_compatibility_test:/home/autoware/aichallenge2023-integration-final-main/install/ad_api_visualizers:/home/autoware/autoware/install/simulator_compatibility_test:/home/autoware/autoware/install/ad_api_visualizers:/opt/ros/humble /usr/bin/cmake --install /home/autoware/aichallenge2023-integration-final-main/build/autoware_sensing_msgs
[5.710s] -- Install configuration: "Release"
[5.711s] -- Execute custom install script
[5.711s] -- Up-to-date symlink: /home/autoware/aichallenge2023-integration-final-main/install/autoware_sensing_msgs/share/ament_index/resource_index/rosidl_interfaces/autoware_sensing_msgs
[5.711s] -- Up-to-date symlink: /home/autoware/aichallenge2023-integration-final-main/install/autoware_sensing_msgs/include/autoware_sensing_msgs/autoware_sensing_msgs/msg/detail/gnss_ins_orientation__functions.h
[5.711s] -- Up-to-date symlink: /home/autoware/aichallenge2023-integration-final-main/install/autoware_sensing_msgs/include/autoware_sensing_msgs/autoware_sensing_msgs/msg/detail/gnss_ins_orientation__struct.h
[5.711s] -- Up-to-date symlink: /home/autoware/aichallenge2023-integration-final-main/install/autoware_sensing_msgs/include/autoware_sensing_msgs/autoware_sensing_msgs/msg/detail/gnss_ins_orientation__type_support.h
[5.711s] -- Up-to-date symlink: /home/autoware/aichallenge2023-integration-final-main/install/autoware_sensing_msgs/include/autoware_sensing_msgs/autoware_sensing_msgs/msg/detail/gnss_ins_orientation_stamped__functions.h
[5.712s] -- Up-to-date symlink: /home/autoware/aichallenge2023-integration-final-main/install/autoware_sensing_msgs/include/autoware_sensing_msgs/autoware_sensing_msgs/msg/detail/gnss_ins_orientation_stamped__struct.h
[5.712s] -- Up-to-date symlink: /home/autoware/aichallenge2023-integration-final-main/install/autoware_sensing_msgs/include/autoware_sensing_msgs/autoware_sensing_msgs/msg/detail/gnss_ins_orientation_stamped__type_support.h
[5.713s] -- Up-to-date symlink: /home/autoware/aichallenge2023-integration-final-main/install/autoware_sensing_msgs/include/autoware_sensing_msgs/autoware_sensing_msgs/msg/gnss_ins_orientation.h
[5.713s] -- Up-to-date symlink: /home/autoware/aichallenge2023-integration-final-main/install/autoware_sensing_msgs/include/autoware_sensing_msgs/autoware_sensing_msgs/msg/gnss_ins_orientation_stamped.h
[5.713s] -- Up-to-date symlink: /home/autoware/aichallenge2023-integration-final-main/install/autoware_sensing_msgs/include/autoware_sensing_msgs/autoware_sensing_msgs/msg/rosidl_generator_c__visibility_control.h
[5.713s] -- Up-to-date symlink: /home/autoware/aichallenge2023-integration-final-main/install/autoware_sensing_msgs/share/autoware_sensing_msgs/environment/library_path.sh
[5.714s] -- Up-to-date symlink: /home/autoware/aichallenge2023-integration-final-main/install/autoware_sensing_msgs/share/autoware_sensing_msgs/environment/library_path.dsv
[5.714s] -- Up-to-date symlink: /home/autoware/aichallenge2023-integration-final-main/install/autoware_sensing_msgs/include/autoware_sensing_msgs/autoware_sensing_msgs/msg/detail/gnss_ins_orientation__rosidl_typesupport_fastrtps_c.h
[5.714s] -- Up-to-date symlink: /home/autoware/aichallenge2023-integration-final-main/install/autoware_sensing_msgs/include/autoware_sensing_msgs/autoware_sensing_msgs/msg/detail/gnss_ins_orientation_stamped__rosidl_typesupport_fastrtps_c.h
[5.714s] -- Up-to-date symlink: /home/autoware/aichallenge2023-integration-final-main/install/autoware_sensing_msgs/include/autoware_sensing_msgs/autoware_sensing_msgs/msg/rosidl_typesupport_fastrtps_c__visibility_control.h
[5.715s] -- Up-to-date symlink: /home/autoware/aichallenge2023-integration-final-main/install/autoware_sensing_msgs/include/autoware_sensing_msgs/autoware_sensing_msgs/msg/detail/gnss_ins_orientation__builder.hpp
[5.715s] -- Up-to-date symlink: /home/autoware/aichallenge2023-integration-final-main/install/autoware_sensing_msgs/include/autoware_sensing_msgs/autoware_sensing_msgs/msg/detail/gnss_ins_orientation__struct.hpp
[5.715s] -- Up-to-date symlink: /home/autoware/aichallenge2023-integration-final-main/install/autoware_sensing_msgs/include/autoware_sensing_msgs/autoware_sensing_msgs/msg/detail/gnss_ins_orientation__traits.hpp
[5.715s] -- Up-to-date symlink: /home/autoware/aichallenge2023-integration-final-main/install/autoware_sensing_msgs/include/autoware_sensing_msgs/autoware_sensing_msgs/msg/detail/gnss_ins_orientation_stamped__builder.hpp
[5.715s] -- Up-to-date symlink: /home/autoware/aichallenge2023-integration-final-main/install/autoware_sensing_msgs/include/autoware_sensing_msgs/autoware_sensing_msgs/msg/detail/gnss_ins_orientation_stamped__struct.hpp
[5.717s] -- Up-to-date symlink: /home/autoware/aichallenge2023-integration-final-main/install/autoware_sensing_msgs/include/autoware_sensing_msgs/autoware_sensing_msgs/msg/detail/gnss_ins_orientation_stamped__traits.hpp
[5.729s] -- Up-to-date symlink: /home/autoware/aichallenge2023-integration-final-main/install/autoware_sensing_msgs/include/autoware_sensing_msgs/autoware_sensing_msgs/msg/gnss_ins_orientation.hpp
[5.729s] -- Up-to-date symlink: /home/autoware/aichallenge2023-integration-final-main/install/autoware_sensing_msgs/include/autoware_sensing_msgs/autoware_sensing_msgs/msg/gnss_ins_orientation_stamped.hpp
[5.729s] -- Up-to-date symlink: /home/autoware/aichallenge2023-integration-final-main/install/autoware_sensing_msgs/include/autoware_sensing_msgs/autoware_sensing_msgs/msg/detail/gnss_ins_orientation__rosidl_typesupport_fastrtps_cpp.hpp
[5.729s] -- Up-to-date symlink: /home/autoware/aichallenge2023-integration-final-main/install/autoware_sensing_msgs/include/autoware_sensing_msgs/autoware_sensing_msgs/msg/detail/gnss_ins_orientation_stamped__rosidl_typesupport_fastrtps_cpp.hpp
[5.729s] -- Up-to-date symlink: /home/autoware/aichallenge2023-integration-final-main/install/autoware_sensing_msgs/include/autoware_sensing_msgs/autoware_sensing_msgs/msg/rosidl_typesupport_fastrtps_cpp__visibility_control.h
[5.729s] -- Up-to-date symlink: /home/autoware/aichallenge2023-integration-final-main/install/autoware_sensing_msgs/include/autoware_sensing_msgs/autoware_sensing_msgs/msg/detail/gnss_ins_orientation__rosidl_typesupport_introspection_c.h
[5.729s] -- Up-to-date symlink: /home/autoware/aichallenge2023-integration-final-main/install/autoware_sensing_msgs/include/autoware_sensing_msgs/autoware_sensing_msgs/msg/detail/gnss_ins_orientation_stamped__rosidl_typesupport_introspection_c.h
[5.729s] -- Up-to-date symlink: /home/autoware/aichallenge2023-integration-final-main/install/autoware_sensing_msgs/include/autoware_sensing_msgs/autoware_sensing_msgs/msg/rosidl_typesupport_introspection_c__visibility_control.h
[5.730s] -- Up-to-date symlink: /home/autoware/aichallenge2023-integration-final-main/install/autoware_sensing_msgs/include/autoware_sensing_msgs/autoware_sensing_msgs/msg/detail/gnss_ins_orientation__rosidl_typesupport_introspection_cpp.hpp
[5.730s] -- Up-to-date symlink: /home/autoware/aichallenge2023-integration-final-main/install/autoware_sensing_msgs/include/autoware_sensing_msgs/autoware_sensing_msgs/msg/detail/gnss_ins_orientation_stamped__rosidl_typesupport_introspection_cpp.hpp
[5.730s] -- Up-to-date symlink: /home/autoware/aichallenge2023-integration-final-main/install/autoware_sensing_msgs/share/autoware_sensing_msgs/environment/pythonpath.sh
[5.730s] -- Up-to-date symlink: /home/autoware/aichallenge2023-integration-final-main/install/autoware_sensing_msgs/share/autoware_sensing_msgs/environment/pythonpath.dsv
[5.730s] -- Up-to-date symlink: /home/autoware/aichallenge2023-integration-final-main/install/autoware_sensing_msgs/local/lib/python3.10/dist-packages/autoware_sensing_msgs-1.0.0-py3.10.egg-info/PKG-INFO
[5.730s] -- Up-to-date symlink: /home/autoware/aichallenge2023-integration-final-main/install/autoware_sensing_msgs/local/lib/python3.10/dist-packages/autoware_sensing_msgs-1.0.0-py3.10.egg-info/SOURCES.txt
[5.730s] -- Up-to-date symlink: /home/autoware/aichallenge2023-integration-final-main/install/autoware_sensing_msgs/local/lib/python3.10/dist-packages/autoware_sensing_msgs-1.0.0-py3.10.egg-info/dependency_links.txt
[5.730s] -- Up-to-date symlink: /home/autoware/aichallenge2023-integration-final-main/install/autoware_sensing_msgs/local/lib/python3.10/dist-packages/autoware_sensing_msgs-1.0.0-py3.10.egg-info/top_level.txt
[5.730s] -- Up-to-date symlink: /home/autoware/aichallenge2023-integration-final-main/install/autoware_sensing_msgs/local/lib/python3.10/dist-packages/autoware_sensing_msgs/__init__.py
[5.731s] -- Up-to-date symlink: /home/autoware/aichallenge2023-integration-final-main/install/autoware_sensing_msgs/local/lib/python3.10/dist-packages/autoware_sensing_msgs/_autoware_sensing_msgs_s.ep.rosidl_typesupport_c.c
[5.731s] -- Up-to-date symlink: /home/autoware/aichallenge2023-integration-final-main/install/autoware_sensing_msgs/local/lib/python3.10/dist-packages/autoware_sensing_msgs/_autoware_sensing_msgs_s.ep.rosidl_typesupport_fastrtps_c.c
[5.731s] -- Up-to-date symlink: /home/autoware/aichallenge2023-integration-final-main/install/autoware_sensing_msgs/local/lib/python3.10/dist-packages/autoware_sensing_msgs/_autoware_sensing_msgs_s.ep.rosidl_typesupport_introspection_c.c
[5.731s] -- Up-to-date symlink: /home/autoware/aichallenge2023-integration-final-main/install/autoware_sensing_msgs/local/lib/python3.10/dist-packages/autoware_sensing_msgs/autoware_sensing_msgs_s__rosidl_typesupport_c.cpython-310-x86_64-linux-gnu.so
[5.731s] -- Up-to-date symlink: /home/autoware/aichallenge2023-integration-final-main/install/autoware_sensing_msgs/local/lib/python3.10/dist-packages/autoware_sensing_msgs/autoware_sensing_msgs_s__rosidl_typesupport_fastrtps_c.cpython-310-x86_64-linux-gnu.so
[5.731s] -- Up-to-date symlink: /home/autoware/aichallenge2023-integration-final-main/install/autoware_sensing_msgs/local/lib/python3.10/dist-packages/autoware_sensing_msgs/autoware_sensing_msgs_s__rosidl_typesupport_introspection_c.cpython-310-x86_64-linux-gnu.so
[5.731s] -- Up-to-date symlink: /home/autoware/aichallenge2023-integration-final-main/install/autoware_sensing_msgs/local/lib/python3.10/dist-packages/autoware_sensing_msgs/libautoware_sensing_msgs__rosidl_generator_py.so
[5.731s] -- Up-to-date symlink: /home/autoware/aichallenge2023-integration-final-main/install/autoware_sensing_msgs/local/lib/python3.10/dist-packages/autoware_sensing_msgs/msg/__init__.py
[5.731s] -- Up-to-date symlink: /home/autoware/aichallenge2023-integration-final-main/install/autoware_sensing_msgs/local/lib/python3.10/dist-packages/autoware_sensing_msgs/msg/_gnss_ins_orientation.py
[5.732s] -- Up-to-date symlink: /home/autoware/aichallenge2023-integration-final-main/install/autoware_sensing_msgs/local/lib/python3.10/dist-packages/autoware_sensing_msgs/msg/_gnss_ins_orientation_s.c
[5.732s] -- Up-to-date symlink: /home/autoware/aichallenge2023-integration-final-main/install/autoware_sensing_msgs/local/lib/python3.10/dist-packages/autoware_sensing_msgs/msg/_gnss_ins_orientation_stamped.py
[5.732s] -- Up-to-date symlink: /home/autoware/aichallenge2023-integration-final-main/install/autoware_sensing_msgs/local/lib/python3.10/dist-packages/autoware_sensing_msgs/msg/_gnss_ins_orientation_stamped_s.c
[5.732s] -- Up-to-date symlink: /home/autoware/aichallenge2023-integration-final-main/install/autoware_sensing_msgs/local/lib/python3.10/dist-packages/autoware_sensing_msgs/autoware_sensing_msgs_s__rosidl_typesupport_fastrtps_c.cpython-310-x86_64-linux-gnu.so
[5.732s] -- Up-to-date symlink: /home/autoware/aichallenge2023-integration-final-main/install/autoware_sensing_msgs/local/lib/python3.10/dist-packages/autoware_sensing_msgs/autoware_sensing_msgs_s__rosidl_typesupport_introspection_c.cpython-310-x86_64-linux-gnu.so
[5.732s] -- Up-to-date symlink: /home/autoware/aichallenge2023-integration-final-main/install/autoware_sensing_msgs/local/lib/python3.10/dist-packages/autoware_sensing_msgs/autoware_sensing_msgs_s__rosidl_typesupport_c.cpython-310-x86_64-linux-gnu.so
[5.732s] -- Up-to-date symlink: /home/autoware/aichallenge2023-integration-final-main/install/autoware_sensing_msgs/share/autoware_sensing_msgs/msg/GnssInsOrientation.idl
[5.732s] -- Up-to-date symlink: /home/autoware/aichallenge2023-integration-final-main/install/autoware_sensing_msgs/share/autoware_sensing_msgs/msg/GnssInsOrientationStamped.idl
[5.732s] -- Up-to-date symlink: /home/autoware/aichallenge2023-integration-final-main/install/autoware_sensing_msgs/share/autoware_sensing_msgs/msg/GnssInsOrientation.msg
[5.732s] -- Up-to-date symlink: /home/autoware/aichallenge2023-integration-final-main/install/autoware_sensing_msgs/share/autoware_sensing_msgs/msg/GnssInsOrientationStamped.msg
[5.733s] -- Up-to-date symlink: /home/autoware/aichallenge2023-integration-final-main/install/autoware_sensing_msgs/share/ament_index/resource_index/package_run_dependencies/autoware_sensing_msgs
[5.733s] -- Up-to-date symlink: /home/autoware/aichallenge2023-integration-final-main/install/autoware_sensing_msgs/share/ament_index/resource_index/parent_prefix_path/autoware_sensing_msgs
[5.733s] -- Up-to-date symlink: /home/autoware/aichallenge2023-integration-final-main/install/autoware_sensing_msgs/share/autoware_sensing_msgs/environment/ament_prefix_path.sh
[5.733s] -- Up-to-date symlink: /home/autoware/aichallenge2023-integration-final-main/install/autoware_sensing_msgs/share/autoware_sensing_msgs/environment/ament_prefix_path.dsv
[5.733s] -- Up-to-date symlink: /home/autoware/aichallenge2023-integration-final-main/install/autoware_sensing_msgs/share/autoware_sensing_msgs/environment/path.sh
[5.733s] -- Up-to-date symlink: /home/autoware/aichallenge2023-integration-final-main/install/autoware_sensing_msgs/share/autoware_sensing_msgs/environment/path.dsv
[5.733s] -- Up-to-date symlink: /home/autoware/aichallenge2023-integration-final-main/install/autoware_sensing_msgs/share/autoware_sensing_msgs/local_setup.bash
[5.733s] -- Up-to-date symlink: /home/autoware/aichallenge2023-integration-final-main/install/autoware_sensing_msgs/share/autoware_sensing_msgs/local_setup.sh
[5.733s] -- Up-to-date symlink: /home/autoware/aichallenge2023-integration-final-main/install/autoware_sensing_msgs/share/autoware_sensing_msgs/local_setup.zsh
[5.734s] -- Up-to-date symlink: /home/autoware/aichallenge2023-integration-final-main/install/autoware_sensing_msgs/share/autoware_sensing_msgs/local_setup.dsv
[5.734s] -- Symlinking: /home/autoware/aichallenge2023-integration-final-main/install/autoware_sensing_msgs/share/autoware_sensing_msgs/package.dsv
[5.806s] -- Up-to-date symlink: /home/autoware/aichallenge2023-integration-final-main/install/autoware_sensing_msgs/share/ament_index/resource_index/packages/autoware_sensing_msgs
[5.806s] -- Up-to-date symlink: /home/autoware/aichallenge2023-integration-final-main/install/autoware_sensing_msgs/share/autoware_sensing_msgs/cmake/rosidl_cmake-extras.cmake
[5.807s] -- Up-to-date symlink: /home/autoware/aichallenge2023-integration-final-main/install/autoware_sensing_msgs/share/autoware_sensing_msgs/cmake/ament_cmake_export_dependencies-extras.cmake
[5.807s] -- Up-to-date symlink: /home/autoware/aichallenge2023-integration-final-main/install/autoware_sensing_msgs/share/autoware_sensing_msgs/cmake/ament_cmake_export_include_directories-extras.cmake
[5.807s] -- Up-to-date symlink: /home/autoware/aichallenge2023-integration-final-main/install/autoware_sensing_msgs/share/autoware_sensing_msgs/cmake/ament_cmake_export_libraries-extras.cmake
[5.807s] -- Up-to-date symlink: /home/autoware/aichallenge2023-integration-final-main/install/autoware_sensing_msgs/share/autoware_sensing_msgs/cmake/ament_cmake_export_targets-extras.cmake
[5.808s] -- Up-to-date symlink: /home/autoware/aichallenge2023-integration-final-main/install/autoware_sensing_msgs/share/autoware_sensing_msgs/cmake/rosidl_cmake_export_typesupport_targets-extras.cmake
[5.808s] -- Up-to-date symlink: /home/autoware/aichallenge2023-integration-final-main/install/autoware_sensing_msgs/share/autoware_sensing_msgs/cmake/rosidl_cmake_export_typesupport_libraries-extras.cmake
[5.809s] -- Up-to-date symlink: /home/autoware/aichallenge2023-integration-final-main/install/autoware_sensing_msgs/share/autoware_sensing_msgs/cmake/autoware_sensing_msgsConfig.cmake
[5.809s] -- Up-to-date symlink: /home/autoware/aichallenge2023-integration-final-main/install/autoware_sensing_msgs/share/autoware_sensing_msgs/cmake/autoware_sensing_msgsConfig-version.cmake
[5.810s] -- Up-to-date symlink: /home/autoware/aichallenge2023-integration-final-main/install/autoware_sensing_msgs/share/autoware_sensing_msgs/package.xml
[5.810s] -- Up-to-date: /home/autoware/aichallenge2023-integration-final-main/install/autoware_sensing_msgs/lib/libautoware_sensing_msgs__rosidl_generator_c.so
[5.811s] -- Up-to-date: /home/autoware/aichallenge2023-integration-final-main/install/autoware_sensing_msgs/lib/libautoware_sensing_msgs__rosidl_typesupport_fastrtps_c.so
[5.812s] -- Up-to-date: /home/autoware/aichallenge2023-integration-final-main/install/autoware_sensing_msgs/lib/libautoware_sensing_msgs__rosidl_typesupport_fastrtps_cpp.so
[5.812s] -- Up-to-date: /home/autoware/aichallenge2023-integration-final-main/install/autoware_sensing_msgs/lib/libautoware_sensing_msgs__rosidl_typesupport_introspection_c.so
[5.813s] -- Up-to-date: /home/autoware/aichallenge2023-integration-final-main/install/autoware_sensing_msgs/lib/libautoware_sensing_msgs__rosidl_typesupport_c.so
[5.814s] -- Up-to-date: /home/autoware/aichallenge2023-integration-final-main/install/autoware_sensing_msgs/lib/libautoware_sensing_msgs__rosidl_typesupport_introspection_cpp.so
[5.814s] -- Up-to-date: /home/autoware/aichallenge2023-integration-final-main/install/autoware_sensing_msgs/lib/libautoware_sensing_msgs__rosidl_typesupport_cpp.so
[6.008s] Listing '/home/autoware/aichallenge2023-integration-final-main/install/autoware_sensing_msgs/local/lib/python3.10/dist-packages/autoware_sensing_msgs'...
[6.008s] Listing '/home/autoware/aichallenge2023-integration-final-main/install/autoware_sensing_msgs/local/lib/python3.10/dist-packages/autoware_sensing_msgs/msg'...
[6.015s] -- Up-to-date: /home/autoware/aichallenge2023-integration-final-main/install/autoware_sensing_msgs/lib/libautoware_sensing_msgs__rosidl_generator_py.so
[6.015s] -- Up-to-date: /home/autoware/aichallenge2023-integration-final-main/install/autoware_sensing_msgs/share/autoware_sensing_msgs/cmake/export_autoware_sensing_msgs__rosidl_generator_cExport.cmake
[6.016s] -- Up-to-date: /home/autoware/aichallenge2023-integration-final-main/install/autoware_sensing_msgs/share/autoware_sensing_msgs/cmake/export_autoware_sensing_msgs__rosidl_generator_cExport-release.cmake
[6.016s] -- Up-to-date: /home/autoware/aichallenge2023-integration-final-main/install/autoware_sensing_msgs/share/autoware_sensing_msgs/cmake/export_autoware_sensing_msgs__rosidl_typesupport_fastrtps_cExport.cmake
[6.016s] -- Up-to-date: /home/autoware/aichallenge2023-integration-final-main/install/autoware_sensing_msgs/share/autoware_sensing_msgs/cmake/export_autoware_sensing_msgs__rosidl_typesupport_fastrtps_cExport-release.cmake
[6.017s] -- Up-to-date: /home/autoware/aichallenge2023-integration-final-main/install/autoware_sensing_msgs/share/autoware_sensing_msgs/cmake/export_autoware_sensing_msgs__rosidl_generator_cppExport.cmake
[6.017s] -- Up-to-date: /home/autoware/aichallenge2023-integration-final-main/install/autoware_sensing_msgs/share/autoware_sensing_msgs/cmake/export_autoware_sensing_msgs__rosidl_typesupport_fastrtps_cppExport.cmake
[6.017s] -- Up-to-date: /home/autoware/aichallenge2023-integration-final-main/install/autoware_sensing_msgs/share/autoware_sensing_msgs/cmake/export_autoware_sensing_msgs__rosidl_typesupport_fastrtps_cppExport-release.cmake
[6.017s] -- Up-to-date: /home/autoware/aichallenge2023-integration-final-main/install/autoware_sensing_msgs/share/autoware_sensing_msgs/cmake/autoware_sensing_msgs__rosidl_typesupport_introspection_cExport.cmake
[6.018s] -- Up-to-date: /home/autoware/aichallenge2023-integration-final-main/install/autoware_sensing_msgs/share/autoware_sensing_msgs/cmake/autoware_sensing_msgs__rosidl_typesupport_introspection_cExport-release.cmake
[6.018s] -- Up-to-date: /home/autoware/aichallenge2023-integration-final-main/install/autoware_sensing_msgs/share/autoware_sensing_msgs/cmake/autoware_sensing_msgs__rosidl_typesupport_cExport.cmake
[6.018s] -- Up-to-date: /home/autoware/aichallenge2023-integration-final-main/install/autoware_sensing_msgs/share/autoware_sensing_msgs/cmake/autoware_sensing_msgs__rosidl_typesupport_cExport-release.cmake
[6.019s] -- Up-to-date: /home/autoware/aichallenge2023-integration-final-main/install/autoware_sensing_msgs/share/autoware_sensing_msgs/cmake/autoware_sensing_msgs__rosidl_typesupport_introspection_cppExport.cmake
[6.019s] -- Up-to-date: /home/autoware/aichallenge2023-integration-final-main/install/autoware_sensing_msgs/share/autoware_sensing_msgs/cmake/autoware_sensing_msgs__rosidl_typesupport_introspection_cppExport-release.cmake
[6.019s] -- Up-to-date: /home/autoware/aichallenge2023-integration-final-main/install/autoware_sensing_msgs/share/autoware_sensing_msgs/cmake/autoware_sensing_msgs__rosidl_typesupport_cppExport.cmake
[6.020s] -- Up-to-date: /home/autoware/aichallenge2023-integration-final-main/install/autoware_sensing_msgs/share/autoware_sensing_msgs/cmake/autoware_sensing_msgs__rosidl_typesupport_cppExport-release.cmake
[6.020s] -- Up-to-date: /home/autoware/aichallenge2023-integration-final-main/install/autoware_sensing_msgs/share/autoware_sensing_msgs/cmake/export_autoware_sensing_msgs__rosidl_generator_pyExport.cmake
[6.020s] -- Up-to-date: /home/autoware/aichallenge2023-integration-final-main/install/autoware_sensing_msgs/share/autoware_sensing_msgs/cmake/export_autoware_sensing_msgs__rosidl_generator_pyExport-release.cmake
[6.190s] Invoked command in '/home/autoware/aichallenge2023-integration-final-main/build/autoware_sensing_msgs' returned '0': CMAKE_PREFIX_PATH=${CMAKE_PREFIX_PATH}:/home/autoware/aichallenge2023-integration-final-main/install/simulator_compatibility_test:/home/autoware/aichallenge2023-integration-final-main/install/ad_api_visualizers:/home/autoware/autoware/install/simulator_compatibility_test:/home/autoware/autoware/install/ad_api_visualizers:/opt/ros/humble /usr/bin/cmake --install /home/autoware/aichallenge2023-integration-final-main/build/autoware_sensing_msgs
