[0.086s] Invoking command in '/home/autoware/aichallenge2023-integration-final-main/build/tier4_localization_msgs': CMAKE_PREFIX_PATH=${CMAKE_PREFIX_PATH}:/home/autoware/autoware/install/simulator_compatibility_test:/home/autoware/autoware/install/ad_api_visualizers:/opt/ros/humble /usr/bin/cmake --build /home/autoware/aichallenge2023-integration-final-main/build/tier4_localization_msgs -- -j16 -l16
[2.074s] [  9%] Built target tier4_localization_msgs__rosidl_generator_c
[2.075s] [ 12%] Built target tier4_localization_msgs__cpp
[2.075s] [ 12%] Built target ament_cmake_python_symlink_tier4_localization_msgs
[2.075s] [ 22%] Built target tier4_localization_msgs__rosidl_typesupport_introspection_c
[2.075s] [ 32%] Built target tier4_localization_msgs__rosidl_typesupport_c
[2.075s] [ 41%] Built target tier4_localization_msgs__rosidl_typesupport_introspection_cpp
[2.075s] [ 51%] Built target tier4_localization_msgs__rosidl_typesupport_fastrtps_c
[2.075s] [ 61%] Built target tier4_localization_msgs__rosidl_typesupport_fastrtps_cpp
[2.075s] [ 70%] Built target tier4_localization_msgs__rosidl_typesupport_cpp
[2.075s] [ 70%] Built target tier4_localization_msgs
[2.076s] [ 74%] Built target tier4_localization_msgs__py
[2.076s] running egg_info
[2.076s] writing tier4_localization_msgs.egg-info/PKG-INFO
[2.076s] writing dependency_links to tier4_localization_msgs.egg-info/dependency_links.txt
[2.076s] writing top-level names to tier4_localization_msgs.egg-info/top_level.txt
[2.076s] reading manifest file 'tier4_localization_msgs.egg-info/SOURCES.txt'
[2.076s] writing manifest file 'tier4_localization_msgs.egg-info/SOURCES.txt'
[2.076s] [ 80%] Built target tier4_localization_msgs__rosidl_generator_py
[2.076s] [ 80%] Built target ament_cmake_python_build_tier4_localization_msgs_egg
[2.076s] [ 87%] Built target tier4_localization_msgs__rosidl_typesupport_introspection_c__pyext
[2.076s] [ 93%] Built target tier4_localization_msgs__rosidl_typesupport_fastrtps_c__pyext
[2.076s] [100%] Built target tier4_localization_msgs__rosidl_typesupport_c__pyext
[2.103s] Invoked command in '/home/autoware/aichallenge2023-integration-final-main/build/tier4_localization_msgs' returned '0': CMAKE_PREFIX_PATH=${CMAKE_PREFIX_PATH}:/home/autoware/autoware/install/simulator_compatibility_test:/home/autoware/autoware/install/ad_api_visualizers:/opt/ros/humble /usr/bin/cmake --build /home/autoware/aichallenge2023-integration-final-main/build/tier4_localization_msgs -- -j16 -l16
[2.754s] Invoking command in '/home/autoware/aichallenge2023-integration-final-main/build/tier4_localization_msgs': CMAKE_PREFIX_PATH=${CMAKE_PREFIX_PATH}:/home/autoware/autoware/install/simulator_compatibility_test:/home/autoware/autoware/install/ad_api_visualizers:/opt/ros/humble /usr/bin/cmake --install /home/autoware/aichallenge2023-integration-final-main/build/tier4_localization_msgs
[2.786s] -- Install configuration: "Release"
[2.787s] -- Execute custom install script
[2.787s] -- Up-to-date symlink: /home/autoware/aichallenge2023-integration-final-main/install/tier4_localization_msgs/share/ament_index/resource_index/rosidl_interfaces/tier4_localization_msgs
[2.787s] -- Up-to-date symlink: /home/autoware/aichallenge2023-integration-final-main/install/tier4_localization_msgs/include/tier4_localization_msgs/tier4_localization_msgs/msg/rosidl_generator_c__visibility_control.h
[2.788s] -- Up-to-date symlink: /home/autoware/aichallenge2023-integration-final-main/install/tier4_localization_msgs/include/tier4_localization_msgs/tier4_localization_msgs/srv/detail/pose_with_covariance_stamped__functions.h
[2.788s] -- Up-to-date symlink: /home/autoware/aichallenge2023-integration-final-main/install/tier4_localization_msgs/include/tier4_localization_msgs/tier4_localization_msgs/srv/detail/pose_with_covariance_stamped__struct.h
[2.788s] -- Up-to-date symlink: /home/autoware/aichallenge2023-integration-final-main/install/tier4_localization_msgs/include/tier4_localization_msgs/tier4_localization_msgs/srv/detail/pose_with_covariance_stamped__type_support.h
[2.788s] -- Up-to-date symlink: /home/autoware/aichallenge2023-integration-final-main/install/tier4_localization_msgs/include/tier4_localization_msgs/tier4_localization_msgs/srv/pose_with_covariance_stamped.h
[2.788s] -- Up-to-date symlink: /home/autoware/aichallenge2023-integration-final-main/install/tier4_localization_msgs/share/tier4_localization_msgs/environment/library_path.sh
[2.788s] -- Up-to-date symlink: /home/autoware/aichallenge2023-integration-final-main/install/tier4_localization_msgs/share/tier4_localization_msgs/environment/library_path.dsv
[2.789s] -- Up-to-date symlink: /home/autoware/aichallenge2023-integration-final-main/install/tier4_localization_msgs/include/tier4_localization_msgs/tier4_localization_msgs/msg/rosidl_typesupport_fastrtps_c__visibility_control.h
[2.789s] -- Up-to-date symlink: /home/autoware/aichallenge2023-integration-final-main/install/tier4_localization_msgs/include/tier4_localization_msgs/tier4_localization_msgs/srv/detail/pose_with_covariance_stamped__rosidl_typesupport_fastrtps_c.h
[2.789s] -- Up-to-date symlink: /home/autoware/aichallenge2023-integration-final-main/install/tier4_localization_msgs/include/tier4_localization_msgs/tier4_localization_msgs/msg/rosidl_typesupport_introspection_c__visibility_control.h
[2.790s] -- Up-to-date symlink: /home/autoware/aichallenge2023-integration-final-main/install/tier4_localization_msgs/include/tier4_localization_msgs/tier4_localization_msgs/srv/detail/pose_with_covariance_stamped__rosidl_typesupport_introspection_c.h
[2.790s] -- Up-to-date symlink: /home/autoware/aichallenge2023-integration-final-main/install/tier4_localization_msgs/include/tier4_localization_msgs/tier4_localization_msgs/srv/detail/pose_with_covariance_stamped__builder.hpp
[2.790s] -- Up-to-date symlink: /home/autoware/aichallenge2023-integration-final-main/install/tier4_localization_msgs/include/tier4_localization_msgs/tier4_localization_msgs/srv/detail/pose_with_covariance_stamped__struct.hpp
[2.790s] -- Up-to-date symlink: /home/autoware/aichallenge2023-integration-final-main/install/tier4_localization_msgs/include/tier4_localization_msgs/tier4_localization_msgs/srv/detail/pose_with_covariance_stamped__traits.hpp
[2.790s] -- Up-to-date symlink: /home/autoware/aichallenge2023-integration-final-main/install/tier4_localization_msgs/include/tier4_localization_msgs/tier4_localization_msgs/srv/pose_with_covariance_stamped.hpp
[2.791s] -- Up-to-date symlink: /home/autoware/aichallenge2023-integration-final-main/install/tier4_localization_msgs/include/tier4_localization_msgs/tier4_localization_msgs/msg/rosidl_typesupport_fastrtps_cpp__visibility_control.h
[2.791s] -- Up-to-date symlink: /home/autoware/aichallenge2023-integration-final-main/install/tier4_localization_msgs/include/tier4_localization_msgs/tier4_localization_msgs/srv/detail/pose_with_covariance_stamped__rosidl_typesupport_fastrtps_cpp.hpp
[2.791s] -- Up-to-date symlink: /home/autoware/aichallenge2023-integration-final-main/install/tier4_localization_msgs/include/tier4_localization_msgs/tier4_localization_msgs/srv/detail/pose_with_covariance_stamped__rosidl_typesupport_introspection_cpp.hpp
[2.791s] -- Up-to-date symlink: /home/autoware/aichallenge2023-integration-final-main/install/tier4_localization_msgs/share/tier4_localization_msgs/environment/pythonpath.sh
[2.793s] -- Up-to-date symlink: /home/autoware/aichallenge2023-integration-final-main/install/tier4_localization_msgs/share/tier4_localization_msgs/environment/pythonpath.dsv
[2.793s] -- Up-to-date symlink: /home/autoware/aichallenge2023-integration-final-main/install/tier4_localization_msgs/local/lib/python3.10/dist-packages/tier4_localization_msgs-0.1.0-py3.10.egg-info/PKG-INFO
[2.793s] -- Up-to-date symlink: /home/autoware/aichallenge2023-integration-final-main/install/tier4_localization_msgs/local/lib/python3.10/dist-packages/tier4_localization_msgs-0.1.0-py3.10.egg-info/SOURCES.txt
[2.794s] -- Up-to-date symlink: /home/autoware/aichallenge2023-integration-final-main/install/tier4_localization_msgs/local/lib/python3.10/dist-packages/tier4_localization_msgs-0.1.0-py3.10.egg-info/dependency_links.txt
[2.794s] -- Up-to-date symlink: /home/autoware/aichallenge2023-integration-final-main/install/tier4_localization_msgs/local/lib/python3.10/dist-packages/tier4_localization_msgs-0.1.0-py3.10.egg-info/top_level.txt
[2.794s] -- Up-to-date symlink: /home/autoware/aichallenge2023-integration-final-main/install/tier4_localization_msgs/local/lib/python3.10/dist-packages/tier4_localization_msgs/__init__.py
[2.794s] -- Up-to-date symlink: /home/autoware/aichallenge2023-integration-final-main/install/tier4_localization_msgs/local/lib/python3.10/dist-packages/tier4_localization_msgs/_tier4_localization_msgs_s.ep.rosidl_typesupport_c.c
[2.794s] -- Up-to-date symlink: /home/autoware/aichallenge2023-integration-final-main/install/tier4_localization_msgs/local/lib/python3.10/dist-packages/tier4_localization_msgs/_tier4_localization_msgs_s.ep.rosidl_typesupport_fastrtps_c.c
[2.794s] -- Up-to-date symlink: /home/autoware/aichallenge2023-integration-final-main/install/tier4_localization_msgs/local/lib/python3.10/dist-packages/tier4_localization_msgs/_tier4_localization_msgs_s.ep.rosidl_typesupport_introspection_c.c
[2.794s] -- Up-to-date symlink: /home/autoware/aichallenge2023-integration-final-main/install/tier4_localization_msgs/local/lib/python3.10/dist-packages/tier4_localization_msgs/libtier4_localization_msgs__rosidl_generator_py.so
[2.794s] -- Up-to-date symlink: /home/autoware/aichallenge2023-integration-final-main/install/tier4_localization_msgs/local/lib/python3.10/dist-packages/tier4_localization_msgs/srv/__init__.py
[2.794s] -- Up-to-date symlink: /home/autoware/aichallenge2023-integration-final-main/install/tier4_localization_msgs/local/lib/python3.10/dist-packages/tier4_localization_msgs/srv/_pose_with_covariance_stamped.py
[2.794s] -- Up-to-date symlink: /home/autoware/aichallenge2023-integration-final-main/install/tier4_localization_msgs/local/lib/python3.10/dist-packages/tier4_localization_msgs/srv/_pose_with_covariance_stamped_s.c
[2.794s] -- Up-to-date symlink: /home/autoware/aichallenge2023-integration-final-main/install/tier4_localization_msgs/local/lib/python3.10/dist-packages/tier4_localization_msgs/tier4_localization_msgs_s__rosidl_typesupport_c.cpython-310-x86_64-linux-gnu.so
[2.794s] -- Up-to-date symlink: /home/autoware/aichallenge2023-integration-final-main/install/tier4_localization_msgs/local/lib/python3.10/dist-packages/tier4_localization_msgs/tier4_localization_msgs_s__rosidl_typesupport_fastrtps_c.cpython-310-x86_64-linux-gnu.so
[2.795s] -- Up-to-date symlink: /home/autoware/aichallenge2023-integration-final-main/install/tier4_localization_msgs/local/lib/python3.10/dist-packages/tier4_localization_msgs/tier4_localization_msgs_s__rosidl_typesupport_introspection_c.cpython-310-x86_64-linux-gnu.so
[2.795s] -- Up-to-date symlink: /home/autoware/aichallenge2023-integration-final-main/install/tier4_localization_msgs/local/lib/python3.10/dist-packages/tier4_localization_msgs/tier4_localization_msgs_s__rosidl_typesupport_fastrtps_c.cpython-310-x86_64-linux-gnu.so
[2.795s] -- Up-to-date symlink: /home/autoware/aichallenge2023-integration-final-main/install/tier4_localization_msgs/local/lib/python3.10/dist-packages/tier4_localization_msgs/tier4_localization_msgs_s__rosidl_typesupport_introspection_c.cpython-310-x86_64-linux-gnu.so
[2.795s] -- Up-to-date symlink: /home/autoware/aichallenge2023-integration-final-main/install/tier4_localization_msgs/local/lib/python3.10/dist-packages/tier4_localization_msgs/tier4_localization_msgs_s__rosidl_typesupport_c.cpython-310-x86_64-linux-gnu.so
[2.795s] -- Up-to-date symlink: /home/autoware/aichallenge2023-integration-final-main/install/tier4_localization_msgs/share/tier4_localization_msgs/srv/PoseWithCovarianceStamped.idl
[2.795s] -- Up-to-date symlink: /home/autoware/aichallenge2023-integration-final-main/install/tier4_localization_msgs/share/tier4_localization_msgs/srv/PoseWithCovarianceStamped.srv
[2.795s] -- Up-to-date symlink: /home/autoware/aichallenge2023-integration-final-main/install/tier4_localization_msgs/share/tier4_localization_msgs/srv/PoseWithCovarianceStamped_Request.msg
[2.795s] -- Up-to-date symlink: /home/autoware/aichallenge2023-integration-final-main/install/tier4_localization_msgs/share/tier4_localization_msgs/srv/PoseWithCovarianceStamped_Response.msg
[2.795s] -- Up-to-date symlink: /home/autoware/aichallenge2023-integration-final-main/install/tier4_localization_msgs/share/ament_index/resource_index/package_run_dependencies/tier4_localization_msgs
[2.795s] -- Up-to-date symlink: /home/autoware/aichallenge2023-integration-final-main/install/tier4_localization_msgs/share/ament_index/resource_index/parent_prefix_path/tier4_localization_msgs
[2.796s] -- Up-to-date symlink: /home/autoware/aichallenge2023-integration-final-main/install/tier4_localization_msgs/share/tier4_localization_msgs/environment/ament_prefix_path.sh
[2.796s] -- Up-to-date symlink: /home/autoware/aichallenge2023-integration-final-main/install/tier4_localization_msgs/share/tier4_localization_msgs/environment/ament_prefix_path.dsv
[2.796s] -- Up-to-date symlink: /home/autoware/aichallenge2023-integration-final-main/install/tier4_localization_msgs/share/tier4_localization_msgs/environment/path.sh
[2.796s] -- Up-to-date symlink: /home/autoware/aichallenge2023-integration-final-main/install/tier4_localization_msgs/share/tier4_localization_msgs/environment/path.dsv
[2.796s] -- Up-to-date symlink: /home/autoware/aichallenge2023-integration-final-main/install/tier4_localization_msgs/share/tier4_localization_msgs/local_setup.bash
[2.796s] -- Up-to-date symlink: /home/autoware/aichallenge2023-integration-final-main/install/tier4_localization_msgs/share/tier4_localization_msgs/local_setup.sh
[2.797s] -- Up-to-date symlink: /home/autoware/aichallenge2023-integration-final-main/install/tier4_localization_msgs/share/tier4_localization_msgs/local_setup.zsh
[2.797s] -- Up-to-date symlink: /home/autoware/aichallenge2023-integration-final-main/install/tier4_localization_msgs/share/tier4_localization_msgs/local_setup.dsv
[2.797s] -- Symlinking: /home/autoware/aichallenge2023-integration-final-main/install/tier4_localization_msgs/share/tier4_localization_msgs/package.dsv
[2.838s] -- Up-to-date symlink: /home/autoware/aichallenge2023-integration-final-main/install/tier4_localization_msgs/share/ament_index/resource_index/packages/tier4_localization_msgs
[2.838s] -- Up-to-date symlink: /home/autoware/aichallenge2023-integration-final-main/install/tier4_localization_msgs/share/tier4_localization_msgs/cmake/rosidl_cmake-extras.cmake
[2.838s] -- Up-to-date symlink: /home/autoware/aichallenge2023-integration-final-main/install/tier4_localization_msgs/share/tier4_localization_msgs/cmake/ament_cmake_export_dependencies-extras.cmake
[2.838s] -- Up-to-date symlink: /home/autoware/aichallenge2023-integration-final-main/install/tier4_localization_msgs/share/tier4_localization_msgs/cmake/ament_cmake_export_include_directories-extras.cmake
[2.838s] -- Up-to-date symlink: /home/autoware/aichallenge2023-integration-final-main/install/tier4_localization_msgs/share/tier4_localization_msgs/cmake/ament_cmake_export_libraries-extras.cmake
[2.838s] -- Up-to-date symlink: /home/autoware/aichallenge2023-integration-final-main/install/tier4_localization_msgs/share/tier4_localization_msgs/cmake/ament_cmake_export_targets-extras.cmake
[2.838s] -- Up-to-date symlink: /home/autoware/aichallenge2023-integration-final-main/install/tier4_localization_msgs/share/tier4_localization_msgs/cmake/rosidl_cmake_export_typesupport_targets-extras.cmake
[2.838s] -- Up-to-date symlink: /home/autoware/aichallenge2023-integration-final-main/install/tier4_localization_msgs/share/tier4_localization_msgs/cmake/rosidl_cmake_export_typesupport_libraries-extras.cmake
[2.838s] -- Up-to-date symlink: /home/autoware/aichallenge2023-integration-final-main/install/tier4_localization_msgs/share/tier4_localization_msgs/cmake/tier4_localization_msgsConfig.cmake
[2.838s] -- Up-to-date symlink: /home/autoware/aichallenge2023-integration-final-main/install/tier4_localization_msgs/share/tier4_localization_msgs/cmake/tier4_localization_msgsConfig-version.cmake
[2.838s] -- Up-to-date symlink: /home/autoware/aichallenge2023-integration-final-main/install/tier4_localization_msgs/share/tier4_localization_msgs/package.xml
[2.838s] -- Up-to-date: /home/autoware/aichallenge2023-integration-final-main/install/tier4_localization_msgs/lib/libtier4_localization_msgs__rosidl_generator_c.so
[2.839s] -- Up-to-date: /home/autoware/aichallenge2023-integration-final-main/install/tier4_localization_msgs/lib/libtier4_localization_msgs__rosidl_typesupport_fastrtps_c.so
[2.839s] -- Up-to-date: /home/autoware/aichallenge2023-integration-final-main/install/tier4_localization_msgs/lib/libtier4_localization_msgs__rosidl_typesupport_introspection_c.so
[2.839s] -- Up-to-date: /home/autoware/aichallenge2023-integration-final-main/install/tier4_localization_msgs/lib/libtier4_localization_msgs__rosidl_typesupport_c.so
[2.839s] -- Up-to-date: /home/autoware/aichallenge2023-integration-final-main/install/tier4_localization_msgs/lib/libtier4_localization_msgs__rosidl_typesupport_fastrtps_cpp.so
[2.839s] -- Up-to-date: /home/autoware/aichallenge2023-integration-final-main/install/tier4_localization_msgs/lib/libtier4_localization_msgs__rosidl_typesupport_introspection_cpp.so
[2.839s] -- Up-to-date: /home/autoware/aichallenge2023-integration-final-main/install/tier4_localization_msgs/lib/libtier4_localization_msgs__rosidl_typesupport_cpp.so
[2.912s] Listing '/home/autoware/aichallenge2023-integration-final-main/install/tier4_localization_msgs/local/lib/python3.10/dist-packages/tier4_localization_msgs'...
[2.912s] Listing '/home/autoware/aichallenge2023-integration-final-main/install/tier4_localization_msgs/local/lib/python3.10/dist-packages/tier4_localization_msgs/srv'...
[2.917s] -- Up-to-date: /home/autoware/aichallenge2023-integration-final-main/install/tier4_localization_msgs/lib/libtier4_localization_msgs__rosidl_generator_py.so
[2.917s] -- Up-to-date: /home/autoware/aichallenge2023-integration-final-main/install/tier4_localization_msgs/share/tier4_localization_msgs/cmake/export_tier4_localization_msgs__rosidl_generator_cExport.cmake
[2.917s] -- Up-to-date: /home/autoware/aichallenge2023-integration-final-main/install/tier4_localization_msgs/share/tier4_localization_msgs/cmake/export_tier4_localization_msgs__rosidl_generator_cExport-release.cmake
[2.917s] -- Up-to-date: /home/autoware/aichallenge2023-integration-final-main/install/tier4_localization_msgs/share/tier4_localization_msgs/cmake/export_tier4_localization_msgs__rosidl_typesupport_fastrtps_cExport.cmake
[2.917s] -- Up-to-date: /home/autoware/aichallenge2023-integration-final-main/install/tier4_localization_msgs/share/tier4_localization_msgs/cmake/export_tier4_localization_msgs__rosidl_typesupport_fastrtps_cExport-release.cmake
[2.917s] -- Up-to-date: /home/autoware/aichallenge2023-integration-final-main/install/tier4_localization_msgs/share/tier4_localization_msgs/cmake/tier4_localization_msgs__rosidl_typesupport_introspection_cExport.cmake
[2.918s] -- Up-to-date: /home/autoware/aichallenge2023-integration-final-main/install/tier4_localization_msgs/share/tier4_localization_msgs/cmake/tier4_localization_msgs__rosidl_typesupport_introspection_cExport-release.cmake
[2.918s] -- Up-to-date: /home/autoware/aichallenge2023-integration-final-main/install/tier4_localization_msgs/share/tier4_localization_msgs/cmake/tier4_localization_msgs__rosidl_typesupport_cExport.cmake
[2.918s] -- Up-to-date: /home/autoware/aichallenge2023-integration-final-main/install/tier4_localization_msgs/share/tier4_localization_msgs/cmake/tier4_localization_msgs__rosidl_typesupport_cExport-release.cmake
[2.918s] -- Up-to-date: /home/autoware/aichallenge2023-integration-final-main/install/tier4_localization_msgs/share/tier4_localization_msgs/cmake/export_tier4_localization_msgs__rosidl_generator_cppExport.cmake
[2.918s] -- Up-to-date: /home/autoware/aichallenge2023-integration-final-main/install/tier4_localization_msgs/share/tier4_localization_msgs/cmake/export_tier4_localization_msgs__rosidl_typesupport_fastrtps_cppExport.cmake
[2.918s] -- Up-to-date: /home/autoware/aichallenge2023-integration-final-main/install/tier4_localization_msgs/share/tier4_localization_msgs/cmake/export_tier4_localization_msgs__rosidl_typesupport_fastrtps_cppExport-release.cmake
[2.918s] -- Up-to-date: /home/autoware/aichallenge2023-integration-final-main/install/tier4_localization_msgs/share/tier4_localization_msgs/cmake/tier4_localization_msgs__rosidl_typesupport_introspection_cppExport.cmake
[2.918s] -- Up-to-date: /home/autoware/aichallenge2023-integration-final-main/install/tier4_localization_msgs/share/tier4_localization_msgs/cmake/tier4_localization_msgs__rosidl_typesupport_introspection_cppExport-release.cmake
[2.918s] -- Up-to-date: /home/autoware/aichallenge2023-integration-final-main/install/tier4_localization_msgs/share/tier4_localization_msgs/cmake/tier4_localization_msgs__rosidl_typesupport_cppExport.cmake
[2.919s] -- Up-to-date: /home/autoware/aichallenge2023-integration-final-main/install/tier4_localization_msgs/share/tier4_localization_msgs/cmake/tier4_localization_msgs__rosidl_typesupport_cppExport-release.cmake
[2.919s] -- Up-to-date: /home/autoware/aichallenge2023-integration-final-main/install/tier4_localization_msgs/share/tier4_localization_msgs/cmake/export_tier4_localization_msgs__rosidl_generator_pyExport.cmake
[2.919s] -- Up-to-date: /home/autoware/aichallenge2023-integration-final-main/install/tier4_localization_msgs/share/tier4_localization_msgs/cmake/export_tier4_localization_msgs__rosidl_generator_pyExport-release.cmake
[2.927s] Invoked command in '/home/autoware/aichallenge2023-integration-final-main/build/tier4_localization_msgs' returned '0': CMAKE_PREFIX_PATH=${CMAKE_PREFIX_PATH}:/home/autoware/autoware/install/simulator_compatibility_test:/home/autoware/autoware/install/ad_api_visualizers:/opt/ros/humble /usr/bin/cmake --install /home/autoware/aichallenge2023-integration-final-main/build/tier4_localization_msgs
