[  3%] Built target tier4_localization_msgs__cpp
[  3%] Built target ament_cmake_python_symlink_tier4_localization_msgs
[ 12%] Built target tier4_localization_msgs__rosidl_generator_c
[ 22%] Built target tier4_localization_msgs__rosidl_typesupport_cpp
[ 32%] Built target tier4_localization_msgs__rosidl_typesupport_fastrtps_cpp
[ 41%] Built target tier4_localization_msgs__rosidl_typesupport_introspection_cpp
[ 51%] Built target tier4_localization_msgs__rosidl_typesupport_c
[ 61%] Built target tier4_localization_msgs__rosidl_typesupport_introspection_c
[ 70%] Built target tier4_localization_msgs__rosidl_typesupport_fastrtps_c
[ 70%] Built target tier4_localization_msgs
running egg_info
writing tier4_localization_msgs.egg-info/PKG-INFO
writing dependency_links to tier4_localization_msgs.egg-info/dependency_links.txt
writing top-level names to tier4_localization_msgs.egg-info/top_level.txt
reading manifest file 'tier4_localization_msgs.egg-info/SOURCES.txt'
writing manifest file 'tier4_localization_msgs.egg-info/SOURCES.txt'
[ 70%] Built target ament_cmake_python_build_tier4_localization_msgs_egg
[ 74%] Built target tier4_localization_msgs__py
[ 80%] Built target tier4_localization_msgs__rosidl_generator_py
[ 87%] Built target tier4_localization_msgs__rosidl_typesupport_fastrtps_c__pyext
[ 93%] Built target tier4_localization_msgs__rosidl_typesupport_introspection_c__pyext
[100%] Built target tier4_localization_msgs__rosidl_typesupport_c__pyext
