[0.143s] Invoking command in '/home/autoware/aichallenge2023-integration-final-main/build/mussp': CMAKE_PREFIX_PATH=${CMAKE_PREFIX_PATH}:/home/autoware/autoware/install/simulator_compatibility_test:/home/autoware/autoware/install/ad_api_visualizers:/opt/ros/humble /usr/bin/cmake /home/autoware/aichallenge2023-integration-final-main/src/universe/external/muSSP -DCMAKE_BUILD_TYPE=Release -DAMENT_CMAKE_SYMLINK_INSTALL=1 -DCMAKE_INSTALL_PREFIX=/home/autoware/aichallenge2023-integration-final-main/install/mussp
[2.812s] -- Found ament_cmake_auto: 1.3.5 (/opt/ros/humble/share/ament_cmake_auto/cmake)
[2.812s] -- Override CMake install command with custom implementation using symlinks instead of copying resources
[2.812s] -- Configuring done
[2.812s] -- Generating done
[2.812s] -- Build files have been written to: /home/autoware/aichallenge2023-integration-final-main/build/mussp
[2.870s] Invoked command in '/home/autoware/aichallenge2023-integration-final-main/build/mussp' returned '0': CMAKE_PREFIX_PATH=${CMAKE_PREFIX_PATH}:/home/autoware/autoware/install/simulator_compatibility_test:/home/autoware/autoware/install/ad_api_visualizers:/opt/ros/humble /usr/bin/cmake /home/autoware/aichallenge2023-integration-final-main/src/universe/external/muSSP -DCMAKE_BUILD_TYPE=Release -DAMENT_CMAKE_SYMLINK_INSTALL=1 -DCMAKE_INSTALL_PREFIX=/home/autoware/aichallenge2023-integration-final-main/install/mussp
[2.870s] Invoking command in '/home/autoware/aichallenge2023-integration-final-main/build/mussp': CMAKE_PREFIX_PATH=${CMAKE_PREFIX_PATH}:/home/autoware/autoware/install/simulator_compatibility_test:/home/autoware/autoware/install/ad_api_visualizers:/opt/ros/humble /usr/bin/cmake --build /home/autoware/aichallenge2023-integration-final-main/build/mussp -- -j16 -l16
[4.787s] [35m[1mConsolidate compiler generated dependencies of target mussp[0m
[4.788s] [ 20%] [32mBuilding CXX object CMakeFiles/mussp.dir/muSSP/Sink.cpp.o[0m
[4.788s] [ 40%] [32mBuilding CXX object CMakeFiles/mussp.dir/muSSP/mussp.cpp.o[0m
[4.789s] [ 60%] [32mBuilding CXX object CMakeFiles/mussp.dir/muSSP/Graph.cpp.o[0m
[4.789s] [ 80%] [32mBuilding CXX object CMakeFiles/mussp.dir/muSSP/Node.cpp.o[0m
[15.640s] [100%] [32m[1mLinking CXX shared library libmussp.so[0m
[16.156s] [100%] Built target mussp
[16.243s] Invoked command in '/home/autoware/aichallenge2023-integration-final-main/build/mussp' returned '0': CMAKE_PREFIX_PATH=${CMAKE_PREFIX_PATH}:/home/autoware/autoware/install/simulator_compatibility_test:/home/autoware/autoware/install/ad_api_visualizers:/opt/ros/humble /usr/bin/cmake --build /home/autoware/aichallenge2023-integration-final-main/build/mussp -- -j16 -l16
[17.022s] Invoking command in '/home/autoware/aichallenge2023-integration-final-main/build/mussp': CMAKE_PREFIX_PATH=${CMAKE_PREFIX_PATH}:/home/autoware/autoware/install/simulator_compatibility_test:/home/autoware/autoware/install/ad_api_visualizers:/opt/ros/humble /usr/bin/cmake --install /home/autoware/aichallenge2023-integration-final-main/build/mussp
[22.033s] -- Install configuration: "Release"
[22.033s] -- Execute custom install script
[22.033s] -- Up-to-date symlink: /home/autoware/aichallenge2023-integration-final-main/install/mussp/include/mussp/Graph.h
[22.033s] -- Up-to-date symlink: /home/autoware/aichallenge2023-integration-final-main/install/mussp/include/mussp/Node.h
[22.033s] -- Up-to-date symlink: /home/autoware/aichallenge2023-integration-final-main/install/mussp/include/mussp/Sink.h
[22.033s] -- Up-to-date symlink: /home/autoware/aichallenge2023-integration-final-main/install/mussp/include/mussp/mussp.h
[22.033s] -- Up-to-date symlink: /home/autoware/aichallenge2023-integration-final-main/install/mussp/share/mussp/environment/library_path.sh
[22.033s] -- Up-to-date symlink: /home/autoware/aichallenge2023-integration-final-main/install/mussp/share/mussp/environment/library_path.dsv
[22.034s] -- Up-to-date symlink: /home/autoware/aichallenge2023-integration-final-main/install/mussp/lib/libmussp.so
[22.034s] -- Up-to-date symlink: /home/autoware/aichallenge2023-integration-final-main/install/mussp/share/ament_index/resource_index/package_run_dependencies/mussp
[22.034s] -- Up-to-date symlink: /home/autoware/aichallenge2023-integration-final-main/install/mussp/share/ament_index/resource_index/parent_prefix_path/mussp
[22.034s] -- Up-to-date symlink: /home/autoware/aichallenge2023-integration-final-main/install/mussp/share/mussp/environment/ament_prefix_path.sh
[22.034s] -- Up-to-date symlink: /home/autoware/aichallenge2023-integration-final-main/install/mussp/share/mussp/environment/ament_prefix_path.dsv
[22.034s] -- Up-to-date symlink: /home/autoware/aichallenge2023-integration-final-main/install/mussp/share/mussp/environment/path.sh
[22.034s] -- Up-to-date symlink: /home/autoware/aichallenge2023-integration-final-main/install/mussp/share/mussp/environment/path.dsv
[22.034s] -- Up-to-date symlink: /home/autoware/aichallenge2023-integration-final-main/install/mussp/share/mussp/local_setup.bash
[22.034s] -- Up-to-date symlink: /home/autoware/aichallenge2023-integration-final-main/install/mussp/share/mussp/local_setup.sh
[22.035s] -- Up-to-date symlink: /home/autoware/aichallenge2023-integration-final-main/install/mussp/share/mussp/local_setup.zsh
[22.035s] -- Up-to-date symlink: /home/autoware/aichallenge2023-integration-final-main/install/mussp/share/mussp/local_setup.dsv
[22.035s] -- Symlinking: /home/autoware/aichallenge2023-integration-final-main/install/mussp/share/mussp/package.dsv
[22.035s] -- Up-to-date symlink: /home/autoware/aichallenge2023-integration-final-main/install/mussp/share/ament_index/resource_index/packages/mussp
[22.035s] -- Up-to-date symlink: /home/autoware/aichallenge2023-integration-final-main/install/mussp/share/mussp/cmake/ament_cmake_export_include_directories-extras.cmake
[22.035s] -- Up-to-date symlink: /home/autoware/aichallenge2023-integration-final-main/install/mussp/share/mussp/cmake/ament_cmake_export_libraries-extras.cmake
[22.035s] -- Up-to-date symlink: /home/autoware/aichallenge2023-integration-final-main/install/mussp/share/mussp/cmake/musspConfig.cmake
[22.035s] -- Up-to-date symlink: /home/autoware/aichallenge2023-integration-final-main/install/mussp/share/mussp/cmake/musspConfig-version.cmake
[22.035s] -- Up-to-date symlink: /home/autoware/aichallenge2023-integration-final-main/install/mussp/share/mussp/package.xml
[22.054s] Invoked command in '/home/autoware/aichallenge2023-integration-final-main/build/mussp' returned '0': CMAKE_PREFIX_PATH=${CMAKE_PREFIX_PATH}:/home/autoware/autoware/install/simulator_compatibility_test:/home/autoware/autoware/install/ad_api_visualizers:/opt/ros/humble /usr/bin/cmake --install /home/autoware/aichallenge2023-integration-final-main/build/mussp
