[0.418s] Invoking command in '/home/autoware/aichallenge2023-integration-final-main/build/imu_description': CMAKE_PREFIX_PATH=${CMAKE_PREFIX_PATH}:/home/autoware/autoware/install/simulator_compatibility_test:/home/autoware/autoware/install/ad_api_visualizers:/opt/ros/humble /usr/bin/cmake /home/autoware/aichallenge2023-integration-final-main/src/sensor_component/external/sensor_component_description/imu_description -DCMAKE_BUILD_TYPE=Release -DAMENT_CMAKE_SYMLINK_INSTALL=1 -DCMAKE_INSTALL_PREFIX=/home/autoware/aichallenge2023-integration-final-main/install/imu_description
[7.012s] -- Found ament_cmake_auto: 1.3.5 (/opt/ros/humble/share/ament_cmake_auto/cmake)
[7.013s] -- Override CMake install command with custom implementation using symlinks instead of copying resources
[7.013s] -- Configuring done
[7.013s] -- Generating done
[7.013s] -- Build files have been written to: /home/autoware/aichallenge2023-integration-final-main/build/imu_description
[7.042s] Invoked command in '/home/autoware/aichallenge2023-integration-final-main/build/imu_description' returned '0': CMAKE_PREFIX_PATH=${CMAKE_PREFIX_PATH}:/home/autoware/autoware/install/simulator_compatibility_test:/home/autoware/autoware/install/ad_api_visualizers:/opt/ros/humble /usr/bin/cmake /home/autoware/aichallenge2023-integration-final-main/src/sensor_component/external/sensor_component_description/imu_description -DCMAKE_BUILD_TYPE=Release -DAMENT_CMAKE_SYMLINK_INSTALL=1 -DCMAKE_INSTALL_PREFIX=/home/autoware/aichallenge2023-integration-final-main/install/imu_description
[7.043s] Invoking command in '/home/autoware/aichallenge2023-integration-final-main/build/imu_description': CMAKE_PREFIX_PATH=${CMAKE_PREFIX_PATH}:/home/autoware/autoware/install/simulator_compatibility_test:/home/autoware/autoware/install/ad_api_visualizers:/opt/ros/humble /usr/bin/cmake --build /home/autoware/aichallenge2023-integration-final-main/build/imu_description -- -j16 -l16
[7.326s] Invoked command in '/home/autoware/aichallenge2023-integration-final-main/build/imu_description' returned '0': CMAKE_PREFIX_PATH=${CMAKE_PREFIX_PATH}:/home/autoware/autoware/install/simulator_compatibility_test:/home/autoware/autoware/install/ad_api_visualizers:/opt/ros/humble /usr/bin/cmake --build /home/autoware/aichallenge2023-integration-final-main/build/imu_description -- -j16 -l16
[7.637s] Invoking command in '/home/autoware/aichallenge2023-integration-final-main/build/imu_description': CMAKE_PREFIX_PATH=${CMAKE_PREFIX_PATH}:/home/autoware/autoware/install/simulator_compatibility_test:/home/autoware/autoware/install/ad_api_visualizers:/opt/ros/humble /usr/bin/cmake --install /home/autoware/aichallenge2023-integration-final-main/build/imu_description
[7.716s] -- Install configuration: "Release"
[7.716s] -- Execute custom install script
[7.716s] -- Up-to-date symlink: /home/autoware/aichallenge2023-integration-final-main/install/imu_description/share/imu_description/urdf/imu.xacro
[7.716s] -- Up-to-date symlink: /home/autoware/aichallenge2023-integration-final-main/install/imu_description/share/ament_index/resource_index/package_run_dependencies/imu_description
[7.716s] -- Up-to-date symlink: /home/autoware/aichallenge2023-integration-final-main/install/imu_description/share/ament_index/resource_index/parent_prefix_path/imu_description
[7.716s] -- Up-to-date symlink: /home/autoware/aichallenge2023-integration-final-main/install/imu_description/share/imu_description/environment/ament_prefix_path.sh
[7.716s] -- Up-to-date symlink: /home/autoware/aichallenge2023-integration-final-main/install/imu_description/share/imu_description/environment/ament_prefix_path.dsv
[7.716s] -- Up-to-date symlink: /home/autoware/aichallenge2023-integration-final-main/install/imu_description/share/imu_description/environment/path.sh
[7.717s] -- Up-to-date symlink: /home/autoware/aichallenge2023-integration-final-main/install/imu_description/share/imu_description/environment/path.dsv
[7.717s] -- Up-to-date symlink: /home/autoware/aichallenge2023-integration-final-main/install/imu_description/share/imu_description/local_setup.bash
[7.717s] -- Up-to-date symlink: /home/autoware/aichallenge2023-integration-final-main/install/imu_description/share/imu_description/local_setup.sh
[7.717s] -- Up-to-date symlink: /home/autoware/aichallenge2023-integration-final-main/install/imu_description/share/imu_description/local_setup.zsh
[7.717s] -- Up-to-date symlink: /home/autoware/aichallenge2023-integration-final-main/install/imu_description/share/imu_description/local_setup.dsv
[7.717s] -- Symlinking: /home/autoware/aichallenge2023-integration-final-main/install/imu_description/share/imu_description/package.dsv
[7.744s] -- Up-to-date symlink: /home/autoware/aichallenge2023-integration-final-main/install/imu_description/share/ament_index/resource_index/packages/imu_description
[7.744s] -- Up-to-date symlink: /home/autoware/aichallenge2023-integration-final-main/install/imu_description/share/imu_description/cmake/imu_descriptionConfig.cmake
[7.744s] -- Up-to-date symlink: /home/autoware/aichallenge2023-integration-final-main/install/imu_description/share/imu_description/cmake/imu_descriptionConfig-version.cmake
[7.744s] -- Up-to-date symlink: /home/autoware/aichallenge2023-integration-final-main/install/imu_description/share/imu_description/package.xml
[7.758s] Invoked command in '/home/autoware/aichallenge2023-integration-final-main/build/imu_description' returned '0': CMAKE_PREFIX_PATH=${CMAKE_PREFIX_PATH}:/home/autoware/autoware/install/simulator_compatibility_test:/home/autoware/autoware/install/ad_api_visualizers:/opt/ros/humble /usr/bin/cmake --install /home/autoware/aichallenge2023-integration-final-main/build/imu_description
