[0.160s] Invoking command in '/home/autoware/aichallenge2023-integration-final-main/build/generic_type_utility': CMAKE_PREFIX_PATH=${CMAKE_PREFIX_PATH}:/home/autoware/autoware/install/simulator_compatibility_test:/home/autoware/autoware/install/ad_api_visualizers:/opt/ros/humble /usr/bin/cmake /home/autoware/aichallenge2023-integration-final-main/src/aichallenge_scoring/generic_type_utility/generic_type_utility -DCMAKE_BUILD_TYPE=Release -DAMENT_CMAKE_SYMLINK_INSTALL=1 -DCMAKE_INSTALL_PREFIX=/home/autoware/aichallenge2023-integration-final-main/install/generic_type_utility
[3.726s] -- Found ament_cmake_auto: 1.3.5 (/opt/ros/humble/share/ament_cmake_auto/cmake)
[3.726s] -- Override CMake install command with custom implementation using symlinks instead of copying resources
[3.726s] -- Found rosidl_generator_c: 3.1.5 (/opt/ros/humble/share/rosidl_generator_c/cmake)
[3.726s] -- Found rosidl_adapter: 3.1.5 (/opt/ros/humble/share/rosidl_adapter/cmake)
[3.726s] -- Found rosidl_generator_cpp: 3.1.5 (/opt/ros/humble/share/rosidl_generator_cpp/cmake)
[3.727s] -- Using all available rosidl_typesupport_c: rosidl_typesupport_fastrtps_c;rosidl_typesupport_introspection_c
[3.727s] -- Using all available rosidl_typesupport_cpp: rosidl_typesupport_fastrtps_cpp;rosidl_typesupport_introspection_cpp
[3.727s] -- Found rmw_implementation_cmake: 6.1.1 (/opt/ros/humble/share/rmw_implementation_cmake/cmake)
[3.727s] -- Found rmw_cyclonedds_cpp: 1.3.4 (/opt/ros/humble/share/rmw_cyclonedds_cpp/cmake)
[3.727s] -- Using RMW implementation 'rmw_cyclonedds_cpp' as default
[3.727s] -- Found ament_lint_auto: 0.12.7 (/opt/ros/humble/share/ament_lint_auto/cmake)
[3.727s] -- Found gtest sources under '/opt/ros/humble/src/gtest_vendor': C++ tests using 'Google Test' will be built
[3.727s] -- Added test 'copyright' to check source files copyright and LICENSE
[3.727s] -- Added test 'cppcheck' to perform static code analysis on C / C++ code
[3.728s] -- Configured cppcheck include dirs: /home/autoware/aichallenge2023-integration-final-main/src/aichallenge_scoring/generic_type_utility/generic_type_utility/include
[3.728s] -- Configured cppcheck exclude dirs and/or files: 
[3.728s] -- Added test 'lint_cmake' to check CMake code style
[3.728s] -- Added test 'xmllint' to check XML markup files
[3.728s] -- Configuring done
[3.728s] -- Generating done
[3.728s] -- Build files have been written to: /home/autoware/aichallenge2023-integration-final-main/build/generic_type_utility
[3.730s] Invoked command in '/home/autoware/aichallenge2023-integration-final-main/build/generic_type_utility' returned '0': CMAKE_PREFIX_PATH=${CMAKE_PREFIX_PATH}:/home/autoware/autoware/install/simulator_compatibility_test:/home/autoware/autoware/install/ad_api_visualizers:/opt/ros/humble /usr/bin/cmake /home/autoware/aichallenge2023-integration-final-main/src/aichallenge_scoring/generic_type_utility/generic_type_utility -DCMAKE_BUILD_TYPE=Release -DAMENT_CMAKE_SYMLINK_INSTALL=1 -DCMAKE_INSTALL_PREFIX=/home/autoware/aichallenge2023-integration-final-main/install/generic_type_utility
[3.731s] Invoking command in '/home/autoware/aichallenge2023-integration-final-main/build/generic_type_utility': CMAKE_PREFIX_PATH=${CMAKE_PREFIX_PATH}:/home/autoware/autoware/install/simulator_compatibility_test:/home/autoware/autoware/install/ad_api_visualizers:/opt/ros/humble /usr/bin/cmake --build /home/autoware/aichallenge2023-integration-final-main/build/generic_type_utility -- -j16 -l16
[10.714s] [35m[1mConsolidate compiler generated dependencies of target generic_type_utility[0m
[10.715s] [  5%] [32mBuilding CXX object CMakeFiles/generic_type_utility.dir/src/generic_property.cpp.o[0m
[10.715s] [ 11%] [32mBuilding CXX object CMakeFiles/generic_type_utility.dir/src/ros2/structure.cpp.o[0m
[12.193s] [ 17%] [32mBuilding CXX object CMakeFiles/generic_type_utility.dir/src/ros2/message.cpp.o[0m
[12.666s] [ 23%] [32mBuilding CXX object CMakeFiles/generic_type_utility.dir/src/ros2/serialization.cpp.o[0m
[13.348s] [ 29%] [32mBuilding CXX object CMakeFiles/generic_type_utility.dir/src/ros2/introspection.cpp.o[0m
[14.944s] [ 35%] [32mBuilding CXX object CMakeFiles/generic_type_utility.dir/src/generic_message.cpp.o[0m
[16.362s] [ 41%] [32m[1mLinking CXX shared library libgeneric_type_utility.so[0m
[16.671s] [ 41%] Built target generic_type_utility
[16.759s] [35m[1mConsolidate compiler generated dependencies of target gtest[0m
[16.842s] [ 47%] [32mBuilding CXX object gtest/CMakeFiles/gtest.dir/src/gtest-all.cc.o[0m
[32.281s] [ 52%] [32m[1mLinking CXX static library libgtest.a[0m
[32.602s] [ 52%] Built target gtest
[32.687s] [35m[1mConsolidate compiler generated dependencies of target check[0m
[32.782s] [ 58%] [32mBuilding CXX object CMakeFiles/check.dir/src/examples/check.cpp.o[0m
[34.504s] [ 64%] [32m[1mLinking CXX executable check[0m
[34.722s] [ 64%] Built target check
[34.773s] [35m[1mConsolidate compiler generated dependencies of target print[0m
[34.843s] [ 70%] [32mBuilding CXX object CMakeFiles/print.dir/src/examples/print.cpp.o[0m
[42.023s] [ 76%] [32m[1mLinking CXX executable print[0m
[42.302s] [ 76%] Built target print
[42.380s] [35m[1mConsolidate compiler generated dependencies of target gtest_main[0m
[42.452s] [ 82%] [32mBuilding CXX object gtest/CMakeFiles/gtest_main.dir/src/gtest_main.cc.o[0m
[44.236s] [ 88%] [32m[1mLinking CXX static library libgtest_main.a[0m
[44.418s] [ 88%] Built target gtest_main
[44.469s] [35m[1mConsolidate compiler generated dependencies of target generic_type_utility_test[0m
[44.558s] [ 94%] [32mBuilding CXX object CMakeFiles/generic_type_utility_test.dir/test/test.cpp.o[0m
[49.367s] [100%] [32m[1mLinking CXX executable generic_type_utility_test[0m
[49.593s] [100%] Built target generic_type_utility_test
[49.645s] Invoked command in '/home/autoware/aichallenge2023-integration-final-main/build/generic_type_utility' returned '0': CMAKE_PREFIX_PATH=${CMAKE_PREFIX_PATH}:/home/autoware/autoware/install/simulator_compatibility_test:/home/autoware/autoware/install/ad_api_visualizers:/opt/ros/humble /usr/bin/cmake --build /home/autoware/aichallenge2023-integration-final-main/build/generic_type_utility -- -j16 -l16
[51.321s] Invoking command in '/home/autoware/aichallenge2023-integration-final-main/build/generic_type_utility': CMAKE_PREFIX_PATH=${CMAKE_PREFIX_PATH}:/home/autoware/autoware/install/simulator_compatibility_test:/home/autoware/autoware/install/ad_api_visualizers:/opt/ros/humble /usr/bin/cmake --install /home/autoware/aichallenge2023-integration-final-main/build/generic_type_utility
[55.153s] -- Install configuration: "Release"
[55.153s] -- Execute custom install script
[55.153s] -- Up-to-date symlink: /home/autoware/aichallenge2023-integration-final-main/install/generic_type_utility/include/generic_type_utility/generic_message.hpp
[55.153s] -- Up-to-date symlink: /home/autoware/aichallenge2023-integration-final-main/install/generic_type_utility/include/generic_type_utility/generic_property.hpp
[55.153s] -- Up-to-date symlink: /home/autoware/aichallenge2023-integration-final-main/install/generic_type_utility/include/generic_type_utility/ros2/introspection.hpp
[55.153s] -- Up-to-date symlink: /home/autoware/aichallenge2023-integration-final-main/install/generic_type_utility/include/generic_type_utility/ros2/message.hpp
[55.153s] -- Up-to-date symlink: /home/autoware/aichallenge2023-integration-final-main/install/generic_type_utility/include/generic_type_utility/ros2/serialization.hpp
[55.153s] -- Up-to-date symlink: /home/autoware/aichallenge2023-integration-final-main/install/generic_type_utility/share/generic_type_utility/environment/library_path.sh
[55.154s] -- Up-to-date symlink: /home/autoware/aichallenge2023-integration-final-main/install/generic_type_utility/share/generic_type_utility/environment/library_path.dsv
[55.154s] -- Up-to-date symlink: /home/autoware/aichallenge2023-integration-final-main/install/generic_type_utility/lib/libgeneric_type_utility.so
[55.154s] -- Up-to-date symlink: /home/autoware/aichallenge2023-integration-final-main/install/generic_type_utility/lib/generic_type_utility/print
[55.154s] -- Up-to-date symlink: /home/autoware/aichallenge2023-integration-final-main/install/generic_type_utility/lib/generic_type_utility/check
[55.154s] -- Up-to-date symlink: /home/autoware/aichallenge2023-integration-final-main/install/generic_type_utility/share/ament_index/resource_index/package_run_dependencies/generic_type_utility
[55.154s] -- Up-to-date symlink: /home/autoware/aichallenge2023-integration-final-main/install/generic_type_utility/share/ament_index/resource_index/parent_prefix_path/generic_type_utility
[55.154s] -- Up-to-date symlink: /home/autoware/aichallenge2023-integration-final-main/install/generic_type_utility/share/generic_type_utility/environment/ament_prefix_path.sh
[55.154s] -- Up-to-date symlink: /home/autoware/aichallenge2023-integration-final-main/install/generic_type_utility/share/generic_type_utility/environment/ament_prefix_path.dsv
[55.154s] -- Up-to-date symlink: /home/autoware/aichallenge2023-integration-final-main/install/generic_type_utility/share/generic_type_utility/environment/path.sh
[55.155s] -- Up-to-date symlink: /home/autoware/aichallenge2023-integration-final-main/install/generic_type_utility/share/generic_type_utility/environment/path.dsv
[55.155s] -- Up-to-date symlink: /home/autoware/aichallenge2023-integration-final-main/install/generic_type_utility/share/generic_type_utility/local_setup.bash
[55.155s] -- Up-to-date symlink: /home/autoware/aichallenge2023-integration-final-main/install/generic_type_utility/share/generic_type_utility/local_setup.sh
[55.155s] -- Up-to-date symlink: /home/autoware/aichallenge2023-integration-final-main/install/generic_type_utility/share/generic_type_utility/local_setup.zsh
[55.155s] -- Up-to-date symlink: /home/autoware/aichallenge2023-integration-final-main/install/generic_type_utility/share/generic_type_utility/local_setup.dsv
[55.155s] -- Symlinking: /home/autoware/aichallenge2023-integration-final-main/install/generic_type_utility/share/generic_type_utility/package.dsv
[55.155s] -- Up-to-date symlink: /home/autoware/aichallenge2023-integration-final-main/install/generic_type_utility/share/ament_index/resource_index/packages/generic_type_utility
[55.155s] -- Up-to-date symlink: /home/autoware/aichallenge2023-integration-final-main/install/generic_type_utility/share/generic_type_utility/cmake/ament_cmake_export_dependencies-extras.cmake
[55.155s] -- Up-to-date symlink: /home/autoware/aichallenge2023-integration-final-main/install/generic_type_utility/share/generic_type_utility/cmake/ament_cmake_export_include_directories-extras.cmake
[55.155s] -- Up-to-date symlink: /home/autoware/aichallenge2023-integration-final-main/install/generic_type_utility/share/generic_type_utility/cmake/ament_cmake_export_libraries-extras.cmake
[55.156s] -- Up-to-date symlink: /home/autoware/aichallenge2023-integration-final-main/install/generic_type_utility/share/generic_type_utility/cmake/generic_type_utilityConfig.cmake
[55.156s] -- Up-to-date symlink: /home/autoware/aichallenge2023-integration-final-main/install/generic_type_utility/share/generic_type_utility/cmake/generic_type_utilityConfig-version.cmake
[55.156s] -- Up-to-date symlink: /home/autoware/aichallenge2023-integration-final-main/install/generic_type_utility/share/generic_type_utility/package.xml
[55.172s] Invoked command in '/home/autoware/aichallenge2023-integration-final-main/build/generic_type_utility' returned '0': CMAKE_PREFIX_PATH=${CMAKE_PREFIX_PATH}:/home/autoware/autoware/install/simulator_compatibility_test:/home/autoware/autoware/install/ad_api_visualizers:/opt/ros/humble /usr/bin/cmake --install /home/autoware/aichallenge2023-integration-final-main/build/generic_type_utility
