[0.219s] Invoking command in '/home/autoware/aichallenge2023-integration-final-main/build/pandar_description': CMAKE_PREFIX_PATH=${CMAKE_PREFIX_PATH}:/home/autoware/aichallenge2023-integration-final-main/install/simulator_compatibility_test:/home/autoware/aichallenge2023-integration-final-main/install/ad_api_visualizers:/home/autoware/autoware/install/simulator_compatibility_test:/home/autoware/autoware/install/ad_api_visualizers:/opt/ros/humble /usr/bin/cmake --build /home/autoware/aichallenge2023-integration-final-main/build/pandar_description -- -j16 -l16
[0.856s] Invoked command in '/home/autoware/aichallenge2023-integration-final-main/build/pandar_description' returned '0': CMAKE_PREFIX_PATH=${CMAKE_PREFIX_PATH}:/home/autoware/aichallenge2023-integration-final-main/install/simulator_compatibility_test:/home/autoware/aichallenge2023-integration-final-main/install/ad_api_visualizers:/home/autoware/autoware/install/simulator_compatibility_test:/home/autoware/autoware/install/ad_api_visualizers:/opt/ros/humble /usr/bin/cmake --build /home/autoware/aichallenge2023-integration-final-main/build/pandar_description -- -j16 -l16
[1.619s] Invoking command in '/home/autoware/aichallenge2023-integration-final-main/build/pandar_description': CMAKE_PREFIX_PATH=${CMAKE_PREFIX_PATH}:/home/autoware/aichallenge2023-integration-final-main/install/simulator_compatibility_test:/home/autoware/aichallenge2023-integration-final-main/install/ad_api_visualizers:/home/autoware/autoware/install/simulator_compatibility_test:/home/autoware/autoware/install/ad_api_visualizers:/opt/ros/humble /usr/bin/cmake --install /home/autoware/aichallenge2023-integration-final-main/build/pandar_description
[1.750s] -- Install configuration: "Release"
[1.750s] -- Execute custom install script
[1.751s] -- Up-to-date symlink: /home/autoware/aichallenge2023-integration-final-main/install/pandar_description/share/pandar_description/urdf/pandar_40p.xacro
[1.752s] -- Up-to-date symlink: /home/autoware/aichallenge2023-integration-final-main/install/pandar_description/share/pandar_description/urdf/pandar_qt.xacro
[1.752s] -- Up-to-date symlink: /home/autoware/aichallenge2023-integration-final-main/install/pandar_description/share/ament_index/resource_index/package_run_dependencies/pandar_description
[1.752s] -- Up-to-date symlink: /home/autoware/aichallenge2023-integration-final-main/install/pandar_description/share/ament_index/resource_index/parent_prefix_path/pandar_description
[1.753s] -- Up-to-date symlink: /home/autoware/aichallenge2023-integration-final-main/install/pandar_description/share/pandar_description/environment/ament_prefix_path.sh
[1.753s] -- Up-to-date symlink: /home/autoware/aichallenge2023-integration-final-main/install/pandar_description/share/pandar_description/environment/ament_prefix_path.dsv
[1.753s] -- Up-to-date symlink: /home/autoware/aichallenge2023-integration-final-main/install/pandar_description/share/pandar_description/environment/path.sh
[1.753s] -- Up-to-date symlink: /home/autoware/aichallenge2023-integration-final-main/install/pandar_description/share/pandar_description/environment/path.dsv
[1.754s] -- Up-to-date symlink: /home/autoware/aichallenge2023-integration-final-main/install/pandar_description/share/pandar_description/local_setup.bash
[1.754s] -- Up-to-date symlink: /home/autoware/aichallenge2023-integration-final-main/install/pandar_description/share/pandar_description/local_setup.sh
[1.754s] -- Up-to-date symlink: /home/autoware/aichallenge2023-integration-final-main/install/pandar_description/share/pandar_description/local_setup.zsh
[1.754s] -- Up-to-date symlink: /home/autoware/aichallenge2023-integration-final-main/install/pandar_description/share/pandar_description/local_setup.dsv
[1.755s] -- Symlinking: /home/autoware/aichallenge2023-integration-final-main/install/pandar_description/share/pandar_description/package.dsv
[1.858s] -- Up-to-date symlink: /home/autoware/aichallenge2023-integration-final-main/install/pandar_description/share/ament_index/resource_index/packages/pandar_description
[1.858s] -- Up-to-date symlink: /home/autoware/aichallenge2023-integration-final-main/install/pandar_description/share/pandar_description/cmake/pandar_descriptionConfig.cmake
[1.859s] -- Up-to-date symlink: /home/autoware/aichallenge2023-integration-final-main/install/pandar_description/share/pandar_description/cmake/pandar_descriptionConfig-version.cmake
[1.859s] -- Up-to-date symlink: /home/autoware/aichallenge2023-integration-final-main/install/pandar_description/share/pandar_description/package.xml
[1.870s] Invoked command in '/home/autoware/aichallenge2023-integration-final-main/build/pandar_description' returned '0': CMAKE_PREFIX_PATH=${CMAKE_PREFIX_PATH}:/home/autoware/aichallenge2023-integration-final-main/install/simulator_compatibility_test:/home/autoware/aichallenge2023-integration-final-main/install/ad_api_visualizers:/home/autoware/autoware/install/simulator_compatibility_test:/home/autoware/autoware/install/ad_api_visualizers:/opt/ros/humble /usr/bin/cmake --install /home/autoware/aichallenge2023-integration-final-main/build/pandar_description
