[0.414s] Invoking command in '/home/autoware/aichallenge2023-integration-final-main/build/generic_type_utility': CMAKE_PREFIX_PATH=${CMAKE_PREFIX_PATH}:/home/autoware/aichallenge2023-integration-final-main/install/simulator_compatibility_test:/home/autoware/aichallenge2023-integration-final-main/install/ad_api_visualizers:/home/autoware/autoware/install/simulator_compatibility_test:/home/autoware/autoware/install/ad_api_visualizers:/opt/ros/humble /usr/bin/cmake --build /home/autoware/aichallenge2023-integration-final-main/build/generic_type_utility -- -j16 -l16
[1.124s] [ 41%] Built target generic_type_utility
[1.149s] [ 52%] Built target gtest
[1.262s] [ 64%] Built target gtest_main
[1.541s] [ 88%] Built target print
[1.542s] [ 88%] Built target check
[1.762s] [100%] Built target generic_type_utility_test
[1.918s] Invoked command in '/home/autoware/aichallenge2023-integration-final-main/build/generic_type_utility' returned '0': CMAKE_PREFIX_PATH=${CMAKE_PREFIX_PATH}:/home/autoware/aichallenge2023-integration-final-main/install/simulator_compatibility_test:/home/autoware/aichallenge2023-integration-final-main/install/ad_api_visualizers:/home/autoware/autoware/install/simulator_compatibility_test:/home/autoware/autoware/install/ad_api_visualizers:/opt/ros/humble /usr/bin/cmake --build /home/autoware/aichallenge2023-integration-final-main/build/generic_type_utility -- -j16 -l16
[3.683s] Invoking command in '/home/autoware/aichallenge2023-integration-final-main/build/generic_type_utility': CMAKE_PREFIX_PATH=${CMAKE_PREFIX_PATH}:/home/autoware/aichallenge2023-integration-final-main/install/simulator_compatibility_test:/home/autoware/aichallenge2023-integration-final-main/install/ad_api_visualizers:/home/autoware/autoware/install/simulator_compatibility_test:/home/autoware/autoware/install/ad_api_visualizers:/opt/ros/humble /usr/bin/cmake --install /home/autoware/aichallenge2023-integration-final-main/build/generic_type_utility
[3.771s] -- Install configuration: "Release"
[3.771s] -- Execute custom install script
[3.772s] -- Up-to-date symlink: /home/autoware/aichallenge2023-integration-final-main/install/generic_type_utility/include/generic_type_utility/generic_message.hpp
[3.772s] -- Up-to-date symlink: /home/autoware/aichallenge2023-integration-final-main/install/generic_type_utility/include/generic_type_utility/generic_property.hpp
[3.773s] -- Up-to-date symlink: /home/autoware/aichallenge2023-integration-final-main/install/generic_type_utility/include/generic_type_utility/ros2/introspection.hpp
[3.773s] -- Up-to-date symlink: /home/autoware/aichallenge2023-integration-final-main/install/generic_type_utility/include/generic_type_utility/ros2/message.hpp
[3.773s] -- Up-to-date symlink: /home/autoware/aichallenge2023-integration-final-main/install/generic_type_utility/include/generic_type_utility/ros2/serialization.hpp
[3.773s] -- Up-to-date symlink: /home/autoware/aichallenge2023-integration-final-main/install/generic_type_utility/share/generic_type_utility/environment/library_path.sh
[3.774s] -- Up-to-date symlink: /home/autoware/aichallenge2023-integration-final-main/install/generic_type_utility/share/generic_type_utility/environment/library_path.dsv
[3.774s] -- Up-to-date symlink: /home/autoware/aichallenge2023-integration-final-main/install/generic_type_utility/lib/libgeneric_type_utility.so
[3.774s] -- Up-to-date symlink: /home/autoware/aichallenge2023-integration-final-main/install/generic_type_utility/lib/generic_type_utility/print
[3.775s] -- Up-to-date symlink: /home/autoware/aichallenge2023-integration-final-main/install/generic_type_utility/lib/generic_type_utility/check
[3.775s] -- Up-to-date symlink: /home/autoware/aichallenge2023-integration-final-main/install/generic_type_utility/share/ament_index/resource_index/package_run_dependencies/generic_type_utility
[3.775s] -- Up-to-date symlink: /home/autoware/aichallenge2023-integration-final-main/install/generic_type_utility/share/ament_index/resource_index/parent_prefix_path/generic_type_utility
[3.776s] -- Up-to-date symlink: /home/autoware/aichallenge2023-integration-final-main/install/generic_type_utility/share/generic_type_utility/environment/ament_prefix_path.sh
[3.776s] -- Up-to-date symlink: /home/autoware/aichallenge2023-integration-final-main/install/generic_type_utility/share/generic_type_utility/environment/ament_prefix_path.dsv
[3.776s] -- Up-to-date symlink: /home/autoware/aichallenge2023-integration-final-main/install/generic_type_utility/share/generic_type_utility/environment/path.sh
[3.776s] -- Up-to-date symlink: /home/autoware/aichallenge2023-integration-final-main/install/generic_type_utility/share/generic_type_utility/environment/path.dsv
[3.777s] -- Up-to-date symlink: /home/autoware/aichallenge2023-integration-final-main/install/generic_type_utility/share/generic_type_utility/local_setup.bash
[3.777s] -- Up-to-date symlink: /home/autoware/aichallenge2023-integration-final-main/install/generic_type_utility/share/generic_type_utility/local_setup.sh
[3.777s] -- Up-to-date symlink: /home/autoware/aichallenge2023-integration-final-main/install/generic_type_utility/share/generic_type_utility/local_setup.zsh
[3.778s] -- Up-to-date symlink: /home/autoware/aichallenge2023-integration-final-main/install/generic_type_utility/share/generic_type_utility/local_setup.dsv
[3.778s] -- Symlinking: /home/autoware/aichallenge2023-integration-final-main/install/generic_type_utility/share/generic_type_utility/package.dsv
[3.870s] -- Up-to-date symlink: /home/autoware/aichallenge2023-integration-final-main/install/generic_type_utility/share/ament_index/resource_index/packages/generic_type_utility
[3.871s] -- Up-to-date symlink: /home/autoware/aichallenge2023-integration-final-main/install/generic_type_utility/share/generic_type_utility/cmake/ament_cmake_export_dependencies-extras.cmake
[3.871s] -- Up-to-date symlink: /home/autoware/aichallenge2023-integration-final-main/install/generic_type_utility/share/generic_type_utility/cmake/ament_cmake_export_include_directories-extras.cmake
[3.871s] -- Up-to-date symlink: /home/autoware/aichallenge2023-integration-final-main/install/generic_type_utility/share/generic_type_utility/cmake/ament_cmake_export_libraries-extras.cmake
[3.871s] -- Up-to-date symlink: /home/autoware/aichallenge2023-integration-final-main/install/generic_type_utility/share/generic_type_utility/cmake/generic_type_utilityConfig.cmake
[3.871s] -- Up-to-date symlink: /home/autoware/aichallenge2023-integration-final-main/install/generic_type_utility/share/generic_type_utility/cmake/generic_type_utilityConfig-version.cmake
[3.872s] -- Up-to-date symlink: /home/autoware/aichallenge2023-integration-final-main/install/generic_type_utility/share/generic_type_utility/package.xml
[3.880s] Invoked command in '/home/autoware/aichallenge2023-integration-final-main/build/generic_type_utility' returned '0': CMAKE_PREFIX_PATH=${CMAKE_PREFIX_PATH}:/home/autoware/aichallenge2023-integration-final-main/install/simulator_compatibility_test:/home/autoware/aichallenge2023-integration-final-main/install/ad_api_visualizers:/home/autoware/autoware/install/simulator_compatibility_test:/home/autoware/autoware/install/ad_api_visualizers:/opt/ros/humble /usr/bin/cmake --install /home/autoware/aichallenge2023-integration-final-main/build/generic_type_utility
