[0.191s] Invoking command in '/home/autoware/aichallenge2023-integration-final-main/build/autoware_control_msgs': CMAKE_PREFIX_PATH=${CMAKE_PREFIX_PATH}:/home/autoware/aichallenge2023-integration-final-main/install/simulator_compatibility_test:/home/autoware/aichallenge2023-integration-final-main/install/ad_api_visualizers:/home/autoware/autoware/install/simulator_compatibility_test:/home/autoware/autoware/install/ad_api_visualizers:/opt/ros/humble /usr/bin/cmake --build /home/autoware/aichallenge2023-integration-final-main/build/autoware_control_msgs -- -j16 -l16
[0.853s] [  1%] Built target autoware_control_msgs__cpp
[0.876s] [ 12%] Built target autoware_control_msgs__rosidl_generator_c
[1.067s] [ 12%] Built target ament_cmake_python_symlink_autoware_control_msgs
[1.286s] [ 23%] Built target autoware_control_msgs__rosidl_typesupport_fastrtps_cpp
[1.287s] [ 34%] Built target autoware_control_msgs__rosidl_typesupport_cpp
[1.328s] [ 45%] Built target autoware_control_msgs__rosidl_typesupport_fastrtps_c
[1.380s] [ 56%] Built target autoware_control_msgs__rosidl_typesupport_introspection_c
[1.387s] [ 67%] Built target autoware_control_msgs__rosidl_typesupport_c
[1.400s] [ 78%] Built target autoware_control_msgs__rosidl_typesupport_introspection_cpp
[1.738s] [ 78%] Built target autoware_control_msgs
[2.048s] [ 80%] Built target autoware_control_msgs__py
[2.229s] running egg_info
[2.231s] writing autoware_control_msgs.egg-info/PKG-INFO
[2.231s] writing dependency_links to autoware_control_msgs.egg-info/dependency_links.txt
[2.231s] writing top-level names to autoware_control_msgs.egg-info/top_level.txt
[2.236s] reading manifest file 'autoware_control_msgs.egg-info/SOURCES.txt'
[2.237s] writing manifest file 'autoware_control_msgs.egg-info/SOURCES.txt'
[2.351s] [ 89%] Built target autoware_control_msgs__rosidl_generator_py
[2.391s] [ 89%] Built target ament_cmake_python_build_autoware_control_msgs_egg
[2.711s] [ 92%] Built target autoware_control_msgs__rosidl_typesupport_c__pyext
[2.738s] [ 96%] Built target autoware_control_msgs__rosidl_typesupport_fastrtps_c__pyext
[2.742s] [100%] Built target autoware_control_msgs__rosidl_typesupport_introspection_c__pyext
[3.109s] Invoked command in '/home/autoware/aichallenge2023-integration-final-main/build/autoware_control_msgs' returned '0': CMAKE_PREFIX_PATH=${CMAKE_PREFIX_PATH}:/home/autoware/aichallenge2023-integration-final-main/install/simulator_compatibility_test:/home/autoware/aichallenge2023-integration-final-main/install/ad_api_visualizers:/home/autoware/autoware/install/simulator_compatibility_test:/home/autoware/autoware/install/ad_api_visualizers:/opt/ros/humble /usr/bin/cmake --build /home/autoware/aichallenge2023-integration-final-main/build/autoware_control_msgs -- -j16 -l16
[7.655s] Invoking command in '/home/autoware/aichallenge2023-integration-final-main/build/autoware_control_msgs': CMAKE_PREFIX_PATH=${CMAKE_PREFIX_PATH}:/home/autoware/aichallenge2023-integration-final-main/install/simulator_compatibility_test:/home/autoware/aichallenge2023-integration-final-main/install/ad_api_visualizers:/home/autoware/autoware/install/simulator_compatibility_test:/home/autoware/autoware/install/ad_api_visualizers:/opt/ros/humble /usr/bin/cmake --install /home/autoware/aichallenge2023-integration-final-main/build/autoware_control_msgs
[7.747s] -- Install configuration: "Release"
[7.747s] -- Execute custom install script
[7.748s] -- Up-to-date symlink: /home/autoware/aichallenge2023-integration-final-main/install/autoware_control_msgs/share/ament_index/resource_index/rosidl_interfaces/autoware_control_msgs
[7.749s] -- Up-to-date symlink: /home/autoware/aichallenge2023-integration-final-main/install/autoware_control_msgs/include/autoware_control_msgs/autoware_control_msgs/msg/control.h
[7.749s] -- Up-to-date symlink: /home/autoware/aichallenge2023-integration-final-main/install/autoware_control_msgs/include/autoware_control_msgs/autoware_control_msgs/msg/control_horizon.h
[7.749s] -- Up-to-date symlink: /home/autoware/aichallenge2023-integration-final-main/install/autoware_control_msgs/include/autoware_control_msgs/autoware_control_msgs/msg/detail/control__functions.h
[7.749s] -- Up-to-date symlink: /home/autoware/aichallenge2023-integration-final-main/install/autoware_control_msgs/include/autoware_control_msgs/autoware_control_msgs/msg/detail/control__struct.h
[7.750s] -- Up-to-date symlink: /home/autoware/aichallenge2023-integration-final-main/install/autoware_control_msgs/include/autoware_control_msgs/autoware_control_msgs/msg/detail/control__type_support.h
[7.750s] -- Up-to-date symlink: /home/autoware/aichallenge2023-integration-final-main/install/autoware_control_msgs/include/autoware_control_msgs/autoware_control_msgs/msg/detail/control_horizon__functions.h
[7.750s] -- Up-to-date symlink: /home/autoware/aichallenge2023-integration-final-main/install/autoware_control_msgs/include/autoware_control_msgs/autoware_control_msgs/msg/detail/control_horizon__struct.h
[7.750s] -- Up-to-date symlink: /home/autoware/aichallenge2023-integration-final-main/install/autoware_control_msgs/include/autoware_control_msgs/autoware_control_msgs/msg/detail/control_horizon__type_support.h
[7.753s] -- Up-to-date symlink: /home/autoware/aichallenge2023-integration-final-main/install/autoware_control_msgs/include/autoware_control_msgs/autoware_control_msgs/msg/detail/lateral__functions.h
[7.753s] -- Up-to-date symlink: /home/autoware/aichallenge2023-integration-final-main/install/autoware_control_msgs/include/autoware_control_msgs/autoware_control_msgs/msg/detail/lateral__struct.h
[7.753s] -- Up-to-date symlink: /home/autoware/aichallenge2023-integration-final-main/install/autoware_control_msgs/include/autoware_control_msgs/autoware_control_msgs/msg/detail/lateral__type_support.h
[7.754s] -- Up-to-date symlink: /home/autoware/aichallenge2023-integration-final-main/install/autoware_control_msgs/include/autoware_control_msgs/autoware_control_msgs/msg/detail/longitudinal__functions.h
[7.754s] -- Up-to-date symlink: /home/autoware/aichallenge2023-integration-final-main/install/autoware_control_msgs/include/autoware_control_msgs/autoware_control_msgs/msg/detail/longitudinal__struct.h
[7.754s] -- Up-to-date symlink: /home/autoware/aichallenge2023-integration-final-main/install/autoware_control_msgs/include/autoware_control_msgs/autoware_control_msgs/msg/detail/longitudinal__type_support.h
[7.754s] -- Up-to-date symlink: /home/autoware/aichallenge2023-integration-final-main/install/autoware_control_msgs/include/autoware_control_msgs/autoware_control_msgs/msg/lateral.h
[7.755s] -- Up-to-date symlink: /home/autoware/aichallenge2023-integration-final-main/install/autoware_control_msgs/include/autoware_control_msgs/autoware_control_msgs/msg/longitudinal.h
[7.755s] -- Up-to-date symlink: /home/autoware/aichallenge2023-integration-final-main/install/autoware_control_msgs/include/autoware_control_msgs/autoware_control_msgs/msg/rosidl_generator_c__visibility_control.h
[7.755s] -- Up-to-date symlink: /home/autoware/aichallenge2023-integration-final-main/install/autoware_control_msgs/share/autoware_control_msgs/environment/library_path.sh
[7.756s] -- Up-to-date symlink: /home/autoware/aichallenge2023-integration-final-main/install/autoware_control_msgs/share/autoware_control_msgs/environment/library_path.dsv
[7.756s] -- Up-to-date symlink: /home/autoware/aichallenge2023-integration-final-main/install/autoware_control_msgs/include/autoware_control_msgs/autoware_control_msgs/msg/detail/control__rosidl_typesupport_fastrtps_c.h
[7.757s] -- Up-to-date symlink: /home/autoware/aichallenge2023-integration-final-main/install/autoware_control_msgs/include/autoware_control_msgs/autoware_control_msgs/msg/detail/control_horizon__rosidl_typesupport_fastrtps_c.h
[7.757s] -- Up-to-date symlink: /home/autoware/aichallenge2023-integration-final-main/install/autoware_control_msgs/include/autoware_control_msgs/autoware_control_msgs/msg/detail/lateral__rosidl_typesupport_fastrtps_c.h
[7.757s] -- Up-to-date symlink: /home/autoware/aichallenge2023-integration-final-main/install/autoware_control_msgs/include/autoware_control_msgs/autoware_control_msgs/msg/detail/longitudinal__rosidl_typesupport_fastrtps_c.h
[7.758s] -- Up-to-date symlink: /home/autoware/aichallenge2023-integration-final-main/install/autoware_control_msgs/include/autoware_control_msgs/autoware_control_msgs/msg/rosidl_typesupport_fastrtps_c__visibility_control.h
[7.758s] -- Up-to-date symlink: /home/autoware/aichallenge2023-integration-final-main/install/autoware_control_msgs/include/autoware_control_msgs/autoware_control_msgs/msg/control.hpp
[7.759s] -- Up-to-date symlink: /home/autoware/aichallenge2023-integration-final-main/install/autoware_control_msgs/include/autoware_control_msgs/autoware_control_msgs/msg/control_horizon.hpp
[7.759s] -- Up-to-date symlink: /home/autoware/aichallenge2023-integration-final-main/install/autoware_control_msgs/include/autoware_control_msgs/autoware_control_msgs/msg/detail/control__builder.hpp
[7.759s] -- Up-to-date symlink: /home/autoware/aichallenge2023-integration-final-main/install/autoware_control_msgs/include/autoware_control_msgs/autoware_control_msgs/msg/detail/control__struct.hpp
[7.759s] -- Up-to-date symlink: /home/autoware/aichallenge2023-integration-final-main/install/autoware_control_msgs/include/autoware_control_msgs/autoware_control_msgs/msg/detail/control__traits.hpp
[7.760s] -- Up-to-date symlink: /home/autoware/aichallenge2023-integration-final-main/install/autoware_control_msgs/include/autoware_control_msgs/autoware_control_msgs/msg/detail/control_horizon__builder.hpp
[7.760s] -- Up-to-date symlink: /home/autoware/aichallenge2023-integration-final-main/install/autoware_control_msgs/include/autoware_control_msgs/autoware_control_msgs/msg/detail/control_horizon__struct.hpp
[7.760s] -- Up-to-date symlink: /home/autoware/aichallenge2023-integration-final-main/install/autoware_control_msgs/include/autoware_control_msgs/autoware_control_msgs/msg/detail/control_horizon__traits.hpp
[7.760s] -- Up-to-date symlink: /home/autoware/aichallenge2023-integration-final-main/install/autoware_control_msgs/include/autoware_control_msgs/autoware_control_msgs/msg/detail/lateral__builder.hpp
[7.761s] -- Up-to-date symlink: /home/autoware/aichallenge2023-integration-final-main/install/autoware_control_msgs/include/autoware_control_msgs/autoware_control_msgs/msg/detail/lateral__struct.hpp
[7.761s] -- Up-to-date symlink: /home/autoware/aichallenge2023-integration-final-main/install/autoware_control_msgs/include/autoware_control_msgs/autoware_control_msgs/msg/detail/lateral__traits.hpp
[7.761s] -- Up-to-date symlink: /home/autoware/aichallenge2023-integration-final-main/install/autoware_control_msgs/include/autoware_control_msgs/autoware_control_msgs/msg/detail/longitudinal__builder.hpp
[7.761s] -- Up-to-date symlink: /home/autoware/aichallenge2023-integration-final-main/install/autoware_control_msgs/include/autoware_control_msgs/autoware_control_msgs/msg/detail/longitudinal__struct.hpp
[7.762s] -- Up-to-date symlink: /home/autoware/aichallenge2023-integration-final-main/install/autoware_control_msgs/include/autoware_control_msgs/autoware_control_msgs/msg/detail/longitudinal__traits.hpp
[7.762s] -- Up-to-date symlink: /home/autoware/aichallenge2023-integration-final-main/install/autoware_control_msgs/include/autoware_control_msgs/autoware_control_msgs/msg/lateral.hpp
[7.762s] -- Up-to-date symlink: /home/autoware/aichallenge2023-integration-final-main/install/autoware_control_msgs/include/autoware_control_msgs/autoware_control_msgs/msg/longitudinal.hpp
[7.763s] -- Up-to-date symlink: /home/autoware/aichallenge2023-integration-final-main/install/autoware_control_msgs/include/autoware_control_msgs/autoware_control_msgs/msg/detail/control__rosidl_typesupport_fastrtps_cpp.hpp
[7.763s] -- Up-to-date symlink: /home/autoware/aichallenge2023-integration-final-main/install/autoware_control_msgs/include/autoware_control_msgs/autoware_control_msgs/msg/detail/control_horizon__rosidl_typesupport_fastrtps_cpp.hpp
[7.763s] -- Up-to-date symlink: /home/autoware/aichallenge2023-integration-final-main/install/autoware_control_msgs/include/autoware_control_msgs/autoware_control_msgs/msg/detail/lateral__rosidl_typesupport_fastrtps_cpp.hpp
[7.764s] -- Up-to-date symlink: /home/autoware/aichallenge2023-integration-final-main/install/autoware_control_msgs/include/autoware_control_msgs/autoware_control_msgs/msg/detail/longitudinal__rosidl_typesupport_fastrtps_cpp.hpp
[7.764s] -- Up-to-date symlink: /home/autoware/aichallenge2023-integration-final-main/install/autoware_control_msgs/include/autoware_control_msgs/autoware_control_msgs/msg/rosidl_typesupport_fastrtps_cpp__visibility_control.h
[7.765s] -- Up-to-date symlink: /home/autoware/aichallenge2023-integration-final-main/install/autoware_control_msgs/include/autoware_control_msgs/autoware_control_msgs/msg/detail/control__rosidl_typesupport_introspection_c.h
[7.765s] -- Up-to-date symlink: /home/autoware/aichallenge2023-integration-final-main/install/autoware_control_msgs/include/autoware_control_msgs/autoware_control_msgs/msg/detail/control_horizon__rosidl_typesupport_introspection_c.h
[7.765s] -- Up-to-date symlink: /home/autoware/aichallenge2023-integration-final-main/install/autoware_control_msgs/include/autoware_control_msgs/autoware_control_msgs/msg/detail/lateral__rosidl_typesupport_introspection_c.h
[7.765s] -- Up-to-date symlink: /home/autoware/aichallenge2023-integration-final-main/install/autoware_control_msgs/include/autoware_control_msgs/autoware_control_msgs/msg/detail/longitudinal__rosidl_typesupport_introspection_c.h
[7.766s] -- Up-to-date symlink: /home/autoware/aichallenge2023-integration-final-main/install/autoware_control_msgs/include/autoware_control_msgs/autoware_control_msgs/msg/rosidl_typesupport_introspection_c__visibility_control.h
[7.766s] -- Up-to-date symlink: /home/autoware/aichallenge2023-integration-final-main/install/autoware_control_msgs/include/autoware_control_msgs/autoware_control_msgs/msg/detail/control__rosidl_typesupport_introspection_cpp.hpp
[7.766s] -- Up-to-date symlink: /home/autoware/aichallenge2023-integration-final-main/install/autoware_control_msgs/include/autoware_control_msgs/autoware_control_msgs/msg/detail/control_horizon__rosidl_typesupport_introspection_cpp.hpp
[7.768s] -- Up-to-date symlink: /home/autoware/aichallenge2023-integration-final-main/install/autoware_control_msgs/include/autoware_control_msgs/autoware_control_msgs/msg/detail/lateral__rosidl_typesupport_introspection_cpp.hpp
[7.769s] -- Up-to-date symlink: /home/autoware/aichallenge2023-integration-final-main/install/autoware_control_msgs/include/autoware_control_msgs/autoware_control_msgs/msg/detail/longitudinal__rosidl_typesupport_introspection_cpp.hpp
[7.769s] -- Up-to-date symlink: /home/autoware/aichallenge2023-integration-final-main/install/autoware_control_msgs/share/autoware_control_msgs/environment/pythonpath.sh
[7.769s] -- Up-to-date symlink: /home/autoware/aichallenge2023-integration-final-main/install/autoware_control_msgs/share/autoware_control_msgs/environment/pythonpath.dsv
[7.770s] -- Up-to-date symlink: /home/autoware/aichallenge2023-integration-final-main/install/autoware_control_msgs/local/lib/python3.10/dist-packages/autoware_control_msgs-1.0.0-py3.10.egg-info/PKG-INFO
[7.770s] -- Up-to-date symlink: /home/autoware/aichallenge2023-integration-final-main/install/autoware_control_msgs/local/lib/python3.10/dist-packages/autoware_control_msgs-1.0.0-py3.10.egg-info/SOURCES.txt
[7.771s] -- Up-to-date symlink: /home/autoware/aichallenge2023-integration-final-main/install/autoware_control_msgs/local/lib/python3.10/dist-packages/autoware_control_msgs-1.0.0-py3.10.egg-info/dependency_links.txt
[7.771s] -- Up-to-date symlink: /home/autoware/aichallenge2023-integration-final-main/install/autoware_control_msgs/local/lib/python3.10/dist-packages/autoware_control_msgs-1.0.0-py3.10.egg-info/top_level.txt
[7.772s] -- Up-to-date symlink: /home/autoware/aichallenge2023-integration-final-main/install/autoware_control_msgs/local/lib/python3.10/dist-packages/autoware_control_msgs/__init__.py
[7.772s] -- Up-to-date symlink: /home/autoware/aichallenge2023-integration-final-main/install/autoware_control_msgs/local/lib/python3.10/dist-packages/autoware_control_msgs/_autoware_control_msgs_s.ep.rosidl_typesupport_c.c
[7.772s] -- Up-to-date symlink: /home/autoware/aichallenge2023-integration-final-main/install/autoware_control_msgs/local/lib/python3.10/dist-packages/autoware_control_msgs/_autoware_control_msgs_s.ep.rosidl_typesupport_fastrtps_c.c
[7.772s] -- Up-to-date symlink: /home/autoware/aichallenge2023-integration-final-main/install/autoware_control_msgs/local/lib/python3.10/dist-packages/autoware_control_msgs/_autoware_control_msgs_s.ep.rosidl_typesupport_introspection_c.c
[7.773s] -- Up-to-date symlink: /home/autoware/aichallenge2023-integration-final-main/install/autoware_control_msgs/local/lib/python3.10/dist-packages/autoware_control_msgs/autoware_control_msgs_s__rosidl_typesupport_c.cpython-310-x86_64-linux-gnu.so
[7.773s] -- Up-to-date symlink: /home/autoware/aichallenge2023-integration-final-main/install/autoware_control_msgs/local/lib/python3.10/dist-packages/autoware_control_msgs/autoware_control_msgs_s__rosidl_typesupport_fastrtps_c.cpython-310-x86_64-linux-gnu.so
[7.773s] -- Up-to-date symlink: /home/autoware/aichallenge2023-integration-final-main/install/autoware_control_msgs/local/lib/python3.10/dist-packages/autoware_control_msgs/autoware_control_msgs_s__rosidl_typesupport_introspection_c.cpython-310-x86_64-linux-gnu.so
[7.774s] -- Up-to-date symlink: /home/autoware/aichallenge2023-integration-final-main/install/autoware_control_msgs/local/lib/python3.10/dist-packages/autoware_control_msgs/libautoware_control_msgs__rosidl_generator_py.so
[7.774s] -- Up-to-date symlink: /home/autoware/aichallenge2023-integration-final-main/install/autoware_control_msgs/local/lib/python3.10/dist-packages/autoware_control_msgs/msg/__init__.py
[7.774s] -- Up-to-date symlink: /home/autoware/aichallenge2023-integration-final-main/install/autoware_control_msgs/local/lib/python3.10/dist-packages/autoware_control_msgs/msg/_control.py
[7.774s] -- Up-to-date symlink: /home/autoware/aichallenge2023-integration-final-main/install/autoware_control_msgs/local/lib/python3.10/dist-packages/autoware_control_msgs/msg/_control_horizon.py
[7.774s] -- Up-to-date symlink: /home/autoware/aichallenge2023-integration-final-main/install/autoware_control_msgs/local/lib/python3.10/dist-packages/autoware_control_msgs/msg/_control_horizon_s.c
[7.775s] -- Up-to-date symlink: /home/autoware/aichallenge2023-integration-final-main/install/autoware_control_msgs/local/lib/python3.10/dist-packages/autoware_control_msgs/msg/_control_s.c
[7.775s] -- Up-to-date symlink: /home/autoware/aichallenge2023-integration-final-main/install/autoware_control_msgs/local/lib/python3.10/dist-packages/autoware_control_msgs/msg/_lateral.py
[7.775s] -- Up-to-date symlink: /home/autoware/aichallenge2023-integration-final-main/install/autoware_control_msgs/local/lib/python3.10/dist-packages/autoware_control_msgs/msg/_lateral_s.c
[7.775s] -- Up-to-date symlink: /home/autoware/aichallenge2023-integration-final-main/install/autoware_control_msgs/local/lib/python3.10/dist-packages/autoware_control_msgs/msg/_longitudinal.py
[7.776s] -- Up-to-date symlink: /home/autoware/aichallenge2023-integration-final-main/install/autoware_control_msgs/local/lib/python3.10/dist-packages/autoware_control_msgs/msg/_longitudinal_s.c
[7.776s] -- Up-to-date symlink: /home/autoware/aichallenge2023-integration-final-main/install/autoware_control_msgs/local/lib/python3.10/dist-packages/autoware_control_msgs/autoware_control_msgs_s__rosidl_typesupport_fastrtps_c.cpython-310-x86_64-linux-gnu.so
[7.777s] -- Up-to-date symlink: /home/autoware/aichallenge2023-integration-final-main/install/autoware_control_msgs/local/lib/python3.10/dist-packages/autoware_control_msgs/autoware_control_msgs_s__rosidl_typesupport_introspection_c.cpython-310-x86_64-linux-gnu.so
[7.777s] -- Up-to-date symlink: /home/autoware/aichallenge2023-integration-final-main/install/autoware_control_msgs/local/lib/python3.10/dist-packages/autoware_control_msgs/autoware_control_msgs_s__rosidl_typesupport_c.cpython-310-x86_64-linux-gnu.so
[7.777s] -- Up-to-date symlink: /home/autoware/aichallenge2023-integration-final-main/install/autoware_control_msgs/share/autoware_control_msgs/msg/Control.idl
[7.778s] -- Up-to-date symlink: /home/autoware/aichallenge2023-integration-final-main/install/autoware_control_msgs/share/autoware_control_msgs/msg/ControlHorizon.idl
[7.778s] -- Up-to-date symlink: /home/autoware/aichallenge2023-integration-final-main/install/autoware_control_msgs/share/autoware_control_msgs/msg/Lateral.idl
[7.779s] -- Up-to-date symlink: /home/autoware/aichallenge2023-integration-final-main/install/autoware_control_msgs/share/autoware_control_msgs/msg/Longitudinal.idl
[7.779s] -- Up-to-date symlink: /home/autoware/aichallenge2023-integration-final-main/install/autoware_control_msgs/share/autoware_control_msgs/msg/Control.msg
[7.779s] -- Up-to-date symlink: /home/autoware/aichallenge2023-integration-final-main/install/autoware_control_msgs/share/autoware_control_msgs/msg/ControlHorizon.msg
[7.780s] -- Up-to-date symlink: /home/autoware/aichallenge2023-integration-final-main/install/autoware_control_msgs/share/autoware_control_msgs/msg/Lateral.msg
[7.780s] -- Up-to-date symlink: /home/autoware/aichallenge2023-integration-final-main/install/autoware_control_msgs/share/autoware_control_msgs/msg/Longitudinal.msg
[7.780s] -- Up-to-date symlink: /home/autoware/aichallenge2023-integration-final-main/install/autoware_control_msgs/share/ament_index/resource_index/package_run_dependencies/autoware_control_msgs
[7.781s] -- Up-to-date symlink: /home/autoware/aichallenge2023-integration-final-main/install/autoware_control_msgs/share/ament_index/resource_index/parent_prefix_path/autoware_control_msgs
[7.781s] -- Up-to-date symlink: /home/autoware/aichallenge2023-integration-final-main/install/autoware_control_msgs/share/autoware_control_msgs/environment/ament_prefix_path.sh
[7.781s] -- Up-to-date symlink: /home/autoware/aichallenge2023-integration-final-main/install/autoware_control_msgs/share/autoware_control_msgs/environment/ament_prefix_path.dsv
[7.782s] -- Up-to-date symlink: /home/autoware/aichallenge2023-integration-final-main/install/autoware_control_msgs/share/autoware_control_msgs/environment/path.sh
[7.782s] -- Up-to-date symlink: /home/autoware/aichallenge2023-integration-final-main/install/autoware_control_msgs/share/autoware_control_msgs/environment/path.dsv
[7.782s] -- Up-to-date symlink: /home/autoware/aichallenge2023-integration-final-main/install/autoware_control_msgs/share/autoware_control_msgs/local_setup.bash
[7.783s] -- Up-to-date symlink: /home/autoware/aichallenge2023-integration-final-main/install/autoware_control_msgs/share/autoware_control_msgs/local_setup.sh
[7.783s] -- Up-to-date symlink: /home/autoware/aichallenge2023-integration-final-main/install/autoware_control_msgs/share/autoware_control_msgs/local_setup.zsh
[7.783s] -- Up-to-date symlink: /home/autoware/aichallenge2023-integration-final-main/install/autoware_control_msgs/share/autoware_control_msgs/local_setup.dsv
[7.784s] -- Symlinking: /home/autoware/aichallenge2023-integration-final-main/install/autoware_control_msgs/share/autoware_control_msgs/package.dsv
[7.875s] -- Up-to-date symlink: /home/autoware/aichallenge2023-integration-final-main/install/autoware_control_msgs/share/ament_index/resource_index/packages/autoware_control_msgs
[7.875s] -- Up-to-date symlink: /home/autoware/aichallenge2023-integration-final-main/install/autoware_control_msgs/share/autoware_control_msgs/cmake/rosidl_cmake-extras.cmake
[7.875s] -- Up-to-date symlink: /home/autoware/aichallenge2023-integration-final-main/install/autoware_control_msgs/share/autoware_control_msgs/cmake/ament_cmake_export_dependencies-extras.cmake
[7.875s] -- Up-to-date symlink: /home/autoware/aichallenge2023-integration-final-main/install/autoware_control_msgs/share/autoware_control_msgs/cmake/ament_cmake_export_include_directories-extras.cmake
[7.875s] -- Up-to-date symlink: /home/autoware/aichallenge2023-integration-final-main/install/autoware_control_msgs/share/autoware_control_msgs/cmake/ament_cmake_export_libraries-extras.cmake
[7.876s] -- Up-to-date symlink: /home/autoware/aichallenge2023-integration-final-main/install/autoware_control_msgs/share/autoware_control_msgs/cmake/ament_cmake_export_targets-extras.cmake
[7.876s] -- Up-to-date symlink: /home/autoware/aichallenge2023-integration-final-main/install/autoware_control_msgs/share/autoware_control_msgs/cmake/rosidl_cmake_export_typesupport_targets-extras.cmake
[7.876s] -- Up-to-date symlink: /home/autoware/aichallenge2023-integration-final-main/install/autoware_control_msgs/share/autoware_control_msgs/cmake/rosidl_cmake_export_typesupport_libraries-extras.cmake
[7.876s] -- Up-to-date symlink: /home/autoware/aichallenge2023-integration-final-main/install/autoware_control_msgs/share/autoware_control_msgs/cmake/autoware_control_msgsConfig.cmake
[7.876s] -- Up-to-date symlink: /home/autoware/aichallenge2023-integration-final-main/install/autoware_control_msgs/share/autoware_control_msgs/cmake/autoware_control_msgsConfig-version.cmake
[7.881s] -- Up-to-date symlink: /home/autoware/aichallenge2023-integration-final-main/install/autoware_control_msgs/share/autoware_control_msgs/package.xml
[7.886s] -- Up-to-date: /home/autoware/aichallenge2023-integration-final-main/install/autoware_control_msgs/lib/libautoware_control_msgs__rosidl_generator_c.so
[7.886s] -- Up-to-date: /home/autoware/aichallenge2023-integration-final-main/install/autoware_control_msgs/lib/libautoware_control_msgs__rosidl_typesupport_fastrtps_c.so
[7.886s] -- Up-to-date: /home/autoware/aichallenge2023-integration-final-main/install/autoware_control_msgs/lib/libautoware_control_msgs__rosidl_typesupport_fastrtps_cpp.so
[7.889s] -- Up-to-date: /home/autoware/aichallenge2023-integration-final-main/install/autoware_control_msgs/lib/libautoware_control_msgs__rosidl_typesupport_introspection_c.so
[7.891s] -- Up-to-date: /home/autoware/aichallenge2023-integration-final-main/install/autoware_control_msgs/lib/libautoware_control_msgs__rosidl_typesupport_c.so
[7.892s] -- Up-to-date: /home/autoware/aichallenge2023-integration-final-main/install/autoware_control_msgs/lib/libautoware_control_msgs__rosidl_typesupport_introspection_cpp.so
[7.894s] -- Up-to-date: /home/autoware/aichallenge2023-integration-final-main/install/autoware_control_msgs/lib/libautoware_control_msgs__rosidl_typesupport_cpp.so
[8.121s] Listing '/home/autoware/aichallenge2023-integration-final-main/install/autoware_control_msgs/local/lib/python3.10/dist-packages/autoware_control_msgs'...
[8.121s] Listing '/home/autoware/aichallenge2023-integration-final-main/install/autoware_control_msgs/local/lib/python3.10/dist-packages/autoware_control_msgs/msg'...
[8.127s] -- Up-to-date: /home/autoware/aichallenge2023-integration-final-main/install/autoware_control_msgs/lib/libautoware_control_msgs__rosidl_generator_py.so
[8.128s] -- Up-to-date: /home/autoware/aichallenge2023-integration-final-main/install/autoware_control_msgs/share/autoware_control_msgs/cmake/export_autoware_control_msgs__rosidl_generator_cExport.cmake
[8.129s] -- Up-to-date: /home/autoware/aichallenge2023-integration-final-main/install/autoware_control_msgs/share/autoware_control_msgs/cmake/export_autoware_control_msgs__rosidl_generator_cExport-release.cmake
[8.129s] -- Up-to-date: /home/autoware/aichallenge2023-integration-final-main/install/autoware_control_msgs/share/autoware_control_msgs/cmake/export_autoware_control_msgs__rosidl_typesupport_fastrtps_cExport.cmake
[8.129s] -- Up-to-date: /home/autoware/aichallenge2023-integration-final-main/install/autoware_control_msgs/share/autoware_control_msgs/cmake/export_autoware_control_msgs__rosidl_typesupport_fastrtps_cExport-release.cmake
[8.129s] -- Up-to-date: /home/autoware/aichallenge2023-integration-final-main/install/autoware_control_msgs/share/autoware_control_msgs/cmake/export_autoware_control_msgs__rosidl_generator_cppExport.cmake
[8.129s] -- Up-to-date: /home/autoware/aichallenge2023-integration-final-main/install/autoware_control_msgs/share/autoware_control_msgs/cmake/export_autoware_control_msgs__rosidl_typesupport_fastrtps_cppExport.cmake
[8.129s] -- Up-to-date: /home/autoware/aichallenge2023-integration-final-main/install/autoware_control_msgs/share/autoware_control_msgs/cmake/export_autoware_control_msgs__rosidl_typesupport_fastrtps_cppExport-release.cmake
[8.129s] -- Up-to-date: /home/autoware/aichallenge2023-integration-final-main/install/autoware_control_msgs/share/autoware_control_msgs/cmake/autoware_control_msgs__rosidl_typesupport_introspection_cExport.cmake
[8.129s] -- Up-to-date: /home/autoware/aichallenge2023-integration-final-main/install/autoware_control_msgs/share/autoware_control_msgs/cmake/autoware_control_msgs__rosidl_typesupport_introspection_cExport-release.cmake
[8.130s] -- Up-to-date: /home/autoware/aichallenge2023-integration-final-main/install/autoware_control_msgs/share/autoware_control_msgs/cmake/autoware_control_msgs__rosidl_typesupport_cExport.cmake
[8.130s] -- Up-to-date: /home/autoware/aichallenge2023-integration-final-main/install/autoware_control_msgs/share/autoware_control_msgs/cmake/autoware_control_msgs__rosidl_typesupport_cExport-release.cmake
[8.131s] -- Up-to-date: /home/autoware/aichallenge2023-integration-final-main/install/autoware_control_msgs/share/autoware_control_msgs/cmake/autoware_control_msgs__rosidl_typesupport_introspection_cppExport.cmake
[8.132s] -- Up-to-date: /home/autoware/aichallenge2023-integration-final-main/install/autoware_control_msgs/share/autoware_control_msgs/cmake/autoware_control_msgs__rosidl_typesupport_introspection_cppExport-release.cmake
[8.132s] -- Up-to-date: /home/autoware/aichallenge2023-integration-final-main/install/autoware_control_msgs/share/autoware_control_msgs/cmake/autoware_control_msgs__rosidl_typesupport_cppExport.cmake
[8.132s] -- Up-to-date: /home/autoware/aichallenge2023-integration-final-main/install/autoware_control_msgs/share/autoware_control_msgs/cmake/autoware_control_msgs__rosidl_typesupport_cppExport-release.cmake
[8.132s] -- Up-to-date: /home/autoware/aichallenge2023-integration-final-main/install/autoware_control_msgs/share/autoware_control_msgs/cmake/export_autoware_control_msgs__rosidl_generator_pyExport.cmake
[8.132s] -- Up-to-date: /home/autoware/aichallenge2023-integration-final-main/install/autoware_control_msgs/share/autoware_control_msgs/cmake/export_autoware_control_msgs__rosidl_generator_pyExport-release.cmake
[8.233s] Invoked command in '/home/autoware/aichallenge2023-integration-final-main/build/autoware_control_msgs' returned '0': CMAKE_PREFIX_PATH=${CMAKE_PREFIX_PATH}:/home/autoware/aichallenge2023-integration-final-main/install/simulator_compatibility_test:/home/autoware/aichallenge2023-integration-final-main/install/ad_api_visualizers:/home/autoware/autoware/install/simulator_compatibility_test:/home/autoware/autoware/install/ad_api_visualizers:/opt/ros/humble /usr/bin/cmake --install /home/autoware/aichallenge2023-integration-final-main/build/autoware_control_msgs
