[0.248s] Invoking command in '/home/autoware/aichallenge2023-integration-final-main/build/tier4_debug_msgs': CMAKE_PREFIX_PATH=${CMAKE_PREFIX_PATH}:/home/autoware/aichallenge2023-integration-final-main/install/simulator_compatibility_test:/home/autoware/aichallenge2023-integration-final-main/install/ad_api_visualizers:/home/autoware/autoware/install/simulator_compatibility_test:/home/autoware/autoware/install/ad_api_visualizers:/opt/ros/humble /usr/bin/cmake /home/autoware/aichallenge2023-integration-final-main/src/universe/external/tier4_autoware_msgs/tier4_debug_msgs -DCMAKE_BUILD_TYPE=Release -DAMENT_CMAKE_SYMLINK_INSTALL=1 -DCMAKE_INSTALL_PREFIX=/home/autoware/aichallenge2023-integration-final-main/install/tier4_debug_msgs
[0.326s] -- Found ament_cmake_auto: 1.3.5 (/opt/ros/humble/share/ament_cmake_auto/cmake)
[0.631s] -- Override CMake install command with custom implementation using symlinks instead of copying resources
[1.119s] -- Using all available rosidl_typesupport_c: rosidl_typesupport_fastrtps_c;rosidl_typesupport_introspection_c
[1.122s] -- Found rosidl_adapter: 3.1.5 (/opt/ros/humble/share/rosidl_adapter/cmake)
[1.310s] -- Using all available rosidl_typesupport_cpp: rosidl_typesupport_fastrtps_cpp;rosidl_typesupport_introspection_cpp
[1.952s] -- Found ament_cmake_ros: 0.10.0 (/opt/ros/humble/share/ament_cmake_ros/cmake)
[2.588s] -- Using all available rosidl_typesupport_c: rosidl_typesupport_fastrtps_c;rosidl_typesupport_introspection_c
[3.446s] -- Using all available rosidl_typesupport_cpp: rosidl_typesupport_fastrtps_cpp;rosidl_typesupport_introspection_cpp
[3.565s] -- Found python_cmake_module: 0.10.0 (/opt/ros/humble/share/python_cmake_module/cmake)
[3.654s] -- Using PYTHON_EXECUTABLE: /usr/bin/python3
[3.654s] -- Using PYTHON_INCLUDE_DIRS: /usr/include/python3.10
[3.654s] -- Using PYTHON_LIBRARIES: /usr/lib/x86_64-linux-gnu/libpython3.10.so
[4.923s] -- Found ament_lint_auto: 0.12.7 (/opt/ros/humble/share/ament_lint_auto/cmake)
[4.937s] -- Added test 'copyright' to check source files copyright and LICENSE
[4.939s] -- Added test 'lint_cmake' to check CMake code style
[4.940s] -- Added test 'xmllint' to check XML markup files
[4.949s] -- Configuring done
[5.100s] -- Generating done
[5.104s] -- Build files have been written to: /home/autoware/aichallenge2023-integration-final-main/build/tier4_debug_msgs
[5.126s] Invoked command in '/home/autoware/aichallenge2023-integration-final-main/build/tier4_debug_msgs' returned '0': CMAKE_PREFIX_PATH=${CMAKE_PREFIX_PATH}:/home/autoware/aichallenge2023-integration-final-main/install/simulator_compatibility_test:/home/autoware/aichallenge2023-integration-final-main/install/ad_api_visualizers:/home/autoware/autoware/install/simulator_compatibility_test:/home/autoware/autoware/install/ad_api_visualizers:/opt/ros/humble /usr/bin/cmake /home/autoware/aichallenge2023-integration-final-main/src/universe/external/tier4_autoware_msgs/tier4_debug_msgs -DCMAKE_BUILD_TYPE=Release -DAMENT_CMAKE_SYMLINK_INSTALL=1 -DCMAKE_INSTALL_PREFIX=/home/autoware/aichallenge2023-integration-final-main/install/tier4_debug_msgs
[5.127s] Invoking command in '/home/autoware/aichallenge2023-integration-final-main/build/tier4_debug_msgs': CMAKE_PREFIX_PATH=${CMAKE_PREFIX_PATH}:/home/autoware/aichallenge2023-integration-final-main/install/simulator_compatibility_test:/home/autoware/aichallenge2023-integration-final-main/install/ad_api_visualizers:/home/autoware/autoware/install/simulator_compatibility_test:/home/autoware/autoware/install/ad_api_visualizers:/opt/ros/humble /usr/bin/cmake --build /home/autoware/aichallenge2023-integration-final-main/build/tier4_debug_msgs -- -j16 -l16
[5.656s] Consolidate compiler generated dependencies of target tier4_debug_msgs__rosidl_generator_c
[5.739s] [  0%] Built target tier4_debug_msgs__cpp
[5.891s] [ 12%] Built target tier4_debug_msgs__rosidl_generator_c
[5.938s] Consolidate compiler generated dependencies of target tier4_debug_msgs__rosidl_typesupport_cpp
[5.989s] Consolidate compiler generated dependencies of target tier4_debug_msgs__rosidl_typesupport_fastrtps_cpp
[5.991s] Consolidate compiler generated dependencies of target tier4_debug_msgs__rosidl_typesupport_introspection_cpp
[6.013s] [ 12%] Built target ament_cmake_python_symlink_tier4_debug_msgs
[6.067s] Consolidate compiler generated dependencies of target tier4_debug_msgs__rosidl_typesupport_introspection_c
[6.127s] Consolidate compiler generated dependencies of target tier4_debug_msgs__rosidl_typesupport_c
[6.179s] Consolidate compiler generated dependencies of target tier4_debug_msgs__rosidl_typesupport_fastrtps_c
[6.229s] [ 23%] Built target tier4_debug_msgs__rosidl_typesupport_fastrtps_cpp
[6.246s] [ 35%] Built target tier4_debug_msgs__rosidl_typesupport_introspection_cpp
[6.270s] [ 47%] Built target tier4_debug_msgs__rosidl_typesupport_cpp
[6.487s] [ 59%] Built target tier4_debug_msgs__rosidl_typesupport_introspection_c
[6.487s] [ 71%] Built target tier4_debug_msgs__rosidl_typesupport_c
[6.487s] [ 83%] Built target tier4_debug_msgs__rosidl_typesupport_fastrtps_c
[6.877s] [ 83%] Built target tier4_debug_msgs
[7.312s] running egg_info
[7.313s] writing tier4_debug_msgs.egg-info/PKG-INFO
[7.313s] writing dependency_links to tier4_debug_msgs.egg-info/dependency_links.txt
[7.313s] writing top-level names to tier4_debug_msgs.egg-info/top_level.txt
[7.316s] reading manifest file 'tier4_debug_msgs.egg-info/SOURCES.txt'
[7.317s] writing manifest file 'tier4_debug_msgs.egg-info/SOURCES.txt'
[7.358s] [ 84%] Built target tier4_debug_msgs__py
[7.499s] [ 84%] Built target ament_cmake_python_build_tier4_debug_msgs_egg
[7.595s] Consolidate compiler generated dependencies of target tier4_debug_msgs__rosidl_generator_py
[7.807s] [ 95%] Built target tier4_debug_msgs__rosidl_generator_py
[7.982s] Consolidate compiler generated dependencies of target tier4_debug_msgs__rosidl_typesupport_fastrtps_c__pyext
[8.003s] Consolidate compiler generated dependencies of target tier4_debug_msgs__rosidl_typesupport_introspection_c__pyext
[8.035s] Consolidate compiler generated dependencies of target tier4_debug_msgs__rosidl_typesupport_c__pyext
[8.148s] [ 97%] Built target tier4_debug_msgs__rosidl_typesupport_fastrtps_c__pyext
[8.190s] [ 99%] Built target tier4_debug_msgs__rosidl_typesupport_introspection_c__pyext
[8.216s] [100%] Built target tier4_debug_msgs__rosidl_typesupport_c__pyext
[8.340s] Invoked command in '/home/autoware/aichallenge2023-integration-final-main/build/tier4_debug_msgs' returned '0': CMAKE_PREFIX_PATH=${CMAKE_PREFIX_PATH}:/home/autoware/aichallenge2023-integration-final-main/install/simulator_compatibility_test:/home/autoware/aichallenge2023-integration-final-main/install/ad_api_visualizers:/home/autoware/autoware/install/simulator_compatibility_test:/home/autoware/autoware/install/ad_api_visualizers:/opt/ros/humble /usr/bin/cmake --build /home/autoware/aichallenge2023-integration-final-main/build/tier4_debug_msgs -- -j16 -l16
[15.777s] Invoking command in '/home/autoware/aichallenge2023-integration-final-main/build/tier4_debug_msgs': CMAKE_PREFIX_PATH=${CMAKE_PREFIX_PATH}:/home/autoware/aichallenge2023-integration-final-main/install/simulator_compatibility_test:/home/autoware/aichallenge2023-integration-final-main/install/ad_api_visualizers:/home/autoware/autoware/install/simulator_compatibility_test:/home/autoware/autoware/install/ad_api_visualizers:/opt/ros/humble /usr/bin/cmake --install /home/autoware/aichallenge2023-integration-final-main/build/tier4_debug_msgs
[15.835s] -- Install configuration: "Release"
[15.835s] -- Execute custom install script
[15.836s] -- Up-to-date symlink: /home/autoware/aichallenge2023-integration-final-main/install/tier4_debug_msgs/share/ament_index/resource_index/rosidl_interfaces/tier4_debug_msgs
[15.837s] -- Up-to-date symlink: /home/autoware/aichallenge2023-integration-final-main/install/tier4_debug_msgs/include/tier4_debug_msgs/tier4_debug_msgs/msg/bool_stamped.h
[15.837s] -- Up-to-date symlink: /home/autoware/aichallenge2023-integration-final-main/install/tier4_debug_msgs/include/tier4_debug_msgs/tier4_debug_msgs/msg/detail/bool_stamped__functions.h
[15.837s] -- Up-to-date symlink: /home/autoware/aichallenge2023-integration-final-main/install/tier4_debug_msgs/include/tier4_debug_msgs/tier4_debug_msgs/msg/detail/bool_stamped__struct.h
[15.837s] -- Up-to-date symlink: /home/autoware/aichallenge2023-integration-final-main/install/tier4_debug_msgs/include/tier4_debug_msgs/tier4_debug_msgs/msg/detail/bool_stamped__type_support.h
[15.837s] -- Up-to-date symlink: /home/autoware/aichallenge2023-integration-final-main/install/tier4_debug_msgs/include/tier4_debug_msgs/tier4_debug_msgs/msg/detail/float32_multi_array_stamped__functions.h
[15.839s] -- Up-to-date symlink: /home/autoware/aichallenge2023-integration-final-main/install/tier4_debug_msgs/include/tier4_debug_msgs/tier4_debug_msgs/msg/detail/float32_multi_array_stamped__struct.h
[15.839s] -- Up-to-date symlink: /home/autoware/aichallenge2023-integration-final-main/install/tier4_debug_msgs/include/tier4_debug_msgs/tier4_debug_msgs/msg/detail/float32_multi_array_stamped__type_support.h
[15.840s] -- Up-to-date symlink: /home/autoware/aichallenge2023-integration-final-main/install/tier4_debug_msgs/include/tier4_debug_msgs/tier4_debug_msgs/msg/detail/float32_stamped__functions.h
[15.840s] -- Up-to-date symlink: /home/autoware/aichallenge2023-integration-final-main/install/tier4_debug_msgs/include/tier4_debug_msgs/tier4_debug_msgs/msg/detail/float32_stamped__struct.h
[15.840s] -- Up-to-date symlink: /home/autoware/aichallenge2023-integration-final-main/install/tier4_debug_msgs/include/tier4_debug_msgs/tier4_debug_msgs/msg/detail/float32_stamped__type_support.h
[15.840s] -- Up-to-date symlink: /home/autoware/aichallenge2023-integration-final-main/install/tier4_debug_msgs/include/tier4_debug_msgs/tier4_debug_msgs/msg/detail/float64_multi_array_stamped__functions.h
[15.840s] -- Up-to-date symlink: /home/autoware/aichallenge2023-integration-final-main/install/tier4_debug_msgs/include/tier4_debug_msgs/tier4_debug_msgs/msg/detail/float64_multi_array_stamped__struct.h
[15.840s] -- Up-to-date symlink: /home/autoware/aichallenge2023-integration-final-main/install/tier4_debug_msgs/include/tier4_debug_msgs/tier4_debug_msgs/msg/detail/float64_multi_array_stamped__type_support.h
[15.840s] -- Up-to-date symlink: /home/autoware/aichallenge2023-integration-final-main/install/tier4_debug_msgs/include/tier4_debug_msgs/tier4_debug_msgs/msg/detail/float64_stamped__functions.h
[15.840s] -- Up-to-date symlink: /home/autoware/aichallenge2023-integration-final-main/install/tier4_debug_msgs/include/tier4_debug_msgs/tier4_debug_msgs/msg/detail/float64_stamped__struct.h
[15.840s] -- Up-to-date symlink: /home/autoware/aichallenge2023-integration-final-main/install/tier4_debug_msgs/include/tier4_debug_msgs/tier4_debug_msgs/msg/detail/float64_stamped__type_support.h
[15.840s] -- Up-to-date symlink: /home/autoware/aichallenge2023-integration-final-main/install/tier4_debug_msgs/include/tier4_debug_msgs/tier4_debug_msgs/msg/detail/int32_multi_array_stamped__functions.h
[15.840s] -- Up-to-date symlink: /home/autoware/aichallenge2023-integration-final-main/install/tier4_debug_msgs/include/tier4_debug_msgs/tier4_debug_msgs/msg/detail/int32_multi_array_stamped__struct.h
[15.840s] -- Up-to-date symlink: /home/autoware/aichallenge2023-integration-final-main/install/tier4_debug_msgs/include/tier4_debug_msgs/tier4_debug_msgs/msg/detail/int32_multi_array_stamped__type_support.h
[15.840s] -- Up-to-date symlink: /home/autoware/aichallenge2023-integration-final-main/install/tier4_debug_msgs/include/tier4_debug_msgs/tier4_debug_msgs/msg/detail/int32_stamped__functions.h
[15.840s] -- Up-to-date symlink: /home/autoware/aichallenge2023-integration-final-main/install/tier4_debug_msgs/include/tier4_debug_msgs/tier4_debug_msgs/msg/detail/int32_stamped__struct.h
[15.840s] -- Up-to-date symlink: /home/autoware/aichallenge2023-integration-final-main/install/tier4_debug_msgs/include/tier4_debug_msgs/tier4_debug_msgs/msg/detail/int32_stamped__type_support.h
[15.841s] -- Up-to-date symlink: /home/autoware/aichallenge2023-integration-final-main/install/tier4_debug_msgs/include/tier4_debug_msgs/tier4_debug_msgs/msg/detail/int64_multi_array_stamped__functions.h
[15.841s] -- Up-to-date symlink: /home/autoware/aichallenge2023-integration-final-main/install/tier4_debug_msgs/include/tier4_debug_msgs/tier4_debug_msgs/msg/detail/int64_multi_array_stamped__struct.h
[15.841s] -- Up-to-date symlink: /home/autoware/aichallenge2023-integration-final-main/install/tier4_debug_msgs/include/tier4_debug_msgs/tier4_debug_msgs/msg/detail/int64_multi_array_stamped__type_support.h
[15.841s] -- Up-to-date symlink: /home/autoware/aichallenge2023-integration-final-main/install/tier4_debug_msgs/include/tier4_debug_msgs/tier4_debug_msgs/msg/detail/int64_stamped__functions.h
[15.841s] -- Up-to-date symlink: /home/autoware/aichallenge2023-integration-final-main/install/tier4_debug_msgs/include/tier4_debug_msgs/tier4_debug_msgs/msg/detail/int64_stamped__struct.h
[15.841s] -- Up-to-date symlink: /home/autoware/aichallenge2023-integration-final-main/install/tier4_debug_msgs/include/tier4_debug_msgs/tier4_debug_msgs/msg/detail/int64_stamped__type_support.h
[15.841s] -- Up-to-date symlink: /home/autoware/aichallenge2023-integration-final-main/install/tier4_debug_msgs/include/tier4_debug_msgs/tier4_debug_msgs/msg/detail/multi_array_dimension__functions.h
[15.841s] -- Up-to-date symlink: /home/autoware/aichallenge2023-integration-final-main/install/tier4_debug_msgs/include/tier4_debug_msgs/tier4_debug_msgs/msg/detail/multi_array_dimension__struct.h
[15.841s] -- Up-to-date symlink: /home/autoware/aichallenge2023-integration-final-main/install/tier4_debug_msgs/include/tier4_debug_msgs/tier4_debug_msgs/msg/detail/multi_array_dimension__type_support.h
[15.841s] -- Up-to-date symlink: /home/autoware/aichallenge2023-integration-final-main/install/tier4_debug_msgs/include/tier4_debug_msgs/tier4_debug_msgs/msg/detail/multi_array_layout__functions.h
[15.841s] -- Up-to-date symlink: /home/autoware/aichallenge2023-integration-final-main/install/tier4_debug_msgs/include/tier4_debug_msgs/tier4_debug_msgs/msg/detail/multi_array_layout__struct.h
[15.841s] -- Up-to-date symlink: /home/autoware/aichallenge2023-integration-final-main/install/tier4_debug_msgs/include/tier4_debug_msgs/tier4_debug_msgs/msg/detail/multi_array_layout__type_support.h
[15.841s] -- Up-to-date symlink: /home/autoware/aichallenge2023-integration-final-main/install/tier4_debug_msgs/include/tier4_debug_msgs/tier4_debug_msgs/msg/detail/string_stamped__functions.h
[15.841s] -- Up-to-date symlink: /home/autoware/aichallenge2023-integration-final-main/install/tier4_debug_msgs/include/tier4_debug_msgs/tier4_debug_msgs/msg/detail/string_stamped__struct.h
[15.842s] -- Up-to-date symlink: /home/autoware/aichallenge2023-integration-final-main/install/tier4_debug_msgs/include/tier4_debug_msgs/tier4_debug_msgs/msg/detail/string_stamped__type_support.h
[15.842s] -- Up-to-date symlink: /home/autoware/aichallenge2023-integration-final-main/install/tier4_debug_msgs/include/tier4_debug_msgs/tier4_debug_msgs/msg/float32_multi_array_stamped.h
[15.842s] -- Up-to-date symlink: /home/autoware/aichallenge2023-integration-final-main/install/tier4_debug_msgs/include/tier4_debug_msgs/tier4_debug_msgs/msg/float32_stamped.h
[15.842s] -- Up-to-date symlink: /home/autoware/aichallenge2023-integration-final-main/install/tier4_debug_msgs/include/tier4_debug_msgs/tier4_debug_msgs/msg/float64_multi_array_stamped.h
[15.842s] -- Up-to-date symlink: /home/autoware/aichallenge2023-integration-final-main/install/tier4_debug_msgs/include/tier4_debug_msgs/tier4_debug_msgs/msg/float64_stamped.h
[15.842s] -- Up-to-date symlink: /home/autoware/aichallenge2023-integration-final-main/install/tier4_debug_msgs/include/tier4_debug_msgs/tier4_debug_msgs/msg/int32_multi_array_stamped.h
[15.842s] -- Up-to-date symlink: /home/autoware/aichallenge2023-integration-final-main/install/tier4_debug_msgs/include/tier4_debug_msgs/tier4_debug_msgs/msg/int32_stamped.h
[15.842s] -- Up-to-date symlink: /home/autoware/aichallenge2023-integration-final-main/install/tier4_debug_msgs/include/tier4_debug_msgs/tier4_debug_msgs/msg/int64_multi_array_stamped.h
[15.842s] -- Up-to-date symlink: /home/autoware/aichallenge2023-integration-final-main/install/tier4_debug_msgs/include/tier4_debug_msgs/tier4_debug_msgs/msg/int64_stamped.h
[15.842s] -- Up-to-date symlink: /home/autoware/aichallenge2023-integration-final-main/install/tier4_debug_msgs/include/tier4_debug_msgs/tier4_debug_msgs/msg/multi_array_dimension.h
[15.842s] -- Up-to-date symlink: /home/autoware/aichallenge2023-integration-final-main/install/tier4_debug_msgs/include/tier4_debug_msgs/tier4_debug_msgs/msg/multi_array_layout.h
[15.842s] -- Up-to-date symlink: /home/autoware/aichallenge2023-integration-final-main/install/tier4_debug_msgs/include/tier4_debug_msgs/tier4_debug_msgs/msg/rosidl_generator_c__visibility_control.h
[15.842s] -- Up-to-date symlink: /home/autoware/aichallenge2023-integration-final-main/install/tier4_debug_msgs/include/tier4_debug_msgs/tier4_debug_msgs/msg/string_stamped.h
[15.842s] -- Up-to-date symlink: /home/autoware/aichallenge2023-integration-final-main/install/tier4_debug_msgs/share/tier4_debug_msgs/environment/library_path.sh
[15.842s] -- Up-to-date symlink: /home/autoware/aichallenge2023-integration-final-main/install/tier4_debug_msgs/share/tier4_debug_msgs/environment/library_path.dsv
[15.843s] -- Up-to-date symlink: /home/autoware/aichallenge2023-integration-final-main/install/tier4_debug_msgs/include/tier4_debug_msgs/tier4_debug_msgs/msg/detail/bool_stamped__rosidl_typesupport_fastrtps_c.h
[15.843s] -- Up-to-date symlink: /home/autoware/aichallenge2023-integration-final-main/install/tier4_debug_msgs/include/tier4_debug_msgs/tier4_debug_msgs/msg/detail/float32_multi_array_stamped__rosidl_typesupport_fastrtps_c.h
[15.843s] -- Up-to-date symlink: /home/autoware/aichallenge2023-integration-final-main/install/tier4_debug_msgs/include/tier4_debug_msgs/tier4_debug_msgs/msg/detail/float32_stamped__rosidl_typesupport_fastrtps_c.h
[15.843s] -- Up-to-date symlink: /home/autoware/aichallenge2023-integration-final-main/install/tier4_debug_msgs/include/tier4_debug_msgs/tier4_debug_msgs/msg/detail/float64_multi_array_stamped__rosidl_typesupport_fastrtps_c.h
[15.843s] -- Up-to-date symlink: /home/autoware/aichallenge2023-integration-final-main/install/tier4_debug_msgs/include/tier4_debug_msgs/tier4_debug_msgs/msg/detail/float64_stamped__rosidl_typesupport_fastrtps_c.h
[15.843s] -- Up-to-date symlink: /home/autoware/aichallenge2023-integration-final-main/install/tier4_debug_msgs/include/tier4_debug_msgs/tier4_debug_msgs/msg/detail/int32_multi_array_stamped__rosidl_typesupport_fastrtps_c.h
[15.844s] -- Up-to-date symlink: /home/autoware/aichallenge2023-integration-final-main/install/tier4_debug_msgs/include/tier4_debug_msgs/tier4_debug_msgs/msg/detail/int32_stamped__rosidl_typesupport_fastrtps_c.h
[15.844s] -- Up-to-date symlink: /home/autoware/aichallenge2023-integration-final-main/install/tier4_debug_msgs/include/tier4_debug_msgs/tier4_debug_msgs/msg/detail/int64_multi_array_stamped__rosidl_typesupport_fastrtps_c.h
[15.844s] -- Up-to-date symlink: /home/autoware/aichallenge2023-integration-final-main/install/tier4_debug_msgs/include/tier4_debug_msgs/tier4_debug_msgs/msg/detail/int64_stamped__rosidl_typesupport_fastrtps_c.h
[15.845s] -- Up-to-date symlink: /home/autoware/aichallenge2023-integration-final-main/install/tier4_debug_msgs/include/tier4_debug_msgs/tier4_debug_msgs/msg/detail/multi_array_dimension__rosidl_typesupport_fastrtps_c.h
[15.845s] -- Up-to-date symlink: /home/autoware/aichallenge2023-integration-final-main/install/tier4_debug_msgs/include/tier4_debug_msgs/tier4_debug_msgs/msg/detail/multi_array_layout__rosidl_typesupport_fastrtps_c.h
[15.845s] -- Up-to-date symlink: /home/autoware/aichallenge2023-integration-final-main/install/tier4_debug_msgs/include/tier4_debug_msgs/tier4_debug_msgs/msg/detail/string_stamped__rosidl_typesupport_fastrtps_c.h
[15.845s] -- Up-to-date symlink: /home/autoware/aichallenge2023-integration-final-main/install/tier4_debug_msgs/include/tier4_debug_msgs/tier4_debug_msgs/msg/rosidl_typesupport_fastrtps_c__visibility_control.h
[15.849s] -- Up-to-date symlink: /home/autoware/aichallenge2023-integration-final-main/install/tier4_debug_msgs/include/tier4_debug_msgs/tier4_debug_msgs/msg/detail/bool_stamped__rosidl_typesupport_introspection_c.h
[15.849s] -- Up-to-date symlink: /home/autoware/aichallenge2023-integration-final-main/install/tier4_debug_msgs/include/tier4_debug_msgs/tier4_debug_msgs/msg/detail/float32_multi_array_stamped__rosidl_typesupport_introspection_c.h
[15.849s] -- Up-to-date symlink: /home/autoware/aichallenge2023-integration-final-main/install/tier4_debug_msgs/include/tier4_debug_msgs/tier4_debug_msgs/msg/detail/float32_stamped__rosidl_typesupport_introspection_c.h
[15.849s] -- Up-to-date symlink: /home/autoware/aichallenge2023-integration-final-main/install/tier4_debug_msgs/include/tier4_debug_msgs/tier4_debug_msgs/msg/detail/float64_multi_array_stamped__rosidl_typesupport_introspection_c.h
[15.849s] -- Up-to-date symlink: /home/autoware/aichallenge2023-integration-final-main/install/tier4_debug_msgs/include/tier4_debug_msgs/tier4_debug_msgs/msg/detail/float64_stamped__rosidl_typesupport_introspection_c.h
[15.849s] -- Up-to-date symlink: /home/autoware/aichallenge2023-integration-final-main/install/tier4_debug_msgs/include/tier4_debug_msgs/tier4_debug_msgs/msg/detail/int32_multi_array_stamped__rosidl_typesupport_introspection_c.h
[15.849s] -- Up-to-date symlink: /home/autoware/aichallenge2023-integration-final-main/install/tier4_debug_msgs/include/tier4_debug_msgs/tier4_debug_msgs/msg/detail/int32_stamped__rosidl_typesupport_introspection_c.h
[15.850s] -- Up-to-date symlink: /home/autoware/aichallenge2023-integration-final-main/install/tier4_debug_msgs/include/tier4_debug_msgs/tier4_debug_msgs/msg/detail/int64_multi_array_stamped__rosidl_typesupport_introspection_c.h
[15.850s] -- Up-to-date symlink: /home/autoware/aichallenge2023-integration-final-main/install/tier4_debug_msgs/include/tier4_debug_msgs/tier4_debug_msgs/msg/detail/int64_stamped__rosidl_typesupport_introspection_c.h
[15.850s] -- Up-to-date symlink: /home/autoware/aichallenge2023-integration-final-main/install/tier4_debug_msgs/include/tier4_debug_msgs/tier4_debug_msgs/msg/detail/multi_array_dimension__rosidl_typesupport_introspection_c.h
[15.886s] -- Up-to-date symlink: /home/autoware/aichallenge2023-integration-final-main/install/tier4_debug_msgs/include/tier4_debug_msgs/tier4_debug_msgs/msg/detail/multi_array_layout__rosidl_typesupport_introspection_c.h
[15.886s] -- Up-to-date symlink: /home/autoware/aichallenge2023-integration-final-main/install/tier4_debug_msgs/include/tier4_debug_msgs/tier4_debug_msgs/msg/detail/string_stamped__rosidl_typesupport_introspection_c.h
[15.886s] -- Up-to-date symlink: /home/autoware/aichallenge2023-integration-final-main/install/tier4_debug_msgs/include/tier4_debug_msgs/tier4_debug_msgs/msg/rosidl_typesupport_introspection_c__visibility_control.h
[15.886s] -- Up-to-date symlink: /home/autoware/aichallenge2023-integration-final-main/install/tier4_debug_msgs/include/tier4_debug_msgs/tier4_debug_msgs/msg/bool_stamped.hpp
[15.886s] -- Up-to-date symlink: /home/autoware/aichallenge2023-integration-final-main/install/tier4_debug_msgs/include/tier4_debug_msgs/tier4_debug_msgs/msg/detail/bool_stamped__builder.hpp
[15.886s] -- Up-to-date symlink: /home/autoware/aichallenge2023-integration-final-main/install/tier4_debug_msgs/include/tier4_debug_msgs/tier4_debug_msgs/msg/detail/bool_stamped__struct.hpp
[15.886s] -- Up-to-date symlink: /home/autoware/aichallenge2023-integration-final-main/install/tier4_debug_msgs/include/tier4_debug_msgs/tier4_debug_msgs/msg/detail/bool_stamped__traits.hpp
[15.886s] -- Up-to-date symlink: /home/autoware/aichallenge2023-integration-final-main/install/tier4_debug_msgs/include/tier4_debug_msgs/tier4_debug_msgs/msg/detail/float32_multi_array_stamped__builder.hpp
[15.886s] -- Up-to-date symlink: /home/autoware/aichallenge2023-integration-final-main/install/tier4_debug_msgs/include/tier4_debug_msgs/tier4_debug_msgs/msg/detail/float32_multi_array_stamped__struct.hpp
[15.886s] -- Up-to-date symlink: /home/autoware/aichallenge2023-integration-final-main/install/tier4_debug_msgs/include/tier4_debug_msgs/tier4_debug_msgs/msg/detail/float32_multi_array_stamped__traits.hpp
[15.886s] -- Up-to-date symlink: /home/autoware/aichallenge2023-integration-final-main/install/tier4_debug_msgs/include/tier4_debug_msgs/tier4_debug_msgs/msg/detail/float32_stamped__builder.hpp
[15.887s] -- Up-to-date symlink: /home/autoware/aichallenge2023-integration-final-main/install/tier4_debug_msgs/include/tier4_debug_msgs/tier4_debug_msgs/msg/detail/float32_stamped__struct.hpp
[15.887s] -- Up-to-date symlink: /home/autoware/aichallenge2023-integration-final-main/install/tier4_debug_msgs/include/tier4_debug_msgs/tier4_debug_msgs/msg/detail/float32_stamped__traits.hpp
[15.887s] -- Up-to-date symlink: /home/autoware/aichallenge2023-integration-final-main/install/tier4_debug_msgs/include/tier4_debug_msgs/tier4_debug_msgs/msg/detail/float64_multi_array_stamped__builder.hpp
[15.887s] -- Up-to-date symlink: /home/autoware/aichallenge2023-integration-final-main/install/tier4_debug_msgs/include/tier4_debug_msgs/tier4_debug_msgs/msg/detail/float64_multi_array_stamped__struct.hpp
[15.887s] -- Up-to-date symlink: /home/autoware/aichallenge2023-integration-final-main/install/tier4_debug_msgs/include/tier4_debug_msgs/tier4_debug_msgs/msg/detail/float64_multi_array_stamped__traits.hpp
[15.887s] -- Up-to-date symlink: /home/autoware/aichallenge2023-integration-final-main/install/tier4_debug_msgs/include/tier4_debug_msgs/tier4_debug_msgs/msg/detail/float64_stamped__builder.hpp
[15.887s] -- Up-to-date symlink: /home/autoware/aichallenge2023-integration-final-main/install/tier4_debug_msgs/include/tier4_debug_msgs/tier4_debug_msgs/msg/detail/float64_stamped__struct.hpp
[15.887s] -- Up-to-date symlink: /home/autoware/aichallenge2023-integration-final-main/install/tier4_debug_msgs/include/tier4_debug_msgs/tier4_debug_msgs/msg/detail/float64_stamped__traits.hpp
[15.887s] -- Up-to-date symlink: /home/autoware/aichallenge2023-integration-final-main/install/tier4_debug_msgs/include/tier4_debug_msgs/tier4_debug_msgs/msg/detail/int32_multi_array_stamped__builder.hpp
[15.887s] -- Up-to-date symlink: /home/autoware/aichallenge2023-integration-final-main/install/tier4_debug_msgs/include/tier4_debug_msgs/tier4_debug_msgs/msg/detail/int32_multi_array_stamped__struct.hpp
[15.887s] -- Up-to-date symlink: /home/autoware/aichallenge2023-integration-final-main/install/tier4_debug_msgs/include/tier4_debug_msgs/tier4_debug_msgs/msg/detail/int32_multi_array_stamped__traits.hpp
[15.887s] -- Up-to-date symlink: /home/autoware/aichallenge2023-integration-final-main/install/tier4_debug_msgs/include/tier4_debug_msgs/tier4_debug_msgs/msg/detail/int32_stamped__builder.hpp
[15.887s] -- Up-to-date symlink: /home/autoware/aichallenge2023-integration-final-main/install/tier4_debug_msgs/include/tier4_debug_msgs/tier4_debug_msgs/msg/detail/int32_stamped__struct.hpp
[15.887s] -- Up-to-date symlink: /home/autoware/aichallenge2023-integration-final-main/install/tier4_debug_msgs/include/tier4_debug_msgs/tier4_debug_msgs/msg/detail/int32_stamped__traits.hpp
[15.887s] -- Up-to-date symlink: /home/autoware/aichallenge2023-integration-final-main/install/tier4_debug_msgs/include/tier4_debug_msgs/tier4_debug_msgs/msg/detail/int64_multi_array_stamped__builder.hpp
[15.887s] -- Up-to-date symlink: /home/autoware/aichallenge2023-integration-final-main/install/tier4_debug_msgs/include/tier4_debug_msgs/tier4_debug_msgs/msg/detail/int64_multi_array_stamped__struct.hpp
[15.887s] -- Up-to-date symlink: /home/autoware/aichallenge2023-integration-final-main/install/tier4_debug_msgs/include/tier4_debug_msgs/tier4_debug_msgs/msg/detail/int64_multi_array_stamped__traits.hpp
[15.888s] -- Up-to-date symlink: /home/autoware/aichallenge2023-integration-final-main/install/tier4_debug_msgs/include/tier4_debug_msgs/tier4_debug_msgs/msg/detail/int64_stamped__builder.hpp
[15.888s] -- Up-to-date symlink: /home/autoware/aichallenge2023-integration-final-main/install/tier4_debug_msgs/include/tier4_debug_msgs/tier4_debug_msgs/msg/detail/int64_stamped__struct.hpp
[15.888s] -- Up-to-date symlink: /home/autoware/aichallenge2023-integration-final-main/install/tier4_debug_msgs/include/tier4_debug_msgs/tier4_debug_msgs/msg/detail/int64_stamped__traits.hpp
[15.888s] -- Up-to-date symlink: /home/autoware/aichallenge2023-integration-final-main/install/tier4_debug_msgs/include/tier4_debug_msgs/tier4_debug_msgs/msg/detail/multi_array_dimension__builder.hpp
[15.888s] -- Up-to-date symlink: /home/autoware/aichallenge2023-integration-final-main/install/tier4_debug_msgs/include/tier4_debug_msgs/tier4_debug_msgs/msg/detail/multi_array_dimension__struct.hpp
[15.888s] -- Up-to-date symlink: /home/autoware/aichallenge2023-integration-final-main/install/tier4_debug_msgs/include/tier4_debug_msgs/tier4_debug_msgs/msg/detail/multi_array_dimension__traits.hpp
[15.888s] -- Up-to-date symlink: /home/autoware/aichallenge2023-integration-final-main/install/tier4_debug_msgs/include/tier4_debug_msgs/tier4_debug_msgs/msg/detail/multi_array_layout__builder.hpp
[15.888s] -- Up-to-date symlink: /home/autoware/aichallenge2023-integration-final-main/install/tier4_debug_msgs/include/tier4_debug_msgs/tier4_debug_msgs/msg/detail/multi_array_layout__struct.hpp
[15.888s] -- Up-to-date symlink: /home/autoware/aichallenge2023-integration-final-main/install/tier4_debug_msgs/include/tier4_debug_msgs/tier4_debug_msgs/msg/detail/multi_array_layout__traits.hpp
[15.888s] -- Up-to-date symlink: /home/autoware/aichallenge2023-integration-final-main/install/tier4_debug_msgs/include/tier4_debug_msgs/tier4_debug_msgs/msg/detail/string_stamped__builder.hpp
[15.888s] -- Up-to-date symlink: /home/autoware/aichallenge2023-integration-final-main/install/tier4_debug_msgs/include/tier4_debug_msgs/tier4_debug_msgs/msg/detail/string_stamped__struct.hpp
[15.888s] -- Up-to-date symlink: /home/autoware/aichallenge2023-integration-final-main/install/tier4_debug_msgs/include/tier4_debug_msgs/tier4_debug_msgs/msg/detail/string_stamped__traits.hpp
[15.888s] -- Up-to-date symlink: /home/autoware/aichallenge2023-integration-final-main/install/tier4_debug_msgs/include/tier4_debug_msgs/tier4_debug_msgs/msg/float32_multi_array_stamped.hpp
[15.888s] -- Up-to-date symlink: /home/autoware/aichallenge2023-integration-final-main/install/tier4_debug_msgs/include/tier4_debug_msgs/tier4_debug_msgs/msg/float32_stamped.hpp
[15.888s] -- Up-to-date symlink: /home/autoware/aichallenge2023-integration-final-main/install/tier4_debug_msgs/include/tier4_debug_msgs/tier4_debug_msgs/msg/float64_multi_array_stamped.hpp
[15.888s] -- Up-to-date symlink: /home/autoware/aichallenge2023-integration-final-main/install/tier4_debug_msgs/include/tier4_debug_msgs/tier4_debug_msgs/msg/float64_stamped.hpp
[15.888s] -- Up-to-date symlink: /home/autoware/aichallenge2023-integration-final-main/install/tier4_debug_msgs/include/tier4_debug_msgs/tier4_debug_msgs/msg/int32_multi_array_stamped.hpp
[15.889s] -- Up-to-date symlink: /home/autoware/aichallenge2023-integration-final-main/install/tier4_debug_msgs/include/tier4_debug_msgs/tier4_debug_msgs/msg/int32_stamped.hpp
[15.889s] -- Up-to-date symlink: /home/autoware/aichallenge2023-integration-final-main/install/tier4_debug_msgs/include/tier4_debug_msgs/tier4_debug_msgs/msg/int64_multi_array_stamped.hpp
[15.889s] -- Up-to-date symlink: /home/autoware/aichallenge2023-integration-final-main/install/tier4_debug_msgs/include/tier4_debug_msgs/tier4_debug_msgs/msg/int64_stamped.hpp
[15.889s] -- Up-to-date symlink: /home/autoware/aichallenge2023-integration-final-main/install/tier4_debug_msgs/include/tier4_debug_msgs/tier4_debug_msgs/msg/multi_array_dimension.hpp
[15.889s] -- Up-to-date symlink: /home/autoware/aichallenge2023-integration-final-main/install/tier4_debug_msgs/include/tier4_debug_msgs/tier4_debug_msgs/msg/multi_array_layout.hpp
[15.889s] -- Up-to-date symlink: /home/autoware/aichallenge2023-integration-final-main/install/tier4_debug_msgs/include/tier4_debug_msgs/tier4_debug_msgs/msg/string_stamped.hpp
[15.889s] -- Up-to-date symlink: /home/autoware/aichallenge2023-integration-final-main/install/tier4_debug_msgs/include/tier4_debug_msgs/tier4_debug_msgs/msg/detail/bool_stamped__rosidl_typesupport_fastrtps_cpp.hpp
[15.889s] -- Up-to-date symlink: /home/autoware/aichallenge2023-integration-final-main/install/tier4_debug_msgs/include/tier4_debug_msgs/tier4_debug_msgs/msg/detail/float32_multi_array_stamped__rosidl_typesupport_fastrtps_cpp.hpp
[15.889s] -- Up-to-date symlink: /home/autoware/aichallenge2023-integration-final-main/install/tier4_debug_msgs/include/tier4_debug_msgs/tier4_debug_msgs/msg/detail/float32_stamped__rosidl_typesupport_fastrtps_cpp.hpp
[15.889s] -- Up-to-date symlink: /home/autoware/aichallenge2023-integration-final-main/install/tier4_debug_msgs/include/tier4_debug_msgs/tier4_debug_msgs/msg/detail/float64_multi_array_stamped__rosidl_typesupport_fastrtps_cpp.hpp
[15.889s] -- Up-to-date symlink: /home/autoware/aichallenge2023-integration-final-main/install/tier4_debug_msgs/include/tier4_debug_msgs/tier4_debug_msgs/msg/detail/float64_stamped__rosidl_typesupport_fastrtps_cpp.hpp
[15.889s] -- Up-to-date symlink: /home/autoware/aichallenge2023-integration-final-main/install/tier4_debug_msgs/include/tier4_debug_msgs/tier4_debug_msgs/msg/detail/int32_multi_array_stamped__rosidl_typesupport_fastrtps_cpp.hpp
[15.889s] -- Up-to-date symlink: /home/autoware/aichallenge2023-integration-final-main/install/tier4_debug_msgs/include/tier4_debug_msgs/tier4_debug_msgs/msg/detail/int32_stamped__rosidl_typesupport_fastrtps_cpp.hpp
[15.889s] -- Up-to-date symlink: /home/autoware/aichallenge2023-integration-final-main/install/tier4_debug_msgs/include/tier4_debug_msgs/tier4_debug_msgs/msg/detail/int64_multi_array_stamped__rosidl_typesupport_fastrtps_cpp.hpp
[15.889s] -- Up-to-date symlink: /home/autoware/aichallenge2023-integration-final-main/install/tier4_debug_msgs/include/tier4_debug_msgs/tier4_debug_msgs/msg/detail/int64_stamped__rosidl_typesupport_fastrtps_cpp.hpp
[15.889s] -- Up-to-date symlink: /home/autoware/aichallenge2023-integration-final-main/install/tier4_debug_msgs/include/tier4_debug_msgs/tier4_debug_msgs/msg/detail/multi_array_dimension__rosidl_typesupport_fastrtps_cpp.hpp
[15.889s] -- Up-to-date symlink: /home/autoware/aichallenge2023-integration-final-main/install/tier4_debug_msgs/include/tier4_debug_msgs/tier4_debug_msgs/msg/detail/multi_array_layout__rosidl_typesupport_fastrtps_cpp.hpp
[15.890s] -- Up-to-date symlink: /home/autoware/aichallenge2023-integration-final-main/install/tier4_debug_msgs/include/tier4_debug_msgs/tier4_debug_msgs/msg/detail/string_stamped__rosidl_typesupport_fastrtps_cpp.hpp
[15.890s] -- Up-to-date symlink: /home/autoware/aichallenge2023-integration-final-main/install/tier4_debug_msgs/include/tier4_debug_msgs/tier4_debug_msgs/msg/rosidl_typesupport_fastrtps_cpp__visibility_control.h
[15.890s] -- Up-to-date symlink: /home/autoware/aichallenge2023-integration-final-main/install/tier4_debug_msgs/include/tier4_debug_msgs/tier4_debug_msgs/msg/detail/bool_stamped__rosidl_typesupport_introspection_cpp.hpp
[15.890s] -- Up-to-date symlink: /home/autoware/aichallenge2023-integration-final-main/install/tier4_debug_msgs/include/tier4_debug_msgs/tier4_debug_msgs/msg/detail/float32_multi_array_stamped__rosidl_typesupport_introspection_cpp.hpp
[15.890s] -- Up-to-date symlink: /home/autoware/aichallenge2023-integration-final-main/install/tier4_debug_msgs/include/tier4_debug_msgs/tier4_debug_msgs/msg/detail/float32_stamped__rosidl_typesupport_introspection_cpp.hpp
[15.890s] -- Up-to-date symlink: /home/autoware/aichallenge2023-integration-final-main/install/tier4_debug_msgs/include/tier4_debug_msgs/tier4_debug_msgs/msg/detail/float64_multi_array_stamped__rosidl_typesupport_introspection_cpp.hpp
[15.890s] -- Up-to-date symlink: /home/autoware/aichallenge2023-integration-final-main/install/tier4_debug_msgs/include/tier4_debug_msgs/tier4_debug_msgs/msg/detail/float64_stamped__rosidl_typesupport_introspection_cpp.hpp
[15.890s] -- Up-to-date symlink: /home/autoware/aichallenge2023-integration-final-main/install/tier4_debug_msgs/include/tier4_debug_msgs/tier4_debug_msgs/msg/detail/int32_multi_array_stamped__rosidl_typesupport_introspection_cpp.hpp
[15.890s] -- Up-to-date symlink: /home/autoware/aichallenge2023-integration-final-main/install/tier4_debug_msgs/include/tier4_debug_msgs/tier4_debug_msgs/msg/detail/int32_stamped__rosidl_typesupport_introspection_cpp.hpp
[15.890s] -- Up-to-date symlink: /home/autoware/aichallenge2023-integration-final-main/install/tier4_debug_msgs/include/tier4_debug_msgs/tier4_debug_msgs/msg/detail/int64_multi_array_stamped__rosidl_typesupport_introspection_cpp.hpp
[15.890s] -- Up-to-date symlink: /home/autoware/aichallenge2023-integration-final-main/install/tier4_debug_msgs/include/tier4_debug_msgs/tier4_debug_msgs/msg/detail/int64_stamped__rosidl_typesupport_introspection_cpp.hpp
[15.890s] -- Up-to-date symlink: /home/autoware/aichallenge2023-integration-final-main/install/tier4_debug_msgs/include/tier4_debug_msgs/tier4_debug_msgs/msg/detail/multi_array_dimension__rosidl_typesupport_introspection_cpp.hpp
[15.890s] -- Up-to-date symlink: /home/autoware/aichallenge2023-integration-final-main/install/tier4_debug_msgs/include/tier4_debug_msgs/tier4_debug_msgs/msg/detail/multi_array_layout__rosidl_typesupport_introspection_cpp.hpp
[15.890s] -- Up-to-date symlink: /home/autoware/aichallenge2023-integration-final-main/install/tier4_debug_msgs/include/tier4_debug_msgs/tier4_debug_msgs/msg/detail/string_stamped__rosidl_typesupport_introspection_cpp.hpp
[15.890s] -- Up-to-date symlink: /home/autoware/aichallenge2023-integration-final-main/install/tier4_debug_msgs/share/tier4_debug_msgs/environment/pythonpath.sh
[15.890s] -- Up-to-date symlink: /home/autoware/aichallenge2023-integration-final-main/install/tier4_debug_msgs/share/tier4_debug_msgs/environment/pythonpath.dsv
[15.890s] -- Up-to-date symlink: /home/autoware/aichallenge2023-integration-final-main/install/tier4_debug_msgs/local/lib/python3.10/dist-packages/tier4_debug_msgs-0.1.0-py3.10.egg-info/PKG-INFO
[15.891s] -- Up-to-date symlink: /home/autoware/aichallenge2023-integration-final-main/install/tier4_debug_msgs/local/lib/python3.10/dist-packages/tier4_debug_msgs-0.1.0-py3.10.egg-info/SOURCES.txt
[15.891s] -- Up-to-date symlink: /home/autoware/aichallenge2023-integration-final-main/install/tier4_debug_msgs/local/lib/python3.10/dist-packages/tier4_debug_msgs-0.1.0-py3.10.egg-info/dependency_links.txt
[15.891s] -- Up-to-date symlink: /home/autoware/aichallenge2023-integration-final-main/install/tier4_debug_msgs/local/lib/python3.10/dist-packages/tier4_debug_msgs-0.1.0-py3.10.egg-info/top_level.txt
[15.891s] -- Up-to-date symlink: /home/autoware/aichallenge2023-integration-final-main/install/tier4_debug_msgs/local/lib/python3.10/dist-packages/tier4_debug_msgs/__init__.py
[15.891s] -- Up-to-date symlink: /home/autoware/aichallenge2023-integration-final-main/install/tier4_debug_msgs/local/lib/python3.10/dist-packages/tier4_debug_msgs/_tier4_debug_msgs_s.ep.rosidl_typesupport_c.c
[15.891s] -- Up-to-date symlink: /home/autoware/aichallenge2023-integration-final-main/install/tier4_debug_msgs/local/lib/python3.10/dist-packages/tier4_debug_msgs/_tier4_debug_msgs_s.ep.rosidl_typesupport_fastrtps_c.c
[15.891s] -- Up-to-date symlink: /home/autoware/aichallenge2023-integration-final-main/install/tier4_debug_msgs/local/lib/python3.10/dist-packages/tier4_debug_msgs/_tier4_debug_msgs_s.ep.rosidl_typesupport_introspection_c.c
[15.891s] -- Up-to-date symlink: /home/autoware/aichallenge2023-integration-final-main/install/tier4_debug_msgs/local/lib/python3.10/dist-packages/tier4_debug_msgs/libtier4_debug_msgs__rosidl_generator_py.so
[15.891s] -- Up-to-date symlink: /home/autoware/aichallenge2023-integration-final-main/install/tier4_debug_msgs/local/lib/python3.10/dist-packages/tier4_debug_msgs/msg/__init__.py
[15.891s] -- Up-to-date symlink: /home/autoware/aichallenge2023-integration-final-main/install/tier4_debug_msgs/local/lib/python3.10/dist-packages/tier4_debug_msgs/msg/_bool_stamped.py
[15.891s] -- Up-to-date symlink: /home/autoware/aichallenge2023-integration-final-main/install/tier4_debug_msgs/local/lib/python3.10/dist-packages/tier4_debug_msgs/msg/_bool_stamped_s.c
[15.891s] -- Up-to-date symlink: /home/autoware/aichallenge2023-integration-final-main/install/tier4_debug_msgs/local/lib/python3.10/dist-packages/tier4_debug_msgs/msg/_float32_multi_array_stamped.py
[15.891s] -- Up-to-date symlink: /home/autoware/aichallenge2023-integration-final-main/install/tier4_debug_msgs/local/lib/python3.10/dist-packages/tier4_debug_msgs/msg/_float32_multi_array_stamped_s.c
[15.891s] -- Up-to-date symlink: /home/autoware/aichallenge2023-integration-final-main/install/tier4_debug_msgs/local/lib/python3.10/dist-packages/tier4_debug_msgs/msg/_float32_stamped.py
[15.891s] -- Up-to-date symlink: /home/autoware/aichallenge2023-integration-final-main/install/tier4_debug_msgs/local/lib/python3.10/dist-packages/tier4_debug_msgs/msg/_float32_stamped_s.c
[15.891s] -- Up-to-date symlink: /home/autoware/aichallenge2023-integration-final-main/install/tier4_debug_msgs/local/lib/python3.10/dist-packages/tier4_debug_msgs/msg/_float64_multi_array_stamped.py
[15.891s] -- Up-to-date symlink: /home/autoware/aichallenge2023-integration-final-main/install/tier4_debug_msgs/local/lib/python3.10/dist-packages/tier4_debug_msgs/msg/_float64_multi_array_stamped_s.c
[15.892s] -- Up-to-date symlink: /home/autoware/aichallenge2023-integration-final-main/install/tier4_debug_msgs/local/lib/python3.10/dist-packages/tier4_debug_msgs/msg/_float64_stamped.py
[15.892s] -- Up-to-date symlink: /home/autoware/aichallenge2023-integration-final-main/install/tier4_debug_msgs/local/lib/python3.10/dist-packages/tier4_debug_msgs/msg/_float64_stamped_s.c
[15.892s] -- Up-to-date symlink: /home/autoware/aichallenge2023-integration-final-main/install/tier4_debug_msgs/local/lib/python3.10/dist-packages/tier4_debug_msgs/msg/_int32_multi_array_stamped.py
[15.892s] -- Up-to-date symlink: /home/autoware/aichallenge2023-integration-final-main/install/tier4_debug_msgs/local/lib/python3.10/dist-packages/tier4_debug_msgs/msg/_int32_multi_array_stamped_s.c
[15.892s] -- Up-to-date symlink: /home/autoware/aichallenge2023-integration-final-main/install/tier4_debug_msgs/local/lib/python3.10/dist-packages/tier4_debug_msgs/msg/_int32_stamped.py
[15.892s] -- Up-to-date symlink: /home/autoware/aichallenge2023-integration-final-main/install/tier4_debug_msgs/local/lib/python3.10/dist-packages/tier4_debug_msgs/msg/_int32_stamped_s.c
[15.892s] -- Up-to-date symlink: /home/autoware/aichallenge2023-integration-final-main/install/tier4_debug_msgs/local/lib/python3.10/dist-packages/tier4_debug_msgs/msg/_int64_multi_array_stamped.py
[15.892s] -- Up-to-date symlink: /home/autoware/aichallenge2023-integration-final-main/install/tier4_debug_msgs/local/lib/python3.10/dist-packages/tier4_debug_msgs/msg/_int64_multi_array_stamped_s.c
[15.892s] -- Up-to-date symlink: /home/autoware/aichallenge2023-integration-final-main/install/tier4_debug_msgs/local/lib/python3.10/dist-packages/tier4_debug_msgs/msg/_int64_stamped.py
[15.892s] -- Up-to-date symlink: /home/autoware/aichallenge2023-integration-final-main/install/tier4_debug_msgs/local/lib/python3.10/dist-packages/tier4_debug_msgs/msg/_int64_stamped_s.c
[15.892s] -- Up-to-date symlink: /home/autoware/aichallenge2023-integration-final-main/install/tier4_debug_msgs/local/lib/python3.10/dist-packages/tier4_debug_msgs/msg/_multi_array_dimension.py
[15.892s] -- Up-to-date symlink: /home/autoware/aichallenge2023-integration-final-main/install/tier4_debug_msgs/local/lib/python3.10/dist-packages/tier4_debug_msgs/msg/_multi_array_dimension_s.c
[15.892s] -- Up-to-date symlink: /home/autoware/aichallenge2023-integration-final-main/install/tier4_debug_msgs/local/lib/python3.10/dist-packages/tier4_debug_msgs/msg/_multi_array_layout.py
[15.892s] -- Up-to-date symlink: /home/autoware/aichallenge2023-integration-final-main/install/tier4_debug_msgs/local/lib/python3.10/dist-packages/tier4_debug_msgs/msg/_multi_array_layout_s.c
[15.892s] -- Up-to-date symlink: /home/autoware/aichallenge2023-integration-final-main/install/tier4_debug_msgs/local/lib/python3.10/dist-packages/tier4_debug_msgs/msg/_string_stamped.py
[15.892s] -- Up-to-date symlink: /home/autoware/aichallenge2023-integration-final-main/install/tier4_debug_msgs/local/lib/python3.10/dist-packages/tier4_debug_msgs/msg/_string_stamped_s.c
[15.892s] -- Up-to-date symlink: /home/autoware/aichallenge2023-integration-final-main/install/tier4_debug_msgs/local/lib/python3.10/dist-packages/tier4_debug_msgs/tier4_debug_msgs_s__rosidl_typesupport_c.cpython-310-x86_64-linux-gnu.so
[15.892s] -- Up-to-date symlink: /home/autoware/aichallenge2023-integration-final-main/install/tier4_debug_msgs/local/lib/python3.10/dist-packages/tier4_debug_msgs/tier4_debug_msgs_s__rosidl_typesupport_fastrtps_c.cpython-310-x86_64-linux-gnu.so
[15.892s] -- Up-to-date symlink: /home/autoware/aichallenge2023-integration-final-main/install/tier4_debug_msgs/local/lib/python3.10/dist-packages/tier4_debug_msgs/tier4_debug_msgs_s__rosidl_typesupport_introspection_c.cpython-310-x86_64-linux-gnu.so
[15.893s] -- Up-to-date symlink: /home/autoware/aichallenge2023-integration-final-main/install/tier4_debug_msgs/local/lib/python3.10/dist-packages/tier4_debug_msgs/tier4_debug_msgs_s__rosidl_typesupport_fastrtps_c.cpython-310-x86_64-linux-gnu.so
[15.893s] -- Up-to-date symlink: /home/autoware/aichallenge2023-integration-final-main/install/tier4_debug_msgs/local/lib/python3.10/dist-packages/tier4_debug_msgs/tier4_debug_msgs_s__rosidl_typesupport_introspection_c.cpython-310-x86_64-linux-gnu.so
[15.893s] -- Up-to-date symlink: /home/autoware/aichallenge2023-integration-final-main/install/tier4_debug_msgs/local/lib/python3.10/dist-packages/tier4_debug_msgs/tier4_debug_msgs_s__rosidl_typesupport_c.cpython-310-x86_64-linux-gnu.so
[15.893s] -- Up-to-date symlink: /home/autoware/aichallenge2023-integration-final-main/install/tier4_debug_msgs/share/tier4_debug_msgs/msg/MultiArrayDimension.idl
[15.893s] -- Up-to-date symlink: /home/autoware/aichallenge2023-integration-final-main/install/tier4_debug_msgs/share/tier4_debug_msgs/msg/MultiArrayLayout.idl
[15.893s] -- Up-to-date symlink: /home/autoware/aichallenge2023-integration-final-main/install/tier4_debug_msgs/share/tier4_debug_msgs/msg/BoolStamped.idl
[15.893s] -- Up-to-date symlink: /home/autoware/aichallenge2023-integration-final-main/install/tier4_debug_msgs/share/tier4_debug_msgs/msg/Float32Stamped.idl
[15.893s] -- Up-to-date symlink: /home/autoware/aichallenge2023-integration-final-main/install/tier4_debug_msgs/share/tier4_debug_msgs/msg/Float32MultiArrayStamped.idl
[15.893s] -- Up-to-date symlink: /home/autoware/aichallenge2023-integration-final-main/install/tier4_debug_msgs/share/tier4_debug_msgs/msg/Float64Stamped.idl
[15.893s] -- Up-to-date symlink: /home/autoware/aichallenge2023-integration-final-main/install/tier4_debug_msgs/share/tier4_debug_msgs/msg/Float64MultiArrayStamped.idl
[15.893s] -- Up-to-date symlink: /home/autoware/aichallenge2023-integration-final-main/install/tier4_debug_msgs/share/tier4_debug_msgs/msg/Int32Stamped.idl
[15.893s] -- Up-to-date symlink: /home/autoware/aichallenge2023-integration-final-main/install/tier4_debug_msgs/share/tier4_debug_msgs/msg/Int32MultiArrayStamped.idl
[15.893s] -- Up-to-date symlink: /home/autoware/aichallenge2023-integration-final-main/install/tier4_debug_msgs/share/tier4_debug_msgs/msg/Int64Stamped.idl
[15.893s] -- Up-to-date symlink: /home/autoware/aichallenge2023-integration-final-main/install/tier4_debug_msgs/share/tier4_debug_msgs/msg/Int64MultiArrayStamped.idl
[15.893s] -- Up-to-date symlink: /home/autoware/aichallenge2023-integration-final-main/install/tier4_debug_msgs/share/tier4_debug_msgs/msg/StringStamped.idl
[15.893s] -- Up-to-date symlink: /home/autoware/aichallenge2023-integration-final-main/install/tier4_debug_msgs/share/tier4_debug_msgs/msg/MultiArrayDimension.msg
[15.893s] -- Up-to-date symlink: /home/autoware/aichallenge2023-integration-final-main/install/tier4_debug_msgs/share/tier4_debug_msgs/msg/MultiArrayLayout.msg
[15.893s] -- Up-to-date symlink: /home/autoware/aichallenge2023-integration-final-main/install/tier4_debug_msgs/share/tier4_debug_msgs/msg/BoolStamped.msg
[15.893s] -- Up-to-date symlink: /home/autoware/aichallenge2023-integration-final-main/install/tier4_debug_msgs/share/tier4_debug_msgs/msg/Float32Stamped.msg
[15.893s] -- Up-to-date symlink: /home/autoware/aichallenge2023-integration-final-main/install/tier4_debug_msgs/share/tier4_debug_msgs/msg/Float32MultiArrayStamped.msg
[15.893s] -- Up-to-date symlink: /home/autoware/aichallenge2023-integration-final-main/install/tier4_debug_msgs/share/tier4_debug_msgs/msg/Float64Stamped.msg
[15.893s] -- Up-to-date symlink: /home/autoware/aichallenge2023-integration-final-main/install/tier4_debug_msgs/share/tier4_debug_msgs/msg/Float64MultiArrayStamped.msg
[15.894s] -- Up-to-date symlink: /home/autoware/aichallenge2023-integration-final-main/install/tier4_debug_msgs/share/tier4_debug_msgs/msg/Int32Stamped.msg
[15.894s] -- Up-to-date symlink: /home/autoware/aichallenge2023-integration-final-main/install/tier4_debug_msgs/share/tier4_debug_msgs/msg/Int32MultiArrayStamped.msg
[15.894s] -- Up-to-date symlink: /home/autoware/aichallenge2023-integration-final-main/install/tier4_debug_msgs/share/tier4_debug_msgs/msg/Int64Stamped.msg
[15.894s] -- Up-to-date symlink: /home/autoware/aichallenge2023-integration-final-main/install/tier4_debug_msgs/share/tier4_debug_msgs/msg/Int64MultiArrayStamped.msg
[15.894s] -- Up-to-date symlink: /home/autoware/aichallenge2023-integration-final-main/install/tier4_debug_msgs/share/tier4_debug_msgs/msg/StringStamped.msg
[15.894s] -- Up-to-date symlink: /home/autoware/aichallenge2023-integration-final-main/install/tier4_debug_msgs/share/ament_index/resource_index/package_run_dependencies/tier4_debug_msgs
[15.894s] -- Up-to-date symlink: /home/autoware/aichallenge2023-integration-final-main/install/tier4_debug_msgs/share/ament_index/resource_index/parent_prefix_path/tier4_debug_msgs
[15.894s] -- Up-to-date symlink: /home/autoware/aichallenge2023-integration-final-main/install/tier4_debug_msgs/share/tier4_debug_msgs/environment/ament_prefix_path.sh
[15.894s] -- Up-to-date symlink: /home/autoware/aichallenge2023-integration-final-main/install/tier4_debug_msgs/share/tier4_debug_msgs/environment/ament_prefix_path.dsv
[15.894s] -- Up-to-date symlink: /home/autoware/aichallenge2023-integration-final-main/install/tier4_debug_msgs/share/tier4_debug_msgs/environment/path.sh
[15.894s] -- Up-to-date symlink: /home/autoware/aichallenge2023-integration-final-main/install/tier4_debug_msgs/share/tier4_debug_msgs/environment/path.dsv
[15.894s] -- Up-to-date symlink: /home/autoware/aichallenge2023-integration-final-main/install/tier4_debug_msgs/share/tier4_debug_msgs/local_setup.bash
[15.894s] -- Up-to-date symlink: /home/autoware/aichallenge2023-integration-final-main/install/tier4_debug_msgs/share/tier4_debug_msgs/local_setup.sh
[15.894s] -- Up-to-date symlink: /home/autoware/aichallenge2023-integration-final-main/install/tier4_debug_msgs/share/tier4_debug_msgs/local_setup.zsh
[15.894s] -- Up-to-date symlink: /home/autoware/aichallenge2023-integration-final-main/install/tier4_debug_msgs/share/tier4_debug_msgs/local_setup.dsv
[15.894s] -- Symlinking: /home/autoware/aichallenge2023-integration-final-main/install/tier4_debug_msgs/share/tier4_debug_msgs/package.dsv
[15.939s] -- Up-to-date symlink: /home/autoware/aichallenge2023-integration-final-main/install/tier4_debug_msgs/share/ament_index/resource_index/packages/tier4_debug_msgs
[15.940s] -- Up-to-date symlink: /home/autoware/aichallenge2023-integration-final-main/install/tier4_debug_msgs/share/tier4_debug_msgs/cmake/rosidl_cmake-extras.cmake
[15.940s] -- Up-to-date symlink: /home/autoware/aichallenge2023-integration-final-main/install/tier4_debug_msgs/share/tier4_debug_msgs/cmake/ament_cmake_export_dependencies-extras.cmake
[15.940s] -- Up-to-date symlink: /home/autoware/aichallenge2023-integration-final-main/install/tier4_debug_msgs/share/tier4_debug_msgs/cmake/ament_cmake_export_include_directories-extras.cmake
[15.940s] -- Up-to-date symlink: /home/autoware/aichallenge2023-integration-final-main/install/tier4_debug_msgs/share/tier4_debug_msgs/cmake/ament_cmake_export_libraries-extras.cmake
[15.940s] -- Up-to-date symlink: /home/autoware/aichallenge2023-integration-final-main/install/tier4_debug_msgs/share/tier4_debug_msgs/cmake/ament_cmake_export_targets-extras.cmake
[15.940s] -- Up-to-date symlink: /home/autoware/aichallenge2023-integration-final-main/install/tier4_debug_msgs/share/tier4_debug_msgs/cmake/rosidl_cmake_export_typesupport_targets-extras.cmake
[15.940s] -- Up-to-date symlink: /home/autoware/aichallenge2023-integration-final-main/install/tier4_debug_msgs/share/tier4_debug_msgs/cmake/rosidl_cmake_export_typesupport_libraries-extras.cmake
[15.940s] -- Up-to-date symlink: /home/autoware/aichallenge2023-integration-final-main/install/tier4_debug_msgs/share/tier4_debug_msgs/cmake/tier4_debug_msgsConfig.cmake
[15.940s] -- Up-to-date symlink: /home/autoware/aichallenge2023-integration-final-main/install/tier4_debug_msgs/share/tier4_debug_msgs/cmake/tier4_debug_msgsConfig-version.cmake
[15.940s] -- Up-to-date symlink: /home/autoware/aichallenge2023-integration-final-main/install/tier4_debug_msgs/share/tier4_debug_msgs/package.xml
[15.940s] -- Up-to-date: /home/autoware/aichallenge2023-integration-final-main/install/tier4_debug_msgs/lib/libtier4_debug_msgs__rosidl_generator_c.so
[15.940s] -- Up-to-date: /home/autoware/aichallenge2023-integration-final-main/install/tier4_debug_msgs/lib/libtier4_debug_msgs__rosidl_typesupport_fastrtps_c.so
[15.940s] -- Up-to-date: /home/autoware/aichallenge2023-integration-final-main/install/tier4_debug_msgs/lib/libtier4_debug_msgs__rosidl_typesupport_introspection_c.so
[15.940s] -- Up-to-date: /home/autoware/aichallenge2023-integration-final-main/install/tier4_debug_msgs/lib/libtier4_debug_msgs__rosidl_typesupport_c.so
[15.940s] -- Up-to-date: /home/autoware/aichallenge2023-integration-final-main/install/tier4_debug_msgs/lib/libtier4_debug_msgs__rosidl_typesupport_fastrtps_cpp.so
[15.940s] -- Up-to-date: /home/autoware/aichallenge2023-integration-final-main/install/tier4_debug_msgs/lib/libtier4_debug_msgs__rosidl_typesupport_introspection_cpp.so
[15.941s] -- Up-to-date: /home/autoware/aichallenge2023-integration-final-main/install/tier4_debug_msgs/lib/libtier4_debug_msgs__rosidl_typesupport_cpp.so
[16.120s] Listing '/home/autoware/aichallenge2023-integration-final-main/install/tier4_debug_msgs/local/lib/python3.10/dist-packages/tier4_debug_msgs'...
[16.120s] Compiling '/home/autoware/aichallenge2023-integration-final-main/install/tier4_debug_msgs/local/lib/python3.10/dist-packages/tier4_debug_msgs/__init__.py'...
[16.120s] Listing '/home/autoware/aichallenge2023-integration-final-main/install/tier4_debug_msgs/local/lib/python3.10/dist-packages/tier4_debug_msgs/msg'...
[16.121s] -- Up-to-date: /home/autoware/aichallenge2023-integration-final-main/install/tier4_debug_msgs/lib/libtier4_debug_msgs__rosidl_generator_py.so
[16.121s] -- Up-to-date: /home/autoware/aichallenge2023-integration-final-main/install/tier4_debug_msgs/share/tier4_debug_msgs/cmake/export_tier4_debug_msgs__rosidl_generator_cExport.cmake
[16.121s] -- Up-to-date: /home/autoware/aichallenge2023-integration-final-main/install/tier4_debug_msgs/share/tier4_debug_msgs/cmake/export_tier4_debug_msgs__rosidl_generator_cExport-release.cmake
[16.121s] -- Up-to-date: /home/autoware/aichallenge2023-integration-final-main/install/tier4_debug_msgs/share/tier4_debug_msgs/cmake/export_tier4_debug_msgs__rosidl_typesupport_fastrtps_cExport.cmake
[16.121s] -- Up-to-date: /home/autoware/aichallenge2023-integration-final-main/install/tier4_debug_msgs/share/tier4_debug_msgs/cmake/export_tier4_debug_msgs__rosidl_typesupport_fastrtps_cExport-release.cmake
[16.121s] -- Up-to-date: /home/autoware/aichallenge2023-integration-final-main/install/tier4_debug_msgs/share/tier4_debug_msgs/cmake/tier4_debug_msgs__rosidl_typesupport_introspection_cExport.cmake
[16.121s] -- Up-to-date: /home/autoware/aichallenge2023-integration-final-main/install/tier4_debug_msgs/share/tier4_debug_msgs/cmake/tier4_debug_msgs__rosidl_typesupport_introspection_cExport-release.cmake
[16.121s] -- Up-to-date: /home/autoware/aichallenge2023-integration-final-main/install/tier4_debug_msgs/share/tier4_debug_msgs/cmake/tier4_debug_msgs__rosidl_typesupport_cExport.cmake
[16.121s] -- Up-to-date: /home/autoware/aichallenge2023-integration-final-main/install/tier4_debug_msgs/share/tier4_debug_msgs/cmake/tier4_debug_msgs__rosidl_typesupport_cExport-release.cmake
[16.121s] -- Up-to-date: /home/autoware/aichallenge2023-integration-final-main/install/tier4_debug_msgs/share/tier4_debug_msgs/cmake/export_tier4_debug_msgs__rosidl_generator_cppExport.cmake
[16.121s] -- Up-to-date: /home/autoware/aichallenge2023-integration-final-main/install/tier4_debug_msgs/share/tier4_debug_msgs/cmake/export_tier4_debug_msgs__rosidl_typesupport_fastrtps_cppExport.cmake
[16.121s] -- Up-to-date: /home/autoware/aichallenge2023-integration-final-main/install/tier4_debug_msgs/share/tier4_debug_msgs/cmake/export_tier4_debug_msgs__rosidl_typesupport_fastrtps_cppExport-release.cmake
[16.121s] -- Up-to-date: /home/autoware/aichallenge2023-integration-final-main/install/tier4_debug_msgs/share/tier4_debug_msgs/cmake/tier4_debug_msgs__rosidl_typesupport_introspection_cppExport.cmake
[16.121s] -- Up-to-date: /home/autoware/aichallenge2023-integration-final-main/install/tier4_debug_msgs/share/tier4_debug_msgs/cmake/tier4_debug_msgs__rosidl_typesupport_introspection_cppExport-release.cmake
[16.121s] -- Up-to-date: /home/autoware/aichallenge2023-integration-final-main/install/tier4_debug_msgs/share/tier4_debug_msgs/cmake/tier4_debug_msgs__rosidl_typesupport_cppExport.cmake
[16.121s] -- Up-to-date: /home/autoware/aichallenge2023-integration-final-main/install/tier4_debug_msgs/share/tier4_debug_msgs/cmake/tier4_debug_msgs__rosidl_typesupport_cppExport-release.cmake
[16.122s] -- Up-to-date: /home/autoware/aichallenge2023-integration-final-main/install/tier4_debug_msgs/share/tier4_debug_msgs/cmake/export_tier4_debug_msgs__rosidl_generator_pyExport.cmake
[16.122s] -- Up-to-date: /home/autoware/aichallenge2023-integration-final-main/install/tier4_debug_msgs/share/tier4_debug_msgs/cmake/export_tier4_debug_msgs__rosidl_generator_pyExport-release.cmake
[16.122s] Invoked command in '/home/autoware/aichallenge2023-integration-final-main/build/tier4_debug_msgs' returned '0': CMAKE_PREFIX_PATH=${CMAKE_PREFIX_PATH}:/home/autoware/aichallenge2023-integration-final-main/install/simulator_compatibility_test:/home/autoware/aichallenge2023-integration-final-main/install/ad_api_visualizers:/home/autoware/autoware/install/simulator_compatibility_test:/home/autoware/autoware/install/ad_api_visualizers:/opt/ros/humble /usr/bin/cmake --install /home/autoware/aichallenge2023-integration-final-main/build/tier4_debug_msgs
