[0.128s] Invoking command in '/home/autoware/aichallenge2023-integration-final-main/build/vls_description': CMAKE_PREFIX_PATH=${CMAKE_PREFIX_PATH}:/home/autoware/autoware/install/simulator_compatibility_test:/home/autoware/autoware/install/ad_api_visualizers:/opt/ros/humble /usr/bin/cmake --build /home/autoware/aichallenge2023-integration-final-main/build/vls_description -- -j16 -l16
[0.270s] Invoked command in '/home/autoware/aichallenge2023-integration-final-main/build/vls_description' returned '0': CMAKE_PREFIX_PATH=${CMAKE_PREFIX_PATH}:/home/autoware/autoware/install/simulator_compatibility_test:/home/autoware/autoware/install/ad_api_visualizers:/opt/ros/humble /usr/bin/cmake --build /home/autoware/aichallenge2023-integration-final-main/build/vls_description -- -j16 -l16
[0.501s] Invoking command in '/home/autoware/aichallenge2023-integration-final-main/build/vls_description': CMAKE_PREFIX_PATH=${CMAKE_PREFIX_PATH}:/home/autoware/autoware/install/simulator_compatibility_test:/home/autoware/autoware/install/ad_api_visualizers:/opt/ros/humble /usr/bin/cmake --install /home/autoware/aichallenge2023-integration-final-main/build/vls_description
[0.539s] -- Install configuration: "Release"
[0.541s] -- Execute custom install script
[0.542s] -- Up-to-date symlink: /home/autoware/aichallenge2023-integration-final-main/install/vls_description/share/vls_description/urdf/VLS-128.urdf.xacro
[0.543s] -- Up-to-date symlink: /home/autoware/aichallenge2023-integration-final-main/install/vls_description/share/vls_description/meshes/VLS128_base_1.dae
[0.544s] -- Up-to-date symlink: /home/autoware/aichallenge2023-integration-final-main/install/vls_description/share/vls_description/meshes/VLS128_base_1.stl
[0.544s] -- Up-to-date symlink: /home/autoware/aichallenge2023-integration-final-main/install/vls_description/share/vls_description/meshes/VLS128_base_2.dae
[0.544s] -- Up-to-date symlink: /home/autoware/aichallenge2023-integration-final-main/install/vls_description/share/vls_description/meshes/VLS128_base_2.stl
[0.544s] -- Up-to-date symlink: /home/autoware/aichallenge2023-integration-final-main/install/vls_description/share/vls_description/meshes/VLS128_scan.dae
[0.546s] -- Up-to-date symlink: /home/autoware/aichallenge2023-integration-final-main/install/vls_description/share/vls_description/meshes/VLS128_scan.stl
[0.546s] -- Up-to-date symlink: /home/autoware/aichallenge2023-integration-final-main/install/vls_description/share/ament_index/resource_index/package_run_dependencies/vls_description
[0.546s] -- Up-to-date symlink: /home/autoware/aichallenge2023-integration-final-main/install/vls_description/share/ament_index/resource_index/parent_prefix_path/vls_description
[0.546s] -- Up-to-date symlink: /home/autoware/aichallenge2023-integration-final-main/install/vls_description/share/vls_description/environment/ament_prefix_path.sh
[0.546s] -- Up-to-date symlink: /home/autoware/aichallenge2023-integration-final-main/install/vls_description/share/vls_description/environment/ament_prefix_path.dsv
[0.546s] -- Up-to-date symlink: /home/autoware/aichallenge2023-integration-final-main/install/vls_description/share/vls_description/environment/path.sh
[0.546s] -- Up-to-date symlink: /home/autoware/aichallenge2023-integration-final-main/install/vls_description/share/vls_description/environment/path.dsv
[0.547s] -- Up-to-date symlink: /home/autoware/aichallenge2023-integration-final-main/install/vls_description/share/vls_description/local_setup.bash
[0.547s] -- Up-to-date symlink: /home/autoware/aichallenge2023-integration-final-main/install/vls_description/share/vls_description/local_setup.sh
[0.547s] -- Up-to-date symlink: /home/autoware/aichallenge2023-integration-final-main/install/vls_description/share/vls_description/local_setup.zsh
[0.547s] -- Up-to-date symlink: /home/autoware/aichallenge2023-integration-final-main/install/vls_description/share/vls_description/local_setup.dsv
[0.547s] -- Symlinking: /home/autoware/aichallenge2023-integration-final-main/install/vls_description/share/vls_description/package.dsv
[0.580s] -- Up-to-date symlink: /home/autoware/aichallenge2023-integration-final-main/install/vls_description/share/ament_index/resource_index/packages/vls_description
[0.580s] -- Up-to-date symlink: /home/autoware/aichallenge2023-integration-final-main/install/vls_description/share/vls_description/cmake/vls_descriptionConfig.cmake
[0.580s] -- Up-to-date symlink: /home/autoware/aichallenge2023-integration-final-main/install/vls_description/share/vls_description/cmake/vls_descriptionConfig-version.cmake
[0.580s] -- Up-to-date symlink: /home/autoware/aichallenge2023-integration-final-main/install/vls_description/share/vls_description/package.xml
[0.585s] Invoked command in '/home/autoware/aichallenge2023-integration-final-main/build/vls_description' returned '0': CMAKE_PREFIX_PATH=${CMAKE_PREFIX_PATH}:/home/autoware/autoware/install/simulator_compatibility_test:/home/autoware/autoware/install/ad_api_visualizers:/opt/ros/humble /usr/bin/cmake --install /home/autoware/aichallenge2023-integration-final-main/build/vls_description
