[0.176s] Invoking command in '/home/autoware/aichallenge2023-integration-final-main/build/tier4_rtc_msgs': CMAKE_PREFIX_PATH=${CMAKE_PREFIX_PATH}:/home/autoware/aichallenge2023-integration-final-main/install/simulator_compatibility_test:/home/autoware/aichallenge2023-integration-final-main/install/ad_api_visualizers:/home/autoware/autoware/install/simulator_compatibility_test:/home/autoware/autoware/install/ad_api_visualizers:/opt/ros/humble /usr/bin/cmake --build /home/autoware/aichallenge2023-integration-final-main/build/tier4_rtc_msgs -- -j16 -l16
[0.974s] [  0%] Built target tier4_rtc_msgs__cpp
[0.985s] [  0%] Built target ament_cmake_python_symlink_tier4_rtc_msgs
[1.427s] [ 12%] Built target tier4_rtc_msgs__rosidl_generator_c
[2.127s] [ 24%] Built target tier4_rtc_msgs__rosidl_typesupport_cpp
[2.221s] [ 36%] Built target tier4_rtc_msgs__rosidl_typesupport_c
[2.245s] [ 48%] Built target tier4_rtc_msgs__rosidl_typesupport_introspection_c
[2.268s] [ 59%] Built target tier4_rtc_msgs__rosidl_typesupport_fastrtps_cpp
[2.306s] [ 71%] Built target tier4_rtc_msgs__rosidl_typesupport_introspection_cpp
[2.359s] [ 83%] Built target tier4_rtc_msgs__rosidl_typesupport_fastrtps_c
[2.941s] [ 83%] Built target tier4_rtc_msgs
[3.029s] running egg_info
[3.029s] writing tier4_rtc_msgs.egg-info/PKG-INFO
[3.029s] writing dependency_links to tier4_rtc_msgs.egg-info/dependency_links.txt
[3.031s] writing top-level names to tier4_rtc_msgs.egg-info/top_level.txt
[3.034s] reading manifest file 'tier4_rtc_msgs.egg-info/SOURCES.txt'
[3.035s] writing manifest file 'tier4_rtc_msgs.egg-info/SOURCES.txt'
[3.154s] [ 83%] Built target ament_cmake_python_build_tier4_rtc_msgs_egg
[3.237s] [ 84%] Built target tier4_rtc_msgs__py
[3.556s] [ 95%] Built target tier4_rtc_msgs__rosidl_generator_py
[3.870s] [ 97%] Built target tier4_rtc_msgs__rosidl_typesupport_fastrtps_c__pyext
[3.937s] [ 98%] Built target tier4_rtc_msgs__rosidl_typesupport_c__pyext
[3.967s] [100%] Built target tier4_rtc_msgs__rosidl_typesupport_introspection_c__pyext
[4.035s] Invoked command in '/home/autoware/aichallenge2023-integration-final-main/build/tier4_rtc_msgs' returned '0': CMAKE_PREFIX_PATH=${CMAKE_PREFIX_PATH}:/home/autoware/aichallenge2023-integration-final-main/install/simulator_compatibility_test:/home/autoware/aichallenge2023-integration-final-main/install/ad_api_visualizers:/home/autoware/autoware/install/simulator_compatibility_test:/home/autoware/autoware/install/ad_api_visualizers:/opt/ros/humble /usr/bin/cmake --build /home/autoware/aichallenge2023-integration-final-main/build/tier4_rtc_msgs -- -j16 -l16
[11.124s] Invoking command in '/home/autoware/aichallenge2023-integration-final-main/build/tier4_rtc_msgs': CMAKE_PREFIX_PATH=${CMAKE_PREFIX_PATH}:/home/autoware/aichallenge2023-integration-final-main/install/simulator_compatibility_test:/home/autoware/aichallenge2023-integration-final-main/install/ad_api_visualizers:/home/autoware/autoware/install/simulator_compatibility_test:/home/autoware/autoware/install/ad_api_visualizers:/opt/ros/humble /usr/bin/cmake --install /home/autoware/aichallenge2023-integration-final-main/build/tier4_rtc_msgs
[11.183s] -- Install configuration: "Release"
[11.184s] -- Execute custom install script
[11.185s] -- Up-to-date symlink: /home/autoware/aichallenge2023-integration-final-main/install/tier4_rtc_msgs/share/ament_index/resource_index/rosidl_interfaces/tier4_rtc_msgs
[11.191s] -- Up-to-date symlink: /home/autoware/aichallenge2023-integration-final-main/install/tier4_rtc_msgs/include/tier4_rtc_msgs/tier4_rtc_msgs/msg/auto_mode_status.h
[11.191s] -- Up-to-date symlink: /home/autoware/aichallenge2023-integration-final-main/install/tier4_rtc_msgs/include/tier4_rtc_msgs/tier4_rtc_msgs/msg/auto_mode_status_array.h
[11.193s] -- Up-to-date symlink: /home/autoware/aichallenge2023-integration-final-main/install/tier4_rtc_msgs/include/tier4_rtc_msgs/tier4_rtc_msgs/msg/command.h
[11.194s] -- Up-to-date symlink: /home/autoware/aichallenge2023-integration-final-main/install/tier4_rtc_msgs/include/tier4_rtc_msgs/tier4_rtc_msgs/msg/cooperate_command.h
[11.195s] -- Up-to-date symlink: /home/autoware/aichallenge2023-integration-final-main/install/tier4_rtc_msgs/include/tier4_rtc_msgs/tier4_rtc_msgs/msg/cooperate_response.h
[11.196s] -- Up-to-date symlink: /home/autoware/aichallenge2023-integration-final-main/install/tier4_rtc_msgs/include/tier4_rtc_msgs/tier4_rtc_msgs/msg/cooperate_status.h
[11.197s] -- Up-to-date symlink: /home/autoware/aichallenge2023-integration-final-main/install/tier4_rtc_msgs/include/tier4_rtc_msgs/tier4_rtc_msgs/msg/cooperate_status_array.h
[11.197s] -- Up-to-date symlink: /home/autoware/aichallenge2023-integration-final-main/install/tier4_rtc_msgs/include/tier4_rtc_msgs/tier4_rtc_msgs/msg/detail/auto_mode_status__functions.h
[11.197s] -- Up-to-date symlink: /home/autoware/aichallenge2023-integration-final-main/install/tier4_rtc_msgs/include/tier4_rtc_msgs/tier4_rtc_msgs/msg/detail/auto_mode_status__struct.h
[11.197s] -- Up-to-date symlink: /home/autoware/aichallenge2023-integration-final-main/install/tier4_rtc_msgs/include/tier4_rtc_msgs/tier4_rtc_msgs/msg/detail/auto_mode_status__type_support.h
[11.197s] -- Up-to-date symlink: /home/autoware/aichallenge2023-integration-final-main/install/tier4_rtc_msgs/include/tier4_rtc_msgs/tier4_rtc_msgs/msg/detail/auto_mode_status_array__functions.h
[11.198s] -- Up-to-date symlink: /home/autoware/aichallenge2023-integration-final-main/install/tier4_rtc_msgs/include/tier4_rtc_msgs/tier4_rtc_msgs/msg/detail/auto_mode_status_array__struct.h
[11.198s] -- Up-to-date symlink: /home/autoware/aichallenge2023-integration-final-main/install/tier4_rtc_msgs/include/tier4_rtc_msgs/tier4_rtc_msgs/msg/detail/auto_mode_status_array__type_support.h
[11.198s] -- Up-to-date symlink: /home/autoware/aichallenge2023-integration-final-main/install/tier4_rtc_msgs/include/tier4_rtc_msgs/tier4_rtc_msgs/msg/detail/command__functions.h
[11.198s] -- Up-to-date symlink: /home/autoware/aichallenge2023-integration-final-main/install/tier4_rtc_msgs/include/tier4_rtc_msgs/tier4_rtc_msgs/msg/detail/command__struct.h
[11.198s] -- Up-to-date symlink: /home/autoware/aichallenge2023-integration-final-main/install/tier4_rtc_msgs/include/tier4_rtc_msgs/tier4_rtc_msgs/msg/detail/command__type_support.h
[11.198s] -- Up-to-date symlink: /home/autoware/aichallenge2023-integration-final-main/install/tier4_rtc_msgs/include/tier4_rtc_msgs/tier4_rtc_msgs/msg/detail/cooperate_command__functions.h
[11.198s] -- Up-to-date symlink: /home/autoware/aichallenge2023-integration-final-main/install/tier4_rtc_msgs/include/tier4_rtc_msgs/tier4_rtc_msgs/msg/detail/cooperate_command__struct.h
[11.198s] -- Up-to-date symlink: /home/autoware/aichallenge2023-integration-final-main/install/tier4_rtc_msgs/include/tier4_rtc_msgs/tier4_rtc_msgs/msg/detail/cooperate_command__type_support.h
[11.198s] -- Up-to-date symlink: /home/autoware/aichallenge2023-integration-final-main/install/tier4_rtc_msgs/include/tier4_rtc_msgs/tier4_rtc_msgs/msg/detail/cooperate_response__functions.h
[11.198s] -- Up-to-date symlink: /home/autoware/aichallenge2023-integration-final-main/install/tier4_rtc_msgs/include/tier4_rtc_msgs/tier4_rtc_msgs/msg/detail/cooperate_response__struct.h
[11.201s] -- Up-to-date symlink: /home/autoware/aichallenge2023-integration-final-main/install/tier4_rtc_msgs/include/tier4_rtc_msgs/tier4_rtc_msgs/msg/detail/cooperate_response__type_support.h
[11.201s] -- Up-to-date symlink: /home/autoware/aichallenge2023-integration-final-main/install/tier4_rtc_msgs/include/tier4_rtc_msgs/tier4_rtc_msgs/msg/detail/cooperate_status__functions.h
[11.201s] -- Up-to-date symlink: /home/autoware/aichallenge2023-integration-final-main/install/tier4_rtc_msgs/include/tier4_rtc_msgs/tier4_rtc_msgs/msg/detail/cooperate_status__struct.h
[11.202s] -- Up-to-date symlink: /home/autoware/aichallenge2023-integration-final-main/install/tier4_rtc_msgs/include/tier4_rtc_msgs/tier4_rtc_msgs/msg/detail/cooperate_status__type_support.h
[11.202s] -- Up-to-date symlink: /home/autoware/aichallenge2023-integration-final-main/install/tier4_rtc_msgs/include/tier4_rtc_msgs/tier4_rtc_msgs/msg/detail/cooperate_status_array__functions.h
[11.202s] -- Up-to-date symlink: /home/autoware/aichallenge2023-integration-final-main/install/tier4_rtc_msgs/include/tier4_rtc_msgs/tier4_rtc_msgs/msg/detail/cooperate_status_array__struct.h
[11.202s] -- Up-to-date symlink: /home/autoware/aichallenge2023-integration-final-main/install/tier4_rtc_msgs/include/tier4_rtc_msgs/tier4_rtc_msgs/msg/detail/cooperate_status_array__type_support.h
[11.202s] -- Up-to-date symlink: /home/autoware/aichallenge2023-integration-final-main/install/tier4_rtc_msgs/include/tier4_rtc_msgs/tier4_rtc_msgs/msg/detail/module__functions.h
[11.202s] -- Up-to-date symlink: /home/autoware/aichallenge2023-integration-final-main/install/tier4_rtc_msgs/include/tier4_rtc_msgs/tier4_rtc_msgs/msg/detail/module__struct.h
[11.203s] -- Up-to-date symlink: /home/autoware/aichallenge2023-integration-final-main/install/tier4_rtc_msgs/include/tier4_rtc_msgs/tier4_rtc_msgs/msg/detail/module__type_support.h
[11.203s] -- Up-to-date symlink: /home/autoware/aichallenge2023-integration-final-main/install/tier4_rtc_msgs/include/tier4_rtc_msgs/tier4_rtc_msgs/msg/module.h
[11.203s] -- Up-to-date symlink: /home/autoware/aichallenge2023-integration-final-main/install/tier4_rtc_msgs/include/tier4_rtc_msgs/tier4_rtc_msgs/msg/rosidl_generator_c__visibility_control.h
[11.203s] -- Up-to-date symlink: /home/autoware/aichallenge2023-integration-final-main/install/tier4_rtc_msgs/include/tier4_rtc_msgs/tier4_rtc_msgs/srv/auto_mode.h
[11.203s] -- Up-to-date symlink: /home/autoware/aichallenge2023-integration-final-main/install/tier4_rtc_msgs/include/tier4_rtc_msgs/tier4_rtc_msgs/srv/auto_mode_with_module.h
[11.204s] -- Up-to-date symlink: /home/autoware/aichallenge2023-integration-final-main/install/tier4_rtc_msgs/include/tier4_rtc_msgs/tier4_rtc_msgs/srv/cooperate_commands.h
[11.204s] -- Up-to-date symlink: /home/autoware/aichallenge2023-integration-final-main/install/tier4_rtc_msgs/include/tier4_rtc_msgs/tier4_rtc_msgs/srv/detail/auto_mode__functions.h
[11.204s] -- Up-to-date symlink: /home/autoware/aichallenge2023-integration-final-main/install/tier4_rtc_msgs/include/tier4_rtc_msgs/tier4_rtc_msgs/srv/detail/auto_mode__struct.h
[11.204s] -- Up-to-date symlink: /home/autoware/aichallenge2023-integration-final-main/install/tier4_rtc_msgs/include/tier4_rtc_msgs/tier4_rtc_msgs/srv/detail/auto_mode__type_support.h
[11.204s] -- Up-to-date symlink: /home/autoware/aichallenge2023-integration-final-main/install/tier4_rtc_msgs/include/tier4_rtc_msgs/tier4_rtc_msgs/srv/detail/auto_mode_with_module__functions.h
[11.204s] -- Up-to-date symlink: /home/autoware/aichallenge2023-integration-final-main/install/tier4_rtc_msgs/include/tier4_rtc_msgs/tier4_rtc_msgs/srv/detail/auto_mode_with_module__struct.h
[11.204s] -- Up-to-date symlink: /home/autoware/aichallenge2023-integration-final-main/install/tier4_rtc_msgs/include/tier4_rtc_msgs/tier4_rtc_msgs/srv/detail/auto_mode_with_module__type_support.h
[11.205s] -- Up-to-date symlink: /home/autoware/aichallenge2023-integration-final-main/install/tier4_rtc_msgs/include/tier4_rtc_msgs/tier4_rtc_msgs/srv/detail/cooperate_commands__functions.h
[11.205s] -- Up-to-date symlink: /home/autoware/aichallenge2023-integration-final-main/install/tier4_rtc_msgs/include/tier4_rtc_msgs/tier4_rtc_msgs/srv/detail/cooperate_commands__struct.h
[11.206s] -- Up-to-date symlink: /home/autoware/aichallenge2023-integration-final-main/install/tier4_rtc_msgs/include/tier4_rtc_msgs/tier4_rtc_msgs/srv/detail/cooperate_commands__type_support.h
[11.206s] -- Up-to-date symlink: /home/autoware/aichallenge2023-integration-final-main/install/tier4_rtc_msgs/share/tier4_rtc_msgs/environment/library_path.sh
[11.206s] -- Up-to-date symlink: /home/autoware/aichallenge2023-integration-final-main/install/tier4_rtc_msgs/share/tier4_rtc_msgs/environment/library_path.dsv
[11.209s] -- Up-to-date symlink: /home/autoware/aichallenge2023-integration-final-main/install/tier4_rtc_msgs/include/tier4_rtc_msgs/tier4_rtc_msgs/msg/detail/auto_mode_status__rosidl_typesupport_fastrtps_c.h
[11.211s] -- Up-to-date symlink: /home/autoware/aichallenge2023-integration-final-main/install/tier4_rtc_msgs/include/tier4_rtc_msgs/tier4_rtc_msgs/msg/detail/auto_mode_status_array__rosidl_typesupport_fastrtps_c.h
[11.211s] -- Up-to-date symlink: /home/autoware/aichallenge2023-integration-final-main/install/tier4_rtc_msgs/include/tier4_rtc_msgs/tier4_rtc_msgs/msg/detail/command__rosidl_typesupport_fastrtps_c.h
[11.212s] -- Up-to-date symlink: /home/autoware/aichallenge2023-integration-final-main/install/tier4_rtc_msgs/include/tier4_rtc_msgs/tier4_rtc_msgs/msg/detail/cooperate_command__rosidl_typesupport_fastrtps_c.h
[11.212s] -- Up-to-date symlink: /home/autoware/aichallenge2023-integration-final-main/install/tier4_rtc_msgs/include/tier4_rtc_msgs/tier4_rtc_msgs/msg/detail/cooperate_response__rosidl_typesupport_fastrtps_c.h
[11.212s] -- Up-to-date symlink: /home/autoware/aichallenge2023-integration-final-main/install/tier4_rtc_msgs/include/tier4_rtc_msgs/tier4_rtc_msgs/msg/detail/cooperate_status__rosidl_typesupport_fastrtps_c.h
[11.212s] -- Up-to-date symlink: /home/autoware/aichallenge2023-integration-final-main/install/tier4_rtc_msgs/include/tier4_rtc_msgs/tier4_rtc_msgs/msg/detail/cooperate_status_array__rosidl_typesupport_fastrtps_c.h
[11.212s] -- Up-to-date symlink: /home/autoware/aichallenge2023-integration-final-main/install/tier4_rtc_msgs/include/tier4_rtc_msgs/tier4_rtc_msgs/msg/detail/module__rosidl_typesupport_fastrtps_c.h
[11.212s] -- Up-to-date symlink: /home/autoware/aichallenge2023-integration-final-main/install/tier4_rtc_msgs/include/tier4_rtc_msgs/tier4_rtc_msgs/msg/rosidl_typesupport_fastrtps_c__visibility_control.h
[11.212s] -- Up-to-date symlink: /home/autoware/aichallenge2023-integration-final-main/install/tier4_rtc_msgs/include/tier4_rtc_msgs/tier4_rtc_msgs/srv/detail/auto_mode__rosidl_typesupport_fastrtps_c.h
[11.213s] -- Up-to-date symlink: /home/autoware/aichallenge2023-integration-final-main/install/tier4_rtc_msgs/include/tier4_rtc_msgs/tier4_rtc_msgs/srv/detail/auto_mode_with_module__rosidl_typesupport_fastrtps_c.h
[11.213s] -- Up-to-date symlink: /home/autoware/aichallenge2023-integration-final-main/install/tier4_rtc_msgs/include/tier4_rtc_msgs/tier4_rtc_msgs/srv/detail/cooperate_commands__rosidl_typesupport_fastrtps_c.h
[11.213s] -- Up-to-date symlink: /home/autoware/aichallenge2023-integration-final-main/install/tier4_rtc_msgs/include/tier4_rtc_msgs/tier4_rtc_msgs/msg/detail/auto_mode_status__rosidl_typesupport_introspection_c.h
[11.213s] -- Up-to-date symlink: /home/autoware/aichallenge2023-integration-final-main/install/tier4_rtc_msgs/include/tier4_rtc_msgs/tier4_rtc_msgs/msg/detail/auto_mode_status_array__rosidl_typesupport_introspection_c.h
[11.214s] -- Up-to-date symlink: /home/autoware/aichallenge2023-integration-final-main/install/tier4_rtc_msgs/include/tier4_rtc_msgs/tier4_rtc_msgs/msg/detail/command__rosidl_typesupport_introspection_c.h
[11.214s] -- Up-to-date symlink: /home/autoware/aichallenge2023-integration-final-main/install/tier4_rtc_msgs/include/tier4_rtc_msgs/tier4_rtc_msgs/msg/detail/cooperate_command__rosidl_typesupport_introspection_c.h
[11.214s] -- Up-to-date symlink: /home/autoware/aichallenge2023-integration-final-main/install/tier4_rtc_msgs/include/tier4_rtc_msgs/tier4_rtc_msgs/msg/detail/cooperate_response__rosidl_typesupport_introspection_c.h
[11.214s] -- Up-to-date symlink: /home/autoware/aichallenge2023-integration-final-main/install/tier4_rtc_msgs/include/tier4_rtc_msgs/tier4_rtc_msgs/msg/detail/cooperate_status__rosidl_typesupport_introspection_c.h
[11.214s] -- Up-to-date symlink: /home/autoware/aichallenge2023-integration-final-main/install/tier4_rtc_msgs/include/tier4_rtc_msgs/tier4_rtc_msgs/msg/detail/cooperate_status_array__rosidl_typesupport_introspection_c.h
[11.214s] -- Up-to-date symlink: /home/autoware/aichallenge2023-integration-final-main/install/tier4_rtc_msgs/include/tier4_rtc_msgs/tier4_rtc_msgs/msg/detail/module__rosidl_typesupport_introspection_c.h
[11.214s] -- Up-to-date symlink: /home/autoware/aichallenge2023-integration-final-main/install/tier4_rtc_msgs/include/tier4_rtc_msgs/tier4_rtc_msgs/msg/rosidl_typesupport_introspection_c__visibility_control.h
[11.215s] -- Up-to-date symlink: /home/autoware/aichallenge2023-integration-final-main/install/tier4_rtc_msgs/include/tier4_rtc_msgs/tier4_rtc_msgs/srv/detail/auto_mode__rosidl_typesupport_introspection_c.h
[11.215s] -- Up-to-date symlink: /home/autoware/aichallenge2023-integration-final-main/install/tier4_rtc_msgs/include/tier4_rtc_msgs/tier4_rtc_msgs/srv/detail/auto_mode_with_module__rosidl_typesupport_introspection_c.h
[11.215s] -- Up-to-date symlink: /home/autoware/aichallenge2023-integration-final-main/install/tier4_rtc_msgs/include/tier4_rtc_msgs/tier4_rtc_msgs/srv/detail/cooperate_commands__rosidl_typesupport_introspection_c.h
[11.216s] -- Up-to-date symlink: /home/autoware/aichallenge2023-integration-final-main/install/tier4_rtc_msgs/include/tier4_rtc_msgs/tier4_rtc_msgs/msg/auto_mode_status.hpp
[11.216s] -- Up-to-date symlink: /home/autoware/aichallenge2023-integration-final-main/install/tier4_rtc_msgs/include/tier4_rtc_msgs/tier4_rtc_msgs/msg/auto_mode_status_array.hpp
[11.216s] -- Up-to-date symlink: /home/autoware/aichallenge2023-integration-final-main/install/tier4_rtc_msgs/include/tier4_rtc_msgs/tier4_rtc_msgs/msg/command.hpp
[11.217s] -- Up-to-date symlink: /home/autoware/aichallenge2023-integration-final-main/install/tier4_rtc_msgs/include/tier4_rtc_msgs/tier4_rtc_msgs/msg/cooperate_command.hpp
[11.217s] -- Up-to-date symlink: /home/autoware/aichallenge2023-integration-final-main/install/tier4_rtc_msgs/include/tier4_rtc_msgs/tier4_rtc_msgs/msg/cooperate_response.hpp
[11.217s] -- Up-to-date symlink: /home/autoware/aichallenge2023-integration-final-main/install/tier4_rtc_msgs/include/tier4_rtc_msgs/tier4_rtc_msgs/msg/cooperate_status.hpp
[11.218s] -- Up-to-date symlink: /home/autoware/aichallenge2023-integration-final-main/install/tier4_rtc_msgs/include/tier4_rtc_msgs/tier4_rtc_msgs/msg/cooperate_status_array.hpp
[11.218s] -- Up-to-date symlink: /home/autoware/aichallenge2023-integration-final-main/install/tier4_rtc_msgs/include/tier4_rtc_msgs/tier4_rtc_msgs/msg/detail/auto_mode_status__builder.hpp
[11.218s] -- Up-to-date symlink: /home/autoware/aichallenge2023-integration-final-main/install/tier4_rtc_msgs/include/tier4_rtc_msgs/tier4_rtc_msgs/msg/detail/auto_mode_status__struct.hpp
[11.218s] -- Up-to-date symlink: /home/autoware/aichallenge2023-integration-final-main/install/tier4_rtc_msgs/include/tier4_rtc_msgs/tier4_rtc_msgs/msg/detail/auto_mode_status__traits.hpp
[11.218s] -- Up-to-date symlink: /home/autoware/aichallenge2023-integration-final-main/install/tier4_rtc_msgs/include/tier4_rtc_msgs/tier4_rtc_msgs/msg/detail/auto_mode_status_array__builder.hpp
[11.223s] -- Up-to-date symlink: /home/autoware/aichallenge2023-integration-final-main/install/tier4_rtc_msgs/include/tier4_rtc_msgs/tier4_rtc_msgs/msg/detail/auto_mode_status_array__struct.hpp
[11.223s] -- Up-to-date symlink: /home/autoware/aichallenge2023-integration-final-main/install/tier4_rtc_msgs/include/tier4_rtc_msgs/tier4_rtc_msgs/msg/detail/auto_mode_status_array__traits.hpp
[11.223s] -- Up-to-date symlink: /home/autoware/aichallenge2023-integration-final-main/install/tier4_rtc_msgs/include/tier4_rtc_msgs/tier4_rtc_msgs/msg/detail/command__builder.hpp
[11.223s] -- Up-to-date symlink: /home/autoware/aichallenge2023-integration-final-main/install/tier4_rtc_msgs/include/tier4_rtc_msgs/tier4_rtc_msgs/msg/detail/command__struct.hpp
[11.223s] -- Up-to-date symlink: /home/autoware/aichallenge2023-integration-final-main/install/tier4_rtc_msgs/include/tier4_rtc_msgs/tier4_rtc_msgs/msg/detail/command__traits.hpp
[11.223s] -- Up-to-date symlink: /home/autoware/aichallenge2023-integration-final-main/install/tier4_rtc_msgs/include/tier4_rtc_msgs/tier4_rtc_msgs/msg/detail/cooperate_command__builder.hpp
[11.224s] -- Up-to-date symlink: /home/autoware/aichallenge2023-integration-final-main/install/tier4_rtc_msgs/include/tier4_rtc_msgs/tier4_rtc_msgs/msg/detail/cooperate_command__struct.hpp
[11.224s] -- Up-to-date symlink: /home/autoware/aichallenge2023-integration-final-main/install/tier4_rtc_msgs/include/tier4_rtc_msgs/tier4_rtc_msgs/msg/detail/cooperate_command__traits.hpp
[11.224s] -- Up-to-date symlink: /home/autoware/aichallenge2023-integration-final-main/install/tier4_rtc_msgs/include/tier4_rtc_msgs/tier4_rtc_msgs/msg/detail/cooperate_response__builder.hpp
[11.224s] -- Up-to-date symlink: /home/autoware/aichallenge2023-integration-final-main/install/tier4_rtc_msgs/include/tier4_rtc_msgs/tier4_rtc_msgs/msg/detail/cooperate_response__struct.hpp
[11.224s] -- Up-to-date symlink: /home/autoware/aichallenge2023-integration-final-main/install/tier4_rtc_msgs/include/tier4_rtc_msgs/tier4_rtc_msgs/msg/detail/cooperate_response__traits.hpp
[11.224s] -- Up-to-date symlink: /home/autoware/aichallenge2023-integration-final-main/install/tier4_rtc_msgs/include/tier4_rtc_msgs/tier4_rtc_msgs/msg/detail/cooperate_status__builder.hpp
[11.225s] -- Up-to-date symlink: /home/autoware/aichallenge2023-integration-final-main/install/tier4_rtc_msgs/include/tier4_rtc_msgs/tier4_rtc_msgs/msg/detail/cooperate_status__struct.hpp
[11.225s] -- Up-to-date symlink: /home/autoware/aichallenge2023-integration-final-main/install/tier4_rtc_msgs/include/tier4_rtc_msgs/tier4_rtc_msgs/msg/detail/cooperate_status__traits.hpp
[11.225s] -- Up-to-date symlink: /home/autoware/aichallenge2023-integration-final-main/install/tier4_rtc_msgs/include/tier4_rtc_msgs/tier4_rtc_msgs/msg/detail/cooperate_status_array__builder.hpp
[11.225s] -- Up-to-date symlink: /home/autoware/aichallenge2023-integration-final-main/install/tier4_rtc_msgs/include/tier4_rtc_msgs/tier4_rtc_msgs/msg/detail/cooperate_status_array__struct.hpp
[11.225s] -- Up-to-date symlink: /home/autoware/aichallenge2023-integration-final-main/install/tier4_rtc_msgs/include/tier4_rtc_msgs/tier4_rtc_msgs/msg/detail/cooperate_status_array__traits.hpp
[11.226s] -- Up-to-date symlink: /home/autoware/aichallenge2023-integration-final-main/install/tier4_rtc_msgs/include/tier4_rtc_msgs/tier4_rtc_msgs/msg/detail/module__builder.hpp
[11.226s] -- Up-to-date symlink: /home/autoware/aichallenge2023-integration-final-main/install/tier4_rtc_msgs/include/tier4_rtc_msgs/tier4_rtc_msgs/msg/detail/module__struct.hpp
[11.226s] -- Up-to-date symlink: /home/autoware/aichallenge2023-integration-final-main/install/tier4_rtc_msgs/include/tier4_rtc_msgs/tier4_rtc_msgs/msg/detail/module__traits.hpp
[11.226s] -- Up-to-date symlink: /home/autoware/aichallenge2023-integration-final-main/install/tier4_rtc_msgs/include/tier4_rtc_msgs/tier4_rtc_msgs/msg/module.hpp
[11.226s] -- Up-to-date symlink: /home/autoware/aichallenge2023-integration-final-main/install/tier4_rtc_msgs/include/tier4_rtc_msgs/tier4_rtc_msgs/srv/auto_mode.hpp
[11.226s] -- Up-to-date symlink: /home/autoware/aichallenge2023-integration-final-main/install/tier4_rtc_msgs/include/tier4_rtc_msgs/tier4_rtc_msgs/srv/auto_mode_with_module.hpp
[11.227s] -- Up-to-date symlink: /home/autoware/aichallenge2023-integration-final-main/install/tier4_rtc_msgs/include/tier4_rtc_msgs/tier4_rtc_msgs/srv/cooperate_commands.hpp
[11.227s] -- Up-to-date symlink: /home/autoware/aichallenge2023-integration-final-main/install/tier4_rtc_msgs/include/tier4_rtc_msgs/tier4_rtc_msgs/srv/detail/auto_mode__builder.hpp
[11.227s] -- Up-to-date symlink: /home/autoware/aichallenge2023-integration-final-main/install/tier4_rtc_msgs/include/tier4_rtc_msgs/tier4_rtc_msgs/srv/detail/auto_mode__struct.hpp
[11.227s] -- Up-to-date symlink: /home/autoware/aichallenge2023-integration-final-main/install/tier4_rtc_msgs/include/tier4_rtc_msgs/tier4_rtc_msgs/srv/detail/auto_mode__traits.hpp
[11.227s] -- Up-to-date symlink: /home/autoware/aichallenge2023-integration-final-main/install/tier4_rtc_msgs/include/tier4_rtc_msgs/tier4_rtc_msgs/srv/detail/auto_mode_with_module__builder.hpp
[11.228s] -- Up-to-date symlink: /home/autoware/aichallenge2023-integration-final-main/install/tier4_rtc_msgs/include/tier4_rtc_msgs/tier4_rtc_msgs/srv/detail/auto_mode_with_module__struct.hpp
[11.228s] -- Up-to-date symlink: /home/autoware/aichallenge2023-integration-final-main/install/tier4_rtc_msgs/include/tier4_rtc_msgs/tier4_rtc_msgs/srv/detail/auto_mode_with_module__traits.hpp
[11.228s] -- Up-to-date symlink: /home/autoware/aichallenge2023-integration-final-main/install/tier4_rtc_msgs/include/tier4_rtc_msgs/tier4_rtc_msgs/srv/detail/cooperate_commands__builder.hpp
[11.256s] -- Up-to-date symlink: /home/autoware/aichallenge2023-integration-final-main/install/tier4_rtc_msgs/include/tier4_rtc_msgs/tier4_rtc_msgs/srv/detail/cooperate_commands__struct.hpp
[11.257s] -- Up-to-date symlink: /home/autoware/aichallenge2023-integration-final-main/install/tier4_rtc_msgs/include/tier4_rtc_msgs/tier4_rtc_msgs/srv/detail/cooperate_commands__traits.hpp
[11.257s] -- Up-to-date symlink: /home/autoware/aichallenge2023-integration-final-main/install/tier4_rtc_msgs/include/tier4_rtc_msgs/tier4_rtc_msgs/msg/detail/auto_mode_status__rosidl_typesupport_fastrtps_cpp.hpp
[11.257s] -- Up-to-date symlink: /home/autoware/aichallenge2023-integration-final-main/install/tier4_rtc_msgs/include/tier4_rtc_msgs/tier4_rtc_msgs/msg/detail/auto_mode_status_array__rosidl_typesupport_fastrtps_cpp.hpp
[11.257s] -- Up-to-date symlink: /home/autoware/aichallenge2023-integration-final-main/install/tier4_rtc_msgs/include/tier4_rtc_msgs/tier4_rtc_msgs/msg/detail/command__rosidl_typesupport_fastrtps_cpp.hpp
[11.257s] -- Up-to-date symlink: /home/autoware/aichallenge2023-integration-final-main/install/tier4_rtc_msgs/include/tier4_rtc_msgs/tier4_rtc_msgs/msg/detail/cooperate_command__rosidl_typesupport_fastrtps_cpp.hpp
[11.257s] -- Up-to-date symlink: /home/autoware/aichallenge2023-integration-final-main/install/tier4_rtc_msgs/include/tier4_rtc_msgs/tier4_rtc_msgs/msg/detail/cooperate_response__rosidl_typesupport_fastrtps_cpp.hpp
[11.257s] -- Up-to-date symlink: /home/autoware/aichallenge2023-integration-final-main/install/tier4_rtc_msgs/include/tier4_rtc_msgs/tier4_rtc_msgs/msg/detail/cooperate_status__rosidl_typesupport_fastrtps_cpp.hpp
[11.257s] -- Up-to-date symlink: /home/autoware/aichallenge2023-integration-final-main/install/tier4_rtc_msgs/include/tier4_rtc_msgs/tier4_rtc_msgs/msg/detail/cooperate_status_array__rosidl_typesupport_fastrtps_cpp.hpp
[11.257s] -- Up-to-date symlink: /home/autoware/aichallenge2023-integration-final-main/install/tier4_rtc_msgs/include/tier4_rtc_msgs/tier4_rtc_msgs/msg/detail/module__rosidl_typesupport_fastrtps_cpp.hpp
[11.257s] -- Up-to-date symlink: /home/autoware/aichallenge2023-integration-final-main/install/tier4_rtc_msgs/include/tier4_rtc_msgs/tier4_rtc_msgs/msg/rosidl_typesupport_fastrtps_cpp__visibility_control.h
[11.257s] -- Up-to-date symlink: /home/autoware/aichallenge2023-integration-final-main/install/tier4_rtc_msgs/include/tier4_rtc_msgs/tier4_rtc_msgs/srv/detail/auto_mode__rosidl_typesupport_fastrtps_cpp.hpp
[11.257s] -- Up-to-date symlink: /home/autoware/aichallenge2023-integration-final-main/install/tier4_rtc_msgs/include/tier4_rtc_msgs/tier4_rtc_msgs/srv/detail/auto_mode_with_module__rosidl_typesupport_fastrtps_cpp.hpp
[11.257s] -- Up-to-date symlink: /home/autoware/aichallenge2023-integration-final-main/install/tier4_rtc_msgs/include/tier4_rtc_msgs/tier4_rtc_msgs/srv/detail/cooperate_commands__rosidl_typesupport_fastrtps_cpp.hpp
[11.257s] -- Up-to-date symlink: /home/autoware/aichallenge2023-integration-final-main/install/tier4_rtc_msgs/include/tier4_rtc_msgs/tier4_rtc_msgs/msg/detail/auto_mode_status__rosidl_typesupport_introspection_cpp.hpp
[11.257s] -- Up-to-date symlink: /home/autoware/aichallenge2023-integration-final-main/install/tier4_rtc_msgs/include/tier4_rtc_msgs/tier4_rtc_msgs/msg/detail/auto_mode_status_array__rosidl_typesupport_introspection_cpp.hpp
[11.258s] -- Up-to-date symlink: /home/autoware/aichallenge2023-integration-final-main/install/tier4_rtc_msgs/include/tier4_rtc_msgs/tier4_rtc_msgs/msg/detail/command__rosidl_typesupport_introspection_cpp.hpp
[11.258s] -- Up-to-date symlink: /home/autoware/aichallenge2023-integration-final-main/install/tier4_rtc_msgs/include/tier4_rtc_msgs/tier4_rtc_msgs/msg/detail/cooperate_command__rosidl_typesupport_introspection_cpp.hpp
[11.258s] -- Up-to-date symlink: /home/autoware/aichallenge2023-integration-final-main/install/tier4_rtc_msgs/include/tier4_rtc_msgs/tier4_rtc_msgs/msg/detail/cooperate_response__rosidl_typesupport_introspection_cpp.hpp
[11.258s] -- Up-to-date symlink: /home/autoware/aichallenge2023-integration-final-main/install/tier4_rtc_msgs/include/tier4_rtc_msgs/tier4_rtc_msgs/msg/detail/cooperate_status__rosidl_typesupport_introspection_cpp.hpp
[11.258s] -- Up-to-date symlink: /home/autoware/aichallenge2023-integration-final-main/install/tier4_rtc_msgs/include/tier4_rtc_msgs/tier4_rtc_msgs/msg/detail/cooperate_status_array__rosidl_typesupport_introspection_cpp.hpp
[11.258s] -- Up-to-date symlink: /home/autoware/aichallenge2023-integration-final-main/install/tier4_rtc_msgs/include/tier4_rtc_msgs/tier4_rtc_msgs/msg/detail/module__rosidl_typesupport_introspection_cpp.hpp
[11.258s] -- Up-to-date symlink: /home/autoware/aichallenge2023-integration-final-main/install/tier4_rtc_msgs/include/tier4_rtc_msgs/tier4_rtc_msgs/srv/detail/auto_mode__rosidl_typesupport_introspection_cpp.hpp
[11.258s] -- Up-to-date symlink: /home/autoware/aichallenge2023-integration-final-main/install/tier4_rtc_msgs/include/tier4_rtc_msgs/tier4_rtc_msgs/srv/detail/auto_mode_with_module__rosidl_typesupport_introspection_cpp.hpp
[11.258s] -- Up-to-date symlink: /home/autoware/aichallenge2023-integration-final-main/install/tier4_rtc_msgs/include/tier4_rtc_msgs/tier4_rtc_msgs/srv/detail/cooperate_commands__rosidl_typesupport_introspection_cpp.hpp
[11.258s] -- Up-to-date symlink: /home/autoware/aichallenge2023-integration-final-main/install/tier4_rtc_msgs/share/tier4_rtc_msgs/environment/pythonpath.sh
[11.258s] -- Up-to-date symlink: /home/autoware/aichallenge2023-integration-final-main/install/tier4_rtc_msgs/share/tier4_rtc_msgs/environment/pythonpath.dsv
[11.258s] -- Up-to-date symlink: /home/autoware/aichallenge2023-integration-final-main/install/tier4_rtc_msgs/local/lib/python3.10/dist-packages/tier4_rtc_msgs-0.1.0-py3.10.egg-info/PKG-INFO
[11.258s] -- Up-to-date symlink: /home/autoware/aichallenge2023-integration-final-main/install/tier4_rtc_msgs/local/lib/python3.10/dist-packages/tier4_rtc_msgs-0.1.0-py3.10.egg-info/SOURCES.txt
[11.258s] -- Up-to-date symlink: /home/autoware/aichallenge2023-integration-final-main/install/tier4_rtc_msgs/local/lib/python3.10/dist-packages/tier4_rtc_msgs-0.1.0-py3.10.egg-info/dependency_links.txt
[11.258s] -- Up-to-date symlink: /home/autoware/aichallenge2023-integration-final-main/install/tier4_rtc_msgs/local/lib/python3.10/dist-packages/tier4_rtc_msgs-0.1.0-py3.10.egg-info/top_level.txt
[11.258s] -- Up-to-date symlink: /home/autoware/aichallenge2023-integration-final-main/install/tier4_rtc_msgs/local/lib/python3.10/dist-packages/tier4_rtc_msgs/__init__.py
[11.258s] -- Up-to-date symlink: /home/autoware/aichallenge2023-integration-final-main/install/tier4_rtc_msgs/local/lib/python3.10/dist-packages/tier4_rtc_msgs/_tier4_rtc_msgs_s.ep.rosidl_typesupport_c.c
[11.259s] -- Up-to-date symlink: /home/autoware/aichallenge2023-integration-final-main/install/tier4_rtc_msgs/local/lib/python3.10/dist-packages/tier4_rtc_msgs/_tier4_rtc_msgs_s.ep.rosidl_typesupport_fastrtps_c.c
[11.259s] -- Up-to-date symlink: /home/autoware/aichallenge2023-integration-final-main/install/tier4_rtc_msgs/local/lib/python3.10/dist-packages/tier4_rtc_msgs/_tier4_rtc_msgs_s.ep.rosidl_typesupport_introspection_c.c
[11.259s] -- Up-to-date symlink: /home/autoware/aichallenge2023-integration-final-main/install/tier4_rtc_msgs/local/lib/python3.10/dist-packages/tier4_rtc_msgs/libtier4_rtc_msgs__rosidl_generator_py.so
[11.259s] -- Up-to-date symlink: /home/autoware/aichallenge2023-integration-final-main/install/tier4_rtc_msgs/local/lib/python3.10/dist-packages/tier4_rtc_msgs/msg/__init__.py
[11.259s] -- Up-to-date symlink: /home/autoware/aichallenge2023-integration-final-main/install/tier4_rtc_msgs/local/lib/python3.10/dist-packages/tier4_rtc_msgs/msg/_auto_mode_status.py
[11.259s] -- Up-to-date symlink: /home/autoware/aichallenge2023-integration-final-main/install/tier4_rtc_msgs/local/lib/python3.10/dist-packages/tier4_rtc_msgs/msg/_auto_mode_status_array.py
[11.259s] -- Up-to-date symlink: /home/autoware/aichallenge2023-integration-final-main/install/tier4_rtc_msgs/local/lib/python3.10/dist-packages/tier4_rtc_msgs/msg/_auto_mode_status_array_s.c
[11.259s] -- Up-to-date symlink: /home/autoware/aichallenge2023-integration-final-main/install/tier4_rtc_msgs/local/lib/python3.10/dist-packages/tier4_rtc_msgs/msg/_auto_mode_status_s.c
[11.259s] -- Up-to-date symlink: /home/autoware/aichallenge2023-integration-final-main/install/tier4_rtc_msgs/local/lib/python3.10/dist-packages/tier4_rtc_msgs/msg/_command.py
[11.259s] -- Up-to-date symlink: /home/autoware/aichallenge2023-integration-final-main/install/tier4_rtc_msgs/local/lib/python3.10/dist-packages/tier4_rtc_msgs/msg/_command_s.c
[11.259s] -- Up-to-date symlink: /home/autoware/aichallenge2023-integration-final-main/install/tier4_rtc_msgs/local/lib/python3.10/dist-packages/tier4_rtc_msgs/msg/_cooperate_command.py
[11.259s] -- Up-to-date symlink: /home/autoware/aichallenge2023-integration-final-main/install/tier4_rtc_msgs/local/lib/python3.10/dist-packages/tier4_rtc_msgs/msg/_cooperate_command_s.c
[11.259s] -- Up-to-date symlink: /home/autoware/aichallenge2023-integration-final-main/install/tier4_rtc_msgs/local/lib/python3.10/dist-packages/tier4_rtc_msgs/msg/_cooperate_response.py
[11.259s] -- Up-to-date symlink: /home/autoware/aichallenge2023-integration-final-main/install/tier4_rtc_msgs/local/lib/python3.10/dist-packages/tier4_rtc_msgs/msg/_cooperate_response_s.c
[11.259s] -- Up-to-date symlink: /home/autoware/aichallenge2023-integration-final-main/install/tier4_rtc_msgs/local/lib/python3.10/dist-packages/tier4_rtc_msgs/msg/_cooperate_status.py
[11.259s] -- Up-to-date symlink: /home/autoware/aichallenge2023-integration-final-main/install/tier4_rtc_msgs/local/lib/python3.10/dist-packages/tier4_rtc_msgs/msg/_cooperate_status_array.py
[11.260s] -- Up-to-date symlink: /home/autoware/aichallenge2023-integration-final-main/install/tier4_rtc_msgs/local/lib/python3.10/dist-packages/tier4_rtc_msgs/msg/_cooperate_status_array_s.c
[11.260s] -- Up-to-date symlink: /home/autoware/aichallenge2023-integration-final-main/install/tier4_rtc_msgs/local/lib/python3.10/dist-packages/tier4_rtc_msgs/msg/_cooperate_status_s.c
[11.260s] -- Up-to-date symlink: /home/autoware/aichallenge2023-integration-final-main/install/tier4_rtc_msgs/local/lib/python3.10/dist-packages/tier4_rtc_msgs/msg/_module.py
[11.260s] -- Up-to-date symlink: /home/autoware/aichallenge2023-integration-final-main/install/tier4_rtc_msgs/local/lib/python3.10/dist-packages/tier4_rtc_msgs/msg/_module_s.c
[11.260s] -- Up-to-date symlink: /home/autoware/aichallenge2023-integration-final-main/install/tier4_rtc_msgs/local/lib/python3.10/dist-packages/tier4_rtc_msgs/srv/__init__.py
[11.260s] -- Up-to-date symlink: /home/autoware/aichallenge2023-integration-final-main/install/tier4_rtc_msgs/local/lib/python3.10/dist-packages/tier4_rtc_msgs/srv/_auto_mode.py
[11.260s] -- Up-to-date symlink: /home/autoware/aichallenge2023-integration-final-main/install/tier4_rtc_msgs/local/lib/python3.10/dist-packages/tier4_rtc_msgs/srv/_auto_mode_s.c
[11.260s] -- Up-to-date symlink: /home/autoware/aichallenge2023-integration-final-main/install/tier4_rtc_msgs/local/lib/python3.10/dist-packages/tier4_rtc_msgs/srv/_auto_mode_with_module.py
[11.260s] -- Up-to-date symlink: /home/autoware/aichallenge2023-integration-final-main/install/tier4_rtc_msgs/local/lib/python3.10/dist-packages/tier4_rtc_msgs/srv/_auto_mode_with_module_s.c
[11.260s] -- Up-to-date symlink: /home/autoware/aichallenge2023-integration-final-main/install/tier4_rtc_msgs/local/lib/python3.10/dist-packages/tier4_rtc_msgs/srv/_cooperate_commands.py
[11.266s] -- Up-to-date symlink: /home/autoware/aichallenge2023-integration-final-main/install/tier4_rtc_msgs/local/lib/python3.10/dist-packages/tier4_rtc_msgs/srv/_cooperate_commands_s.c
[11.267s] -- Up-to-date symlink: /home/autoware/aichallenge2023-integration-final-main/install/tier4_rtc_msgs/local/lib/python3.10/dist-packages/tier4_rtc_msgs/tier4_rtc_msgs_s__rosidl_typesupport_c.cpython-310-x86_64-linux-gnu.so
[11.267s] -- Up-to-date symlink: /home/autoware/aichallenge2023-integration-final-main/install/tier4_rtc_msgs/local/lib/python3.10/dist-packages/tier4_rtc_msgs/tier4_rtc_msgs_s__rosidl_typesupport_fastrtps_c.cpython-310-x86_64-linux-gnu.so
[11.267s] -- Up-to-date symlink: /home/autoware/aichallenge2023-integration-final-main/install/tier4_rtc_msgs/local/lib/python3.10/dist-packages/tier4_rtc_msgs/tier4_rtc_msgs_s__rosidl_typesupport_introspection_c.cpython-310-x86_64-linux-gnu.so
[11.267s] -- Up-to-date symlink: /home/autoware/aichallenge2023-integration-final-main/install/tier4_rtc_msgs/local/lib/python3.10/dist-packages/tier4_rtc_msgs/tier4_rtc_msgs_s__rosidl_typesupport_fastrtps_c.cpython-310-x86_64-linux-gnu.so
[11.267s] -- Up-to-date symlink: /home/autoware/aichallenge2023-integration-final-main/install/tier4_rtc_msgs/local/lib/python3.10/dist-packages/tier4_rtc_msgs/tier4_rtc_msgs_s__rosidl_typesupport_introspection_c.cpython-310-x86_64-linux-gnu.so
[11.267s] -- Up-to-date symlink: /home/autoware/aichallenge2023-integration-final-main/install/tier4_rtc_msgs/local/lib/python3.10/dist-packages/tier4_rtc_msgs/tier4_rtc_msgs_s__rosidl_typesupport_c.cpython-310-x86_64-linux-gnu.so
[11.268s] -- Up-to-date symlink: /home/autoware/aichallenge2023-integration-final-main/install/tier4_rtc_msgs/share/tier4_rtc_msgs/msg/Command.idl
[11.268s] -- Up-to-date symlink: /home/autoware/aichallenge2023-integration-final-main/install/tier4_rtc_msgs/share/tier4_rtc_msgs/msg/CooperateCommand.idl
[11.268s] -- Up-to-date symlink: /home/autoware/aichallenge2023-integration-final-main/install/tier4_rtc_msgs/share/tier4_rtc_msgs/msg/CooperateResponse.idl
[11.268s] -- Up-to-date symlink: /home/autoware/aichallenge2023-integration-final-main/install/tier4_rtc_msgs/share/tier4_rtc_msgs/msg/CooperateStatus.idl
[11.268s] -- Up-to-date symlink: /home/autoware/aichallenge2023-integration-final-main/install/tier4_rtc_msgs/share/tier4_rtc_msgs/msg/CooperateStatusArray.idl
[11.268s] -- Up-to-date symlink: /home/autoware/aichallenge2023-integration-final-main/install/tier4_rtc_msgs/share/tier4_rtc_msgs/msg/AutoModeStatus.idl
[11.268s] -- Up-to-date symlink: /home/autoware/aichallenge2023-integration-final-main/install/tier4_rtc_msgs/share/tier4_rtc_msgs/msg/AutoModeStatusArray.idl
[11.268s] -- Up-to-date symlink: /home/autoware/aichallenge2023-integration-final-main/install/tier4_rtc_msgs/share/tier4_rtc_msgs/msg/Module.idl
[11.268s] -- Up-to-date symlink: /home/autoware/aichallenge2023-integration-final-main/install/tier4_rtc_msgs/share/tier4_rtc_msgs/srv/AutoMode.idl
[11.268s] -- Up-to-date symlink: /home/autoware/aichallenge2023-integration-final-main/install/tier4_rtc_msgs/share/tier4_rtc_msgs/srv/AutoModeWithModule.idl
[11.268s] -- Up-to-date symlink: /home/autoware/aichallenge2023-integration-final-main/install/tier4_rtc_msgs/share/tier4_rtc_msgs/srv/CooperateCommands.idl
[11.268s] -- Up-to-date symlink: /home/autoware/aichallenge2023-integration-final-main/install/tier4_rtc_msgs/share/tier4_rtc_msgs/msg/Command.msg
[11.268s] -- Up-to-date symlink: /home/autoware/aichallenge2023-integration-final-main/install/tier4_rtc_msgs/share/tier4_rtc_msgs/msg/CooperateCommand.msg
[11.268s] -- Up-to-date symlink: /home/autoware/aichallenge2023-integration-final-main/install/tier4_rtc_msgs/share/tier4_rtc_msgs/msg/CooperateResponse.msg
[11.269s] -- Up-to-date symlink: /home/autoware/aichallenge2023-integration-final-main/install/tier4_rtc_msgs/share/tier4_rtc_msgs/msg/CooperateStatus.msg
[11.269s] -- Up-to-date symlink: /home/autoware/aichallenge2023-integration-final-main/install/tier4_rtc_msgs/share/tier4_rtc_msgs/msg/CooperateStatusArray.msg
[11.269s] -- Up-to-date symlink: /home/autoware/aichallenge2023-integration-final-main/install/tier4_rtc_msgs/share/tier4_rtc_msgs/msg/AutoModeStatus.msg
[11.269s] -- Up-to-date symlink: /home/autoware/aichallenge2023-integration-final-main/install/tier4_rtc_msgs/share/tier4_rtc_msgs/msg/AutoModeStatusArray.msg
[11.269s] -- Up-to-date symlink: /home/autoware/aichallenge2023-integration-final-main/install/tier4_rtc_msgs/share/tier4_rtc_msgs/msg/Module.msg
[11.269s] -- Up-to-date symlink: /home/autoware/aichallenge2023-integration-final-main/install/tier4_rtc_msgs/share/tier4_rtc_msgs/srv/AutoMode.srv
[11.269s] -- Up-to-date symlink: /home/autoware/aichallenge2023-integration-final-main/install/tier4_rtc_msgs/share/tier4_rtc_msgs/srv/AutoMode_Request.msg
[11.269s] -- Up-to-date symlink: /home/autoware/aichallenge2023-integration-final-main/install/tier4_rtc_msgs/share/tier4_rtc_msgs/srv/AutoMode_Response.msg
[11.269s] -- Up-to-date symlink: /home/autoware/aichallenge2023-integration-final-main/install/tier4_rtc_msgs/share/tier4_rtc_msgs/srv/AutoModeWithModule.srv
[11.269s] -- Up-to-date symlink: /home/autoware/aichallenge2023-integration-final-main/install/tier4_rtc_msgs/share/tier4_rtc_msgs/srv/AutoModeWithModule_Request.msg
[11.269s] -- Up-to-date symlink: /home/autoware/aichallenge2023-integration-final-main/install/tier4_rtc_msgs/share/tier4_rtc_msgs/srv/AutoModeWithModule_Response.msg
[11.269s] -- Up-to-date symlink: /home/autoware/aichallenge2023-integration-final-main/install/tier4_rtc_msgs/share/tier4_rtc_msgs/srv/CooperateCommands.srv
[11.269s] -- Up-to-date symlink: /home/autoware/aichallenge2023-integration-final-main/install/tier4_rtc_msgs/share/tier4_rtc_msgs/srv/CooperateCommands_Request.msg
[11.269s] -- Up-to-date symlink: /home/autoware/aichallenge2023-integration-final-main/install/tier4_rtc_msgs/share/tier4_rtc_msgs/srv/CooperateCommands_Response.msg
[11.270s] -- Up-to-date symlink: /home/autoware/aichallenge2023-integration-final-main/install/tier4_rtc_msgs/share/ament_index/resource_index/package_run_dependencies/tier4_rtc_msgs
[11.270s] -- Up-to-date symlink: /home/autoware/aichallenge2023-integration-final-main/install/tier4_rtc_msgs/share/ament_index/resource_index/parent_prefix_path/tier4_rtc_msgs
[11.270s] -- Up-to-date symlink: /home/autoware/aichallenge2023-integration-final-main/install/tier4_rtc_msgs/share/tier4_rtc_msgs/environment/ament_prefix_path.sh
[11.270s] -- Up-to-date symlink: /home/autoware/aichallenge2023-integration-final-main/install/tier4_rtc_msgs/share/tier4_rtc_msgs/environment/ament_prefix_path.dsv
[11.270s] -- Up-to-date symlink: /home/autoware/aichallenge2023-integration-final-main/install/tier4_rtc_msgs/share/tier4_rtc_msgs/environment/path.sh
[11.271s] -- Up-to-date symlink: /home/autoware/aichallenge2023-integration-final-main/install/tier4_rtc_msgs/share/tier4_rtc_msgs/environment/path.dsv
[11.271s] -- Up-to-date symlink: /home/autoware/aichallenge2023-integration-final-main/install/tier4_rtc_msgs/share/tier4_rtc_msgs/local_setup.bash
[11.271s] -- Up-to-date symlink: /home/autoware/aichallenge2023-integration-final-main/install/tier4_rtc_msgs/share/tier4_rtc_msgs/local_setup.sh
[11.271s] -- Up-to-date symlink: /home/autoware/aichallenge2023-integration-final-main/install/tier4_rtc_msgs/share/tier4_rtc_msgs/local_setup.zsh
[11.271s] -- Up-to-date symlink: /home/autoware/aichallenge2023-integration-final-main/install/tier4_rtc_msgs/share/tier4_rtc_msgs/local_setup.dsv
[11.271s] -- Symlinking: /home/autoware/aichallenge2023-integration-final-main/install/tier4_rtc_msgs/share/tier4_rtc_msgs/package.dsv
[11.324s] -- Up-to-date symlink: /home/autoware/aichallenge2023-integration-final-main/install/tier4_rtc_msgs/share/ament_index/resource_index/packages/tier4_rtc_msgs
[11.324s] -- Up-to-date symlink: /home/autoware/aichallenge2023-integration-final-main/install/tier4_rtc_msgs/share/tier4_rtc_msgs/cmake/rosidl_cmake-extras.cmake
[11.324s] -- Up-to-date symlink: /home/autoware/aichallenge2023-integration-final-main/install/tier4_rtc_msgs/share/tier4_rtc_msgs/cmake/ament_cmake_export_dependencies-extras.cmake
[11.324s] -- Up-to-date symlink: /home/autoware/aichallenge2023-integration-final-main/install/tier4_rtc_msgs/share/tier4_rtc_msgs/cmake/ament_cmake_export_include_directories-extras.cmake
[11.324s] -- Up-to-date symlink: /home/autoware/aichallenge2023-integration-final-main/install/tier4_rtc_msgs/share/tier4_rtc_msgs/cmake/ament_cmake_export_libraries-extras.cmake
[11.325s] -- Up-to-date symlink: /home/autoware/aichallenge2023-integration-final-main/install/tier4_rtc_msgs/share/tier4_rtc_msgs/cmake/ament_cmake_export_targets-extras.cmake
[11.325s] -- Up-to-date symlink: /home/autoware/aichallenge2023-integration-final-main/install/tier4_rtc_msgs/share/tier4_rtc_msgs/cmake/rosidl_cmake_export_typesupport_targets-extras.cmake
[11.325s] -- Up-to-date symlink: /home/autoware/aichallenge2023-integration-final-main/install/tier4_rtc_msgs/share/tier4_rtc_msgs/cmake/rosidl_cmake_export_typesupport_libraries-extras.cmake
[11.326s] -- Up-to-date symlink: /home/autoware/aichallenge2023-integration-final-main/install/tier4_rtc_msgs/share/tier4_rtc_msgs/cmake/tier4_rtc_msgsConfig.cmake
[11.326s] -- Up-to-date symlink: /home/autoware/aichallenge2023-integration-final-main/install/tier4_rtc_msgs/share/tier4_rtc_msgs/cmake/tier4_rtc_msgsConfig-version.cmake
[11.326s] -- Up-to-date symlink: /home/autoware/aichallenge2023-integration-final-main/install/tier4_rtc_msgs/share/tier4_rtc_msgs/package.xml
[11.327s] -- Up-to-date: /home/autoware/aichallenge2023-integration-final-main/install/tier4_rtc_msgs/lib/libtier4_rtc_msgs__rosidl_generator_c.so
[11.328s] -- Up-to-date: /home/autoware/aichallenge2023-integration-final-main/install/tier4_rtc_msgs/lib/libtier4_rtc_msgs__rosidl_typesupport_fastrtps_c.so
[11.329s] -- Up-to-date: /home/autoware/aichallenge2023-integration-final-main/install/tier4_rtc_msgs/lib/libtier4_rtc_msgs__rosidl_typesupport_introspection_c.so
[11.329s] -- Up-to-date: /home/autoware/aichallenge2023-integration-final-main/install/tier4_rtc_msgs/lib/libtier4_rtc_msgs__rosidl_typesupport_c.so
[11.330s] -- Up-to-date: /home/autoware/aichallenge2023-integration-final-main/install/tier4_rtc_msgs/lib/libtier4_rtc_msgs__rosidl_typesupport_fastrtps_cpp.so
[11.330s] -- Up-to-date: /home/autoware/aichallenge2023-integration-final-main/install/tier4_rtc_msgs/lib/libtier4_rtc_msgs__rosidl_typesupport_introspection_cpp.so
[11.331s] -- Up-to-date: /home/autoware/aichallenge2023-integration-final-main/install/tier4_rtc_msgs/lib/libtier4_rtc_msgs__rosidl_typesupport_cpp.so
[11.475s] Listing '/home/autoware/aichallenge2023-integration-final-main/install/tier4_rtc_msgs/local/lib/python3.10/dist-packages/tier4_rtc_msgs'...
[11.476s] Listing '/home/autoware/aichallenge2023-integration-final-main/install/tier4_rtc_msgs/local/lib/python3.10/dist-packages/tier4_rtc_msgs/msg'...
[11.476s] Listing '/home/autoware/aichallenge2023-integration-final-main/install/tier4_rtc_msgs/local/lib/python3.10/dist-packages/tier4_rtc_msgs/srv'...
[11.483s] -- Up-to-date: /home/autoware/aichallenge2023-integration-final-main/install/tier4_rtc_msgs/lib/libtier4_rtc_msgs__rosidl_generator_py.so
[11.484s] -- Up-to-date: /home/autoware/aichallenge2023-integration-final-main/install/tier4_rtc_msgs/share/tier4_rtc_msgs/cmake/export_tier4_rtc_msgs__rosidl_generator_cExport.cmake
[11.484s] -- Up-to-date: /home/autoware/aichallenge2023-integration-final-main/install/tier4_rtc_msgs/share/tier4_rtc_msgs/cmake/export_tier4_rtc_msgs__rosidl_generator_cExport-release.cmake
[11.484s] -- Up-to-date: /home/autoware/aichallenge2023-integration-final-main/install/tier4_rtc_msgs/share/tier4_rtc_msgs/cmake/export_tier4_rtc_msgs__rosidl_typesupport_fastrtps_cExport.cmake
[11.484s] -- Up-to-date: /home/autoware/aichallenge2023-integration-final-main/install/tier4_rtc_msgs/share/tier4_rtc_msgs/cmake/export_tier4_rtc_msgs__rosidl_typesupport_fastrtps_cExport-release.cmake
[11.484s] -- Up-to-date: /home/autoware/aichallenge2023-integration-final-main/install/tier4_rtc_msgs/share/tier4_rtc_msgs/cmake/tier4_rtc_msgs__rosidl_typesupport_introspection_cExport.cmake
[11.484s] -- Up-to-date: /home/autoware/aichallenge2023-integration-final-main/install/tier4_rtc_msgs/share/tier4_rtc_msgs/cmake/tier4_rtc_msgs__rosidl_typesupport_introspection_cExport-release.cmake
[11.484s] -- Up-to-date: /home/autoware/aichallenge2023-integration-final-main/install/tier4_rtc_msgs/share/tier4_rtc_msgs/cmake/tier4_rtc_msgs__rosidl_typesupport_cExport.cmake
[11.484s] -- Up-to-date: /home/autoware/aichallenge2023-integration-final-main/install/tier4_rtc_msgs/share/tier4_rtc_msgs/cmake/tier4_rtc_msgs__rosidl_typesupport_cExport-release.cmake
[11.484s] -- Up-to-date: /home/autoware/aichallenge2023-integration-final-main/install/tier4_rtc_msgs/share/tier4_rtc_msgs/cmake/export_tier4_rtc_msgs__rosidl_generator_cppExport.cmake
[11.484s] -- Up-to-date: /home/autoware/aichallenge2023-integration-final-main/install/tier4_rtc_msgs/share/tier4_rtc_msgs/cmake/export_tier4_rtc_msgs__rosidl_typesupport_fastrtps_cppExport.cmake
[11.484s] -- Up-to-date: /home/autoware/aichallenge2023-integration-final-main/install/tier4_rtc_msgs/share/tier4_rtc_msgs/cmake/export_tier4_rtc_msgs__rosidl_typesupport_fastrtps_cppExport-release.cmake
[11.484s] -- Up-to-date: /home/autoware/aichallenge2023-integration-final-main/install/tier4_rtc_msgs/share/tier4_rtc_msgs/cmake/tier4_rtc_msgs__rosidl_typesupport_introspection_cppExport.cmake
[11.484s] -- Up-to-date: /home/autoware/aichallenge2023-integration-final-main/install/tier4_rtc_msgs/share/tier4_rtc_msgs/cmake/tier4_rtc_msgs__rosidl_typesupport_introspection_cppExport-release.cmake
[11.484s] -- Up-to-date: /home/autoware/aichallenge2023-integration-final-main/install/tier4_rtc_msgs/share/tier4_rtc_msgs/cmake/tier4_rtc_msgs__rosidl_typesupport_cppExport.cmake
[11.485s] -- Up-to-date: /home/autoware/aichallenge2023-integration-final-main/install/tier4_rtc_msgs/share/tier4_rtc_msgs/cmake/tier4_rtc_msgs__rosidl_typesupport_cppExport-release.cmake
[11.485s] -- Up-to-date: /home/autoware/aichallenge2023-integration-final-main/install/tier4_rtc_msgs/share/tier4_rtc_msgs/cmake/export_tier4_rtc_msgs__rosidl_generator_pyExport.cmake
[11.485s] -- Up-to-date: /home/autoware/aichallenge2023-integration-final-main/install/tier4_rtc_msgs/share/tier4_rtc_msgs/cmake/export_tier4_rtc_msgs__rosidl_generator_pyExport-release.cmake
[11.492s] Invoked command in '/home/autoware/aichallenge2023-integration-final-main/build/tier4_rtc_msgs' returned '0': CMAKE_PREFIX_PATH=${CMAKE_PREFIX_PATH}:/home/autoware/aichallenge2023-integration-final-main/install/simulator_compatibility_test:/home/autoware/aichallenge2023-integration-final-main/install/ad_api_visualizers:/home/autoware/autoware/install/simulator_compatibility_test:/home/autoware/autoware/install/ad_api_visualizers:/opt/ros/humble /usr/bin/cmake --install /home/autoware/aichallenge2023-integration-final-main/build/tier4_rtc_msgs
