[0.133s] Invoking command in '/home/autoware/aichallenge2023-integration-final-main/build/autoware_control_msgs': CMAKE_PREFIX_PATH=${CMAKE_PREFIX_PATH}:/home/autoware/aichallenge2023-integration-final-main/install/simulator_compatibility_test:/home/autoware/aichallenge2023-integration-final-main/install/ad_api_visualizers:/home/autoware/autoware/install/simulator_compatibility_test:/home/autoware/autoware/install/ad_api_visualizers:/opt/ros/humble /usr/bin/cmake --build /home/autoware/aichallenge2023-integration-final-main/build/autoware_control_msgs -- -j16 -l16
[0.805s] [ 10%] Built target autoware_control_msgs__rosidl_generator_c
[0.844s] [ 12%] Built target autoware_control_msgs__cpp
[0.924s] [ 12%] Built target ament_cmake_python_symlink_autoware_control_msgs
[1.174s] [ 23%] Built target autoware_control_msgs__rosidl_typesupport_fastrtps_c
[1.174s] [ 34%] Built target autoware_control_msgs__rosidl_typesupport_introspection_c
[1.237s] [ 45%] Built target autoware_control_msgs__rosidl_typesupport_c
[1.263s] [ 56%] Built target autoware_control_msgs__rosidl_typesupport_fastrtps_cpp
[1.280s] [ 67%] Built target autoware_control_msgs__rosidl_typesupport_introspection_cpp
[1.290s] [ 78%] Built target autoware_control_msgs__rosidl_typesupport_cpp
[1.604s] [ 78%] Built target autoware_control_msgs
[1.988s] running egg_info
[1.992s] writing autoware_control_msgs.egg-info/PKG-INFO
[1.993s] writing dependency_links to autoware_control_msgs.egg-info/dependency_links.txt
[1.995s] writing top-level names to autoware_control_msgs.egg-info/top_level.txt
[1.996s] reading manifest file 'autoware_control_msgs.egg-info/SOURCES.txt'
[1.997s] writing manifest file 'autoware_control_msgs.egg-info/SOURCES.txt'
[2.001s] [ 80%] Built target autoware_control_msgs__py
[2.188s] [ 80%] Built target ament_cmake_python_build_autoware_control_msgs_egg
[2.385s] [ 89%] Built target autoware_control_msgs__rosidl_generator_py
[2.789s] [ 92%] Built target autoware_control_msgs__rosidl_typesupport_fastrtps_c__pyext
[2.823s] [ 96%] Built target autoware_control_msgs__rosidl_typesupport_introspection_c__pyext
[2.846s] [100%] Built target autoware_control_msgs__rosidl_typesupport_c__pyext
[2.976s] Invoked command in '/home/autoware/aichallenge2023-integration-final-main/build/autoware_control_msgs' returned '0': CMAKE_PREFIX_PATH=${CMAKE_PREFIX_PATH}:/home/autoware/aichallenge2023-integration-final-main/install/simulator_compatibility_test:/home/autoware/aichallenge2023-integration-final-main/install/ad_api_visualizers:/home/autoware/autoware/install/simulator_compatibility_test:/home/autoware/autoware/install/ad_api_visualizers:/opt/ros/humble /usr/bin/cmake --build /home/autoware/aichallenge2023-integration-final-main/build/autoware_control_msgs -- -j16 -l16
[7.776s] Invoking command in '/home/autoware/aichallenge2023-integration-final-main/build/autoware_control_msgs': CMAKE_PREFIX_PATH=${CMAKE_PREFIX_PATH}:/home/autoware/aichallenge2023-integration-final-main/install/simulator_compatibility_test:/home/autoware/aichallenge2023-integration-final-main/install/ad_api_visualizers:/home/autoware/autoware/install/simulator_compatibility_test:/home/autoware/autoware/install/ad_api_visualizers:/opt/ros/humble /usr/bin/cmake --install /home/autoware/aichallenge2023-integration-final-main/build/autoware_control_msgs
[7.865s] -- Install configuration: "Release"
[7.887s] -- Execute custom install script
[7.887s] -- Up-to-date symlink: /home/autoware/aichallenge2023-integration-final-main/install/autoware_control_msgs/share/ament_index/resource_index/rosidl_interfaces/autoware_control_msgs
[7.887s] -- Up-to-date symlink: /home/autoware/aichallenge2023-integration-final-main/install/autoware_control_msgs/include/autoware_control_msgs/autoware_control_msgs/msg/control.h
[7.891s] -- Up-to-date symlink: /home/autoware/aichallenge2023-integration-final-main/install/autoware_control_msgs/include/autoware_control_msgs/autoware_control_msgs/msg/control_horizon.h
[7.892s] -- Up-to-date symlink: /home/autoware/aichallenge2023-integration-final-main/install/autoware_control_msgs/include/autoware_control_msgs/autoware_control_msgs/msg/detail/control__functions.h
[7.892s] -- Up-to-date symlink: /home/autoware/aichallenge2023-integration-final-main/install/autoware_control_msgs/include/autoware_control_msgs/autoware_control_msgs/msg/detail/control__struct.h
[7.892s] -- Up-to-date symlink: /home/autoware/aichallenge2023-integration-final-main/install/autoware_control_msgs/include/autoware_control_msgs/autoware_control_msgs/msg/detail/control__type_support.h
[7.892s] -- Up-to-date symlink: /home/autoware/aichallenge2023-integration-final-main/install/autoware_control_msgs/include/autoware_control_msgs/autoware_control_msgs/msg/detail/control_horizon__functions.h
[7.892s] -- Up-to-date symlink: /home/autoware/aichallenge2023-integration-final-main/install/autoware_control_msgs/include/autoware_control_msgs/autoware_control_msgs/msg/detail/control_horizon__struct.h
[7.892s] -- Up-to-date symlink: /home/autoware/aichallenge2023-integration-final-main/install/autoware_control_msgs/include/autoware_control_msgs/autoware_control_msgs/msg/detail/control_horizon__type_support.h
[7.892s] -- Up-to-date symlink: /home/autoware/aichallenge2023-integration-final-main/install/autoware_control_msgs/include/autoware_control_msgs/autoware_control_msgs/msg/detail/lateral__functions.h
[7.893s] -- Up-to-date symlink: /home/autoware/aichallenge2023-integration-final-main/install/autoware_control_msgs/include/autoware_control_msgs/autoware_control_msgs/msg/detail/lateral__struct.h
[7.893s] -- Up-to-date symlink: /home/autoware/aichallenge2023-integration-final-main/install/autoware_control_msgs/include/autoware_control_msgs/autoware_control_msgs/msg/detail/lateral__type_support.h
[7.893s] -- Up-to-date symlink: /home/autoware/aichallenge2023-integration-final-main/install/autoware_control_msgs/include/autoware_control_msgs/autoware_control_msgs/msg/detail/longitudinal__functions.h
[7.893s] -- Up-to-date symlink: /home/autoware/aichallenge2023-integration-final-main/install/autoware_control_msgs/include/autoware_control_msgs/autoware_control_msgs/msg/detail/longitudinal__struct.h
[7.893s] -- Up-to-date symlink: /home/autoware/aichallenge2023-integration-final-main/install/autoware_control_msgs/include/autoware_control_msgs/autoware_control_msgs/msg/detail/longitudinal__type_support.h
[7.893s] -- Up-to-date symlink: /home/autoware/aichallenge2023-integration-final-main/install/autoware_control_msgs/include/autoware_control_msgs/autoware_control_msgs/msg/lateral.h
[7.893s] -- Up-to-date symlink: /home/autoware/aichallenge2023-integration-final-main/install/autoware_control_msgs/include/autoware_control_msgs/autoware_control_msgs/msg/longitudinal.h
[7.893s] -- Up-to-date symlink: /home/autoware/aichallenge2023-integration-final-main/install/autoware_control_msgs/include/autoware_control_msgs/autoware_control_msgs/msg/rosidl_generator_c__visibility_control.h
[7.893s] -- Up-to-date symlink: /home/autoware/aichallenge2023-integration-final-main/install/autoware_control_msgs/share/autoware_control_msgs/environment/library_path.sh
[7.894s] -- Up-to-date symlink: /home/autoware/aichallenge2023-integration-final-main/install/autoware_control_msgs/share/autoware_control_msgs/environment/library_path.dsv
[7.894s] -- Up-to-date symlink: /home/autoware/aichallenge2023-integration-final-main/install/autoware_control_msgs/include/autoware_control_msgs/autoware_control_msgs/msg/detail/control__rosidl_typesupport_fastrtps_c.h
[7.894s] -- Up-to-date symlink: /home/autoware/aichallenge2023-integration-final-main/install/autoware_control_msgs/include/autoware_control_msgs/autoware_control_msgs/msg/detail/control_horizon__rosidl_typesupport_fastrtps_c.h
[7.894s] -- Up-to-date symlink: /home/autoware/aichallenge2023-integration-final-main/install/autoware_control_msgs/include/autoware_control_msgs/autoware_control_msgs/msg/detail/lateral__rosidl_typesupport_fastrtps_c.h
[7.894s] -- Up-to-date symlink: /home/autoware/aichallenge2023-integration-final-main/install/autoware_control_msgs/include/autoware_control_msgs/autoware_control_msgs/msg/detail/longitudinal__rosidl_typesupport_fastrtps_c.h
[7.894s] -- Up-to-date symlink: /home/autoware/aichallenge2023-integration-final-main/install/autoware_control_msgs/include/autoware_control_msgs/autoware_control_msgs/msg/rosidl_typesupport_fastrtps_c__visibility_control.h
[7.894s] -- Up-to-date symlink: /home/autoware/aichallenge2023-integration-final-main/install/autoware_control_msgs/include/autoware_control_msgs/autoware_control_msgs/msg/control.hpp
[7.894s] -- Up-to-date symlink: /home/autoware/aichallenge2023-integration-final-main/install/autoware_control_msgs/include/autoware_control_msgs/autoware_control_msgs/msg/control_horizon.hpp
[7.895s] -- Up-to-date symlink: /home/autoware/aichallenge2023-integration-final-main/install/autoware_control_msgs/include/autoware_control_msgs/autoware_control_msgs/msg/detail/control__builder.hpp
[7.895s] -- Up-to-date symlink: /home/autoware/aichallenge2023-integration-final-main/install/autoware_control_msgs/include/autoware_control_msgs/autoware_control_msgs/msg/detail/control__struct.hpp
[7.895s] -- Up-to-date symlink: /home/autoware/aichallenge2023-integration-final-main/install/autoware_control_msgs/include/autoware_control_msgs/autoware_control_msgs/msg/detail/control__traits.hpp
[7.895s] -- Up-to-date symlink: /home/autoware/aichallenge2023-integration-final-main/install/autoware_control_msgs/include/autoware_control_msgs/autoware_control_msgs/msg/detail/control_horizon__builder.hpp
[7.895s] -- Up-to-date symlink: /home/autoware/aichallenge2023-integration-final-main/install/autoware_control_msgs/include/autoware_control_msgs/autoware_control_msgs/msg/detail/control_horizon__struct.hpp
[7.895s] -- Up-to-date symlink: /home/autoware/aichallenge2023-integration-final-main/install/autoware_control_msgs/include/autoware_control_msgs/autoware_control_msgs/msg/detail/control_horizon__traits.hpp
[7.895s] -- Up-to-date symlink: /home/autoware/aichallenge2023-integration-final-main/install/autoware_control_msgs/include/autoware_control_msgs/autoware_control_msgs/msg/detail/lateral__builder.hpp
[7.895s] -- Up-to-date symlink: /home/autoware/aichallenge2023-integration-final-main/install/autoware_control_msgs/include/autoware_control_msgs/autoware_control_msgs/msg/detail/lateral__struct.hpp
[7.895s] -- Up-to-date symlink: /home/autoware/aichallenge2023-integration-final-main/install/autoware_control_msgs/include/autoware_control_msgs/autoware_control_msgs/msg/detail/lateral__traits.hpp
[7.895s] -- Up-to-date symlink: /home/autoware/aichallenge2023-integration-final-main/install/autoware_control_msgs/include/autoware_control_msgs/autoware_control_msgs/msg/detail/longitudinal__builder.hpp
[7.895s] -- Up-to-date symlink: /home/autoware/aichallenge2023-integration-final-main/install/autoware_control_msgs/include/autoware_control_msgs/autoware_control_msgs/msg/detail/longitudinal__struct.hpp
[7.896s] -- Up-to-date symlink: /home/autoware/aichallenge2023-integration-final-main/install/autoware_control_msgs/include/autoware_control_msgs/autoware_control_msgs/msg/detail/longitudinal__traits.hpp
[7.896s] -- Up-to-date symlink: /home/autoware/aichallenge2023-integration-final-main/install/autoware_control_msgs/include/autoware_control_msgs/autoware_control_msgs/msg/lateral.hpp
[7.896s] -- Up-to-date symlink: /home/autoware/aichallenge2023-integration-final-main/install/autoware_control_msgs/include/autoware_control_msgs/autoware_control_msgs/msg/longitudinal.hpp
[7.896s] -- Up-to-date symlink: /home/autoware/aichallenge2023-integration-final-main/install/autoware_control_msgs/include/autoware_control_msgs/autoware_control_msgs/msg/detail/control__rosidl_typesupport_fastrtps_cpp.hpp
[7.896s] -- Up-to-date symlink: /home/autoware/aichallenge2023-integration-final-main/install/autoware_control_msgs/include/autoware_control_msgs/autoware_control_msgs/msg/detail/control_horizon__rosidl_typesupport_fastrtps_cpp.hpp
[7.896s] -- Up-to-date symlink: /home/autoware/aichallenge2023-integration-final-main/install/autoware_control_msgs/include/autoware_control_msgs/autoware_control_msgs/msg/detail/lateral__rosidl_typesupport_fastrtps_cpp.hpp
[7.896s] -- Up-to-date symlink: /home/autoware/aichallenge2023-integration-final-main/install/autoware_control_msgs/include/autoware_control_msgs/autoware_control_msgs/msg/detail/longitudinal__rosidl_typesupport_fastrtps_cpp.hpp
[7.896s] -- Up-to-date symlink: /home/autoware/aichallenge2023-integration-final-main/install/autoware_control_msgs/include/autoware_control_msgs/autoware_control_msgs/msg/rosidl_typesupport_fastrtps_cpp__visibility_control.h
[7.896s] -- Up-to-date symlink: /home/autoware/aichallenge2023-integration-final-main/install/autoware_control_msgs/include/autoware_control_msgs/autoware_control_msgs/msg/detail/control__rosidl_typesupport_introspection_c.h
[7.896s] -- Up-to-date symlink: /home/autoware/aichallenge2023-integration-final-main/install/autoware_control_msgs/include/autoware_control_msgs/autoware_control_msgs/msg/detail/control_horizon__rosidl_typesupport_introspection_c.h
[7.897s] -- Up-to-date symlink: /home/autoware/aichallenge2023-integration-final-main/install/autoware_control_msgs/include/autoware_control_msgs/autoware_control_msgs/msg/detail/lateral__rosidl_typesupport_introspection_c.h
[7.897s] -- Up-to-date symlink: /home/autoware/aichallenge2023-integration-final-main/install/autoware_control_msgs/include/autoware_control_msgs/autoware_control_msgs/msg/detail/longitudinal__rosidl_typesupport_introspection_c.h
[7.897s] -- Up-to-date symlink: /home/autoware/aichallenge2023-integration-final-main/install/autoware_control_msgs/include/autoware_control_msgs/autoware_control_msgs/msg/rosidl_typesupport_introspection_c__visibility_control.h
[7.897s] -- Up-to-date symlink: /home/autoware/aichallenge2023-integration-final-main/install/autoware_control_msgs/include/autoware_control_msgs/autoware_control_msgs/msg/detail/control__rosidl_typesupport_introspection_cpp.hpp
[7.897s] -- Up-to-date symlink: /home/autoware/aichallenge2023-integration-final-main/install/autoware_control_msgs/include/autoware_control_msgs/autoware_control_msgs/msg/detail/control_horizon__rosidl_typesupport_introspection_cpp.hpp
[7.897s] -- Up-to-date symlink: /home/autoware/aichallenge2023-integration-final-main/install/autoware_control_msgs/include/autoware_control_msgs/autoware_control_msgs/msg/detail/lateral__rosidl_typesupport_introspection_cpp.hpp
[7.897s] -- Up-to-date symlink: /home/autoware/aichallenge2023-integration-final-main/install/autoware_control_msgs/include/autoware_control_msgs/autoware_control_msgs/msg/detail/longitudinal__rosidl_typesupport_introspection_cpp.hpp
[7.897s] -- Up-to-date symlink: /home/autoware/aichallenge2023-integration-final-main/install/autoware_control_msgs/share/autoware_control_msgs/environment/pythonpath.sh
[7.897s] -- Up-to-date symlink: /home/autoware/aichallenge2023-integration-final-main/install/autoware_control_msgs/share/autoware_control_msgs/environment/pythonpath.dsv
[7.898s] -- Up-to-date symlink: /home/autoware/aichallenge2023-integration-final-main/install/autoware_control_msgs/local/lib/python3.10/dist-packages/autoware_control_msgs-1.0.0-py3.10.egg-info/PKG-INFO
[7.898s] -- Up-to-date symlink: /home/autoware/aichallenge2023-integration-final-main/install/autoware_control_msgs/local/lib/python3.10/dist-packages/autoware_control_msgs-1.0.0-py3.10.egg-info/SOURCES.txt
[7.898s] -- Up-to-date symlink: /home/autoware/aichallenge2023-integration-final-main/install/autoware_control_msgs/local/lib/python3.10/dist-packages/autoware_control_msgs-1.0.0-py3.10.egg-info/dependency_links.txt
[7.898s] -- Up-to-date symlink: /home/autoware/aichallenge2023-integration-final-main/install/autoware_control_msgs/local/lib/python3.10/dist-packages/autoware_control_msgs-1.0.0-py3.10.egg-info/top_level.txt
[7.898s] -- Up-to-date symlink: /home/autoware/aichallenge2023-integration-final-main/install/autoware_control_msgs/local/lib/python3.10/dist-packages/autoware_control_msgs/__init__.py
[7.898s] -- Up-to-date symlink: /home/autoware/aichallenge2023-integration-final-main/install/autoware_control_msgs/local/lib/python3.10/dist-packages/autoware_control_msgs/_autoware_control_msgs_s.ep.rosidl_typesupport_c.c
[7.898s] -- Up-to-date symlink: /home/autoware/aichallenge2023-integration-final-main/install/autoware_control_msgs/local/lib/python3.10/dist-packages/autoware_control_msgs/_autoware_control_msgs_s.ep.rosidl_typesupport_fastrtps_c.c
[7.898s] -- Up-to-date symlink: /home/autoware/aichallenge2023-integration-final-main/install/autoware_control_msgs/local/lib/python3.10/dist-packages/autoware_control_msgs/_autoware_control_msgs_s.ep.rosidl_typesupport_introspection_c.c
[7.898s] -- Up-to-date symlink: /home/autoware/aichallenge2023-integration-final-main/install/autoware_control_msgs/local/lib/python3.10/dist-packages/autoware_control_msgs/autoware_control_msgs_s__rosidl_typesupport_c.cpython-310-x86_64-linux-gnu.so
[7.898s] -- Up-to-date symlink: /home/autoware/aichallenge2023-integration-final-main/install/autoware_control_msgs/local/lib/python3.10/dist-packages/autoware_control_msgs/autoware_control_msgs_s__rosidl_typesupport_fastrtps_c.cpython-310-x86_64-linux-gnu.so
[7.898s] -- Up-to-date symlink: /home/autoware/aichallenge2023-integration-final-main/install/autoware_control_msgs/local/lib/python3.10/dist-packages/autoware_control_msgs/autoware_control_msgs_s__rosidl_typesupport_introspection_c.cpython-310-x86_64-linux-gnu.so
[7.899s] -- Up-to-date symlink: /home/autoware/aichallenge2023-integration-final-main/install/autoware_control_msgs/local/lib/python3.10/dist-packages/autoware_control_msgs/libautoware_control_msgs__rosidl_generator_py.so
[7.899s] -- Up-to-date symlink: /home/autoware/aichallenge2023-integration-final-main/install/autoware_control_msgs/local/lib/python3.10/dist-packages/autoware_control_msgs/msg/__init__.py
[7.899s] -- Up-to-date symlink: /home/autoware/aichallenge2023-integration-final-main/install/autoware_control_msgs/local/lib/python3.10/dist-packages/autoware_control_msgs/msg/_control.py
[7.899s] -- Up-to-date symlink: /home/autoware/aichallenge2023-integration-final-main/install/autoware_control_msgs/local/lib/python3.10/dist-packages/autoware_control_msgs/msg/_control_horizon.py
[7.899s] -- Up-to-date symlink: /home/autoware/aichallenge2023-integration-final-main/install/autoware_control_msgs/local/lib/python3.10/dist-packages/autoware_control_msgs/msg/_control_horizon_s.c
[7.899s] -- Up-to-date symlink: /home/autoware/aichallenge2023-integration-final-main/install/autoware_control_msgs/local/lib/python3.10/dist-packages/autoware_control_msgs/msg/_control_s.c
[7.899s] -- Up-to-date symlink: /home/autoware/aichallenge2023-integration-final-main/install/autoware_control_msgs/local/lib/python3.10/dist-packages/autoware_control_msgs/msg/_lateral.py
[7.899s] -- Up-to-date symlink: /home/autoware/aichallenge2023-integration-final-main/install/autoware_control_msgs/local/lib/python3.10/dist-packages/autoware_control_msgs/msg/_lateral_s.c
[7.899s] -- Up-to-date symlink: /home/autoware/aichallenge2023-integration-final-main/install/autoware_control_msgs/local/lib/python3.10/dist-packages/autoware_control_msgs/msg/_longitudinal.py
[7.899s] -- Up-to-date symlink: /home/autoware/aichallenge2023-integration-final-main/install/autoware_control_msgs/local/lib/python3.10/dist-packages/autoware_control_msgs/msg/_longitudinal_s.c
[7.899s] -- Up-to-date symlink: /home/autoware/aichallenge2023-integration-final-main/install/autoware_control_msgs/local/lib/python3.10/dist-packages/autoware_control_msgs/autoware_control_msgs_s__rosidl_typesupport_fastrtps_c.cpython-310-x86_64-linux-gnu.so
[7.900s] -- Up-to-date symlink: /home/autoware/aichallenge2023-integration-final-main/install/autoware_control_msgs/local/lib/python3.10/dist-packages/autoware_control_msgs/autoware_control_msgs_s__rosidl_typesupport_introspection_c.cpython-310-x86_64-linux-gnu.so
[7.900s] -- Up-to-date symlink: /home/autoware/aichallenge2023-integration-final-main/install/autoware_control_msgs/local/lib/python3.10/dist-packages/autoware_control_msgs/autoware_control_msgs_s__rosidl_typesupport_c.cpython-310-x86_64-linux-gnu.so
[7.900s] -- Up-to-date symlink: /home/autoware/aichallenge2023-integration-final-main/install/autoware_control_msgs/share/autoware_control_msgs/msg/Control.idl
[7.900s] -- Up-to-date symlink: /home/autoware/aichallenge2023-integration-final-main/install/autoware_control_msgs/share/autoware_control_msgs/msg/ControlHorizon.idl
[7.900s] -- Up-to-date symlink: /home/autoware/aichallenge2023-integration-final-main/install/autoware_control_msgs/share/autoware_control_msgs/msg/Lateral.idl
[7.900s] -- Up-to-date symlink: /home/autoware/aichallenge2023-integration-final-main/install/autoware_control_msgs/share/autoware_control_msgs/msg/Longitudinal.idl
[7.900s] -- Up-to-date symlink: /home/autoware/aichallenge2023-integration-final-main/install/autoware_control_msgs/share/autoware_control_msgs/msg/Control.msg
[7.900s] -- Up-to-date symlink: /home/autoware/aichallenge2023-integration-final-main/install/autoware_control_msgs/share/autoware_control_msgs/msg/ControlHorizon.msg
[7.900s] -- Up-to-date symlink: /home/autoware/aichallenge2023-integration-final-main/install/autoware_control_msgs/share/autoware_control_msgs/msg/Lateral.msg
[7.900s] -- Up-to-date symlink: /home/autoware/aichallenge2023-integration-final-main/install/autoware_control_msgs/share/autoware_control_msgs/msg/Longitudinal.msg
[7.901s] -- Up-to-date symlink: /home/autoware/aichallenge2023-integration-final-main/install/autoware_control_msgs/share/ament_index/resource_index/package_run_dependencies/autoware_control_msgs
[7.901s] -- Up-to-date symlink: /home/autoware/aichallenge2023-integration-final-main/install/autoware_control_msgs/share/ament_index/resource_index/parent_prefix_path/autoware_control_msgs
[7.901s] -- Up-to-date symlink: /home/autoware/aichallenge2023-integration-final-main/install/autoware_control_msgs/share/autoware_control_msgs/environment/ament_prefix_path.sh
[7.901s] -- Up-to-date symlink: /home/autoware/aichallenge2023-integration-final-main/install/autoware_control_msgs/share/autoware_control_msgs/environment/ament_prefix_path.dsv
[7.901s] -- Up-to-date symlink: /home/autoware/aichallenge2023-integration-final-main/install/autoware_control_msgs/share/autoware_control_msgs/environment/path.sh
[7.901s] -- Up-to-date symlink: /home/autoware/aichallenge2023-integration-final-main/install/autoware_control_msgs/share/autoware_control_msgs/environment/path.dsv
[7.901s] -- Up-to-date symlink: /home/autoware/aichallenge2023-integration-final-main/install/autoware_control_msgs/share/autoware_control_msgs/local_setup.bash
[7.901s] -- Up-to-date symlink: /home/autoware/aichallenge2023-integration-final-main/install/autoware_control_msgs/share/autoware_control_msgs/local_setup.sh
[7.901s] -- Up-to-date symlink: /home/autoware/aichallenge2023-integration-final-main/install/autoware_control_msgs/share/autoware_control_msgs/local_setup.zsh
[7.901s] -- Up-to-date symlink: /home/autoware/aichallenge2023-integration-final-main/install/autoware_control_msgs/share/autoware_control_msgs/local_setup.dsv
[7.901s] -- Symlinking: /home/autoware/aichallenge2023-integration-final-main/install/autoware_control_msgs/share/autoware_control_msgs/package.dsv
[8.010s] -- Up-to-date symlink: /home/autoware/aichallenge2023-integration-final-main/install/autoware_control_msgs/share/ament_index/resource_index/packages/autoware_control_msgs
[8.010s] -- Up-to-date symlink: /home/autoware/aichallenge2023-integration-final-main/install/autoware_control_msgs/share/autoware_control_msgs/cmake/rosidl_cmake-extras.cmake
[8.010s] -- Up-to-date symlink: /home/autoware/aichallenge2023-integration-final-main/install/autoware_control_msgs/share/autoware_control_msgs/cmake/ament_cmake_export_dependencies-extras.cmake
[8.010s] -- Up-to-date symlink: /home/autoware/aichallenge2023-integration-final-main/install/autoware_control_msgs/share/autoware_control_msgs/cmake/ament_cmake_export_include_directories-extras.cmake
[8.010s] -- Up-to-date symlink: /home/autoware/aichallenge2023-integration-final-main/install/autoware_control_msgs/share/autoware_control_msgs/cmake/ament_cmake_export_libraries-extras.cmake
[8.011s] -- Up-to-date symlink: /home/autoware/aichallenge2023-integration-final-main/install/autoware_control_msgs/share/autoware_control_msgs/cmake/ament_cmake_export_targets-extras.cmake
[8.011s] -- Up-to-date symlink: /home/autoware/aichallenge2023-integration-final-main/install/autoware_control_msgs/share/autoware_control_msgs/cmake/rosidl_cmake_export_typesupport_targets-extras.cmake
[8.011s] -- Up-to-date symlink: /home/autoware/aichallenge2023-integration-final-main/install/autoware_control_msgs/share/autoware_control_msgs/cmake/rosidl_cmake_export_typesupport_libraries-extras.cmake
[8.012s] -- Up-to-date symlink: /home/autoware/aichallenge2023-integration-final-main/install/autoware_control_msgs/share/autoware_control_msgs/cmake/autoware_control_msgsConfig.cmake
[8.012s] -- Up-to-date symlink: /home/autoware/aichallenge2023-integration-final-main/install/autoware_control_msgs/share/autoware_control_msgs/cmake/autoware_control_msgsConfig-version.cmake
[8.012s] -- Up-to-date symlink: /home/autoware/aichallenge2023-integration-final-main/install/autoware_control_msgs/share/autoware_control_msgs/package.xml
[8.012s] -- Up-to-date: /home/autoware/aichallenge2023-integration-final-main/install/autoware_control_msgs/lib/libautoware_control_msgs__rosidl_generator_c.so
[8.013s] -- Up-to-date: /home/autoware/aichallenge2023-integration-final-main/install/autoware_control_msgs/lib/libautoware_control_msgs__rosidl_typesupport_fastrtps_c.so
[8.013s] -- Up-to-date: /home/autoware/aichallenge2023-integration-final-main/install/autoware_control_msgs/lib/libautoware_control_msgs__rosidl_typesupport_fastrtps_cpp.so
[8.013s] -- Up-to-date: /home/autoware/aichallenge2023-integration-final-main/install/autoware_control_msgs/lib/libautoware_control_msgs__rosidl_typesupport_introspection_c.so
[8.014s] -- Up-to-date: /home/autoware/aichallenge2023-integration-final-main/install/autoware_control_msgs/lib/libautoware_control_msgs__rosidl_typesupport_c.so
[8.014s] -- Up-to-date: /home/autoware/aichallenge2023-integration-final-main/install/autoware_control_msgs/lib/libautoware_control_msgs__rosidl_typesupport_introspection_cpp.so
[8.015s] -- Up-to-date: /home/autoware/aichallenge2023-integration-final-main/install/autoware_control_msgs/lib/libautoware_control_msgs__rosidl_typesupport_cpp.so
[8.203s] Listing '/home/autoware/aichallenge2023-integration-final-main/install/autoware_control_msgs/local/lib/python3.10/dist-packages/autoware_control_msgs'...
[8.203s] Listing '/home/autoware/aichallenge2023-integration-final-main/install/autoware_control_msgs/local/lib/python3.10/dist-packages/autoware_control_msgs/msg'...
[8.210s] -- Up-to-date: /home/autoware/aichallenge2023-integration-final-main/install/autoware_control_msgs/lib/libautoware_control_msgs__rosidl_generator_py.so
[8.211s] -- Up-to-date: /home/autoware/aichallenge2023-integration-final-main/install/autoware_control_msgs/share/autoware_control_msgs/cmake/export_autoware_control_msgs__rosidl_generator_cExport.cmake
[8.211s] -- Up-to-date: /home/autoware/aichallenge2023-integration-final-main/install/autoware_control_msgs/share/autoware_control_msgs/cmake/export_autoware_control_msgs__rosidl_generator_cExport-release.cmake
[8.211s] -- Up-to-date: /home/autoware/aichallenge2023-integration-final-main/install/autoware_control_msgs/share/autoware_control_msgs/cmake/export_autoware_control_msgs__rosidl_typesupport_fastrtps_cExport.cmake
[8.211s] -- Up-to-date: /home/autoware/aichallenge2023-integration-final-main/install/autoware_control_msgs/share/autoware_control_msgs/cmake/export_autoware_control_msgs__rosidl_typesupport_fastrtps_cExport-release.cmake
[8.211s] -- Up-to-date: /home/autoware/aichallenge2023-integration-final-main/install/autoware_control_msgs/share/autoware_control_msgs/cmake/export_autoware_control_msgs__rosidl_generator_cppExport.cmake
[8.211s] -- Up-to-date: /home/autoware/aichallenge2023-integration-final-main/install/autoware_control_msgs/share/autoware_control_msgs/cmake/export_autoware_control_msgs__rosidl_typesupport_fastrtps_cppExport.cmake
[8.212s] -- Up-to-date: /home/autoware/aichallenge2023-integration-final-main/install/autoware_control_msgs/share/autoware_control_msgs/cmake/export_autoware_control_msgs__rosidl_typesupport_fastrtps_cppExport-release.cmake
[8.212s] -- Up-to-date: /home/autoware/aichallenge2023-integration-final-main/install/autoware_control_msgs/share/autoware_control_msgs/cmake/autoware_control_msgs__rosidl_typesupport_introspection_cExport.cmake
[8.212s] -- Up-to-date: /home/autoware/aichallenge2023-integration-final-main/install/autoware_control_msgs/share/autoware_control_msgs/cmake/autoware_control_msgs__rosidl_typesupport_introspection_cExport-release.cmake
[8.212s] -- Up-to-date: /home/autoware/aichallenge2023-integration-final-main/install/autoware_control_msgs/share/autoware_control_msgs/cmake/autoware_control_msgs__rosidl_typesupport_cExport.cmake
[8.212s] -- Up-to-date: /home/autoware/aichallenge2023-integration-final-main/install/autoware_control_msgs/share/autoware_control_msgs/cmake/autoware_control_msgs__rosidl_typesupport_cExport-release.cmake
[8.212s] -- Up-to-date: /home/autoware/aichallenge2023-integration-final-main/install/autoware_control_msgs/share/autoware_control_msgs/cmake/autoware_control_msgs__rosidl_typesupport_introspection_cppExport.cmake
[8.213s] -- Up-to-date: /home/autoware/aichallenge2023-integration-final-main/install/autoware_control_msgs/share/autoware_control_msgs/cmake/autoware_control_msgs__rosidl_typesupport_introspection_cppExport-release.cmake
[8.213s] -- Up-to-date: /home/autoware/aichallenge2023-integration-final-main/install/autoware_control_msgs/share/autoware_control_msgs/cmake/autoware_control_msgs__rosidl_typesupport_cppExport.cmake
[8.213s] -- Up-to-date: /home/autoware/aichallenge2023-integration-final-main/install/autoware_control_msgs/share/autoware_control_msgs/cmake/autoware_control_msgs__rosidl_typesupport_cppExport-release.cmake
[8.213s] -- Up-to-date: /home/autoware/aichallenge2023-integration-final-main/install/autoware_control_msgs/share/autoware_control_msgs/cmake/export_autoware_control_msgs__rosidl_generator_pyExport.cmake
[8.213s] -- Up-to-date: /home/autoware/aichallenge2023-integration-final-main/install/autoware_control_msgs/share/autoware_control_msgs/cmake/export_autoware_control_msgs__rosidl_generator_pyExport-release.cmake
[8.235s] Invoked command in '/home/autoware/aichallenge2023-integration-final-main/build/autoware_control_msgs' returned '0': CMAKE_PREFIX_PATH=${CMAKE_PREFIX_PATH}:/home/autoware/aichallenge2023-integration-final-main/install/simulator_compatibility_test:/home/autoware/aichallenge2023-integration-final-main/install/ad_api_visualizers:/home/autoware/autoware/install/simulator_compatibility_test:/home/autoware/autoware/install/ad_api_visualizers:/opt/ros/humble /usr/bin/cmake --install /home/autoware/aichallenge2023-integration-final-main/build/autoware_control_msgs
