[0.080s] Invoking command in '/home/autoware/aichallenge2023-integration-final-main/build/livox_description': CMAKE_PREFIX_PATH=${CMAKE_PREFIX_PATH}:/home/autoware/autoware/install/simulator_compatibility_test:/home/autoware/autoware/install/ad_api_visualizers:/opt/ros/humble /usr/bin/cmake --build /home/autoware/aichallenge2023-integration-final-main/build/livox_description -- -j16 -l16
[0.337s] Invoked command in '/home/autoware/aichallenge2023-integration-final-main/build/livox_description' returned '0': CMAKE_PREFIX_PATH=${CMAKE_PREFIX_PATH}:/home/autoware/autoware/install/simulator_compatibility_test:/home/autoware/autoware/install/ad_api_visualizers:/opt/ros/humble /usr/bin/cmake --build /home/autoware/aichallenge2023-integration-final-main/build/livox_description -- -j16 -l16
[0.628s] Invoking command in '/home/autoware/aichallenge2023-integration-final-main/build/livox_description': CMAKE_PREFIX_PATH=${CMAKE_PREFIX_PATH}:/home/autoware/autoware/install/simulator_compatibility_test:/home/autoware/autoware/install/ad_api_visualizers:/opt/ros/humble /usr/bin/cmake --install /home/autoware/aichallenge2023-integration-final-main/build/livox_description
[0.681s] -- Install configuration: "Release"
[0.683s] -- Execute custom install script
[0.683s] -- Up-to-date symlink: /home/autoware/aichallenge2023-integration-final-main/install/livox_description/share/livox_description/urdf/livox_horizon.xacro
[0.683s] -- Up-to-date symlink: /home/autoware/aichallenge2023-integration-final-main/install/livox_description/share/ament_index/resource_index/package_run_dependencies/livox_description
[0.684s] -- Up-to-date symlink: /home/autoware/aichallenge2023-integration-final-main/install/livox_description/share/ament_index/resource_index/parent_prefix_path/livox_description
[0.684s] -- Up-to-date symlink: /home/autoware/aichallenge2023-integration-final-main/install/livox_description/share/livox_description/environment/ament_prefix_path.sh
[0.686s] -- Up-to-date symlink: /home/autoware/aichallenge2023-integration-final-main/install/livox_description/share/livox_description/environment/ament_prefix_path.dsv
[0.687s] -- Up-to-date symlink: /home/autoware/aichallenge2023-integration-final-main/install/livox_description/share/livox_description/environment/path.sh
[0.688s] -- Up-to-date symlink: /home/autoware/aichallenge2023-integration-final-main/install/livox_description/share/livox_description/environment/path.dsv
[0.691s] -- Up-to-date symlink: /home/autoware/aichallenge2023-integration-final-main/install/livox_description/share/livox_description/local_setup.bash
[0.691s] -- Up-to-date symlink: /home/autoware/aichallenge2023-integration-final-main/install/livox_description/share/livox_description/local_setup.sh
[0.692s] -- Up-to-date symlink: /home/autoware/aichallenge2023-integration-final-main/install/livox_description/share/livox_description/local_setup.zsh
[0.692s] -- Up-to-date symlink: /home/autoware/aichallenge2023-integration-final-main/install/livox_description/share/livox_description/local_setup.dsv
[0.692s] -- Symlinking: /home/autoware/aichallenge2023-integration-final-main/install/livox_description/share/livox_description/package.dsv
[0.752s] -- Up-to-date symlink: /home/autoware/aichallenge2023-integration-final-main/install/livox_description/share/ament_index/resource_index/packages/livox_description
[0.753s] -- Up-to-date symlink: /home/autoware/aichallenge2023-integration-final-main/install/livox_description/share/livox_description/cmake/livox_descriptionConfig.cmake
[0.753s] -- Up-to-date symlink: /home/autoware/aichallenge2023-integration-final-main/install/livox_description/share/livox_description/cmake/livox_descriptionConfig-version.cmake
[0.753s] -- Up-to-date symlink: /home/autoware/aichallenge2023-integration-final-main/install/livox_description/share/livox_description/package.xml
[0.805s] Invoked command in '/home/autoware/aichallenge2023-integration-final-main/build/livox_description' returned '0': CMAKE_PREFIX_PATH=${CMAKE_PREFIX_PATH}:/home/autoware/autoware/install/simulator_compatibility_test:/home/autoware/autoware/install/ad_api_visualizers:/opt/ros/humble /usr/bin/cmake --install /home/autoware/aichallenge2023-integration-final-main/build/livox_description
