[0.271s] Invoking command in '/home/autoware/aichallenge2023-integration-final-main/build/tier4_debug_msgs': CMAKE_PREFIX_PATH=${CMAKE_PREFIX_PATH}:/home/autoware/aichallenge2023-integration-final-main/install/simulator_compatibility_test:/home/autoware/aichallenge2023-integration-final-main/install/ad_api_visualizers:/home/autoware/autoware/install/simulator_compatibility_test:/home/autoware/autoware/install/ad_api_visualizers:/opt/ros/humble /usr/bin/cmake --build /home/autoware/aichallenge2023-integration-final-main/build/tier4_debug_msgs -- -j16 -l16
[1.023s] [  0%] Built target ament_cmake_python_symlink_tier4_debug_msgs
[1.054s] [  0%] Built target tier4_debug_msgs__cpp
[1.118s] [ 12%] Built target tier4_debug_msgs__rosidl_generator_c
[2.012s] [ 23%] Built target tier4_debug_msgs__rosidl_typesupport_fastrtps_cpp
[2.194s] [ 35%] Built target tier4_debug_msgs__rosidl_typesupport_introspection_cpp
[2.415s] [ 47%] Built target tier4_debug_msgs__rosidl_typesupport_introspection_c
[2.534s] [ 59%] Built target tier4_debug_msgs__rosidl_typesupport_cpp
[2.657s] [ 71%] Built target tier4_debug_msgs__rosidl_typesupport_c
[2.657s] [ 83%] Built target tier4_debug_msgs__rosidl_typesupport_fastrtps_c
[3.033s] [ 83%] Built target tier4_debug_msgs
[3.210s] running egg_info
[3.211s] writing tier4_debug_msgs.egg-info/PKG-INFO
[3.211s] writing dependency_links to tier4_debug_msgs.egg-info/dependency_links.txt
[3.212s] writing top-level names to tier4_debug_msgs.egg-info/top_level.txt
[3.215s] reading manifest file 'tier4_debug_msgs.egg-info/SOURCES.txt'
[3.216s] writing manifest file 'tier4_debug_msgs.egg-info/SOURCES.txt'
[3.391s] [ 84%] Built target tier4_debug_msgs__py
[3.418s] [ 84%] Built target ament_cmake_python_build_tier4_debug_msgs_egg
[3.708s] [ 95%] Built target tier4_debug_msgs__rosidl_generator_py
[4.052s] [ 97%] Built target tier4_debug_msgs__rosidl_typesupport_fastrtps_c__pyext
[4.107s] [ 99%] Built target tier4_debug_msgs__rosidl_typesupport_introspection_c__pyext
[4.110s] [100%] Built target tier4_debug_msgs__rosidl_typesupport_c__pyext
[4.219s] Invoked command in '/home/autoware/aichallenge2023-integration-final-main/build/tier4_debug_msgs' returned '0': CMAKE_PREFIX_PATH=${CMAKE_PREFIX_PATH}:/home/autoware/aichallenge2023-integration-final-main/install/simulator_compatibility_test:/home/autoware/aichallenge2023-integration-final-main/install/ad_api_visualizers:/home/autoware/autoware/install/simulator_compatibility_test:/home/autoware/autoware/install/ad_api_visualizers:/opt/ros/humble /usr/bin/cmake --build /home/autoware/aichallenge2023-integration-final-main/build/tier4_debug_msgs -- -j16 -l16
