[0.237s] Invoking command in '/home/autoware/aichallenge2023-integration-final-main/build/ndt_omp': CMAKE_PREFIX_PATH=${CMAKE_PREFIX_PATH}:/home/autoware/aichallenge2023-integration-final-main/install/simulator_compatibility_test:/home/autoware/aichallenge2023-integration-final-main/install/ad_api_visualizers:/home/autoware/autoware/install/simulator_compatibility_test:/home/autoware/autoware/install/ad_api_visualizers:/opt/ros/humble /usr/bin/cmake --build /home/autoware/aichallenge2023-integration-final-main/build/ndt_omp -- -j16 -l16
[1.086s] [ 57%] Built target ndt_omp
[1.567s] [100%] Built target multigrid_ndt_omp
[1.674s] Invoked command in '/home/autoware/aichallenge2023-integration-final-main/build/ndt_omp' returned '0': CMAKE_PREFIX_PATH=${CMAKE_PREFIX_PATH}:/home/autoware/aichallenge2023-integration-final-main/install/simulator_compatibility_test:/home/autoware/aichallenge2023-integration-final-main/install/ad_api_visualizers:/home/autoware/autoware/install/simulator_compatibility_test:/home/autoware/autoware/install/ad_api_visualizers:/opt/ros/humble /usr/bin/cmake --build /home/autoware/aichallenge2023-integration-final-main/build/ndt_omp -- -j16 -l16
[2.859s] Invoking command in '/home/autoware/aichallenge2023-integration-final-main/build/ndt_omp': CMAKE_PREFIX_PATH=${CMAKE_PREFIX_PATH}:/home/autoware/aichallenge2023-integration-final-main/install/simulator_compatibility_test:/home/autoware/aichallenge2023-integration-final-main/install/ad_api_visualizers:/home/autoware/autoware/install/simulator_compatibility_test:/home/autoware/autoware/install/ad_api_visualizers:/opt/ros/humble /usr/bin/cmake --install /home/autoware/aichallenge2023-integration-final-main/build/ndt_omp
[2.960s] -- Install configuration: "RELEASE"
[2.962s] -- Execute custom install script
[2.963s] -- Up-to-date symlink: /home/autoware/aichallenge2023-integration-final-main/install/ndt_omp/include/multigrid_pclomp/multi_voxel_grid_covariance_omp.h
[2.963s] -- Up-to-date symlink: /home/autoware/aichallenge2023-integration-final-main/install/ndt_omp/include/multigrid_pclomp/multi_voxel_grid_covariance_omp_impl.hpp
[2.964s] -- Up-to-date symlink: /home/autoware/aichallenge2023-integration-final-main/install/ndt_omp/include/multigrid_pclomp/multigrid_ndt_omp.h
[2.964s] -- Up-to-date symlink: /home/autoware/aichallenge2023-integration-final-main/install/ndt_omp/include/multigrid_pclomp/multigrid_ndt_omp_impl.hpp
[2.965s] -- Up-to-date symlink: /home/autoware/aichallenge2023-integration-final-main/install/ndt_omp/include/pclomp/gicp_omp.h
[2.965s] -- Up-to-date symlink: /home/autoware/aichallenge2023-integration-final-main/install/ndt_omp/include/pclomp/gicp_omp_impl.hpp
[2.966s] -- Up-to-date symlink: /home/autoware/aichallenge2023-integration-final-main/install/ndt_omp/include/pclomp/ndt_omp.h
[2.966s] -- Up-to-date symlink: /home/autoware/aichallenge2023-integration-final-main/install/ndt_omp/include/pclomp/ndt_omp_impl.hpp
[2.966s] -- Up-to-date symlink: /home/autoware/aichallenge2023-integration-final-main/install/ndt_omp/include/pclomp/voxel_grid_covariance_omp.h
[2.967s] -- Up-to-date symlink: /home/autoware/aichallenge2023-integration-final-main/install/ndt_omp/include/pclomp/voxel_grid_covariance_omp_impl.hpp
[2.967s] -- Up-to-date symlink: /home/autoware/aichallenge2023-integration-final-main/install/ndt_omp/share/ndt_omp/environment/library_path.sh
[2.968s] -- Up-to-date symlink: /home/autoware/aichallenge2023-integration-final-main/install/ndt_omp/share/ndt_omp/environment/library_path.dsv
[2.969s] -- Up-to-date symlink: /home/autoware/aichallenge2023-integration-final-main/install/ndt_omp/lib/libndt_omp.so
[2.969s] -- Up-to-date symlink: /home/autoware/aichallenge2023-integration-final-main/install/ndt_omp/lib/libmultigrid_ndt_omp.so
[2.970s] -- Up-to-date symlink: /home/autoware/aichallenge2023-integration-final-main/install/ndt_omp/share/ament_index/resource_index/package_run_dependencies/ndt_omp
[2.971s] -- Up-to-date symlink: /home/autoware/aichallenge2023-integration-final-main/install/ndt_omp/share/ament_index/resource_index/parent_prefix_path/ndt_omp
[2.974s] -- Up-to-date symlink: /home/autoware/aichallenge2023-integration-final-main/install/ndt_omp/share/ndt_omp/environment/ament_prefix_path.sh
[2.975s] -- Up-to-date symlink: /home/autoware/aichallenge2023-integration-final-main/install/ndt_omp/share/ndt_omp/environment/ament_prefix_path.dsv
[2.975s] -- Up-to-date symlink: /home/autoware/aichallenge2023-integration-final-main/install/ndt_omp/share/ndt_omp/environment/path.sh
[2.976s] -- Up-to-date symlink: /home/autoware/aichallenge2023-integration-final-main/install/ndt_omp/share/ndt_omp/environment/path.dsv
[2.976s] -- Up-to-date symlink: /home/autoware/aichallenge2023-integration-final-main/install/ndt_omp/share/ndt_omp/local_setup.bash
[2.977s] -- Up-to-date symlink: /home/autoware/aichallenge2023-integration-final-main/install/ndt_omp/share/ndt_omp/local_setup.sh
[2.977s] -- Up-to-date symlink: /home/autoware/aichallenge2023-integration-final-main/install/ndt_omp/share/ndt_omp/local_setup.zsh
[2.978s] -- Up-to-date symlink: /home/autoware/aichallenge2023-integration-final-main/install/ndt_omp/share/ndt_omp/local_setup.dsv
[2.978s] -- Symlinking: /home/autoware/aichallenge2023-integration-final-main/install/ndt_omp/share/ndt_omp/package.dsv
[3.088s] -- Up-to-date symlink: /home/autoware/aichallenge2023-integration-final-main/install/ndt_omp/share/ament_index/resource_index/packages/ndt_omp
[3.088s] -- Up-to-date symlink: /home/autoware/aichallenge2023-integration-final-main/install/ndt_omp/share/ndt_omp/cmake/ament_cmake_export_include_directories-extras.cmake
[3.089s] -- Up-to-date symlink: /home/autoware/aichallenge2023-integration-final-main/install/ndt_omp/share/ndt_omp/cmake/ament_cmake_export_libraries-extras.cmake
[3.089s] -- Up-to-date symlink: /home/autoware/aichallenge2023-integration-final-main/install/ndt_omp/share/ndt_omp/cmake/ndt_ompConfig.cmake
[3.090s] -- Up-to-date symlink: /home/autoware/aichallenge2023-integration-final-main/install/ndt_omp/share/ndt_omp/cmake/ndt_ompConfig-version.cmake
[3.090s] -- Up-to-date symlink: /home/autoware/aichallenge2023-integration-final-main/install/ndt_omp/share/ndt_omp/package.xml
[3.109s] Invoked command in '/home/autoware/aichallenge2023-integration-final-main/build/ndt_omp' returned '0': CMAKE_PREFIX_PATH=${CMAKE_PREFIX_PATH}:/home/autoware/aichallenge2023-integration-final-main/install/simulator_compatibility_test:/home/autoware/aichallenge2023-integration-final-main/install/ad_api_visualizers:/home/autoware/autoware/install/simulator_compatibility_test:/home/autoware/autoware/install/ad_api_visualizers:/opt/ros/humble /usr/bin/cmake --install /home/autoware/aichallenge2023-integration-final-main/build/ndt_omp
