[  1%] Built target tier4_control_msgs__cpp
[ 12%] Built target tier4_control_msgs__rosidl_generator_c
[ 12%] Built target ament_cmake_python_symlink_tier4_control_msgs
[ 23%] Built target tier4_control_msgs__rosidl_typesupport_fastrtps_cpp
[ 35%] Built target tier4_control_msgs__rosidl_typesupport_cpp
[ 46%] Built target tier4_control_msgs__rosidl_typesupport_introspection_cpp
[ 57%] Built target tier4_control_msgs__rosidl_typesupport_fastrtps_c
[ 69%] Built target tier4_control_msgs__rosidl_typesupport_introspection_c
[ 80%] Built target tier4_control_msgs__rosidl_typesupport_c
[ 80%] Built target tier4_control_msgs
[ 81%] Built target tier4_control_msgs__py
running egg_info
writing tier4_control_msgs.egg-info/PKG-INFO
writing dependency_links to tier4_control_msgs.egg-info/dependency_links.txt
writing top-level names to tier4_control_msgs.egg-info/top_level.txt
reading manifest file 'tier4_control_msgs.egg-info/SOURCES.txt'
writing manifest file 'tier4_control_msgs.egg-info/SOURCES.txt'
[ 81%] Built target ament_cmake_python_build_tier4_control_msgs_egg
[ 91%] Built target tier4_control_msgs__rosidl_generator_py
[ 94%] Built target tier4_control_msgs__rosidl_typesupport_fastrtps_c__pyext
[ 97%] Built target tier4_control_msgs__rosidl_typesupport_c__pyext
[100%] Built target tier4_control_msgs__rosidl_typesupport_introspection_c__pyext
-- Install configuration: "Release"
-- Execute custom install script
-- Up-to-date symlink: /home/autoware/aichallenge2023-integration-final-main/install/tier4_control_msgs/share/ament_index/resource_index/rosidl_interfaces/tier4_control_msgs
-- Up-to-date symlink: /home/autoware/aichallenge2023-integration-final-main/install/tier4_control_msgs/include/tier4_control_msgs/tier4_control_msgs/msg/detail/external_command_selector_mode__functions.h
-- Up-to-date symlink: /home/autoware/aichallenge2023-integration-final-main/install/tier4_control_msgs/include/tier4_control_msgs/tier4_control_msgs/msg/detail/external_command_selector_mode__struct.h
-- Up-to-date symlink: /home/autoware/aichallenge2023-integration-final-main/install/tier4_control_msgs/include/tier4_control_msgs/tier4_control_msgs/msg/detail/external_command_selector_mode__type_support.h
-- Up-to-date symlink: /home/autoware/aichallenge2023-integration-final-main/install/tier4_control_msgs/include/tier4_control_msgs/tier4_control_msgs/msg/detail/gate_mode__functions.h
-- Up-to-date symlink: /home/autoware/aichallenge2023-integration-final-main/install/tier4_control_msgs/include/tier4_control_msgs/tier4_control_msgs/msg/detail/gate_mode__struct.h
-- Up-to-date symlink: /home/autoware/aichallenge2023-integration-final-main/install/tier4_control_msgs/include/tier4_control_msgs/tier4_control_msgs/msg/detail/gate_mode__type_support.h
-- Up-to-date symlink: /home/autoware/aichallenge2023-integration-final-main/install/tier4_control_msgs/include/tier4_control_msgs/tier4_control_msgs/msg/detail/is_paused__functions.h
-- Up-to-date symlink: /home/autoware/aichallenge2023-integration-final-main/install/tier4_control_msgs/include/tier4_control_msgs/tier4_control_msgs/msg/detail/is_paused__struct.h
-- Up-to-date symlink: /home/autoware/aichallenge2023-integration-final-main/install/tier4_control_msgs/include/tier4_control_msgs/tier4_control_msgs/msg/detail/is_paused__type_support.h
-- Up-to-date symlink: /home/autoware/aichallenge2023-integration-final-main/install/tier4_control_msgs/include/tier4_control_msgs/tier4_control_msgs/msg/detail/is_start_requested__functions.h
-- Up-to-date symlink: /home/autoware/aichallenge2023-integration-final-main/install/tier4_control_msgs/include/tier4_control_msgs/tier4_control_msgs/msg/detail/is_start_requested__struct.h
-- Up-to-date symlink: /home/autoware/aichallenge2023-integration-final-main/install/tier4_control_msgs/include/tier4_control_msgs/tier4_control_msgs/msg/detail/is_start_requested__type_support.h
-- Up-to-date symlink: /home/autoware/aichallenge2023-integration-final-main/install/tier4_control_msgs/include/tier4_control_msgs/tier4_control_msgs/msg/external_command_selector_mode.h
-- Up-to-date symlink: /home/autoware/aichallenge2023-integration-final-main/install/tier4_control_msgs/include/tier4_control_msgs/tier4_control_msgs/msg/gate_mode.h
-- Up-to-date symlink: /home/autoware/aichallenge2023-integration-final-main/install/tier4_control_msgs/include/tier4_control_msgs/tier4_control_msgs/msg/is_paused.h
-- Up-to-date symlink: /home/autoware/aichallenge2023-integration-final-main/install/tier4_control_msgs/include/tier4_control_msgs/tier4_control_msgs/msg/is_start_requested.h
-- Up-to-date symlink: /home/autoware/aichallenge2023-integration-final-main/install/tier4_control_msgs/include/tier4_control_msgs/tier4_control_msgs/msg/rosidl_generator_c__visibility_control.h
-- Up-to-date symlink: /home/autoware/aichallenge2023-integration-final-main/install/tier4_control_msgs/include/tier4_control_msgs/tier4_control_msgs/srv/detail/external_command_select__functions.h
-- Up-to-date symlink: /home/autoware/aichallenge2023-integration-final-main/install/tier4_control_msgs/include/tier4_control_msgs/tier4_control_msgs/srv/detail/external_command_select__struct.h
-- Up-to-date symlink: /home/autoware/aichallenge2023-integration-final-main/install/tier4_control_msgs/include/tier4_control_msgs/tier4_control_msgs/srv/detail/external_command_select__type_support.h
-- Up-to-date symlink: /home/autoware/aichallenge2023-integration-final-main/install/tier4_control_msgs/include/tier4_control_msgs/tier4_control_msgs/srv/detail/set_pause__functions.h
-- Up-to-date symlink: /home/autoware/aichallenge2023-integration-final-main/install/tier4_control_msgs/include/tier4_control_msgs/tier4_control_msgs/srv/detail/set_pause__struct.h
-- Up-to-date symlink: /home/autoware/aichallenge2023-integration-final-main/install/tier4_control_msgs/include/tier4_control_msgs/tier4_control_msgs/srv/detail/set_pause__type_support.h
-- Up-to-date symlink: /home/autoware/aichallenge2023-integration-final-main/install/tier4_control_msgs/include/tier4_control_msgs/tier4_control_msgs/srv/external_command_select.h
-- Up-to-date symlink: /home/autoware/aichallenge2023-integration-final-main/install/tier4_control_msgs/include/tier4_control_msgs/tier4_control_msgs/srv/set_pause.h
-- Up-to-date symlink: /home/autoware/aichallenge2023-integration-final-main/install/tier4_control_msgs/share/tier4_control_msgs/environment/library_path.sh
-- Up-to-date symlink: /home/autoware/aichallenge2023-integration-final-main/install/tier4_control_msgs/share/tier4_control_msgs/environment/library_path.dsv
-- Up-to-date symlink: /home/autoware/aichallenge2023-integration-final-main/install/tier4_control_msgs/include/tier4_control_msgs/tier4_control_msgs/msg/detail/external_command_selector_mode__rosidl_typesupport_fastrtps_c.h
-- Up-to-date symlink: /home/autoware/aichallenge2023-integration-final-main/install/tier4_control_msgs/include/tier4_control_msgs/tier4_control_msgs/msg/detail/gate_mode__rosidl_typesupport_fastrtps_c.h
-- Up-to-date symlink: /home/autoware/aichallenge2023-integration-final-main/install/tier4_control_msgs/include/tier4_control_msgs/tier4_control_msgs/msg/detail/is_paused__rosidl_typesupport_fastrtps_c.h
-- Up-to-date symlink: /home/autoware/aichallenge2023-integration-final-main/install/tier4_control_msgs/include/tier4_control_msgs/tier4_control_msgs/msg/detail/is_start_requested__rosidl_typesupport_fastrtps_c.h
-- Up-to-date symlink: /home/autoware/aichallenge2023-integration-final-main/install/tier4_control_msgs/include/tier4_control_msgs/tier4_control_msgs/msg/rosidl_typesupport_fastrtps_c__visibility_control.h
-- Up-to-date symlink: /home/autoware/aichallenge2023-integration-final-main/install/tier4_control_msgs/include/tier4_control_msgs/tier4_control_msgs/srv/detail/external_command_select__rosidl_typesupport_fastrtps_c.h
-- Up-to-date symlink: /home/autoware/aichallenge2023-integration-final-main/install/tier4_control_msgs/include/tier4_control_msgs/tier4_control_msgs/srv/detail/set_pause__rosidl_typesupport_fastrtps_c.h
-- Up-to-date symlink: /home/autoware/aichallenge2023-integration-final-main/install/tier4_control_msgs/include/tier4_control_msgs/tier4_control_msgs/msg/detail/external_command_selector_mode__rosidl_typesupport_introspection_c.h
-- Up-to-date symlink: /home/autoware/aichallenge2023-integration-final-main/install/tier4_control_msgs/include/tier4_control_msgs/tier4_control_msgs/msg/detail/gate_mode__rosidl_typesupport_introspection_c.h
-- Up-to-date symlink: /home/autoware/aichallenge2023-integration-final-main/install/tier4_control_msgs/include/tier4_control_msgs/tier4_control_msgs/msg/detail/is_paused__rosidl_typesupport_introspection_c.h
-- Up-to-date symlink: /home/autoware/aichallenge2023-integration-final-main/install/tier4_control_msgs/include/tier4_control_msgs/tier4_control_msgs/msg/detail/is_start_requested__rosidl_typesupport_introspection_c.h
-- Up-to-date symlink: /home/autoware/aichallenge2023-integration-final-main/install/tier4_control_msgs/include/tier4_control_msgs/tier4_control_msgs/msg/rosidl_typesupport_introspection_c__visibility_control.h
-- Up-to-date symlink: /home/autoware/aichallenge2023-integration-final-main/install/tier4_control_msgs/include/tier4_control_msgs/tier4_control_msgs/srv/detail/external_command_select__rosidl_typesupport_introspection_c.h
-- Up-to-date symlink: /home/autoware/aichallenge2023-integration-final-main/install/tier4_control_msgs/include/tier4_control_msgs/tier4_control_msgs/srv/detail/set_pause__rosidl_typesupport_introspection_c.h
-- Up-to-date symlink: /home/autoware/aichallenge2023-integration-final-main/install/tier4_control_msgs/include/tier4_control_msgs/tier4_control_msgs/msg/detail/external_command_selector_mode__builder.hpp
-- Up-to-date symlink: /home/autoware/aichallenge2023-integration-final-main/install/tier4_control_msgs/include/tier4_control_msgs/tier4_control_msgs/msg/detail/external_command_selector_mode__struct.hpp
-- Up-to-date symlink: /home/autoware/aichallenge2023-integration-final-main/install/tier4_control_msgs/include/tier4_control_msgs/tier4_control_msgs/msg/detail/external_command_selector_mode__traits.hpp
-- Up-to-date symlink: /home/autoware/aichallenge2023-integration-final-main/install/tier4_control_msgs/include/tier4_control_msgs/tier4_control_msgs/msg/detail/gate_mode__builder.hpp
-- Up-to-date symlink: /home/autoware/aichallenge2023-integration-final-main/install/tier4_control_msgs/include/tier4_control_msgs/tier4_control_msgs/msg/detail/gate_mode__struct.hpp
-- Up-to-date symlink: /home/autoware/aichallenge2023-integration-final-main/install/tier4_control_msgs/include/tier4_control_msgs/tier4_control_msgs/msg/detail/gate_mode__traits.hpp
-- Up-to-date symlink: /home/autoware/aichallenge2023-integration-final-main/install/tier4_control_msgs/include/tier4_control_msgs/tier4_control_msgs/msg/detail/is_paused__builder.hpp
-- Up-to-date symlink: /home/autoware/aichallenge2023-integration-final-main/install/tier4_control_msgs/include/tier4_control_msgs/tier4_control_msgs/msg/detail/is_paused__struct.hpp
-- Up-to-date symlink: /home/autoware/aichallenge2023-integration-final-main/install/tier4_control_msgs/include/tier4_control_msgs/tier4_control_msgs/msg/detail/is_paused__traits.hpp
-- Up-to-date symlink: /home/autoware/aichallenge2023-integration-final-main/install/tier4_control_msgs/include/tier4_control_msgs/tier4_control_msgs/msg/detail/is_start_requested__builder.hpp
-- Up-to-date symlink: /home/autoware/aichallenge2023-integration-final-main/install/tier4_control_msgs/include/tier4_control_msgs/tier4_control_msgs/msg/detail/is_start_requested__struct.hpp
-- Up-to-date symlink: /home/autoware/aichallenge2023-integration-final-main/install/tier4_control_msgs/include/tier4_control_msgs/tier4_control_msgs/msg/detail/is_start_requested__traits.hpp
-- Up-to-date symlink: /home/autoware/aichallenge2023-integration-final-main/install/tier4_control_msgs/include/tier4_control_msgs/tier4_control_msgs/msg/external_command_selector_mode.hpp
-- Up-to-date symlink: /home/autoware/aichallenge2023-integration-final-main/install/tier4_control_msgs/include/tier4_control_msgs/tier4_control_msgs/msg/gate_mode.hpp
-- Up-to-date symlink: /home/autoware/aichallenge2023-integration-final-main/install/tier4_control_msgs/include/tier4_control_msgs/tier4_control_msgs/msg/is_paused.hpp
-- Up-to-date symlink: /home/autoware/aichallenge2023-integration-final-main/install/tier4_control_msgs/include/tier4_control_msgs/tier4_control_msgs/msg/is_start_requested.hpp
-- Up-to-date symlink: /home/autoware/aichallenge2023-integration-final-main/install/tier4_control_msgs/include/tier4_control_msgs/tier4_control_msgs/srv/detail/external_command_select__builder.hpp
-- Up-to-date symlink: /home/autoware/aichallenge2023-integration-final-main/install/tier4_control_msgs/include/tier4_control_msgs/tier4_control_msgs/srv/detail/external_command_select__struct.hpp
-- Up-to-date symlink: /home/autoware/aichallenge2023-integration-final-main/install/tier4_control_msgs/include/tier4_control_msgs/tier4_control_msgs/srv/detail/external_command_select__traits.hpp
-- Up-to-date symlink: /home/autoware/aichallenge2023-integration-final-main/install/tier4_control_msgs/include/tier4_control_msgs/tier4_control_msgs/srv/detail/set_pause__builder.hpp
-- Up-to-date symlink: /home/autoware/aichallenge2023-integration-final-main/install/tier4_control_msgs/include/tier4_control_msgs/tier4_control_msgs/srv/detail/set_pause__struct.hpp
-- Up-to-date symlink: /home/autoware/aichallenge2023-integration-final-main/install/tier4_control_msgs/include/tier4_control_msgs/tier4_control_msgs/srv/detail/set_pause__traits.hpp
-- Up-to-date symlink: /home/autoware/aichallenge2023-integration-final-main/install/tier4_control_msgs/include/tier4_control_msgs/tier4_control_msgs/srv/external_command_select.hpp
-- Up-to-date symlink: /home/autoware/aichallenge2023-integration-final-main/install/tier4_control_msgs/include/tier4_control_msgs/tier4_control_msgs/srv/set_pause.hpp
-- Up-to-date symlink: /home/autoware/aichallenge2023-integration-final-main/install/tier4_control_msgs/include/tier4_control_msgs/tier4_control_msgs/msg/detail/external_command_selector_mode__rosidl_typesupport_fastrtps_cpp.hpp
-- Up-to-date symlink: /home/autoware/aichallenge2023-integration-final-main/install/tier4_control_msgs/include/tier4_control_msgs/tier4_control_msgs/msg/detail/gate_mode__rosidl_typesupport_fastrtps_cpp.hpp
-- Up-to-date symlink: /home/autoware/aichallenge2023-integration-final-main/install/tier4_control_msgs/include/tier4_control_msgs/tier4_control_msgs/msg/detail/is_paused__rosidl_typesupport_fastrtps_cpp.hpp
-- Up-to-date symlink: /home/autoware/aichallenge2023-integration-final-main/install/tier4_control_msgs/include/tier4_control_msgs/tier4_control_msgs/msg/detail/is_start_requested__rosidl_typesupport_fastrtps_cpp.hpp
-- Up-to-date symlink: /home/autoware/aichallenge2023-integration-final-main/install/tier4_control_msgs/include/tier4_control_msgs/tier4_control_msgs/msg/rosidl_typesupport_fastrtps_cpp__visibility_control.h
-- Up-to-date symlink: /home/autoware/aichallenge2023-integration-final-main/install/tier4_control_msgs/include/tier4_control_msgs/tier4_control_msgs/srv/detail/external_command_select__rosidl_typesupport_fastrtps_cpp.hpp
-- Up-to-date symlink: /home/autoware/aichallenge2023-integration-final-main/install/tier4_control_msgs/include/tier4_control_msgs/tier4_control_msgs/srv/detail/set_pause__rosidl_typesupport_fastrtps_cpp.hpp
-- Up-to-date symlink: /home/autoware/aichallenge2023-integration-final-main/install/tier4_control_msgs/include/tier4_control_msgs/tier4_control_msgs/msg/detail/external_command_selector_mode__rosidl_typesupport_introspection_cpp.hpp
-- Up-to-date symlink: /home/autoware/aichallenge2023-integration-final-main/install/tier4_control_msgs/include/tier4_control_msgs/tier4_control_msgs/msg/detail/gate_mode__rosidl_typesupport_introspection_cpp.hpp
-- Up-to-date symlink: /home/autoware/aichallenge2023-integration-final-main/install/tier4_control_msgs/include/tier4_control_msgs/tier4_control_msgs/msg/detail/is_paused__rosidl_typesupport_introspection_cpp.hpp
-- Up-to-date symlink: /home/autoware/aichallenge2023-integration-final-main/install/tier4_control_msgs/include/tier4_control_msgs/tier4_control_msgs/msg/detail/is_start_requested__rosidl_typesupport_introspection_cpp.hpp
-- Up-to-date symlink: /home/autoware/aichallenge2023-integration-final-main/install/tier4_control_msgs/include/tier4_control_msgs/tier4_control_msgs/srv/detail/external_command_select__rosidl_typesupport_introspection_cpp.hpp
-- Up-to-date symlink: /home/autoware/aichallenge2023-integration-final-main/install/tier4_control_msgs/include/tier4_control_msgs/tier4_control_msgs/srv/detail/set_pause__rosidl_typesupport_introspection_cpp.hpp
-- Up-to-date symlink: /home/autoware/aichallenge2023-integration-final-main/install/tier4_control_msgs/share/tier4_control_msgs/environment/pythonpath.sh
-- Up-to-date symlink: /home/autoware/aichallenge2023-integration-final-main/install/tier4_control_msgs/share/tier4_control_msgs/environment/pythonpath.dsv
-- Up-to-date symlink: /home/autoware/aichallenge2023-integration-final-main/install/tier4_control_msgs/local/lib/python3.10/dist-packages/tier4_control_msgs-0.1.0-py3.10.egg-info/PKG-INFO
-- Up-to-date symlink: /home/autoware/aichallenge2023-integration-final-main/install/tier4_control_msgs/local/lib/python3.10/dist-packages/tier4_control_msgs-0.1.0-py3.10.egg-info/SOURCES.txt
-- Up-to-date symlink: /home/autoware/aichallenge2023-integration-final-main/install/tier4_control_msgs/local/lib/python3.10/dist-packages/tier4_control_msgs-0.1.0-py3.10.egg-info/dependency_links.txt
-- Up-to-date symlink: /home/autoware/aichallenge2023-integration-final-main/install/tier4_control_msgs/local/lib/python3.10/dist-packages/tier4_control_msgs-0.1.0-py3.10.egg-info/top_level.txt
-- Up-to-date symlink: /home/autoware/aichallenge2023-integration-final-main/install/tier4_control_msgs/local/lib/python3.10/dist-packages/tier4_control_msgs/__init__.py
-- Up-to-date symlink: /home/autoware/aichallenge2023-integration-final-main/install/tier4_control_msgs/local/lib/python3.10/dist-packages/tier4_control_msgs/_tier4_control_msgs_s.ep.rosidl_typesupport_c.c
-- Up-to-date symlink: /home/autoware/aichallenge2023-integration-final-main/install/tier4_control_msgs/local/lib/python3.10/dist-packages/tier4_control_msgs/_tier4_control_msgs_s.ep.rosidl_typesupport_fastrtps_c.c
-- Up-to-date symlink: /home/autoware/aichallenge2023-integration-final-main/install/tier4_control_msgs/local/lib/python3.10/dist-packages/tier4_control_msgs/_tier4_control_msgs_s.ep.rosidl_typesupport_introspection_c.c
-- Up-to-date symlink: /home/autoware/aichallenge2023-integration-final-main/install/tier4_control_msgs/local/lib/python3.10/dist-packages/tier4_control_msgs/libtier4_control_msgs__rosidl_generator_py.so
-- Up-to-date symlink: /home/autoware/aichallenge2023-integration-final-main/install/tier4_control_msgs/local/lib/python3.10/dist-packages/tier4_control_msgs/msg/__init__.py
-- Up-to-date symlink: /home/autoware/aichallenge2023-integration-final-main/install/tier4_control_msgs/local/lib/python3.10/dist-packages/tier4_control_msgs/msg/_external_command_selector_mode.py
-- Up-to-date symlink: /home/autoware/aichallenge2023-integration-final-main/install/tier4_control_msgs/local/lib/python3.10/dist-packages/tier4_control_msgs/msg/_external_command_selector_mode_s.c
-- Up-to-date symlink: /home/autoware/aichallenge2023-integration-final-main/install/tier4_control_msgs/local/lib/python3.10/dist-packages/tier4_control_msgs/msg/_gate_mode.py
-- Up-to-date symlink: /home/autoware/aichallenge2023-integration-final-main/install/tier4_control_msgs/local/lib/python3.10/dist-packages/tier4_control_msgs/msg/_gate_mode_s.c
-- Up-to-date symlink: /home/autoware/aichallenge2023-integration-final-main/install/tier4_control_msgs/local/lib/python3.10/dist-packages/tier4_control_msgs/msg/_is_paused.py
-- Up-to-date symlink: /home/autoware/aichallenge2023-integration-final-main/install/tier4_control_msgs/local/lib/python3.10/dist-packages/tier4_control_msgs/msg/_is_paused_s.c
-- Up-to-date symlink: /home/autoware/aichallenge2023-integration-final-main/install/tier4_control_msgs/local/lib/python3.10/dist-packages/tier4_control_msgs/msg/_is_start_requested.py
-- Up-to-date symlink: /home/autoware/aichallenge2023-integration-final-main/install/tier4_control_msgs/local/lib/python3.10/dist-packages/tier4_control_msgs/msg/_is_start_requested_s.c
-- Up-to-date symlink: /home/autoware/aichallenge2023-integration-final-main/install/tier4_control_msgs/local/lib/python3.10/dist-packages/tier4_control_msgs/srv/__init__.py
-- Up-to-date symlink: /home/autoware/aichallenge2023-integration-final-main/install/tier4_control_msgs/local/lib/python3.10/dist-packages/tier4_control_msgs/srv/_external_command_select.py
-- Up-to-date symlink: /home/autoware/aichallenge2023-integration-final-main/install/tier4_control_msgs/local/lib/python3.10/dist-packages/tier4_control_msgs/srv/_external_command_select_s.c
-- Up-to-date symlink: /home/autoware/aichallenge2023-integration-final-main/install/tier4_control_msgs/local/lib/python3.10/dist-packages/tier4_control_msgs/srv/_set_pause.py
-- Up-to-date symlink: /home/autoware/aichallenge2023-integration-final-main/install/tier4_control_msgs/local/lib/python3.10/dist-packages/tier4_control_msgs/srv/_set_pause_s.c
-- Up-to-date symlink: /home/autoware/aichallenge2023-integration-final-main/install/tier4_control_msgs/local/lib/python3.10/dist-packages/tier4_control_msgs/tier4_control_msgs_s__rosidl_typesupport_c.cpython-310-x86_64-linux-gnu.so
-- Up-to-date symlink: /home/autoware/aichallenge2023-integration-final-main/install/tier4_control_msgs/local/lib/python3.10/dist-packages/tier4_control_msgs/tier4_control_msgs_s__rosidl_typesupport_fastrtps_c.cpython-310-x86_64-linux-gnu.so
-- Up-to-date symlink: /home/autoware/aichallenge2023-integration-final-main/install/tier4_control_msgs/local/lib/python3.10/dist-packages/tier4_control_msgs/tier4_control_msgs_s__rosidl_typesupport_introspection_c.cpython-310-x86_64-linux-gnu.so
-- Up-to-date symlink: /home/autoware/aichallenge2023-integration-final-main/install/tier4_control_msgs/local/lib/python3.10/dist-packages/tier4_control_msgs/tier4_control_msgs_s__rosidl_typesupport_fastrtps_c.cpython-310-x86_64-linux-gnu.so
-- Up-to-date symlink: /home/autoware/aichallenge2023-integration-final-main/install/tier4_control_msgs/local/lib/python3.10/dist-packages/tier4_control_msgs/tier4_control_msgs_s__rosidl_typesupport_introspection_c.cpython-310-x86_64-linux-gnu.so
-- Up-to-date symlink: /home/autoware/aichallenge2023-integration-final-main/install/tier4_control_msgs/local/lib/python3.10/dist-packages/tier4_control_msgs/tier4_control_msgs_s__rosidl_typesupport_c.cpython-310-x86_64-linux-gnu.so
-- Up-to-date symlink: /home/autoware/aichallenge2023-integration-final-main/install/tier4_control_msgs/share/tier4_control_msgs/msg/GateMode.idl
-- Up-to-date symlink: /home/autoware/aichallenge2023-integration-final-main/install/tier4_control_msgs/share/tier4_control_msgs/msg/ExternalCommandSelectorMode.idl
-- Up-to-date symlink: /home/autoware/aichallenge2023-integration-final-main/install/tier4_control_msgs/share/tier4_control_msgs/srv/ExternalCommandSelect.idl
-- Up-to-date symlink: /home/autoware/aichallenge2023-integration-final-main/install/tier4_control_msgs/share/tier4_control_msgs/msg/IsStartRequested.idl
-- Up-to-date symlink: /home/autoware/aichallenge2023-integration-final-main/install/tier4_control_msgs/share/tier4_control_msgs/msg/IsPaused.idl
-- Up-to-date symlink: /home/autoware/aichallenge2023-integration-final-main/install/tier4_control_msgs/share/tier4_control_msgs/srv/SetPause.idl
-- Up-to-date symlink: /home/autoware/aichallenge2023-integration-final-main/install/tier4_control_msgs/share/tier4_control_msgs/msg/GateMode.msg
-- Up-to-date symlink: /home/autoware/aichallenge2023-integration-final-main/install/tier4_control_msgs/share/tier4_control_msgs/msg/ExternalCommandSelectorMode.msg
-- Up-to-date symlink: /home/autoware/aichallenge2023-integration-final-main/install/tier4_control_msgs/share/tier4_control_msgs/srv/ExternalCommandSelect.srv
-- Up-to-date symlink: /home/autoware/aichallenge2023-integration-final-main/install/tier4_control_msgs/share/tier4_control_msgs/srv/ExternalCommandSelect_Request.msg
-- Up-to-date symlink: /home/autoware/aichallenge2023-integration-final-main/install/tier4_control_msgs/share/tier4_control_msgs/srv/ExternalCommandSelect_Response.msg
-- Up-to-date symlink: /home/autoware/aichallenge2023-integration-final-main/install/tier4_control_msgs/share/tier4_control_msgs/msg/IsStartRequested.msg
-- Up-to-date symlink: /home/autoware/aichallenge2023-integration-final-main/install/tier4_control_msgs/share/tier4_control_msgs/msg/IsPaused.msg
-- Up-to-date symlink: /home/autoware/aichallenge2023-integration-final-main/install/tier4_control_msgs/share/tier4_control_msgs/srv/SetPause.srv
-- Up-to-date symlink: /home/autoware/aichallenge2023-integration-final-main/install/tier4_control_msgs/share/tier4_control_msgs/srv/SetPause_Request.msg
-- Up-to-date symlink: /home/autoware/aichallenge2023-integration-final-main/install/tier4_control_msgs/share/tier4_control_msgs/srv/SetPause_Response.msg
-- Up-to-date symlink: /home/autoware/aichallenge2023-integration-final-main/install/tier4_control_msgs/share/ament_index/resource_index/package_run_dependencies/tier4_control_msgs
-- Up-to-date symlink: /home/autoware/aichallenge2023-integration-final-main/install/tier4_control_msgs/share/ament_index/resource_index/parent_prefix_path/tier4_control_msgs
-- Up-to-date symlink: /home/autoware/aichallenge2023-integration-final-main/install/tier4_control_msgs/share/tier4_control_msgs/environment/ament_prefix_path.sh
-- Up-to-date symlink: /home/autoware/aichallenge2023-integration-final-main/install/tier4_control_msgs/share/tier4_control_msgs/environment/ament_prefix_path.dsv
-- Up-to-date symlink: /home/autoware/aichallenge2023-integration-final-main/install/tier4_control_msgs/share/tier4_control_msgs/environment/path.sh
-- Up-to-date symlink: /home/autoware/aichallenge2023-integration-final-main/install/tier4_control_msgs/share/tier4_control_msgs/environment/path.dsv
-- Up-to-date symlink: /home/autoware/aichallenge2023-integration-final-main/install/tier4_control_msgs/share/tier4_control_msgs/local_setup.bash
-- Up-to-date symlink: /home/autoware/aichallenge2023-integration-final-main/install/tier4_control_msgs/share/tier4_control_msgs/local_setup.sh
-- Up-to-date symlink: /home/autoware/aichallenge2023-integration-final-main/install/tier4_control_msgs/share/tier4_control_msgs/local_setup.zsh
-- Up-to-date symlink: /home/autoware/aichallenge2023-integration-final-main/install/tier4_control_msgs/share/tier4_control_msgs/local_setup.dsv
-- Symlinking: /home/autoware/aichallenge2023-integration-final-main/install/tier4_control_msgs/share/tier4_control_msgs/package.dsv
-- Up-to-date symlink: /home/autoware/aichallenge2023-integration-final-main/install/tier4_control_msgs/share/ament_index/resource_index/packages/tier4_control_msgs
-- Up-to-date symlink: /home/autoware/aichallenge2023-integration-final-main/install/tier4_control_msgs/share/tier4_control_msgs/cmake/rosidl_cmake-extras.cmake
-- Up-to-date symlink: /home/autoware/aichallenge2023-integration-final-main/install/tier4_control_msgs/share/tier4_control_msgs/cmake/ament_cmake_export_dependencies-extras.cmake
-- Up-to-date symlink: /home/autoware/aichallenge2023-integration-final-main/install/tier4_control_msgs/share/tier4_control_msgs/cmake/ament_cmake_export_include_directories-extras.cmake
-- Up-to-date symlink: /home/autoware/aichallenge2023-integration-final-main/install/tier4_control_msgs/share/tier4_control_msgs/cmake/ament_cmake_export_libraries-extras.cmake
-- Up-to-date symlink: /home/autoware/aichallenge2023-integration-final-main/install/tier4_control_msgs/share/tier4_control_msgs/cmake/ament_cmake_export_targets-extras.cmake
-- Up-to-date symlink: /home/autoware/aichallenge2023-integration-final-main/install/tier4_control_msgs/share/tier4_control_msgs/cmake/rosidl_cmake_export_typesupport_targets-extras.cmake
-- Up-to-date symlink: /home/autoware/aichallenge2023-integration-final-main/install/tier4_control_msgs/share/tier4_control_msgs/cmake/rosidl_cmake_export_typesupport_libraries-extras.cmake
-- Up-to-date symlink: /home/autoware/aichallenge2023-integration-final-main/install/tier4_control_msgs/share/tier4_control_msgs/cmake/tier4_control_msgsConfig.cmake
-- Up-to-date symlink: /home/autoware/aichallenge2023-integration-final-main/install/tier4_control_msgs/share/tier4_control_msgs/cmake/tier4_control_msgsConfig-version.cmake
-- Up-to-date symlink: /home/autoware/aichallenge2023-integration-final-main/install/tier4_control_msgs/share/tier4_control_msgs/package.xml
-- Up-to-date: /home/autoware/aichallenge2023-integration-final-main/install/tier4_control_msgs/lib/libtier4_control_msgs__rosidl_generator_c.so
-- Up-to-date: /home/autoware/aichallenge2023-integration-final-main/install/tier4_control_msgs/lib/libtier4_control_msgs__rosidl_typesupport_fastrtps_c.so
-- Up-to-date: /home/autoware/aichallenge2023-integration-final-main/install/tier4_control_msgs/lib/libtier4_control_msgs__rosidl_typesupport_introspection_c.so
-- Up-to-date: /home/autoware/aichallenge2023-integration-final-main/install/tier4_control_msgs/lib/libtier4_control_msgs__rosidl_typesupport_c.so
-- Up-to-date: /home/autoware/aichallenge2023-integration-final-main/install/tier4_control_msgs/lib/libtier4_control_msgs__rosidl_typesupport_fastrtps_cpp.so
-- Up-to-date: /home/autoware/aichallenge2023-integration-final-main/install/tier4_control_msgs/lib/libtier4_control_msgs__rosidl_typesupport_introspection_cpp.so
-- Up-to-date: /home/autoware/aichallenge2023-integration-final-main/install/tier4_control_msgs/lib/libtier4_control_msgs__rosidl_typesupport_cpp.so
Listing '/home/autoware/aichallenge2023-integration-final-main/install/tier4_control_msgs/local/lib/python3.10/dist-packages/tier4_control_msgs'...
Listing '/home/autoware/aichallenge2023-integration-final-main/install/tier4_control_msgs/local/lib/python3.10/dist-packages/tier4_control_msgs/msg'...
Listing '/home/autoware/aichallenge2023-integration-final-main/install/tier4_control_msgs/local/lib/python3.10/dist-packages/tier4_control_msgs/srv'...
-- Up-to-date: /home/autoware/aichallenge2023-integration-final-main/install/tier4_control_msgs/lib/libtier4_control_msgs__rosidl_generator_py.so
-- Up-to-date: /home/autoware/aichallenge2023-integration-final-main/install/tier4_control_msgs/share/tier4_control_msgs/cmake/export_tier4_control_msgs__rosidl_generator_cExport.cmake
-- Up-to-date: /home/autoware/aichallenge2023-integration-final-main/install/tier4_control_msgs/share/tier4_control_msgs/cmake/export_tier4_control_msgs__rosidl_generator_cExport-release.cmake
-- Up-to-date: /home/autoware/aichallenge2023-integration-final-main/install/tier4_control_msgs/share/tier4_control_msgs/cmake/export_tier4_control_msgs__rosidl_typesupport_fastrtps_cExport.cmake
-- Up-to-date: /home/autoware/aichallenge2023-integration-final-main/install/tier4_control_msgs/share/tier4_control_msgs/cmake/export_tier4_control_msgs__rosidl_typesupport_fastrtps_cExport-release.cmake
-- Up-to-date: /home/autoware/aichallenge2023-integration-final-main/install/tier4_control_msgs/share/tier4_control_msgs/cmake/tier4_control_msgs__rosidl_typesupport_introspection_cExport.cmake
-- Up-to-date: /home/autoware/aichallenge2023-integration-final-main/install/tier4_control_msgs/share/tier4_control_msgs/cmake/tier4_control_msgs__rosidl_typesupport_introspection_cExport-release.cmake
-- Up-to-date: /home/autoware/aichallenge2023-integration-final-main/install/tier4_control_msgs/share/tier4_control_msgs/cmake/tier4_control_msgs__rosidl_typesupport_cExport.cmake
-- Up-to-date: /home/autoware/aichallenge2023-integration-final-main/install/tier4_control_msgs/share/tier4_control_msgs/cmake/tier4_control_msgs__rosidl_typesupport_cExport-release.cmake
-- Up-to-date: /home/autoware/aichallenge2023-integration-final-main/install/tier4_control_msgs/share/tier4_control_msgs/cmake/export_tier4_control_msgs__rosidl_generator_cppExport.cmake
-- Up-to-date: /home/autoware/aichallenge2023-integration-final-main/install/tier4_control_msgs/share/tier4_control_msgs/cmake/export_tier4_control_msgs__rosidl_typesupport_fastrtps_cppExport.cmake
-- Up-to-date: /home/autoware/aichallenge2023-integration-final-main/install/tier4_control_msgs/share/tier4_control_msgs/cmake/export_tier4_control_msgs__rosidl_typesupport_fastrtps_cppExport-release.cmake
-- Up-to-date: /home/autoware/aichallenge2023-integration-final-main/install/tier4_control_msgs/share/tier4_control_msgs/cmake/tier4_control_msgs__rosidl_typesupport_introspection_cppExport.cmake
-- Up-to-date: /home/autoware/aichallenge2023-integration-final-main/install/tier4_control_msgs/share/tier4_control_msgs/cmake/tier4_control_msgs__rosidl_typesupport_introspection_cppExport-release.cmake
-- Up-to-date: /home/autoware/aichallenge2023-integration-final-main/install/tier4_control_msgs/share/tier4_control_msgs/cmake/tier4_control_msgs__rosidl_typesupport_cppExport.cmake
-- Up-to-date: /home/autoware/aichallenge2023-integration-final-main/install/tier4_control_msgs/share/tier4_control_msgs/cmake/tier4_control_msgs__rosidl_typesupport_cppExport-release.cmake
-- Up-to-date: /home/autoware/aichallenge2023-integration-final-main/install/tier4_control_msgs/share/tier4_control_msgs/cmake/export_tier4_control_msgs__rosidl_generator_pyExport.cmake
-- Up-to-date: /home/autoware/aichallenge2023-integration-final-main/install/tier4_control_msgs/share/tier4_control_msgs/cmake/export_tier4_control_msgs__rosidl_generator_pyExport-release.cmake
