[0.262s] Invoking command in '/home/autoware/aichallenge2023-integration-final-main/build/tier4_debug_msgs': CMAKE_PREFIX_PATH=${CMAKE_PREFIX_PATH}:/home/autoware/aichallenge2023-integration-final-main/install/simulator_compatibility_test:/home/autoware/aichallenge2023-integration-final-main/install/ad_api_visualizers:/home/autoware/autoware/install/simulator_compatibility_test:/home/autoware/autoware/install/ad_api_visualizers:/opt/ros/humble /usr/bin/cmake --build /home/autoware/aichallenge2023-integration-final-main/build/tier4_debug_msgs -- -j16 -l16
[0.744s] [ 12%] Built target tier4_debug_msgs__rosidl_generator_c
[0.784s] [ 12%] Built target tier4_debug_msgs__cpp
[0.903s] [ 12%] Built target ament_cmake_python_symlink_tier4_debug_msgs
[1.396s] [ 24%] Built target tier4_debug_msgs__rosidl_typesupport_fastrtps_c
[1.530s] [ 36%] Built target tier4_debug_msgs__rosidl_typesupport_introspection_cpp
[1.581s] [ 48%] Built target tier4_debug_msgs__rosidl_typesupport_introspection_c
[1.784s] [ 60%] Built target tier4_debug_msgs__rosidl_typesupport_c
[1.822s] [ 72%] Built target tier4_debug_msgs__rosidl_typesupport_cpp
[1.905s] [ 83%] Built target tier4_debug_msgs__rosidl_typesupport_fastrtps_cpp
[2.271s] [ 83%] Built target tier4_debug_msgs
[2.499s] running egg_info
[2.500s] writing tier4_debug_msgs.egg-info/PKG-INFO
[2.500s] writing dependency_links to tier4_debug_msgs.egg-info/dependency_links.txt
[2.501s] writing top-level names to tier4_debug_msgs.egg-info/top_level.txt
[2.503s] reading manifest file 'tier4_debug_msgs.egg-info/SOURCES.txt'
[2.505s] writing manifest file 'tier4_debug_msgs.egg-info/SOURCES.txt'
[2.599s] [ 84%] Built target tier4_debug_msgs__py
[2.658s] [ 84%] Built target ament_cmake_python_build_tier4_debug_msgs_egg
[2.858s] [ 95%] Built target tier4_debug_msgs__rosidl_generator_py
[3.135s] [ 97%] Built target tier4_debug_msgs__rosidl_typesupport_fastrtps_c__pyext
[3.175s] [ 99%] Built target tier4_debug_msgs__rosidl_typesupport_introspection_c__pyext
[3.190s] [100%] Built target tier4_debug_msgs__rosidl_typesupport_c__pyext
[3.284s] Invoked command in '/home/autoware/aichallenge2023-integration-final-main/build/tier4_debug_msgs' returned '0': CMAKE_PREFIX_PATH=${CMAKE_PREFIX_PATH}:/home/autoware/aichallenge2023-integration-final-main/install/simulator_compatibility_test:/home/autoware/aichallenge2023-integration-final-main/install/ad_api_visualizers:/home/autoware/autoware/install/simulator_compatibility_test:/home/autoware/autoware/install/ad_api_visualizers:/opt/ros/humble /usr/bin/cmake --build /home/autoware/aichallenge2023-integration-final-main/build/tier4_debug_msgs -- -j16 -l16
[10.533s] Invoking command in '/home/autoware/aichallenge2023-integration-final-main/build/tier4_debug_msgs': CMAKE_PREFIX_PATH=${CMAKE_PREFIX_PATH}:/home/autoware/aichallenge2023-integration-final-main/install/simulator_compatibility_test:/home/autoware/aichallenge2023-integration-final-main/install/ad_api_visualizers:/home/autoware/autoware/install/simulator_compatibility_test:/home/autoware/autoware/install/ad_api_visualizers:/opt/ros/humble /usr/bin/cmake --install /home/autoware/aichallenge2023-integration-final-main/build/tier4_debug_msgs
[10.661s] -- Install configuration: "Release"
[10.663s] -- Execute custom install script
[10.663s] -- Up-to-date symlink: /home/autoware/aichallenge2023-integration-final-main/install/tier4_debug_msgs/share/ament_index/resource_index/rosidl_interfaces/tier4_debug_msgs
[10.665s] -- Up-to-date symlink: /home/autoware/aichallenge2023-integration-final-main/install/tier4_debug_msgs/include/tier4_debug_msgs/tier4_debug_msgs/msg/bool_stamped.h
[10.666s] -- Up-to-date symlink: /home/autoware/aichallenge2023-integration-final-main/install/tier4_debug_msgs/include/tier4_debug_msgs/tier4_debug_msgs/msg/detail/bool_stamped__functions.h
[10.666s] -- Up-to-date symlink: /home/autoware/aichallenge2023-integration-final-main/install/tier4_debug_msgs/include/tier4_debug_msgs/tier4_debug_msgs/msg/detail/bool_stamped__struct.h
[10.667s] -- Up-to-date symlink: /home/autoware/aichallenge2023-integration-final-main/install/tier4_debug_msgs/include/tier4_debug_msgs/tier4_debug_msgs/msg/detail/bool_stamped__type_support.h
[10.667s] -- Up-to-date symlink: /home/autoware/aichallenge2023-integration-final-main/install/tier4_debug_msgs/include/tier4_debug_msgs/tier4_debug_msgs/msg/detail/float32_multi_array_stamped__functions.h
[10.668s] -- Up-to-date symlink: /home/autoware/aichallenge2023-integration-final-main/install/tier4_debug_msgs/include/tier4_debug_msgs/tier4_debug_msgs/msg/detail/float32_multi_array_stamped__struct.h
[10.668s] -- Up-to-date symlink: /home/autoware/aichallenge2023-integration-final-main/install/tier4_debug_msgs/include/tier4_debug_msgs/tier4_debug_msgs/msg/detail/float32_multi_array_stamped__type_support.h
[10.668s] -- Up-to-date symlink: /home/autoware/aichallenge2023-integration-final-main/install/tier4_debug_msgs/include/tier4_debug_msgs/tier4_debug_msgs/msg/detail/float32_stamped__functions.h
[10.669s] -- Up-to-date symlink: /home/autoware/aichallenge2023-integration-final-main/install/tier4_debug_msgs/include/tier4_debug_msgs/tier4_debug_msgs/msg/detail/float32_stamped__struct.h
[10.669s] -- Up-to-date symlink: /home/autoware/aichallenge2023-integration-final-main/install/tier4_debug_msgs/include/tier4_debug_msgs/tier4_debug_msgs/msg/detail/float32_stamped__type_support.h
[10.670s] -- Up-to-date symlink: /home/autoware/aichallenge2023-integration-final-main/install/tier4_debug_msgs/include/tier4_debug_msgs/tier4_debug_msgs/msg/detail/float64_multi_array_stamped__functions.h
[10.670s] -- Up-to-date symlink: /home/autoware/aichallenge2023-integration-final-main/install/tier4_debug_msgs/include/tier4_debug_msgs/tier4_debug_msgs/msg/detail/float64_multi_array_stamped__struct.h
[10.671s] -- Up-to-date symlink: /home/autoware/aichallenge2023-integration-final-main/install/tier4_debug_msgs/include/tier4_debug_msgs/tier4_debug_msgs/msg/detail/float64_multi_array_stamped__type_support.h
[10.671s] -- Up-to-date symlink: /home/autoware/aichallenge2023-integration-final-main/install/tier4_debug_msgs/include/tier4_debug_msgs/tier4_debug_msgs/msg/detail/float64_stamped__functions.h
[10.671s] -- Up-to-date symlink: /home/autoware/aichallenge2023-integration-final-main/install/tier4_debug_msgs/include/tier4_debug_msgs/tier4_debug_msgs/msg/detail/float64_stamped__struct.h
[10.672s] -- Up-to-date symlink: /home/autoware/aichallenge2023-integration-final-main/install/tier4_debug_msgs/include/tier4_debug_msgs/tier4_debug_msgs/msg/detail/float64_stamped__type_support.h
[10.672s] -- Up-to-date symlink: /home/autoware/aichallenge2023-integration-final-main/install/tier4_debug_msgs/include/tier4_debug_msgs/tier4_debug_msgs/msg/detail/int32_multi_array_stamped__functions.h
[10.673s] -- Up-to-date symlink: /home/autoware/aichallenge2023-integration-final-main/install/tier4_debug_msgs/include/tier4_debug_msgs/tier4_debug_msgs/msg/detail/int32_multi_array_stamped__struct.h
[10.673s] -- Up-to-date symlink: /home/autoware/aichallenge2023-integration-final-main/install/tier4_debug_msgs/include/tier4_debug_msgs/tier4_debug_msgs/msg/detail/int32_multi_array_stamped__type_support.h
[10.674s] -- Up-to-date symlink: /home/autoware/aichallenge2023-integration-final-main/install/tier4_debug_msgs/include/tier4_debug_msgs/tier4_debug_msgs/msg/detail/int32_stamped__functions.h
[10.674s] -- Up-to-date symlink: /home/autoware/aichallenge2023-integration-final-main/install/tier4_debug_msgs/include/tier4_debug_msgs/tier4_debug_msgs/msg/detail/int32_stamped__struct.h
[10.675s] -- Up-to-date symlink: /home/autoware/aichallenge2023-integration-final-main/install/tier4_debug_msgs/include/tier4_debug_msgs/tier4_debug_msgs/msg/detail/int32_stamped__type_support.h
[10.675s] -- Up-to-date symlink: /home/autoware/aichallenge2023-integration-final-main/install/tier4_debug_msgs/include/tier4_debug_msgs/tier4_debug_msgs/msg/detail/int64_multi_array_stamped__functions.h
[10.675s] -- Up-to-date symlink: /home/autoware/aichallenge2023-integration-final-main/install/tier4_debug_msgs/include/tier4_debug_msgs/tier4_debug_msgs/msg/detail/int64_multi_array_stamped__struct.h
[10.676s] -- Up-to-date symlink: /home/autoware/aichallenge2023-integration-final-main/install/tier4_debug_msgs/include/tier4_debug_msgs/tier4_debug_msgs/msg/detail/int64_multi_array_stamped__type_support.h
[10.676s] -- Up-to-date symlink: /home/autoware/aichallenge2023-integration-final-main/install/tier4_debug_msgs/include/tier4_debug_msgs/tier4_debug_msgs/msg/detail/int64_stamped__functions.h
[10.677s] -- Up-to-date symlink: /home/autoware/aichallenge2023-integration-final-main/install/tier4_debug_msgs/include/tier4_debug_msgs/tier4_debug_msgs/msg/detail/int64_stamped__struct.h
[10.677s] -- Up-to-date symlink: /home/autoware/aichallenge2023-integration-final-main/install/tier4_debug_msgs/include/tier4_debug_msgs/tier4_debug_msgs/msg/detail/int64_stamped__type_support.h
[10.677s] -- Up-to-date symlink: /home/autoware/aichallenge2023-integration-final-main/install/tier4_debug_msgs/include/tier4_debug_msgs/tier4_debug_msgs/msg/detail/multi_array_dimension__functions.h
[10.678s] -- Up-to-date symlink: /home/autoware/aichallenge2023-integration-final-main/install/tier4_debug_msgs/include/tier4_debug_msgs/tier4_debug_msgs/msg/detail/multi_array_dimension__struct.h
[10.678s] -- Up-to-date symlink: /home/autoware/aichallenge2023-integration-final-main/install/tier4_debug_msgs/include/tier4_debug_msgs/tier4_debug_msgs/msg/detail/multi_array_dimension__type_support.h
[10.679s] -- Up-to-date symlink: /home/autoware/aichallenge2023-integration-final-main/install/tier4_debug_msgs/include/tier4_debug_msgs/tier4_debug_msgs/msg/detail/multi_array_layout__functions.h
[10.679s] -- Up-to-date symlink: /home/autoware/aichallenge2023-integration-final-main/install/tier4_debug_msgs/include/tier4_debug_msgs/tier4_debug_msgs/msg/detail/multi_array_layout__struct.h
[10.680s] -- Up-to-date symlink: /home/autoware/aichallenge2023-integration-final-main/install/tier4_debug_msgs/include/tier4_debug_msgs/tier4_debug_msgs/msg/detail/multi_array_layout__type_support.h
[10.680s] -- Up-to-date symlink: /home/autoware/aichallenge2023-integration-final-main/install/tier4_debug_msgs/include/tier4_debug_msgs/tier4_debug_msgs/msg/detail/string_stamped__functions.h
[10.680s] -- Up-to-date symlink: /home/autoware/aichallenge2023-integration-final-main/install/tier4_debug_msgs/include/tier4_debug_msgs/tier4_debug_msgs/msg/detail/string_stamped__struct.h
[10.681s] -- Up-to-date symlink: /home/autoware/aichallenge2023-integration-final-main/install/tier4_debug_msgs/include/tier4_debug_msgs/tier4_debug_msgs/msg/detail/string_stamped__type_support.h
[10.681s] -- Up-to-date symlink: /home/autoware/aichallenge2023-integration-final-main/install/tier4_debug_msgs/include/tier4_debug_msgs/tier4_debug_msgs/msg/float32_multi_array_stamped.h
[10.682s] -- Up-to-date symlink: /home/autoware/aichallenge2023-integration-final-main/install/tier4_debug_msgs/include/tier4_debug_msgs/tier4_debug_msgs/msg/float32_stamped.h
[10.682s] -- Up-to-date symlink: /home/autoware/aichallenge2023-integration-final-main/install/tier4_debug_msgs/include/tier4_debug_msgs/tier4_debug_msgs/msg/float64_multi_array_stamped.h
[10.683s] -- Up-to-date symlink: /home/autoware/aichallenge2023-integration-final-main/install/tier4_debug_msgs/include/tier4_debug_msgs/tier4_debug_msgs/msg/float64_stamped.h
[10.683s] -- Up-to-date symlink: /home/autoware/aichallenge2023-integration-final-main/install/tier4_debug_msgs/include/tier4_debug_msgs/tier4_debug_msgs/msg/int32_multi_array_stamped.h
[10.683s] -- Up-to-date symlink: /home/autoware/aichallenge2023-integration-final-main/install/tier4_debug_msgs/include/tier4_debug_msgs/tier4_debug_msgs/msg/int32_stamped.h
[10.684s] -- Up-to-date symlink: /home/autoware/aichallenge2023-integration-final-main/install/tier4_debug_msgs/include/tier4_debug_msgs/tier4_debug_msgs/msg/int64_multi_array_stamped.h
[10.684s] -- Up-to-date symlink: /home/autoware/aichallenge2023-integration-final-main/install/tier4_debug_msgs/include/tier4_debug_msgs/tier4_debug_msgs/msg/int64_stamped.h
[10.685s] -- Up-to-date symlink: /home/autoware/aichallenge2023-integration-final-main/install/tier4_debug_msgs/include/tier4_debug_msgs/tier4_debug_msgs/msg/multi_array_dimension.h
[10.685s] -- Up-to-date symlink: /home/autoware/aichallenge2023-integration-final-main/install/tier4_debug_msgs/include/tier4_debug_msgs/tier4_debug_msgs/msg/multi_array_layout.h
[10.686s] -- Up-to-date symlink: /home/autoware/aichallenge2023-integration-final-main/install/tier4_debug_msgs/include/tier4_debug_msgs/tier4_debug_msgs/msg/rosidl_generator_c__visibility_control.h
[10.686s] -- Up-to-date symlink: /home/autoware/aichallenge2023-integration-final-main/install/tier4_debug_msgs/include/tier4_debug_msgs/tier4_debug_msgs/msg/string_stamped.h
[10.687s] -- Up-to-date symlink: /home/autoware/aichallenge2023-integration-final-main/install/tier4_debug_msgs/share/tier4_debug_msgs/environment/library_path.sh
[10.687s] -- Up-to-date symlink: /home/autoware/aichallenge2023-integration-final-main/install/tier4_debug_msgs/share/tier4_debug_msgs/environment/library_path.dsv
[10.689s] -- Up-to-date symlink: /home/autoware/aichallenge2023-integration-final-main/install/tier4_debug_msgs/include/tier4_debug_msgs/tier4_debug_msgs/msg/detail/bool_stamped__rosidl_typesupport_fastrtps_c.h
[10.690s] -- Up-to-date symlink: /home/autoware/aichallenge2023-integration-final-main/install/tier4_debug_msgs/include/tier4_debug_msgs/tier4_debug_msgs/msg/detail/float32_multi_array_stamped__rosidl_typesupport_fastrtps_c.h
[10.690s] -- Up-to-date symlink: /home/autoware/aichallenge2023-integration-final-main/install/tier4_debug_msgs/include/tier4_debug_msgs/tier4_debug_msgs/msg/detail/float32_stamped__rosidl_typesupport_fastrtps_c.h
[10.691s] -- Up-to-date symlink: /home/autoware/aichallenge2023-integration-final-main/install/tier4_debug_msgs/include/tier4_debug_msgs/tier4_debug_msgs/msg/detail/float64_multi_array_stamped__rosidl_typesupport_fastrtps_c.h
[10.691s] -- Up-to-date symlink: /home/autoware/aichallenge2023-integration-final-main/install/tier4_debug_msgs/include/tier4_debug_msgs/tier4_debug_msgs/msg/detail/float64_stamped__rosidl_typesupport_fastrtps_c.h
[10.692s] -- Up-to-date symlink: /home/autoware/aichallenge2023-integration-final-main/install/tier4_debug_msgs/include/tier4_debug_msgs/tier4_debug_msgs/msg/detail/int32_multi_array_stamped__rosidl_typesupport_fastrtps_c.h
[10.692s] -- Up-to-date symlink: /home/autoware/aichallenge2023-integration-final-main/install/tier4_debug_msgs/include/tier4_debug_msgs/tier4_debug_msgs/msg/detail/int32_stamped__rosidl_typesupport_fastrtps_c.h
[10.693s] -- Up-to-date symlink: /home/autoware/aichallenge2023-integration-final-main/install/tier4_debug_msgs/include/tier4_debug_msgs/tier4_debug_msgs/msg/detail/int64_multi_array_stamped__rosidl_typesupport_fastrtps_c.h
[10.693s] -- Up-to-date symlink: /home/autoware/aichallenge2023-integration-final-main/install/tier4_debug_msgs/include/tier4_debug_msgs/tier4_debug_msgs/msg/detail/int64_stamped__rosidl_typesupport_fastrtps_c.h
[10.694s] -- Up-to-date symlink: /home/autoware/aichallenge2023-integration-final-main/install/tier4_debug_msgs/include/tier4_debug_msgs/tier4_debug_msgs/msg/detail/multi_array_dimension__rosidl_typesupport_fastrtps_c.h
[10.695s] -- Up-to-date symlink: /home/autoware/aichallenge2023-integration-final-main/install/tier4_debug_msgs/include/tier4_debug_msgs/tier4_debug_msgs/msg/detail/multi_array_layout__rosidl_typesupport_fastrtps_c.h
[10.695s] -- Up-to-date symlink: /home/autoware/aichallenge2023-integration-final-main/install/tier4_debug_msgs/include/tier4_debug_msgs/tier4_debug_msgs/msg/detail/string_stamped__rosidl_typesupport_fastrtps_c.h
[10.696s] -- Up-to-date symlink: /home/autoware/aichallenge2023-integration-final-main/install/tier4_debug_msgs/include/tier4_debug_msgs/tier4_debug_msgs/msg/rosidl_typesupport_fastrtps_c__visibility_control.h
[10.697s] -- Up-to-date symlink: /home/autoware/aichallenge2023-integration-final-main/install/tier4_debug_msgs/include/tier4_debug_msgs/tier4_debug_msgs/msg/detail/bool_stamped__rosidl_typesupport_introspection_c.h
[10.698s] -- Up-to-date symlink: /home/autoware/aichallenge2023-integration-final-main/install/tier4_debug_msgs/include/tier4_debug_msgs/tier4_debug_msgs/msg/detail/float32_multi_array_stamped__rosidl_typesupport_introspection_c.h
[10.698s] -- Up-to-date symlink: /home/autoware/aichallenge2023-integration-final-main/install/tier4_debug_msgs/include/tier4_debug_msgs/tier4_debug_msgs/msg/detail/float32_stamped__rosidl_typesupport_introspection_c.h
[10.698s] -- Up-to-date symlink: /home/autoware/aichallenge2023-integration-final-main/install/tier4_debug_msgs/include/tier4_debug_msgs/tier4_debug_msgs/msg/detail/float64_multi_array_stamped__rosidl_typesupport_introspection_c.h
[10.699s] -- Up-to-date symlink: /home/autoware/aichallenge2023-integration-final-main/install/tier4_debug_msgs/include/tier4_debug_msgs/tier4_debug_msgs/msg/detail/float64_stamped__rosidl_typesupport_introspection_c.h
[10.699s] -- Up-to-date symlink: /home/autoware/aichallenge2023-integration-final-main/install/tier4_debug_msgs/include/tier4_debug_msgs/tier4_debug_msgs/msg/detail/int32_multi_array_stamped__rosidl_typesupport_introspection_c.h
[10.700s] -- Up-to-date symlink: /home/autoware/aichallenge2023-integration-final-main/install/tier4_debug_msgs/include/tier4_debug_msgs/tier4_debug_msgs/msg/detail/int32_stamped__rosidl_typesupport_introspection_c.h
[10.700s] -- Up-to-date symlink: /home/autoware/aichallenge2023-integration-final-main/install/tier4_debug_msgs/include/tier4_debug_msgs/tier4_debug_msgs/msg/detail/int64_multi_array_stamped__rosidl_typesupport_introspection_c.h
[10.701s] -- Up-to-date symlink: /home/autoware/aichallenge2023-integration-final-main/install/tier4_debug_msgs/include/tier4_debug_msgs/tier4_debug_msgs/msg/detail/int64_stamped__rosidl_typesupport_introspection_c.h
[10.701s] -- Up-to-date symlink: /home/autoware/aichallenge2023-integration-final-main/install/tier4_debug_msgs/include/tier4_debug_msgs/tier4_debug_msgs/msg/detail/multi_array_dimension__rosidl_typesupport_introspection_c.h
[10.702s] -- Up-to-date symlink: /home/autoware/aichallenge2023-integration-final-main/install/tier4_debug_msgs/include/tier4_debug_msgs/tier4_debug_msgs/msg/detail/multi_array_layout__rosidl_typesupport_introspection_c.h
[10.702s] -- Up-to-date symlink: /home/autoware/aichallenge2023-integration-final-main/install/tier4_debug_msgs/include/tier4_debug_msgs/tier4_debug_msgs/msg/detail/string_stamped__rosidl_typesupport_introspection_c.h
[10.702s] -- Up-to-date symlink: /home/autoware/aichallenge2023-integration-final-main/install/tier4_debug_msgs/include/tier4_debug_msgs/tier4_debug_msgs/msg/rosidl_typesupport_introspection_c__visibility_control.h
[10.704s] -- Up-to-date symlink: /home/autoware/aichallenge2023-integration-final-main/install/tier4_debug_msgs/include/tier4_debug_msgs/tier4_debug_msgs/msg/bool_stamped.hpp
[10.705s] -- Up-to-date symlink: /home/autoware/aichallenge2023-integration-final-main/install/tier4_debug_msgs/include/tier4_debug_msgs/tier4_debug_msgs/msg/detail/bool_stamped__builder.hpp
[10.705s] -- Up-to-date symlink: /home/autoware/aichallenge2023-integration-final-main/install/tier4_debug_msgs/include/tier4_debug_msgs/tier4_debug_msgs/msg/detail/bool_stamped__struct.hpp
[10.706s] -- Up-to-date symlink: /home/autoware/aichallenge2023-integration-final-main/install/tier4_debug_msgs/include/tier4_debug_msgs/tier4_debug_msgs/msg/detail/bool_stamped__traits.hpp
[10.706s] -- Up-to-date symlink: /home/autoware/aichallenge2023-integration-final-main/install/tier4_debug_msgs/include/tier4_debug_msgs/tier4_debug_msgs/msg/detail/float32_multi_array_stamped__builder.hpp
[10.706s] -- Up-to-date symlink: /home/autoware/aichallenge2023-integration-final-main/install/tier4_debug_msgs/include/tier4_debug_msgs/tier4_debug_msgs/msg/detail/float32_multi_array_stamped__struct.hpp
[10.707s] -- Up-to-date symlink: /home/autoware/aichallenge2023-integration-final-main/install/tier4_debug_msgs/include/tier4_debug_msgs/tier4_debug_msgs/msg/detail/float32_multi_array_stamped__traits.hpp
[10.707s] -- Up-to-date symlink: /home/autoware/aichallenge2023-integration-final-main/install/tier4_debug_msgs/include/tier4_debug_msgs/tier4_debug_msgs/msg/detail/float32_stamped__builder.hpp
[10.708s] -- Up-to-date symlink: /home/autoware/aichallenge2023-integration-final-main/install/tier4_debug_msgs/include/tier4_debug_msgs/tier4_debug_msgs/msg/detail/float32_stamped__struct.hpp
[10.708s] -- Up-to-date symlink: /home/autoware/aichallenge2023-integration-final-main/install/tier4_debug_msgs/include/tier4_debug_msgs/tier4_debug_msgs/msg/detail/float32_stamped__traits.hpp
[10.709s] -- Up-to-date symlink: /home/autoware/aichallenge2023-integration-final-main/install/tier4_debug_msgs/include/tier4_debug_msgs/tier4_debug_msgs/msg/detail/float64_multi_array_stamped__builder.hpp
[10.710s] -- Up-to-date symlink: /home/autoware/aichallenge2023-integration-final-main/install/tier4_debug_msgs/include/tier4_debug_msgs/tier4_debug_msgs/msg/detail/float64_multi_array_stamped__struct.hpp
[10.710s] -- Up-to-date symlink: /home/autoware/aichallenge2023-integration-final-main/install/tier4_debug_msgs/include/tier4_debug_msgs/tier4_debug_msgs/msg/detail/float64_multi_array_stamped__traits.hpp
[10.710s] -- Up-to-date symlink: /home/autoware/aichallenge2023-integration-final-main/install/tier4_debug_msgs/include/tier4_debug_msgs/tier4_debug_msgs/msg/detail/float64_stamped__builder.hpp
[10.711s] -- Up-to-date symlink: /home/autoware/aichallenge2023-integration-final-main/install/tier4_debug_msgs/include/tier4_debug_msgs/tier4_debug_msgs/msg/detail/float64_stamped__struct.hpp
[10.711s] -- Up-to-date symlink: /home/autoware/aichallenge2023-integration-final-main/install/tier4_debug_msgs/include/tier4_debug_msgs/tier4_debug_msgs/msg/detail/float64_stamped__traits.hpp
[10.711s] -- Up-to-date symlink: /home/autoware/aichallenge2023-integration-final-main/install/tier4_debug_msgs/include/tier4_debug_msgs/tier4_debug_msgs/msg/detail/int32_multi_array_stamped__builder.hpp
[10.712s] -- Up-to-date symlink: /home/autoware/aichallenge2023-integration-final-main/install/tier4_debug_msgs/include/tier4_debug_msgs/tier4_debug_msgs/msg/detail/int32_multi_array_stamped__struct.hpp
[10.712s] -- Up-to-date symlink: /home/autoware/aichallenge2023-integration-final-main/install/tier4_debug_msgs/include/tier4_debug_msgs/tier4_debug_msgs/msg/detail/int32_multi_array_stamped__traits.hpp
[10.712s] -- Up-to-date symlink: /home/autoware/aichallenge2023-integration-final-main/install/tier4_debug_msgs/include/tier4_debug_msgs/tier4_debug_msgs/msg/detail/int32_stamped__builder.hpp
[10.712s] -- Up-to-date symlink: /home/autoware/aichallenge2023-integration-final-main/install/tier4_debug_msgs/include/tier4_debug_msgs/tier4_debug_msgs/msg/detail/int32_stamped__struct.hpp
[10.712s] -- Up-to-date symlink: /home/autoware/aichallenge2023-integration-final-main/install/tier4_debug_msgs/include/tier4_debug_msgs/tier4_debug_msgs/msg/detail/int32_stamped__traits.hpp
[10.713s] -- Up-to-date symlink: /home/autoware/aichallenge2023-integration-final-main/install/tier4_debug_msgs/include/tier4_debug_msgs/tier4_debug_msgs/msg/detail/int64_multi_array_stamped__builder.hpp
[10.713s] -- Up-to-date symlink: /home/autoware/aichallenge2023-integration-final-main/install/tier4_debug_msgs/include/tier4_debug_msgs/tier4_debug_msgs/msg/detail/int64_multi_array_stamped__struct.hpp
[10.713s] -- Up-to-date symlink: /home/autoware/aichallenge2023-integration-final-main/install/tier4_debug_msgs/include/tier4_debug_msgs/tier4_debug_msgs/msg/detail/int64_multi_array_stamped__traits.hpp
[10.713s] -- Up-to-date symlink: /home/autoware/aichallenge2023-integration-final-main/install/tier4_debug_msgs/include/tier4_debug_msgs/tier4_debug_msgs/msg/detail/int64_stamped__builder.hpp
[10.715s] -- Up-to-date symlink: /home/autoware/aichallenge2023-integration-final-main/install/tier4_debug_msgs/include/tier4_debug_msgs/tier4_debug_msgs/msg/detail/int64_stamped__struct.hpp
[10.715s] -- Up-to-date symlink: /home/autoware/aichallenge2023-integration-final-main/install/tier4_debug_msgs/include/tier4_debug_msgs/tier4_debug_msgs/msg/detail/int64_stamped__traits.hpp
[10.716s] -- Up-to-date symlink: /home/autoware/aichallenge2023-integration-final-main/install/tier4_debug_msgs/include/tier4_debug_msgs/tier4_debug_msgs/msg/detail/multi_array_dimension__builder.hpp
[10.716s] -- Up-to-date symlink: /home/autoware/aichallenge2023-integration-final-main/install/tier4_debug_msgs/include/tier4_debug_msgs/tier4_debug_msgs/msg/detail/multi_array_dimension__struct.hpp
[10.716s] -- Up-to-date symlink: /home/autoware/aichallenge2023-integration-final-main/install/tier4_debug_msgs/include/tier4_debug_msgs/tier4_debug_msgs/msg/detail/multi_array_dimension__traits.hpp
[10.716s] -- Up-to-date symlink: /home/autoware/aichallenge2023-integration-final-main/install/tier4_debug_msgs/include/tier4_debug_msgs/tier4_debug_msgs/msg/detail/multi_array_layout__builder.hpp
[10.716s] -- Up-to-date symlink: /home/autoware/aichallenge2023-integration-final-main/install/tier4_debug_msgs/include/tier4_debug_msgs/tier4_debug_msgs/msg/detail/multi_array_layout__struct.hpp
[10.716s] -- Up-to-date symlink: /home/autoware/aichallenge2023-integration-final-main/install/tier4_debug_msgs/include/tier4_debug_msgs/tier4_debug_msgs/msg/detail/multi_array_layout__traits.hpp
[10.717s] -- Up-to-date symlink: /home/autoware/aichallenge2023-integration-final-main/install/tier4_debug_msgs/include/tier4_debug_msgs/tier4_debug_msgs/msg/detail/string_stamped__builder.hpp
[10.717s] -- Up-to-date symlink: /home/autoware/aichallenge2023-integration-final-main/install/tier4_debug_msgs/include/tier4_debug_msgs/tier4_debug_msgs/msg/detail/string_stamped__struct.hpp
[10.717s] -- Up-to-date symlink: /home/autoware/aichallenge2023-integration-final-main/install/tier4_debug_msgs/include/tier4_debug_msgs/tier4_debug_msgs/msg/detail/string_stamped__traits.hpp
[10.717s] -- Up-to-date symlink: /home/autoware/aichallenge2023-integration-final-main/install/tier4_debug_msgs/include/tier4_debug_msgs/tier4_debug_msgs/msg/float32_multi_array_stamped.hpp
[10.717s] -- Up-to-date symlink: /home/autoware/aichallenge2023-integration-final-main/install/tier4_debug_msgs/include/tier4_debug_msgs/tier4_debug_msgs/msg/float32_stamped.hpp
[10.717s] -- Up-to-date symlink: /home/autoware/aichallenge2023-integration-final-main/install/tier4_debug_msgs/include/tier4_debug_msgs/tier4_debug_msgs/msg/float64_multi_array_stamped.hpp
[10.717s] -- Up-to-date symlink: /home/autoware/aichallenge2023-integration-final-main/install/tier4_debug_msgs/include/tier4_debug_msgs/tier4_debug_msgs/msg/float64_stamped.hpp
[10.718s] -- Up-to-date symlink: /home/autoware/aichallenge2023-integration-final-main/install/tier4_debug_msgs/include/tier4_debug_msgs/tier4_debug_msgs/msg/int32_multi_array_stamped.hpp
[10.718s] -- Up-to-date symlink: /home/autoware/aichallenge2023-integration-final-main/install/tier4_debug_msgs/include/tier4_debug_msgs/tier4_debug_msgs/msg/int32_stamped.hpp
[10.718s] -- Up-to-date symlink: /home/autoware/aichallenge2023-integration-final-main/install/tier4_debug_msgs/include/tier4_debug_msgs/tier4_debug_msgs/msg/int64_multi_array_stamped.hpp
[10.718s] -- Up-to-date symlink: /home/autoware/aichallenge2023-integration-final-main/install/tier4_debug_msgs/include/tier4_debug_msgs/tier4_debug_msgs/msg/int64_stamped.hpp
[10.719s] -- Up-to-date symlink: /home/autoware/aichallenge2023-integration-final-main/install/tier4_debug_msgs/include/tier4_debug_msgs/tier4_debug_msgs/msg/multi_array_dimension.hpp
[10.719s] -- Up-to-date symlink: /home/autoware/aichallenge2023-integration-final-main/install/tier4_debug_msgs/include/tier4_debug_msgs/tier4_debug_msgs/msg/multi_array_layout.hpp
[10.719s] -- Up-to-date symlink: /home/autoware/aichallenge2023-integration-final-main/install/tier4_debug_msgs/include/tier4_debug_msgs/tier4_debug_msgs/msg/string_stamped.hpp
[10.721s] -- Up-to-date symlink: /home/autoware/aichallenge2023-integration-final-main/install/tier4_debug_msgs/include/tier4_debug_msgs/tier4_debug_msgs/msg/detail/bool_stamped__rosidl_typesupport_fastrtps_cpp.hpp
[10.721s] -- Up-to-date symlink: /home/autoware/aichallenge2023-integration-final-main/install/tier4_debug_msgs/include/tier4_debug_msgs/tier4_debug_msgs/msg/detail/float32_multi_array_stamped__rosidl_typesupport_fastrtps_cpp.hpp
[10.721s] -- Up-to-date symlink: /home/autoware/aichallenge2023-integration-final-main/install/tier4_debug_msgs/include/tier4_debug_msgs/tier4_debug_msgs/msg/detail/float32_stamped__rosidl_typesupport_fastrtps_cpp.hpp
[10.722s] -- Up-to-date symlink: /home/autoware/aichallenge2023-integration-final-main/install/tier4_debug_msgs/include/tier4_debug_msgs/tier4_debug_msgs/msg/detail/float64_multi_array_stamped__rosidl_typesupport_fastrtps_cpp.hpp
[10.722s] -- Up-to-date symlink: /home/autoware/aichallenge2023-integration-final-main/install/tier4_debug_msgs/include/tier4_debug_msgs/tier4_debug_msgs/msg/detail/float64_stamped__rosidl_typesupport_fastrtps_cpp.hpp
[10.722s] -- Up-to-date symlink: /home/autoware/aichallenge2023-integration-final-main/install/tier4_debug_msgs/include/tier4_debug_msgs/tier4_debug_msgs/msg/detail/int32_multi_array_stamped__rosidl_typesupport_fastrtps_cpp.hpp
[10.722s] -- Up-to-date symlink: /home/autoware/aichallenge2023-integration-final-main/install/tier4_debug_msgs/include/tier4_debug_msgs/tier4_debug_msgs/msg/detail/int32_stamped__rosidl_typesupport_fastrtps_cpp.hpp
[10.723s] -- Up-to-date symlink: /home/autoware/aichallenge2023-integration-final-main/install/tier4_debug_msgs/include/tier4_debug_msgs/tier4_debug_msgs/msg/detail/int64_multi_array_stamped__rosidl_typesupport_fastrtps_cpp.hpp
[10.723s] -- Up-to-date symlink: /home/autoware/aichallenge2023-integration-final-main/install/tier4_debug_msgs/include/tier4_debug_msgs/tier4_debug_msgs/msg/detail/int64_stamped__rosidl_typesupport_fastrtps_cpp.hpp
[10.723s] -- Up-to-date symlink: /home/autoware/aichallenge2023-integration-final-main/install/tier4_debug_msgs/include/tier4_debug_msgs/tier4_debug_msgs/msg/detail/multi_array_dimension__rosidl_typesupport_fastrtps_cpp.hpp
[10.723s] -- Up-to-date symlink: /home/autoware/aichallenge2023-integration-final-main/install/tier4_debug_msgs/include/tier4_debug_msgs/tier4_debug_msgs/msg/detail/multi_array_layout__rosidl_typesupport_fastrtps_cpp.hpp
[10.724s] -- Up-to-date symlink: /home/autoware/aichallenge2023-integration-final-main/install/tier4_debug_msgs/include/tier4_debug_msgs/tier4_debug_msgs/msg/detail/string_stamped__rosidl_typesupport_fastrtps_cpp.hpp
[10.724s] -- Up-to-date symlink: /home/autoware/aichallenge2023-integration-final-main/install/tier4_debug_msgs/include/tier4_debug_msgs/tier4_debug_msgs/msg/rosidl_typesupport_fastrtps_cpp__visibility_control.h
[10.725s] -- Up-to-date symlink: /home/autoware/aichallenge2023-integration-final-main/install/tier4_debug_msgs/include/tier4_debug_msgs/tier4_debug_msgs/msg/detail/bool_stamped__rosidl_typesupport_introspection_cpp.hpp
[10.725s] -- Up-to-date symlink: /home/autoware/aichallenge2023-integration-final-main/install/tier4_debug_msgs/include/tier4_debug_msgs/tier4_debug_msgs/msg/detail/float32_multi_array_stamped__rosidl_typesupport_introspection_cpp.hpp
[10.726s] -- Up-to-date symlink: /home/autoware/aichallenge2023-integration-final-main/install/tier4_debug_msgs/include/tier4_debug_msgs/tier4_debug_msgs/msg/detail/float32_stamped__rosidl_typesupport_introspection_cpp.hpp
[10.726s] -- Up-to-date symlink: /home/autoware/aichallenge2023-integration-final-main/install/tier4_debug_msgs/include/tier4_debug_msgs/tier4_debug_msgs/msg/detail/float64_multi_array_stamped__rosidl_typesupport_introspection_cpp.hpp
[10.726s] -- Up-to-date symlink: /home/autoware/aichallenge2023-integration-final-main/install/tier4_debug_msgs/include/tier4_debug_msgs/tier4_debug_msgs/msg/detail/float64_stamped__rosidl_typesupport_introspection_cpp.hpp
[10.726s] -- Up-to-date symlink: /home/autoware/aichallenge2023-integration-final-main/install/tier4_debug_msgs/include/tier4_debug_msgs/tier4_debug_msgs/msg/detail/int32_multi_array_stamped__rosidl_typesupport_introspection_cpp.hpp
[10.727s] -- Up-to-date symlink: /home/autoware/aichallenge2023-integration-final-main/install/tier4_debug_msgs/include/tier4_debug_msgs/tier4_debug_msgs/msg/detail/int32_stamped__rosidl_typesupport_introspection_cpp.hpp
[10.727s] -- Up-to-date symlink: /home/autoware/aichallenge2023-integration-final-main/install/tier4_debug_msgs/include/tier4_debug_msgs/tier4_debug_msgs/msg/detail/int64_multi_array_stamped__rosidl_typesupport_introspection_cpp.hpp
[10.727s] -- Up-to-date symlink: /home/autoware/aichallenge2023-integration-final-main/install/tier4_debug_msgs/include/tier4_debug_msgs/tier4_debug_msgs/msg/detail/int64_stamped__rosidl_typesupport_introspection_cpp.hpp
[10.728s] -- Up-to-date symlink: /home/autoware/aichallenge2023-integration-final-main/install/tier4_debug_msgs/include/tier4_debug_msgs/tier4_debug_msgs/msg/detail/multi_array_dimension__rosidl_typesupport_introspection_cpp.hpp
[10.728s] -- Up-to-date symlink: /home/autoware/aichallenge2023-integration-final-main/install/tier4_debug_msgs/include/tier4_debug_msgs/tier4_debug_msgs/msg/detail/multi_array_layout__rosidl_typesupport_introspection_cpp.hpp
[10.728s] -- Up-to-date symlink: /home/autoware/aichallenge2023-integration-final-main/install/tier4_debug_msgs/include/tier4_debug_msgs/tier4_debug_msgs/msg/detail/string_stamped__rosidl_typesupport_introspection_cpp.hpp
[10.728s] -- Up-to-date symlink: /home/autoware/aichallenge2023-integration-final-main/install/tier4_debug_msgs/share/tier4_debug_msgs/environment/pythonpath.sh
[10.729s] -- Up-to-date symlink: /home/autoware/aichallenge2023-integration-final-main/install/tier4_debug_msgs/share/tier4_debug_msgs/environment/pythonpath.dsv
[10.730s] -- Up-to-date symlink: /home/autoware/aichallenge2023-integration-final-main/install/tier4_debug_msgs/local/lib/python3.10/dist-packages/tier4_debug_msgs-0.1.0-py3.10.egg-info/PKG-INFO
[10.730s] -- Up-to-date symlink: /home/autoware/aichallenge2023-integration-final-main/install/tier4_debug_msgs/local/lib/python3.10/dist-packages/tier4_debug_msgs-0.1.0-py3.10.egg-info/SOURCES.txt
[10.730s] -- Up-to-date symlink: /home/autoware/aichallenge2023-integration-final-main/install/tier4_debug_msgs/local/lib/python3.10/dist-packages/tier4_debug_msgs-0.1.0-py3.10.egg-info/dependency_links.txt
[10.731s] -- Up-to-date symlink: /home/autoware/aichallenge2023-integration-final-main/install/tier4_debug_msgs/local/lib/python3.10/dist-packages/tier4_debug_msgs-0.1.0-py3.10.egg-info/top_level.txt
[10.733s] -- Up-to-date symlink: /home/autoware/aichallenge2023-integration-final-main/install/tier4_debug_msgs/local/lib/python3.10/dist-packages/tier4_debug_msgs/__init__.py
[10.733s] -- Up-to-date symlink: /home/autoware/aichallenge2023-integration-final-main/install/tier4_debug_msgs/local/lib/python3.10/dist-packages/tier4_debug_msgs/_tier4_debug_msgs_s.ep.rosidl_typesupport_c.c
[10.733s] -- Up-to-date symlink: /home/autoware/aichallenge2023-integration-final-main/install/tier4_debug_msgs/local/lib/python3.10/dist-packages/tier4_debug_msgs/_tier4_debug_msgs_s.ep.rosidl_typesupport_fastrtps_c.c
[10.733s] -- Up-to-date symlink: /home/autoware/aichallenge2023-integration-final-main/install/tier4_debug_msgs/local/lib/python3.10/dist-packages/tier4_debug_msgs/_tier4_debug_msgs_s.ep.rosidl_typesupport_introspection_c.c
[10.734s] -- Up-to-date symlink: /home/autoware/aichallenge2023-integration-final-main/install/tier4_debug_msgs/local/lib/python3.10/dist-packages/tier4_debug_msgs/libtier4_debug_msgs__rosidl_generator_py.so
[10.734s] -- Up-to-date symlink: /home/autoware/aichallenge2023-integration-final-main/install/tier4_debug_msgs/local/lib/python3.10/dist-packages/tier4_debug_msgs/msg/__init__.py
[10.734s] -- Up-to-date symlink: /home/autoware/aichallenge2023-integration-final-main/install/tier4_debug_msgs/local/lib/python3.10/dist-packages/tier4_debug_msgs/msg/_bool_stamped.py
[10.735s] -- Up-to-date symlink: /home/autoware/aichallenge2023-integration-final-main/install/tier4_debug_msgs/local/lib/python3.10/dist-packages/tier4_debug_msgs/msg/_bool_stamped_s.c
[10.735s] -- Up-to-date symlink: /home/autoware/aichallenge2023-integration-final-main/install/tier4_debug_msgs/local/lib/python3.10/dist-packages/tier4_debug_msgs/msg/_float32_multi_array_stamped.py
[10.735s] -- Up-to-date symlink: /home/autoware/aichallenge2023-integration-final-main/install/tier4_debug_msgs/local/lib/python3.10/dist-packages/tier4_debug_msgs/msg/_float32_multi_array_stamped_s.c
[10.735s] -- Up-to-date symlink: /home/autoware/aichallenge2023-integration-final-main/install/tier4_debug_msgs/local/lib/python3.10/dist-packages/tier4_debug_msgs/msg/_float32_stamped.py
[10.736s] -- Up-to-date symlink: /home/autoware/aichallenge2023-integration-final-main/install/tier4_debug_msgs/local/lib/python3.10/dist-packages/tier4_debug_msgs/msg/_float32_stamped_s.c
[10.736s] -- Up-to-date symlink: /home/autoware/aichallenge2023-integration-final-main/install/tier4_debug_msgs/local/lib/python3.10/dist-packages/tier4_debug_msgs/msg/_float64_multi_array_stamped.py
[10.736s] -- Up-to-date symlink: /home/autoware/aichallenge2023-integration-final-main/install/tier4_debug_msgs/local/lib/python3.10/dist-packages/tier4_debug_msgs/msg/_float64_multi_array_stamped_s.c
[10.737s] -- Up-to-date symlink: /home/autoware/aichallenge2023-integration-final-main/install/tier4_debug_msgs/local/lib/python3.10/dist-packages/tier4_debug_msgs/msg/_float64_stamped.py
[10.737s] -- Up-to-date symlink: /home/autoware/aichallenge2023-integration-final-main/install/tier4_debug_msgs/local/lib/python3.10/dist-packages/tier4_debug_msgs/msg/_float64_stamped_s.c
[10.737s] -- Up-to-date symlink: /home/autoware/aichallenge2023-integration-final-main/install/tier4_debug_msgs/local/lib/python3.10/dist-packages/tier4_debug_msgs/msg/_int32_multi_array_stamped.py
[10.737s] -- Up-to-date symlink: /home/autoware/aichallenge2023-integration-final-main/install/tier4_debug_msgs/local/lib/python3.10/dist-packages/tier4_debug_msgs/msg/_int32_multi_array_stamped_s.c
[10.738s] -- Up-to-date symlink: /home/autoware/aichallenge2023-integration-final-main/install/tier4_debug_msgs/local/lib/python3.10/dist-packages/tier4_debug_msgs/msg/_int32_stamped.py
[10.738s] -- Up-to-date symlink: /home/autoware/aichallenge2023-integration-final-main/install/tier4_debug_msgs/local/lib/python3.10/dist-packages/tier4_debug_msgs/msg/_int32_stamped_s.c
[10.738s] -- Up-to-date symlink: /home/autoware/aichallenge2023-integration-final-main/install/tier4_debug_msgs/local/lib/python3.10/dist-packages/tier4_debug_msgs/msg/_int64_multi_array_stamped.py
[10.738s] -- Up-to-date symlink: /home/autoware/aichallenge2023-integration-final-main/install/tier4_debug_msgs/local/lib/python3.10/dist-packages/tier4_debug_msgs/msg/_int64_multi_array_stamped_s.c
[10.739s] -- Up-to-date symlink: /home/autoware/aichallenge2023-integration-final-main/install/tier4_debug_msgs/local/lib/python3.10/dist-packages/tier4_debug_msgs/msg/_int64_stamped.py
[10.739s] -- Up-to-date symlink: /home/autoware/aichallenge2023-integration-final-main/install/tier4_debug_msgs/local/lib/python3.10/dist-packages/tier4_debug_msgs/msg/_int64_stamped_s.c
[10.739s] -- Up-to-date symlink: /home/autoware/aichallenge2023-integration-final-main/install/tier4_debug_msgs/local/lib/python3.10/dist-packages/tier4_debug_msgs/msg/_multi_array_dimension.py
[10.740s] -- Up-to-date symlink: /home/autoware/aichallenge2023-integration-final-main/install/tier4_debug_msgs/local/lib/python3.10/dist-packages/tier4_debug_msgs/msg/_multi_array_dimension_s.c
[10.740s] -- Up-to-date symlink: /home/autoware/aichallenge2023-integration-final-main/install/tier4_debug_msgs/local/lib/python3.10/dist-packages/tier4_debug_msgs/msg/_multi_array_layout.py
[10.740s] -- Up-to-date symlink: /home/autoware/aichallenge2023-integration-final-main/install/tier4_debug_msgs/local/lib/python3.10/dist-packages/tier4_debug_msgs/msg/_multi_array_layout_s.c
[10.740s] -- Up-to-date symlink: /home/autoware/aichallenge2023-integration-final-main/install/tier4_debug_msgs/local/lib/python3.10/dist-packages/tier4_debug_msgs/msg/_string_stamped.py
[10.741s] -- Up-to-date symlink: /home/autoware/aichallenge2023-integration-final-main/install/tier4_debug_msgs/local/lib/python3.10/dist-packages/tier4_debug_msgs/msg/_string_stamped_s.c
[10.741s] -- Up-to-date symlink: /home/autoware/aichallenge2023-integration-final-main/install/tier4_debug_msgs/local/lib/python3.10/dist-packages/tier4_debug_msgs/tier4_debug_msgs_s__rosidl_typesupport_c.cpython-310-x86_64-linux-gnu.so
[10.741s] -- Up-to-date symlink: /home/autoware/aichallenge2023-integration-final-main/install/tier4_debug_msgs/local/lib/python3.10/dist-packages/tier4_debug_msgs/tier4_debug_msgs_s__rosidl_typesupport_fastrtps_c.cpython-310-x86_64-linux-gnu.so
[10.741s] -- Up-to-date symlink: /home/autoware/aichallenge2023-integration-final-main/install/tier4_debug_msgs/local/lib/python3.10/dist-packages/tier4_debug_msgs/tier4_debug_msgs_s__rosidl_typesupport_introspection_c.cpython-310-x86_64-linux-gnu.so
[10.742s] -- Up-to-date symlink: /home/autoware/aichallenge2023-integration-final-main/install/tier4_debug_msgs/local/lib/python3.10/dist-packages/tier4_debug_msgs/tier4_debug_msgs_s__rosidl_typesupport_fastrtps_c.cpython-310-x86_64-linux-gnu.so
[10.743s] -- Up-to-date symlink: /home/autoware/aichallenge2023-integration-final-main/install/tier4_debug_msgs/local/lib/python3.10/dist-packages/tier4_debug_msgs/tier4_debug_msgs_s__rosidl_typesupport_introspection_c.cpython-310-x86_64-linux-gnu.so
[10.743s] -- Up-to-date symlink: /home/autoware/aichallenge2023-integration-final-main/install/tier4_debug_msgs/local/lib/python3.10/dist-packages/tier4_debug_msgs/tier4_debug_msgs_s__rosidl_typesupport_c.cpython-310-x86_64-linux-gnu.so
[10.744s] -- Up-to-date symlink: /home/autoware/aichallenge2023-integration-final-main/install/tier4_debug_msgs/share/tier4_debug_msgs/msg/MultiArrayDimension.idl
[10.744s] -- Up-to-date symlink: /home/autoware/aichallenge2023-integration-final-main/install/tier4_debug_msgs/share/tier4_debug_msgs/msg/MultiArrayLayout.idl
[10.744s] -- Up-to-date symlink: /home/autoware/aichallenge2023-integration-final-main/install/tier4_debug_msgs/share/tier4_debug_msgs/msg/BoolStamped.idl
[10.745s] -- Up-to-date symlink: /home/autoware/aichallenge2023-integration-final-main/install/tier4_debug_msgs/share/tier4_debug_msgs/msg/Float32Stamped.idl
[10.745s] -- Up-to-date symlink: /home/autoware/aichallenge2023-integration-final-main/install/tier4_debug_msgs/share/tier4_debug_msgs/msg/Float32MultiArrayStamped.idl
[10.745s] -- Up-to-date symlink: /home/autoware/aichallenge2023-integration-final-main/install/tier4_debug_msgs/share/tier4_debug_msgs/msg/Float64Stamped.idl
[10.746s] -- Up-to-date symlink: /home/autoware/aichallenge2023-integration-final-main/install/tier4_debug_msgs/share/tier4_debug_msgs/msg/Float64MultiArrayStamped.idl
[10.746s] -- Up-to-date symlink: /home/autoware/aichallenge2023-integration-final-main/install/tier4_debug_msgs/share/tier4_debug_msgs/msg/Int32Stamped.idl
[10.747s] -- Up-to-date symlink: /home/autoware/aichallenge2023-integration-final-main/install/tier4_debug_msgs/share/tier4_debug_msgs/msg/Int32MultiArrayStamped.idl
[10.747s] -- Up-to-date symlink: /home/autoware/aichallenge2023-integration-final-main/install/tier4_debug_msgs/share/tier4_debug_msgs/msg/Int64Stamped.idl
[10.747s] -- Up-to-date symlink: /home/autoware/aichallenge2023-integration-final-main/install/tier4_debug_msgs/share/tier4_debug_msgs/msg/Int64MultiArrayStamped.idl
[10.748s] -- Up-to-date symlink: /home/autoware/aichallenge2023-integration-final-main/install/tier4_debug_msgs/share/tier4_debug_msgs/msg/StringStamped.idl
[10.748s] -- Up-to-date symlink: /home/autoware/aichallenge2023-integration-final-main/install/tier4_debug_msgs/share/tier4_debug_msgs/msg/MultiArrayDimension.msg
[10.748s] -- Up-to-date symlink: /home/autoware/aichallenge2023-integration-final-main/install/tier4_debug_msgs/share/tier4_debug_msgs/msg/MultiArrayLayout.msg
[10.749s] -- Up-to-date symlink: /home/autoware/aichallenge2023-integration-final-main/install/tier4_debug_msgs/share/tier4_debug_msgs/msg/BoolStamped.msg
[10.749s] -- Up-to-date symlink: /home/autoware/aichallenge2023-integration-final-main/install/tier4_debug_msgs/share/tier4_debug_msgs/msg/Float32Stamped.msg
[10.749s] -- Up-to-date symlink: /home/autoware/aichallenge2023-integration-final-main/install/tier4_debug_msgs/share/tier4_debug_msgs/msg/Float32MultiArrayStamped.msg
[10.750s] -- Up-to-date symlink: /home/autoware/aichallenge2023-integration-final-main/install/tier4_debug_msgs/share/tier4_debug_msgs/msg/Float64Stamped.msg
[10.750s] -- Up-to-date symlink: /home/autoware/aichallenge2023-integration-final-main/install/tier4_debug_msgs/share/tier4_debug_msgs/msg/Float64MultiArrayStamped.msg
[10.751s] -- Up-to-date symlink: /home/autoware/aichallenge2023-integration-final-main/install/tier4_debug_msgs/share/tier4_debug_msgs/msg/Int32Stamped.msg
[10.751s] -- Up-to-date symlink: /home/autoware/aichallenge2023-integration-final-main/install/tier4_debug_msgs/share/tier4_debug_msgs/msg/Int32MultiArrayStamped.msg
[10.751s] -- Up-to-date symlink: /home/autoware/aichallenge2023-integration-final-main/install/tier4_debug_msgs/share/tier4_debug_msgs/msg/Int64Stamped.msg
[10.752s] -- Up-to-date symlink: /home/autoware/aichallenge2023-integration-final-main/install/tier4_debug_msgs/share/tier4_debug_msgs/msg/Int64MultiArrayStamped.msg
[10.752s] -- Up-to-date symlink: /home/autoware/aichallenge2023-integration-final-main/install/tier4_debug_msgs/share/tier4_debug_msgs/msg/StringStamped.msg
[10.753s] -- Up-to-date symlink: /home/autoware/aichallenge2023-integration-final-main/install/tier4_debug_msgs/share/ament_index/resource_index/package_run_dependencies/tier4_debug_msgs
[10.753s] -- Up-to-date symlink: /home/autoware/aichallenge2023-integration-final-main/install/tier4_debug_msgs/share/ament_index/resource_index/parent_prefix_path/tier4_debug_msgs
[10.753s] -- Up-to-date symlink: /home/autoware/aichallenge2023-integration-final-main/install/tier4_debug_msgs/share/tier4_debug_msgs/environment/ament_prefix_path.sh
[10.756s] -- Up-to-date symlink: /home/autoware/aichallenge2023-integration-final-main/install/tier4_debug_msgs/share/tier4_debug_msgs/environment/ament_prefix_path.dsv
[10.757s] -- Up-to-date symlink: /home/autoware/aichallenge2023-integration-final-main/install/tier4_debug_msgs/share/tier4_debug_msgs/environment/path.sh
[10.757s] -- Up-to-date symlink: /home/autoware/aichallenge2023-integration-final-main/install/tier4_debug_msgs/share/tier4_debug_msgs/environment/path.dsv
[10.757s] -- Up-to-date symlink: /home/autoware/aichallenge2023-integration-final-main/install/tier4_debug_msgs/share/tier4_debug_msgs/local_setup.bash
[10.758s] -- Up-to-date symlink: /home/autoware/aichallenge2023-integration-final-main/install/tier4_debug_msgs/share/tier4_debug_msgs/local_setup.sh
[10.758s] -- Up-to-date symlink: /home/autoware/aichallenge2023-integration-final-main/install/tier4_debug_msgs/share/tier4_debug_msgs/local_setup.zsh
[10.759s] -- Up-to-date symlink: /home/autoware/aichallenge2023-integration-final-main/install/tier4_debug_msgs/share/tier4_debug_msgs/local_setup.dsv
[10.759s] -- Symlinking: /home/autoware/aichallenge2023-integration-final-main/install/tier4_debug_msgs/share/tier4_debug_msgs/package.dsv
[10.853s] -- Up-to-date symlink: /home/autoware/aichallenge2023-integration-final-main/install/tier4_debug_msgs/share/ament_index/resource_index/packages/tier4_debug_msgs
[10.853s] -- Up-to-date symlink: /home/autoware/aichallenge2023-integration-final-main/install/tier4_debug_msgs/share/tier4_debug_msgs/cmake/rosidl_cmake-extras.cmake
[10.853s] -- Up-to-date symlink: /home/autoware/aichallenge2023-integration-final-main/install/tier4_debug_msgs/share/tier4_debug_msgs/cmake/ament_cmake_export_dependencies-extras.cmake
[10.854s] -- Up-to-date symlink: /home/autoware/aichallenge2023-integration-final-main/install/tier4_debug_msgs/share/tier4_debug_msgs/cmake/ament_cmake_export_include_directories-extras.cmake
[10.854s] -- Up-to-date symlink: /home/autoware/aichallenge2023-integration-final-main/install/tier4_debug_msgs/share/tier4_debug_msgs/cmake/ament_cmake_export_libraries-extras.cmake
[10.854s] -- Up-to-date symlink: /home/autoware/aichallenge2023-integration-final-main/install/tier4_debug_msgs/share/tier4_debug_msgs/cmake/ament_cmake_export_targets-extras.cmake
[10.855s] -- Up-to-date symlink: /home/autoware/aichallenge2023-integration-final-main/install/tier4_debug_msgs/share/tier4_debug_msgs/cmake/rosidl_cmake_export_typesupport_targets-extras.cmake
[10.855s] -- Up-to-date symlink: /home/autoware/aichallenge2023-integration-final-main/install/tier4_debug_msgs/share/tier4_debug_msgs/cmake/rosidl_cmake_export_typesupport_libraries-extras.cmake
[10.856s] -- Up-to-date symlink: /home/autoware/aichallenge2023-integration-final-main/install/tier4_debug_msgs/share/tier4_debug_msgs/cmake/tier4_debug_msgsConfig.cmake
[10.856s] -- Up-to-date symlink: /home/autoware/aichallenge2023-integration-final-main/install/tier4_debug_msgs/share/tier4_debug_msgs/cmake/tier4_debug_msgsConfig-version.cmake
[10.857s] -- Up-to-date symlink: /home/autoware/aichallenge2023-integration-final-main/install/tier4_debug_msgs/share/tier4_debug_msgs/package.xml
[10.858s] -- Up-to-date: /home/autoware/aichallenge2023-integration-final-main/install/tier4_debug_msgs/lib/libtier4_debug_msgs__rosidl_generator_c.so
[10.858s] -- Up-to-date: /home/autoware/aichallenge2023-integration-final-main/install/tier4_debug_msgs/lib/libtier4_debug_msgs__rosidl_typesupport_fastrtps_c.so
[10.859s] -- Up-to-date: /home/autoware/aichallenge2023-integration-final-main/install/tier4_debug_msgs/lib/libtier4_debug_msgs__rosidl_typesupport_introspection_c.so
[10.860s] -- Up-to-date: /home/autoware/aichallenge2023-integration-final-main/install/tier4_debug_msgs/lib/libtier4_debug_msgs__rosidl_typesupport_c.so
[10.860s] -- Up-to-date: /home/autoware/aichallenge2023-integration-final-main/install/tier4_debug_msgs/lib/libtier4_debug_msgs__rosidl_typesupport_fastrtps_cpp.so
[10.861s] -- Up-to-date: /home/autoware/aichallenge2023-integration-final-main/install/tier4_debug_msgs/lib/libtier4_debug_msgs__rosidl_typesupport_introspection_cpp.so
[10.862s] -- Up-to-date: /home/autoware/aichallenge2023-integration-final-main/install/tier4_debug_msgs/lib/libtier4_debug_msgs__rosidl_typesupport_cpp.so
[11.063s] Listing '/home/autoware/aichallenge2023-integration-final-main/install/tier4_debug_msgs/local/lib/python3.10/dist-packages/tier4_debug_msgs'...
[11.064s] Listing '/home/autoware/aichallenge2023-integration-final-main/install/tier4_debug_msgs/local/lib/python3.10/dist-packages/tier4_debug_msgs/msg'...
[11.078s] -- Up-to-date: /home/autoware/aichallenge2023-integration-final-main/install/tier4_debug_msgs/lib/libtier4_debug_msgs__rosidl_generator_py.so
[11.079s] -- Up-to-date: /home/autoware/aichallenge2023-integration-final-main/install/tier4_debug_msgs/share/tier4_debug_msgs/cmake/export_tier4_debug_msgs__rosidl_generator_cExport.cmake
[11.080s] -- Up-to-date: /home/autoware/aichallenge2023-integration-final-main/install/tier4_debug_msgs/share/tier4_debug_msgs/cmake/export_tier4_debug_msgs__rosidl_generator_cExport-release.cmake
[11.081s] -- Up-to-date: /home/autoware/aichallenge2023-integration-final-main/install/tier4_debug_msgs/share/tier4_debug_msgs/cmake/export_tier4_debug_msgs__rosidl_typesupport_fastrtps_cExport.cmake
[11.083s] -- Up-to-date: /home/autoware/aichallenge2023-integration-final-main/install/tier4_debug_msgs/share/tier4_debug_msgs/cmake/export_tier4_debug_msgs__rosidl_typesupport_fastrtps_cExport-release.cmake
[11.084s] -- Up-to-date: /home/autoware/aichallenge2023-integration-final-main/install/tier4_debug_msgs/share/tier4_debug_msgs/cmake/tier4_debug_msgs__rosidl_typesupport_introspection_cExport.cmake
[11.085s] -- Up-to-date: /home/autoware/aichallenge2023-integration-final-main/install/tier4_debug_msgs/share/tier4_debug_msgs/cmake/tier4_debug_msgs__rosidl_typesupport_introspection_cExport-release.cmake
[11.087s] -- Up-to-date: /home/autoware/aichallenge2023-integration-final-main/install/tier4_debug_msgs/share/tier4_debug_msgs/cmake/tier4_debug_msgs__rosidl_typesupport_cExport.cmake
[11.088s] -- Up-to-date: /home/autoware/aichallenge2023-integration-final-main/install/tier4_debug_msgs/share/tier4_debug_msgs/cmake/tier4_debug_msgs__rosidl_typesupport_cExport-release.cmake
[11.089s] -- Up-to-date: /home/autoware/aichallenge2023-integration-final-main/install/tier4_debug_msgs/share/tier4_debug_msgs/cmake/export_tier4_debug_msgs__rosidl_generator_cppExport.cmake
[11.090s] -- Up-to-date: /home/autoware/aichallenge2023-integration-final-main/install/tier4_debug_msgs/share/tier4_debug_msgs/cmake/export_tier4_debug_msgs__rosidl_typesupport_fastrtps_cppExport.cmake
[11.090s] -- Up-to-date: /home/autoware/aichallenge2023-integration-final-main/install/tier4_debug_msgs/share/tier4_debug_msgs/cmake/export_tier4_debug_msgs__rosidl_typesupport_fastrtps_cppExport-release.cmake
[11.091s] -- Up-to-date: /home/autoware/aichallenge2023-integration-final-main/install/tier4_debug_msgs/share/tier4_debug_msgs/cmake/tier4_debug_msgs__rosidl_typesupport_introspection_cppExport.cmake
[11.092s] -- Up-to-date: /home/autoware/aichallenge2023-integration-final-main/install/tier4_debug_msgs/share/tier4_debug_msgs/cmake/tier4_debug_msgs__rosidl_typesupport_introspection_cppExport-release.cmake
[11.093s] -- Up-to-date: /home/autoware/aichallenge2023-integration-final-main/install/tier4_debug_msgs/share/tier4_debug_msgs/cmake/tier4_debug_msgs__rosidl_typesupport_cppExport.cmake
[11.094s] -- Up-to-date: /home/autoware/aichallenge2023-integration-final-main/install/tier4_debug_msgs/share/tier4_debug_msgs/cmake/tier4_debug_msgs__rosidl_typesupport_cppExport-release.cmake
[11.096s] -- Up-to-date: /home/autoware/aichallenge2023-integration-final-main/install/tier4_debug_msgs/share/tier4_debug_msgs/cmake/export_tier4_debug_msgs__rosidl_generator_pyExport.cmake
[11.097s] -- Up-to-date: /home/autoware/aichallenge2023-integration-final-main/install/tier4_debug_msgs/share/tier4_debug_msgs/cmake/export_tier4_debug_msgs__rosidl_generator_pyExport-release.cmake
[11.128s] Invoked command in '/home/autoware/aichallenge2023-integration-final-main/build/tier4_debug_msgs' returned '0': CMAKE_PREFIX_PATH=${CMAKE_PREFIX_PATH}:/home/autoware/aichallenge2023-integration-final-main/install/simulator_compatibility_test:/home/autoware/aichallenge2023-integration-final-main/install/ad_api_visualizers:/home/autoware/autoware/install/simulator_compatibility_test:/home/autoware/autoware/install/ad_api_visualizers:/opt/ros/humble /usr/bin/cmake --install /home/autoware/aichallenge2023-integration-final-main/build/tier4_debug_msgs
