[0.128s] Invoking command in '/home/autoware/aichallenge2023-integration-final-main/build/autoware_auto_control_msgs': CMAKE_PREFIX_PATH=${CMAKE_PREFIX_PATH}:/home/autoware/autoware/install/simulator_compatibility_test:/home/autoware/autoware/install/ad_api_visualizers:/opt/ros/humble /usr/bin/cmake --build /home/autoware/aichallenge2023-integration-final-main/build/autoware_auto_control_msgs -- -j16 -l16
[0.491s] [ 10%] Built target autoware_auto_control_msgs__rosidl_generator_c
[0.550s] [ 12%] Built target autoware_auto_control_msgs__cpp
[0.660s] [ 12%] Built target ament_cmake_python_symlink_autoware_auto_control_msgs
[1.115s] [ 23%] Built target autoware_auto_control_msgs__rosidl_typesupport_fastrtps_c
[1.115s] [ 34%] Built target autoware_auto_control_msgs__rosidl_typesupport_introspection_c
[1.157s] [ 45%] Built target autoware_auto_control_msgs__rosidl_typesupport_fastrtps_cpp
[1.186s] [ 56%] Built target autoware_auto_control_msgs__rosidl_typesupport_cpp
[1.188s] [ 67%] Built target autoware_auto_control_msgs__rosidl_typesupport_c
[1.290s] [ 78%] Built target autoware_auto_control_msgs__rosidl_typesupport_introspection_cpp
[1.580s] [ 78%] Built target autoware_auto_control_msgs
[1.820s] [ 80%] Built target autoware_auto_control_msgs__py
[1.884s] running egg_info
[1.886s] writing autoware_auto_control_msgs.egg-info/PKG-INFO
[1.886s] writing dependency_links to autoware_auto_control_msgs.egg-info/dependency_links.txt
[1.886s] writing top-level names to autoware_auto_control_msgs.egg-info/top_level.txt
[1.892s] reading manifest file 'autoware_auto_control_msgs.egg-info/SOURCES.txt'
[1.892s] writing manifest file 'autoware_auto_control_msgs.egg-info/SOURCES.txt'
[1.998s] [ 80%] Built target ament_cmake_python_build_autoware_auto_control_msgs_egg
[2.024s] [ 89%] Built target autoware_auto_control_msgs__rosidl_generator_py
[2.281s] [ 92%] Built target autoware_auto_control_msgs__rosidl_typesupport_fastrtps_c__pyext
[2.296s] [ 96%] Built target autoware_auto_control_msgs__rosidl_typesupport_introspection_c__pyext
[2.320s] [100%] Built target autoware_auto_control_msgs__rosidl_typesupport_c__pyext
[2.373s] Invoked command in '/home/autoware/aichallenge2023-integration-final-main/build/autoware_auto_control_msgs' returned '0': CMAKE_PREFIX_PATH=${CMAKE_PREFIX_PATH}:/home/autoware/autoware/install/simulator_compatibility_test:/home/autoware/autoware/install/ad_api_visualizers:/opt/ros/humble /usr/bin/cmake --build /home/autoware/aichallenge2023-integration-final-main/build/autoware_auto_control_msgs -- -j16 -l16
[3.984s] Invoking command in '/home/autoware/aichallenge2023-integration-final-main/build/autoware_auto_control_msgs': CMAKE_PREFIX_PATH=${CMAKE_PREFIX_PATH}:/home/autoware/autoware/install/simulator_compatibility_test:/home/autoware/autoware/install/ad_api_visualizers:/opt/ros/humble /usr/bin/cmake --install /home/autoware/aichallenge2023-integration-final-main/build/autoware_auto_control_msgs
[4.021s] -- Install configuration: "Release"
[4.022s] -- Execute custom install script
[4.023s] -- Up-to-date symlink: /home/autoware/aichallenge2023-integration-final-main/install/autoware_auto_control_msgs/share/ament_index/resource_index/rosidl_interfaces/autoware_auto_control_msgs
[4.029s] -- Up-to-date symlink: /home/autoware/aichallenge2023-integration-final-main/install/autoware_auto_control_msgs/include/autoware_auto_control_msgs/autoware_auto_control_msgs/msg/ackermann_control_command.h
[4.029s] -- Up-to-date symlink: /home/autoware/aichallenge2023-integration-final-main/install/autoware_auto_control_msgs/include/autoware_auto_control_msgs/autoware_auto_control_msgs/msg/ackermann_lateral_command.h
[4.029s] -- Up-to-date symlink: /home/autoware/aichallenge2023-integration-final-main/install/autoware_auto_control_msgs/include/autoware_auto_control_msgs/autoware_auto_control_msgs/msg/detail/ackermann_control_command__functions.h
[4.029s] -- Up-to-date symlink: /home/autoware/aichallenge2023-integration-final-main/install/autoware_auto_control_msgs/include/autoware_auto_control_msgs/autoware_auto_control_msgs/msg/detail/ackermann_control_command__struct.h
[4.030s] -- Up-to-date symlink: /home/autoware/aichallenge2023-integration-final-main/install/autoware_auto_control_msgs/include/autoware_auto_control_msgs/autoware_auto_control_msgs/msg/detail/ackermann_control_command__type_support.h
[4.030s] -- Up-to-date symlink: /home/autoware/aichallenge2023-integration-final-main/install/autoware_auto_control_msgs/include/autoware_auto_control_msgs/autoware_auto_control_msgs/msg/detail/ackermann_lateral_command__functions.h
[4.030s] -- Up-to-date symlink: /home/autoware/aichallenge2023-integration-final-main/install/autoware_auto_control_msgs/include/autoware_auto_control_msgs/autoware_auto_control_msgs/msg/detail/ackermann_lateral_command__struct.h
[4.030s] -- Up-to-date symlink: /home/autoware/aichallenge2023-integration-final-main/install/autoware_auto_control_msgs/include/autoware_auto_control_msgs/autoware_auto_control_msgs/msg/detail/ackermann_lateral_command__type_support.h
[4.030s] -- Up-to-date symlink: /home/autoware/aichallenge2023-integration-final-main/install/autoware_auto_control_msgs/include/autoware_auto_control_msgs/autoware_auto_control_msgs/msg/detail/high_level_control_command__functions.h
[4.031s] -- Up-to-date symlink: /home/autoware/aichallenge2023-integration-final-main/install/autoware_auto_control_msgs/include/autoware_auto_control_msgs/autoware_auto_control_msgs/msg/detail/high_level_control_command__struct.h
[4.031s] -- Up-to-date symlink: /home/autoware/aichallenge2023-integration-final-main/install/autoware_auto_control_msgs/include/autoware_auto_control_msgs/autoware_auto_control_msgs/msg/detail/high_level_control_command__type_support.h
[4.031s] -- Up-to-date symlink: /home/autoware/aichallenge2023-integration-final-main/install/autoware_auto_control_msgs/include/autoware_auto_control_msgs/autoware_auto_control_msgs/msg/detail/longitudinal_command__functions.h
[4.042s] -- Up-to-date symlink: /home/autoware/aichallenge2023-integration-final-main/install/autoware_auto_control_msgs/include/autoware_auto_control_msgs/autoware_auto_control_msgs/msg/detail/longitudinal_command__struct.h
[4.042s] -- Up-to-date symlink: /home/autoware/aichallenge2023-integration-final-main/install/autoware_auto_control_msgs/include/autoware_auto_control_msgs/autoware_auto_control_msgs/msg/detail/longitudinal_command__type_support.h
[4.043s] -- Up-to-date symlink: /home/autoware/aichallenge2023-integration-final-main/install/autoware_auto_control_msgs/include/autoware_auto_control_msgs/autoware_auto_control_msgs/msg/high_level_control_command.h
[4.043s] -- Up-to-date symlink: /home/autoware/aichallenge2023-integration-final-main/install/autoware_auto_control_msgs/include/autoware_auto_control_msgs/autoware_auto_control_msgs/msg/longitudinal_command.h
[4.043s] -- Up-to-date symlink: /home/autoware/aichallenge2023-integration-final-main/install/autoware_auto_control_msgs/include/autoware_auto_control_msgs/autoware_auto_control_msgs/msg/rosidl_generator_c__visibility_control.h
[4.043s] -- Up-to-date symlink: /home/autoware/aichallenge2023-integration-final-main/install/autoware_auto_control_msgs/share/autoware_auto_control_msgs/environment/library_path.sh
[4.043s] -- Up-to-date symlink: /home/autoware/aichallenge2023-integration-final-main/install/autoware_auto_control_msgs/share/autoware_auto_control_msgs/environment/library_path.dsv
[4.044s] -- Up-to-date symlink: /home/autoware/aichallenge2023-integration-final-main/install/autoware_auto_control_msgs/include/autoware_auto_control_msgs/autoware_auto_control_msgs/msg/detail/ackermann_control_command__rosidl_typesupport_fastrtps_c.h
[4.044s] -- Up-to-date symlink: /home/autoware/aichallenge2023-integration-final-main/install/autoware_auto_control_msgs/include/autoware_auto_control_msgs/autoware_auto_control_msgs/msg/detail/ackermann_lateral_command__rosidl_typesupport_fastrtps_c.h
[4.045s] -- Up-to-date symlink: /home/autoware/aichallenge2023-integration-final-main/install/autoware_auto_control_msgs/include/autoware_auto_control_msgs/autoware_auto_control_msgs/msg/detail/high_level_control_command__rosidl_typesupport_fastrtps_c.h
[4.045s] -- Up-to-date symlink: /home/autoware/aichallenge2023-integration-final-main/install/autoware_auto_control_msgs/include/autoware_auto_control_msgs/autoware_auto_control_msgs/msg/detail/longitudinal_command__rosidl_typesupport_fastrtps_c.h
[4.045s] -- Up-to-date symlink: /home/autoware/aichallenge2023-integration-final-main/install/autoware_auto_control_msgs/include/autoware_auto_control_msgs/autoware_auto_control_msgs/msg/rosidl_typesupport_fastrtps_c__visibility_control.h
[4.045s] -- Up-to-date symlink: /home/autoware/aichallenge2023-integration-final-main/install/autoware_auto_control_msgs/include/autoware_auto_control_msgs/autoware_auto_control_msgs/msg/detail/ackermann_control_command__rosidl_typesupport_introspection_c.h
[4.046s] -- Up-to-date symlink: /home/autoware/aichallenge2023-integration-final-main/install/autoware_auto_control_msgs/include/autoware_auto_control_msgs/autoware_auto_control_msgs/msg/detail/ackermann_lateral_command__rosidl_typesupport_introspection_c.h
[4.046s] -- Up-to-date symlink: /home/autoware/aichallenge2023-integration-final-main/install/autoware_auto_control_msgs/include/autoware_auto_control_msgs/autoware_auto_control_msgs/msg/detail/high_level_control_command__rosidl_typesupport_introspection_c.h
[4.046s] -- Up-to-date symlink: /home/autoware/aichallenge2023-integration-final-main/install/autoware_auto_control_msgs/include/autoware_auto_control_msgs/autoware_auto_control_msgs/msg/detail/longitudinal_command__rosidl_typesupport_introspection_c.h
[4.046s] -- Up-to-date symlink: /home/autoware/aichallenge2023-integration-final-main/install/autoware_auto_control_msgs/include/autoware_auto_control_msgs/autoware_auto_control_msgs/msg/rosidl_typesupport_introspection_c__visibility_control.h
[4.047s] -- Up-to-date symlink: /home/autoware/aichallenge2023-integration-final-main/install/autoware_auto_control_msgs/include/autoware_auto_control_msgs/autoware_auto_control_msgs/msg/ackermann_control_command.hpp
[4.047s] -- Up-to-date symlink: /home/autoware/aichallenge2023-integration-final-main/install/autoware_auto_control_msgs/include/autoware_auto_control_msgs/autoware_auto_control_msgs/msg/ackermann_lateral_command.hpp
[4.047s] -- Up-to-date symlink: /home/autoware/aichallenge2023-integration-final-main/install/autoware_auto_control_msgs/include/autoware_auto_control_msgs/autoware_auto_control_msgs/msg/detail/ackermann_control_command__builder.hpp
[4.047s] -- Up-to-date symlink: /home/autoware/aichallenge2023-integration-final-main/install/autoware_auto_control_msgs/include/autoware_auto_control_msgs/autoware_auto_control_msgs/msg/detail/ackermann_control_command__struct.hpp
[4.048s] -- Up-to-date symlink: /home/autoware/aichallenge2023-integration-final-main/install/autoware_auto_control_msgs/include/autoware_auto_control_msgs/autoware_auto_control_msgs/msg/detail/ackermann_control_command__traits.hpp
[4.048s] -- Up-to-date symlink: /home/autoware/aichallenge2023-integration-final-main/install/autoware_auto_control_msgs/include/autoware_auto_control_msgs/autoware_auto_control_msgs/msg/detail/ackermann_lateral_command__builder.hpp
[4.048s] -- Up-to-date symlink: /home/autoware/aichallenge2023-integration-final-main/install/autoware_auto_control_msgs/include/autoware_auto_control_msgs/autoware_auto_control_msgs/msg/detail/ackermann_lateral_command__struct.hpp
[4.048s] -- Up-to-date symlink: /home/autoware/aichallenge2023-integration-final-main/install/autoware_auto_control_msgs/include/autoware_auto_control_msgs/autoware_auto_control_msgs/msg/detail/ackermann_lateral_command__traits.hpp
[4.048s] -- Up-to-date symlink: /home/autoware/aichallenge2023-integration-final-main/install/autoware_auto_control_msgs/include/autoware_auto_control_msgs/autoware_auto_control_msgs/msg/detail/high_level_control_command__builder.hpp
[4.049s] -- Up-to-date symlink: /home/autoware/aichallenge2023-integration-final-main/install/autoware_auto_control_msgs/include/autoware_auto_control_msgs/autoware_auto_control_msgs/msg/detail/high_level_control_command__struct.hpp
[4.049s] -- Up-to-date symlink: /home/autoware/aichallenge2023-integration-final-main/install/autoware_auto_control_msgs/include/autoware_auto_control_msgs/autoware_auto_control_msgs/msg/detail/high_level_control_command__traits.hpp
[4.049s] -- Up-to-date symlink: /home/autoware/aichallenge2023-integration-final-main/install/autoware_auto_control_msgs/include/autoware_auto_control_msgs/autoware_auto_control_msgs/msg/detail/longitudinal_command__builder.hpp
[4.049s] -- Up-to-date symlink: /home/autoware/aichallenge2023-integration-final-main/install/autoware_auto_control_msgs/include/autoware_auto_control_msgs/autoware_auto_control_msgs/msg/detail/longitudinal_command__struct.hpp
[4.050s] -- Up-to-date symlink: /home/autoware/aichallenge2023-integration-final-main/install/autoware_auto_control_msgs/include/autoware_auto_control_msgs/autoware_auto_control_msgs/msg/detail/longitudinal_command__traits.hpp
[4.051s] -- Up-to-date symlink: /home/autoware/aichallenge2023-integration-final-main/install/autoware_auto_control_msgs/include/autoware_auto_control_msgs/autoware_auto_control_msgs/msg/high_level_control_command.hpp
[4.052s] -- Up-to-date symlink: /home/autoware/aichallenge2023-integration-final-main/install/autoware_auto_control_msgs/include/autoware_auto_control_msgs/autoware_auto_control_msgs/msg/longitudinal_command.hpp
[4.052s] -- Up-to-date symlink: /home/autoware/aichallenge2023-integration-final-main/install/autoware_auto_control_msgs/include/autoware_auto_control_msgs/autoware_auto_control_msgs/msg/detail/ackermann_control_command__rosidl_typesupport_fastrtps_cpp.hpp
[4.052s] -- Up-to-date symlink: /home/autoware/aichallenge2023-integration-final-main/install/autoware_auto_control_msgs/include/autoware_auto_control_msgs/autoware_auto_control_msgs/msg/detail/ackermann_lateral_command__rosidl_typesupport_fastrtps_cpp.hpp
[4.052s] -- Up-to-date symlink: /home/autoware/aichallenge2023-integration-final-main/install/autoware_auto_control_msgs/include/autoware_auto_control_msgs/autoware_auto_control_msgs/msg/detail/high_level_control_command__rosidl_typesupport_fastrtps_cpp.hpp
[4.052s] -- Up-to-date symlink: /home/autoware/aichallenge2023-integration-final-main/install/autoware_auto_control_msgs/include/autoware_auto_control_msgs/autoware_auto_control_msgs/msg/detail/longitudinal_command__rosidl_typesupport_fastrtps_cpp.hpp
[4.052s] -- Up-to-date symlink: /home/autoware/aichallenge2023-integration-final-main/install/autoware_auto_control_msgs/include/autoware_auto_control_msgs/autoware_auto_control_msgs/msg/rosidl_typesupport_fastrtps_cpp__visibility_control.h
[4.052s] -- Up-to-date symlink: /home/autoware/aichallenge2023-integration-final-main/install/autoware_auto_control_msgs/include/autoware_auto_control_msgs/autoware_auto_control_msgs/msg/detail/ackermann_control_command__rosidl_typesupport_introspection_cpp.hpp
[4.052s] -- Up-to-date symlink: /home/autoware/aichallenge2023-integration-final-main/install/autoware_auto_control_msgs/include/autoware_auto_control_msgs/autoware_auto_control_msgs/msg/detail/ackermann_lateral_command__rosidl_typesupport_introspection_cpp.hpp
[4.052s] -- Up-to-date symlink: /home/autoware/aichallenge2023-integration-final-main/install/autoware_auto_control_msgs/include/autoware_auto_control_msgs/autoware_auto_control_msgs/msg/detail/high_level_control_command__rosidl_typesupport_introspection_cpp.hpp
[4.053s] -- Up-to-date symlink: /home/autoware/aichallenge2023-integration-final-main/install/autoware_auto_control_msgs/include/autoware_auto_control_msgs/autoware_auto_control_msgs/msg/detail/longitudinal_command__rosidl_typesupport_introspection_cpp.hpp
[4.053s] -- Up-to-date symlink: /home/autoware/aichallenge2023-integration-final-main/install/autoware_auto_control_msgs/share/autoware_auto_control_msgs/environment/pythonpath.sh
[4.053s] -- Up-to-date symlink: /home/autoware/aichallenge2023-integration-final-main/install/autoware_auto_control_msgs/share/autoware_auto_control_msgs/environment/pythonpath.dsv
[4.053s] -- Up-to-date symlink: /home/autoware/aichallenge2023-integration-final-main/install/autoware_auto_control_msgs/local/lib/python3.10/dist-packages/autoware_auto_control_msgs-1.0.0-py3.10.egg-info/PKG-INFO
[4.054s] -- Up-to-date symlink: /home/autoware/aichallenge2023-integration-final-main/install/autoware_auto_control_msgs/local/lib/python3.10/dist-packages/autoware_auto_control_msgs-1.0.0-py3.10.egg-info/SOURCES.txt
[4.054s] -- Up-to-date symlink: /home/autoware/aichallenge2023-integration-final-main/install/autoware_auto_control_msgs/local/lib/python3.10/dist-packages/autoware_auto_control_msgs-1.0.0-py3.10.egg-info/dependency_links.txt
[4.054s] -- Up-to-date symlink: /home/autoware/aichallenge2023-integration-final-main/install/autoware_auto_control_msgs/local/lib/python3.10/dist-packages/autoware_auto_control_msgs-1.0.0-py3.10.egg-info/top_level.txt
[4.055s] -- Up-to-date symlink: /home/autoware/aichallenge2023-integration-final-main/install/autoware_auto_control_msgs/local/lib/python3.10/dist-packages/autoware_auto_control_msgs/__init__.py
[4.055s] -- Up-to-date symlink: /home/autoware/aichallenge2023-integration-final-main/install/autoware_auto_control_msgs/local/lib/python3.10/dist-packages/autoware_auto_control_msgs/_autoware_auto_control_msgs_s.ep.rosidl_typesupport_c.c
[4.055s] -- Up-to-date symlink: /home/autoware/aichallenge2023-integration-final-main/install/autoware_auto_control_msgs/local/lib/python3.10/dist-packages/autoware_auto_control_msgs/_autoware_auto_control_msgs_s.ep.rosidl_typesupport_fastrtps_c.c
[4.055s] -- Up-to-date symlink: /home/autoware/aichallenge2023-integration-final-main/install/autoware_auto_control_msgs/local/lib/python3.10/dist-packages/autoware_auto_control_msgs/_autoware_auto_control_msgs_s.ep.rosidl_typesupport_introspection_c.c
[4.056s] -- Up-to-date symlink: /home/autoware/aichallenge2023-integration-final-main/install/autoware_auto_control_msgs/local/lib/python3.10/dist-packages/autoware_auto_control_msgs/autoware_auto_control_msgs_s__rosidl_typesupport_c.cpython-310-x86_64-linux-gnu.so
[4.056s] -- Up-to-date symlink: /home/autoware/aichallenge2023-integration-final-main/install/autoware_auto_control_msgs/local/lib/python3.10/dist-packages/autoware_auto_control_msgs/autoware_auto_control_msgs_s__rosidl_typesupport_fastrtps_c.cpython-310-x86_64-linux-gnu.so
[4.056s] -- Up-to-date symlink: /home/autoware/aichallenge2023-integration-final-main/install/autoware_auto_control_msgs/local/lib/python3.10/dist-packages/autoware_auto_control_msgs/autoware_auto_control_msgs_s__rosidl_typesupport_introspection_c.cpython-310-x86_64-linux-gnu.so
[4.056s] -- Up-to-date symlink: /home/autoware/aichallenge2023-integration-final-main/install/autoware_auto_control_msgs/local/lib/python3.10/dist-packages/autoware_auto_control_msgs/libautoware_auto_control_msgs__rosidl_generator_py.so
[4.057s] -- Up-to-date symlink: /home/autoware/aichallenge2023-integration-final-main/install/autoware_auto_control_msgs/local/lib/python3.10/dist-packages/autoware_auto_control_msgs/msg/__init__.py
[4.057s] -- Up-to-date symlink: /home/autoware/aichallenge2023-integration-final-main/install/autoware_auto_control_msgs/local/lib/python3.10/dist-packages/autoware_auto_control_msgs/msg/_ackermann_control_command.py
[4.057s] -- Up-to-date symlink: /home/autoware/aichallenge2023-integration-final-main/install/autoware_auto_control_msgs/local/lib/python3.10/dist-packages/autoware_auto_control_msgs/msg/_ackermann_control_command_s.c
[4.057s] -- Up-to-date symlink: /home/autoware/aichallenge2023-integration-final-main/install/autoware_auto_control_msgs/local/lib/python3.10/dist-packages/autoware_auto_control_msgs/msg/_ackermann_lateral_command.py
[4.058s] -- Up-to-date symlink: /home/autoware/aichallenge2023-integration-final-main/install/autoware_auto_control_msgs/local/lib/python3.10/dist-packages/autoware_auto_control_msgs/msg/_ackermann_lateral_command_s.c
[4.058s] -- Up-to-date symlink: /home/autoware/aichallenge2023-integration-final-main/install/autoware_auto_control_msgs/local/lib/python3.10/dist-packages/autoware_auto_control_msgs/msg/_high_level_control_command.py
[4.058s] -- Up-to-date symlink: /home/autoware/aichallenge2023-integration-final-main/install/autoware_auto_control_msgs/local/lib/python3.10/dist-packages/autoware_auto_control_msgs/msg/_high_level_control_command_s.c
[4.060s] -- Up-to-date symlink: /home/autoware/aichallenge2023-integration-final-main/install/autoware_auto_control_msgs/local/lib/python3.10/dist-packages/autoware_auto_control_msgs/msg/_longitudinal_command.py
[4.062s] -- Up-to-date symlink: /home/autoware/aichallenge2023-integration-final-main/install/autoware_auto_control_msgs/local/lib/python3.10/dist-packages/autoware_auto_control_msgs/msg/_longitudinal_command_s.c
[4.064s] -- Up-to-date symlink: /home/autoware/aichallenge2023-integration-final-main/install/autoware_auto_control_msgs/local/lib/python3.10/dist-packages/autoware_auto_control_msgs/autoware_auto_control_msgs_s__rosidl_typesupport_fastrtps_c.cpython-310-x86_64-linux-gnu.so
[4.065s] -- Up-to-date symlink: /home/autoware/aichallenge2023-integration-final-main/install/autoware_auto_control_msgs/local/lib/python3.10/dist-packages/autoware_auto_control_msgs/autoware_auto_control_msgs_s__rosidl_typesupport_introspection_c.cpython-310-x86_64-linux-gnu.so
[4.067s] -- Up-to-date symlink: /home/autoware/aichallenge2023-integration-final-main/install/autoware_auto_control_msgs/local/lib/python3.10/dist-packages/autoware_auto_control_msgs/autoware_auto_control_msgs_s__rosidl_typesupport_c.cpython-310-x86_64-linux-gnu.so
[4.067s] -- Up-to-date symlink: /home/autoware/aichallenge2023-integration-final-main/install/autoware_auto_control_msgs/share/autoware_auto_control_msgs/msg/AckermannControlCommand.idl
[4.068s] -- Up-to-date symlink: /home/autoware/aichallenge2023-integration-final-main/install/autoware_auto_control_msgs/share/autoware_auto_control_msgs/msg/AckermannLateralCommand.idl
[4.068s] -- Up-to-date symlink: /home/autoware/aichallenge2023-integration-final-main/install/autoware_auto_control_msgs/share/autoware_auto_control_msgs/msg/HighLevelControlCommand.idl
[4.068s] -- Up-to-date symlink: /home/autoware/aichallenge2023-integration-final-main/install/autoware_auto_control_msgs/share/autoware_auto_control_msgs/msg/LongitudinalCommand.idl
[4.069s] -- Up-to-date symlink: /home/autoware/aichallenge2023-integration-final-main/install/autoware_auto_control_msgs/share/ament_index/resource_index/package_run_dependencies/autoware_auto_control_msgs
[4.069s] -- Up-to-date symlink: /home/autoware/aichallenge2023-integration-final-main/install/autoware_auto_control_msgs/share/ament_index/resource_index/parent_prefix_path/autoware_auto_control_msgs
[4.069s] -- Up-to-date symlink: /home/autoware/aichallenge2023-integration-final-main/install/autoware_auto_control_msgs/share/autoware_auto_control_msgs/environment/ament_prefix_path.sh
[4.069s] -- Up-to-date symlink: /home/autoware/aichallenge2023-integration-final-main/install/autoware_auto_control_msgs/share/autoware_auto_control_msgs/environment/ament_prefix_path.dsv
[4.070s] -- Up-to-date symlink: /home/autoware/aichallenge2023-integration-final-main/install/autoware_auto_control_msgs/share/autoware_auto_control_msgs/environment/path.sh
[4.070s] -- Up-to-date symlink: /home/autoware/aichallenge2023-integration-final-main/install/autoware_auto_control_msgs/share/autoware_auto_control_msgs/environment/path.dsv
[4.070s] -- Up-to-date symlink: /home/autoware/aichallenge2023-integration-final-main/install/autoware_auto_control_msgs/share/autoware_auto_control_msgs/local_setup.bash
[4.070s] -- Up-to-date symlink: /home/autoware/aichallenge2023-integration-final-main/install/autoware_auto_control_msgs/share/autoware_auto_control_msgs/local_setup.sh
[4.071s] -- Up-to-date symlink: /home/autoware/aichallenge2023-integration-final-main/install/autoware_auto_control_msgs/share/autoware_auto_control_msgs/local_setup.zsh
[4.071s] -- Up-to-date symlink: /home/autoware/aichallenge2023-integration-final-main/install/autoware_auto_control_msgs/share/autoware_auto_control_msgs/local_setup.dsv
[4.071s] -- Symlinking: /home/autoware/aichallenge2023-integration-final-main/install/autoware_auto_control_msgs/share/autoware_auto_control_msgs/package.dsv
[4.121s] -- Up-to-date symlink: /home/autoware/aichallenge2023-integration-final-main/install/autoware_auto_control_msgs/share/ament_index/resource_index/packages/autoware_auto_control_msgs
[4.121s] -- Up-to-date symlink: /home/autoware/aichallenge2023-integration-final-main/install/autoware_auto_control_msgs/share/autoware_auto_control_msgs/cmake/rosidl_cmake-extras.cmake
[4.122s] -- Up-to-date symlink: /home/autoware/aichallenge2023-integration-final-main/install/autoware_auto_control_msgs/share/autoware_auto_control_msgs/cmake/ament_cmake_export_dependencies-extras.cmake
[4.122s] -- Up-to-date symlink: /home/autoware/aichallenge2023-integration-final-main/install/autoware_auto_control_msgs/share/autoware_auto_control_msgs/cmake/ament_cmake_export_include_directories-extras.cmake
[4.122s] -- Up-to-date symlink: /home/autoware/aichallenge2023-integration-final-main/install/autoware_auto_control_msgs/share/autoware_auto_control_msgs/cmake/ament_cmake_export_libraries-extras.cmake
[4.122s] -- Up-to-date symlink: /home/autoware/aichallenge2023-integration-final-main/install/autoware_auto_control_msgs/share/autoware_auto_control_msgs/cmake/ament_cmake_export_targets-extras.cmake
[4.123s] -- Up-to-date symlink: /home/autoware/aichallenge2023-integration-final-main/install/autoware_auto_control_msgs/share/autoware_auto_control_msgs/cmake/rosidl_cmake_export_typesupport_targets-extras.cmake
[4.123s] -- Up-to-date symlink: /home/autoware/aichallenge2023-integration-final-main/install/autoware_auto_control_msgs/share/autoware_auto_control_msgs/cmake/rosidl_cmake_export_typesupport_libraries-extras.cmake
[4.123s] -- Up-to-date symlink: /home/autoware/aichallenge2023-integration-final-main/install/autoware_auto_control_msgs/share/autoware_auto_control_msgs/cmake/autoware_auto_control_msgsConfig.cmake
[4.123s] -- Up-to-date symlink: /home/autoware/aichallenge2023-integration-final-main/install/autoware_auto_control_msgs/share/autoware_auto_control_msgs/cmake/autoware_auto_control_msgsConfig-version.cmake
[4.124s] -- Up-to-date symlink: /home/autoware/aichallenge2023-integration-final-main/install/autoware_auto_control_msgs/share/autoware_auto_control_msgs/package.xml
[4.124s] -- Up-to-date: /home/autoware/aichallenge2023-integration-final-main/install/autoware_auto_control_msgs/lib/libautoware_auto_control_msgs__rosidl_generator_c.so
[4.125s] -- Up-to-date: /home/autoware/aichallenge2023-integration-final-main/install/autoware_auto_control_msgs/lib/libautoware_auto_control_msgs__rosidl_typesupport_fastrtps_c.so
[4.125s] -- Up-to-date: /home/autoware/aichallenge2023-integration-final-main/install/autoware_auto_control_msgs/lib/libautoware_auto_control_msgs__rosidl_typesupport_introspection_c.so
[4.125s] -- Up-to-date: /home/autoware/aichallenge2023-integration-final-main/install/autoware_auto_control_msgs/lib/libautoware_auto_control_msgs__rosidl_typesupport_c.so
[4.126s] -- Up-to-date: /home/autoware/aichallenge2023-integration-final-main/install/autoware_auto_control_msgs/lib/libautoware_auto_control_msgs__rosidl_typesupport_fastrtps_cpp.so
[4.126s] -- Up-to-date: /home/autoware/aichallenge2023-integration-final-main/install/autoware_auto_control_msgs/lib/libautoware_auto_control_msgs__rosidl_typesupport_introspection_cpp.so
[4.126s] -- Up-to-date: /home/autoware/aichallenge2023-integration-final-main/install/autoware_auto_control_msgs/lib/libautoware_auto_control_msgs__rosidl_typesupport_cpp.so
[4.232s] Listing '/home/autoware/aichallenge2023-integration-final-main/install/autoware_auto_control_msgs/local/lib/python3.10/dist-packages/autoware_auto_control_msgs'...
[4.232s] Listing '/home/autoware/aichallenge2023-integration-final-main/install/autoware_auto_control_msgs/local/lib/python3.10/dist-packages/autoware_auto_control_msgs/msg'...
[4.237s] -- Up-to-date: /home/autoware/aichallenge2023-integration-final-main/install/autoware_auto_control_msgs/lib/libautoware_auto_control_msgs__rosidl_generator_py.so
[4.238s] -- Up-to-date: /home/autoware/aichallenge2023-integration-final-main/install/autoware_auto_control_msgs/share/autoware_auto_control_msgs/cmake/export_autoware_auto_control_msgs__rosidl_generator_cExport.cmake
[4.239s] -- Up-to-date: /home/autoware/aichallenge2023-integration-final-main/install/autoware_auto_control_msgs/share/autoware_auto_control_msgs/cmake/export_autoware_auto_control_msgs__rosidl_generator_cExport-release.cmake
[4.240s] -- Up-to-date: /home/autoware/aichallenge2023-integration-final-main/install/autoware_auto_control_msgs/share/autoware_auto_control_msgs/cmake/export_autoware_auto_control_msgs__rosidl_typesupport_fastrtps_cExport.cmake
[4.240s] -- Up-to-date: /home/autoware/aichallenge2023-integration-final-main/install/autoware_auto_control_msgs/share/autoware_auto_control_msgs/cmake/export_autoware_auto_control_msgs__rosidl_typesupport_fastrtps_cExport-release.cmake
[4.240s] -- Up-to-date: /home/autoware/aichallenge2023-integration-final-main/install/autoware_auto_control_msgs/share/autoware_auto_control_msgs/cmake/autoware_auto_control_msgs__rosidl_typesupport_introspection_cExport.cmake
[4.240s] -- Up-to-date: /home/autoware/aichallenge2023-integration-final-main/install/autoware_auto_control_msgs/share/autoware_auto_control_msgs/cmake/autoware_auto_control_msgs__rosidl_typesupport_introspection_cExport-release.cmake
[4.240s] -- Up-to-date: /home/autoware/aichallenge2023-integration-final-main/install/autoware_auto_control_msgs/share/autoware_auto_control_msgs/cmake/autoware_auto_control_msgs__rosidl_typesupport_cExport.cmake
[4.240s] -- Up-to-date: /home/autoware/aichallenge2023-integration-final-main/install/autoware_auto_control_msgs/share/autoware_auto_control_msgs/cmake/autoware_auto_control_msgs__rosidl_typesupport_cExport-release.cmake
[4.240s] -- Up-to-date: /home/autoware/aichallenge2023-integration-final-main/install/autoware_auto_control_msgs/share/autoware_auto_control_msgs/cmake/export_autoware_auto_control_msgs__rosidl_generator_cppExport.cmake
[4.240s] -- Up-to-date: /home/autoware/aichallenge2023-integration-final-main/install/autoware_auto_control_msgs/share/autoware_auto_control_msgs/cmake/export_autoware_auto_control_msgs__rosidl_typesupport_fastrtps_cppExport.cmake
[4.240s] -- Up-to-date: /home/autoware/aichallenge2023-integration-final-main/install/autoware_auto_control_msgs/share/autoware_auto_control_msgs/cmake/export_autoware_auto_control_msgs__rosidl_typesupport_fastrtps_cppExport-release.cmake
[4.240s] -- Up-to-date: /home/autoware/aichallenge2023-integration-final-main/install/autoware_auto_control_msgs/share/autoware_auto_control_msgs/cmake/autoware_auto_control_msgs__rosidl_typesupport_introspection_cppExport.cmake
[4.240s] -- Up-to-date: /home/autoware/aichallenge2023-integration-final-main/install/autoware_auto_control_msgs/share/autoware_auto_control_msgs/cmake/autoware_auto_control_msgs__rosidl_typesupport_introspection_cppExport-release.cmake
[4.240s] -- Up-to-date: /home/autoware/aichallenge2023-integration-final-main/install/autoware_auto_control_msgs/share/autoware_auto_control_msgs/cmake/autoware_auto_control_msgs__rosidl_typesupport_cppExport.cmake
[4.241s] -- Up-to-date: /home/autoware/aichallenge2023-integration-final-main/install/autoware_auto_control_msgs/share/autoware_auto_control_msgs/cmake/autoware_auto_control_msgs__rosidl_typesupport_cppExport-release.cmake
[4.241s] -- Up-to-date: /home/autoware/aichallenge2023-integration-final-main/install/autoware_auto_control_msgs/share/autoware_auto_control_msgs/cmake/export_autoware_auto_control_msgs__rosidl_generator_pyExport.cmake
[4.241s] -- Up-to-date: /home/autoware/aichallenge2023-integration-final-main/install/autoware_auto_control_msgs/share/autoware_auto_control_msgs/cmake/export_autoware_auto_control_msgs__rosidl_generator_pyExport-release.cmake
[4.289s] Invoked command in '/home/autoware/aichallenge2023-integration-final-main/build/autoware_auto_control_msgs' returned '0': CMAKE_PREFIX_PATH=${CMAKE_PREFIX_PATH}:/home/autoware/autoware/install/simulator_compatibility_test:/home/autoware/autoware/install/ad_api_visualizers:/opt/ros/humble /usr/bin/cmake --install /home/autoware/aichallenge2023-integration-final-main/build/autoware_auto_control_msgs
