[0.162s] Invoking command in '/home/autoware/aichallenge2023-integration-final-main/build/autoware_control_msgs': CMAKE_PREFIX_PATH=${CMAKE_PREFIX_PATH}:/home/autoware/aichallenge2023-integration-final-main/install/simulator_compatibility_test:/home/autoware/aichallenge2023-integration-final-main/install/ad_api_visualizers:/home/autoware/autoware/install/simulator_compatibility_test:/home/autoware/autoware/install/ad_api_visualizers:/opt/ros/humble /usr/bin/cmake --build /home/autoware/aichallenge2023-integration-final-main/build/autoware_control_msgs -- -j16 -l16
[0.567s] [  1%] Built target autoware_control_msgs__cpp
[0.575s] [ 12%] Built target autoware_control_msgs__rosidl_generator_c
[0.647s] [ 12%] Built target ament_cmake_python_symlink_autoware_control_msgs
[0.841s] [ 23%] Built target autoware_control_msgs__rosidl_typesupport_fastrtps_cpp
[0.845s] [ 34%] Built target autoware_control_msgs__rosidl_typesupport_introspection_cpp
[0.903s] [ 45%] Built target autoware_control_msgs__rosidl_typesupport_fastrtps_c
[0.950s] [ 56%] Built target autoware_control_msgs__rosidl_typesupport_cpp
[0.971s] [ 67%] Built target autoware_control_msgs__rosidl_typesupport_c
[0.976s] [ 78%] Built target autoware_control_msgs__rosidl_typesupport_introspection_c
[1.183s] [ 78%] Built target autoware_control_msgs
[1.409s] [ 80%] Built target autoware_control_msgs__py
[1.430s] running egg_info
[1.430s] writing autoware_control_msgs.egg-info/PKG-INFO
[1.430s] writing dependency_links to autoware_control_msgs.egg-info/dependency_links.txt
[1.430s] writing top-level names to autoware_control_msgs.egg-info/top_level.txt
[1.438s] reading manifest file 'autoware_control_msgs.egg-info/SOURCES.txt'
[1.438s] writing manifest file 'autoware_control_msgs.egg-info/SOURCES.txt'
[1.539s] [ 80%] Built target ament_cmake_python_build_autoware_control_msgs_egg
[1.612s] [ 89%] Built target autoware_control_msgs__rosidl_generator_py
[1.843s] [ 94%] Built target autoware_control_msgs__rosidl_typesupport_fastrtps_c__pyext
[1.844s] [ 96%] Built target autoware_control_msgs__rosidl_typesupport_introspection_c__pyext
[1.861s] [100%] Built target autoware_control_msgs__rosidl_typesupport_c__pyext
[2.009s] Invoked command in '/home/autoware/aichallenge2023-integration-final-main/build/autoware_control_msgs' returned '0': CMAKE_PREFIX_PATH=${CMAKE_PREFIX_PATH}:/home/autoware/aichallenge2023-integration-final-main/install/simulator_compatibility_test:/home/autoware/aichallenge2023-integration-final-main/install/ad_api_visualizers:/home/autoware/autoware/install/simulator_compatibility_test:/home/autoware/autoware/install/ad_api_visualizers:/opt/ros/humble /usr/bin/cmake --build /home/autoware/aichallenge2023-integration-final-main/build/autoware_control_msgs -- -j16 -l16
[4.856s] Invoking command in '/home/autoware/aichallenge2023-integration-final-main/build/autoware_control_msgs': CMAKE_PREFIX_PATH=${CMAKE_PREFIX_PATH}:/home/autoware/aichallenge2023-integration-final-main/install/simulator_compatibility_test:/home/autoware/aichallenge2023-integration-final-main/install/ad_api_visualizers:/home/autoware/autoware/install/simulator_compatibility_test:/home/autoware/autoware/install/ad_api_visualizers:/opt/ros/humble /usr/bin/cmake --install /home/autoware/aichallenge2023-integration-final-main/build/autoware_control_msgs
[4.913s] -- Install configuration: "Release"
[4.913s] -- Execute custom install script
[4.914s] -- Up-to-date symlink: /home/autoware/aichallenge2023-integration-final-main/install/autoware_control_msgs/share/ament_index/resource_index/rosidl_interfaces/autoware_control_msgs
[4.914s] -- Up-to-date symlink: /home/autoware/aichallenge2023-integration-final-main/install/autoware_control_msgs/include/autoware_control_msgs/autoware_control_msgs/msg/control.h
[4.914s] -- Up-to-date symlink: /home/autoware/aichallenge2023-integration-final-main/install/autoware_control_msgs/include/autoware_control_msgs/autoware_control_msgs/msg/control_horizon.h
[4.914s] -- Up-to-date symlink: /home/autoware/aichallenge2023-integration-final-main/install/autoware_control_msgs/include/autoware_control_msgs/autoware_control_msgs/msg/detail/control__functions.h
[4.915s] -- Up-to-date symlink: /home/autoware/aichallenge2023-integration-final-main/install/autoware_control_msgs/include/autoware_control_msgs/autoware_control_msgs/msg/detail/control__struct.h
[4.915s] -- Up-to-date symlink: /home/autoware/aichallenge2023-integration-final-main/install/autoware_control_msgs/include/autoware_control_msgs/autoware_control_msgs/msg/detail/control__type_support.h
[4.916s] -- Up-to-date symlink: /home/autoware/aichallenge2023-integration-final-main/install/autoware_control_msgs/include/autoware_control_msgs/autoware_control_msgs/msg/detail/control_horizon__functions.h
[4.916s] -- Up-to-date symlink: /home/autoware/aichallenge2023-integration-final-main/install/autoware_control_msgs/include/autoware_control_msgs/autoware_control_msgs/msg/detail/control_horizon__struct.h
[4.916s] -- Up-to-date symlink: /home/autoware/aichallenge2023-integration-final-main/install/autoware_control_msgs/include/autoware_control_msgs/autoware_control_msgs/msg/detail/control_horizon__type_support.h
[4.916s] -- Up-to-date symlink: /home/autoware/aichallenge2023-integration-final-main/install/autoware_control_msgs/include/autoware_control_msgs/autoware_control_msgs/msg/detail/lateral__functions.h
[4.916s] -- Up-to-date symlink: /home/autoware/aichallenge2023-integration-final-main/install/autoware_control_msgs/include/autoware_control_msgs/autoware_control_msgs/msg/detail/lateral__struct.h
[4.916s] -- Up-to-date symlink: /home/autoware/aichallenge2023-integration-final-main/install/autoware_control_msgs/include/autoware_control_msgs/autoware_control_msgs/msg/detail/lateral__type_support.h
[4.916s] -- Up-to-date symlink: /home/autoware/aichallenge2023-integration-final-main/install/autoware_control_msgs/include/autoware_control_msgs/autoware_control_msgs/msg/detail/longitudinal__functions.h
[4.916s] -- Up-to-date symlink: /home/autoware/aichallenge2023-integration-final-main/install/autoware_control_msgs/include/autoware_control_msgs/autoware_control_msgs/msg/detail/longitudinal__struct.h
[4.917s] -- Up-to-date symlink: /home/autoware/aichallenge2023-integration-final-main/install/autoware_control_msgs/include/autoware_control_msgs/autoware_control_msgs/msg/detail/longitudinal__type_support.h
[4.917s] -- Up-to-date symlink: /home/autoware/aichallenge2023-integration-final-main/install/autoware_control_msgs/include/autoware_control_msgs/autoware_control_msgs/msg/lateral.h
[4.917s] -- Up-to-date symlink: /home/autoware/aichallenge2023-integration-final-main/install/autoware_control_msgs/include/autoware_control_msgs/autoware_control_msgs/msg/longitudinal.h
[4.917s] -- Up-to-date symlink: /home/autoware/aichallenge2023-integration-final-main/install/autoware_control_msgs/include/autoware_control_msgs/autoware_control_msgs/msg/rosidl_generator_c__visibility_control.h
[4.917s] -- Up-to-date symlink: /home/autoware/aichallenge2023-integration-final-main/install/autoware_control_msgs/share/autoware_control_msgs/environment/library_path.sh
[4.917s] -- Up-to-date symlink: /home/autoware/aichallenge2023-integration-final-main/install/autoware_control_msgs/share/autoware_control_msgs/environment/library_path.dsv
[4.917s] -- Up-to-date symlink: /home/autoware/aichallenge2023-integration-final-main/install/autoware_control_msgs/include/autoware_control_msgs/autoware_control_msgs/msg/detail/control__rosidl_typesupport_fastrtps_c.h
[4.917s] -- Up-to-date symlink: /home/autoware/aichallenge2023-integration-final-main/install/autoware_control_msgs/include/autoware_control_msgs/autoware_control_msgs/msg/detail/control_horizon__rosidl_typesupport_fastrtps_c.h
[4.917s] -- Up-to-date symlink: /home/autoware/aichallenge2023-integration-final-main/install/autoware_control_msgs/include/autoware_control_msgs/autoware_control_msgs/msg/detail/lateral__rosidl_typesupport_fastrtps_c.h
[4.917s] -- Up-to-date symlink: /home/autoware/aichallenge2023-integration-final-main/install/autoware_control_msgs/include/autoware_control_msgs/autoware_control_msgs/msg/detail/longitudinal__rosidl_typesupport_fastrtps_c.h
[4.917s] -- Up-to-date symlink: /home/autoware/aichallenge2023-integration-final-main/install/autoware_control_msgs/include/autoware_control_msgs/autoware_control_msgs/msg/rosidl_typesupport_fastrtps_c__visibility_control.h
[4.918s] -- Up-to-date symlink: /home/autoware/aichallenge2023-integration-final-main/install/autoware_control_msgs/include/autoware_control_msgs/autoware_control_msgs/msg/control.hpp
[4.918s] -- Up-to-date symlink: /home/autoware/aichallenge2023-integration-final-main/install/autoware_control_msgs/include/autoware_control_msgs/autoware_control_msgs/msg/control_horizon.hpp
[4.918s] -- Up-to-date symlink: /home/autoware/aichallenge2023-integration-final-main/install/autoware_control_msgs/include/autoware_control_msgs/autoware_control_msgs/msg/detail/control__builder.hpp
[4.921s] -- Up-to-date symlink: /home/autoware/aichallenge2023-integration-final-main/install/autoware_control_msgs/include/autoware_control_msgs/autoware_control_msgs/msg/detail/control__struct.hpp
[4.921s] -- Up-to-date symlink: /home/autoware/aichallenge2023-integration-final-main/install/autoware_control_msgs/include/autoware_control_msgs/autoware_control_msgs/msg/detail/control__traits.hpp
[4.921s] -- Up-to-date symlink: /home/autoware/aichallenge2023-integration-final-main/install/autoware_control_msgs/include/autoware_control_msgs/autoware_control_msgs/msg/detail/control_horizon__builder.hpp
[4.921s] -- Up-to-date symlink: /home/autoware/aichallenge2023-integration-final-main/install/autoware_control_msgs/include/autoware_control_msgs/autoware_control_msgs/msg/detail/control_horizon__struct.hpp
[4.922s] -- Up-to-date symlink: /home/autoware/aichallenge2023-integration-final-main/install/autoware_control_msgs/include/autoware_control_msgs/autoware_control_msgs/msg/detail/control_horizon__traits.hpp
[4.922s] -- Up-to-date symlink: /home/autoware/aichallenge2023-integration-final-main/install/autoware_control_msgs/include/autoware_control_msgs/autoware_control_msgs/msg/detail/lateral__builder.hpp
[4.922s] -- Up-to-date symlink: /home/autoware/aichallenge2023-integration-final-main/install/autoware_control_msgs/include/autoware_control_msgs/autoware_control_msgs/msg/detail/lateral__struct.hpp
[4.922s] -- Up-to-date symlink: /home/autoware/aichallenge2023-integration-final-main/install/autoware_control_msgs/include/autoware_control_msgs/autoware_control_msgs/msg/detail/lateral__traits.hpp
[4.922s] -- Up-to-date symlink: /home/autoware/aichallenge2023-integration-final-main/install/autoware_control_msgs/include/autoware_control_msgs/autoware_control_msgs/msg/detail/longitudinal__builder.hpp
[4.922s] -- Up-to-date symlink: /home/autoware/aichallenge2023-integration-final-main/install/autoware_control_msgs/include/autoware_control_msgs/autoware_control_msgs/msg/detail/longitudinal__struct.hpp
[4.922s] -- Up-to-date symlink: /home/autoware/aichallenge2023-integration-final-main/install/autoware_control_msgs/include/autoware_control_msgs/autoware_control_msgs/msg/detail/longitudinal__traits.hpp
[4.922s] -- Up-to-date symlink: /home/autoware/aichallenge2023-integration-final-main/install/autoware_control_msgs/include/autoware_control_msgs/autoware_control_msgs/msg/lateral.hpp
[4.922s] -- Up-to-date symlink: /home/autoware/aichallenge2023-integration-final-main/install/autoware_control_msgs/include/autoware_control_msgs/autoware_control_msgs/msg/longitudinal.hpp
[4.922s] -- Up-to-date symlink: /home/autoware/aichallenge2023-integration-final-main/install/autoware_control_msgs/include/autoware_control_msgs/autoware_control_msgs/msg/detail/control__rosidl_typesupport_fastrtps_cpp.hpp
[4.922s] -- Up-to-date symlink: /home/autoware/aichallenge2023-integration-final-main/install/autoware_control_msgs/include/autoware_control_msgs/autoware_control_msgs/msg/detail/control_horizon__rosidl_typesupport_fastrtps_cpp.hpp
[4.922s] -- Up-to-date symlink: /home/autoware/aichallenge2023-integration-final-main/install/autoware_control_msgs/include/autoware_control_msgs/autoware_control_msgs/msg/detail/lateral__rosidl_typesupport_fastrtps_cpp.hpp
[4.922s] -- Up-to-date symlink: /home/autoware/aichallenge2023-integration-final-main/install/autoware_control_msgs/include/autoware_control_msgs/autoware_control_msgs/msg/detail/longitudinal__rosidl_typesupport_fastrtps_cpp.hpp
[4.922s] -- Up-to-date symlink: /home/autoware/aichallenge2023-integration-final-main/install/autoware_control_msgs/include/autoware_control_msgs/autoware_control_msgs/msg/rosidl_typesupport_fastrtps_cpp__visibility_control.h
[4.922s] -- Up-to-date symlink: /home/autoware/aichallenge2023-integration-final-main/install/autoware_control_msgs/include/autoware_control_msgs/autoware_control_msgs/msg/detail/control__rosidl_typesupport_introspection_c.h
[4.923s] -- Up-to-date symlink: /home/autoware/aichallenge2023-integration-final-main/install/autoware_control_msgs/include/autoware_control_msgs/autoware_control_msgs/msg/detail/control_horizon__rosidl_typesupport_introspection_c.h
[4.923s] -- Up-to-date symlink: /home/autoware/aichallenge2023-integration-final-main/install/autoware_control_msgs/include/autoware_control_msgs/autoware_control_msgs/msg/detail/lateral__rosidl_typesupport_introspection_c.h
[4.923s] -- Up-to-date symlink: /home/autoware/aichallenge2023-integration-final-main/install/autoware_control_msgs/include/autoware_control_msgs/autoware_control_msgs/msg/detail/longitudinal__rosidl_typesupport_introspection_c.h
[4.923s] -- Up-to-date symlink: /home/autoware/aichallenge2023-integration-final-main/install/autoware_control_msgs/include/autoware_control_msgs/autoware_control_msgs/msg/rosidl_typesupport_introspection_c__visibility_control.h
[4.923s] -- Up-to-date symlink: /home/autoware/aichallenge2023-integration-final-main/install/autoware_control_msgs/include/autoware_control_msgs/autoware_control_msgs/msg/detail/control__rosidl_typesupport_introspection_cpp.hpp
[4.923s] -- Up-to-date symlink: /home/autoware/aichallenge2023-integration-final-main/install/autoware_control_msgs/include/autoware_control_msgs/autoware_control_msgs/msg/detail/control_horizon__rosidl_typesupport_introspection_cpp.hpp
[4.923s] -- Up-to-date symlink: /home/autoware/aichallenge2023-integration-final-main/install/autoware_control_msgs/include/autoware_control_msgs/autoware_control_msgs/msg/detail/lateral__rosidl_typesupport_introspection_cpp.hpp
[4.923s] -- Up-to-date symlink: /home/autoware/aichallenge2023-integration-final-main/install/autoware_control_msgs/include/autoware_control_msgs/autoware_control_msgs/msg/detail/longitudinal__rosidl_typesupport_introspection_cpp.hpp
[4.923s] -- Up-to-date symlink: /home/autoware/aichallenge2023-integration-final-main/install/autoware_control_msgs/share/autoware_control_msgs/environment/pythonpath.sh
[4.923s] -- Up-to-date symlink: /home/autoware/aichallenge2023-integration-final-main/install/autoware_control_msgs/share/autoware_control_msgs/environment/pythonpath.dsv
[4.923s] -- Up-to-date symlink: /home/autoware/aichallenge2023-integration-final-main/install/autoware_control_msgs/local/lib/python3.10/dist-packages/autoware_control_msgs-1.0.0-py3.10.egg-info/PKG-INFO
[4.923s] -- Up-to-date symlink: /home/autoware/aichallenge2023-integration-final-main/install/autoware_control_msgs/local/lib/python3.10/dist-packages/autoware_control_msgs-1.0.0-py3.10.egg-info/SOURCES.txt
[4.923s] -- Up-to-date symlink: /home/autoware/aichallenge2023-integration-final-main/install/autoware_control_msgs/local/lib/python3.10/dist-packages/autoware_control_msgs-1.0.0-py3.10.egg-info/dependency_links.txt
[4.923s] -- Up-to-date symlink: /home/autoware/aichallenge2023-integration-final-main/install/autoware_control_msgs/local/lib/python3.10/dist-packages/autoware_control_msgs-1.0.0-py3.10.egg-info/top_level.txt
[4.924s] -- Up-to-date symlink: /home/autoware/aichallenge2023-integration-final-main/install/autoware_control_msgs/local/lib/python3.10/dist-packages/autoware_control_msgs/__init__.py
[4.924s] -- Up-to-date symlink: /home/autoware/aichallenge2023-integration-final-main/install/autoware_control_msgs/local/lib/python3.10/dist-packages/autoware_control_msgs/_autoware_control_msgs_s.ep.rosidl_typesupport_c.c
[4.924s] -- Up-to-date symlink: /home/autoware/aichallenge2023-integration-final-main/install/autoware_control_msgs/local/lib/python3.10/dist-packages/autoware_control_msgs/_autoware_control_msgs_s.ep.rosidl_typesupport_fastrtps_c.c
[4.924s] -- Up-to-date symlink: /home/autoware/aichallenge2023-integration-final-main/install/autoware_control_msgs/local/lib/python3.10/dist-packages/autoware_control_msgs/_autoware_control_msgs_s.ep.rosidl_typesupport_introspection_c.c
[4.924s] -- Up-to-date symlink: /home/autoware/aichallenge2023-integration-final-main/install/autoware_control_msgs/local/lib/python3.10/dist-packages/autoware_control_msgs/autoware_control_msgs_s__rosidl_typesupport_c.cpython-310-x86_64-linux-gnu.so
[4.924s] -- Up-to-date symlink: /home/autoware/aichallenge2023-integration-final-main/install/autoware_control_msgs/local/lib/python3.10/dist-packages/autoware_control_msgs/autoware_control_msgs_s__rosidl_typesupport_fastrtps_c.cpython-310-x86_64-linux-gnu.so
[4.924s] -- Up-to-date symlink: /home/autoware/aichallenge2023-integration-final-main/install/autoware_control_msgs/local/lib/python3.10/dist-packages/autoware_control_msgs/autoware_control_msgs_s__rosidl_typesupport_introspection_c.cpython-310-x86_64-linux-gnu.so
[4.925s] -- Up-to-date symlink: /home/autoware/aichallenge2023-integration-final-main/install/autoware_control_msgs/local/lib/python3.10/dist-packages/autoware_control_msgs/libautoware_control_msgs__rosidl_generator_py.so
[4.925s] -- Up-to-date symlink: /home/autoware/aichallenge2023-integration-final-main/install/autoware_control_msgs/local/lib/python3.10/dist-packages/autoware_control_msgs/msg/__init__.py
[4.925s] -- Up-to-date symlink: /home/autoware/aichallenge2023-integration-final-main/install/autoware_control_msgs/local/lib/python3.10/dist-packages/autoware_control_msgs/msg/_control.py
[4.925s] -- Up-to-date symlink: /home/autoware/aichallenge2023-integration-final-main/install/autoware_control_msgs/local/lib/python3.10/dist-packages/autoware_control_msgs/msg/_control_horizon.py
[4.925s] -- Up-to-date symlink: /home/autoware/aichallenge2023-integration-final-main/install/autoware_control_msgs/local/lib/python3.10/dist-packages/autoware_control_msgs/msg/_control_horizon_s.c
[4.925s] -- Up-to-date symlink: /home/autoware/aichallenge2023-integration-final-main/install/autoware_control_msgs/local/lib/python3.10/dist-packages/autoware_control_msgs/msg/_control_s.c
[4.925s] -- Up-to-date symlink: /home/autoware/aichallenge2023-integration-final-main/install/autoware_control_msgs/local/lib/python3.10/dist-packages/autoware_control_msgs/msg/_lateral.py
[4.925s] -- Up-to-date symlink: /home/autoware/aichallenge2023-integration-final-main/install/autoware_control_msgs/local/lib/python3.10/dist-packages/autoware_control_msgs/msg/_lateral_s.c
[4.925s] -- Up-to-date symlink: /home/autoware/aichallenge2023-integration-final-main/install/autoware_control_msgs/local/lib/python3.10/dist-packages/autoware_control_msgs/msg/_longitudinal.py
[4.926s] -- Up-to-date symlink: /home/autoware/aichallenge2023-integration-final-main/install/autoware_control_msgs/local/lib/python3.10/dist-packages/autoware_control_msgs/msg/_longitudinal_s.c
[4.926s] -- Up-to-date symlink: /home/autoware/aichallenge2023-integration-final-main/install/autoware_control_msgs/local/lib/python3.10/dist-packages/autoware_control_msgs/autoware_control_msgs_s__rosidl_typesupport_fastrtps_c.cpython-310-x86_64-linux-gnu.so
[4.926s] -- Up-to-date symlink: /home/autoware/aichallenge2023-integration-final-main/install/autoware_control_msgs/local/lib/python3.10/dist-packages/autoware_control_msgs/autoware_control_msgs_s__rosidl_typesupport_introspection_c.cpython-310-x86_64-linux-gnu.so
[4.926s] -- Up-to-date symlink: /home/autoware/aichallenge2023-integration-final-main/install/autoware_control_msgs/local/lib/python3.10/dist-packages/autoware_control_msgs/autoware_control_msgs_s__rosidl_typesupport_c.cpython-310-x86_64-linux-gnu.so
[4.926s] -- Up-to-date symlink: /home/autoware/aichallenge2023-integration-final-main/install/autoware_control_msgs/share/autoware_control_msgs/msg/Control.idl
[4.927s] -- Up-to-date symlink: /home/autoware/aichallenge2023-integration-final-main/install/autoware_control_msgs/share/autoware_control_msgs/msg/ControlHorizon.idl
[4.927s] -- Up-to-date symlink: /home/autoware/aichallenge2023-integration-final-main/install/autoware_control_msgs/share/autoware_control_msgs/msg/Lateral.idl
[4.927s] -- Up-to-date symlink: /home/autoware/aichallenge2023-integration-final-main/install/autoware_control_msgs/share/autoware_control_msgs/msg/Longitudinal.idl
[4.927s] -- Up-to-date symlink: /home/autoware/aichallenge2023-integration-final-main/install/autoware_control_msgs/share/autoware_control_msgs/msg/Control.msg
[4.927s] -- Up-to-date symlink: /home/autoware/aichallenge2023-integration-final-main/install/autoware_control_msgs/share/autoware_control_msgs/msg/ControlHorizon.msg
[4.927s] -- Up-to-date symlink: /home/autoware/aichallenge2023-integration-final-main/install/autoware_control_msgs/share/autoware_control_msgs/msg/Lateral.msg
[4.928s] -- Up-to-date symlink: /home/autoware/aichallenge2023-integration-final-main/install/autoware_control_msgs/share/autoware_control_msgs/msg/Longitudinal.msg
[4.928s] -- Up-to-date symlink: /home/autoware/aichallenge2023-integration-final-main/install/autoware_control_msgs/share/ament_index/resource_index/package_run_dependencies/autoware_control_msgs
[4.928s] -- Up-to-date symlink: /home/autoware/aichallenge2023-integration-final-main/install/autoware_control_msgs/share/ament_index/resource_index/parent_prefix_path/autoware_control_msgs
[4.928s] -- Up-to-date symlink: /home/autoware/aichallenge2023-integration-final-main/install/autoware_control_msgs/share/autoware_control_msgs/environment/ament_prefix_path.sh
[4.929s] -- Up-to-date symlink: /home/autoware/aichallenge2023-integration-final-main/install/autoware_control_msgs/share/autoware_control_msgs/environment/ament_prefix_path.dsv
[4.929s] -- Up-to-date symlink: /home/autoware/aichallenge2023-integration-final-main/install/autoware_control_msgs/share/autoware_control_msgs/environment/path.sh
[4.929s] -- Up-to-date symlink: /home/autoware/aichallenge2023-integration-final-main/install/autoware_control_msgs/share/autoware_control_msgs/environment/path.dsv
[4.929s] -- Up-to-date symlink: /home/autoware/aichallenge2023-integration-final-main/install/autoware_control_msgs/share/autoware_control_msgs/local_setup.bash
[4.929s] -- Up-to-date symlink: /home/autoware/aichallenge2023-integration-final-main/install/autoware_control_msgs/share/autoware_control_msgs/local_setup.sh
[4.929s] -- Up-to-date symlink: /home/autoware/aichallenge2023-integration-final-main/install/autoware_control_msgs/share/autoware_control_msgs/local_setup.zsh
[4.929s] -- Up-to-date symlink: /home/autoware/aichallenge2023-integration-final-main/install/autoware_control_msgs/share/autoware_control_msgs/local_setup.dsv
[4.930s] -- Symlinking: /home/autoware/aichallenge2023-integration-final-main/install/autoware_control_msgs/share/autoware_control_msgs/package.dsv
[4.988s] -- Up-to-date symlink: /home/autoware/aichallenge2023-integration-final-main/install/autoware_control_msgs/share/ament_index/resource_index/packages/autoware_control_msgs
[4.988s] -- Up-to-date symlink: /home/autoware/aichallenge2023-integration-final-main/install/autoware_control_msgs/share/autoware_control_msgs/cmake/rosidl_cmake-extras.cmake
[4.988s] -- Up-to-date symlink: /home/autoware/aichallenge2023-integration-final-main/install/autoware_control_msgs/share/autoware_control_msgs/cmake/ament_cmake_export_dependencies-extras.cmake
[4.988s] -- Up-to-date symlink: /home/autoware/aichallenge2023-integration-final-main/install/autoware_control_msgs/share/autoware_control_msgs/cmake/ament_cmake_export_include_directories-extras.cmake
[4.988s] -- Up-to-date symlink: /home/autoware/aichallenge2023-integration-final-main/install/autoware_control_msgs/share/autoware_control_msgs/cmake/ament_cmake_export_libraries-extras.cmake
[4.988s] -- Up-to-date symlink: /home/autoware/aichallenge2023-integration-final-main/install/autoware_control_msgs/share/autoware_control_msgs/cmake/ament_cmake_export_targets-extras.cmake
[4.989s] -- Up-to-date symlink: /home/autoware/aichallenge2023-integration-final-main/install/autoware_control_msgs/share/autoware_control_msgs/cmake/rosidl_cmake_export_typesupport_targets-extras.cmake
[4.989s] -- Up-to-date symlink: /home/autoware/aichallenge2023-integration-final-main/install/autoware_control_msgs/share/autoware_control_msgs/cmake/rosidl_cmake_export_typesupport_libraries-extras.cmake
[4.989s] -- Up-to-date symlink: /home/autoware/aichallenge2023-integration-final-main/install/autoware_control_msgs/share/autoware_control_msgs/cmake/autoware_control_msgsConfig.cmake
[4.989s] -- Up-to-date symlink: /home/autoware/aichallenge2023-integration-final-main/install/autoware_control_msgs/share/autoware_control_msgs/cmake/autoware_control_msgsConfig-version.cmake
[4.989s] -- Up-to-date symlink: /home/autoware/aichallenge2023-integration-final-main/install/autoware_control_msgs/share/autoware_control_msgs/package.xml
[4.990s] -- Up-to-date: /home/autoware/aichallenge2023-integration-final-main/install/autoware_control_msgs/lib/libautoware_control_msgs__rosidl_generator_c.so
[4.990s] -- Up-to-date: /home/autoware/aichallenge2023-integration-final-main/install/autoware_control_msgs/lib/libautoware_control_msgs__rosidl_typesupport_fastrtps_c.so
[4.990s] -- Up-to-date: /home/autoware/aichallenge2023-integration-final-main/install/autoware_control_msgs/lib/libautoware_control_msgs__rosidl_typesupport_fastrtps_cpp.so
[4.990s] -- Up-to-date: /home/autoware/aichallenge2023-integration-final-main/install/autoware_control_msgs/lib/libautoware_control_msgs__rosidl_typesupport_introspection_c.so
[4.990s] -- Up-to-date: /home/autoware/aichallenge2023-integration-final-main/install/autoware_control_msgs/lib/libautoware_control_msgs__rosidl_typesupport_c.so
[4.990s] -- Up-to-date: /home/autoware/aichallenge2023-integration-final-main/install/autoware_control_msgs/lib/libautoware_control_msgs__rosidl_typesupport_introspection_cpp.so
[4.991s] -- Up-to-date: /home/autoware/aichallenge2023-integration-final-main/install/autoware_control_msgs/lib/libautoware_control_msgs__rosidl_typesupport_cpp.so
[5.106s] Listing '/home/autoware/aichallenge2023-integration-final-main/install/autoware_control_msgs/local/lib/python3.10/dist-packages/autoware_control_msgs'...
[5.107s] Listing '/home/autoware/aichallenge2023-integration-final-main/install/autoware_control_msgs/local/lib/python3.10/dist-packages/autoware_control_msgs/msg'...
[5.112s] -- Up-to-date: /home/autoware/aichallenge2023-integration-final-main/install/autoware_control_msgs/lib/libautoware_control_msgs__rosidl_generator_py.so
[5.112s] -- Up-to-date: /home/autoware/aichallenge2023-integration-final-main/install/autoware_control_msgs/share/autoware_control_msgs/cmake/export_autoware_control_msgs__rosidl_generator_cExport.cmake
[5.112s] -- Up-to-date: /home/autoware/aichallenge2023-integration-final-main/install/autoware_control_msgs/share/autoware_control_msgs/cmake/export_autoware_control_msgs__rosidl_generator_cExport-release.cmake
[5.112s] -- Up-to-date: /home/autoware/aichallenge2023-integration-final-main/install/autoware_control_msgs/share/autoware_control_msgs/cmake/export_autoware_control_msgs__rosidl_typesupport_fastrtps_cExport.cmake
[5.112s] -- Up-to-date: /home/autoware/aichallenge2023-integration-final-main/install/autoware_control_msgs/share/autoware_control_msgs/cmake/export_autoware_control_msgs__rosidl_typesupport_fastrtps_cExport-release.cmake
[5.112s] -- Up-to-date: /home/autoware/aichallenge2023-integration-final-main/install/autoware_control_msgs/share/autoware_control_msgs/cmake/export_autoware_control_msgs__rosidl_generator_cppExport.cmake
[5.112s] -- Up-to-date: /home/autoware/aichallenge2023-integration-final-main/install/autoware_control_msgs/share/autoware_control_msgs/cmake/export_autoware_control_msgs__rosidl_typesupport_fastrtps_cppExport.cmake
[5.112s] -- Up-to-date: /home/autoware/aichallenge2023-integration-final-main/install/autoware_control_msgs/share/autoware_control_msgs/cmake/export_autoware_control_msgs__rosidl_typesupport_fastrtps_cppExport-release.cmake
[5.112s] -- Up-to-date: /home/autoware/aichallenge2023-integration-final-main/install/autoware_control_msgs/share/autoware_control_msgs/cmake/autoware_control_msgs__rosidl_typesupport_introspection_cExport.cmake
[5.112s] -- Up-to-date: /home/autoware/aichallenge2023-integration-final-main/install/autoware_control_msgs/share/autoware_control_msgs/cmake/autoware_control_msgs__rosidl_typesupport_introspection_cExport-release.cmake
[5.113s] -- Up-to-date: /home/autoware/aichallenge2023-integration-final-main/install/autoware_control_msgs/share/autoware_control_msgs/cmake/autoware_control_msgs__rosidl_typesupport_cExport.cmake
[5.113s] -- Up-to-date: /home/autoware/aichallenge2023-integration-final-main/install/autoware_control_msgs/share/autoware_control_msgs/cmake/autoware_control_msgs__rosidl_typesupport_cExport-release.cmake
[5.113s] -- Up-to-date: /home/autoware/aichallenge2023-integration-final-main/install/autoware_control_msgs/share/autoware_control_msgs/cmake/autoware_control_msgs__rosidl_typesupport_introspection_cppExport.cmake
[5.113s] -- Up-to-date: /home/autoware/aichallenge2023-integration-final-main/install/autoware_control_msgs/share/autoware_control_msgs/cmake/autoware_control_msgs__rosidl_typesupport_introspection_cppExport-release.cmake
[5.113s] -- Up-to-date: /home/autoware/aichallenge2023-integration-final-main/install/autoware_control_msgs/share/autoware_control_msgs/cmake/autoware_control_msgs__rosidl_typesupport_cppExport.cmake
[5.113s] -- Up-to-date: /home/autoware/aichallenge2023-integration-final-main/install/autoware_control_msgs/share/autoware_control_msgs/cmake/autoware_control_msgs__rosidl_typesupport_cppExport-release.cmake
[5.113s] -- Up-to-date: /home/autoware/aichallenge2023-integration-final-main/install/autoware_control_msgs/share/autoware_control_msgs/cmake/export_autoware_control_msgs__rosidl_generator_pyExport.cmake
[5.113s] -- Up-to-date: /home/autoware/aichallenge2023-integration-final-main/install/autoware_control_msgs/share/autoware_control_msgs/cmake/export_autoware_control_msgs__rosidl_generator_pyExport-release.cmake
[5.149s] Invoked command in '/home/autoware/aichallenge2023-integration-final-main/build/autoware_control_msgs' returned '0': CMAKE_PREFIX_PATH=${CMAKE_PREFIX_PATH}:/home/autoware/aichallenge2023-integration-final-main/install/simulator_compatibility_test:/home/autoware/aichallenge2023-integration-final-main/install/ad_api_visualizers:/home/autoware/autoware/install/simulator_compatibility_test:/home/autoware/autoware/install/ad_api_visualizers:/opt/ros/humble /usr/bin/cmake --install /home/autoware/aichallenge2023-integration-final-main/build/autoware_control_msgs
