[0.076s] Invoking command in '/home/autoware/aichallenge2023-integration-final-main/build/tier4_v2x_msgs': CMAKE_PREFIX_PATH=${CMAKE_PREFIX_PATH}:/home/autoware/autoware/install/simulator_compatibility_test:/home/autoware/autoware/install/ad_api_visualizers:/opt/ros/humble /usr/bin/cmake --build /home/autoware/aichallenge2023-integration-final-main/build/tier4_v2x_msgs -- -j16 -l16
[1.976s] [  1%] Built target tier4_v2x_msgs__cpp
[1.976s] [ 12%] Built target tier4_v2x_msgs__rosidl_generator_c
[1.976s] [ 12%] Built target ament_cmake_python_symlink_tier4_v2x_msgs
[1.977s] [ 23%] Built target tier4_v2x_msgs__rosidl_typesupport_cpp
[1.977s] [ 34%] Built target tier4_v2x_msgs__rosidl_typesupport_fastrtps_cpp
[1.977s] [ 46%] Built target tier4_v2x_msgs__rosidl_typesupport_introspection_cpp
[1.977s] [ 57%] Built target tier4_v2x_msgs__rosidl_typesupport_fastrtps_c
[1.977s] [ 68%] Built target tier4_v2x_msgs__rosidl_typesupport_c
[1.977s] [ 79%] Built target tier4_v2x_msgs__rosidl_typesupport_introspection_c
[1.977s] running egg_info
[1.977s] [ 79%] Built target tier4_v2x_msgs
[1.977s] writing tier4_v2x_msgs.egg-info/PKG-INFO
[1.977s] writing dependency_links to tier4_v2x_msgs.egg-info/dependency_links.txt
[1.977s] writing top-level names to tier4_v2x_msgs.egg-info/top_level.txt
[1.977s] reading manifest file 'tier4_v2x_msgs.egg-info/SOURCES.txt'
[1.977s] writing manifest file 'tier4_v2x_msgs.egg-info/SOURCES.txt'
[1.977s] [ 79%] Built target ament_cmake_python_build_tier4_v2x_msgs_egg
[1.977s] [ 80%] Built target tier4_v2x_msgs__py
[1.977s] [ 90%] Built target tier4_v2x_msgs__rosidl_generator_py
[1.981s] [ 93%] Built target tier4_v2x_msgs__rosidl_typesupport_fastrtps_c__pyext
[2.004s] [ 96%] Built target tier4_v2x_msgs__rosidl_typesupport_c__pyext
[2.004s] [100%] Built target tier4_v2x_msgs__rosidl_typesupport_introspection_c__pyext
[2.058s] Invoked command in '/home/autoware/aichallenge2023-integration-final-main/build/tier4_v2x_msgs' returned '0': CMAKE_PREFIX_PATH=${CMAKE_PREFIX_PATH}:/home/autoware/autoware/install/simulator_compatibility_test:/home/autoware/autoware/install/ad_api_visualizers:/opt/ros/humble /usr/bin/cmake --build /home/autoware/aichallenge2023-integration-final-main/build/tier4_v2x_msgs -- -j16 -l16
[3.764s] Invoking command in '/home/autoware/aichallenge2023-integration-final-main/build/tier4_v2x_msgs': CMAKE_PREFIX_PATH=${CMAKE_PREFIX_PATH}:/home/autoware/autoware/install/simulator_compatibility_test:/home/autoware/autoware/install/ad_api_visualizers:/opt/ros/humble /usr/bin/cmake --install /home/autoware/aichallenge2023-integration-final-main/build/tier4_v2x_msgs
[3.794s] -- Install configuration: "Release"
[3.795s] -- Execute custom install script
[3.795s] -- Up-to-date symlink: /home/autoware/aichallenge2023-integration-final-main/install/tier4_v2x_msgs/share/ament_index/resource_index/rosidl_interfaces/tier4_v2x_msgs
[3.796s] -- Up-to-date symlink: /home/autoware/aichallenge2023-integration-final-main/install/tier4_v2x_msgs/include/tier4_v2x_msgs/tier4_v2x_msgs/msg/detail/infrastructure_command__functions.h
[3.796s] -- Up-to-date symlink: /home/autoware/aichallenge2023-integration-final-main/install/tier4_v2x_msgs/include/tier4_v2x_msgs/tier4_v2x_msgs/msg/detail/infrastructure_command__struct.h
[3.796s] -- Up-to-date symlink: /home/autoware/aichallenge2023-integration-final-main/install/tier4_v2x_msgs/include/tier4_v2x_msgs/tier4_v2x_msgs/msg/detail/infrastructure_command__type_support.h
[3.796s] -- Up-to-date symlink: /home/autoware/aichallenge2023-integration-final-main/install/tier4_v2x_msgs/include/tier4_v2x_msgs/tier4_v2x_msgs/msg/detail/infrastructure_command_array__functions.h
[3.796s] -- Up-to-date symlink: /home/autoware/aichallenge2023-integration-final-main/install/tier4_v2x_msgs/include/tier4_v2x_msgs/tier4_v2x_msgs/msg/detail/infrastructure_command_array__struct.h
[3.796s] -- Up-to-date symlink: /home/autoware/aichallenge2023-integration-final-main/install/tier4_v2x_msgs/include/tier4_v2x_msgs/tier4_v2x_msgs/msg/detail/infrastructure_command_array__type_support.h
[3.796s] -- Up-to-date symlink: /home/autoware/aichallenge2023-integration-final-main/install/tier4_v2x_msgs/include/tier4_v2x_msgs/tier4_v2x_msgs/msg/detail/key_value__functions.h
[3.796s] -- Up-to-date symlink: /home/autoware/aichallenge2023-integration-final-main/install/tier4_v2x_msgs/include/tier4_v2x_msgs/tier4_v2x_msgs/msg/detail/key_value__struct.h
[3.796s] -- Up-to-date symlink: /home/autoware/aichallenge2023-integration-final-main/install/tier4_v2x_msgs/include/tier4_v2x_msgs/tier4_v2x_msgs/msg/detail/key_value__type_support.h
[3.797s] -- Up-to-date symlink: /home/autoware/aichallenge2023-integration-final-main/install/tier4_v2x_msgs/include/tier4_v2x_msgs/tier4_v2x_msgs/msg/detail/virtual_traffic_light_state__functions.h
[3.797s] -- Up-to-date symlink: /home/autoware/aichallenge2023-integration-final-main/install/tier4_v2x_msgs/include/tier4_v2x_msgs/tier4_v2x_msgs/msg/detail/virtual_traffic_light_state__struct.h
[3.797s] -- Up-to-date symlink: /home/autoware/aichallenge2023-integration-final-main/install/tier4_v2x_msgs/include/tier4_v2x_msgs/tier4_v2x_msgs/msg/detail/virtual_traffic_light_state__type_support.h
[3.797s] -- Up-to-date symlink: /home/autoware/aichallenge2023-integration-final-main/install/tier4_v2x_msgs/include/tier4_v2x_msgs/tier4_v2x_msgs/msg/detail/virtual_traffic_light_state_array__functions.h
[3.797s] -- Up-to-date symlink: /home/autoware/aichallenge2023-integration-final-main/install/tier4_v2x_msgs/include/tier4_v2x_msgs/tier4_v2x_msgs/msg/detail/virtual_traffic_light_state_array__struct.h
[3.797s] -- Up-to-date symlink: /home/autoware/aichallenge2023-integration-final-main/install/tier4_v2x_msgs/include/tier4_v2x_msgs/tier4_v2x_msgs/msg/detail/virtual_traffic_light_state_array__type_support.h
[3.797s] -- Up-to-date symlink: /home/autoware/aichallenge2023-integration-final-main/install/tier4_v2x_msgs/include/tier4_v2x_msgs/tier4_v2x_msgs/msg/infrastructure_command.h
[3.797s] -- Up-to-date symlink: /home/autoware/aichallenge2023-integration-final-main/install/tier4_v2x_msgs/include/tier4_v2x_msgs/tier4_v2x_msgs/msg/infrastructure_command_array.h
[3.797s] -- Up-to-date symlink: /home/autoware/aichallenge2023-integration-final-main/install/tier4_v2x_msgs/include/tier4_v2x_msgs/tier4_v2x_msgs/msg/key_value.h
[3.800s] -- Up-to-date symlink: /home/autoware/aichallenge2023-integration-final-main/install/tier4_v2x_msgs/include/tier4_v2x_msgs/tier4_v2x_msgs/msg/rosidl_generator_c__visibility_control.h
[3.800s] -- Up-to-date symlink: /home/autoware/aichallenge2023-integration-final-main/install/tier4_v2x_msgs/include/tier4_v2x_msgs/tier4_v2x_msgs/msg/virtual_traffic_light_state.h
[3.800s] -- Up-to-date symlink: /home/autoware/aichallenge2023-integration-final-main/install/tier4_v2x_msgs/include/tier4_v2x_msgs/tier4_v2x_msgs/msg/virtual_traffic_light_state_array.h
[3.800s] -- Up-to-date symlink: /home/autoware/aichallenge2023-integration-final-main/install/tier4_v2x_msgs/share/tier4_v2x_msgs/environment/library_path.sh
[3.800s] -- Up-to-date symlink: /home/autoware/aichallenge2023-integration-final-main/install/tier4_v2x_msgs/share/tier4_v2x_msgs/environment/library_path.dsv
[3.801s] -- Up-to-date symlink: /home/autoware/aichallenge2023-integration-final-main/install/tier4_v2x_msgs/include/tier4_v2x_msgs/tier4_v2x_msgs/msg/detail/infrastructure_command__rosidl_typesupport_fastrtps_c.h
[3.801s] -- Up-to-date symlink: /home/autoware/aichallenge2023-integration-final-main/install/tier4_v2x_msgs/include/tier4_v2x_msgs/tier4_v2x_msgs/msg/detail/infrastructure_command_array__rosidl_typesupport_fastrtps_c.h
[3.801s] -- Up-to-date symlink: /home/autoware/aichallenge2023-integration-final-main/install/tier4_v2x_msgs/include/tier4_v2x_msgs/tier4_v2x_msgs/msg/detail/key_value__rosidl_typesupport_fastrtps_c.h
[3.801s] -- Up-to-date symlink: /home/autoware/aichallenge2023-integration-final-main/install/tier4_v2x_msgs/include/tier4_v2x_msgs/tier4_v2x_msgs/msg/detail/virtual_traffic_light_state__rosidl_typesupport_fastrtps_c.h
[3.801s] -- Up-to-date symlink: /home/autoware/aichallenge2023-integration-final-main/install/tier4_v2x_msgs/include/tier4_v2x_msgs/tier4_v2x_msgs/msg/detail/virtual_traffic_light_state_array__rosidl_typesupport_fastrtps_c.h
[3.801s] -- Up-to-date symlink: /home/autoware/aichallenge2023-integration-final-main/install/tier4_v2x_msgs/include/tier4_v2x_msgs/tier4_v2x_msgs/msg/rosidl_typesupport_fastrtps_c__visibility_control.h
[3.802s] -- Up-to-date symlink: /home/autoware/aichallenge2023-integration-final-main/install/tier4_v2x_msgs/include/tier4_v2x_msgs/tier4_v2x_msgs/msg/detail/infrastructure_command__rosidl_typesupport_introspection_c.h
[3.802s] -- Up-to-date symlink: /home/autoware/aichallenge2023-integration-final-main/install/tier4_v2x_msgs/include/tier4_v2x_msgs/tier4_v2x_msgs/msg/detail/infrastructure_command_array__rosidl_typesupport_introspection_c.h
[3.802s] -- Up-to-date symlink: /home/autoware/aichallenge2023-integration-final-main/install/tier4_v2x_msgs/include/tier4_v2x_msgs/tier4_v2x_msgs/msg/detail/key_value__rosidl_typesupport_introspection_c.h
[3.802s] -- Up-to-date symlink: /home/autoware/aichallenge2023-integration-final-main/install/tier4_v2x_msgs/include/tier4_v2x_msgs/tier4_v2x_msgs/msg/detail/virtual_traffic_light_state__rosidl_typesupport_introspection_c.h
[3.802s] -- Up-to-date symlink: /home/autoware/aichallenge2023-integration-final-main/install/tier4_v2x_msgs/include/tier4_v2x_msgs/tier4_v2x_msgs/msg/detail/virtual_traffic_light_state_array__rosidl_typesupport_introspection_c.h
[3.802s] -- Up-to-date symlink: /home/autoware/aichallenge2023-integration-final-main/install/tier4_v2x_msgs/include/tier4_v2x_msgs/tier4_v2x_msgs/msg/rosidl_typesupport_introspection_c__visibility_control.h
[3.803s] -- Up-to-date symlink: /home/autoware/aichallenge2023-integration-final-main/install/tier4_v2x_msgs/include/tier4_v2x_msgs/tier4_v2x_msgs/msg/detail/infrastructure_command__builder.hpp
[3.803s] -- Up-to-date symlink: /home/autoware/aichallenge2023-integration-final-main/install/tier4_v2x_msgs/include/tier4_v2x_msgs/tier4_v2x_msgs/msg/detail/infrastructure_command__struct.hpp
[3.803s] -- Up-to-date symlink: /home/autoware/aichallenge2023-integration-final-main/install/tier4_v2x_msgs/include/tier4_v2x_msgs/tier4_v2x_msgs/msg/detail/infrastructure_command__traits.hpp
[3.803s] -- Up-to-date symlink: /home/autoware/aichallenge2023-integration-final-main/install/tier4_v2x_msgs/include/tier4_v2x_msgs/tier4_v2x_msgs/msg/detail/infrastructure_command_array__builder.hpp
[3.803s] -- Up-to-date symlink: /home/autoware/aichallenge2023-integration-final-main/install/tier4_v2x_msgs/include/tier4_v2x_msgs/tier4_v2x_msgs/msg/detail/infrastructure_command_array__struct.hpp
[3.803s] -- Up-to-date symlink: /home/autoware/aichallenge2023-integration-final-main/install/tier4_v2x_msgs/include/tier4_v2x_msgs/tier4_v2x_msgs/msg/detail/infrastructure_command_array__traits.hpp
[3.803s] -- Up-to-date symlink: /home/autoware/aichallenge2023-integration-final-main/install/tier4_v2x_msgs/include/tier4_v2x_msgs/tier4_v2x_msgs/msg/detail/key_value__builder.hpp
[3.803s] -- Up-to-date symlink: /home/autoware/aichallenge2023-integration-final-main/install/tier4_v2x_msgs/include/tier4_v2x_msgs/tier4_v2x_msgs/msg/detail/key_value__struct.hpp
[3.803s] -- Up-to-date symlink: /home/autoware/aichallenge2023-integration-final-main/install/tier4_v2x_msgs/include/tier4_v2x_msgs/tier4_v2x_msgs/msg/detail/key_value__traits.hpp
[3.803s] -- Up-to-date symlink: /home/autoware/aichallenge2023-integration-final-main/install/tier4_v2x_msgs/include/tier4_v2x_msgs/tier4_v2x_msgs/msg/detail/virtual_traffic_light_state__builder.hpp
[3.804s] -- Up-to-date symlink: /home/autoware/aichallenge2023-integration-final-main/install/tier4_v2x_msgs/include/tier4_v2x_msgs/tier4_v2x_msgs/msg/detail/virtual_traffic_light_state__struct.hpp
[3.804s] -- Up-to-date symlink: /home/autoware/aichallenge2023-integration-final-main/install/tier4_v2x_msgs/include/tier4_v2x_msgs/tier4_v2x_msgs/msg/detail/virtual_traffic_light_state__traits.hpp
[3.804s] -- Up-to-date symlink: /home/autoware/aichallenge2023-integration-final-main/install/tier4_v2x_msgs/include/tier4_v2x_msgs/tier4_v2x_msgs/msg/detail/virtual_traffic_light_state_array__builder.hpp
[3.804s] -- Up-to-date symlink: /home/autoware/aichallenge2023-integration-final-main/install/tier4_v2x_msgs/include/tier4_v2x_msgs/tier4_v2x_msgs/msg/detail/virtual_traffic_light_state_array__struct.hpp
[3.804s] -- Up-to-date symlink: /home/autoware/aichallenge2023-integration-final-main/install/tier4_v2x_msgs/include/tier4_v2x_msgs/tier4_v2x_msgs/msg/detail/virtual_traffic_light_state_array__traits.hpp
[3.804s] -- Up-to-date symlink: /home/autoware/aichallenge2023-integration-final-main/install/tier4_v2x_msgs/include/tier4_v2x_msgs/tier4_v2x_msgs/msg/infrastructure_command.hpp
[3.804s] -- Up-to-date symlink: /home/autoware/aichallenge2023-integration-final-main/install/tier4_v2x_msgs/include/tier4_v2x_msgs/tier4_v2x_msgs/msg/infrastructure_command_array.hpp
[3.804s] -- Up-to-date symlink: /home/autoware/aichallenge2023-integration-final-main/install/tier4_v2x_msgs/include/tier4_v2x_msgs/tier4_v2x_msgs/msg/key_value.hpp
[3.804s] -- Up-to-date symlink: /home/autoware/aichallenge2023-integration-final-main/install/tier4_v2x_msgs/include/tier4_v2x_msgs/tier4_v2x_msgs/msg/virtual_traffic_light_state.hpp
[3.805s] -- Up-to-date symlink: /home/autoware/aichallenge2023-integration-final-main/install/tier4_v2x_msgs/include/tier4_v2x_msgs/tier4_v2x_msgs/msg/virtual_traffic_light_state_array.hpp
[3.805s] -- Up-to-date symlink: /home/autoware/aichallenge2023-integration-final-main/install/tier4_v2x_msgs/include/tier4_v2x_msgs/tier4_v2x_msgs/msg/detail/infrastructure_command__rosidl_typesupport_fastrtps_cpp.hpp
[3.805s] -- Up-to-date symlink: /home/autoware/aichallenge2023-integration-final-main/install/tier4_v2x_msgs/include/tier4_v2x_msgs/tier4_v2x_msgs/msg/detail/infrastructure_command_array__rosidl_typesupport_fastrtps_cpp.hpp
[3.805s] -- Up-to-date symlink: /home/autoware/aichallenge2023-integration-final-main/install/tier4_v2x_msgs/include/tier4_v2x_msgs/tier4_v2x_msgs/msg/detail/key_value__rosidl_typesupport_fastrtps_cpp.hpp
[3.807s] -- Up-to-date symlink: /home/autoware/aichallenge2023-integration-final-main/install/tier4_v2x_msgs/include/tier4_v2x_msgs/tier4_v2x_msgs/msg/detail/virtual_traffic_light_state__rosidl_typesupport_fastrtps_cpp.hpp
[3.807s] -- Up-to-date symlink: /home/autoware/aichallenge2023-integration-final-main/install/tier4_v2x_msgs/include/tier4_v2x_msgs/tier4_v2x_msgs/msg/detail/virtual_traffic_light_state_array__rosidl_typesupport_fastrtps_cpp.hpp
[3.807s] -- Up-to-date symlink: /home/autoware/aichallenge2023-integration-final-main/install/tier4_v2x_msgs/include/tier4_v2x_msgs/tier4_v2x_msgs/msg/rosidl_typesupport_fastrtps_cpp__visibility_control.h
[3.807s] -- Up-to-date symlink: /home/autoware/aichallenge2023-integration-final-main/install/tier4_v2x_msgs/include/tier4_v2x_msgs/tier4_v2x_msgs/msg/detail/infrastructure_command__rosidl_typesupport_introspection_cpp.hpp
[3.807s] -- Up-to-date symlink: /home/autoware/aichallenge2023-integration-final-main/install/tier4_v2x_msgs/include/tier4_v2x_msgs/tier4_v2x_msgs/msg/detail/infrastructure_command_array__rosidl_typesupport_introspection_cpp.hpp
[3.807s] -- Up-to-date symlink: /home/autoware/aichallenge2023-integration-final-main/install/tier4_v2x_msgs/include/tier4_v2x_msgs/tier4_v2x_msgs/msg/detail/key_value__rosidl_typesupport_introspection_cpp.hpp
[3.807s] -- Up-to-date symlink: /home/autoware/aichallenge2023-integration-final-main/install/tier4_v2x_msgs/include/tier4_v2x_msgs/tier4_v2x_msgs/msg/detail/virtual_traffic_light_state__rosidl_typesupport_introspection_cpp.hpp
[3.807s] -- Up-to-date symlink: /home/autoware/aichallenge2023-integration-final-main/install/tier4_v2x_msgs/include/tier4_v2x_msgs/tier4_v2x_msgs/msg/detail/virtual_traffic_light_state_array__rosidl_typesupport_introspection_cpp.hpp
[3.807s] -- Up-to-date symlink: /home/autoware/aichallenge2023-integration-final-main/install/tier4_v2x_msgs/share/tier4_v2x_msgs/environment/pythonpath.sh
[3.807s] -- Up-to-date symlink: /home/autoware/aichallenge2023-integration-final-main/install/tier4_v2x_msgs/share/tier4_v2x_msgs/environment/pythonpath.dsv
[3.808s] -- Up-to-date symlink: /home/autoware/aichallenge2023-integration-final-main/install/tier4_v2x_msgs/local/lib/python3.10/dist-packages/tier4_v2x_msgs-0.1.0-py3.10.egg-info/PKG-INFO
[3.808s] -- Up-to-date symlink: /home/autoware/aichallenge2023-integration-final-main/install/tier4_v2x_msgs/local/lib/python3.10/dist-packages/tier4_v2x_msgs-0.1.0-py3.10.egg-info/SOURCES.txt
[3.808s] -- Up-to-date symlink: /home/autoware/aichallenge2023-integration-final-main/install/tier4_v2x_msgs/local/lib/python3.10/dist-packages/tier4_v2x_msgs-0.1.0-py3.10.egg-info/dependency_links.txt
[3.808s] -- Up-to-date symlink: /home/autoware/aichallenge2023-integration-final-main/install/tier4_v2x_msgs/local/lib/python3.10/dist-packages/tier4_v2x_msgs-0.1.0-py3.10.egg-info/top_level.txt
[3.808s] -- Up-to-date symlink: /home/autoware/aichallenge2023-integration-final-main/install/tier4_v2x_msgs/local/lib/python3.10/dist-packages/tier4_v2x_msgs/__init__.py
[3.808s] -- Up-to-date symlink: /home/autoware/aichallenge2023-integration-final-main/install/tier4_v2x_msgs/local/lib/python3.10/dist-packages/tier4_v2x_msgs/_tier4_v2x_msgs_s.ep.rosidl_typesupport_c.c
[3.808s] -- Up-to-date symlink: /home/autoware/aichallenge2023-integration-final-main/install/tier4_v2x_msgs/local/lib/python3.10/dist-packages/tier4_v2x_msgs/_tier4_v2x_msgs_s.ep.rosidl_typesupport_fastrtps_c.c
[3.808s] -- Up-to-date symlink: /home/autoware/aichallenge2023-integration-final-main/install/tier4_v2x_msgs/local/lib/python3.10/dist-packages/tier4_v2x_msgs/_tier4_v2x_msgs_s.ep.rosidl_typesupport_introspection_c.c
[3.808s] -- Up-to-date symlink: /home/autoware/aichallenge2023-integration-final-main/install/tier4_v2x_msgs/local/lib/python3.10/dist-packages/tier4_v2x_msgs/libtier4_v2x_msgs__rosidl_generator_py.so
[3.809s] -- Up-to-date symlink: /home/autoware/aichallenge2023-integration-final-main/install/tier4_v2x_msgs/local/lib/python3.10/dist-packages/tier4_v2x_msgs/msg/__init__.py
[3.809s] -- Up-to-date symlink: /home/autoware/aichallenge2023-integration-final-main/install/tier4_v2x_msgs/local/lib/python3.10/dist-packages/tier4_v2x_msgs/msg/_infrastructure_command.py
[3.809s] -- Up-to-date symlink: /home/autoware/aichallenge2023-integration-final-main/install/tier4_v2x_msgs/local/lib/python3.10/dist-packages/tier4_v2x_msgs/msg/_infrastructure_command_array.py
[3.809s] -- Up-to-date symlink: /home/autoware/aichallenge2023-integration-final-main/install/tier4_v2x_msgs/local/lib/python3.10/dist-packages/tier4_v2x_msgs/msg/_infrastructure_command_array_s.c
[3.809s] -- Up-to-date symlink: /home/autoware/aichallenge2023-integration-final-main/install/tier4_v2x_msgs/local/lib/python3.10/dist-packages/tier4_v2x_msgs/msg/_infrastructure_command_s.c
[3.809s] -- Up-to-date symlink: /home/autoware/aichallenge2023-integration-final-main/install/tier4_v2x_msgs/local/lib/python3.10/dist-packages/tier4_v2x_msgs/msg/_key_value.py
[3.809s] -- Up-to-date symlink: /home/autoware/aichallenge2023-integration-final-main/install/tier4_v2x_msgs/local/lib/python3.10/dist-packages/tier4_v2x_msgs/msg/_key_value_s.c
[3.809s] -- Up-to-date symlink: /home/autoware/aichallenge2023-integration-final-main/install/tier4_v2x_msgs/local/lib/python3.10/dist-packages/tier4_v2x_msgs/msg/_virtual_traffic_light_state.py
[3.809s] -- Up-to-date symlink: /home/autoware/aichallenge2023-integration-final-main/install/tier4_v2x_msgs/local/lib/python3.10/dist-packages/tier4_v2x_msgs/msg/_virtual_traffic_light_state_array.py
[3.810s] -- Up-to-date symlink: /home/autoware/aichallenge2023-integration-final-main/install/tier4_v2x_msgs/local/lib/python3.10/dist-packages/tier4_v2x_msgs/msg/_virtual_traffic_light_state_array_s.c
[3.810s] -- Up-to-date symlink: /home/autoware/aichallenge2023-integration-final-main/install/tier4_v2x_msgs/local/lib/python3.10/dist-packages/tier4_v2x_msgs/msg/_virtual_traffic_light_state_s.c
[3.810s] -- Up-to-date symlink: /home/autoware/aichallenge2023-integration-final-main/install/tier4_v2x_msgs/local/lib/python3.10/dist-packages/tier4_v2x_msgs/tier4_v2x_msgs_s__rosidl_typesupport_c.cpython-310-x86_64-linux-gnu.so
[3.810s] -- Up-to-date symlink: /home/autoware/aichallenge2023-integration-final-main/install/tier4_v2x_msgs/local/lib/python3.10/dist-packages/tier4_v2x_msgs/tier4_v2x_msgs_s__rosidl_typesupport_fastrtps_c.cpython-310-x86_64-linux-gnu.so
[3.810s] -- Up-to-date symlink: /home/autoware/aichallenge2023-integration-final-main/install/tier4_v2x_msgs/local/lib/python3.10/dist-packages/tier4_v2x_msgs/tier4_v2x_msgs_s__rosidl_typesupport_introspection_c.cpython-310-x86_64-linux-gnu.so
[3.810s] -- Up-to-date symlink: /home/autoware/aichallenge2023-integration-final-main/install/tier4_v2x_msgs/local/lib/python3.10/dist-packages/tier4_v2x_msgs/tier4_v2x_msgs_s__rosidl_typesupport_fastrtps_c.cpython-310-x86_64-linux-gnu.so
[3.810s] -- Up-to-date symlink: /home/autoware/aichallenge2023-integration-final-main/install/tier4_v2x_msgs/local/lib/python3.10/dist-packages/tier4_v2x_msgs/tier4_v2x_msgs_s__rosidl_typesupport_introspection_c.cpython-310-x86_64-linux-gnu.so
[3.811s] -- Up-to-date symlink: /home/autoware/aichallenge2023-integration-final-main/install/tier4_v2x_msgs/local/lib/python3.10/dist-packages/tier4_v2x_msgs/tier4_v2x_msgs_s__rosidl_typesupport_c.cpython-310-x86_64-linux-gnu.so
[3.811s] -- Up-to-date symlink: /home/autoware/aichallenge2023-integration-final-main/install/tier4_v2x_msgs/share/tier4_v2x_msgs/msg/InfrastructureCommand.idl
[3.811s] -- Up-to-date symlink: /home/autoware/aichallenge2023-integration-final-main/install/tier4_v2x_msgs/share/tier4_v2x_msgs/msg/InfrastructureCommandArray.idl
[3.811s] -- Up-to-date symlink: /home/autoware/aichallenge2023-integration-final-main/install/tier4_v2x_msgs/share/tier4_v2x_msgs/msg/KeyValue.idl
[3.811s] -- Up-to-date symlink: /home/autoware/aichallenge2023-integration-final-main/install/tier4_v2x_msgs/share/tier4_v2x_msgs/msg/VirtualTrafficLightState.idl
[3.811s] -- Up-to-date symlink: /home/autoware/aichallenge2023-integration-final-main/install/tier4_v2x_msgs/share/tier4_v2x_msgs/msg/VirtualTrafficLightStateArray.idl
[3.812s] -- Up-to-date symlink: /home/autoware/aichallenge2023-integration-final-main/install/tier4_v2x_msgs/share/tier4_v2x_msgs/msg/InfrastructureCommand.msg
[3.812s] -- Up-to-date symlink: /home/autoware/aichallenge2023-integration-final-main/install/tier4_v2x_msgs/share/tier4_v2x_msgs/msg/InfrastructureCommandArray.msg
[3.812s] -- Up-to-date symlink: /home/autoware/aichallenge2023-integration-final-main/install/tier4_v2x_msgs/share/tier4_v2x_msgs/msg/KeyValue.msg
[3.812s] -- Up-to-date symlink: /home/autoware/aichallenge2023-integration-final-main/install/tier4_v2x_msgs/share/tier4_v2x_msgs/msg/VirtualTrafficLightState.msg
[3.812s] -- Up-to-date symlink: /home/autoware/aichallenge2023-integration-final-main/install/tier4_v2x_msgs/share/tier4_v2x_msgs/msg/VirtualTrafficLightStateArray.msg
[3.812s] -- Up-to-date symlink: /home/autoware/aichallenge2023-integration-final-main/install/tier4_v2x_msgs/share/ament_index/resource_index/package_run_dependencies/tier4_v2x_msgs
[3.813s] -- Up-to-date symlink: /home/autoware/aichallenge2023-integration-final-main/install/tier4_v2x_msgs/share/ament_index/resource_index/parent_prefix_path/tier4_v2x_msgs
[3.813s] -- Up-to-date symlink: /home/autoware/aichallenge2023-integration-final-main/install/tier4_v2x_msgs/share/tier4_v2x_msgs/environment/ament_prefix_path.sh
[3.813s] -- Up-to-date symlink: /home/autoware/aichallenge2023-integration-final-main/install/tier4_v2x_msgs/share/tier4_v2x_msgs/environment/ament_prefix_path.dsv
[3.813s] -- Up-to-date symlink: /home/autoware/aichallenge2023-integration-final-main/install/tier4_v2x_msgs/share/tier4_v2x_msgs/environment/path.sh
[3.813s] -- Up-to-date symlink: /home/autoware/aichallenge2023-integration-final-main/install/tier4_v2x_msgs/share/tier4_v2x_msgs/environment/path.dsv
[3.813s] -- Up-to-date symlink: /home/autoware/aichallenge2023-integration-final-main/install/tier4_v2x_msgs/share/tier4_v2x_msgs/local_setup.bash
[3.815s] -- Up-to-date symlink: /home/autoware/aichallenge2023-integration-final-main/install/tier4_v2x_msgs/share/tier4_v2x_msgs/local_setup.sh
[3.815s] -- Up-to-date symlink: /home/autoware/aichallenge2023-integration-final-main/install/tier4_v2x_msgs/share/tier4_v2x_msgs/local_setup.zsh
[3.815s] -- Up-to-date symlink: /home/autoware/aichallenge2023-integration-final-main/install/tier4_v2x_msgs/share/tier4_v2x_msgs/local_setup.dsv
[3.815s] -- Symlinking: /home/autoware/aichallenge2023-integration-final-main/install/tier4_v2x_msgs/share/tier4_v2x_msgs/package.dsv
[3.846s] -- Up-to-date symlink: /home/autoware/aichallenge2023-integration-final-main/install/tier4_v2x_msgs/share/ament_index/resource_index/packages/tier4_v2x_msgs
[3.847s] -- Up-to-date symlink: /home/autoware/aichallenge2023-integration-final-main/install/tier4_v2x_msgs/share/tier4_v2x_msgs/cmake/rosidl_cmake-extras.cmake
[3.847s] -- Up-to-date symlink: /home/autoware/aichallenge2023-integration-final-main/install/tier4_v2x_msgs/share/tier4_v2x_msgs/cmake/ament_cmake_export_dependencies-extras.cmake
[3.847s] -- Up-to-date symlink: /home/autoware/aichallenge2023-integration-final-main/install/tier4_v2x_msgs/share/tier4_v2x_msgs/cmake/ament_cmake_export_include_directories-extras.cmake
[3.847s] -- Up-to-date symlink: /home/autoware/aichallenge2023-integration-final-main/install/tier4_v2x_msgs/share/tier4_v2x_msgs/cmake/ament_cmake_export_libraries-extras.cmake
[3.847s] -- Up-to-date symlink: /home/autoware/aichallenge2023-integration-final-main/install/tier4_v2x_msgs/share/tier4_v2x_msgs/cmake/ament_cmake_export_targets-extras.cmake
[3.847s] -- Up-to-date symlink: /home/autoware/aichallenge2023-integration-final-main/install/tier4_v2x_msgs/share/tier4_v2x_msgs/cmake/rosidl_cmake_export_typesupport_targets-extras.cmake
[3.847s] -- Up-to-date symlink: /home/autoware/aichallenge2023-integration-final-main/install/tier4_v2x_msgs/share/tier4_v2x_msgs/cmake/rosidl_cmake_export_typesupport_libraries-extras.cmake
[3.847s] -- Up-to-date symlink: /home/autoware/aichallenge2023-integration-final-main/install/tier4_v2x_msgs/share/tier4_v2x_msgs/cmake/tier4_v2x_msgsConfig.cmake
[3.847s] -- Up-to-date symlink: /home/autoware/aichallenge2023-integration-final-main/install/tier4_v2x_msgs/share/tier4_v2x_msgs/cmake/tier4_v2x_msgsConfig-version.cmake
[3.848s] -- Up-to-date symlink: /home/autoware/aichallenge2023-integration-final-main/install/tier4_v2x_msgs/share/tier4_v2x_msgs/package.xml
[3.848s] -- Up-to-date: /home/autoware/aichallenge2023-integration-final-main/install/tier4_v2x_msgs/lib/libtier4_v2x_msgs__rosidl_generator_c.so
[3.848s] -- Up-to-date: /home/autoware/aichallenge2023-integration-final-main/install/tier4_v2x_msgs/lib/libtier4_v2x_msgs__rosidl_typesupport_fastrtps_c.so
[3.848s] -- Up-to-date: /home/autoware/aichallenge2023-integration-final-main/install/tier4_v2x_msgs/lib/libtier4_v2x_msgs__rosidl_typesupport_introspection_c.so
[3.848s] -- Up-to-date: /home/autoware/aichallenge2023-integration-final-main/install/tier4_v2x_msgs/lib/libtier4_v2x_msgs__rosidl_typesupport_c.so
[3.849s] -- Up-to-date: /home/autoware/aichallenge2023-integration-final-main/install/tier4_v2x_msgs/lib/libtier4_v2x_msgs__rosidl_typesupport_fastrtps_cpp.so
[3.849s] -- Up-to-date: /home/autoware/aichallenge2023-integration-final-main/install/tier4_v2x_msgs/lib/libtier4_v2x_msgs__rosidl_typesupport_introspection_cpp.so
[3.849s] -- Up-to-date: /home/autoware/aichallenge2023-integration-final-main/install/tier4_v2x_msgs/lib/libtier4_v2x_msgs__rosidl_typesupport_cpp.so
[3.918s] Listing '/home/autoware/aichallenge2023-integration-final-main/install/tier4_v2x_msgs/local/lib/python3.10/dist-packages/tier4_v2x_msgs'...
[3.918s] Listing '/home/autoware/aichallenge2023-integration-final-main/install/tier4_v2x_msgs/local/lib/python3.10/dist-packages/tier4_v2x_msgs/msg'...
[3.923s] -- Up-to-date: /home/autoware/aichallenge2023-integration-final-main/install/tier4_v2x_msgs/lib/libtier4_v2x_msgs__rosidl_generator_py.so
[3.923s] -- Up-to-date: /home/autoware/aichallenge2023-integration-final-main/install/tier4_v2x_msgs/share/tier4_v2x_msgs/cmake/export_tier4_v2x_msgs__rosidl_generator_cExport.cmake
[3.923s] -- Up-to-date: /home/autoware/aichallenge2023-integration-final-main/install/tier4_v2x_msgs/share/tier4_v2x_msgs/cmake/export_tier4_v2x_msgs__rosidl_generator_cExport-release.cmake
[3.924s] -- Up-to-date: /home/autoware/aichallenge2023-integration-final-main/install/tier4_v2x_msgs/share/tier4_v2x_msgs/cmake/export_tier4_v2x_msgs__rosidl_typesupport_fastrtps_cExport.cmake
[3.924s] -- Up-to-date: /home/autoware/aichallenge2023-integration-final-main/install/tier4_v2x_msgs/share/tier4_v2x_msgs/cmake/export_tier4_v2x_msgs__rosidl_typesupport_fastrtps_cExport-release.cmake
[3.924s] -- Up-to-date: /home/autoware/aichallenge2023-integration-final-main/install/tier4_v2x_msgs/share/tier4_v2x_msgs/cmake/tier4_v2x_msgs__rosidl_typesupport_introspection_cExport.cmake
[3.924s] -- Up-to-date: /home/autoware/aichallenge2023-integration-final-main/install/tier4_v2x_msgs/share/tier4_v2x_msgs/cmake/tier4_v2x_msgs__rosidl_typesupport_introspection_cExport-release.cmake
[3.924s] -- Up-to-date: /home/autoware/aichallenge2023-integration-final-main/install/tier4_v2x_msgs/share/tier4_v2x_msgs/cmake/tier4_v2x_msgs__rosidl_typesupport_cExport.cmake
[3.924s] -- Up-to-date: /home/autoware/aichallenge2023-integration-final-main/install/tier4_v2x_msgs/share/tier4_v2x_msgs/cmake/tier4_v2x_msgs__rosidl_typesupport_cExport-release.cmake
[3.924s] -- Up-to-date: /home/autoware/aichallenge2023-integration-final-main/install/tier4_v2x_msgs/share/tier4_v2x_msgs/cmake/export_tier4_v2x_msgs__rosidl_generator_cppExport.cmake
[3.924s] -- Up-to-date: /home/autoware/aichallenge2023-integration-final-main/install/tier4_v2x_msgs/share/tier4_v2x_msgs/cmake/export_tier4_v2x_msgs__rosidl_typesupport_fastrtps_cppExport.cmake
[3.924s] -- Up-to-date: /home/autoware/aichallenge2023-integration-final-main/install/tier4_v2x_msgs/share/tier4_v2x_msgs/cmake/export_tier4_v2x_msgs__rosidl_typesupport_fastrtps_cppExport-release.cmake
[3.924s] -- Up-to-date: /home/autoware/aichallenge2023-integration-final-main/install/tier4_v2x_msgs/share/tier4_v2x_msgs/cmake/tier4_v2x_msgs__rosidl_typesupport_introspection_cppExport.cmake
[3.925s] -- Up-to-date: /home/autoware/aichallenge2023-integration-final-main/install/tier4_v2x_msgs/share/tier4_v2x_msgs/cmake/tier4_v2x_msgs__rosidl_typesupport_introspection_cppExport-release.cmake
[3.925s] -- Up-to-date: /home/autoware/aichallenge2023-integration-final-main/install/tier4_v2x_msgs/share/tier4_v2x_msgs/cmake/tier4_v2x_msgs__rosidl_typesupport_cppExport.cmake
[3.925s] -- Up-to-date: /home/autoware/aichallenge2023-integration-final-main/install/tier4_v2x_msgs/share/tier4_v2x_msgs/cmake/tier4_v2x_msgs__rosidl_typesupport_cppExport-release.cmake
[3.927s] -- Up-to-date: /home/autoware/aichallenge2023-integration-final-main/install/tier4_v2x_msgs/share/tier4_v2x_msgs/cmake/export_tier4_v2x_msgs__rosidl_generator_pyExport.cmake
[3.927s] -- Up-to-date: /home/autoware/aichallenge2023-integration-final-main/install/tier4_v2x_msgs/share/tier4_v2x_msgs/cmake/export_tier4_v2x_msgs__rosidl_generator_pyExport-release.cmake
[3.931s] Invoked command in '/home/autoware/aichallenge2023-integration-final-main/build/tier4_v2x_msgs' returned '0': CMAKE_PREFIX_PATH=${CMAKE_PREFIX_PATH}:/home/autoware/autoware/install/simulator_compatibility_test:/home/autoware/autoware/install/ad_api_visualizers:/opt/ros/humble /usr/bin/cmake --install /home/autoware/aichallenge2023-integration-final-main/build/tier4_v2x_msgs
