[0.408s] Invoking command in '/home/autoware/aichallenge2023-integration-final-main/build/imu_description': CMAKE_PREFIX_PATH=${CMAKE_PREFIX_PATH}:/home/autoware/aichallenge2023-integration-final-main/install/simulator_compatibility_test:/home/autoware/aichallenge2023-integration-final-main/install/ad_api_visualizers:/home/autoware/autoware/install/simulator_compatibility_test:/home/autoware/autoware/install/ad_api_visualizers:/opt/ros/humble /usr/bin/cmake --build /home/autoware/aichallenge2023-integration-final-main/build/imu_description -- -j16 -l16
[0.937s] Invoked command in '/home/autoware/aichallenge2023-integration-final-main/build/imu_description' returned '0': CMAKE_PREFIX_PATH=${CMAKE_PREFIX_PATH}:/home/autoware/aichallenge2023-integration-final-main/install/simulator_compatibility_test:/home/autoware/aichallenge2023-integration-final-main/install/ad_api_visualizers:/home/autoware/autoware/install/simulator_compatibility_test:/home/autoware/autoware/install/ad_api_visualizers:/opt/ros/humble /usr/bin/cmake --build /home/autoware/aichallenge2023-integration-final-main/build/imu_description -- -j16 -l16
[1.593s] Invoking command in '/home/autoware/aichallenge2023-integration-final-main/build/imu_description': CMAKE_PREFIX_PATH=${CMAKE_PREFIX_PATH}:/home/autoware/aichallenge2023-integration-final-main/install/simulator_compatibility_test:/home/autoware/aichallenge2023-integration-final-main/install/ad_api_visualizers:/home/autoware/autoware/install/simulator_compatibility_test:/home/autoware/autoware/install/ad_api_visualizers:/opt/ros/humble /usr/bin/cmake --install /home/autoware/aichallenge2023-integration-final-main/build/imu_description
[1.690s] -- Install configuration: "Release"
[1.691s] -- Execute custom install script
[1.692s] -- Up-to-date symlink: /home/autoware/aichallenge2023-integration-final-main/install/imu_description/share/imu_description/urdf/imu.xacro
[1.693s] -- Up-to-date symlink: /home/autoware/aichallenge2023-integration-final-main/install/imu_description/share/ament_index/resource_index/package_run_dependencies/imu_description
[1.693s] -- Up-to-date symlink: /home/autoware/aichallenge2023-integration-final-main/install/imu_description/share/ament_index/resource_index/parent_prefix_path/imu_description
[1.693s] -- Up-to-date symlink: /home/autoware/aichallenge2023-integration-final-main/install/imu_description/share/imu_description/environment/ament_prefix_path.sh
[1.693s] -- Up-to-date symlink: /home/autoware/aichallenge2023-integration-final-main/install/imu_description/share/imu_description/environment/ament_prefix_path.dsv
[1.694s] -- Up-to-date symlink: /home/autoware/aichallenge2023-integration-final-main/install/imu_description/share/imu_description/environment/path.sh
[1.694s] -- Up-to-date symlink: /home/autoware/aichallenge2023-integration-final-main/install/imu_description/share/imu_description/environment/path.dsv
[1.694s] -- Up-to-date symlink: /home/autoware/aichallenge2023-integration-final-main/install/imu_description/share/imu_description/local_setup.bash
[1.695s] -- Up-to-date symlink: /home/autoware/aichallenge2023-integration-final-main/install/imu_description/share/imu_description/local_setup.sh
[1.695s] -- Up-to-date symlink: /home/autoware/aichallenge2023-integration-final-main/install/imu_description/share/imu_description/local_setup.zsh
[1.695s] -- Up-to-date symlink: /home/autoware/aichallenge2023-integration-final-main/install/imu_description/share/imu_description/local_setup.dsv
[1.695s] -- Symlinking: /home/autoware/aichallenge2023-integration-final-main/install/imu_description/share/imu_description/package.dsv
[1.791s] -- Up-to-date symlink: /home/autoware/aichallenge2023-integration-final-main/install/imu_description/share/ament_index/resource_index/packages/imu_description
[1.791s] -- Up-to-date symlink: /home/autoware/aichallenge2023-integration-final-main/install/imu_description/share/imu_description/cmake/imu_descriptionConfig.cmake
[1.792s] -- Up-to-date symlink: /home/autoware/aichallenge2023-integration-final-main/install/imu_description/share/imu_description/cmake/imu_descriptionConfig-version.cmake
[1.793s] -- Up-to-date symlink: /home/autoware/aichallenge2023-integration-final-main/install/imu_description/share/imu_description/package.xml
[1.801s] Invoked command in '/home/autoware/aichallenge2023-integration-final-main/build/imu_description' returned '0': CMAKE_PREFIX_PATH=${CMAKE_PREFIX_PATH}:/home/autoware/aichallenge2023-integration-final-main/install/simulator_compatibility_test:/home/autoware/aichallenge2023-integration-final-main/install/ad_api_visualizers:/home/autoware/autoware/install/simulator_compatibility_test:/home/autoware/autoware/install/ad_api_visualizers:/opt/ros/humble /usr/bin/cmake --install /home/autoware/aichallenge2023-integration-final-main/build/imu_description
