[0.103s] Invoking command in '/home/autoware/aichallenge2023-integration-final-main/build/tier4_simulation_msgs': CMAKE_PREFIX_PATH=${CMAKE_PREFIX_PATH}:/home/autoware/aichallenge2023-integration-final-main/install/simulator_compatibility_test:/home/autoware/aichallenge2023-integration-final-main/install/ad_api_visualizers:/home/autoware/autoware/install/simulator_compatibility_test:/home/autoware/autoware/install/ad_api_visualizers:/opt/ros/humble /usr/bin/cmake --build /home/autoware/aichallenge2023-integration-final-main/build/tier4_simulation_msgs -- -j16 -l16
[0.517s] [ 10%] Built target tier4_simulation_msgs__rosidl_generator_c
[0.518s] [ 12%] Built target tier4_simulation_msgs__cpp
[0.624s] [ 12%] Built target ament_cmake_python_symlink_tier4_simulation_msgs
[0.797s] [ 23%] Built target tier4_simulation_msgs__rosidl_typesupport_c
[0.815s] [ 34%] Built target tier4_simulation_msgs__rosidl_typesupport_introspection_c
[0.858s] [ 45%] Built target tier4_simulation_msgs__rosidl_typesupport_fastrtps_c
[0.891s] [ 56%] Built target tier4_simulation_msgs__rosidl_typesupport_cpp
[0.906s] [ 67%] Built target tier4_simulation_msgs__rosidl_typesupport_fastrtps_cpp
[0.920s] [ 78%] Built target tier4_simulation_msgs__rosidl_typesupport_introspection_cpp
[1.114s] [ 78%] Built target tier4_simulation_msgs
[1.309s] [ 80%] Built target tier4_simulation_msgs__py
[1.342s] running egg_info
[1.343s] writing tier4_simulation_msgs.egg-info/PKG-INFO
[1.343s] writing dependency_links to tier4_simulation_msgs.egg-info/dependency_links.txt
[1.344s] writing top-level names to tier4_simulation_msgs.egg-info/top_level.txt
[1.347s] reading manifest file 'tier4_simulation_msgs.egg-info/SOURCES.txt'
[1.347s] writing manifest file 'tier4_simulation_msgs.egg-info/SOURCES.txt'
[1.439s] [ 80%] Built target ament_cmake_python_build_tier4_simulation_msgs_egg
[1.509s] [ 89%] Built target tier4_simulation_msgs__rosidl_generator_py
[1.825s] [ 92%] Built target tier4_simulation_msgs__rosidl_typesupport_c__pyext
[1.828s] [ 96%] Built target tier4_simulation_msgs__rosidl_typesupport_fastrtps_c__pyext
[1.840s] [100%] Built target tier4_simulation_msgs__rosidl_typesupport_introspection_c__pyext
[2.060s] Invoked command in '/home/autoware/aichallenge2023-integration-final-main/build/tier4_simulation_msgs' returned '0': CMAKE_PREFIX_PATH=${CMAKE_PREFIX_PATH}:/home/autoware/aichallenge2023-integration-final-main/install/simulator_compatibility_test:/home/autoware/aichallenge2023-integration-final-main/install/ad_api_visualizers:/home/autoware/autoware/install/simulator_compatibility_test:/home/autoware/autoware/install/ad_api_visualizers:/opt/ros/humble /usr/bin/cmake --build /home/autoware/aichallenge2023-integration-final-main/build/tier4_simulation_msgs -- -j16 -l16
[7.451s] Invoking command in '/home/autoware/aichallenge2023-integration-final-main/build/tier4_simulation_msgs': CMAKE_PREFIX_PATH=${CMAKE_PREFIX_PATH}:/home/autoware/aichallenge2023-integration-final-main/install/simulator_compatibility_test:/home/autoware/aichallenge2023-integration-final-main/install/ad_api_visualizers:/home/autoware/autoware/install/simulator_compatibility_test:/home/autoware/autoware/install/ad_api_visualizers:/opt/ros/humble /usr/bin/cmake --install /home/autoware/aichallenge2023-integration-final-main/build/tier4_simulation_msgs
[7.564s] -- Install configuration: "Release"
[7.566s] -- Execute custom install script
[7.567s] -- Up-to-date symlink: /home/autoware/aichallenge2023-integration-final-main/install/tier4_simulation_msgs/share/ament_index/resource_index/rosidl_interfaces/tier4_simulation_msgs
[7.568s] -- Up-to-date symlink: /home/autoware/aichallenge2023-integration-final-main/install/tier4_simulation_msgs/include/tier4_simulation_msgs/tier4_simulation_msgs/msg/detail/fault_injection_event__functions.h
[7.568s] -- Up-to-date symlink: /home/autoware/aichallenge2023-integration-final-main/install/tier4_simulation_msgs/include/tier4_simulation_msgs/tier4_simulation_msgs/msg/detail/fault_injection_event__struct.h
[7.568s] -- Up-to-date symlink: /home/autoware/aichallenge2023-integration-final-main/install/tier4_simulation_msgs/include/tier4_simulation_msgs/tier4_simulation_msgs/msg/detail/fault_injection_event__type_support.h
[7.568s] -- Up-to-date symlink: /home/autoware/aichallenge2023-integration-final-main/install/tier4_simulation_msgs/include/tier4_simulation_msgs/tier4_simulation_msgs/msg/detail/simulation_events__functions.h
[7.569s] -- Up-to-date symlink: /home/autoware/aichallenge2023-integration-final-main/install/tier4_simulation_msgs/include/tier4_simulation_msgs/tier4_simulation_msgs/msg/detail/simulation_events__struct.h
[7.569s] -- Up-to-date symlink: /home/autoware/aichallenge2023-integration-final-main/install/tier4_simulation_msgs/include/tier4_simulation_msgs/tier4_simulation_msgs/msg/detail/simulation_events__type_support.h
[7.569s] -- Up-to-date symlink: /home/autoware/aichallenge2023-integration-final-main/install/tier4_simulation_msgs/include/tier4_simulation_msgs/tier4_simulation_msgs/msg/detail/user_defined_value__functions.h
[7.569s] -- Up-to-date symlink: /home/autoware/aichallenge2023-integration-final-main/install/tier4_simulation_msgs/include/tier4_simulation_msgs/tier4_simulation_msgs/msg/detail/user_defined_value__struct.h
[7.570s] -- Up-to-date symlink: /home/autoware/aichallenge2023-integration-final-main/install/tier4_simulation_msgs/include/tier4_simulation_msgs/tier4_simulation_msgs/msg/detail/user_defined_value__type_support.h
[7.570s] -- Up-to-date symlink: /home/autoware/aichallenge2023-integration-final-main/install/tier4_simulation_msgs/include/tier4_simulation_msgs/tier4_simulation_msgs/msg/detail/user_defined_value_type__functions.h
[7.570s] -- Up-to-date symlink: /home/autoware/aichallenge2023-integration-final-main/install/tier4_simulation_msgs/include/tier4_simulation_msgs/tier4_simulation_msgs/msg/detail/user_defined_value_type__struct.h
[7.571s] -- Up-to-date symlink: /home/autoware/aichallenge2023-integration-final-main/install/tier4_simulation_msgs/include/tier4_simulation_msgs/tier4_simulation_msgs/msg/detail/user_defined_value_type__type_support.h
[7.571s] -- Up-to-date symlink: /home/autoware/aichallenge2023-integration-final-main/install/tier4_simulation_msgs/include/tier4_simulation_msgs/tier4_simulation_msgs/msg/fault_injection_event.h
[7.572s] -- Up-to-date symlink: /home/autoware/aichallenge2023-integration-final-main/install/tier4_simulation_msgs/include/tier4_simulation_msgs/tier4_simulation_msgs/msg/rosidl_generator_c__visibility_control.h
[7.572s] -- Up-to-date symlink: /home/autoware/aichallenge2023-integration-final-main/install/tier4_simulation_msgs/include/tier4_simulation_msgs/tier4_simulation_msgs/msg/simulation_events.h
[7.572s] -- Up-to-date symlink: /home/autoware/aichallenge2023-integration-final-main/install/tier4_simulation_msgs/include/tier4_simulation_msgs/tier4_simulation_msgs/msg/user_defined_value.h
[7.573s] -- Up-to-date symlink: /home/autoware/aichallenge2023-integration-final-main/install/tier4_simulation_msgs/include/tier4_simulation_msgs/tier4_simulation_msgs/msg/user_defined_value_type.h
[7.573s] -- Up-to-date symlink: /home/autoware/aichallenge2023-integration-final-main/install/tier4_simulation_msgs/share/tier4_simulation_msgs/environment/library_path.sh
[7.574s] -- Up-to-date symlink: /home/autoware/aichallenge2023-integration-final-main/install/tier4_simulation_msgs/share/tier4_simulation_msgs/environment/library_path.dsv
[7.575s] -- Up-to-date symlink: /home/autoware/aichallenge2023-integration-final-main/install/tier4_simulation_msgs/include/tier4_simulation_msgs/tier4_simulation_msgs/msg/detail/fault_injection_event__rosidl_typesupport_fastrtps_c.h
[7.575s] -- Up-to-date symlink: /home/autoware/aichallenge2023-integration-final-main/install/tier4_simulation_msgs/include/tier4_simulation_msgs/tier4_simulation_msgs/msg/detail/simulation_events__rosidl_typesupport_fastrtps_c.h
[7.576s] -- Up-to-date symlink: /home/autoware/aichallenge2023-integration-final-main/install/tier4_simulation_msgs/include/tier4_simulation_msgs/tier4_simulation_msgs/msg/detail/user_defined_value__rosidl_typesupport_fastrtps_c.h
[7.576s] -- Up-to-date symlink: /home/autoware/aichallenge2023-integration-final-main/install/tier4_simulation_msgs/include/tier4_simulation_msgs/tier4_simulation_msgs/msg/detail/user_defined_value_type__rosidl_typesupport_fastrtps_c.h
[7.577s] -- Up-to-date symlink: /home/autoware/aichallenge2023-integration-final-main/install/tier4_simulation_msgs/include/tier4_simulation_msgs/tier4_simulation_msgs/msg/rosidl_typesupport_fastrtps_c__visibility_control.h
[7.578s] -- Up-to-date symlink: /home/autoware/aichallenge2023-integration-final-main/install/tier4_simulation_msgs/include/tier4_simulation_msgs/tier4_simulation_msgs/msg/detail/fault_injection_event__builder.hpp
[7.578s] -- Up-to-date symlink: /home/autoware/aichallenge2023-integration-final-main/install/tier4_simulation_msgs/include/tier4_simulation_msgs/tier4_simulation_msgs/msg/detail/fault_injection_event__struct.hpp
[7.579s] -- Up-to-date symlink: /home/autoware/aichallenge2023-integration-final-main/install/tier4_simulation_msgs/include/tier4_simulation_msgs/tier4_simulation_msgs/msg/detail/fault_injection_event__traits.hpp
[7.579s] -- Up-to-date symlink: /home/autoware/aichallenge2023-integration-final-main/install/tier4_simulation_msgs/include/tier4_simulation_msgs/tier4_simulation_msgs/msg/detail/simulation_events__builder.hpp
[7.579s] -- Up-to-date symlink: /home/autoware/aichallenge2023-integration-final-main/install/tier4_simulation_msgs/include/tier4_simulation_msgs/tier4_simulation_msgs/msg/detail/simulation_events__struct.hpp
[7.580s] -- Up-to-date symlink: /home/autoware/aichallenge2023-integration-final-main/install/tier4_simulation_msgs/include/tier4_simulation_msgs/tier4_simulation_msgs/msg/detail/simulation_events__traits.hpp
[7.580s] -- Up-to-date symlink: /home/autoware/aichallenge2023-integration-final-main/install/tier4_simulation_msgs/include/tier4_simulation_msgs/tier4_simulation_msgs/msg/detail/user_defined_value__builder.hpp
[7.581s] -- Up-to-date symlink: /home/autoware/aichallenge2023-integration-final-main/install/tier4_simulation_msgs/include/tier4_simulation_msgs/tier4_simulation_msgs/msg/detail/user_defined_value__struct.hpp
[7.581s] -- Up-to-date symlink: /home/autoware/aichallenge2023-integration-final-main/install/tier4_simulation_msgs/include/tier4_simulation_msgs/tier4_simulation_msgs/msg/detail/user_defined_value__traits.hpp
[7.581s] -- Up-to-date symlink: /home/autoware/aichallenge2023-integration-final-main/install/tier4_simulation_msgs/include/tier4_simulation_msgs/tier4_simulation_msgs/msg/detail/user_defined_value_type__builder.hpp
[7.582s] -- Up-to-date symlink: /home/autoware/aichallenge2023-integration-final-main/install/tier4_simulation_msgs/include/tier4_simulation_msgs/tier4_simulation_msgs/msg/detail/user_defined_value_type__struct.hpp
[7.582s] -- Up-to-date symlink: /home/autoware/aichallenge2023-integration-final-main/install/tier4_simulation_msgs/include/tier4_simulation_msgs/tier4_simulation_msgs/msg/detail/user_defined_value_type__traits.hpp
[7.583s] -- Up-to-date symlink: /home/autoware/aichallenge2023-integration-final-main/install/tier4_simulation_msgs/include/tier4_simulation_msgs/tier4_simulation_msgs/msg/fault_injection_event.hpp
[7.583s] -- Up-to-date symlink: /home/autoware/aichallenge2023-integration-final-main/install/tier4_simulation_msgs/include/tier4_simulation_msgs/tier4_simulation_msgs/msg/simulation_events.hpp
[7.584s] -- Up-to-date symlink: /home/autoware/aichallenge2023-integration-final-main/install/tier4_simulation_msgs/include/tier4_simulation_msgs/tier4_simulation_msgs/msg/user_defined_value.hpp
[7.584s] -- Up-to-date symlink: /home/autoware/aichallenge2023-integration-final-main/install/tier4_simulation_msgs/include/tier4_simulation_msgs/tier4_simulation_msgs/msg/user_defined_value_type.hpp
[7.585s] -- Up-to-date symlink: /home/autoware/aichallenge2023-integration-final-main/install/tier4_simulation_msgs/include/tier4_simulation_msgs/tier4_simulation_msgs/msg/detail/fault_injection_event__rosidl_typesupport_fastrtps_cpp.hpp
[7.586s] -- Up-to-date symlink: /home/autoware/aichallenge2023-integration-final-main/install/tier4_simulation_msgs/include/tier4_simulation_msgs/tier4_simulation_msgs/msg/detail/simulation_events__rosidl_typesupport_fastrtps_cpp.hpp
[7.586s] -- Up-to-date symlink: /home/autoware/aichallenge2023-integration-final-main/install/tier4_simulation_msgs/include/tier4_simulation_msgs/tier4_simulation_msgs/msg/detail/user_defined_value__rosidl_typesupport_fastrtps_cpp.hpp
[7.587s] -- Up-to-date symlink: /home/autoware/aichallenge2023-integration-final-main/install/tier4_simulation_msgs/include/tier4_simulation_msgs/tier4_simulation_msgs/msg/detail/user_defined_value_type__rosidl_typesupport_fastrtps_cpp.hpp
[7.587s] -- Up-to-date symlink: /home/autoware/aichallenge2023-integration-final-main/install/tier4_simulation_msgs/include/tier4_simulation_msgs/tier4_simulation_msgs/msg/rosidl_typesupport_fastrtps_cpp__visibility_control.h
[7.588s] -- Up-to-date symlink: /home/autoware/aichallenge2023-integration-final-main/install/tier4_simulation_msgs/include/tier4_simulation_msgs/tier4_simulation_msgs/msg/detail/fault_injection_event__rosidl_typesupport_introspection_c.h
[7.588s] -- Up-to-date symlink: /home/autoware/aichallenge2023-integration-final-main/install/tier4_simulation_msgs/include/tier4_simulation_msgs/tier4_simulation_msgs/msg/detail/simulation_events__rosidl_typesupport_introspection_c.h
[7.589s] -- Up-to-date symlink: /home/autoware/aichallenge2023-integration-final-main/install/tier4_simulation_msgs/include/tier4_simulation_msgs/tier4_simulation_msgs/msg/detail/user_defined_value__rosidl_typesupport_introspection_c.h
[7.589s] -- Up-to-date symlink: /home/autoware/aichallenge2023-integration-final-main/install/tier4_simulation_msgs/include/tier4_simulation_msgs/tier4_simulation_msgs/msg/detail/user_defined_value_type__rosidl_typesupport_introspection_c.h
[7.589s] -- Up-to-date symlink: /home/autoware/aichallenge2023-integration-final-main/install/tier4_simulation_msgs/include/tier4_simulation_msgs/tier4_simulation_msgs/msg/rosidl_typesupport_introspection_c__visibility_control.h
[7.590s] -- Up-to-date symlink: /home/autoware/aichallenge2023-integration-final-main/install/tier4_simulation_msgs/include/tier4_simulation_msgs/tier4_simulation_msgs/msg/detail/fault_injection_event__rosidl_typesupport_introspection_cpp.hpp
[7.591s] -- Up-to-date symlink: /home/autoware/aichallenge2023-integration-final-main/install/tier4_simulation_msgs/include/tier4_simulation_msgs/tier4_simulation_msgs/msg/detail/simulation_events__rosidl_typesupport_introspection_cpp.hpp
[7.591s] -- Up-to-date symlink: /home/autoware/aichallenge2023-integration-final-main/install/tier4_simulation_msgs/include/tier4_simulation_msgs/tier4_simulation_msgs/msg/detail/user_defined_value__rosidl_typesupport_introspection_cpp.hpp
[7.592s] -- Up-to-date symlink: /home/autoware/aichallenge2023-integration-final-main/install/tier4_simulation_msgs/include/tier4_simulation_msgs/tier4_simulation_msgs/msg/detail/user_defined_value_type__rosidl_typesupport_introspection_cpp.hpp
[7.592s] -- Up-to-date symlink: /home/autoware/aichallenge2023-integration-final-main/install/tier4_simulation_msgs/share/tier4_simulation_msgs/environment/pythonpath.sh
[7.593s] -- Up-to-date symlink: /home/autoware/aichallenge2023-integration-final-main/install/tier4_simulation_msgs/share/tier4_simulation_msgs/environment/pythonpath.dsv
[7.594s] -- Up-to-date symlink: /home/autoware/aichallenge2023-integration-final-main/install/tier4_simulation_msgs/local/lib/python3.10/dist-packages/tier4_simulation_msgs-0.1.0-py3.10.egg-info/PKG-INFO
[7.594s] -- Up-to-date symlink: /home/autoware/aichallenge2023-integration-final-main/install/tier4_simulation_msgs/local/lib/python3.10/dist-packages/tier4_simulation_msgs-0.1.0-py3.10.egg-info/SOURCES.txt
[7.594s] -- Up-to-date symlink: /home/autoware/aichallenge2023-integration-final-main/install/tier4_simulation_msgs/local/lib/python3.10/dist-packages/tier4_simulation_msgs-0.1.0-py3.10.egg-info/dependency_links.txt
[7.595s] -- Up-to-date symlink: /home/autoware/aichallenge2023-integration-final-main/install/tier4_simulation_msgs/local/lib/python3.10/dist-packages/tier4_simulation_msgs-0.1.0-py3.10.egg-info/top_level.txt
[7.596s] -- Up-to-date symlink: /home/autoware/aichallenge2023-integration-final-main/install/tier4_simulation_msgs/local/lib/python3.10/dist-packages/tier4_simulation_msgs/__init__.py
[7.597s] -- Up-to-date symlink: /home/autoware/aichallenge2023-integration-final-main/install/tier4_simulation_msgs/local/lib/python3.10/dist-packages/tier4_simulation_msgs/_tier4_simulation_msgs_s.ep.rosidl_typesupport_c.c
[7.597s] -- Up-to-date symlink: /home/autoware/aichallenge2023-integration-final-main/install/tier4_simulation_msgs/local/lib/python3.10/dist-packages/tier4_simulation_msgs/_tier4_simulation_msgs_s.ep.rosidl_typesupport_fastrtps_c.c
[7.597s] -- Up-to-date symlink: /home/autoware/aichallenge2023-integration-final-main/install/tier4_simulation_msgs/local/lib/python3.10/dist-packages/tier4_simulation_msgs/_tier4_simulation_msgs_s.ep.rosidl_typesupport_introspection_c.c
[7.598s] -- Up-to-date symlink: /home/autoware/aichallenge2023-integration-final-main/install/tier4_simulation_msgs/local/lib/python3.10/dist-packages/tier4_simulation_msgs/libtier4_simulation_msgs__rosidl_generator_py.so
[7.598s] -- Up-to-date symlink: /home/autoware/aichallenge2023-integration-final-main/install/tier4_simulation_msgs/local/lib/python3.10/dist-packages/tier4_simulation_msgs/msg/__init__.py
[7.599s] -- Up-to-date symlink: /home/autoware/aichallenge2023-integration-final-main/install/tier4_simulation_msgs/local/lib/python3.10/dist-packages/tier4_simulation_msgs/msg/_fault_injection_event.py
[7.599s] -- Up-to-date symlink: /home/autoware/aichallenge2023-integration-final-main/install/tier4_simulation_msgs/local/lib/python3.10/dist-packages/tier4_simulation_msgs/msg/_fault_injection_event_s.c
[7.600s] -- Up-to-date symlink: /home/autoware/aichallenge2023-integration-final-main/install/tier4_simulation_msgs/local/lib/python3.10/dist-packages/tier4_simulation_msgs/msg/_simulation_events.py
[7.600s] -- Up-to-date symlink: /home/autoware/aichallenge2023-integration-final-main/install/tier4_simulation_msgs/local/lib/python3.10/dist-packages/tier4_simulation_msgs/msg/_simulation_events_s.c
[7.603s] -- Up-to-date symlink: /home/autoware/aichallenge2023-integration-final-main/install/tier4_simulation_msgs/local/lib/python3.10/dist-packages/tier4_simulation_msgs/msg/_user_defined_value.py
[7.604s] -- Up-to-date symlink: /home/autoware/aichallenge2023-integration-final-main/install/tier4_simulation_msgs/local/lib/python3.10/dist-packages/tier4_simulation_msgs/msg/_user_defined_value_s.c
[7.604s] -- Up-to-date symlink: /home/autoware/aichallenge2023-integration-final-main/install/tier4_simulation_msgs/local/lib/python3.10/dist-packages/tier4_simulation_msgs/msg/_user_defined_value_type.py
[7.605s] -- Up-to-date symlink: /home/autoware/aichallenge2023-integration-final-main/install/tier4_simulation_msgs/local/lib/python3.10/dist-packages/tier4_simulation_msgs/msg/_user_defined_value_type_s.c
[7.605s] -- Up-to-date symlink: /home/autoware/aichallenge2023-integration-final-main/install/tier4_simulation_msgs/local/lib/python3.10/dist-packages/tier4_simulation_msgs/tier4_simulation_msgs_s__rosidl_typesupport_c.cpython-310-x86_64-linux-gnu.so
[7.605s] -- Up-to-date symlink: /home/autoware/aichallenge2023-integration-final-main/install/tier4_simulation_msgs/local/lib/python3.10/dist-packages/tier4_simulation_msgs/tier4_simulation_msgs_s__rosidl_typesupport_fastrtps_c.cpython-310-x86_64-linux-gnu.so
[7.606s] -- Up-to-date symlink: /home/autoware/aichallenge2023-integration-final-main/install/tier4_simulation_msgs/local/lib/python3.10/dist-packages/tier4_simulation_msgs/tier4_simulation_msgs_s__rosidl_typesupport_introspection_c.cpython-310-x86_64-linux-gnu.so
[7.607s] -- Up-to-date symlink: /home/autoware/aichallenge2023-integration-final-main/install/tier4_simulation_msgs/local/lib/python3.10/dist-packages/tier4_simulation_msgs/tier4_simulation_msgs_s__rosidl_typesupport_fastrtps_c.cpython-310-x86_64-linux-gnu.so
[7.607s] -- Up-to-date symlink: /home/autoware/aichallenge2023-integration-final-main/install/tier4_simulation_msgs/local/lib/python3.10/dist-packages/tier4_simulation_msgs/tier4_simulation_msgs_s__rosidl_typesupport_introspection_c.cpython-310-x86_64-linux-gnu.so
[7.608s] -- Up-to-date symlink: /home/autoware/aichallenge2023-integration-final-main/install/tier4_simulation_msgs/local/lib/python3.10/dist-packages/tier4_simulation_msgs/tier4_simulation_msgs_s__rosidl_typesupport_c.cpython-310-x86_64-linux-gnu.so
[7.608s] -- Up-to-date symlink: /home/autoware/aichallenge2023-integration-final-main/install/tier4_simulation_msgs/share/tier4_simulation_msgs/msg/FaultInjectionEvent.idl
[7.609s] -- Up-to-date symlink: /home/autoware/aichallenge2023-integration-final-main/install/tier4_simulation_msgs/share/tier4_simulation_msgs/msg/SimulationEvents.idl
[7.610s] -- Up-to-date symlink: /home/autoware/aichallenge2023-integration-final-main/install/tier4_simulation_msgs/share/tier4_simulation_msgs/msg/UserDefinedValue.idl
[7.610s] -- Up-to-date symlink: /home/autoware/aichallenge2023-integration-final-main/install/tier4_simulation_msgs/share/tier4_simulation_msgs/msg/UserDefinedValueType.idl
[7.610s] -- Up-to-date symlink: /home/autoware/aichallenge2023-integration-final-main/install/tier4_simulation_msgs/share/tier4_simulation_msgs/msg/FaultInjectionEvent.msg
[7.611s] -- Up-to-date symlink: /home/autoware/aichallenge2023-integration-final-main/install/tier4_simulation_msgs/share/tier4_simulation_msgs/msg/SimulationEvents.msg
[7.611s] -- Up-to-date symlink: /home/autoware/aichallenge2023-integration-final-main/install/tier4_simulation_msgs/share/tier4_simulation_msgs/msg/UserDefinedValue.msg
[7.612s] -- Up-to-date symlink: /home/autoware/aichallenge2023-integration-final-main/install/tier4_simulation_msgs/share/tier4_simulation_msgs/msg/UserDefinedValueType.msg
[7.613s] -- Up-to-date symlink: /home/autoware/aichallenge2023-integration-final-main/install/tier4_simulation_msgs/share/ament_index/resource_index/package_run_dependencies/tier4_simulation_msgs
[7.613s] -- Up-to-date symlink: /home/autoware/aichallenge2023-integration-final-main/install/tier4_simulation_msgs/share/ament_index/resource_index/parent_prefix_path/tier4_simulation_msgs
[7.614s] -- Up-to-date symlink: /home/autoware/aichallenge2023-integration-final-main/install/tier4_simulation_msgs/share/tier4_simulation_msgs/environment/ament_prefix_path.sh
[7.614s] -- Up-to-date symlink: /home/autoware/aichallenge2023-integration-final-main/install/tier4_simulation_msgs/share/tier4_simulation_msgs/environment/ament_prefix_path.dsv
[7.615s] -- Up-to-date symlink: /home/autoware/aichallenge2023-integration-final-main/install/tier4_simulation_msgs/share/tier4_simulation_msgs/environment/path.sh
[7.615s] -- Up-to-date symlink: /home/autoware/aichallenge2023-integration-final-main/install/tier4_simulation_msgs/share/tier4_simulation_msgs/environment/path.dsv
[7.616s] -- Up-to-date symlink: /home/autoware/aichallenge2023-integration-final-main/install/tier4_simulation_msgs/share/tier4_simulation_msgs/local_setup.bash
[7.616s] -- Up-to-date symlink: /home/autoware/aichallenge2023-integration-final-main/install/tier4_simulation_msgs/share/tier4_simulation_msgs/local_setup.sh
[7.617s] -- Up-to-date symlink: /home/autoware/aichallenge2023-integration-final-main/install/tier4_simulation_msgs/share/tier4_simulation_msgs/local_setup.zsh
[7.617s] -- Up-to-date symlink: /home/autoware/aichallenge2023-integration-final-main/install/tier4_simulation_msgs/share/tier4_simulation_msgs/local_setup.dsv
[7.618s] -- Symlinking: /home/autoware/aichallenge2023-integration-final-main/install/tier4_simulation_msgs/share/tier4_simulation_msgs/package.dsv
[7.707s] -- Up-to-date symlink: /home/autoware/aichallenge2023-integration-final-main/install/tier4_simulation_msgs/share/ament_index/resource_index/packages/tier4_simulation_msgs
[7.707s] -- Up-to-date symlink: /home/autoware/aichallenge2023-integration-final-main/install/tier4_simulation_msgs/share/tier4_simulation_msgs/cmake/rosidl_cmake-extras.cmake
[7.708s] -- Up-to-date symlink: /home/autoware/aichallenge2023-integration-final-main/install/tier4_simulation_msgs/share/tier4_simulation_msgs/cmake/ament_cmake_export_dependencies-extras.cmake
[7.709s] -- Up-to-date symlink: /home/autoware/aichallenge2023-integration-final-main/install/tier4_simulation_msgs/share/tier4_simulation_msgs/cmake/ament_cmake_export_include_directories-extras.cmake
[7.709s] -- Up-to-date symlink: /home/autoware/aichallenge2023-integration-final-main/install/tier4_simulation_msgs/share/tier4_simulation_msgs/cmake/ament_cmake_export_libraries-extras.cmake
[7.710s] -- Up-to-date symlink: /home/autoware/aichallenge2023-integration-final-main/install/tier4_simulation_msgs/share/tier4_simulation_msgs/cmake/ament_cmake_export_targets-extras.cmake
[7.710s] -- Up-to-date symlink: /home/autoware/aichallenge2023-integration-final-main/install/tier4_simulation_msgs/share/tier4_simulation_msgs/cmake/rosidl_cmake_export_typesupport_targets-extras.cmake
[7.712s] -- Up-to-date symlink: /home/autoware/aichallenge2023-integration-final-main/install/tier4_simulation_msgs/share/tier4_simulation_msgs/cmake/rosidl_cmake_export_typesupport_libraries-extras.cmake
[7.712s] -- Up-to-date symlink: /home/autoware/aichallenge2023-integration-final-main/install/tier4_simulation_msgs/share/tier4_simulation_msgs/cmake/tier4_simulation_msgsConfig.cmake
[7.712s] -- Up-to-date symlink: /home/autoware/aichallenge2023-integration-final-main/install/tier4_simulation_msgs/share/tier4_simulation_msgs/cmake/tier4_simulation_msgsConfig-version.cmake
[7.712s] -- Up-to-date symlink: /home/autoware/aichallenge2023-integration-final-main/install/tier4_simulation_msgs/share/tier4_simulation_msgs/package.xml
[7.713s] -- Up-to-date: /home/autoware/aichallenge2023-integration-final-main/install/tier4_simulation_msgs/lib/libtier4_simulation_msgs__rosidl_generator_c.so
[7.713s] -- Up-to-date: /home/autoware/aichallenge2023-integration-final-main/install/tier4_simulation_msgs/lib/libtier4_simulation_msgs__rosidl_typesupport_fastrtps_c.so
[7.713s] -- Up-to-date: /home/autoware/aichallenge2023-integration-final-main/install/tier4_simulation_msgs/lib/libtier4_simulation_msgs__rosidl_typesupport_fastrtps_cpp.so
[7.713s] -- Up-to-date: /home/autoware/aichallenge2023-integration-final-main/install/tier4_simulation_msgs/lib/libtier4_simulation_msgs__rosidl_typesupport_introspection_c.so
[7.714s] -- Up-to-date: /home/autoware/aichallenge2023-integration-final-main/install/tier4_simulation_msgs/lib/libtier4_simulation_msgs__rosidl_typesupport_c.so
[7.714s] -- Up-to-date: /home/autoware/aichallenge2023-integration-final-main/install/tier4_simulation_msgs/lib/libtier4_simulation_msgs__rosidl_typesupport_introspection_cpp.so
[7.715s] -- Up-to-date: /home/autoware/aichallenge2023-integration-final-main/install/tier4_simulation_msgs/lib/libtier4_simulation_msgs__rosidl_typesupport_cpp.so
[7.905s] Listing '/home/autoware/aichallenge2023-integration-final-main/install/tier4_simulation_msgs/local/lib/python3.10/dist-packages/tier4_simulation_msgs'...
[7.905s] Listing '/home/autoware/aichallenge2023-integration-final-main/install/tier4_simulation_msgs/local/lib/python3.10/dist-packages/tier4_simulation_msgs/msg'...
[7.912s] -- Up-to-date: /home/autoware/aichallenge2023-integration-final-main/install/tier4_simulation_msgs/lib/libtier4_simulation_msgs__rosidl_generator_py.so
[7.917s] -- Up-to-date: /home/autoware/aichallenge2023-integration-final-main/install/tier4_simulation_msgs/share/tier4_simulation_msgs/cmake/export_tier4_simulation_msgs__rosidl_generator_cExport.cmake
[7.918s] -- Up-to-date: /home/autoware/aichallenge2023-integration-final-main/install/tier4_simulation_msgs/share/tier4_simulation_msgs/cmake/export_tier4_simulation_msgs__rosidl_generator_cExport-release.cmake
[7.918s] -- Up-to-date: /home/autoware/aichallenge2023-integration-final-main/install/tier4_simulation_msgs/share/tier4_simulation_msgs/cmake/export_tier4_simulation_msgs__rosidl_typesupport_fastrtps_cExport.cmake
[7.918s] -- Up-to-date: /home/autoware/aichallenge2023-integration-final-main/install/tier4_simulation_msgs/share/tier4_simulation_msgs/cmake/export_tier4_simulation_msgs__rosidl_typesupport_fastrtps_cExport-release.cmake
[7.918s] -- Up-to-date: /home/autoware/aichallenge2023-integration-final-main/install/tier4_simulation_msgs/share/tier4_simulation_msgs/cmake/export_tier4_simulation_msgs__rosidl_generator_cppExport.cmake
[7.918s] -- Up-to-date: /home/autoware/aichallenge2023-integration-final-main/install/tier4_simulation_msgs/share/tier4_simulation_msgs/cmake/export_tier4_simulation_msgs__rosidl_typesupport_fastrtps_cppExport.cmake
[7.919s] -- Up-to-date: /home/autoware/aichallenge2023-integration-final-main/install/tier4_simulation_msgs/share/tier4_simulation_msgs/cmake/export_tier4_simulation_msgs__rosidl_typesupport_fastrtps_cppExport-release.cmake
[7.919s] -- Up-to-date: /home/autoware/aichallenge2023-integration-final-main/install/tier4_simulation_msgs/share/tier4_simulation_msgs/cmake/tier4_simulation_msgs__rosidl_typesupport_introspection_cExport.cmake
[7.919s] -- Up-to-date: /home/autoware/aichallenge2023-integration-final-main/install/tier4_simulation_msgs/share/tier4_simulation_msgs/cmake/tier4_simulation_msgs__rosidl_typesupport_introspection_cExport-release.cmake
[7.919s] -- Up-to-date: /home/autoware/aichallenge2023-integration-final-main/install/tier4_simulation_msgs/share/tier4_simulation_msgs/cmake/tier4_simulation_msgs__rosidl_typesupport_cExport.cmake
[7.919s] -- Up-to-date: /home/autoware/aichallenge2023-integration-final-main/install/tier4_simulation_msgs/share/tier4_simulation_msgs/cmake/tier4_simulation_msgs__rosidl_typesupport_cExport-release.cmake
[7.919s] -- Up-to-date: /home/autoware/aichallenge2023-integration-final-main/install/tier4_simulation_msgs/share/tier4_simulation_msgs/cmake/tier4_simulation_msgs__rosidl_typesupport_introspection_cppExport.cmake
[7.919s] -- Up-to-date: /home/autoware/aichallenge2023-integration-final-main/install/tier4_simulation_msgs/share/tier4_simulation_msgs/cmake/tier4_simulation_msgs__rosidl_typesupport_introspection_cppExport-release.cmake
[7.919s] -- Up-to-date: /home/autoware/aichallenge2023-integration-final-main/install/tier4_simulation_msgs/share/tier4_simulation_msgs/cmake/tier4_simulation_msgs__rosidl_typesupport_cppExport.cmake
[7.920s] -- Up-to-date: /home/autoware/aichallenge2023-integration-final-main/install/tier4_simulation_msgs/share/tier4_simulation_msgs/cmake/tier4_simulation_msgs__rosidl_typesupport_cppExport-release.cmake
[7.920s] -- Up-to-date: /home/autoware/aichallenge2023-integration-final-main/install/tier4_simulation_msgs/share/tier4_simulation_msgs/cmake/export_tier4_simulation_msgs__rosidl_generator_pyExport.cmake
[7.920s] -- Up-to-date: /home/autoware/aichallenge2023-integration-final-main/install/tier4_simulation_msgs/share/tier4_simulation_msgs/cmake/export_tier4_simulation_msgs__rosidl_generator_pyExport-release.cmake
[7.951s] Invoked command in '/home/autoware/aichallenge2023-integration-final-main/build/tier4_simulation_msgs' returned '0': CMAKE_PREFIX_PATH=${CMAKE_PREFIX_PATH}:/home/autoware/aichallenge2023-integration-final-main/install/simulator_compatibility_test:/home/autoware/aichallenge2023-integration-final-main/install/ad_api_visualizers:/home/autoware/autoware/install/simulator_compatibility_test:/home/autoware/autoware/install/ad_api_visualizers:/opt/ros/humble /usr/bin/cmake --install /home/autoware/aichallenge2023-integration-final-main/build/tier4_simulation_msgs
