[0.210s] Invoking command in '/home/autoware/aichallenge2023-integration-final-main/build/sample_vehicle_description': CMAKE_PREFIX_PATH=${CMAKE_PREFIX_PATH}:/home/autoware/autoware/install/simulator_compatibility_test:/home/autoware/autoware/install/ad_api_visualizers:/opt/ros/humble /usr/bin/cmake /home/autoware/aichallenge2023-integration-final-main/src/vehicle/sample_vehicle_launch/sample_vehicle_description -DCMAKE_BUILD_TYPE=Releasecdccd ../ -DAMENT_CMAKE_SYMLINK_INSTALL=1 -DCMAKE_INSTALL_PREFIX=/home/autoware/aichallenge2023-integration-final-main/install/sample_vehicle_description
[0.287s] -- Found ament_cmake_auto: 1.3.5 (/opt/ros/humble/share/ament_cmake_auto/cmake)
[0.893s] -- Override CMake install command with custom implementation using symlinks instead of copying resources
[1.195s] -- Configuring done
[1.204s] -- Generating done
[1.206s] -- Build files have been written to: /home/autoware/aichallenge2023-integration-final-main/build/sample_vehicle_description
[1.211s] Invoked command in '/home/autoware/aichallenge2023-integration-final-main/build/sample_vehicle_description' returned '0': CMAKE_PREFIX_PATH=${CMAKE_PREFIX_PATH}:/home/autoware/autoware/install/simulator_compatibility_test:/home/autoware/autoware/install/ad_api_visualizers:/opt/ros/humble /usr/bin/cmake /home/autoware/aichallenge2023-integration-final-main/src/vehicle/sample_vehicle_launch/sample_vehicle_description -DCMAKE_BUILD_TYPE=Releasecdccd ../ -DAMENT_CMAKE_SYMLINK_INSTALL=1 -DCMAKE_INSTALL_PREFIX=/home/autoware/aichallenge2023-integration-final-main/install/sample_vehicle_description
[1.235s] Invoking command in '/home/autoware/aichallenge2023-integration-final-main/build/sample_vehicle_description': CMAKE_PREFIX_PATH=${CMAKE_PREFIX_PATH}:/home/autoware/autoware/install/simulator_compatibility_test:/home/autoware/autoware/install/ad_api_visualizers:/opt/ros/humble /usr/bin/cmake --build /home/autoware/aichallenge2023-integration-final-main/build/sample_vehicle_description -- -j16 -l16
[1.603s] Invoked command in '/home/autoware/aichallenge2023-integration-final-main/build/sample_vehicle_description' returned '0': CMAKE_PREFIX_PATH=${CMAKE_PREFIX_PATH}:/home/autoware/autoware/install/simulator_compatibility_test:/home/autoware/autoware/install/ad_api_visualizers:/opt/ros/humble /usr/bin/cmake --build /home/autoware/aichallenge2023-integration-final-main/build/sample_vehicle_description -- -j16 -l16
[2.055s] Invoking command in '/home/autoware/aichallenge2023-integration-final-main/build/sample_vehicle_description': CMAKE_PREFIX_PATH=${CMAKE_PREFIX_PATH}:/home/autoware/autoware/install/simulator_compatibility_test:/home/autoware/autoware/install/ad_api_visualizers:/opt/ros/humble /usr/bin/cmake --install /home/autoware/aichallenge2023-integration-final-main/build/sample_vehicle_description
[2.131s] -- Install configuration: "Releasecdccd"
[2.131s] -- Execute custom install script
[2.132s] -- Up-to-date symlink: /home/autoware/aichallenge2023-integration-final-main/install/sample_vehicle_description/share/sample_vehicle_description/mesh/lexus.dae
[2.132s] -- Up-to-date symlink: /home/autoware/aichallenge2023-integration-final-main/install/sample_vehicle_description/share/sample_vehicle_description/mesh/lexus.jpg
[2.133s] -- Up-to-date symlink: /home/autoware/aichallenge2023-integration-final-main/install/sample_vehicle_description/share/sample_vehicle_description/urdf/vehicle.xacro
[2.137s] -- Up-to-date symlink: /home/autoware/aichallenge2023-integration-final-main/install/sample_vehicle_description/share/sample_vehicle_description/config/mirror.param.yaml
[2.138s] -- Up-to-date symlink: /home/autoware/aichallenge2023-integration-final-main/install/sample_vehicle_description/share/sample_vehicle_description/config/simulator_model.param.yaml
[2.138s] -- Up-to-date symlink: /home/autoware/aichallenge2023-integration-final-main/install/sample_vehicle_description/share/sample_vehicle_description/config/vehicle_info.param.yaml
[2.138s] -- Up-to-date symlink: /home/autoware/aichallenge2023-integration-final-main/install/sample_vehicle_description/share/ament_index/resource_index/package_run_dependencies/sample_vehicle_description
[2.138s] -- Up-to-date symlink: /home/autoware/aichallenge2023-integration-final-main/install/sample_vehicle_description/share/ament_index/resource_index/parent_prefix_path/sample_vehicle_description
[2.138s] -- Up-to-date symlink: /home/autoware/aichallenge2023-integration-final-main/install/sample_vehicle_description/share/sample_vehicle_description/environment/ament_prefix_path.sh
[2.138s] -- Up-to-date symlink: /home/autoware/aichallenge2023-integration-final-main/install/sample_vehicle_description/share/sample_vehicle_description/environment/ament_prefix_path.dsv
[2.138s] -- Up-to-date symlink: /home/autoware/aichallenge2023-integration-final-main/install/sample_vehicle_description/share/sample_vehicle_description/environment/path.sh
[2.138s] -- Up-to-date symlink: /home/autoware/aichallenge2023-integration-final-main/install/sample_vehicle_description/share/sample_vehicle_description/environment/path.dsv
[2.138s] -- Up-to-date symlink: /home/autoware/aichallenge2023-integration-final-main/install/sample_vehicle_description/share/sample_vehicle_description/local_setup.bash
[2.141s] -- Up-to-date symlink: /home/autoware/aichallenge2023-integration-final-main/install/sample_vehicle_description/share/sample_vehicle_description/local_setup.sh
[2.142s] -- Up-to-date symlink: /home/autoware/aichallenge2023-integration-final-main/install/sample_vehicle_description/share/sample_vehicle_description/local_setup.zsh
[2.142s] -- Up-to-date symlink: /home/autoware/aichallenge2023-integration-final-main/install/sample_vehicle_description/share/sample_vehicle_description/local_setup.dsv
[2.142s] -- Symlinking: /home/autoware/aichallenge2023-integration-final-main/install/sample_vehicle_description/share/sample_vehicle_description/package.dsv
[2.209s] -- Up-to-date symlink: /home/autoware/aichallenge2023-integration-final-main/install/sample_vehicle_description/share/ament_index/resource_index/packages/sample_vehicle_description
[2.211s] -- Up-to-date symlink: /home/autoware/aichallenge2023-integration-final-main/install/sample_vehicle_description/share/sample_vehicle_description/cmake/sample_vehicle_descriptionConfig.cmake
[2.211s] -- Up-to-date symlink: /home/autoware/aichallenge2023-integration-final-main/install/sample_vehicle_description/share/sample_vehicle_description/cmake/sample_vehicle_descriptionConfig-version.cmake
[2.212s] -- Up-to-date symlink: /home/autoware/aichallenge2023-integration-final-main/install/sample_vehicle_description/share/sample_vehicle_description/package.xml
[3.035s] Invoked command in '/home/autoware/aichallenge2023-integration-final-main/build/sample_vehicle_description' returned '0': CMAKE_PREFIX_PATH=${CMAKE_PREFIX_PATH}:/home/autoware/autoware/install/simulator_compatibility_test:/home/autoware/autoware/install/ad_api_visualizers:/opt/ros/humble /usr/bin/cmake --install /home/autoware/aichallenge2023-integration-final-main/build/sample_vehicle_description
