[0.167s] Invoking command in '/home/autoware/aichallenge2023-integration-final-main/build/autoware_perception_msgs': CMAKE_PREFIX_PATH=${CMAKE_PREFIX_PATH}:/home/autoware/aichallenge2023-integration-final-main/install/simulator_compatibility_test:/home/autoware/aichallenge2023-integration-final-main/install/ad_api_visualizers:/home/autoware/autoware/install/simulator_compatibility_test:/home/autoware/autoware/install/ad_api_visualizers:/opt/ros/humble /usr/bin/cmake --build /home/autoware/aichallenge2023-integration-final-main/build/autoware_perception_msgs -- -j16 -l16
[1.060s] [  1%] Built target autoware_perception_msgs__cpp
[1.060s] [ 12%] Built target autoware_perception_msgs__rosidl_generator_c
[1.106s] [ 12%] Built target ament_cmake_python_symlink_autoware_perception_msgs
[1.554s] [ 23%] Built target autoware_perception_msgs__rosidl_typesupport_fastrtps_cpp
[1.560s] [ 34%] Built target autoware_perception_msgs__rosidl_typesupport_introspection_cpp
[1.569s] [ 46%] Built target autoware_perception_msgs__rosidl_typesupport_cpp
[1.665s] [ 57%] Built target autoware_perception_msgs__rosidl_typesupport_introspection_c
[1.706s] [ 68%] Built target autoware_perception_msgs__rosidl_typesupport_c
[1.928s] [ 79%] Built target autoware_perception_msgs__rosidl_typesupport_fastrtps_c
[2.230s] [ 79%] Built target autoware_perception_msgs
[2.318s] running egg_info
[2.320s] writing autoware_perception_msgs.egg-info/PKG-INFO
[2.320s] writing dependency_links to autoware_perception_msgs.egg-info/dependency_links.txt
[2.321s] writing top-level names to autoware_perception_msgs.egg-info/top_level.txt
[2.326s] reading manifest file 'autoware_perception_msgs.egg-info/SOURCES.txt'
[2.329s] writing manifest file 'autoware_perception_msgs.egg-info/SOURCES.txt'
[2.478s] [ 79%] Built target ament_cmake_python_build_autoware_perception_msgs_egg
[2.569s] [ 80%] Built target autoware_perception_msgs__py
[3.017s] [ 90%] Built target autoware_perception_msgs__rosidl_generator_py
[3.359s] [ 93%] Built target autoware_perception_msgs__rosidl_typesupport_fastrtps_c__pyext
[3.376s] [ 96%] Built target autoware_perception_msgs__rosidl_typesupport_c__pyext
[3.431s] [100%] Built target autoware_perception_msgs__rosidl_typesupport_introspection_c__pyext
[3.554s] Invoked command in '/home/autoware/aichallenge2023-integration-final-main/build/autoware_perception_msgs' returned '0': CMAKE_PREFIX_PATH=${CMAKE_PREFIX_PATH}:/home/autoware/aichallenge2023-integration-final-main/install/simulator_compatibility_test:/home/autoware/aichallenge2023-integration-final-main/install/ad_api_visualizers:/home/autoware/autoware/install/simulator_compatibility_test:/home/autoware/autoware/install/ad_api_visualizers:/opt/ros/humble /usr/bin/cmake --build /home/autoware/aichallenge2023-integration-final-main/build/autoware_perception_msgs -- -j16 -l16
[9.271s] Invoking command in '/home/autoware/aichallenge2023-integration-final-main/build/autoware_perception_msgs': CMAKE_PREFIX_PATH=${CMAKE_PREFIX_PATH}:/home/autoware/aichallenge2023-integration-final-main/install/simulator_compatibility_test:/home/autoware/aichallenge2023-integration-final-main/install/ad_api_visualizers:/home/autoware/autoware/install/simulator_compatibility_test:/home/autoware/autoware/install/ad_api_visualizers:/opt/ros/humble /usr/bin/cmake --install /home/autoware/aichallenge2023-integration-final-main/build/autoware_perception_msgs
[9.342s] -- Install configuration: "Release"
[9.343s] -- Execute custom install script
[9.343s] -- Up-to-date symlink: /home/autoware/aichallenge2023-integration-final-main/install/autoware_perception_msgs/share/ament_index/resource_index/rosidl_interfaces/autoware_perception_msgs
[9.343s] -- Up-to-date symlink: /home/autoware/aichallenge2023-integration-final-main/install/autoware_perception_msgs/include/autoware_perception_msgs/autoware_perception_msgs/msg/detail/traffic_light__functions.h
[9.343s] -- Up-to-date symlink: /home/autoware/aichallenge2023-integration-final-main/install/autoware_perception_msgs/include/autoware_perception_msgs/autoware_perception_msgs/msg/detail/traffic_light__struct.h
[9.343s] -- Up-to-date symlink: /home/autoware/aichallenge2023-integration-final-main/install/autoware_perception_msgs/include/autoware_perception_msgs/autoware_perception_msgs/msg/detail/traffic_light__type_support.h
[9.343s] -- Up-to-date symlink: /home/autoware/aichallenge2023-integration-final-main/install/autoware_perception_msgs/include/autoware_perception_msgs/autoware_perception_msgs/msg/detail/traffic_light_array__functions.h
[9.345s] -- Up-to-date symlink: /home/autoware/aichallenge2023-integration-final-main/install/autoware_perception_msgs/include/autoware_perception_msgs/autoware_perception_msgs/msg/detail/traffic_light_array__struct.h
[9.345s] -- Up-to-date symlink: /home/autoware/aichallenge2023-integration-final-main/install/autoware_perception_msgs/include/autoware_perception_msgs/autoware_perception_msgs/msg/detail/traffic_light_array__type_support.h
[9.346s] -- Up-to-date symlink: /home/autoware/aichallenge2023-integration-final-main/install/autoware_perception_msgs/include/autoware_perception_msgs/autoware_perception_msgs/msg/detail/traffic_light_element__functions.h
[9.346s] -- Up-to-date symlink: /home/autoware/aichallenge2023-integration-final-main/install/autoware_perception_msgs/include/autoware_perception_msgs/autoware_perception_msgs/msg/detail/traffic_light_element__struct.h
[9.346s] -- Up-to-date symlink: /home/autoware/aichallenge2023-integration-final-main/install/autoware_perception_msgs/include/autoware_perception_msgs/autoware_perception_msgs/msg/detail/traffic_light_element__type_support.h
[9.346s] -- Up-to-date symlink: /home/autoware/aichallenge2023-integration-final-main/install/autoware_perception_msgs/include/autoware_perception_msgs/autoware_perception_msgs/msg/detail/traffic_signal__functions.h
[9.346s] -- Up-to-date symlink: /home/autoware/aichallenge2023-integration-final-main/install/autoware_perception_msgs/include/autoware_perception_msgs/autoware_perception_msgs/msg/detail/traffic_signal__struct.h
[9.346s] -- Up-to-date symlink: /home/autoware/aichallenge2023-integration-final-main/install/autoware_perception_msgs/include/autoware_perception_msgs/autoware_perception_msgs/msg/detail/traffic_signal__type_support.h
[9.346s] -- Up-to-date symlink: /home/autoware/aichallenge2023-integration-final-main/install/autoware_perception_msgs/include/autoware_perception_msgs/autoware_perception_msgs/msg/detail/traffic_signal_array__functions.h
[9.346s] -- Up-to-date symlink: /home/autoware/aichallenge2023-integration-final-main/install/autoware_perception_msgs/include/autoware_perception_msgs/autoware_perception_msgs/msg/detail/traffic_signal_array__struct.h
[9.347s] -- Up-to-date symlink: /home/autoware/aichallenge2023-integration-final-main/install/autoware_perception_msgs/include/autoware_perception_msgs/autoware_perception_msgs/msg/detail/traffic_signal_array__type_support.h
[9.347s] -- Up-to-date symlink: /home/autoware/aichallenge2023-integration-final-main/install/autoware_perception_msgs/include/autoware_perception_msgs/autoware_perception_msgs/msg/rosidl_generator_c__visibility_control.h
[9.347s] -- Up-to-date symlink: /home/autoware/aichallenge2023-integration-final-main/install/autoware_perception_msgs/include/autoware_perception_msgs/autoware_perception_msgs/msg/traffic_light.h
[9.347s] -- Up-to-date symlink: /home/autoware/aichallenge2023-integration-final-main/install/autoware_perception_msgs/include/autoware_perception_msgs/autoware_perception_msgs/msg/traffic_light_array.h
[9.347s] -- Up-to-date symlink: /home/autoware/aichallenge2023-integration-final-main/install/autoware_perception_msgs/include/autoware_perception_msgs/autoware_perception_msgs/msg/traffic_light_element.h
[9.351s] -- Up-to-date symlink: /home/autoware/aichallenge2023-integration-final-main/install/autoware_perception_msgs/include/autoware_perception_msgs/autoware_perception_msgs/msg/traffic_signal.h
[9.355s] -- Up-to-date symlink: /home/autoware/aichallenge2023-integration-final-main/install/autoware_perception_msgs/include/autoware_perception_msgs/autoware_perception_msgs/msg/traffic_signal_array.h
[9.355s] -- Up-to-date symlink: /home/autoware/aichallenge2023-integration-final-main/install/autoware_perception_msgs/share/autoware_perception_msgs/environment/library_path.sh
[9.355s] -- Up-to-date symlink: /home/autoware/aichallenge2023-integration-final-main/install/autoware_perception_msgs/share/autoware_perception_msgs/environment/library_path.dsv
[9.355s] -- Up-to-date symlink: /home/autoware/aichallenge2023-integration-final-main/install/autoware_perception_msgs/include/autoware_perception_msgs/autoware_perception_msgs/msg/detail/traffic_light__rosidl_typesupport_fastrtps_c.h
[9.356s] -- Up-to-date symlink: /home/autoware/aichallenge2023-integration-final-main/install/autoware_perception_msgs/include/autoware_perception_msgs/autoware_perception_msgs/msg/detail/traffic_light_array__rosidl_typesupport_fastrtps_c.h
[9.356s] -- Up-to-date symlink: /home/autoware/aichallenge2023-integration-final-main/install/autoware_perception_msgs/include/autoware_perception_msgs/autoware_perception_msgs/msg/detail/traffic_light_element__rosidl_typesupport_fastrtps_c.h
[9.356s] -- Up-to-date symlink: /home/autoware/aichallenge2023-integration-final-main/install/autoware_perception_msgs/include/autoware_perception_msgs/autoware_perception_msgs/msg/detail/traffic_signal__rosidl_typesupport_fastrtps_c.h
[9.356s] -- Up-to-date symlink: /home/autoware/aichallenge2023-integration-final-main/install/autoware_perception_msgs/include/autoware_perception_msgs/autoware_perception_msgs/msg/detail/traffic_signal_array__rosidl_typesupport_fastrtps_c.h
[9.356s] -- Up-to-date symlink: /home/autoware/aichallenge2023-integration-final-main/install/autoware_perception_msgs/include/autoware_perception_msgs/autoware_perception_msgs/msg/rosidl_typesupport_fastrtps_c__visibility_control.h
[9.356s] -- Up-to-date symlink: /home/autoware/aichallenge2023-integration-final-main/install/autoware_perception_msgs/include/autoware_perception_msgs/autoware_perception_msgs/msg/detail/traffic_light__builder.hpp
[9.357s] -- Up-to-date symlink: /home/autoware/aichallenge2023-integration-final-main/install/autoware_perception_msgs/include/autoware_perception_msgs/autoware_perception_msgs/msg/detail/traffic_light__struct.hpp
[9.357s] -- Up-to-date symlink: /home/autoware/aichallenge2023-integration-final-main/install/autoware_perception_msgs/include/autoware_perception_msgs/autoware_perception_msgs/msg/detail/traffic_light__traits.hpp
[9.358s] -- Up-to-date symlink: /home/autoware/aichallenge2023-integration-final-main/install/autoware_perception_msgs/include/autoware_perception_msgs/autoware_perception_msgs/msg/detail/traffic_light_array__builder.hpp
[9.359s] -- Up-to-date symlink: /home/autoware/aichallenge2023-integration-final-main/install/autoware_perception_msgs/include/autoware_perception_msgs/autoware_perception_msgs/msg/detail/traffic_light_array__struct.hpp
[9.359s] -- Up-to-date symlink: /home/autoware/aichallenge2023-integration-final-main/install/autoware_perception_msgs/include/autoware_perception_msgs/autoware_perception_msgs/msg/detail/traffic_light_array__traits.hpp
[9.359s] -- Up-to-date symlink: /home/autoware/aichallenge2023-integration-final-main/install/autoware_perception_msgs/include/autoware_perception_msgs/autoware_perception_msgs/msg/detail/traffic_light_element__builder.hpp
[9.360s] -- Up-to-date symlink: /home/autoware/aichallenge2023-integration-final-main/install/autoware_perception_msgs/include/autoware_perception_msgs/autoware_perception_msgs/msg/detail/traffic_light_element__struct.hpp
[9.362s] -- Up-to-date symlink: /home/autoware/aichallenge2023-integration-final-main/install/autoware_perception_msgs/include/autoware_perception_msgs/autoware_perception_msgs/msg/detail/traffic_light_element__traits.hpp
[9.363s] -- Up-to-date symlink: /home/autoware/aichallenge2023-integration-final-main/install/autoware_perception_msgs/include/autoware_perception_msgs/autoware_perception_msgs/msg/detail/traffic_signal__builder.hpp
[9.364s] -- Up-to-date symlink: /home/autoware/aichallenge2023-integration-final-main/install/autoware_perception_msgs/include/autoware_perception_msgs/autoware_perception_msgs/msg/detail/traffic_signal__struct.hpp
[9.364s] -- Up-to-date symlink: /home/autoware/aichallenge2023-integration-final-main/install/autoware_perception_msgs/include/autoware_perception_msgs/autoware_perception_msgs/msg/detail/traffic_signal__traits.hpp
[9.364s] -- Up-to-date symlink: /home/autoware/aichallenge2023-integration-final-main/install/autoware_perception_msgs/include/autoware_perception_msgs/autoware_perception_msgs/msg/detail/traffic_signal_array__builder.hpp
[9.364s] -- Up-to-date symlink: /home/autoware/aichallenge2023-integration-final-main/install/autoware_perception_msgs/include/autoware_perception_msgs/autoware_perception_msgs/msg/detail/traffic_signal_array__struct.hpp
[9.364s] -- Up-to-date symlink: /home/autoware/aichallenge2023-integration-final-main/install/autoware_perception_msgs/include/autoware_perception_msgs/autoware_perception_msgs/msg/detail/traffic_signal_array__traits.hpp
[9.364s] -- Up-to-date symlink: /home/autoware/aichallenge2023-integration-final-main/install/autoware_perception_msgs/include/autoware_perception_msgs/autoware_perception_msgs/msg/traffic_light.hpp
[9.364s] -- Up-to-date symlink: /home/autoware/aichallenge2023-integration-final-main/install/autoware_perception_msgs/include/autoware_perception_msgs/autoware_perception_msgs/msg/traffic_light_array.hpp
[9.364s] -- Up-to-date symlink: /home/autoware/aichallenge2023-integration-final-main/install/autoware_perception_msgs/include/autoware_perception_msgs/autoware_perception_msgs/msg/traffic_light_element.hpp
[9.365s] -- Up-to-date symlink: /home/autoware/aichallenge2023-integration-final-main/install/autoware_perception_msgs/include/autoware_perception_msgs/autoware_perception_msgs/msg/traffic_signal.hpp
[9.365s] -- Up-to-date symlink: /home/autoware/aichallenge2023-integration-final-main/install/autoware_perception_msgs/include/autoware_perception_msgs/autoware_perception_msgs/msg/traffic_signal_array.hpp
[9.365s] -- Up-to-date symlink: /home/autoware/aichallenge2023-integration-final-main/install/autoware_perception_msgs/include/autoware_perception_msgs/autoware_perception_msgs/msg/detail/traffic_light__rosidl_typesupport_fastrtps_cpp.hpp
[9.365s] -- Up-to-date symlink: /home/autoware/aichallenge2023-integration-final-main/install/autoware_perception_msgs/include/autoware_perception_msgs/autoware_perception_msgs/msg/detail/traffic_light_array__rosidl_typesupport_fastrtps_cpp.hpp
[9.365s] -- Up-to-date symlink: /home/autoware/aichallenge2023-integration-final-main/install/autoware_perception_msgs/include/autoware_perception_msgs/autoware_perception_msgs/msg/detail/traffic_light_element__rosidl_typesupport_fastrtps_cpp.hpp
[9.365s] -- Up-to-date symlink: /home/autoware/aichallenge2023-integration-final-main/install/autoware_perception_msgs/include/autoware_perception_msgs/autoware_perception_msgs/msg/detail/traffic_signal__rosidl_typesupport_fastrtps_cpp.hpp
[9.365s] -- Up-to-date symlink: /home/autoware/aichallenge2023-integration-final-main/install/autoware_perception_msgs/include/autoware_perception_msgs/autoware_perception_msgs/msg/detail/traffic_signal_array__rosidl_typesupport_fastrtps_cpp.hpp
[9.365s] -- Up-to-date symlink: /home/autoware/aichallenge2023-integration-final-main/install/autoware_perception_msgs/include/autoware_perception_msgs/autoware_perception_msgs/msg/rosidl_typesupport_fastrtps_cpp__visibility_control.h
[9.365s] -- Up-to-date symlink: /home/autoware/aichallenge2023-integration-final-main/install/autoware_perception_msgs/include/autoware_perception_msgs/autoware_perception_msgs/msg/detail/traffic_light__rosidl_typesupport_introspection_c.h
[9.366s] -- Up-to-date symlink: /home/autoware/aichallenge2023-integration-final-main/install/autoware_perception_msgs/include/autoware_perception_msgs/autoware_perception_msgs/msg/detail/traffic_light_array__rosidl_typesupport_introspection_c.h
[9.366s] -- Up-to-date symlink: /home/autoware/aichallenge2023-integration-final-main/install/autoware_perception_msgs/include/autoware_perception_msgs/autoware_perception_msgs/msg/detail/traffic_light_element__rosidl_typesupport_introspection_c.h
[9.366s] -- Up-to-date symlink: /home/autoware/aichallenge2023-integration-final-main/install/autoware_perception_msgs/include/autoware_perception_msgs/autoware_perception_msgs/msg/detail/traffic_signal__rosidl_typesupport_introspection_c.h
[9.366s] -- Up-to-date symlink: /home/autoware/aichallenge2023-integration-final-main/install/autoware_perception_msgs/include/autoware_perception_msgs/autoware_perception_msgs/msg/detail/traffic_signal_array__rosidl_typesupport_introspection_c.h
[9.366s] -- Up-to-date symlink: /home/autoware/aichallenge2023-integration-final-main/install/autoware_perception_msgs/include/autoware_perception_msgs/autoware_perception_msgs/msg/rosidl_typesupport_introspection_c__visibility_control.h
[9.366s] -- Up-to-date symlink: /home/autoware/aichallenge2023-integration-final-main/install/autoware_perception_msgs/include/autoware_perception_msgs/autoware_perception_msgs/msg/detail/traffic_light__rosidl_typesupport_introspection_cpp.hpp
[9.366s] -- Up-to-date symlink: /home/autoware/aichallenge2023-integration-final-main/install/autoware_perception_msgs/include/autoware_perception_msgs/autoware_perception_msgs/msg/detail/traffic_light_array__rosidl_typesupport_introspection_cpp.hpp
[9.366s] -- Up-to-date symlink: /home/autoware/aichallenge2023-integration-final-main/install/autoware_perception_msgs/include/autoware_perception_msgs/autoware_perception_msgs/msg/detail/traffic_light_element__rosidl_typesupport_introspection_cpp.hpp
[9.366s] -- Up-to-date symlink: /home/autoware/aichallenge2023-integration-final-main/install/autoware_perception_msgs/include/autoware_perception_msgs/autoware_perception_msgs/msg/detail/traffic_signal__rosidl_typesupport_introspection_cpp.hpp
[9.366s] -- Up-to-date symlink: /home/autoware/aichallenge2023-integration-final-main/install/autoware_perception_msgs/include/autoware_perception_msgs/autoware_perception_msgs/msg/detail/traffic_signal_array__rosidl_typesupport_introspection_cpp.hpp
[9.367s] -- Up-to-date symlink: /home/autoware/aichallenge2023-integration-final-main/install/autoware_perception_msgs/share/autoware_perception_msgs/environment/pythonpath.sh
[9.367s] -- Up-to-date symlink: /home/autoware/aichallenge2023-integration-final-main/install/autoware_perception_msgs/share/autoware_perception_msgs/environment/pythonpath.dsv
[9.367s] -- Up-to-date symlink: /home/autoware/aichallenge2023-integration-final-main/install/autoware_perception_msgs/local/lib/python3.10/dist-packages/autoware_perception_msgs-1.0.0-py3.10.egg-info/PKG-INFO
[9.367s] -- Up-to-date symlink: /home/autoware/aichallenge2023-integration-final-main/install/autoware_perception_msgs/local/lib/python3.10/dist-packages/autoware_perception_msgs-1.0.0-py3.10.egg-info/SOURCES.txt
[9.367s] -- Up-to-date symlink: /home/autoware/aichallenge2023-integration-final-main/install/autoware_perception_msgs/local/lib/python3.10/dist-packages/autoware_perception_msgs-1.0.0-py3.10.egg-info/dependency_links.txt
[9.367s] -- Up-to-date symlink: /home/autoware/aichallenge2023-integration-final-main/install/autoware_perception_msgs/local/lib/python3.10/dist-packages/autoware_perception_msgs-1.0.0-py3.10.egg-info/top_level.txt
[9.367s] -- Up-to-date symlink: /home/autoware/aichallenge2023-integration-final-main/install/autoware_perception_msgs/local/lib/python3.10/dist-packages/autoware_perception_msgs/__init__.py
[9.367s] -- Up-to-date symlink: /home/autoware/aichallenge2023-integration-final-main/install/autoware_perception_msgs/local/lib/python3.10/dist-packages/autoware_perception_msgs/_autoware_perception_msgs_s.ep.rosidl_typesupport_c.c
[9.367s] -- Up-to-date symlink: /home/autoware/aichallenge2023-integration-final-main/install/autoware_perception_msgs/local/lib/python3.10/dist-packages/autoware_perception_msgs/_autoware_perception_msgs_s.ep.rosidl_typesupport_fastrtps_c.c
[9.368s] -- Up-to-date symlink: /home/autoware/aichallenge2023-integration-final-main/install/autoware_perception_msgs/local/lib/python3.10/dist-packages/autoware_perception_msgs/_autoware_perception_msgs_s.ep.rosidl_typesupport_introspection_c.c
[9.368s] -- Up-to-date symlink: /home/autoware/aichallenge2023-integration-final-main/install/autoware_perception_msgs/local/lib/python3.10/dist-packages/autoware_perception_msgs/autoware_perception_msgs_s__rosidl_typesupport_c.cpython-310-x86_64-linux-gnu.so
[9.368s] -- Up-to-date symlink: /home/autoware/aichallenge2023-integration-final-main/install/autoware_perception_msgs/local/lib/python3.10/dist-packages/autoware_perception_msgs/autoware_perception_msgs_s__rosidl_typesupport_fastrtps_c.cpython-310-x86_64-linux-gnu.so
[9.368s] -- Up-to-date symlink: /home/autoware/aichallenge2023-integration-final-main/install/autoware_perception_msgs/local/lib/python3.10/dist-packages/autoware_perception_msgs/autoware_perception_msgs_s__rosidl_typesupport_introspection_c.cpython-310-x86_64-linux-gnu.so
[9.368s] -- Up-to-date symlink: /home/autoware/aichallenge2023-integration-final-main/install/autoware_perception_msgs/local/lib/python3.10/dist-packages/autoware_perception_msgs/libautoware_perception_msgs__rosidl_generator_py.so
[9.368s] -- Up-to-date symlink: /home/autoware/aichallenge2023-integration-final-main/install/autoware_perception_msgs/local/lib/python3.10/dist-packages/autoware_perception_msgs/msg/__init__.py
[9.368s] -- Up-to-date symlink: /home/autoware/aichallenge2023-integration-final-main/install/autoware_perception_msgs/local/lib/python3.10/dist-packages/autoware_perception_msgs/msg/_traffic_light.py
[9.368s] -- Up-to-date symlink: /home/autoware/aichallenge2023-integration-final-main/install/autoware_perception_msgs/local/lib/python3.10/dist-packages/autoware_perception_msgs/msg/_traffic_light_array.py
[9.368s] -- Up-to-date symlink: /home/autoware/aichallenge2023-integration-final-main/install/autoware_perception_msgs/local/lib/python3.10/dist-packages/autoware_perception_msgs/msg/_traffic_light_array_s.c
[9.369s] -- Up-to-date symlink: /home/autoware/aichallenge2023-integration-final-main/install/autoware_perception_msgs/local/lib/python3.10/dist-packages/autoware_perception_msgs/msg/_traffic_light_element.py
[9.369s] -- Up-to-date symlink: /home/autoware/aichallenge2023-integration-final-main/install/autoware_perception_msgs/local/lib/python3.10/dist-packages/autoware_perception_msgs/msg/_traffic_light_element_s.c
[9.369s] -- Up-to-date symlink: /home/autoware/aichallenge2023-integration-final-main/install/autoware_perception_msgs/local/lib/python3.10/dist-packages/autoware_perception_msgs/msg/_traffic_light_s.c
[9.369s] -- Up-to-date symlink: /home/autoware/aichallenge2023-integration-final-main/install/autoware_perception_msgs/local/lib/python3.10/dist-packages/autoware_perception_msgs/msg/_traffic_signal.py
[9.369s] -- Up-to-date symlink: /home/autoware/aichallenge2023-integration-final-main/install/autoware_perception_msgs/local/lib/python3.10/dist-packages/autoware_perception_msgs/msg/_traffic_signal_array.py
[9.369s] -- Up-to-date symlink: /home/autoware/aichallenge2023-integration-final-main/install/autoware_perception_msgs/local/lib/python3.10/dist-packages/autoware_perception_msgs/msg/_traffic_signal_array_s.c
[9.369s] -- Up-to-date symlink: /home/autoware/aichallenge2023-integration-final-main/install/autoware_perception_msgs/local/lib/python3.10/dist-packages/autoware_perception_msgs/msg/_traffic_signal_s.c
[9.369s] -- Up-to-date symlink: /home/autoware/aichallenge2023-integration-final-main/install/autoware_perception_msgs/local/lib/python3.10/dist-packages/autoware_perception_msgs/autoware_perception_msgs_s__rosidl_typesupport_fastrtps_c.cpython-310-x86_64-linux-gnu.so
[9.369s] -- Up-to-date symlink: /home/autoware/aichallenge2023-integration-final-main/install/autoware_perception_msgs/local/lib/python3.10/dist-packages/autoware_perception_msgs/autoware_perception_msgs_s__rosidl_typesupport_introspection_c.cpython-310-x86_64-linux-gnu.so
[9.373s] -- Up-to-date symlink: /home/autoware/aichallenge2023-integration-final-main/install/autoware_perception_msgs/local/lib/python3.10/dist-packages/autoware_perception_msgs/autoware_perception_msgs_s__rosidl_typesupport_c.cpython-310-x86_64-linux-gnu.so
[9.379s] -- Up-to-date symlink: /home/autoware/aichallenge2023-integration-final-main/install/autoware_perception_msgs/share/autoware_perception_msgs/msg/TrafficLight.idl
[9.379s] -- Up-to-date symlink: /home/autoware/aichallenge2023-integration-final-main/install/autoware_perception_msgs/share/autoware_perception_msgs/msg/TrafficLightArray.idl
[9.380s] -- Up-to-date symlink: /home/autoware/aichallenge2023-integration-final-main/install/autoware_perception_msgs/share/autoware_perception_msgs/msg/TrafficLightElement.idl
[9.380s] -- Up-to-date symlink: /home/autoware/aichallenge2023-integration-final-main/install/autoware_perception_msgs/share/autoware_perception_msgs/msg/TrafficSignal.idl
[9.380s] -- Up-to-date symlink: /home/autoware/aichallenge2023-integration-final-main/install/autoware_perception_msgs/share/autoware_perception_msgs/msg/TrafficSignalArray.idl
[9.380s] -- Up-to-date symlink: /home/autoware/aichallenge2023-integration-final-main/install/autoware_perception_msgs/share/autoware_perception_msgs/msg/TrafficLight.msg
[9.380s] -- Up-to-date symlink: /home/autoware/aichallenge2023-integration-final-main/install/autoware_perception_msgs/share/autoware_perception_msgs/msg/TrafficLightArray.msg
[9.380s] -- Up-to-date symlink: /home/autoware/aichallenge2023-integration-final-main/install/autoware_perception_msgs/share/autoware_perception_msgs/msg/TrafficLightElement.msg
[9.380s] -- Up-to-date symlink: /home/autoware/aichallenge2023-integration-final-main/install/autoware_perception_msgs/share/autoware_perception_msgs/msg/TrafficSignal.msg
[9.380s] -- Up-to-date symlink: /home/autoware/aichallenge2023-integration-final-main/install/autoware_perception_msgs/share/autoware_perception_msgs/msg/TrafficSignalArray.msg
[9.380s] -- Up-to-date symlink: /home/autoware/aichallenge2023-integration-final-main/install/autoware_perception_msgs/share/ament_index/resource_index/package_run_dependencies/autoware_perception_msgs
[9.381s] -- Up-to-date symlink: /home/autoware/aichallenge2023-integration-final-main/install/autoware_perception_msgs/share/ament_index/resource_index/parent_prefix_path/autoware_perception_msgs
[9.381s] -- Up-to-date symlink: /home/autoware/aichallenge2023-integration-final-main/install/autoware_perception_msgs/share/autoware_perception_msgs/environment/ament_prefix_path.sh
[9.381s] -- Up-to-date symlink: /home/autoware/aichallenge2023-integration-final-main/install/autoware_perception_msgs/share/autoware_perception_msgs/environment/ament_prefix_path.dsv
[9.381s] -- Up-to-date symlink: /home/autoware/aichallenge2023-integration-final-main/install/autoware_perception_msgs/share/autoware_perception_msgs/environment/path.sh
[9.381s] -- Up-to-date symlink: /home/autoware/aichallenge2023-integration-final-main/install/autoware_perception_msgs/share/autoware_perception_msgs/environment/path.dsv
[9.381s] -- Up-to-date symlink: /home/autoware/aichallenge2023-integration-final-main/install/autoware_perception_msgs/share/autoware_perception_msgs/local_setup.bash
[9.381s] -- Up-to-date symlink: /home/autoware/aichallenge2023-integration-final-main/install/autoware_perception_msgs/share/autoware_perception_msgs/local_setup.sh
[9.381s] -- Up-to-date symlink: /home/autoware/aichallenge2023-integration-final-main/install/autoware_perception_msgs/share/autoware_perception_msgs/local_setup.zsh
[9.381s] -- Up-to-date symlink: /home/autoware/aichallenge2023-integration-final-main/install/autoware_perception_msgs/share/autoware_perception_msgs/local_setup.dsv
[9.383s] -- Symlinking: /home/autoware/aichallenge2023-integration-final-main/install/autoware_perception_msgs/share/autoware_perception_msgs/package.dsv
[9.452s] -- Up-to-date symlink: /home/autoware/aichallenge2023-integration-final-main/install/autoware_perception_msgs/share/ament_index/resource_index/packages/autoware_perception_msgs
[9.452s] -- Up-to-date symlink: /home/autoware/aichallenge2023-integration-final-main/install/autoware_perception_msgs/share/autoware_perception_msgs/cmake/rosidl_cmake-extras.cmake
[9.452s] -- Up-to-date symlink: /home/autoware/aichallenge2023-integration-final-main/install/autoware_perception_msgs/share/autoware_perception_msgs/cmake/ament_cmake_export_dependencies-extras.cmake
[9.452s] -- Up-to-date symlink: /home/autoware/aichallenge2023-integration-final-main/install/autoware_perception_msgs/share/autoware_perception_msgs/cmake/ament_cmake_export_include_directories-extras.cmake
[9.453s] -- Up-to-date symlink: /home/autoware/aichallenge2023-integration-final-main/install/autoware_perception_msgs/share/autoware_perception_msgs/cmake/ament_cmake_export_libraries-extras.cmake
[9.453s] -- Up-to-date symlink: /home/autoware/aichallenge2023-integration-final-main/install/autoware_perception_msgs/share/autoware_perception_msgs/cmake/ament_cmake_export_targets-extras.cmake
[9.453s] -- Up-to-date symlink: /home/autoware/aichallenge2023-integration-final-main/install/autoware_perception_msgs/share/autoware_perception_msgs/cmake/rosidl_cmake_export_typesupport_targets-extras.cmake
[9.453s] -- Up-to-date symlink: /home/autoware/aichallenge2023-integration-final-main/install/autoware_perception_msgs/share/autoware_perception_msgs/cmake/rosidl_cmake_export_typesupport_libraries-extras.cmake
[9.453s] -- Up-to-date symlink: /home/autoware/aichallenge2023-integration-final-main/install/autoware_perception_msgs/share/autoware_perception_msgs/cmake/autoware_perception_msgsConfig.cmake
[9.453s] -- Up-to-date symlink: /home/autoware/aichallenge2023-integration-final-main/install/autoware_perception_msgs/share/autoware_perception_msgs/cmake/autoware_perception_msgsConfig-version.cmake
[9.454s] -- Up-to-date symlink: /home/autoware/aichallenge2023-integration-final-main/install/autoware_perception_msgs/share/autoware_perception_msgs/package.xml
[9.454s] -- Up-to-date: /home/autoware/aichallenge2023-integration-final-main/install/autoware_perception_msgs/lib/libautoware_perception_msgs__rosidl_generator_c.so
[9.454s] -- Up-to-date: /home/autoware/aichallenge2023-integration-final-main/install/autoware_perception_msgs/lib/libautoware_perception_msgs__rosidl_typesupport_fastrtps_c.so
[9.455s] -- Up-to-date: /home/autoware/aichallenge2023-integration-final-main/install/autoware_perception_msgs/lib/libautoware_perception_msgs__rosidl_typesupport_fastrtps_cpp.so
[9.455s] -- Up-to-date: /home/autoware/aichallenge2023-integration-final-main/install/autoware_perception_msgs/lib/libautoware_perception_msgs__rosidl_typesupport_introspection_c.so
[9.456s] -- Up-to-date: /home/autoware/aichallenge2023-integration-final-main/install/autoware_perception_msgs/lib/libautoware_perception_msgs__rosidl_typesupport_c.so
[9.456s] -- Up-to-date: /home/autoware/aichallenge2023-integration-final-main/install/autoware_perception_msgs/lib/libautoware_perception_msgs__rosidl_typesupport_introspection_cpp.so
[9.457s] -- Up-to-date: /home/autoware/aichallenge2023-integration-final-main/install/autoware_perception_msgs/lib/libautoware_perception_msgs__rosidl_typesupport_cpp.so
[9.663s] Listing '/home/autoware/aichallenge2023-integration-final-main/install/autoware_perception_msgs/local/lib/python3.10/dist-packages/autoware_perception_msgs'...
[9.663s] Listing '/home/autoware/aichallenge2023-integration-final-main/install/autoware_perception_msgs/local/lib/python3.10/dist-packages/autoware_perception_msgs/msg'...
[9.671s] -- Up-to-date: /home/autoware/aichallenge2023-integration-final-main/install/autoware_perception_msgs/lib/libautoware_perception_msgs__rosidl_generator_py.so
[9.686s] -- Up-to-date: /home/autoware/aichallenge2023-integration-final-main/install/autoware_perception_msgs/share/autoware_perception_msgs/cmake/export_autoware_perception_msgs__rosidl_generator_cExport.cmake
[9.686s] -- Up-to-date: /home/autoware/aichallenge2023-integration-final-main/install/autoware_perception_msgs/share/autoware_perception_msgs/cmake/export_autoware_perception_msgs__rosidl_generator_cExport-release.cmake
[9.686s] -- Up-to-date: /home/autoware/aichallenge2023-integration-final-main/install/autoware_perception_msgs/share/autoware_perception_msgs/cmake/export_autoware_perception_msgs__rosidl_typesupport_fastrtps_cExport.cmake
[9.686s] -- Up-to-date: /home/autoware/aichallenge2023-integration-final-main/install/autoware_perception_msgs/share/autoware_perception_msgs/cmake/export_autoware_perception_msgs__rosidl_typesupport_fastrtps_cExport-release.cmake
[9.686s] -- Up-to-date: /home/autoware/aichallenge2023-integration-final-main/install/autoware_perception_msgs/share/autoware_perception_msgs/cmake/export_autoware_perception_msgs__rosidl_generator_cppExport.cmake
[9.686s] -- Up-to-date: /home/autoware/aichallenge2023-integration-final-main/install/autoware_perception_msgs/share/autoware_perception_msgs/cmake/export_autoware_perception_msgs__rosidl_typesupport_fastrtps_cppExport.cmake
[9.686s] -- Up-to-date: /home/autoware/aichallenge2023-integration-final-main/install/autoware_perception_msgs/share/autoware_perception_msgs/cmake/export_autoware_perception_msgs__rosidl_typesupport_fastrtps_cppExport-release.cmake
[9.687s] -- Up-to-date: /home/autoware/aichallenge2023-integration-final-main/install/autoware_perception_msgs/share/autoware_perception_msgs/cmake/autoware_perception_msgs__rosidl_typesupport_introspection_cExport.cmake
[9.687s] -- Up-to-date: /home/autoware/aichallenge2023-integration-final-main/install/autoware_perception_msgs/share/autoware_perception_msgs/cmake/autoware_perception_msgs__rosidl_typesupport_introspection_cExport-release.cmake
[9.687s] -- Up-to-date: /home/autoware/aichallenge2023-integration-final-main/install/autoware_perception_msgs/share/autoware_perception_msgs/cmake/autoware_perception_msgs__rosidl_typesupport_cExport.cmake
[9.687s] -- Up-to-date: /home/autoware/aichallenge2023-integration-final-main/install/autoware_perception_msgs/share/autoware_perception_msgs/cmake/autoware_perception_msgs__rosidl_typesupport_cExport-release.cmake
[9.687s] -- Up-to-date: /home/autoware/aichallenge2023-integration-final-main/install/autoware_perception_msgs/share/autoware_perception_msgs/cmake/autoware_perception_msgs__rosidl_typesupport_introspection_cppExport.cmake
[9.687s] -- Up-to-date: /home/autoware/aichallenge2023-integration-final-main/install/autoware_perception_msgs/share/autoware_perception_msgs/cmake/autoware_perception_msgs__rosidl_typesupport_introspection_cppExport-release.cmake
[9.687s] -- Up-to-date: /home/autoware/aichallenge2023-integration-final-main/install/autoware_perception_msgs/share/autoware_perception_msgs/cmake/autoware_perception_msgs__rosidl_typesupport_cppExport.cmake
[9.687s] -- Up-to-date: /home/autoware/aichallenge2023-integration-final-main/install/autoware_perception_msgs/share/autoware_perception_msgs/cmake/autoware_perception_msgs__rosidl_typesupport_cppExport-release.cmake
[9.687s] -- Up-to-date: /home/autoware/aichallenge2023-integration-final-main/install/autoware_perception_msgs/share/autoware_perception_msgs/cmake/export_autoware_perception_msgs__rosidl_generator_pyExport.cmake
[9.688s] -- Up-to-date: /home/autoware/aichallenge2023-integration-final-main/install/autoware_perception_msgs/share/autoware_perception_msgs/cmake/export_autoware_perception_msgs__rosidl_generator_pyExport-release.cmake
[9.688s] Invoked command in '/home/autoware/aichallenge2023-integration-final-main/build/autoware_perception_msgs' returned '0': CMAKE_PREFIX_PATH=${CMAKE_PREFIX_PATH}:/home/autoware/aichallenge2023-integration-final-main/install/simulator_compatibility_test:/home/autoware/aichallenge2023-integration-final-main/install/ad_api_visualizers:/home/autoware/autoware/install/simulator_compatibility_test:/home/autoware/autoware/install/ad_api_visualizers:/opt/ros/humble /usr/bin/cmake --install /home/autoware/aichallenge2023-integration-final-main/build/autoware_perception_msgs
