[0.000000] (-) TimerEvent: {}
[0.000359] (-) JobUnselected: {'identifier': 'accel_brake_map_calibrator'}
[0.000386] (-) JobUnselected: {'identifier': 'ad_api_adaptors'}
[0.000397] (-) JobUnselected: {'identifier': 'ad_api_visualizers'}
[0.000406] (-) JobUnselected: {'identifier': 'aichallenge_scoring'}
[0.000414] (-) JobUnselected: {'identifier': 'aichallenge_scoring_msgs'}
[0.000422] (-) JobUnselected: {'identifier': 'aichallenge_scoring_result'}
[0.000429] (-) JobUnselected: {'identifier': 'aip_aichallenge_description'}
[0.000437] (-) JobUnselected: {'identifier': 'aip_aichallenge_launch'}
[0.000445] (-) JobUnselected: {'identifier': 'automatic_pose_initializer'}
[0.000452] (-) JobUnselected: {'identifier': 'autoware_ad_api_specs'}
[0.000460] (-) JobUnselected: {'identifier': 'autoware_adapi_v1_msgs'}
[0.000469] (-) JobUnselected: {'identifier': 'autoware_adapi_version_msgs'}
[0.000477] (-) JobUnselected: {'identifier': 'autoware_auto_common'}
[0.000484] (-) JobUnselected: {'identifier': 'autoware_auto_control_msgs'}
[0.000492] (-) JobUnselected: {'identifier': 'autoware_auto_geometry'}
[0.000499] (-) JobUnselected: {'identifier': 'autoware_auto_geometry_msgs'}
[0.000507] (-) JobUnselected: {'identifier': 'autoware_auto_mapping_msgs'}
[0.000514] (-) JobUnselected: {'identifier': 'autoware_auto_msgs'}
[0.000522] (-) JobUnselected: {'identifier': 'autoware_auto_perception_msgs'}
[0.000534] (-) JobUnselected: {'identifier': 'autoware_auto_perception_rviz_plugin'}
[0.000542] (-) JobUnselected: {'identifier': 'autoware_auto_planning_msgs'}
[0.000549] (-) JobUnselected: {'identifier': 'autoware_auto_system_msgs'}
[0.000557] (-) JobUnselected: {'identifier': 'autoware_auto_tf2'}
[0.000564] (-) JobUnselected: {'identifier': 'autoware_auto_vehicle_msgs'}
[0.000572] (-) JobUnselected: {'identifier': 'autoware_cmake'}
[0.000580] (-) JobUnselected: {'identifier': 'autoware_common_msgs'}
[0.000587] (-) JobUnselected: {'identifier': 'autoware_control_msgs'}
[0.000595] (-) JobUnselected: {'identifier': 'autoware_external_api_msgs'}
[0.000603] (-) JobUnselected: {'identifier': 'autoware_iv_external_api_adaptor'}
[0.000611] (-) JobUnselected: {'identifier': 'autoware_iv_internal_api_adaptor'}
[0.000618] (-) JobUnselected: {'identifier': 'autoware_launch'}
[0.000626] (-) JobUnselected: {'identifier': 'autoware_lint_common'}
[0.000634] (-) JobUnselected: {'identifier': 'autoware_localization_msgs'}
[0.000641] (-) JobUnselected: {'identifier': 'autoware_map_msgs'}
[0.000649] (-) JobUnselected: {'identifier': 'autoware_perception_msgs'}
[0.000657] (-) JobUnselected: {'identifier': 'autoware_planning_msgs'}
[0.000664] (-) JobUnselected: {'identifier': 'autoware_point_types'}
[0.000672] (-) JobUnselected: {'identifier': 'autoware_sensing_msgs'}
[0.000679] (-) JobUnselected: {'identifier': 'autoware_testing'}
[0.000687] (-) JobUnselected: {'identifier': 'autoware_utils'}
[0.000695] (-) JobUnselected: {'identifier': 'awapi_awiv_adapter'}
[0.000702] (-) JobUnselected: {'identifier': 'awsim_sensor_kit_description'}
[0.000710] (-) JobUnselected: {'identifier': 'awsim_sensor_kit_launch'}
[0.000717] (-) JobUnselected: {'identifier': 'bag_time_manager_rviz_plugin'}
[0.000725] (-) JobUnselected: {'identifier': 'behavior_path_planner'}
[0.000732] (-) JobUnselected: {'identifier': 'behavior_velocity_planner'}
[0.000740] (-) JobUnselected: {'identifier': 'bluetooth_monitor'}
[0.000748] (-) JobUnselected: {'identifier': 'camera_description'}
[0.000755] (-) JobUnselected: {'identifier': 'common_awsim_sensor_launch'}
[0.000763] (-) JobUnselected: {'identifier': 'common_sensor_launch'}
[0.000770] (-) JobUnselected: {'identifier': 'compare_map_segmentation'}
[0.000778] (-) JobUnselected: {'identifier': 'component_interface_specs'}
[0.000785] (-) JobUnselected: {'identifier': 'component_interface_tools'}
[0.000793] (-) JobUnselected: {'identifier': 'component_interface_utils'}
[0.000801] (-) JobUnselected: {'identifier': 'component_state_monitor'}
[0.000808] (-) JobUnselected: {'identifier': 'control_performance_analysis'}
[0.000816] (-) JobUnselected: {'identifier': 'costmap_generator'}
[0.000829] (-) JobUnselected: {'identifier': 'crosswalk_traffic_light_estimator'}
[0.000837] (-) JobUnselected: {'identifier': 'cuda_utils'}
[0.000845] (-) JobUnselected: {'identifier': 'default_ad_api'}
[0.000852] (-) JobUnselected: {'identifier': 'detected_object_feature_remover'}
[0.000860] (-) JobUnselected: {'identifier': 'detected_object_validation'}
[0.000867] (-) JobUnselected: {'identifier': 'detection_by_tracker'}
[0.000875] (-) JobUnselected: {'identifier': 'diagnostic_converter'}
[0.000882] (-) JobUnselected: {'identifier': 'dummy_diag_publisher'}
[0.000890] (-) JobUnselected: {'identifier': 'dummy_infrastructure'}
[0.000898] (-) JobUnselected: {'identifier': 'dummy_perception_publisher'}
[0.000905] (-) JobUnselected: {'identifier': 'ekf_localizer'}
[0.000913] (-) JobUnselected: {'identifier': 'elevation_map_loader'}
[0.000921] (-) JobUnselected: {'identifier': 'emergency_handler'}
[0.000928] (-) JobUnselected: {'identifier': 'euclidean_cluster'}
[0.000936] (-) JobUnselected: {'identifier': 'external_cmd_converter'}
[0.000943] (-) JobUnselected: {'identifier': 'external_cmd_selector'}
[0.000951] (-) JobUnselected: {'identifier': 'external_velocity_limit_selector'}
[0.000959] (-) JobUnselected: {'identifier': 'fake_test_node'}
[0.000966] (-) JobUnselected: {'identifier': 'fault_injection'}
[0.000974] (-) JobUnselected: {'identifier': 'freespace_planner'}
[0.000985] (-) JobUnselected: {'identifier': 'freespace_planning_algorithms'}
[0.000992] (-) JobUnselected: {'identifier': 'front_vehicle_velocity_estimator'}
[0.001000] (-) JobUnselected: {'identifier': 'generic_type_utility'}
[0.001008] (-) JobUnselected: {'identifier': 'geo_pos_conv'}
[0.001015] (-) JobUnselected: {'identifier': 'global_parameter_loader'}
[0.001023] (-) JobUnselected: {'identifier': 'gnss_poser'}
[0.001030] (-) JobUnselected: {'identifier': 'goal_distance_calculator'}
[0.001038] (-) JobUnselected: {'identifier': 'grid_map_utils'}
[0.001046] (-) JobUnselected: {'identifier': 'ground_segmentation'}
[0.001053] (-) JobUnselected: {'identifier': 'gyro_odometer'}
[0.001061] (-) JobUnselected: {'identifier': 'heatmap_visualizer'}
[0.001069] (-) JobUnselected: {'identifier': 'image_diagnostics'}
[0.001076] (-) JobUnselected: {'identifier': 'image_projection_based_fusion'}
[0.001084] (-) JobUnselected: {'identifier': 'image_transport_decompressor'}
[0.001091] (-) JobUnselected: {'identifier': 'imu_corrector'}
[0.001099] (-) JobUnselected: {'identifier': 'imu_description'}
[0.001106] (-) JobUnselected: {'identifier': 'individual_params'}
[0.001114] (-) JobUnselected: {'identifier': 'initial_pose_button_panel'}
[0.001121] (-) JobUnselected: {'identifier': 'interpolation'}
[0.001129] (-) JobUnselected: {'identifier': 'joy_controller'}
[0.001137] (-) JobUnselected: {'identifier': 'kalman_filter'}
[0.001144] (-) JobUnselected: {'identifier': 'kinematic_evaluator'}
[0.001152] (-) JobUnselected: {'identifier': 'lane_departure_checker'}
[0.001159] (-) JobUnselected: {'identifier': 'lanelet2_extension'}
[0.001167] (-) JobUnselected: {'identifier': 'lanelet2_map_preprocessor'}
[0.001175] (-) JobUnselected: {'identifier': 'lidar_apollo_instance_segmentation'}
[0.001182] (-) JobUnselected: {'identifier': 'lidar_apollo_segmentation_tvm'}
[0.001190] (-) JobUnselected: {'identifier': 'lidar_apollo_segmentation_tvm_nodes'}
[0.001197] (-) JobUnselected: {'identifier': 'lidar_centerpoint'}
[0.001205] (-) JobUnselected: {'identifier': 'lidar_centerpoint_tvm'}
[0.001212] (-) JobUnselected: {'identifier': 'livox_description'}
[0.001220] (-) JobUnselected: {'identifier': 'livox_tag_filter'}
[0.001228] (-) JobUnselected: {'identifier': 'localization_error_monitor'}
[0.001235] (-) JobUnselected: {'identifier': 'localization_evaluator'}
[0.001243] (-) JobUnselected: {'identifier': 'map_based_prediction'}
[0.001250] (-) JobUnselected: {'identifier': 'map_height_fitter'}
[0.001258] (-) JobUnselected: {'identifier': 'map_loader'}
[0.001265] (-) JobUnselected: {'identifier': 'map_tf_generator'}
[0.001273] (-) JobUnselected: {'identifier': 'mission_planner'}
[0.001283] (-) JobUnselected: {'identifier': 'morai_msgs'}
[0.001292] (-) JobUnselected: {'identifier': 'motion_utils'}
[0.001299] (-) JobUnselected: {'identifier': 'motion_velocity_smoother'}
[0.001307] (-) JobUnselected: {'identifier': 'mpc_lateral_controller'}
[0.001314] (-) JobUnselected: {'identifier': 'mrm_comfortable_stop_operator'}
[0.001322] (-) JobUnselected: {'identifier': 'mrm_emergency_stop_operator'}
[0.001329] (-) JobUnselected: {'identifier': 'multi_data_monitor'}
[0.001336] (-) JobUnselected: {'identifier': 'multi_object_tracker'}
[0.001344] (-) JobUnselected: {'identifier': 'mussp'}
[0.001351] (-) JobUnselected: {'identifier': 'ndt_omp'}
[0.001359] (-) JobUnselected: {'identifier': 'ndt_scan_matcher'}
[0.001366] (-) JobUnselected: {'identifier': 'object_merger'}
[0.001373] (-) JobUnselected: {'identifier': 'object_range_splitter'}
[0.001381] (-) JobUnselected: {'identifier': 'obstacle_avoidance_planner'}
[0.001388] (-) JobUnselected: {'identifier': 'obstacle_collision_checker'}
[0.001396] (-) JobUnselected: {'identifier': 'obstacle_cruise_planner'}
[0.001403] (-) JobUnselected: {'identifier': 'obstacle_stop_planner'}
[0.001411] (-) JobUnselected: {'identifier': 'obstacle_velocity_limiter'}
[0.001418] (-) JobUnselected: {'identifier': 'occupancy_grid_map_outlier_filter'}
[0.001426] (-) JobUnselected: {'identifier': 'operation_mode_transition_manager'}
[0.001433] (-) JobUnselected: {'identifier': 'osqp_interface'}
[0.001441] (-) JobUnselected: {'identifier': 'pandar_description'}
[0.001448] (-) JobUnselected: {'identifier': 'path_distance_calculator'}
[0.001456] (-) JobUnselected: {'identifier': 'perception_utils'}
[0.001463] (-) JobUnselected: {'identifier': 'pid_longitudinal_controller'}
[0.001470] (-) JobUnselected: {'identifier': 'planning_debug_tools'}
[0.001479] (-) JobUnselected: {'identifier': 'planning_evaluator'}
[0.001486] (-) JobUnselected: {'identifier': 'planning_validator'}
[0.001494] (-) JobUnselected: {'identifier': 'pointcloud_preprocessor'}
[0.001501] (-) JobUnselected: {'identifier': 'pointcloud_to_laserscan'}
[0.001509] (-) JobUnselected: {'identifier': 'polar_grid'}
[0.001516] (-) JobUnselected: {'identifier': 'pose2twist'}
[0.001524] (-) JobUnselected: {'identifier': 'pose_initializer'}
[0.001531] (-) JobUnselected: {'identifier': 'probabilistic_occupancy_grid_map'}
[0.001539] (-) JobUnselected: {'identifier': 'pure_pursuit'}
[0.001546] (-) JobUnselected: {'identifier': 'radar_fusion_to_detected_object'}
[0.001554] (-) JobUnselected: {'identifier': 'radar_scan_to_pointcloud2'}
[0.001561] (-) JobUnselected: {'identifier': 'radar_static_pointcloud_filter'}
[0.001569] (-) JobUnselected: {'identifier': 'radar_threshold_filter'}
[0.001576] (-) JobUnselected: {'identifier': 'radar_tracks_msgs_converter'}
[0.001583] (-) JobUnselected: {'identifier': 'raw_vehicle_cmd_converter'}
[0.001591] (-) JobUnselected: {'identifier': 'route_handler'}
[0.001598] (-) JobUnselected: {'identifier': 'rtc_auto_mode_manager'}
[0.001606] (-) JobUnselected: {'identifier': 'rtc_interface'}
[0.001613] (-) JobUnselected: {'identifier': 'rtc_manager_rviz_plugin'}
[0.001620] (-) JobUnselected: {'identifier': 'rtc_replayer'}
[0.001627] (-) JobUnselected: {'identifier': 'sample_vehicle_description'}
[0.001635] (-) JobUnselected: {'identifier': 'sample_vehicle_launch'}
[0.001642] (-) JobUnselected: {'identifier': 'scenario_selector'}
[0.001650] (-) JobUnselected: {'identifier': 'shape_estimation'}
[0.001657] (-) JobUnselected: {'identifier': 'shift_decider'}
[0.001665] (-) JobUnselected: {'identifier': 'signal_processing'}
[0.001672] (-) JobUnselected: {'identifier': 'simple_planning_simulator'}
[0.001680] (-) JobUnselected: {'identifier': 'simulator_compatibility_test'}
[0.001687] (-) JobUnselected: {'identifier': 'static_centerline_optimizer'}
[0.001694] (-) JobUnselected: {'identifier': 'steer_offset_estimator'}
[0.001702] (-) JobUnselected: {'identifier': 'stop_filter'}
[0.001709] (-) JobUnselected: {'identifier': 'surround_obstacle_checker'}
[0.001717] (-) JobUnselected: {'identifier': 'system_error_monitor'}
[0.001726] (-) JobUnselected: {'identifier': 'system_monitor'}
[0.001734] (-) JobUnselected: {'identifier': 'tamagawa_imu_driver'}
[0.001742] (-) JobUnselected: {'identifier': 'tensorrt_common'}
[0.001749] (-) JobUnselected: {'identifier': 'tensorrt_yolo'}
[0.001756] (-) JobUnselected: {'identifier': 'tensorrt_yolox'}
[0.001764] (-) JobUnselected: {'identifier': 'tier4_api_msgs'}
[0.001771] (-) JobUnselected: {'identifier': 'tier4_api_utils'}
[0.001779] (-) JobUnselected: {'identifier': 'tier4_auto_msgs_converter'}
[0.001786] (-) JobUnselected: {'identifier': 'tier4_automatic_goal_rviz_plugin'}
[0.001793] (-) JobUnselected: {'identifier': 'tier4_autoware_api_launch'}
[0.001801] (-) JobUnselected: {'identifier': 'tier4_autoware_utils'}
[0.001808] (-) JobUnselected: {'identifier': 'tier4_calibration_rviz_plugin'}
[0.001815] (-) JobUnselected: {'identifier': 'tier4_control_launch'}
[0.001823] (-) JobUnselected: {'identifier': 'tier4_control_msgs'}
[0.001830] (-) JobUnselected: {'identifier': 'tier4_control_rviz_plugin'}
[0.001838] (-) JobUnselected: {'identifier': 'tier4_datetime_rviz_plugin'}
[0.001845] (-) JobUnselected: {'identifier': 'tier4_debug_msgs'}
[0.001853] (-) JobUnselected: {'identifier': 'tier4_debug_rviz_plugin'}
[0.001860] (-) JobUnselected: {'identifier': 'tier4_debug_tools'}
[0.001868] (-) JobUnselected: {'identifier': 'tier4_external_api_msgs'}
[0.001875] (-) JobUnselected: {'identifier': 'tier4_hmi_msgs'}
[0.001883] (-) JobUnselected: {'identifier': 'tier4_localization_launch'}
[0.001890] (-) JobUnselected: {'identifier': 'tier4_localization_msgs'}
[0.001897] (-) JobUnselected: {'identifier': 'tier4_localization_rviz_plugin'}
[0.001905] (-) JobUnselected: {'identifier': 'tier4_map_launch'}
[0.001912] (-) JobUnselected: {'identifier': 'tier4_pcl_extensions'}
[0.001920] (-) JobUnselected: {'identifier': 'tier4_perception_launch'}
[0.001927] (-) JobUnselected: {'identifier': 'tier4_perception_msgs'}
[0.001935] (-) JobUnselected: {'identifier': 'tier4_perception_rviz_plugin'}
[0.001942] (-) JobUnselected: {'identifier': 'tier4_planning_launch'}
[0.001949] (-) JobUnselected: {'identifier': 'tier4_planning_msgs'}
[0.001957] (-) JobUnselected: {'identifier': 'tier4_planning_rviz_plugin'}
[0.001964] (-) JobUnselected: {'identifier': 'tier4_rtc_msgs'}
[0.001972] (-) JobUnselected: {'identifier': 'tier4_screen_capture_rviz_plugin'}
[0.001979] (-) JobUnselected: {'identifier': 'tier4_sensing_launch'}
[0.001987] (-) JobUnselected: {'identifier': 'tier4_simulated_clock_rviz_plugin'}
[0.001994] (-) JobUnselected: {'identifier': 'tier4_simulation_msgs'}
[0.002002] (-) JobUnselected: {'identifier': 'tier4_simulator_launch'}
[0.002009] (-) JobUnselected: {'identifier': 'tier4_state_rviz_plugin'}
[0.002016] (-) JobUnselected: {'identifier': 'tier4_system_launch'}
[0.002024] (-) JobUnselected: {'identifier': 'tier4_system_msgs'}
[0.002031] (-) JobUnselected: {'identifier': 'tier4_traffic_light_rviz_plugin'}
[0.002039] (-) JobUnselected: {'identifier': 'tier4_v2x_msgs'}
[0.002046] (-) JobUnselected: {'identifier': 'tier4_vehicle_launch'}
[0.002053] (-) JobUnselected: {'identifier': 'tier4_vehicle_msgs'}
[0.002061] (-) JobUnselected: {'identifier': 'tier4_vehicle_rviz_plugin'}
[0.002068] (-) JobUnselected: {'identifier': 'time_utils'}
[0.002075] (-) JobUnselected: {'identifier': 'topic_state_monitor'}
[0.002083] (-) JobUnselected: {'identifier': 'traffic_light_classifier'}
[0.002090] (-) JobUnselected: {'identifier': 'traffic_light_map_based_detector'}
[0.002098] (-) JobUnselected: {'identifier': 'traffic_light_selector'}
[0.002105] (-) JobUnselected: {'identifier': 'traffic_light_ssd_fine_detector'}
[0.002113] (-) JobUnselected: {'identifier': 'traffic_light_visualization'}
[0.002120] (-) JobUnselected: {'identifier': 'trajectory_follower_base'}
[0.002127] (-) JobUnselected: {'identifier': 'trajectory_follower_node'}
[0.002135] (-) JobUnselected: {'identifier': 'trtexec_vendor'}
[0.002143] (-) JobUnselected: {'identifier': 'tvm_utility'}
[0.002150] (-) JobUnselected: {'identifier': 'twist2accel'}
[0.002157] (-) JobUnselected: {'identifier': 'vehicle_cmd_gate'}
[0.002167] (-) JobUnselected: {'identifier': 'vehicle_info_util'}
[0.002174] (-) JobUnselected: {'identifier': 'vehicle_velocity_converter'}
[0.002181] (-) JobUnselected: {'identifier': 'velodyne_description'}
[0.002189] (-) JobUnselected: {'identifier': 'velodyne_driver'}
[0.002196] (-) JobUnselected: {'identifier': 'velodyne_monitor'}
[0.002204] (-) JobUnselected: {'identifier': 'velodyne_msgs'}
[0.002211] (-) JobUnselected: {'identifier': 'velodyne_pointcloud'}
[0.002219] (-) JobUnselected: {'identifier': 'vls_description'}
[0.002227] (-) EventReactorShutdown: {}
