[0.307s] Invoking command in '/home/autoware/aichallenge2023-integration-final-main/build/vls_description': CMAKE_PREFIX_PATH=${CMAKE_PREFIX_PATH}:/home/autoware/aichallenge2023-integration-final-main/install/simulator_compatibility_test:/home/autoware/aichallenge2023-integration-final-main/install/ad_api_visualizers:/home/autoware/autoware/install/simulator_compatibility_test:/home/autoware/autoware/install/ad_api_visualizers:/opt/ros/humble /usr/bin/cmake --build /home/autoware/aichallenge2023-integration-final-main/build/vls_description -- -j16 -l16
[0.764s] Invoked command in '/home/autoware/aichallenge2023-integration-final-main/build/vls_description' returned '0': CMAKE_PREFIX_PATH=${CMAKE_PREFIX_PATH}:/home/autoware/aichallenge2023-integration-final-main/install/simulator_compatibility_test:/home/autoware/aichallenge2023-integration-final-main/install/ad_api_visualizers:/home/autoware/autoware/install/simulator_compatibility_test:/home/autoware/autoware/install/ad_api_visualizers:/opt/ros/humble /usr/bin/cmake --build /home/autoware/aichallenge2023-integration-final-main/build/vls_description -- -j16 -l16
[1.343s] Invoking command in '/home/autoware/aichallenge2023-integration-final-main/build/vls_description': CMAKE_PREFIX_PATH=${CMAKE_PREFIX_PATH}:/home/autoware/aichallenge2023-integration-final-main/install/simulator_compatibility_test:/home/autoware/aichallenge2023-integration-final-main/install/ad_api_visualizers:/home/autoware/autoware/install/simulator_compatibility_test:/home/autoware/autoware/install/ad_api_visualizers:/opt/ros/humble /usr/bin/cmake --install /home/autoware/aichallenge2023-integration-final-main/build/vls_description
[1.439s] -- Install configuration: "Release"
[1.440s] -- Execute custom install script
[1.442s] -- Up-to-date symlink: /home/autoware/aichallenge2023-integration-final-main/install/vls_description/share/vls_description/urdf/VLS-128.urdf.xacro
[1.443s] -- Up-to-date symlink: /home/autoware/aichallenge2023-integration-final-main/install/vls_description/share/vls_description/meshes/VLS128_base_1.dae
[1.444s] -- Up-to-date symlink: /home/autoware/aichallenge2023-integration-final-main/install/vls_description/share/vls_description/meshes/VLS128_base_1.stl
[1.445s] -- Up-to-date symlink: /home/autoware/aichallenge2023-integration-final-main/install/vls_description/share/vls_description/meshes/VLS128_base_2.dae
[1.447s] -- Up-to-date symlink: /home/autoware/aichallenge2023-integration-final-main/install/vls_description/share/vls_description/meshes/VLS128_base_2.stl
[1.447s] -- Up-to-date symlink: /home/autoware/aichallenge2023-integration-final-main/install/vls_description/share/vls_description/meshes/VLS128_scan.dae
[1.448s] -- Up-to-date symlink: /home/autoware/aichallenge2023-integration-final-main/install/vls_description/share/vls_description/meshes/VLS128_scan.stl
[1.450s] -- Up-to-date symlink: /home/autoware/aichallenge2023-integration-final-main/install/vls_description/share/ament_index/resource_index/package_run_dependencies/vls_description
[1.451s] -- Up-to-date symlink: /home/autoware/aichallenge2023-integration-final-main/install/vls_description/share/ament_index/resource_index/parent_prefix_path/vls_description
[1.452s] -- Up-to-date symlink: /home/autoware/aichallenge2023-integration-final-main/install/vls_description/share/vls_description/environment/ament_prefix_path.sh
[1.453s] -- Up-to-date symlink: /home/autoware/aichallenge2023-integration-final-main/install/vls_description/share/vls_description/environment/ament_prefix_path.dsv
[1.454s] -- Up-to-date symlink: /home/autoware/aichallenge2023-integration-final-main/install/vls_description/share/vls_description/environment/path.sh
[1.455s] -- Up-to-date symlink: /home/autoware/aichallenge2023-integration-final-main/install/vls_description/share/vls_description/environment/path.dsv
[1.456s] -- Up-to-date symlink: /home/autoware/aichallenge2023-integration-final-main/install/vls_description/share/vls_description/local_setup.bash
[1.457s] -- Up-to-date symlink: /home/autoware/aichallenge2023-integration-final-main/install/vls_description/share/vls_description/local_setup.sh
[1.458s] -- Up-to-date symlink: /home/autoware/aichallenge2023-integration-final-main/install/vls_description/share/vls_description/local_setup.zsh
[1.459s] -- Up-to-date symlink: /home/autoware/aichallenge2023-integration-final-main/install/vls_description/share/vls_description/local_setup.dsv
[1.460s] -- Symlinking: /home/autoware/aichallenge2023-integration-final-main/install/vls_description/share/vls_description/package.dsv
[1.574s] -- Up-to-date symlink: /home/autoware/aichallenge2023-integration-final-main/install/vls_description/share/ament_index/resource_index/packages/vls_description
[1.575s] -- Up-to-date symlink: /home/autoware/aichallenge2023-integration-final-main/install/vls_description/share/vls_description/cmake/vls_descriptionConfig.cmake
[1.576s] -- Up-to-date symlink: /home/autoware/aichallenge2023-integration-final-main/install/vls_description/share/vls_description/cmake/vls_descriptionConfig-version.cmake
[1.577s] -- Up-to-date symlink: /home/autoware/aichallenge2023-integration-final-main/install/vls_description/share/vls_description/package.xml
[1.609s] Invoked command in '/home/autoware/aichallenge2023-integration-final-main/build/vls_description' returned '0': CMAKE_PREFIX_PATH=${CMAKE_PREFIX_PATH}:/home/autoware/aichallenge2023-integration-final-main/install/simulator_compatibility_test:/home/autoware/aichallenge2023-integration-final-main/install/ad_api_visualizers:/home/autoware/autoware/install/simulator_compatibility_test:/home/autoware/autoware/install/ad_api_visualizers:/opt/ros/humble /usr/bin/cmake --install /home/autoware/aichallenge2023-integration-final-main/build/vls_description
