[0.138s] Invoking command in '/home/autoware/aichallenge2023-integration-final-main/build/camera_description': CMAKE_PREFIX_PATH=${CMAKE_PREFIX_PATH}:/home/autoware/aichallenge2023-integration-final-main/install/simulator_compatibility_test:/home/autoware/aichallenge2023-integration-final-main/install/ad_api_visualizers:/home/autoware/autoware/install/simulator_compatibility_test:/home/autoware/autoware/install/ad_api_visualizers:/opt/ros/humble /usr/bin/cmake --build /home/autoware/aichallenge2023-integration-final-main/build/camera_description -- -j16 -l16
[0.814s] Invoked command in '/home/autoware/aichallenge2023-integration-final-main/build/camera_description' returned '0': CMAKE_PREFIX_PATH=${CMAKE_PREFIX_PATH}:/home/autoware/aichallenge2023-integration-final-main/install/simulator_compatibility_test:/home/autoware/aichallenge2023-integration-final-main/install/ad_api_visualizers:/home/autoware/autoware/install/simulator_compatibility_test:/home/autoware/autoware/install/ad_api_visualizers:/opt/ros/humble /usr/bin/cmake --build /home/autoware/aichallenge2023-integration-final-main/build/camera_description -- -j16 -l16
[1.766s] Invoking command in '/home/autoware/aichallenge2023-integration-final-main/build/camera_description': CMAKE_PREFIX_PATH=${CMAKE_PREFIX_PATH}:/home/autoware/aichallenge2023-integration-final-main/install/simulator_compatibility_test:/home/autoware/aichallenge2023-integration-final-main/install/ad_api_visualizers:/home/autoware/autoware/install/simulator_compatibility_test:/home/autoware/autoware/install/ad_api_visualizers:/opt/ros/humble /usr/bin/cmake --install /home/autoware/aichallenge2023-integration-final-main/build/camera_description
[1.855s] -- Install configuration: "Release"
[1.856s] -- Execute custom install script
[1.857s] -- Up-to-date symlink: /home/autoware/aichallenge2023-integration-final-main/install/camera_description/share/camera_description/urdf/monocular_camera.xacro
[1.858s] -- Up-to-date symlink: /home/autoware/aichallenge2023-integration-final-main/install/camera_description/share/ament_index/resource_index/package_run_dependencies/camera_description
[1.858s] -- Up-to-date symlink: /home/autoware/aichallenge2023-integration-final-main/install/camera_description/share/ament_index/resource_index/parent_prefix_path/camera_description
[1.859s] -- Up-to-date symlink: /home/autoware/aichallenge2023-integration-final-main/install/camera_description/share/camera_description/environment/ament_prefix_path.sh
[1.859s] -- Up-to-date symlink: /home/autoware/aichallenge2023-integration-final-main/install/camera_description/share/camera_description/environment/ament_prefix_path.dsv
[1.860s] -- Up-to-date symlink: /home/autoware/aichallenge2023-integration-final-main/install/camera_description/share/camera_description/environment/path.sh
[1.860s] -- Up-to-date symlink: /home/autoware/aichallenge2023-integration-final-main/install/camera_description/share/camera_description/environment/path.dsv
[1.861s] -- Up-to-date symlink: /home/autoware/aichallenge2023-integration-final-main/install/camera_description/share/camera_description/local_setup.bash
[1.861s] -- Up-to-date symlink: /home/autoware/aichallenge2023-integration-final-main/install/camera_description/share/camera_description/local_setup.sh
[1.862s] -- Up-to-date symlink: /home/autoware/aichallenge2023-integration-final-main/install/camera_description/share/camera_description/local_setup.zsh
[1.862s] -- Up-to-date symlink: /home/autoware/aichallenge2023-integration-final-main/install/camera_description/share/camera_description/local_setup.dsv
[1.863s] -- Symlinking: /home/autoware/aichallenge2023-integration-final-main/install/camera_description/share/camera_description/package.dsv
[1.975s] -- Up-to-date symlink: /home/autoware/aichallenge2023-integration-final-main/install/camera_description/share/ament_index/resource_index/packages/camera_description
[1.975s] -- Up-to-date symlink: /home/autoware/aichallenge2023-integration-final-main/install/camera_description/share/camera_description/cmake/camera_descriptionConfig.cmake
[1.975s] -- Up-to-date symlink: /home/autoware/aichallenge2023-integration-final-main/install/camera_description/share/camera_description/cmake/camera_descriptionConfig-version.cmake
[1.975s] -- Up-to-date symlink: /home/autoware/aichallenge2023-integration-final-main/install/camera_description/share/camera_description/package.xml
[1.994s] Invoked command in '/home/autoware/aichallenge2023-integration-final-main/build/camera_description' returned '0': CMAKE_PREFIX_PATH=${CMAKE_PREFIX_PATH}:/home/autoware/aichallenge2023-integration-final-main/install/simulator_compatibility_test:/home/autoware/aichallenge2023-integration-final-main/install/ad_api_visualizers:/home/autoware/autoware/install/simulator_compatibility_test:/home/autoware/autoware/install/ad_api_visualizers:/opt/ros/humble /usr/bin/cmake --install /home/autoware/aichallenge2023-integration-final-main/build/camera_description
