[0.280s] Invoking command in '/home/autoware/aichallenge2023-integration-final-main/build/tier4_debug_msgs': CMAKE_PREFIX_PATH=${CMAKE_PREFIX_PATH}:/home/autoware/aichallenge2023-integration-final-main/install/simulator_compatibility_test:/home/autoware/aichallenge2023-integration-final-main/install/ad_api_visualizers:/home/autoware/autoware/install/simulator_compatibility_test:/home/autoware/autoware/install/ad_api_visualizers:/opt/ros/humble /usr/bin/cmake --build /home/autoware/aichallenge2023-integration-final-main/build/tier4_debug_msgs -- -j16 -l16
[0.828s] [ 12%] Built target tier4_debug_msgs__rosidl_generator_c
[0.846s] [ 12%] Built target tier4_debug_msgs__cpp
[1.003s] [ 12%] Built target ament_cmake_python_symlink_tier4_debug_msgs
[1.722s] [ 24%] Built target tier4_debug_msgs__rosidl_typesupport_introspection_cpp
[1.782s] [ 35%] Built target tier4_debug_msgs__rosidl_typesupport_fastrtps_cpp
[1.814s] [ 47%] Built target tier4_debug_msgs__rosidl_typesupport_introspection_c
[1.860s] [ 59%] Built target tier4_debug_msgs__rosidl_typesupport_fastrtps_c
[1.932s] [ 71%] Built target tier4_debug_msgs__rosidl_typesupport_c
[2.139s] [ 83%] Built target tier4_debug_msgs__rosidl_typesupport_cpp
[2.489s] [ 83%] Built target tier4_debug_msgs
[2.856s] running egg_info
[2.868s] writing tier4_debug_msgs.egg-info/PKG-INFO
[2.868s] writing dependency_links to tier4_debug_msgs.egg-info/dependency_links.txt
[2.869s] writing top-level names to tier4_debug_msgs.egg-info/top_level.txt
[2.872s] reading manifest file 'tier4_debug_msgs.egg-info/SOURCES.txt'
[2.873s] [ 84%] Built target tier4_debug_msgs__py
[2.873s] writing manifest file 'tier4_debug_msgs.egg-info/SOURCES.txt'
[3.055s] [ 84%] Built target ament_cmake_python_build_tier4_debug_msgs_egg
[3.188s] [ 95%] Built target tier4_debug_msgs__rosidl_generator_py
[3.513s] [ 97%] Built target tier4_debug_msgs__rosidl_typesupport_fastrtps_c__pyext
[3.551s] [ 98%] Built target tier4_debug_msgs__rosidl_typesupport_c__pyext
[3.595s] [100%] Built target tier4_debug_msgs__rosidl_typesupport_introspection_c__pyext
[3.703s] Invoked command in '/home/autoware/aichallenge2023-integration-final-main/build/tier4_debug_msgs' returned '0': CMAKE_PREFIX_PATH=${CMAKE_PREFIX_PATH}:/home/autoware/aichallenge2023-integration-final-main/install/simulator_compatibility_test:/home/autoware/aichallenge2023-integration-final-main/install/ad_api_visualizers:/home/autoware/autoware/install/simulator_compatibility_test:/home/autoware/autoware/install/ad_api_visualizers:/opt/ros/humble /usr/bin/cmake --build /home/autoware/aichallenge2023-integration-final-main/build/tier4_debug_msgs -- -j16 -l16
[11.035s] Invoking command in '/home/autoware/aichallenge2023-integration-final-main/build/tier4_debug_msgs': CMAKE_PREFIX_PATH=${CMAKE_PREFIX_PATH}:/home/autoware/aichallenge2023-integration-final-main/install/simulator_compatibility_test:/home/autoware/aichallenge2023-integration-final-main/install/ad_api_visualizers:/home/autoware/autoware/install/simulator_compatibility_test:/home/autoware/autoware/install/ad_api_visualizers:/opt/ros/humble /usr/bin/cmake --install /home/autoware/aichallenge2023-integration-final-main/build/tier4_debug_msgs
[11.123s] -- Install configuration: "Release"
[11.124s] -- Execute custom install script
[11.124s] -- Up-to-date symlink: /home/autoware/aichallenge2023-integration-final-main/install/tier4_debug_msgs/share/ament_index/resource_index/rosidl_interfaces/tier4_debug_msgs
[11.125s] -- Up-to-date symlink: /home/autoware/aichallenge2023-integration-final-main/install/tier4_debug_msgs/include/tier4_debug_msgs/tier4_debug_msgs/msg/bool_stamped.h
[11.125s] -- Up-to-date symlink: /home/autoware/aichallenge2023-integration-final-main/install/tier4_debug_msgs/include/tier4_debug_msgs/tier4_debug_msgs/msg/detail/bool_stamped__functions.h
[11.126s] -- Up-to-date symlink: /home/autoware/aichallenge2023-integration-final-main/install/tier4_debug_msgs/include/tier4_debug_msgs/tier4_debug_msgs/msg/detail/bool_stamped__struct.h
[11.126s] -- Up-to-date symlink: /home/autoware/aichallenge2023-integration-final-main/install/tier4_debug_msgs/include/tier4_debug_msgs/tier4_debug_msgs/msg/detail/bool_stamped__type_support.h
[11.126s] -- Up-to-date symlink: /home/autoware/aichallenge2023-integration-final-main/install/tier4_debug_msgs/include/tier4_debug_msgs/tier4_debug_msgs/msg/detail/float32_multi_array_stamped__functions.h
[11.126s] -- Up-to-date symlink: /home/autoware/aichallenge2023-integration-final-main/install/tier4_debug_msgs/include/tier4_debug_msgs/tier4_debug_msgs/msg/detail/float32_multi_array_stamped__struct.h
[11.127s] -- Up-to-date symlink: /home/autoware/aichallenge2023-integration-final-main/install/tier4_debug_msgs/include/tier4_debug_msgs/tier4_debug_msgs/msg/detail/float32_multi_array_stamped__type_support.h
[11.127s] -- Up-to-date symlink: /home/autoware/aichallenge2023-integration-final-main/install/tier4_debug_msgs/include/tier4_debug_msgs/tier4_debug_msgs/msg/detail/float32_stamped__functions.h
[11.127s] -- Up-to-date symlink: /home/autoware/aichallenge2023-integration-final-main/install/tier4_debug_msgs/include/tier4_debug_msgs/tier4_debug_msgs/msg/detail/float32_stamped__struct.h
[11.127s] -- Up-to-date symlink: /home/autoware/aichallenge2023-integration-final-main/install/tier4_debug_msgs/include/tier4_debug_msgs/tier4_debug_msgs/msg/detail/float32_stamped__type_support.h
[11.128s] -- Up-to-date symlink: /home/autoware/aichallenge2023-integration-final-main/install/tier4_debug_msgs/include/tier4_debug_msgs/tier4_debug_msgs/msg/detail/float64_multi_array_stamped__functions.h
[11.128s] -- Up-to-date symlink: /home/autoware/aichallenge2023-integration-final-main/install/tier4_debug_msgs/include/tier4_debug_msgs/tier4_debug_msgs/msg/detail/float64_multi_array_stamped__struct.h
[11.128s] -- Up-to-date symlink: /home/autoware/aichallenge2023-integration-final-main/install/tier4_debug_msgs/include/tier4_debug_msgs/tier4_debug_msgs/msg/detail/float64_multi_array_stamped__type_support.h
[11.128s] -- Up-to-date symlink: /home/autoware/aichallenge2023-integration-final-main/install/tier4_debug_msgs/include/tier4_debug_msgs/tier4_debug_msgs/msg/detail/float64_stamped__functions.h
[11.129s] -- Up-to-date symlink: /home/autoware/aichallenge2023-integration-final-main/install/tier4_debug_msgs/include/tier4_debug_msgs/tier4_debug_msgs/msg/detail/float64_stamped__struct.h
[11.129s] -- Up-to-date symlink: /home/autoware/aichallenge2023-integration-final-main/install/tier4_debug_msgs/include/tier4_debug_msgs/tier4_debug_msgs/msg/detail/float64_stamped__type_support.h
[11.129s] -- Up-to-date symlink: /home/autoware/aichallenge2023-integration-final-main/install/tier4_debug_msgs/include/tier4_debug_msgs/tier4_debug_msgs/msg/detail/int32_multi_array_stamped__functions.h
[11.129s] -- Up-to-date symlink: /home/autoware/aichallenge2023-integration-final-main/install/tier4_debug_msgs/include/tier4_debug_msgs/tier4_debug_msgs/msg/detail/int32_multi_array_stamped__struct.h
[11.130s] -- Up-to-date symlink: /home/autoware/aichallenge2023-integration-final-main/install/tier4_debug_msgs/include/tier4_debug_msgs/tier4_debug_msgs/msg/detail/int32_multi_array_stamped__type_support.h
[11.130s] -- Up-to-date symlink: /home/autoware/aichallenge2023-integration-final-main/install/tier4_debug_msgs/include/tier4_debug_msgs/tier4_debug_msgs/msg/detail/int32_stamped__functions.h
[11.130s] -- Up-to-date symlink: /home/autoware/aichallenge2023-integration-final-main/install/tier4_debug_msgs/include/tier4_debug_msgs/tier4_debug_msgs/msg/detail/int32_stamped__struct.h
[11.130s] -- Up-to-date symlink: /home/autoware/aichallenge2023-integration-final-main/install/tier4_debug_msgs/include/tier4_debug_msgs/tier4_debug_msgs/msg/detail/int32_stamped__type_support.h
[11.131s] -- Up-to-date symlink: /home/autoware/aichallenge2023-integration-final-main/install/tier4_debug_msgs/include/tier4_debug_msgs/tier4_debug_msgs/msg/detail/int64_multi_array_stamped__functions.h
[11.131s] -- Up-to-date symlink: /home/autoware/aichallenge2023-integration-final-main/install/tier4_debug_msgs/include/tier4_debug_msgs/tier4_debug_msgs/msg/detail/int64_multi_array_stamped__struct.h
[11.131s] -- Up-to-date symlink: /home/autoware/aichallenge2023-integration-final-main/install/tier4_debug_msgs/include/tier4_debug_msgs/tier4_debug_msgs/msg/detail/int64_multi_array_stamped__type_support.h
[11.131s] -- Up-to-date symlink: /home/autoware/aichallenge2023-integration-final-main/install/tier4_debug_msgs/include/tier4_debug_msgs/tier4_debug_msgs/msg/detail/int64_stamped__functions.h
[11.132s] -- Up-to-date symlink: /home/autoware/aichallenge2023-integration-final-main/install/tier4_debug_msgs/include/tier4_debug_msgs/tier4_debug_msgs/msg/detail/int64_stamped__struct.h
[11.132s] -- Up-to-date symlink: /home/autoware/aichallenge2023-integration-final-main/install/tier4_debug_msgs/include/tier4_debug_msgs/tier4_debug_msgs/msg/detail/int64_stamped__type_support.h
[11.132s] -- Up-to-date symlink: /home/autoware/aichallenge2023-integration-final-main/install/tier4_debug_msgs/include/tier4_debug_msgs/tier4_debug_msgs/msg/detail/multi_array_dimension__functions.h
[11.132s] -- Up-to-date symlink: /home/autoware/aichallenge2023-integration-final-main/install/tier4_debug_msgs/include/tier4_debug_msgs/tier4_debug_msgs/msg/detail/multi_array_dimension__struct.h
[11.133s] -- Up-to-date symlink: /home/autoware/aichallenge2023-integration-final-main/install/tier4_debug_msgs/include/tier4_debug_msgs/tier4_debug_msgs/msg/detail/multi_array_dimension__type_support.h
[11.133s] -- Up-to-date symlink: /home/autoware/aichallenge2023-integration-final-main/install/tier4_debug_msgs/include/tier4_debug_msgs/tier4_debug_msgs/msg/detail/multi_array_layout__functions.h
[11.133s] -- Up-to-date symlink: /home/autoware/aichallenge2023-integration-final-main/install/tier4_debug_msgs/include/tier4_debug_msgs/tier4_debug_msgs/msg/detail/multi_array_layout__struct.h
[11.133s] -- Up-to-date symlink: /home/autoware/aichallenge2023-integration-final-main/install/tier4_debug_msgs/include/tier4_debug_msgs/tier4_debug_msgs/msg/detail/multi_array_layout__type_support.h
[11.133s] -- Up-to-date symlink: /home/autoware/aichallenge2023-integration-final-main/install/tier4_debug_msgs/include/tier4_debug_msgs/tier4_debug_msgs/msg/detail/string_stamped__functions.h
[11.133s] -- Up-to-date symlink: /home/autoware/aichallenge2023-integration-final-main/install/tier4_debug_msgs/include/tier4_debug_msgs/tier4_debug_msgs/msg/detail/string_stamped__struct.h
[11.133s] -- Up-to-date symlink: /home/autoware/aichallenge2023-integration-final-main/install/tier4_debug_msgs/include/tier4_debug_msgs/tier4_debug_msgs/msg/detail/string_stamped__type_support.h
[11.134s] -- Up-to-date symlink: /home/autoware/aichallenge2023-integration-final-main/install/tier4_debug_msgs/include/tier4_debug_msgs/tier4_debug_msgs/msg/float32_multi_array_stamped.h
[11.134s] -- Up-to-date symlink: /home/autoware/aichallenge2023-integration-final-main/install/tier4_debug_msgs/include/tier4_debug_msgs/tier4_debug_msgs/msg/float32_stamped.h
[11.134s] -- Up-to-date symlink: /home/autoware/aichallenge2023-integration-final-main/install/tier4_debug_msgs/include/tier4_debug_msgs/tier4_debug_msgs/msg/float64_multi_array_stamped.h
[11.134s] -- Up-to-date symlink: /home/autoware/aichallenge2023-integration-final-main/install/tier4_debug_msgs/include/tier4_debug_msgs/tier4_debug_msgs/msg/float64_stamped.h
[11.134s] -- Up-to-date symlink: /home/autoware/aichallenge2023-integration-final-main/install/tier4_debug_msgs/include/tier4_debug_msgs/tier4_debug_msgs/msg/int32_multi_array_stamped.h
[11.134s] -- Up-to-date symlink: /home/autoware/aichallenge2023-integration-final-main/install/tier4_debug_msgs/include/tier4_debug_msgs/tier4_debug_msgs/msg/int32_stamped.h
[11.134s] -- Up-to-date symlink: /home/autoware/aichallenge2023-integration-final-main/install/tier4_debug_msgs/include/tier4_debug_msgs/tier4_debug_msgs/msg/int64_multi_array_stamped.h
[11.135s] -- Up-to-date symlink: /home/autoware/aichallenge2023-integration-final-main/install/tier4_debug_msgs/include/tier4_debug_msgs/tier4_debug_msgs/msg/int64_stamped.h
[11.135s] -- Up-to-date symlink: /home/autoware/aichallenge2023-integration-final-main/install/tier4_debug_msgs/include/tier4_debug_msgs/tier4_debug_msgs/msg/multi_array_dimension.h
[11.135s] -- Up-to-date symlink: /home/autoware/aichallenge2023-integration-final-main/install/tier4_debug_msgs/include/tier4_debug_msgs/tier4_debug_msgs/msg/multi_array_layout.h
[11.135s] -- Up-to-date symlink: /home/autoware/aichallenge2023-integration-final-main/install/tier4_debug_msgs/include/tier4_debug_msgs/tier4_debug_msgs/msg/rosidl_generator_c__visibility_control.h
[11.135s] -- Up-to-date symlink: /home/autoware/aichallenge2023-integration-final-main/install/tier4_debug_msgs/include/tier4_debug_msgs/tier4_debug_msgs/msg/string_stamped.h
[11.135s] -- Up-to-date symlink: /home/autoware/aichallenge2023-integration-final-main/install/tier4_debug_msgs/share/tier4_debug_msgs/environment/library_path.sh
[11.136s] -- Up-to-date symlink: /home/autoware/aichallenge2023-integration-final-main/install/tier4_debug_msgs/share/tier4_debug_msgs/environment/library_path.dsv
[11.137s] -- Up-to-date symlink: /home/autoware/aichallenge2023-integration-final-main/install/tier4_debug_msgs/include/tier4_debug_msgs/tier4_debug_msgs/msg/detail/bool_stamped__rosidl_typesupport_fastrtps_c.h
[11.137s] -- Up-to-date symlink: /home/autoware/aichallenge2023-integration-final-main/install/tier4_debug_msgs/include/tier4_debug_msgs/tier4_debug_msgs/msg/detail/float32_multi_array_stamped__rosidl_typesupport_fastrtps_c.h
[11.137s] -- Up-to-date symlink: /home/autoware/aichallenge2023-integration-final-main/install/tier4_debug_msgs/include/tier4_debug_msgs/tier4_debug_msgs/msg/detail/float32_stamped__rosidl_typesupport_fastrtps_c.h
[11.138s] -- Up-to-date symlink: /home/autoware/aichallenge2023-integration-final-main/install/tier4_debug_msgs/include/tier4_debug_msgs/tier4_debug_msgs/msg/detail/float64_multi_array_stamped__rosidl_typesupport_fastrtps_c.h
[11.138s] -- Up-to-date symlink: /home/autoware/aichallenge2023-integration-final-main/install/tier4_debug_msgs/include/tier4_debug_msgs/tier4_debug_msgs/msg/detail/float64_stamped__rosidl_typesupport_fastrtps_c.h
[11.138s] -- Up-to-date symlink: /home/autoware/aichallenge2023-integration-final-main/install/tier4_debug_msgs/include/tier4_debug_msgs/tier4_debug_msgs/msg/detail/int32_multi_array_stamped__rosidl_typesupport_fastrtps_c.h
[11.138s] -- Up-to-date symlink: /home/autoware/aichallenge2023-integration-final-main/install/tier4_debug_msgs/include/tier4_debug_msgs/tier4_debug_msgs/msg/detail/int32_stamped__rosidl_typesupport_fastrtps_c.h
[11.139s] -- Up-to-date symlink: /home/autoware/aichallenge2023-integration-final-main/install/tier4_debug_msgs/include/tier4_debug_msgs/tier4_debug_msgs/msg/detail/int64_multi_array_stamped__rosidl_typesupport_fastrtps_c.h
[11.139s] -- Up-to-date symlink: /home/autoware/aichallenge2023-integration-final-main/install/tier4_debug_msgs/include/tier4_debug_msgs/tier4_debug_msgs/msg/detail/int64_stamped__rosidl_typesupport_fastrtps_c.h
[11.139s] -- Up-to-date symlink: /home/autoware/aichallenge2023-integration-final-main/install/tier4_debug_msgs/include/tier4_debug_msgs/tier4_debug_msgs/msg/detail/multi_array_dimension__rosidl_typesupport_fastrtps_c.h
[11.139s] -- Up-to-date symlink: /home/autoware/aichallenge2023-integration-final-main/install/tier4_debug_msgs/include/tier4_debug_msgs/tier4_debug_msgs/msg/detail/multi_array_layout__rosidl_typesupport_fastrtps_c.h
[11.140s] -- Up-to-date symlink: /home/autoware/aichallenge2023-integration-final-main/install/tier4_debug_msgs/include/tier4_debug_msgs/tier4_debug_msgs/msg/detail/string_stamped__rosidl_typesupport_fastrtps_c.h
[11.140s] -- Up-to-date symlink: /home/autoware/aichallenge2023-integration-final-main/install/tier4_debug_msgs/include/tier4_debug_msgs/tier4_debug_msgs/msg/rosidl_typesupport_fastrtps_c__visibility_control.h
[11.141s] -- Up-to-date symlink: /home/autoware/aichallenge2023-integration-final-main/install/tier4_debug_msgs/include/tier4_debug_msgs/tier4_debug_msgs/msg/detail/bool_stamped__rosidl_typesupport_introspection_c.h
[11.141s] -- Up-to-date symlink: /home/autoware/aichallenge2023-integration-final-main/install/tier4_debug_msgs/include/tier4_debug_msgs/tier4_debug_msgs/msg/detail/float32_multi_array_stamped__rosidl_typesupport_introspection_c.h
[11.141s] -- Up-to-date symlink: /home/autoware/aichallenge2023-integration-final-main/install/tier4_debug_msgs/include/tier4_debug_msgs/tier4_debug_msgs/msg/detail/float32_stamped__rosidl_typesupport_introspection_c.h
[11.141s] -- Up-to-date symlink: /home/autoware/aichallenge2023-integration-final-main/install/tier4_debug_msgs/include/tier4_debug_msgs/tier4_debug_msgs/msg/detail/float64_multi_array_stamped__rosidl_typesupport_introspection_c.h
[11.142s] -- Up-to-date symlink: /home/autoware/aichallenge2023-integration-final-main/install/tier4_debug_msgs/include/tier4_debug_msgs/tier4_debug_msgs/msg/detail/float64_stamped__rosidl_typesupport_introspection_c.h
[11.142s] -- Up-to-date symlink: /home/autoware/aichallenge2023-integration-final-main/install/tier4_debug_msgs/include/tier4_debug_msgs/tier4_debug_msgs/msg/detail/int32_multi_array_stamped__rosidl_typesupport_introspection_c.h
[11.142s] -- Up-to-date symlink: /home/autoware/aichallenge2023-integration-final-main/install/tier4_debug_msgs/include/tier4_debug_msgs/tier4_debug_msgs/msg/detail/int32_stamped__rosidl_typesupport_introspection_c.h
[11.142s] -- Up-to-date symlink: /home/autoware/aichallenge2023-integration-final-main/install/tier4_debug_msgs/include/tier4_debug_msgs/tier4_debug_msgs/msg/detail/int64_multi_array_stamped__rosidl_typesupport_introspection_c.h
[11.143s] -- Up-to-date symlink: /home/autoware/aichallenge2023-integration-final-main/install/tier4_debug_msgs/include/tier4_debug_msgs/tier4_debug_msgs/msg/detail/int64_stamped__rosidl_typesupport_introspection_c.h
[11.143s] -- Up-to-date symlink: /home/autoware/aichallenge2023-integration-final-main/install/tier4_debug_msgs/include/tier4_debug_msgs/tier4_debug_msgs/msg/detail/multi_array_dimension__rosidl_typesupport_introspection_c.h
[11.143s] -- Up-to-date symlink: /home/autoware/aichallenge2023-integration-final-main/install/tier4_debug_msgs/include/tier4_debug_msgs/tier4_debug_msgs/msg/detail/multi_array_layout__rosidl_typesupport_introspection_c.h
[11.143s] -- Up-to-date symlink: /home/autoware/aichallenge2023-integration-final-main/install/tier4_debug_msgs/include/tier4_debug_msgs/tier4_debug_msgs/msg/detail/string_stamped__rosidl_typesupport_introspection_c.h
[11.144s] -- Up-to-date symlink: /home/autoware/aichallenge2023-integration-final-main/install/tier4_debug_msgs/include/tier4_debug_msgs/tier4_debug_msgs/msg/rosidl_typesupport_introspection_c__visibility_control.h
[11.145s] -- Up-to-date symlink: /home/autoware/aichallenge2023-integration-final-main/install/tier4_debug_msgs/include/tier4_debug_msgs/tier4_debug_msgs/msg/bool_stamped.hpp
[11.145s] -- Up-to-date symlink: /home/autoware/aichallenge2023-integration-final-main/install/tier4_debug_msgs/include/tier4_debug_msgs/tier4_debug_msgs/msg/detail/bool_stamped__builder.hpp
[11.145s] -- Up-to-date symlink: /home/autoware/aichallenge2023-integration-final-main/install/tier4_debug_msgs/include/tier4_debug_msgs/tier4_debug_msgs/msg/detail/bool_stamped__struct.hpp
[11.145s] -- Up-to-date symlink: /home/autoware/aichallenge2023-integration-final-main/install/tier4_debug_msgs/include/tier4_debug_msgs/tier4_debug_msgs/msg/detail/bool_stamped__traits.hpp
[11.146s] -- Up-to-date symlink: /home/autoware/aichallenge2023-integration-final-main/install/tier4_debug_msgs/include/tier4_debug_msgs/tier4_debug_msgs/msg/detail/float32_multi_array_stamped__builder.hpp
[11.146s] -- Up-to-date symlink: /home/autoware/aichallenge2023-integration-final-main/install/tier4_debug_msgs/include/tier4_debug_msgs/tier4_debug_msgs/msg/detail/float32_multi_array_stamped__struct.hpp
[11.146s] -- Up-to-date symlink: /home/autoware/aichallenge2023-integration-final-main/install/tier4_debug_msgs/include/tier4_debug_msgs/tier4_debug_msgs/msg/detail/float32_multi_array_stamped__traits.hpp
[11.146s] -- Up-to-date symlink: /home/autoware/aichallenge2023-integration-final-main/install/tier4_debug_msgs/include/tier4_debug_msgs/tier4_debug_msgs/msg/detail/float32_stamped__builder.hpp
[11.147s] -- Up-to-date symlink: /home/autoware/aichallenge2023-integration-final-main/install/tier4_debug_msgs/include/tier4_debug_msgs/tier4_debug_msgs/msg/detail/float32_stamped__struct.hpp
[11.147s] -- Up-to-date symlink: /home/autoware/aichallenge2023-integration-final-main/install/tier4_debug_msgs/include/tier4_debug_msgs/tier4_debug_msgs/msg/detail/float32_stamped__traits.hpp
[11.147s] -- Up-to-date symlink: /home/autoware/aichallenge2023-integration-final-main/install/tier4_debug_msgs/include/tier4_debug_msgs/tier4_debug_msgs/msg/detail/float64_multi_array_stamped__builder.hpp
[11.147s] -- Up-to-date symlink: /home/autoware/aichallenge2023-integration-final-main/install/tier4_debug_msgs/include/tier4_debug_msgs/tier4_debug_msgs/msg/detail/float64_multi_array_stamped__struct.hpp
[11.148s] -- Up-to-date symlink: /home/autoware/aichallenge2023-integration-final-main/install/tier4_debug_msgs/include/tier4_debug_msgs/tier4_debug_msgs/msg/detail/float64_multi_array_stamped__traits.hpp
[11.148s] -- Up-to-date symlink: /home/autoware/aichallenge2023-integration-final-main/install/tier4_debug_msgs/include/tier4_debug_msgs/tier4_debug_msgs/msg/detail/float64_stamped__builder.hpp
[11.148s] -- Up-to-date symlink: /home/autoware/aichallenge2023-integration-final-main/install/tier4_debug_msgs/include/tier4_debug_msgs/tier4_debug_msgs/msg/detail/float64_stamped__struct.hpp
[11.148s] -- Up-to-date symlink: /home/autoware/aichallenge2023-integration-final-main/install/tier4_debug_msgs/include/tier4_debug_msgs/tier4_debug_msgs/msg/detail/float64_stamped__traits.hpp
[11.149s] -- Up-to-date symlink: /home/autoware/aichallenge2023-integration-final-main/install/tier4_debug_msgs/include/tier4_debug_msgs/tier4_debug_msgs/msg/detail/int32_multi_array_stamped__builder.hpp
[11.149s] -- Up-to-date symlink: /home/autoware/aichallenge2023-integration-final-main/install/tier4_debug_msgs/include/tier4_debug_msgs/tier4_debug_msgs/msg/detail/int32_multi_array_stamped__struct.hpp
[11.149s] -- Up-to-date symlink: /home/autoware/aichallenge2023-integration-final-main/install/tier4_debug_msgs/include/tier4_debug_msgs/tier4_debug_msgs/msg/detail/int32_multi_array_stamped__traits.hpp
[11.150s] -- Up-to-date symlink: /home/autoware/aichallenge2023-integration-final-main/install/tier4_debug_msgs/include/tier4_debug_msgs/tier4_debug_msgs/msg/detail/int32_stamped__builder.hpp
[11.150s] -- Up-to-date symlink: /home/autoware/aichallenge2023-integration-final-main/install/tier4_debug_msgs/include/tier4_debug_msgs/tier4_debug_msgs/msg/detail/int32_stamped__struct.hpp
[11.150s] -- Up-to-date symlink: /home/autoware/aichallenge2023-integration-final-main/install/tier4_debug_msgs/include/tier4_debug_msgs/tier4_debug_msgs/msg/detail/int32_stamped__traits.hpp
[11.150s] -- Up-to-date symlink: /home/autoware/aichallenge2023-integration-final-main/install/tier4_debug_msgs/include/tier4_debug_msgs/tier4_debug_msgs/msg/detail/int64_multi_array_stamped__builder.hpp
[11.151s] -- Up-to-date symlink: /home/autoware/aichallenge2023-integration-final-main/install/tier4_debug_msgs/include/tier4_debug_msgs/tier4_debug_msgs/msg/detail/int64_multi_array_stamped__struct.hpp
[11.151s] -- Up-to-date symlink: /home/autoware/aichallenge2023-integration-final-main/install/tier4_debug_msgs/include/tier4_debug_msgs/tier4_debug_msgs/msg/detail/int64_multi_array_stamped__traits.hpp
[11.151s] -- Up-to-date symlink: /home/autoware/aichallenge2023-integration-final-main/install/tier4_debug_msgs/include/tier4_debug_msgs/tier4_debug_msgs/msg/detail/int64_stamped__builder.hpp
[11.151s] -- Up-to-date symlink: /home/autoware/aichallenge2023-integration-final-main/install/tier4_debug_msgs/include/tier4_debug_msgs/tier4_debug_msgs/msg/detail/int64_stamped__struct.hpp
[11.152s] -- Up-to-date symlink: /home/autoware/aichallenge2023-integration-final-main/install/tier4_debug_msgs/include/tier4_debug_msgs/tier4_debug_msgs/msg/detail/int64_stamped__traits.hpp
[11.152s] -- Up-to-date symlink: /home/autoware/aichallenge2023-integration-final-main/install/tier4_debug_msgs/include/tier4_debug_msgs/tier4_debug_msgs/msg/detail/multi_array_dimension__builder.hpp
[11.152s] -- Up-to-date symlink: /home/autoware/aichallenge2023-integration-final-main/install/tier4_debug_msgs/include/tier4_debug_msgs/tier4_debug_msgs/msg/detail/multi_array_dimension__struct.hpp
[11.152s] -- Up-to-date symlink: /home/autoware/aichallenge2023-integration-final-main/install/tier4_debug_msgs/include/tier4_debug_msgs/tier4_debug_msgs/msg/detail/multi_array_dimension__traits.hpp
[11.152s] -- Up-to-date symlink: /home/autoware/aichallenge2023-integration-final-main/install/tier4_debug_msgs/include/tier4_debug_msgs/tier4_debug_msgs/msg/detail/multi_array_layout__builder.hpp
[11.153s] -- Up-to-date symlink: /home/autoware/aichallenge2023-integration-final-main/install/tier4_debug_msgs/include/tier4_debug_msgs/tier4_debug_msgs/msg/detail/multi_array_layout__struct.hpp
[11.153s] -- Up-to-date symlink: /home/autoware/aichallenge2023-integration-final-main/install/tier4_debug_msgs/include/tier4_debug_msgs/tier4_debug_msgs/msg/detail/multi_array_layout__traits.hpp
[11.153s] -- Up-to-date symlink: /home/autoware/aichallenge2023-integration-final-main/install/tier4_debug_msgs/include/tier4_debug_msgs/tier4_debug_msgs/msg/detail/string_stamped__builder.hpp
[11.153s] -- Up-to-date symlink: /home/autoware/aichallenge2023-integration-final-main/install/tier4_debug_msgs/include/tier4_debug_msgs/tier4_debug_msgs/msg/detail/string_stamped__struct.hpp
[11.153s] -- Up-to-date symlink: /home/autoware/aichallenge2023-integration-final-main/install/tier4_debug_msgs/include/tier4_debug_msgs/tier4_debug_msgs/msg/detail/string_stamped__traits.hpp
[11.153s] -- Up-to-date symlink: /home/autoware/aichallenge2023-integration-final-main/install/tier4_debug_msgs/include/tier4_debug_msgs/tier4_debug_msgs/msg/float32_multi_array_stamped.hpp
[11.153s] -- Up-to-date symlink: /home/autoware/aichallenge2023-integration-final-main/install/tier4_debug_msgs/include/tier4_debug_msgs/tier4_debug_msgs/msg/float32_stamped.hpp
[11.153s] -- Up-to-date symlink: /home/autoware/aichallenge2023-integration-final-main/install/tier4_debug_msgs/include/tier4_debug_msgs/tier4_debug_msgs/msg/float64_multi_array_stamped.hpp
[11.154s] -- Up-to-date symlink: /home/autoware/aichallenge2023-integration-final-main/install/tier4_debug_msgs/include/tier4_debug_msgs/tier4_debug_msgs/msg/float64_stamped.hpp
[11.154s] -- Up-to-date symlink: /home/autoware/aichallenge2023-integration-final-main/install/tier4_debug_msgs/include/tier4_debug_msgs/tier4_debug_msgs/msg/int32_multi_array_stamped.hpp
[11.154s] -- Up-to-date symlink: /home/autoware/aichallenge2023-integration-final-main/install/tier4_debug_msgs/include/tier4_debug_msgs/tier4_debug_msgs/msg/int32_stamped.hpp
[11.154s] -- Up-to-date symlink: /home/autoware/aichallenge2023-integration-final-main/install/tier4_debug_msgs/include/tier4_debug_msgs/tier4_debug_msgs/msg/int64_multi_array_stamped.hpp
[11.154s] -- Up-to-date symlink: /home/autoware/aichallenge2023-integration-final-main/install/tier4_debug_msgs/include/tier4_debug_msgs/tier4_debug_msgs/msg/int64_stamped.hpp
[11.154s] -- Up-to-date symlink: /home/autoware/aichallenge2023-integration-final-main/install/tier4_debug_msgs/include/tier4_debug_msgs/tier4_debug_msgs/msg/multi_array_dimension.hpp
[11.155s] -- Up-to-date symlink: /home/autoware/aichallenge2023-integration-final-main/install/tier4_debug_msgs/include/tier4_debug_msgs/tier4_debug_msgs/msg/multi_array_layout.hpp
[11.155s] -- Up-to-date symlink: /home/autoware/aichallenge2023-integration-final-main/install/tier4_debug_msgs/include/tier4_debug_msgs/tier4_debug_msgs/msg/string_stamped.hpp
[11.156s] -- Up-to-date symlink: /home/autoware/aichallenge2023-integration-final-main/install/tier4_debug_msgs/include/tier4_debug_msgs/tier4_debug_msgs/msg/detail/bool_stamped__rosidl_typesupport_fastrtps_cpp.hpp
[11.156s] -- Up-to-date symlink: /home/autoware/aichallenge2023-integration-final-main/install/tier4_debug_msgs/include/tier4_debug_msgs/tier4_debug_msgs/msg/detail/float32_multi_array_stamped__rosidl_typesupport_fastrtps_cpp.hpp
[11.156s] -- Up-to-date symlink: /home/autoware/aichallenge2023-integration-final-main/install/tier4_debug_msgs/include/tier4_debug_msgs/tier4_debug_msgs/msg/detail/float32_stamped__rosidl_typesupport_fastrtps_cpp.hpp
[11.156s] -- Up-to-date symlink: /home/autoware/aichallenge2023-integration-final-main/install/tier4_debug_msgs/include/tier4_debug_msgs/tier4_debug_msgs/msg/detail/float64_multi_array_stamped__rosidl_typesupport_fastrtps_cpp.hpp
[11.158s] -- Up-to-date symlink: /home/autoware/aichallenge2023-integration-final-main/install/tier4_debug_msgs/include/tier4_debug_msgs/tier4_debug_msgs/msg/detail/float64_stamped__rosidl_typesupport_fastrtps_cpp.hpp
[11.158s] -- Up-to-date symlink: /home/autoware/aichallenge2023-integration-final-main/install/tier4_debug_msgs/include/tier4_debug_msgs/tier4_debug_msgs/msg/detail/int32_multi_array_stamped__rosidl_typesupport_fastrtps_cpp.hpp
[11.158s] -- Up-to-date symlink: /home/autoware/aichallenge2023-integration-final-main/install/tier4_debug_msgs/include/tier4_debug_msgs/tier4_debug_msgs/msg/detail/int32_stamped__rosidl_typesupport_fastrtps_cpp.hpp
[11.158s] -- Up-to-date symlink: /home/autoware/aichallenge2023-integration-final-main/install/tier4_debug_msgs/include/tier4_debug_msgs/tier4_debug_msgs/msg/detail/int64_multi_array_stamped__rosidl_typesupport_fastrtps_cpp.hpp
[11.158s] -- Up-to-date symlink: /home/autoware/aichallenge2023-integration-final-main/install/tier4_debug_msgs/include/tier4_debug_msgs/tier4_debug_msgs/msg/detail/int64_stamped__rosidl_typesupport_fastrtps_cpp.hpp
[11.159s] -- Up-to-date symlink: /home/autoware/aichallenge2023-integration-final-main/install/tier4_debug_msgs/include/tier4_debug_msgs/tier4_debug_msgs/msg/detail/multi_array_dimension__rosidl_typesupport_fastrtps_cpp.hpp
[11.159s] -- Up-to-date symlink: /home/autoware/aichallenge2023-integration-final-main/install/tier4_debug_msgs/include/tier4_debug_msgs/tier4_debug_msgs/msg/detail/multi_array_layout__rosidl_typesupport_fastrtps_cpp.hpp
[11.159s] -- Up-to-date symlink: /home/autoware/aichallenge2023-integration-final-main/install/tier4_debug_msgs/include/tier4_debug_msgs/tier4_debug_msgs/msg/detail/string_stamped__rosidl_typesupport_fastrtps_cpp.hpp
[11.159s] -- Up-to-date symlink: /home/autoware/aichallenge2023-integration-final-main/install/tier4_debug_msgs/include/tier4_debug_msgs/tier4_debug_msgs/msg/rosidl_typesupport_fastrtps_cpp__visibility_control.h
[11.160s] -- Up-to-date symlink: /home/autoware/aichallenge2023-integration-final-main/install/tier4_debug_msgs/include/tier4_debug_msgs/tier4_debug_msgs/msg/detail/bool_stamped__rosidl_typesupport_introspection_cpp.hpp
[11.160s] -- Up-to-date symlink: /home/autoware/aichallenge2023-integration-final-main/install/tier4_debug_msgs/include/tier4_debug_msgs/tier4_debug_msgs/msg/detail/float32_multi_array_stamped__rosidl_typesupport_introspection_cpp.hpp
[11.160s] -- Up-to-date symlink: /home/autoware/aichallenge2023-integration-final-main/install/tier4_debug_msgs/include/tier4_debug_msgs/tier4_debug_msgs/msg/detail/float32_stamped__rosidl_typesupport_introspection_cpp.hpp
[11.160s] -- Up-to-date symlink: /home/autoware/aichallenge2023-integration-final-main/install/tier4_debug_msgs/include/tier4_debug_msgs/tier4_debug_msgs/msg/detail/float64_multi_array_stamped__rosidl_typesupport_introspection_cpp.hpp
[11.160s] -- Up-to-date symlink: /home/autoware/aichallenge2023-integration-final-main/install/tier4_debug_msgs/include/tier4_debug_msgs/tier4_debug_msgs/msg/detail/float64_stamped__rosidl_typesupport_introspection_cpp.hpp
[11.160s] -- Up-to-date symlink: /home/autoware/aichallenge2023-integration-final-main/install/tier4_debug_msgs/include/tier4_debug_msgs/tier4_debug_msgs/msg/detail/int32_multi_array_stamped__rosidl_typesupport_introspection_cpp.hpp
[11.161s] -- Up-to-date symlink: /home/autoware/aichallenge2023-integration-final-main/install/tier4_debug_msgs/include/tier4_debug_msgs/tier4_debug_msgs/msg/detail/int32_stamped__rosidl_typesupport_introspection_cpp.hpp
[11.161s] -- Up-to-date symlink: /home/autoware/aichallenge2023-integration-final-main/install/tier4_debug_msgs/include/tier4_debug_msgs/tier4_debug_msgs/msg/detail/int64_multi_array_stamped__rosidl_typesupport_introspection_cpp.hpp
[11.161s] -- Up-to-date symlink: /home/autoware/aichallenge2023-integration-final-main/install/tier4_debug_msgs/include/tier4_debug_msgs/tier4_debug_msgs/msg/detail/int64_stamped__rosidl_typesupport_introspection_cpp.hpp
[11.161s] -- Up-to-date symlink: /home/autoware/aichallenge2023-integration-final-main/install/tier4_debug_msgs/include/tier4_debug_msgs/tier4_debug_msgs/msg/detail/multi_array_dimension__rosidl_typesupport_introspection_cpp.hpp
[11.161s] -- Up-to-date symlink: /home/autoware/aichallenge2023-integration-final-main/install/tier4_debug_msgs/include/tier4_debug_msgs/tier4_debug_msgs/msg/detail/multi_array_layout__rosidl_typesupport_introspection_cpp.hpp
[11.161s] -- Up-to-date symlink: /home/autoware/aichallenge2023-integration-final-main/install/tier4_debug_msgs/include/tier4_debug_msgs/tier4_debug_msgs/msg/detail/string_stamped__rosidl_typesupport_introspection_cpp.hpp
[11.162s] -- Up-to-date symlink: /home/autoware/aichallenge2023-integration-final-main/install/tier4_debug_msgs/share/tier4_debug_msgs/environment/pythonpath.sh
[11.162s] -- Up-to-date symlink: /home/autoware/aichallenge2023-integration-final-main/install/tier4_debug_msgs/share/tier4_debug_msgs/environment/pythonpath.dsv
[11.162s] -- Up-to-date symlink: /home/autoware/aichallenge2023-integration-final-main/install/tier4_debug_msgs/local/lib/python3.10/dist-packages/tier4_debug_msgs-0.1.0-py3.10.egg-info/PKG-INFO
[11.162s] -- Up-to-date symlink: /home/autoware/aichallenge2023-integration-final-main/install/tier4_debug_msgs/local/lib/python3.10/dist-packages/tier4_debug_msgs-0.1.0-py3.10.egg-info/SOURCES.txt
[11.162s] -- Up-to-date symlink: /home/autoware/aichallenge2023-integration-final-main/install/tier4_debug_msgs/local/lib/python3.10/dist-packages/tier4_debug_msgs-0.1.0-py3.10.egg-info/dependency_links.txt
[11.163s] -- Up-to-date symlink: /home/autoware/aichallenge2023-integration-final-main/install/tier4_debug_msgs/local/lib/python3.10/dist-packages/tier4_debug_msgs-0.1.0-py3.10.egg-info/top_level.txt
[11.164s] -- Up-to-date symlink: /home/autoware/aichallenge2023-integration-final-main/install/tier4_debug_msgs/local/lib/python3.10/dist-packages/tier4_debug_msgs/__init__.py
[11.164s] -- Up-to-date symlink: /home/autoware/aichallenge2023-integration-final-main/install/tier4_debug_msgs/local/lib/python3.10/dist-packages/tier4_debug_msgs/_tier4_debug_msgs_s.ep.rosidl_typesupport_c.c
[11.164s] -- Up-to-date symlink: /home/autoware/aichallenge2023-integration-final-main/install/tier4_debug_msgs/local/lib/python3.10/dist-packages/tier4_debug_msgs/_tier4_debug_msgs_s.ep.rosidl_typesupport_fastrtps_c.c
[11.164s] -- Up-to-date symlink: /home/autoware/aichallenge2023-integration-final-main/install/tier4_debug_msgs/local/lib/python3.10/dist-packages/tier4_debug_msgs/_tier4_debug_msgs_s.ep.rosidl_typesupport_introspection_c.c
[11.164s] -- Up-to-date symlink: /home/autoware/aichallenge2023-integration-final-main/install/tier4_debug_msgs/local/lib/python3.10/dist-packages/tier4_debug_msgs/libtier4_debug_msgs__rosidl_generator_py.so
[11.164s] -- Up-to-date symlink: /home/autoware/aichallenge2023-integration-final-main/install/tier4_debug_msgs/local/lib/python3.10/dist-packages/tier4_debug_msgs/msg/__init__.py
[11.165s] -- Up-to-date symlink: /home/autoware/aichallenge2023-integration-final-main/install/tier4_debug_msgs/local/lib/python3.10/dist-packages/tier4_debug_msgs/msg/_bool_stamped.py
[11.165s] -- Up-to-date symlink: /home/autoware/aichallenge2023-integration-final-main/install/tier4_debug_msgs/local/lib/python3.10/dist-packages/tier4_debug_msgs/msg/_bool_stamped_s.c
[11.165s] -- Up-to-date symlink: /home/autoware/aichallenge2023-integration-final-main/install/tier4_debug_msgs/local/lib/python3.10/dist-packages/tier4_debug_msgs/msg/_float32_multi_array_stamped.py
[11.165s] -- Up-to-date symlink: /home/autoware/aichallenge2023-integration-final-main/install/tier4_debug_msgs/local/lib/python3.10/dist-packages/tier4_debug_msgs/msg/_float32_multi_array_stamped_s.c
[11.165s] -- Up-to-date symlink: /home/autoware/aichallenge2023-integration-final-main/install/tier4_debug_msgs/local/lib/python3.10/dist-packages/tier4_debug_msgs/msg/_float32_stamped.py
[11.165s] -- Up-to-date symlink: /home/autoware/aichallenge2023-integration-final-main/install/tier4_debug_msgs/local/lib/python3.10/dist-packages/tier4_debug_msgs/msg/_float32_stamped_s.c
[11.165s] -- Up-to-date symlink: /home/autoware/aichallenge2023-integration-final-main/install/tier4_debug_msgs/local/lib/python3.10/dist-packages/tier4_debug_msgs/msg/_float64_multi_array_stamped.py
[11.166s] -- Up-to-date symlink: /home/autoware/aichallenge2023-integration-final-main/install/tier4_debug_msgs/local/lib/python3.10/dist-packages/tier4_debug_msgs/msg/_float64_multi_array_stamped_s.c
[11.166s] -- Up-to-date symlink: /home/autoware/aichallenge2023-integration-final-main/install/tier4_debug_msgs/local/lib/python3.10/dist-packages/tier4_debug_msgs/msg/_float64_stamped.py
[11.166s] -- Up-to-date symlink: /home/autoware/aichallenge2023-integration-final-main/install/tier4_debug_msgs/local/lib/python3.10/dist-packages/tier4_debug_msgs/msg/_float64_stamped_s.c
[11.166s] -- Up-to-date symlink: /home/autoware/aichallenge2023-integration-final-main/install/tier4_debug_msgs/local/lib/python3.10/dist-packages/tier4_debug_msgs/msg/_int32_multi_array_stamped.py
[11.166s] -- Up-to-date symlink: /home/autoware/aichallenge2023-integration-final-main/install/tier4_debug_msgs/local/lib/python3.10/dist-packages/tier4_debug_msgs/msg/_int32_multi_array_stamped_s.c
[11.166s] -- Up-to-date symlink: /home/autoware/aichallenge2023-integration-final-main/install/tier4_debug_msgs/local/lib/python3.10/dist-packages/tier4_debug_msgs/msg/_int32_stamped.py
[11.166s] -- Up-to-date symlink: /home/autoware/aichallenge2023-integration-final-main/install/tier4_debug_msgs/local/lib/python3.10/dist-packages/tier4_debug_msgs/msg/_int32_stamped_s.c
[11.167s] -- Up-to-date symlink: /home/autoware/aichallenge2023-integration-final-main/install/tier4_debug_msgs/local/lib/python3.10/dist-packages/tier4_debug_msgs/msg/_int64_multi_array_stamped.py
[11.167s] -- Up-to-date symlink: /home/autoware/aichallenge2023-integration-final-main/install/tier4_debug_msgs/local/lib/python3.10/dist-packages/tier4_debug_msgs/msg/_int64_multi_array_stamped_s.c
[11.167s] -- Up-to-date symlink: /home/autoware/aichallenge2023-integration-final-main/install/tier4_debug_msgs/local/lib/python3.10/dist-packages/tier4_debug_msgs/msg/_int64_stamped.py
[11.167s] -- Up-to-date symlink: /home/autoware/aichallenge2023-integration-final-main/install/tier4_debug_msgs/local/lib/python3.10/dist-packages/tier4_debug_msgs/msg/_int64_stamped_s.c
[11.167s] -- Up-to-date symlink: /home/autoware/aichallenge2023-integration-final-main/install/tier4_debug_msgs/local/lib/python3.10/dist-packages/tier4_debug_msgs/msg/_multi_array_dimension.py
[11.167s] -- Up-to-date symlink: /home/autoware/aichallenge2023-integration-final-main/install/tier4_debug_msgs/local/lib/python3.10/dist-packages/tier4_debug_msgs/msg/_multi_array_dimension_s.c
[11.167s] -- Up-to-date symlink: /home/autoware/aichallenge2023-integration-final-main/install/tier4_debug_msgs/local/lib/python3.10/dist-packages/tier4_debug_msgs/msg/_multi_array_layout.py
[11.168s] -- Up-to-date symlink: /home/autoware/aichallenge2023-integration-final-main/install/tier4_debug_msgs/local/lib/python3.10/dist-packages/tier4_debug_msgs/msg/_multi_array_layout_s.c
[11.168s] -- Up-to-date symlink: /home/autoware/aichallenge2023-integration-final-main/install/tier4_debug_msgs/local/lib/python3.10/dist-packages/tier4_debug_msgs/msg/_string_stamped.py
[11.168s] -- Up-to-date symlink: /home/autoware/aichallenge2023-integration-final-main/install/tier4_debug_msgs/local/lib/python3.10/dist-packages/tier4_debug_msgs/msg/_string_stamped_s.c
[11.169s] -- Up-to-date symlink: /home/autoware/aichallenge2023-integration-final-main/install/tier4_debug_msgs/local/lib/python3.10/dist-packages/tier4_debug_msgs/tier4_debug_msgs_s__rosidl_typesupport_c.cpython-310-x86_64-linux-gnu.so
[11.169s] -- Up-to-date symlink: /home/autoware/aichallenge2023-integration-final-main/install/tier4_debug_msgs/local/lib/python3.10/dist-packages/tier4_debug_msgs/tier4_debug_msgs_s__rosidl_typesupport_fastrtps_c.cpython-310-x86_64-linux-gnu.so
[11.169s] -- Up-to-date symlink: /home/autoware/aichallenge2023-integration-final-main/install/tier4_debug_msgs/local/lib/python3.10/dist-packages/tier4_debug_msgs/tier4_debug_msgs_s__rosidl_typesupport_introspection_c.cpython-310-x86_64-linux-gnu.so
[11.169s] -- Up-to-date symlink: /home/autoware/aichallenge2023-integration-final-main/install/tier4_debug_msgs/local/lib/python3.10/dist-packages/tier4_debug_msgs/tier4_debug_msgs_s__rosidl_typesupport_fastrtps_c.cpython-310-x86_64-linux-gnu.so
[11.169s] -- Up-to-date symlink: /home/autoware/aichallenge2023-integration-final-main/install/tier4_debug_msgs/local/lib/python3.10/dist-packages/tier4_debug_msgs/tier4_debug_msgs_s__rosidl_typesupport_introspection_c.cpython-310-x86_64-linux-gnu.so
[11.170s] -- Up-to-date symlink: /home/autoware/aichallenge2023-integration-final-main/install/tier4_debug_msgs/local/lib/python3.10/dist-packages/tier4_debug_msgs/tier4_debug_msgs_s__rosidl_typesupport_c.cpython-310-x86_64-linux-gnu.so
[11.170s] -- Up-to-date symlink: /home/autoware/aichallenge2023-integration-final-main/install/tier4_debug_msgs/share/tier4_debug_msgs/msg/MultiArrayDimension.idl
[11.170s] -- Up-to-date symlink: /home/autoware/aichallenge2023-integration-final-main/install/tier4_debug_msgs/share/tier4_debug_msgs/msg/MultiArrayLayout.idl
[11.170s] -- Up-to-date symlink: /home/autoware/aichallenge2023-integration-final-main/install/tier4_debug_msgs/share/tier4_debug_msgs/msg/BoolStamped.idl
[11.170s] -- Up-to-date symlink: /home/autoware/aichallenge2023-integration-final-main/install/tier4_debug_msgs/share/tier4_debug_msgs/msg/Float32Stamped.idl
[11.171s] -- Up-to-date symlink: /home/autoware/aichallenge2023-integration-final-main/install/tier4_debug_msgs/share/tier4_debug_msgs/msg/Float32MultiArrayStamped.idl
[11.171s] -- Up-to-date symlink: /home/autoware/aichallenge2023-integration-final-main/install/tier4_debug_msgs/share/tier4_debug_msgs/msg/Float64Stamped.idl
[11.171s] -- Up-to-date symlink: /home/autoware/aichallenge2023-integration-final-main/install/tier4_debug_msgs/share/tier4_debug_msgs/msg/Float64MultiArrayStamped.idl
[11.171s] -- Up-to-date symlink: /home/autoware/aichallenge2023-integration-final-main/install/tier4_debug_msgs/share/tier4_debug_msgs/msg/Int32Stamped.idl
[11.171s] -- Up-to-date symlink: /home/autoware/aichallenge2023-integration-final-main/install/tier4_debug_msgs/share/tier4_debug_msgs/msg/Int32MultiArrayStamped.idl
[11.171s] -- Up-to-date symlink: /home/autoware/aichallenge2023-integration-final-main/install/tier4_debug_msgs/share/tier4_debug_msgs/msg/Int64Stamped.idl
[11.172s] -- Up-to-date symlink: /home/autoware/aichallenge2023-integration-final-main/install/tier4_debug_msgs/share/tier4_debug_msgs/msg/Int64MultiArrayStamped.idl
[11.172s] -- Up-to-date symlink: /home/autoware/aichallenge2023-integration-final-main/install/tier4_debug_msgs/share/tier4_debug_msgs/msg/StringStamped.idl
[11.172s] -- Up-to-date symlink: /home/autoware/aichallenge2023-integration-final-main/install/tier4_debug_msgs/share/tier4_debug_msgs/msg/MultiArrayDimension.msg
[11.175s] -- Up-to-date symlink: /home/autoware/aichallenge2023-integration-final-main/install/tier4_debug_msgs/share/tier4_debug_msgs/msg/MultiArrayLayout.msg
[11.175s] -- Up-to-date symlink: /home/autoware/aichallenge2023-integration-final-main/install/tier4_debug_msgs/share/tier4_debug_msgs/msg/BoolStamped.msg
[11.175s] -- Up-to-date symlink: /home/autoware/aichallenge2023-integration-final-main/install/tier4_debug_msgs/share/tier4_debug_msgs/msg/Float32Stamped.msg
[11.175s] -- Up-to-date symlink: /home/autoware/aichallenge2023-integration-final-main/install/tier4_debug_msgs/share/tier4_debug_msgs/msg/Float32MultiArrayStamped.msg
[11.175s] -- Up-to-date symlink: /home/autoware/aichallenge2023-integration-final-main/install/tier4_debug_msgs/share/tier4_debug_msgs/msg/Float64Stamped.msg
[11.175s] -- Up-to-date symlink: /home/autoware/aichallenge2023-integration-final-main/install/tier4_debug_msgs/share/tier4_debug_msgs/msg/Float64MultiArrayStamped.msg
[11.175s] -- Up-to-date symlink: /home/autoware/aichallenge2023-integration-final-main/install/tier4_debug_msgs/share/tier4_debug_msgs/msg/Int32Stamped.msg
[11.176s] -- Up-to-date symlink: /home/autoware/aichallenge2023-integration-final-main/install/tier4_debug_msgs/share/tier4_debug_msgs/msg/Int32MultiArrayStamped.msg
[11.176s] -- Up-to-date symlink: /home/autoware/aichallenge2023-integration-final-main/install/tier4_debug_msgs/share/tier4_debug_msgs/msg/Int64Stamped.msg
[11.176s] -- Up-to-date symlink: /home/autoware/aichallenge2023-integration-final-main/install/tier4_debug_msgs/share/tier4_debug_msgs/msg/Int64MultiArrayStamped.msg
[11.176s] -- Up-to-date symlink: /home/autoware/aichallenge2023-integration-final-main/install/tier4_debug_msgs/share/tier4_debug_msgs/msg/StringStamped.msg
[11.176s] -- Up-to-date symlink: /home/autoware/aichallenge2023-integration-final-main/install/tier4_debug_msgs/share/ament_index/resource_index/package_run_dependencies/tier4_debug_msgs
[11.176s] -- Up-to-date symlink: /home/autoware/aichallenge2023-integration-final-main/install/tier4_debug_msgs/share/ament_index/resource_index/parent_prefix_path/tier4_debug_msgs
[11.176s] -- Up-to-date symlink: /home/autoware/aichallenge2023-integration-final-main/install/tier4_debug_msgs/share/tier4_debug_msgs/environment/ament_prefix_path.sh
[11.176s] -- Up-to-date symlink: /home/autoware/aichallenge2023-integration-final-main/install/tier4_debug_msgs/share/tier4_debug_msgs/environment/ament_prefix_path.dsv
[11.176s] -- Up-to-date symlink: /home/autoware/aichallenge2023-integration-final-main/install/tier4_debug_msgs/share/tier4_debug_msgs/environment/path.sh
[11.176s] -- Up-to-date symlink: /home/autoware/aichallenge2023-integration-final-main/install/tier4_debug_msgs/share/tier4_debug_msgs/environment/path.dsv
[11.176s] -- Up-to-date symlink: /home/autoware/aichallenge2023-integration-final-main/install/tier4_debug_msgs/share/tier4_debug_msgs/local_setup.bash
[11.176s] -- Up-to-date symlink: /home/autoware/aichallenge2023-integration-final-main/install/tier4_debug_msgs/share/tier4_debug_msgs/local_setup.sh
[11.176s] -- Up-to-date symlink: /home/autoware/aichallenge2023-integration-final-main/install/tier4_debug_msgs/share/tier4_debug_msgs/local_setup.zsh
[11.178s] -- Up-to-date symlink: /home/autoware/aichallenge2023-integration-final-main/install/tier4_debug_msgs/share/tier4_debug_msgs/local_setup.dsv
[11.178s] -- Symlinking: /home/autoware/aichallenge2023-integration-final-main/install/tier4_debug_msgs/share/tier4_debug_msgs/package.dsv
[11.229s] -- Up-to-date symlink: /home/autoware/aichallenge2023-integration-final-main/install/tier4_debug_msgs/share/ament_index/resource_index/packages/tier4_debug_msgs
[11.230s] -- Up-to-date symlink: /home/autoware/aichallenge2023-integration-final-main/install/tier4_debug_msgs/share/tier4_debug_msgs/cmake/rosidl_cmake-extras.cmake
[11.230s] -- Up-to-date symlink: /home/autoware/aichallenge2023-integration-final-main/install/tier4_debug_msgs/share/tier4_debug_msgs/cmake/ament_cmake_export_dependencies-extras.cmake
[11.230s] -- Up-to-date symlink: /home/autoware/aichallenge2023-integration-final-main/install/tier4_debug_msgs/share/tier4_debug_msgs/cmake/ament_cmake_export_include_directories-extras.cmake
[11.231s] -- Up-to-date symlink: /home/autoware/aichallenge2023-integration-final-main/install/tier4_debug_msgs/share/tier4_debug_msgs/cmake/ament_cmake_export_libraries-extras.cmake
[11.231s] -- Up-to-date symlink: /home/autoware/aichallenge2023-integration-final-main/install/tier4_debug_msgs/share/tier4_debug_msgs/cmake/ament_cmake_export_targets-extras.cmake
[11.231s] -- Up-to-date symlink: /home/autoware/aichallenge2023-integration-final-main/install/tier4_debug_msgs/share/tier4_debug_msgs/cmake/rosidl_cmake_export_typesupport_targets-extras.cmake
[11.232s] -- Up-to-date symlink: /home/autoware/aichallenge2023-integration-final-main/install/tier4_debug_msgs/share/tier4_debug_msgs/cmake/rosidl_cmake_export_typesupport_libraries-extras.cmake
[11.232s] -- Up-to-date symlink: /home/autoware/aichallenge2023-integration-final-main/install/tier4_debug_msgs/share/tier4_debug_msgs/cmake/tier4_debug_msgsConfig.cmake
[11.232s] -- Up-to-date symlink: /home/autoware/aichallenge2023-integration-final-main/install/tier4_debug_msgs/share/tier4_debug_msgs/cmake/tier4_debug_msgsConfig-version.cmake
[11.232s] -- Up-to-date symlink: /home/autoware/aichallenge2023-integration-final-main/install/tier4_debug_msgs/share/tier4_debug_msgs/package.xml
[11.233s] -- Up-to-date: /home/autoware/aichallenge2023-integration-final-main/install/tier4_debug_msgs/lib/libtier4_debug_msgs__rosidl_generator_c.so
[11.233s] -- Up-to-date: /home/autoware/aichallenge2023-integration-final-main/install/tier4_debug_msgs/lib/libtier4_debug_msgs__rosidl_typesupport_fastrtps_c.so
[11.234s] -- Up-to-date: /home/autoware/aichallenge2023-integration-final-main/install/tier4_debug_msgs/lib/libtier4_debug_msgs__rosidl_typesupport_introspection_c.so
[11.234s] -- Up-to-date: /home/autoware/aichallenge2023-integration-final-main/install/tier4_debug_msgs/lib/libtier4_debug_msgs__rosidl_typesupport_c.so
[11.234s] -- Up-to-date: /home/autoware/aichallenge2023-integration-final-main/install/tier4_debug_msgs/lib/libtier4_debug_msgs__rosidl_typesupport_fastrtps_cpp.so
[11.235s] -- Up-to-date: /home/autoware/aichallenge2023-integration-final-main/install/tier4_debug_msgs/lib/libtier4_debug_msgs__rosidl_typesupport_introspection_cpp.so
[11.235s] -- Up-to-date: /home/autoware/aichallenge2023-integration-final-main/install/tier4_debug_msgs/lib/libtier4_debug_msgs__rosidl_typesupport_cpp.so
[11.359s] Listing '/home/autoware/aichallenge2023-integration-final-main/install/tier4_debug_msgs/local/lib/python3.10/dist-packages/tier4_debug_msgs'...
[11.359s] Listing '/home/autoware/aichallenge2023-integration-final-main/install/tier4_debug_msgs/local/lib/python3.10/dist-packages/tier4_debug_msgs/msg'...
[11.362s] -- Up-to-date: /home/autoware/aichallenge2023-integration-final-main/install/tier4_debug_msgs/lib/libtier4_debug_msgs__rosidl_generator_py.so
[11.362s] -- Up-to-date: /home/autoware/aichallenge2023-integration-final-main/install/tier4_debug_msgs/share/tier4_debug_msgs/cmake/export_tier4_debug_msgs__rosidl_generator_cExport.cmake
[11.362s] -- Up-to-date: /home/autoware/aichallenge2023-integration-final-main/install/tier4_debug_msgs/share/tier4_debug_msgs/cmake/export_tier4_debug_msgs__rosidl_generator_cExport-release.cmake
[11.362s] -- Up-to-date: /home/autoware/aichallenge2023-integration-final-main/install/tier4_debug_msgs/share/tier4_debug_msgs/cmake/export_tier4_debug_msgs__rosidl_typesupport_fastrtps_cExport.cmake
[11.362s] -- Up-to-date: /home/autoware/aichallenge2023-integration-final-main/install/tier4_debug_msgs/share/tier4_debug_msgs/cmake/export_tier4_debug_msgs__rosidl_typesupport_fastrtps_cExport-release.cmake
[11.362s] -- Up-to-date: /home/autoware/aichallenge2023-integration-final-main/install/tier4_debug_msgs/share/tier4_debug_msgs/cmake/tier4_debug_msgs__rosidl_typesupport_introspection_cExport.cmake
[11.362s] -- Up-to-date: /home/autoware/aichallenge2023-integration-final-main/install/tier4_debug_msgs/share/tier4_debug_msgs/cmake/tier4_debug_msgs__rosidl_typesupport_introspection_cExport-release.cmake
[11.363s] -- Up-to-date: /home/autoware/aichallenge2023-integration-final-main/install/tier4_debug_msgs/share/tier4_debug_msgs/cmake/tier4_debug_msgs__rosidl_typesupport_cExport.cmake
[11.363s] -- Up-to-date: /home/autoware/aichallenge2023-integration-final-main/install/tier4_debug_msgs/share/tier4_debug_msgs/cmake/tier4_debug_msgs__rosidl_typesupport_cExport-release.cmake
[11.363s] -- Up-to-date: /home/autoware/aichallenge2023-integration-final-main/install/tier4_debug_msgs/share/tier4_debug_msgs/cmake/export_tier4_debug_msgs__rosidl_generator_cppExport.cmake
[11.363s] -- Up-to-date: /home/autoware/aichallenge2023-integration-final-main/install/tier4_debug_msgs/share/tier4_debug_msgs/cmake/export_tier4_debug_msgs__rosidl_typesupport_fastrtps_cppExport.cmake
[11.363s] -- Up-to-date: /home/autoware/aichallenge2023-integration-final-main/install/tier4_debug_msgs/share/tier4_debug_msgs/cmake/export_tier4_debug_msgs__rosidl_typesupport_fastrtps_cppExport-release.cmake
[11.363s] -- Up-to-date: /home/autoware/aichallenge2023-integration-final-main/install/tier4_debug_msgs/share/tier4_debug_msgs/cmake/tier4_debug_msgs__rosidl_typesupport_introspection_cppExport.cmake
[11.363s] -- Up-to-date: /home/autoware/aichallenge2023-integration-final-main/install/tier4_debug_msgs/share/tier4_debug_msgs/cmake/tier4_debug_msgs__rosidl_typesupport_introspection_cppExport-release.cmake
[11.363s] -- Up-to-date: /home/autoware/aichallenge2023-integration-final-main/install/tier4_debug_msgs/share/tier4_debug_msgs/cmake/tier4_debug_msgs__rosidl_typesupport_cppExport.cmake
[11.363s] -- Up-to-date: /home/autoware/aichallenge2023-integration-final-main/install/tier4_debug_msgs/share/tier4_debug_msgs/cmake/tier4_debug_msgs__rosidl_typesupport_cppExport-release.cmake
[11.364s] -- Up-to-date: /home/autoware/aichallenge2023-integration-final-main/install/tier4_debug_msgs/share/tier4_debug_msgs/cmake/export_tier4_debug_msgs__rosidl_generator_pyExport.cmake
[11.364s] -- Up-to-date: /home/autoware/aichallenge2023-integration-final-main/install/tier4_debug_msgs/share/tier4_debug_msgs/cmake/export_tier4_debug_msgs__rosidl_generator_pyExport-release.cmake
[11.419s] Invoked command in '/home/autoware/aichallenge2023-integration-final-main/build/tier4_debug_msgs' returned '0': CMAKE_PREFIX_PATH=${CMAKE_PREFIX_PATH}:/home/autoware/aichallenge2023-integration-final-main/install/simulator_compatibility_test:/home/autoware/aichallenge2023-integration-final-main/install/ad_api_visualizers:/home/autoware/autoware/install/simulator_compatibility_test:/home/autoware/autoware/install/ad_api_visualizers:/opt/ros/humble /usr/bin/cmake --install /home/autoware/aichallenge2023-integration-final-main/build/tier4_debug_msgs
