[0.108s] Invoking command in '/home/autoware/aichallenge2023-integration-final-main/build/ndt_omp': CMAKE_PREFIX_PATH=${CMAKE_PREFIX_PATH}:/home/autoware/autoware/install/simulator_compatibility_test:/home/autoware/autoware/install/ad_api_visualizers:/opt/ros/humble /usr/bin/cmake --build /home/autoware/aichallenge2023-integration-final-main/build/ndt_omp -- -j16 -l16
[0.358s] [ 57%] Built target ndt_omp
[0.491s] [100%] Built target multigrid_ndt_omp
[0.547s] Invoked command in '/home/autoware/aichallenge2023-integration-final-main/build/ndt_omp' returned '0': CMAKE_PREFIX_PATH=${CMAKE_PREFIX_PATH}:/home/autoware/autoware/install/simulator_compatibility_test:/home/autoware/autoware/install/ad_api_visualizers:/opt/ros/humble /usr/bin/cmake --build /home/autoware/aichallenge2023-integration-final-main/build/ndt_omp -- -j16 -l16
[0.905s] Invoking command in '/home/autoware/aichallenge2023-integration-final-main/build/ndt_omp': CMAKE_PREFIX_PATH=${CMAKE_PREFIX_PATH}:/home/autoware/autoware/install/simulator_compatibility_test:/home/autoware/autoware/install/ad_api_visualizers:/opt/ros/humble /usr/bin/cmake --install /home/autoware/aichallenge2023-integration-final-main/build/ndt_omp
[0.947s] -- Install configuration: "RELEASE"
[0.947s] -- Execute custom install script
[0.947s] -- Up-to-date symlink: /home/autoware/aichallenge2023-integration-final-main/install/ndt_omp/include/multigrid_pclomp/multi_voxel_grid_covariance_omp.h
[0.948s] -- Up-to-date symlink: /home/autoware/aichallenge2023-integration-final-main/install/ndt_omp/include/multigrid_pclomp/multi_voxel_grid_covariance_omp_impl.hpp
[0.948s] -- Up-to-date symlink: /home/autoware/aichallenge2023-integration-final-main/install/ndt_omp/include/multigrid_pclomp/multigrid_ndt_omp.h
[0.948s] -- Up-to-date symlink: /home/autoware/aichallenge2023-integration-final-main/install/ndt_omp/include/multigrid_pclomp/multigrid_ndt_omp_impl.hpp
[0.948s] -- Up-to-date symlink: /home/autoware/aichallenge2023-integration-final-main/install/ndt_omp/include/pclomp/gicp_omp.h
[0.948s] -- Up-to-date symlink: /home/autoware/aichallenge2023-integration-final-main/install/ndt_omp/include/pclomp/gicp_omp_impl.hpp
[0.948s] -- Up-to-date symlink: /home/autoware/aichallenge2023-integration-final-main/install/ndt_omp/include/pclomp/ndt_omp.h
[0.948s] -- Up-to-date symlink: /home/autoware/aichallenge2023-integration-final-main/install/ndt_omp/include/pclomp/ndt_omp_impl.hpp
[0.948s] -- Up-to-date symlink: /home/autoware/aichallenge2023-integration-final-main/install/ndt_omp/include/pclomp/voxel_grid_covariance_omp.h
[0.948s] -- Up-to-date symlink: /home/autoware/aichallenge2023-integration-final-main/install/ndt_omp/include/pclomp/voxel_grid_covariance_omp_impl.hpp
[0.948s] -- Up-to-date symlink: /home/autoware/aichallenge2023-integration-final-main/install/ndt_omp/share/ndt_omp/environment/library_path.sh
[0.948s] -- Up-to-date symlink: /home/autoware/aichallenge2023-integration-final-main/install/ndt_omp/share/ndt_omp/environment/library_path.dsv
[0.948s] -- Up-to-date symlink: /home/autoware/aichallenge2023-integration-final-main/install/ndt_omp/lib/libndt_omp.so
[0.948s] -- Up-to-date symlink: /home/autoware/aichallenge2023-integration-final-main/install/ndt_omp/lib/libmultigrid_ndt_omp.so
[0.949s] -- Up-to-date symlink: /home/autoware/aichallenge2023-integration-final-main/install/ndt_omp/share/ament_index/resource_index/package_run_dependencies/ndt_omp
[0.949s] -- Up-to-date symlink: /home/autoware/aichallenge2023-integration-final-main/install/ndt_omp/share/ament_index/resource_index/parent_prefix_path/ndt_omp
[0.949s] -- Up-to-date symlink: /home/autoware/aichallenge2023-integration-final-main/install/ndt_omp/share/ndt_omp/environment/ament_prefix_path.sh
[0.949s] -- Up-to-date symlink: /home/autoware/aichallenge2023-integration-final-main/install/ndt_omp/share/ndt_omp/environment/ament_prefix_path.dsv
[0.949s] -- Up-to-date symlink: /home/autoware/aichallenge2023-integration-final-main/install/ndt_omp/share/ndt_omp/environment/path.sh
[0.949s] -- Up-to-date symlink: /home/autoware/aichallenge2023-integration-final-main/install/ndt_omp/share/ndt_omp/environment/path.dsv
[0.949s] -- Up-to-date symlink: /home/autoware/aichallenge2023-integration-final-main/install/ndt_omp/share/ndt_omp/local_setup.bash
[0.949s] -- Up-to-date symlink: /home/autoware/aichallenge2023-integration-final-main/install/ndt_omp/share/ndt_omp/local_setup.sh
[0.949s] -- Up-to-date symlink: /home/autoware/aichallenge2023-integration-final-main/install/ndt_omp/share/ndt_omp/local_setup.zsh
[0.949s] -- Up-to-date symlink: /home/autoware/aichallenge2023-integration-final-main/install/ndt_omp/share/ndt_omp/local_setup.dsv
[0.949s] -- Symlinking: /home/autoware/aichallenge2023-integration-final-main/install/ndt_omp/share/ndt_omp/package.dsv
[0.980s] -- Up-to-date symlink: /home/autoware/aichallenge2023-integration-final-main/install/ndt_omp/share/ament_index/resource_index/packages/ndt_omp
[0.981s] -- Up-to-date symlink: /home/autoware/aichallenge2023-integration-final-main/install/ndt_omp/share/ndt_omp/cmake/ament_cmake_export_include_directories-extras.cmake
[0.981s] -- Up-to-date symlink: /home/autoware/aichallenge2023-integration-final-main/install/ndt_omp/share/ndt_omp/cmake/ament_cmake_export_libraries-extras.cmake
[0.981s] -- Up-to-date symlink: /home/autoware/aichallenge2023-integration-final-main/install/ndt_omp/share/ndt_omp/cmake/ndt_ompConfig.cmake
[0.981s] -- Up-to-date symlink: /home/autoware/aichallenge2023-integration-final-main/install/ndt_omp/share/ndt_omp/cmake/ndt_ompConfig-version.cmake
[0.981s] -- Up-to-date symlink: /home/autoware/aichallenge2023-integration-final-main/install/ndt_omp/share/ndt_omp/package.xml
[0.998s] Invoked command in '/home/autoware/aichallenge2023-integration-final-main/build/ndt_omp' returned '0': CMAKE_PREFIX_PATH=${CMAKE_PREFIX_PATH}:/home/autoware/autoware/install/simulator_compatibility_test:/home/autoware/autoware/install/ad_api_visualizers:/opt/ros/humble /usr/bin/cmake --install /home/autoware/aichallenge2023-integration-final-main/build/ndt_omp
