[0.057s] Invoking command in '/home/autoware/aichallenge2023-integration-final-main/build/aip_aichallenge_description': CMAKE_PREFIX_PATH=${CMAKE_PREFIX_PATH}:/home/autoware/autoware/install/simulator_compatibility_test:/home/autoware/autoware/install/ad_api_visualizers:/opt/ros/humble /usr/bin/cmake --build /home/autoware/aichallenge2023-integration-final-main/build/aip_aichallenge_description -- -j16 -l16
[0.226s] Invoked command in '/home/autoware/aichallenge2023-integration-final-main/build/aip_aichallenge_description' returned '0': CMAKE_PREFIX_PATH=${CMAKE_PREFIX_PATH}:/home/autoware/autoware/install/simulator_compatibility_test:/home/autoware/autoware/install/ad_api_visualizers:/opt/ros/humble /usr/bin/cmake --build /home/autoware/aichallenge2023-integration-final-main/build/aip_aichallenge_description -- -j16 -l16
[0.430s] Invoking command in '/home/autoware/aichallenge2023-integration-final-main/build/aip_aichallenge_description': CMAKE_PREFIX_PATH=${CMAKE_PREFIX_PATH}:/home/autoware/autoware/install/simulator_compatibility_test:/home/autoware/autoware/install/ad_api_visualizers:/opt/ros/humble /usr/bin/cmake --install /home/autoware/aichallenge2023-integration-final-main/build/aip_aichallenge_description
[0.470s] -- Install configuration: "Release"
[0.471s] -- Execute custom install script
[0.471s] -- Up-to-date symlink: /home/autoware/aichallenge2023-integration-final-main/install/aip_aichallenge_description/share/aip_aichallenge_description/config/sensor_kit_calibration.yaml
[0.471s] -- Up-to-date symlink: /home/autoware/aichallenge2023-integration-final-main/install/aip_aichallenge_description/share/aip_aichallenge_description/config/sensors_calibration.yaml
[0.471s] -- Up-to-date symlink: /home/autoware/aichallenge2023-integration-final-main/install/aip_aichallenge_description/share/aip_aichallenge_description/urdf/sensor_kit.xacro
[0.471s] -- Up-to-date symlink: /home/autoware/aichallenge2023-integration-final-main/install/aip_aichallenge_description/share/aip_aichallenge_description/urdf/sensors.xacro
[0.471s] -- Up-to-date symlink: /home/autoware/aichallenge2023-integration-final-main/install/aip_aichallenge_description/share/ament_index/resource_index/package_run_dependencies/aip_aichallenge_description
[0.471s] -- Up-to-date symlink: /home/autoware/aichallenge2023-integration-final-main/install/aip_aichallenge_description/share/ament_index/resource_index/parent_prefix_path/aip_aichallenge_description
[0.471s] -- Up-to-date symlink: /home/autoware/aichallenge2023-integration-final-main/install/aip_aichallenge_description/share/aip_aichallenge_description/environment/ament_prefix_path.sh
[0.471s] -- Up-to-date symlink: /home/autoware/aichallenge2023-integration-final-main/install/aip_aichallenge_description/share/aip_aichallenge_description/environment/ament_prefix_path.dsv
[0.471s] -- Up-to-date symlink: /home/autoware/aichallenge2023-integration-final-main/install/aip_aichallenge_description/share/aip_aichallenge_description/environment/path.sh
[0.472s] -- Up-to-date symlink: /home/autoware/aichallenge2023-integration-final-main/install/aip_aichallenge_description/share/aip_aichallenge_description/environment/path.dsv
[0.472s] -- Up-to-date symlink: /home/autoware/aichallenge2023-integration-final-main/install/aip_aichallenge_description/share/aip_aichallenge_description/local_setup.bash
[0.472s] -- Up-to-date symlink: /home/autoware/aichallenge2023-integration-final-main/install/aip_aichallenge_description/share/aip_aichallenge_description/local_setup.sh
[0.472s] -- Up-to-date symlink: /home/autoware/aichallenge2023-integration-final-main/install/aip_aichallenge_description/share/aip_aichallenge_description/local_setup.zsh
[0.472s] -- Up-to-date symlink: /home/autoware/aichallenge2023-integration-final-main/install/aip_aichallenge_description/share/aip_aichallenge_description/local_setup.dsv
[0.475s] -- Symlinking: /home/autoware/aichallenge2023-integration-final-main/install/aip_aichallenge_description/share/aip_aichallenge_description/package.dsv
[0.519s] -- Up-to-date symlink: /home/autoware/aichallenge2023-integration-final-main/install/aip_aichallenge_description/share/ament_index/resource_index/packages/aip_aichallenge_description
[0.519s] -- Up-to-date symlink: /home/autoware/aichallenge2023-integration-final-main/install/aip_aichallenge_description/share/aip_aichallenge_description/cmake/aip_aichallenge_descriptionConfig.cmake
[0.520s] -- Up-to-date symlink: /home/autoware/aichallenge2023-integration-final-main/install/aip_aichallenge_description/share/aip_aichallenge_description/cmake/aip_aichallenge_descriptionConfig-version.cmake
[0.520s] -- Up-to-date symlink: /home/autoware/aichallenge2023-integration-final-main/install/aip_aichallenge_description/share/aip_aichallenge_description/package.xml
[0.562s] Invoked command in '/home/autoware/aichallenge2023-integration-final-main/build/aip_aichallenge_description' returned '0': CMAKE_PREFIX_PATH=${CMAKE_PREFIX_PATH}:/home/autoware/autoware/install/simulator_compatibility_test:/home/autoware/autoware/install/ad_api_visualizers:/opt/ros/humble /usr/bin/cmake --install /home/autoware/aichallenge2023-integration-final-main/build/aip_aichallenge_description
