[0.313s] Invoking command in '/home/autoware/aichallenge2023-integration-final-main/build/autoware_auto_geometry_msgs': CMAKE_PREFIX_PATH=${CMAKE_PREFIX_PATH}:/home/autoware/aichallenge2023-integration-final-main/install/simulator_compatibility_test:/home/autoware/aichallenge2023-integration-final-main/install/ad_api_visualizers:/home/autoware/autoware/install/simulator_compatibility_test:/home/autoware/autoware/install/ad_api_visualizers:/opt/ros/humble /usr/bin/cmake --build /home/autoware/aichallenge2023-integration-final-main/build/autoware_auto_geometry_msgs -- -j16 -l16
[0.832s] [ 10%] Built target autoware_auto_geometry_msgs__rosidl_generator_c
[0.977s] [ 12%] Built target autoware_auto_geometry_msgs__cpp
[1.038s] [ 12%] Built target ament_cmake_python_symlink_autoware_auto_geometry_msgs
[1.920s] [ 23%] Built target autoware_auto_geometry_msgs__rosidl_typesupport_fastrtps_cpp
[1.934s] [ 34%] Built target autoware_auto_geometry_msgs__rosidl_typesupport_fastrtps_c
[1.996s] [ 44%] Built target autoware_auto_geometry_msgs__rosidl_typesupport_c
[2.075s] [ 55%] Built target autoware_auto_geometry_msgs__rosidl_typesupport_introspection_c
[2.173s] [ 65%] Built target autoware_auto_geometry_msgs__rosidl_typesupport_introspection_cpp
[2.250s] [ 76%] Built target autoware_auto_geometry_msgs__rosidl_typesupport_cpp
[2.811s] [ 76%] Built target autoware_auto_geometry_msgs
[3.295s] [ 78%] Built target autoware_auto_geometry_msgs__py
[3.314s] running egg_info
[3.315s] writing autoware_auto_geometry_msgs.egg-info/PKG-INFO
[3.316s] writing dependency_links to autoware_auto_geometry_msgs.egg-info/dependency_links.txt
[3.317s] writing top-level names to autoware_auto_geometry_msgs.egg-info/top_level.txt
[3.320s] reading manifest file 'autoware_auto_geometry_msgs.egg-info/SOURCES.txt'
[3.321s] writing manifest file 'autoware_auto_geometry_msgs.egg-info/SOURCES.txt'
[3.445s] [ 78%] Built target ament_cmake_python_build_autoware_auto_geometry_msgs_egg
[3.646s] [ 87%] Built target autoware_auto_geometry_msgs__rosidl_generator_py
[4.005s] [ 91%] Built target autoware_auto_geometry_msgs__rosidl_typesupport_introspection_c__pyext
[4.010s] [ 95%] Built target autoware_auto_geometry_msgs__rosidl_typesupport_c__pyext
[4.028s] [100%] Built target autoware_auto_geometry_msgs__rosidl_typesupport_fastrtps_c__pyext
[4.159s] Invoked command in '/home/autoware/aichallenge2023-integration-final-main/build/autoware_auto_geometry_msgs' returned '0': CMAKE_PREFIX_PATH=${CMAKE_PREFIX_PATH}:/home/autoware/aichallenge2023-integration-final-main/install/simulator_compatibility_test:/home/autoware/aichallenge2023-integration-final-main/install/ad_api_visualizers:/home/autoware/autoware/install/simulator_compatibility_test:/home/autoware/autoware/install/ad_api_visualizers:/opt/ros/humble /usr/bin/cmake --build /home/autoware/aichallenge2023-integration-final-main/build/autoware_auto_geometry_msgs -- -j16 -l16
[6.460s] Invoking command in '/home/autoware/aichallenge2023-integration-final-main/build/autoware_auto_geometry_msgs': CMAKE_PREFIX_PATH=${CMAKE_PREFIX_PATH}:/home/autoware/aichallenge2023-integration-final-main/install/simulator_compatibility_test:/home/autoware/aichallenge2023-integration-final-main/install/ad_api_visualizers:/home/autoware/autoware/install/simulator_compatibility_test:/home/autoware/autoware/install/ad_api_visualizers:/opt/ros/humble /usr/bin/cmake --install /home/autoware/aichallenge2023-integration-final-main/build/autoware_auto_geometry_msgs
[6.509s] -- Install configuration: "Release"
[6.509s] -- Execute custom install script
[6.510s] -- Up-to-date symlink: /home/autoware/aichallenge2023-integration-final-main/install/autoware_auto_geometry_msgs/share/ament_index/resource_index/rosidl_interfaces/autoware_auto_geometry_msgs
[6.510s] -- Up-to-date symlink: /home/autoware/aichallenge2023-integration-final-main/install/autoware_auto_geometry_msgs/include/autoware_auto_geometry_msgs/autoware_auto_geometry_msgs/msg/complex32.h
[6.511s] -- Up-to-date symlink: /home/autoware/aichallenge2023-integration-final-main/install/autoware_auto_geometry_msgs/include/autoware_auto_geometry_msgs/autoware_auto_geometry_msgs/msg/detail/complex32__functions.h
[6.511s] -- Up-to-date symlink: /home/autoware/aichallenge2023-integration-final-main/install/autoware_auto_geometry_msgs/include/autoware_auto_geometry_msgs/autoware_auto_geometry_msgs/msg/detail/complex32__struct.h
[6.511s] -- Up-to-date symlink: /home/autoware/aichallenge2023-integration-final-main/install/autoware_auto_geometry_msgs/include/autoware_auto_geometry_msgs/autoware_auto_geometry_msgs/msg/detail/complex32__type_support.h
[6.511s] -- Up-to-date symlink: /home/autoware/aichallenge2023-integration-final-main/install/autoware_auto_geometry_msgs/include/autoware_auto_geometry_msgs/autoware_auto_geometry_msgs/msg/detail/quaternion32__functions.h
[6.511s] -- Up-to-date symlink: /home/autoware/aichallenge2023-integration-final-main/install/autoware_auto_geometry_msgs/include/autoware_auto_geometry_msgs/autoware_auto_geometry_msgs/msg/detail/quaternion32__struct.h
[6.512s] -- Up-to-date symlink: /home/autoware/aichallenge2023-integration-final-main/install/autoware_auto_geometry_msgs/include/autoware_auto_geometry_msgs/autoware_auto_geometry_msgs/msg/detail/quaternion32__type_support.h
[6.512s] -- Up-to-date symlink: /home/autoware/aichallenge2023-integration-final-main/install/autoware_auto_geometry_msgs/include/autoware_auto_geometry_msgs/autoware_auto_geometry_msgs/msg/detail/relative_position_with_covariance_stamped__functions.h
[6.512s] -- Up-to-date symlink: /home/autoware/aichallenge2023-integration-final-main/install/autoware_auto_geometry_msgs/include/autoware_auto_geometry_msgs/autoware_auto_geometry_msgs/msg/detail/relative_position_with_covariance_stamped__struct.h
[6.512s] -- Up-to-date symlink: /home/autoware/aichallenge2023-integration-final-main/install/autoware_auto_geometry_msgs/include/autoware_auto_geometry_msgs/autoware_auto_geometry_msgs/msg/detail/relative_position_with_covariance_stamped__type_support.h
[6.512s] -- Up-to-date symlink: /home/autoware/aichallenge2023-integration-final-main/install/autoware_auto_geometry_msgs/include/autoware_auto_geometry_msgs/autoware_auto_geometry_msgs/msg/quaternion32.h
[6.512s] -- Up-to-date symlink: /home/autoware/aichallenge2023-integration-final-main/install/autoware_auto_geometry_msgs/include/autoware_auto_geometry_msgs/autoware_auto_geometry_msgs/msg/relative_position_with_covariance_stamped.h
[6.513s] -- Up-to-date symlink: /home/autoware/aichallenge2023-integration-final-main/install/autoware_auto_geometry_msgs/include/autoware_auto_geometry_msgs/autoware_auto_geometry_msgs/msg/rosidl_generator_c__visibility_control.h
[6.513s] -- Up-to-date symlink: /home/autoware/aichallenge2023-integration-final-main/install/autoware_auto_geometry_msgs/share/autoware_auto_geometry_msgs/environment/library_path.sh
[6.513s] -- Up-to-date symlink: /home/autoware/aichallenge2023-integration-final-main/install/autoware_auto_geometry_msgs/share/autoware_auto_geometry_msgs/environment/library_path.dsv
[6.514s] -- Up-to-date symlink: /home/autoware/aichallenge2023-integration-final-main/install/autoware_auto_geometry_msgs/include/autoware_auto_geometry_msgs/autoware_auto_geometry_msgs/msg/detail/complex32__rosidl_typesupport_fastrtps_c.h
[6.514s] -- Up-to-date symlink: /home/autoware/aichallenge2023-integration-final-main/install/autoware_auto_geometry_msgs/include/autoware_auto_geometry_msgs/autoware_auto_geometry_msgs/msg/detail/quaternion32__rosidl_typesupport_fastrtps_c.h
[6.514s] -- Up-to-date symlink: /home/autoware/aichallenge2023-integration-final-main/install/autoware_auto_geometry_msgs/include/autoware_auto_geometry_msgs/autoware_auto_geometry_msgs/msg/detail/relative_position_with_covariance_stamped__rosidl_typesupport_fastrtps_c.h
[6.514s] -- Up-to-date symlink: /home/autoware/aichallenge2023-integration-final-main/install/autoware_auto_geometry_msgs/include/autoware_auto_geometry_msgs/autoware_auto_geometry_msgs/msg/rosidl_typesupport_fastrtps_c__visibility_control.h
[6.515s] -- Up-to-date symlink: /home/autoware/aichallenge2023-integration-final-main/install/autoware_auto_geometry_msgs/include/autoware_auto_geometry_msgs/autoware_auto_geometry_msgs/msg/detail/complex32__rosidl_typesupport_introspection_c.h
[6.515s] -- Up-to-date symlink: /home/autoware/aichallenge2023-integration-final-main/install/autoware_auto_geometry_msgs/include/autoware_auto_geometry_msgs/autoware_auto_geometry_msgs/msg/detail/quaternion32__rosidl_typesupport_introspection_c.h
[6.515s] -- Up-to-date symlink: /home/autoware/aichallenge2023-integration-final-main/install/autoware_auto_geometry_msgs/include/autoware_auto_geometry_msgs/autoware_auto_geometry_msgs/msg/detail/relative_position_with_covariance_stamped__rosidl_typesupport_introspection_c.h
[6.515s] -- Up-to-date symlink: /home/autoware/aichallenge2023-integration-final-main/install/autoware_auto_geometry_msgs/include/autoware_auto_geometry_msgs/autoware_auto_geometry_msgs/msg/rosidl_typesupport_introspection_c__visibility_control.h
[6.533s] -- Up-to-date symlink: /home/autoware/aichallenge2023-integration-final-main/install/autoware_auto_geometry_msgs/include/autoware_auto_geometry_msgs/autoware_auto_geometry_msgs/msg/complex32.hpp
[6.533s] -- Up-to-date symlink: /home/autoware/aichallenge2023-integration-final-main/install/autoware_auto_geometry_msgs/include/autoware_auto_geometry_msgs/autoware_auto_geometry_msgs/msg/detail/complex32__builder.hpp
[6.533s] -- Up-to-date symlink: /home/autoware/aichallenge2023-integration-final-main/install/autoware_auto_geometry_msgs/include/autoware_auto_geometry_msgs/autoware_auto_geometry_msgs/msg/detail/complex32__struct.hpp
[6.533s] -- Up-to-date symlink: /home/autoware/aichallenge2023-integration-final-main/install/autoware_auto_geometry_msgs/include/autoware_auto_geometry_msgs/autoware_auto_geometry_msgs/msg/detail/complex32__traits.hpp
[6.533s] -- Up-to-date symlink: /home/autoware/aichallenge2023-integration-final-main/install/autoware_auto_geometry_msgs/include/autoware_auto_geometry_msgs/autoware_auto_geometry_msgs/msg/detail/quaternion32__builder.hpp
[6.533s] -- Up-to-date symlink: /home/autoware/aichallenge2023-integration-final-main/install/autoware_auto_geometry_msgs/include/autoware_auto_geometry_msgs/autoware_auto_geometry_msgs/msg/detail/quaternion32__struct.hpp
[6.552s] -- Up-to-date symlink: /home/autoware/aichallenge2023-integration-final-main/install/autoware_auto_geometry_msgs/include/autoware_auto_geometry_msgs/autoware_auto_geometry_msgs/msg/detail/quaternion32__traits.hpp
[6.552s] -- Up-to-date symlink: /home/autoware/aichallenge2023-integration-final-main/install/autoware_auto_geometry_msgs/include/autoware_auto_geometry_msgs/autoware_auto_geometry_msgs/msg/detail/relative_position_with_covariance_stamped__builder.hpp
[6.556s] -- Up-to-date symlink: /home/autoware/aichallenge2023-integration-final-main/install/autoware_auto_geometry_msgs/include/autoware_auto_geometry_msgs/autoware_auto_geometry_msgs/msg/detail/relative_position_with_covariance_stamped__struct.hpp
[6.565s] -- Up-to-date symlink: /home/autoware/aichallenge2023-integration-final-main/install/autoware_auto_geometry_msgs/include/autoware_auto_geometry_msgs/autoware_auto_geometry_msgs/msg/detail/relative_position_with_covariance_stamped__traits.hpp
[6.572s] -- Up-to-date symlink: /home/autoware/aichallenge2023-integration-final-main/install/autoware_auto_geometry_msgs/include/autoware_auto_geometry_msgs/autoware_auto_geometry_msgs/msg/quaternion32.hpp
[6.572s] -- Up-to-date symlink: /home/autoware/aichallenge2023-integration-final-main/install/autoware_auto_geometry_msgs/include/autoware_auto_geometry_msgs/autoware_auto_geometry_msgs/msg/relative_position_with_covariance_stamped.hpp
[6.573s] -- Up-to-date symlink: /home/autoware/aichallenge2023-integration-final-main/install/autoware_auto_geometry_msgs/include/autoware_auto_geometry_msgs/autoware_auto_geometry_msgs/msg/detail/complex32__rosidl_typesupport_fastrtps_cpp.hpp
[6.581s] -- Up-to-date symlink: /home/autoware/aichallenge2023-integration-final-main/install/autoware_auto_geometry_msgs/include/autoware_auto_geometry_msgs/autoware_auto_geometry_msgs/msg/detail/quaternion32__rosidl_typesupport_fastrtps_cpp.hpp
[6.581s] -- Up-to-date symlink: /home/autoware/aichallenge2023-integration-final-main/install/autoware_auto_geometry_msgs/include/autoware_auto_geometry_msgs/autoware_auto_geometry_msgs/msg/detail/relative_position_with_covariance_stamped__rosidl_typesupport_fastrtps_cpp.hpp
[6.581s] -- Up-to-date symlink: /home/autoware/aichallenge2023-integration-final-main/install/autoware_auto_geometry_msgs/include/autoware_auto_geometry_msgs/autoware_auto_geometry_msgs/msg/rosidl_typesupport_fastrtps_cpp__visibility_control.h
[6.582s] -- Up-to-date symlink: /home/autoware/aichallenge2023-integration-final-main/install/autoware_auto_geometry_msgs/include/autoware_auto_geometry_msgs/autoware_auto_geometry_msgs/msg/detail/complex32__rosidl_typesupport_introspection_cpp.hpp
[6.589s] -- Up-to-date symlink: /home/autoware/aichallenge2023-integration-final-main/install/autoware_auto_geometry_msgs/include/autoware_auto_geometry_msgs/autoware_auto_geometry_msgs/msg/detail/quaternion32__rosidl_typesupport_introspection_cpp.hpp
[6.589s] -- Up-to-date symlink: /home/autoware/aichallenge2023-integration-final-main/install/autoware_auto_geometry_msgs/include/autoware_auto_geometry_msgs/autoware_auto_geometry_msgs/msg/detail/relative_position_with_covariance_stamped__rosidl_typesupport_introspection_cpp.hpp
[6.590s] -- Up-to-date symlink: /home/autoware/aichallenge2023-integration-final-main/install/autoware_auto_geometry_msgs/share/autoware_auto_geometry_msgs/environment/pythonpath.sh
[6.590s] -- Up-to-date symlink: /home/autoware/aichallenge2023-integration-final-main/install/autoware_auto_geometry_msgs/share/autoware_auto_geometry_msgs/environment/pythonpath.dsv
[6.591s] -- Up-to-date symlink: /home/autoware/aichallenge2023-integration-final-main/install/autoware_auto_geometry_msgs/local/lib/python3.10/dist-packages/autoware_auto_geometry_msgs-1.0.0-py3.10.egg-info/PKG-INFO
[6.596s] -- Up-to-date symlink: /home/autoware/aichallenge2023-integration-final-main/install/autoware_auto_geometry_msgs/local/lib/python3.10/dist-packages/autoware_auto_geometry_msgs-1.0.0-py3.10.egg-info/SOURCES.txt
[6.596s] -- Up-to-date symlink: /home/autoware/aichallenge2023-integration-final-main/install/autoware_auto_geometry_msgs/local/lib/python3.10/dist-packages/autoware_auto_geometry_msgs-1.0.0-py3.10.egg-info/dependency_links.txt
[6.597s] -- Up-to-date symlink: /home/autoware/aichallenge2023-integration-final-main/install/autoware_auto_geometry_msgs/local/lib/python3.10/dist-packages/autoware_auto_geometry_msgs-1.0.0-py3.10.egg-info/top_level.txt
[6.597s] -- Up-to-date symlink: /home/autoware/aichallenge2023-integration-final-main/install/autoware_auto_geometry_msgs/local/lib/python3.10/dist-packages/autoware_auto_geometry_msgs/__init__.py
[6.597s] -- Up-to-date symlink: /home/autoware/aichallenge2023-integration-final-main/install/autoware_auto_geometry_msgs/local/lib/python3.10/dist-packages/autoware_auto_geometry_msgs/_autoware_auto_geometry_msgs_s.ep.rosidl_typesupport_c.c
[6.598s] -- Up-to-date symlink: /home/autoware/aichallenge2023-integration-final-main/install/autoware_auto_geometry_msgs/local/lib/python3.10/dist-packages/autoware_auto_geometry_msgs/_autoware_auto_geometry_msgs_s.ep.rosidl_typesupport_fastrtps_c.c
[6.598s] -- Up-to-date symlink: /home/autoware/aichallenge2023-integration-final-main/install/autoware_auto_geometry_msgs/local/lib/python3.10/dist-packages/autoware_auto_geometry_msgs/_autoware_auto_geometry_msgs_s.ep.rosidl_typesupport_introspection_c.c
[6.605s] -- Up-to-date symlink: /home/autoware/aichallenge2023-integration-final-main/install/autoware_auto_geometry_msgs/local/lib/python3.10/dist-packages/autoware_auto_geometry_msgs/autoware_auto_geometry_msgs_s__rosidl_typesupport_c.cpython-310-x86_64-linux-gnu.so
[6.606s] -- Up-to-date symlink: /home/autoware/aichallenge2023-integration-final-main/install/autoware_auto_geometry_msgs/local/lib/python3.10/dist-packages/autoware_auto_geometry_msgs/autoware_auto_geometry_msgs_s__rosidl_typesupport_fastrtps_c.cpython-310-x86_64-linux-gnu.so
[6.606s] -- Up-to-date symlink: /home/autoware/aichallenge2023-integration-final-main/install/autoware_auto_geometry_msgs/local/lib/python3.10/dist-packages/autoware_auto_geometry_msgs/autoware_auto_geometry_msgs_s__rosidl_typesupport_introspection_c.cpython-310-x86_64-linux-gnu.so
[6.606s] -- Up-to-date symlink: /home/autoware/aichallenge2023-integration-final-main/install/autoware_auto_geometry_msgs/local/lib/python3.10/dist-packages/autoware_auto_geometry_msgs/libautoware_auto_geometry_msgs__rosidl_generator_py.so
[6.607s] -- Up-to-date symlink: /home/autoware/aichallenge2023-integration-final-main/install/autoware_auto_geometry_msgs/local/lib/python3.10/dist-packages/autoware_auto_geometry_msgs/msg/__init__.py
[6.611s] -- Up-to-date symlink: /home/autoware/aichallenge2023-integration-final-main/install/autoware_auto_geometry_msgs/local/lib/python3.10/dist-packages/autoware_auto_geometry_msgs/msg/_complex32.py
[6.612s] -- Up-to-date symlink: /home/autoware/aichallenge2023-integration-final-main/install/autoware_auto_geometry_msgs/local/lib/python3.10/dist-packages/autoware_auto_geometry_msgs/msg/_complex32_s.c
[6.612s] -- Up-to-date symlink: /home/autoware/aichallenge2023-integration-final-main/install/autoware_auto_geometry_msgs/local/lib/python3.10/dist-packages/autoware_auto_geometry_msgs/msg/_quaternion32.py
[6.613s] -- Up-to-date symlink: /home/autoware/aichallenge2023-integration-final-main/install/autoware_auto_geometry_msgs/local/lib/python3.10/dist-packages/autoware_auto_geometry_msgs/msg/_quaternion32_s.c
[6.619s] -- Up-to-date symlink: /home/autoware/aichallenge2023-integration-final-main/install/autoware_auto_geometry_msgs/local/lib/python3.10/dist-packages/autoware_auto_geometry_msgs/msg/_relative_position_with_covariance_stamped.py
[6.620s] -- Up-to-date symlink: /home/autoware/aichallenge2023-integration-final-main/install/autoware_auto_geometry_msgs/local/lib/python3.10/dist-packages/autoware_auto_geometry_msgs/msg/_relative_position_with_covariance_stamped_s.c
[6.620s] -- Up-to-date symlink: /home/autoware/aichallenge2023-integration-final-main/install/autoware_auto_geometry_msgs/local/lib/python3.10/dist-packages/autoware_auto_geometry_msgs/autoware_auto_geometry_msgs_s__rosidl_typesupport_fastrtps_c.cpython-310-x86_64-linux-gnu.so
[6.621s] -- Up-to-date symlink: /home/autoware/aichallenge2023-integration-final-main/install/autoware_auto_geometry_msgs/local/lib/python3.10/dist-packages/autoware_auto_geometry_msgs/autoware_auto_geometry_msgs_s__rosidl_typesupport_introspection_c.cpython-310-x86_64-linux-gnu.so
[6.625s] -- Up-to-date symlink: /home/autoware/aichallenge2023-integration-final-main/install/autoware_auto_geometry_msgs/local/lib/python3.10/dist-packages/autoware_auto_geometry_msgs/autoware_auto_geometry_msgs_s__rosidl_typesupport_c.cpython-310-x86_64-linux-gnu.so
[6.631s] -- Up-to-date symlink: /home/autoware/aichallenge2023-integration-final-main/install/autoware_auto_geometry_msgs/share/autoware_auto_geometry_msgs/msg/Complex32.idl
[6.632s] -- Up-to-date symlink: /home/autoware/aichallenge2023-integration-final-main/install/autoware_auto_geometry_msgs/share/autoware_auto_geometry_msgs/msg/Quaternion32.idl
[6.632s] -- Up-to-date symlink: /home/autoware/aichallenge2023-integration-final-main/install/autoware_auto_geometry_msgs/share/autoware_auto_geometry_msgs/msg/RelativePositionWithCovarianceStamped.idl
[6.644s] -- Up-to-date symlink: /home/autoware/aichallenge2023-integration-final-main/install/autoware_auto_geometry_msgs/share/ament_index/resource_index/package_run_dependencies/autoware_auto_geometry_msgs
[6.644s] -- Up-to-date symlink: /home/autoware/aichallenge2023-integration-final-main/install/autoware_auto_geometry_msgs/share/ament_index/resource_index/parent_prefix_path/autoware_auto_geometry_msgs
[6.644s] -- Up-to-date symlink: /home/autoware/aichallenge2023-integration-final-main/install/autoware_auto_geometry_msgs/share/autoware_auto_geometry_msgs/environment/ament_prefix_path.sh
[6.645s] -- Up-to-date symlink: /home/autoware/aichallenge2023-integration-final-main/install/autoware_auto_geometry_msgs/share/autoware_auto_geometry_msgs/environment/ament_prefix_path.dsv
[6.645s] -- Up-to-date symlink: /home/autoware/aichallenge2023-integration-final-main/install/autoware_auto_geometry_msgs/share/autoware_auto_geometry_msgs/environment/path.sh
[6.646s] -- Up-to-date symlink: /home/autoware/aichallenge2023-integration-final-main/install/autoware_auto_geometry_msgs/share/autoware_auto_geometry_msgs/environment/path.dsv
[6.651s] -- Up-to-date symlink: /home/autoware/aichallenge2023-integration-final-main/install/autoware_auto_geometry_msgs/share/autoware_auto_geometry_msgs/local_setup.bash
[6.652s] -- Up-to-date symlink: /home/autoware/aichallenge2023-integration-final-main/install/autoware_auto_geometry_msgs/share/autoware_auto_geometry_msgs/local_setup.sh
[6.652s] -- Up-to-date symlink: /home/autoware/aichallenge2023-integration-final-main/install/autoware_auto_geometry_msgs/share/autoware_auto_geometry_msgs/local_setup.zsh
[6.653s] -- Up-to-date symlink: /home/autoware/aichallenge2023-integration-final-main/install/autoware_auto_geometry_msgs/share/autoware_auto_geometry_msgs/local_setup.dsv
[6.653s] -- Symlinking: /home/autoware/aichallenge2023-integration-final-main/install/autoware_auto_geometry_msgs/share/autoware_auto_geometry_msgs/package.dsv
[6.719s] -- Up-to-date symlink: /home/autoware/aichallenge2023-integration-final-main/install/autoware_auto_geometry_msgs/share/ament_index/resource_index/packages/autoware_auto_geometry_msgs
[6.719s] -- Up-to-date symlink: /home/autoware/aichallenge2023-integration-final-main/install/autoware_auto_geometry_msgs/share/autoware_auto_geometry_msgs/cmake/rosidl_cmake-extras.cmake
[6.719s] -- Up-to-date symlink: /home/autoware/aichallenge2023-integration-final-main/install/autoware_auto_geometry_msgs/share/autoware_auto_geometry_msgs/cmake/ament_cmake_export_dependencies-extras.cmake
[6.719s] -- Up-to-date symlink: /home/autoware/aichallenge2023-integration-final-main/install/autoware_auto_geometry_msgs/share/autoware_auto_geometry_msgs/cmake/ament_cmake_export_include_directories-extras.cmake
[6.719s] -- Up-to-date symlink: /home/autoware/aichallenge2023-integration-final-main/install/autoware_auto_geometry_msgs/share/autoware_auto_geometry_msgs/cmake/ament_cmake_export_libraries-extras.cmake
[6.719s] -- Up-to-date symlink: /home/autoware/aichallenge2023-integration-final-main/install/autoware_auto_geometry_msgs/share/autoware_auto_geometry_msgs/cmake/ament_cmake_export_targets-extras.cmake
[6.719s] -- Up-to-date symlink: /home/autoware/aichallenge2023-integration-final-main/install/autoware_auto_geometry_msgs/share/autoware_auto_geometry_msgs/cmake/rosidl_cmake_export_typesupport_targets-extras.cmake
[6.720s] -- Up-to-date symlink: /home/autoware/aichallenge2023-integration-final-main/install/autoware_auto_geometry_msgs/share/autoware_auto_geometry_msgs/cmake/rosidl_cmake_export_typesupport_libraries-extras.cmake
[6.720s] -- Up-to-date symlink: /home/autoware/aichallenge2023-integration-final-main/install/autoware_auto_geometry_msgs/share/autoware_auto_geometry_msgs/cmake/autoware_auto_geometry_msgsConfig.cmake
[6.720s] -- Up-to-date symlink: /home/autoware/aichallenge2023-integration-final-main/install/autoware_auto_geometry_msgs/share/autoware_auto_geometry_msgs/cmake/autoware_auto_geometry_msgsConfig-version.cmake
[6.720s] -- Up-to-date symlink: /home/autoware/aichallenge2023-integration-final-main/install/autoware_auto_geometry_msgs/share/autoware_auto_geometry_msgs/package.xml
[6.720s] -- Up-to-date: /home/autoware/aichallenge2023-integration-final-main/install/autoware_auto_geometry_msgs/lib/libautoware_auto_geometry_msgs__rosidl_generator_c.so
[6.721s] -- Up-to-date: /home/autoware/aichallenge2023-integration-final-main/install/autoware_auto_geometry_msgs/lib/libautoware_auto_geometry_msgs__rosidl_typesupport_fastrtps_c.so
[6.721s] -- Up-to-date: /home/autoware/aichallenge2023-integration-final-main/install/autoware_auto_geometry_msgs/lib/libautoware_auto_geometry_msgs__rosidl_typesupport_introspection_c.so
[6.721s] -- Up-to-date: /home/autoware/aichallenge2023-integration-final-main/install/autoware_auto_geometry_msgs/lib/libautoware_auto_geometry_msgs__rosidl_typesupport_c.so
[6.721s] -- Up-to-date: /home/autoware/aichallenge2023-integration-final-main/install/autoware_auto_geometry_msgs/lib/libautoware_auto_geometry_msgs__rosidl_typesupport_fastrtps_cpp.so
[6.722s] -- Up-to-date: /home/autoware/aichallenge2023-integration-final-main/install/autoware_auto_geometry_msgs/lib/libautoware_auto_geometry_msgs__rosidl_typesupport_introspection_cpp.so
[6.722s] -- Up-to-date: /home/autoware/aichallenge2023-integration-final-main/install/autoware_auto_geometry_msgs/lib/libautoware_auto_geometry_msgs__rosidl_typesupport_cpp.so
[6.899s] Listing '/home/autoware/aichallenge2023-integration-final-main/install/autoware_auto_geometry_msgs/local/lib/python3.10/dist-packages/autoware_auto_geometry_msgs'...
[6.899s] Listing '/home/autoware/aichallenge2023-integration-final-main/install/autoware_auto_geometry_msgs/local/lib/python3.10/dist-packages/autoware_auto_geometry_msgs/msg'...
[6.905s] -- Up-to-date: /home/autoware/aichallenge2023-integration-final-main/install/autoware_auto_geometry_msgs/lib/libautoware_auto_geometry_msgs__rosidl_generator_py.so
[6.905s] -- Up-to-date: /home/autoware/aichallenge2023-integration-final-main/install/autoware_auto_geometry_msgs/share/autoware_auto_geometry_msgs/cmake/export_autoware_auto_geometry_msgs__rosidl_generator_cExport.cmake
[6.905s] -- Up-to-date: /home/autoware/aichallenge2023-integration-final-main/install/autoware_auto_geometry_msgs/share/autoware_auto_geometry_msgs/cmake/export_autoware_auto_geometry_msgs__rosidl_generator_cExport-release.cmake
[6.905s] -- Up-to-date: /home/autoware/aichallenge2023-integration-final-main/install/autoware_auto_geometry_msgs/share/autoware_auto_geometry_msgs/cmake/export_autoware_auto_geometry_msgs__rosidl_typesupport_fastrtps_cExport.cmake
[6.905s] -- Up-to-date: /home/autoware/aichallenge2023-integration-final-main/install/autoware_auto_geometry_msgs/share/autoware_auto_geometry_msgs/cmake/export_autoware_auto_geometry_msgs__rosidl_typesupport_fastrtps_cExport-release.cmake
[6.905s] -- Up-to-date: /home/autoware/aichallenge2023-integration-final-main/install/autoware_auto_geometry_msgs/share/autoware_auto_geometry_msgs/cmake/autoware_auto_geometry_msgs__rosidl_typesupport_introspection_cExport.cmake
[6.905s] -- Up-to-date: /home/autoware/aichallenge2023-integration-final-main/install/autoware_auto_geometry_msgs/share/autoware_auto_geometry_msgs/cmake/autoware_auto_geometry_msgs__rosidl_typesupport_introspection_cExport-release.cmake
[6.906s] -- Up-to-date: /home/autoware/aichallenge2023-integration-final-main/install/autoware_auto_geometry_msgs/share/autoware_auto_geometry_msgs/cmake/autoware_auto_geometry_msgs__rosidl_typesupport_cExport.cmake
[6.906s] -- Up-to-date: /home/autoware/aichallenge2023-integration-final-main/install/autoware_auto_geometry_msgs/share/autoware_auto_geometry_msgs/cmake/autoware_auto_geometry_msgs__rosidl_typesupport_cExport-release.cmake
[6.906s] -- Up-to-date: /home/autoware/aichallenge2023-integration-final-main/install/autoware_auto_geometry_msgs/share/autoware_auto_geometry_msgs/cmake/export_autoware_auto_geometry_msgs__rosidl_generator_cppExport.cmake
[6.907s] -- Up-to-date: /home/autoware/aichallenge2023-integration-final-main/install/autoware_auto_geometry_msgs/share/autoware_auto_geometry_msgs/cmake/export_autoware_auto_geometry_msgs__rosidl_typesupport_fastrtps_cppExport.cmake
[6.907s] -- Up-to-date: /home/autoware/aichallenge2023-integration-final-main/install/autoware_auto_geometry_msgs/share/autoware_auto_geometry_msgs/cmake/export_autoware_auto_geometry_msgs__rosidl_typesupport_fastrtps_cppExport-release.cmake
[6.907s] -- Up-to-date: /home/autoware/aichallenge2023-integration-final-main/install/autoware_auto_geometry_msgs/share/autoware_auto_geometry_msgs/cmake/autoware_auto_geometry_msgs__rosidl_typesupport_introspection_cppExport.cmake
[6.907s] -- Up-to-date: /home/autoware/aichallenge2023-integration-final-main/install/autoware_auto_geometry_msgs/share/autoware_auto_geometry_msgs/cmake/autoware_auto_geometry_msgs__rosidl_typesupport_introspection_cppExport-release.cmake
[6.908s] -- Up-to-date: /home/autoware/aichallenge2023-integration-final-main/install/autoware_auto_geometry_msgs/share/autoware_auto_geometry_msgs/cmake/autoware_auto_geometry_msgs__rosidl_typesupport_cppExport.cmake
[6.908s] -- Up-to-date: /home/autoware/aichallenge2023-integration-final-main/install/autoware_auto_geometry_msgs/share/autoware_auto_geometry_msgs/cmake/autoware_auto_geometry_msgs__rosidl_typesupport_cppExport-release.cmake
[6.908s] -- Up-to-date: /home/autoware/aichallenge2023-integration-final-main/install/autoware_auto_geometry_msgs/share/autoware_auto_geometry_msgs/cmake/export_autoware_auto_geometry_msgs__rosidl_generator_pyExport.cmake
[6.908s] -- Up-to-date: /home/autoware/aichallenge2023-integration-final-main/install/autoware_auto_geometry_msgs/share/autoware_auto_geometry_msgs/cmake/export_autoware_auto_geometry_msgs__rosidl_generator_pyExport-release.cmake
[6.919s] Invoked command in '/home/autoware/aichallenge2023-integration-final-main/build/autoware_auto_geometry_msgs' returned '0': CMAKE_PREFIX_PATH=${CMAKE_PREFIX_PATH}:/home/autoware/aichallenge2023-integration-final-main/install/simulator_compatibility_test:/home/autoware/aichallenge2023-integration-final-main/install/ad_api_visualizers:/home/autoware/autoware/install/simulator_compatibility_test:/home/autoware/autoware/install/ad_api_visualizers:/opt/ros/humble /usr/bin/cmake --install /home/autoware/aichallenge2023-integration-final-main/build/autoware_auto_geometry_msgs
