[0.141s] Invoking command in '/home/autoware/aichallenge2023-integration-final-main/build/autoware_localization_msgs': CMAKE_PREFIX_PATH=${CMAKE_PREFIX_PATH}:/home/autoware/autoware/install/simulator_compatibility_test:/home/autoware/autoware/install/ad_api_visualizers:/opt/ros/humble /usr/bin/cmake --build /home/autoware/aichallenge2023-integration-final-main/build/autoware_localization_msgs -- -j16 -l16
[0.407s] [  3%] Built target autoware_localization_msgs__cpp
[0.451s] [ 12%] Built target autoware_localization_msgs__rosidl_generator_c
[0.512s] [ 12%] Built target ament_cmake_python_symlink_autoware_localization_msgs
[0.547s] [ 22%] Built target autoware_localization_msgs__rosidl_typesupport_cpp
[0.556s] [ 32%] Built target autoware_localization_msgs__rosidl_typesupport_fastrtps_cpp
[0.559s] [ 41%] Built target autoware_localization_msgs__rosidl_typesupport_introspection_cpp
[0.607s] [ 51%] Built target autoware_localization_msgs__rosidl_typesupport_fastrtps_c
[0.617s] [ 67%] Built target autoware_localization_msgs__rosidl_typesupport_c
[0.617s] [ 70%] Built target autoware_localization_msgs__rosidl_typesupport_introspection_c
[0.739s] [ 70%] Built target autoware_localization_msgs
[0.871s] [ 74%] Built target autoware_localization_msgs__py
[1.016s] [ 80%] Built target autoware_localization_msgs__rosidl_generator_py
[1.045s] running egg_info
[1.047s] writing autoware_localization_msgs.egg-info/PKG-INFO
[1.047s] writing dependency_links to autoware_localization_msgs.egg-info/dependency_links.txt
[1.047s] writing top-level names to autoware_localization_msgs.egg-info/top_level.txt
[1.050s] reading manifest file 'autoware_localization_msgs.egg-info/SOURCES.txt'
[1.056s] writing manifest file 'autoware_localization_msgs.egg-info/SOURCES.txt'
[1.138s] [ 80%] Built target ament_cmake_python_build_autoware_localization_msgs_egg
[1.166s] [ 87%] Built target autoware_localization_msgs__rosidl_typesupport_c__pyext
[1.166s] [ 93%] Built target autoware_localization_msgs__rosidl_typesupport_introspection_c__pyext
[1.176s] [100%] Built target autoware_localization_msgs__rosidl_typesupport_fastrtps_c__pyext
[1.302s] Invoked command in '/home/autoware/aichallenge2023-integration-final-main/build/autoware_localization_msgs' returned '0': CMAKE_PREFIX_PATH=${CMAKE_PREFIX_PATH}:/home/autoware/autoware/install/simulator_compatibility_test:/home/autoware/autoware/install/ad_api_visualizers:/opt/ros/humble /usr/bin/cmake --build /home/autoware/aichallenge2023-integration-final-main/build/autoware_localization_msgs -- -j16 -l16
[2.079s] Invoking command in '/home/autoware/aichallenge2023-integration-final-main/build/autoware_localization_msgs': CMAKE_PREFIX_PATH=${CMAKE_PREFIX_PATH}:/home/autoware/autoware/install/simulator_compatibility_test:/home/autoware/autoware/install/ad_api_visualizers:/opt/ros/humble /usr/bin/cmake --install /home/autoware/aichallenge2023-integration-final-main/build/autoware_localization_msgs
[2.110s] -- Install configuration: "Release"
[2.111s] -- Execute custom install script
[2.112s] -- Up-to-date symlink: /home/autoware/aichallenge2023-integration-final-main/install/autoware_localization_msgs/share/ament_index/resource_index/rosidl_interfaces/autoware_localization_msgs
[2.113s] -- Up-to-date symlink: /home/autoware/aichallenge2023-integration-final-main/install/autoware_localization_msgs/include/autoware_localization_msgs/autoware_localization_msgs/msg/detail/kinematic_state__functions.h
[2.113s] -- Up-to-date symlink: /home/autoware/aichallenge2023-integration-final-main/install/autoware_localization_msgs/include/autoware_localization_msgs/autoware_localization_msgs/msg/detail/kinematic_state__struct.h
[2.114s] -- Up-to-date symlink: /home/autoware/aichallenge2023-integration-final-main/install/autoware_localization_msgs/include/autoware_localization_msgs/autoware_localization_msgs/msg/detail/kinematic_state__type_support.h
[2.115s] -- Up-to-date symlink: /home/autoware/aichallenge2023-integration-final-main/install/autoware_localization_msgs/include/autoware_localization_msgs/autoware_localization_msgs/msg/kinematic_state.h
[2.115s] -- Up-to-date symlink: /home/autoware/aichallenge2023-integration-final-main/install/autoware_localization_msgs/include/autoware_localization_msgs/autoware_localization_msgs/msg/rosidl_generator_c__visibility_control.h
[2.116s] -- Up-to-date symlink: /home/autoware/aichallenge2023-integration-final-main/install/autoware_localization_msgs/share/autoware_localization_msgs/environment/library_path.sh
[2.117s] -- Up-to-date symlink: /home/autoware/aichallenge2023-integration-final-main/install/autoware_localization_msgs/share/autoware_localization_msgs/environment/library_path.dsv
[2.118s] -- Up-to-date symlink: /home/autoware/aichallenge2023-integration-final-main/install/autoware_localization_msgs/include/autoware_localization_msgs/autoware_localization_msgs/msg/detail/kinematic_state__rosidl_typesupport_fastrtps_c.h
[2.119s] -- Up-to-date symlink: /home/autoware/aichallenge2023-integration-final-main/install/autoware_localization_msgs/include/autoware_localization_msgs/autoware_localization_msgs/msg/rosidl_typesupport_fastrtps_c__visibility_control.h
[2.120s] -- Up-to-date symlink: /home/autoware/aichallenge2023-integration-final-main/install/autoware_localization_msgs/include/autoware_localization_msgs/autoware_localization_msgs/msg/detail/kinematic_state__builder.hpp
[2.120s] -- Up-to-date symlink: /home/autoware/aichallenge2023-integration-final-main/install/autoware_localization_msgs/include/autoware_localization_msgs/autoware_localization_msgs/msg/detail/kinematic_state__struct.hpp
[2.128s] -- Up-to-date symlink: /home/autoware/aichallenge2023-integration-final-main/install/autoware_localization_msgs/include/autoware_localization_msgs/autoware_localization_msgs/msg/detail/kinematic_state__traits.hpp
[2.128s] -- Up-to-date symlink: /home/autoware/aichallenge2023-integration-final-main/install/autoware_localization_msgs/include/autoware_localization_msgs/autoware_localization_msgs/msg/kinematic_state.hpp
[2.128s] -- Up-to-date symlink: /home/autoware/aichallenge2023-integration-final-main/install/autoware_localization_msgs/include/autoware_localization_msgs/autoware_localization_msgs/msg/detail/kinematic_state__rosidl_typesupport_fastrtps_cpp.hpp
[2.128s] -- Up-to-date symlink: /home/autoware/aichallenge2023-integration-final-main/install/autoware_localization_msgs/include/autoware_localization_msgs/autoware_localization_msgs/msg/rosidl_typesupport_fastrtps_cpp__visibility_control.h
[2.128s] -- Up-to-date symlink: /home/autoware/aichallenge2023-integration-final-main/install/autoware_localization_msgs/include/autoware_localization_msgs/autoware_localization_msgs/msg/detail/kinematic_state__rosidl_typesupport_introspection_c.h
[2.128s] -- Up-to-date symlink: /home/autoware/aichallenge2023-integration-final-main/install/autoware_localization_msgs/include/autoware_localization_msgs/autoware_localization_msgs/msg/rosidl_typesupport_introspection_c__visibility_control.h
[2.128s] -- Up-to-date symlink: /home/autoware/aichallenge2023-integration-final-main/install/autoware_localization_msgs/include/autoware_localization_msgs/autoware_localization_msgs/msg/detail/kinematic_state__rosidl_typesupport_introspection_cpp.hpp
[2.128s] -- Up-to-date symlink: /home/autoware/aichallenge2023-integration-final-main/install/autoware_localization_msgs/share/autoware_localization_msgs/environment/pythonpath.sh
[2.129s] -- Up-to-date symlink: /home/autoware/aichallenge2023-integration-final-main/install/autoware_localization_msgs/share/autoware_localization_msgs/environment/pythonpath.dsv
[2.129s] -- Up-to-date symlink: /home/autoware/aichallenge2023-integration-final-main/install/autoware_localization_msgs/local/lib/python3.10/dist-packages/autoware_localization_msgs-1.0.0-py3.10.egg-info/PKG-INFO
[2.129s] -- Up-to-date symlink: /home/autoware/aichallenge2023-integration-final-main/install/autoware_localization_msgs/local/lib/python3.10/dist-packages/autoware_localization_msgs-1.0.0-py3.10.egg-info/SOURCES.txt
[2.129s] -- Up-to-date symlink: /home/autoware/aichallenge2023-integration-final-main/install/autoware_localization_msgs/local/lib/python3.10/dist-packages/autoware_localization_msgs-1.0.0-py3.10.egg-info/dependency_links.txt
[2.129s] -- Up-to-date symlink: /home/autoware/aichallenge2023-integration-final-main/install/autoware_localization_msgs/local/lib/python3.10/dist-packages/autoware_localization_msgs-1.0.0-py3.10.egg-info/top_level.txt
[2.130s] -- Up-to-date symlink: /home/autoware/aichallenge2023-integration-final-main/install/autoware_localization_msgs/local/lib/python3.10/dist-packages/autoware_localization_msgs/__init__.py
[2.130s] -- Up-to-date symlink: /home/autoware/aichallenge2023-integration-final-main/install/autoware_localization_msgs/local/lib/python3.10/dist-packages/autoware_localization_msgs/_autoware_localization_msgs_s.ep.rosidl_typesupport_c.c
[2.130s] -- Up-to-date symlink: /home/autoware/aichallenge2023-integration-final-main/install/autoware_localization_msgs/local/lib/python3.10/dist-packages/autoware_localization_msgs/_autoware_localization_msgs_s.ep.rosidl_typesupport_fastrtps_c.c
[2.130s] -- Up-to-date symlink: /home/autoware/aichallenge2023-integration-final-main/install/autoware_localization_msgs/local/lib/python3.10/dist-packages/autoware_localization_msgs/_autoware_localization_msgs_s.ep.rosidl_typesupport_introspection_c.c
[2.130s] -- Up-to-date symlink: /home/autoware/aichallenge2023-integration-final-main/install/autoware_localization_msgs/local/lib/python3.10/dist-packages/autoware_localization_msgs/autoware_localization_msgs_s__rosidl_typesupport_c.cpython-310-x86_64-linux-gnu.so
[2.130s] -- Up-to-date symlink: /home/autoware/aichallenge2023-integration-final-main/install/autoware_localization_msgs/local/lib/python3.10/dist-packages/autoware_localization_msgs/autoware_localization_msgs_s__rosidl_typesupport_fastrtps_c.cpython-310-x86_64-linux-gnu.so
[2.130s] -- Up-to-date symlink: /home/autoware/aichallenge2023-integration-final-main/install/autoware_localization_msgs/local/lib/python3.10/dist-packages/autoware_localization_msgs/autoware_localization_msgs_s__rosidl_typesupport_introspection_c.cpython-310-x86_64-linux-gnu.so
[2.130s] -- Up-to-date symlink: /home/autoware/aichallenge2023-integration-final-main/install/autoware_localization_msgs/local/lib/python3.10/dist-packages/autoware_localization_msgs/libautoware_localization_msgs__rosidl_generator_py.so
[2.139s] -- Up-to-date symlink: /home/autoware/aichallenge2023-integration-final-main/install/autoware_localization_msgs/local/lib/python3.10/dist-packages/autoware_localization_msgs/msg/__init__.py
[2.139s] -- Up-to-date symlink: /home/autoware/aichallenge2023-integration-final-main/install/autoware_localization_msgs/local/lib/python3.10/dist-packages/autoware_localization_msgs/msg/_kinematic_state.py
[2.139s] -- Up-to-date symlink: /home/autoware/aichallenge2023-integration-final-main/install/autoware_localization_msgs/local/lib/python3.10/dist-packages/autoware_localization_msgs/msg/_kinematic_state_s.c
[2.139s] -- Up-to-date symlink: /home/autoware/aichallenge2023-integration-final-main/install/autoware_localization_msgs/local/lib/python3.10/dist-packages/autoware_localization_msgs/autoware_localization_msgs_s__rosidl_typesupport_fastrtps_c.cpython-310-x86_64-linux-gnu.so
[2.139s] -- Up-to-date symlink: /home/autoware/aichallenge2023-integration-final-main/install/autoware_localization_msgs/local/lib/python3.10/dist-packages/autoware_localization_msgs/autoware_localization_msgs_s__rosidl_typesupport_introspection_c.cpython-310-x86_64-linux-gnu.so
[2.139s] -- Up-to-date symlink: /home/autoware/aichallenge2023-integration-final-main/install/autoware_localization_msgs/local/lib/python3.10/dist-packages/autoware_localization_msgs/autoware_localization_msgs_s__rosidl_typesupport_c.cpython-310-x86_64-linux-gnu.so
[2.139s] -- Up-to-date symlink: /home/autoware/aichallenge2023-integration-final-main/install/autoware_localization_msgs/share/autoware_localization_msgs/msg/KinematicState.idl
[2.139s] -- Up-to-date symlink: /home/autoware/aichallenge2023-integration-final-main/install/autoware_localization_msgs/share/autoware_localization_msgs/msg/KinematicState.msg
[2.140s] -- Up-to-date symlink: /home/autoware/aichallenge2023-integration-final-main/install/autoware_localization_msgs/share/ament_index/resource_index/package_run_dependencies/autoware_localization_msgs
[2.140s] -- Up-to-date symlink: /home/autoware/aichallenge2023-integration-final-main/install/autoware_localization_msgs/share/ament_index/resource_index/parent_prefix_path/autoware_localization_msgs
[2.140s] -- Up-to-date symlink: /home/autoware/aichallenge2023-integration-final-main/install/autoware_localization_msgs/share/autoware_localization_msgs/environment/ament_prefix_path.sh
[2.140s] -- Up-to-date symlink: /home/autoware/aichallenge2023-integration-final-main/install/autoware_localization_msgs/share/autoware_localization_msgs/environment/ament_prefix_path.dsv
[2.140s] -- Up-to-date symlink: /home/autoware/aichallenge2023-integration-final-main/install/autoware_localization_msgs/share/autoware_localization_msgs/environment/path.sh
[2.140s] -- Up-to-date symlink: /home/autoware/aichallenge2023-integration-final-main/install/autoware_localization_msgs/share/autoware_localization_msgs/environment/path.dsv
[2.140s] -- Up-to-date symlink: /home/autoware/aichallenge2023-integration-final-main/install/autoware_localization_msgs/share/autoware_localization_msgs/local_setup.bash
[2.140s] -- Up-to-date symlink: /home/autoware/aichallenge2023-integration-final-main/install/autoware_localization_msgs/share/autoware_localization_msgs/local_setup.sh
[2.140s] -- Up-to-date symlink: /home/autoware/aichallenge2023-integration-final-main/install/autoware_localization_msgs/share/autoware_localization_msgs/local_setup.zsh
[2.140s] -- Up-to-date symlink: /home/autoware/aichallenge2023-integration-final-main/install/autoware_localization_msgs/share/autoware_localization_msgs/local_setup.dsv
[2.140s] -- Symlinking: /home/autoware/aichallenge2023-integration-final-main/install/autoware_localization_msgs/share/autoware_localization_msgs/package.dsv
[2.187s] -- Up-to-date symlink: /home/autoware/aichallenge2023-integration-final-main/install/autoware_localization_msgs/share/ament_index/resource_index/packages/autoware_localization_msgs
[2.188s] -- Up-to-date symlink: /home/autoware/aichallenge2023-integration-final-main/install/autoware_localization_msgs/share/autoware_localization_msgs/cmake/rosidl_cmake-extras.cmake
[2.188s] -- Up-to-date symlink: /home/autoware/aichallenge2023-integration-final-main/install/autoware_localization_msgs/share/autoware_localization_msgs/cmake/ament_cmake_export_dependencies-extras.cmake
[2.189s] -- Up-to-date symlink: /home/autoware/aichallenge2023-integration-final-main/install/autoware_localization_msgs/share/autoware_localization_msgs/cmake/ament_cmake_export_include_directories-extras.cmake
[2.190s] -- Up-to-date symlink: /home/autoware/aichallenge2023-integration-final-main/install/autoware_localization_msgs/share/autoware_localization_msgs/cmake/ament_cmake_export_libraries-extras.cmake
[2.191s] -- Up-to-date symlink: /home/autoware/aichallenge2023-integration-final-main/install/autoware_localization_msgs/share/autoware_localization_msgs/cmake/ament_cmake_export_targets-extras.cmake
[2.191s] -- Up-to-date symlink: /home/autoware/aichallenge2023-integration-final-main/install/autoware_localization_msgs/share/autoware_localization_msgs/cmake/rosidl_cmake_export_typesupport_targets-extras.cmake
[2.192s] -- Up-to-date symlink: /home/autoware/aichallenge2023-integration-final-main/install/autoware_localization_msgs/share/autoware_localization_msgs/cmake/rosidl_cmake_export_typesupport_libraries-extras.cmake
[2.194s] -- Up-to-date symlink: /home/autoware/aichallenge2023-integration-final-main/install/autoware_localization_msgs/share/autoware_localization_msgs/cmake/autoware_localization_msgsConfig.cmake
[2.194s] -- Up-to-date symlink: /home/autoware/aichallenge2023-integration-final-main/install/autoware_localization_msgs/share/autoware_localization_msgs/cmake/autoware_localization_msgsConfig-version.cmake
[2.194s] -- Up-to-date symlink: /home/autoware/aichallenge2023-integration-final-main/install/autoware_localization_msgs/share/autoware_localization_msgs/package.xml
[2.194s] -- Up-to-date: /home/autoware/aichallenge2023-integration-final-main/install/autoware_localization_msgs/lib/libautoware_localization_msgs__rosidl_generator_c.so
[2.197s] -- Up-to-date: /home/autoware/aichallenge2023-integration-final-main/install/autoware_localization_msgs/lib/libautoware_localization_msgs__rosidl_typesupport_fastrtps_c.so
[2.197s] -- Up-to-date: /home/autoware/aichallenge2023-integration-final-main/install/autoware_localization_msgs/lib/libautoware_localization_msgs__rosidl_typesupport_fastrtps_cpp.so
[2.198s] -- Up-to-date: /home/autoware/aichallenge2023-integration-final-main/install/autoware_localization_msgs/lib/libautoware_localization_msgs__rosidl_typesupport_introspection_c.so
[2.198s] -- Up-to-date: /home/autoware/aichallenge2023-integration-final-main/install/autoware_localization_msgs/lib/libautoware_localization_msgs__rosidl_typesupport_c.so
[2.198s] -- Up-to-date: /home/autoware/aichallenge2023-integration-final-main/install/autoware_localization_msgs/lib/libautoware_localization_msgs__rosidl_typesupport_introspection_cpp.so
[2.198s] -- Up-to-date: /home/autoware/aichallenge2023-integration-final-main/install/autoware_localization_msgs/lib/libautoware_localization_msgs__rosidl_typesupport_cpp.so
[2.282s] Listing '/home/autoware/aichallenge2023-integration-final-main/install/autoware_localization_msgs/local/lib/python3.10/dist-packages/autoware_localization_msgs'...
[2.282s] Listing '/home/autoware/aichallenge2023-integration-final-main/install/autoware_localization_msgs/local/lib/python3.10/dist-packages/autoware_localization_msgs/msg'...
[2.287s] -- Up-to-date: /home/autoware/aichallenge2023-integration-final-main/install/autoware_localization_msgs/lib/libautoware_localization_msgs__rosidl_generator_py.so
[2.287s] -- Up-to-date: /home/autoware/aichallenge2023-integration-final-main/install/autoware_localization_msgs/share/autoware_localization_msgs/cmake/export_autoware_localization_msgs__rosidl_generator_cExport.cmake
[2.287s] -- Up-to-date: /home/autoware/aichallenge2023-integration-final-main/install/autoware_localization_msgs/share/autoware_localization_msgs/cmake/export_autoware_localization_msgs__rosidl_generator_cExport-release.cmake
[2.287s] -- Up-to-date: /home/autoware/aichallenge2023-integration-final-main/install/autoware_localization_msgs/share/autoware_localization_msgs/cmake/export_autoware_localization_msgs__rosidl_typesupport_fastrtps_cExport.cmake
[2.288s] -- Up-to-date: /home/autoware/aichallenge2023-integration-final-main/install/autoware_localization_msgs/share/autoware_localization_msgs/cmake/export_autoware_localization_msgs__rosidl_typesupport_fastrtps_cExport-release.cmake
[2.288s] -- Up-to-date: /home/autoware/aichallenge2023-integration-final-main/install/autoware_localization_msgs/share/autoware_localization_msgs/cmake/export_autoware_localization_msgs__rosidl_generator_cppExport.cmake
[2.288s] -- Up-to-date: /home/autoware/aichallenge2023-integration-final-main/install/autoware_localization_msgs/share/autoware_localization_msgs/cmake/export_autoware_localization_msgs__rosidl_typesupport_fastrtps_cppExport.cmake
[2.288s] -- Up-to-date: /home/autoware/aichallenge2023-integration-final-main/install/autoware_localization_msgs/share/autoware_localization_msgs/cmake/export_autoware_localization_msgs__rosidl_typesupport_fastrtps_cppExport-release.cmake
[2.288s] -- Up-to-date: /home/autoware/aichallenge2023-integration-final-main/install/autoware_localization_msgs/share/autoware_localization_msgs/cmake/autoware_localization_msgs__rosidl_typesupport_introspection_cExport.cmake
[2.288s] -- Up-to-date: /home/autoware/aichallenge2023-integration-final-main/install/autoware_localization_msgs/share/autoware_localization_msgs/cmake/autoware_localization_msgs__rosidl_typesupport_introspection_cExport-release.cmake
[2.288s] -- Up-to-date: /home/autoware/aichallenge2023-integration-final-main/install/autoware_localization_msgs/share/autoware_localization_msgs/cmake/autoware_localization_msgs__rosidl_typesupport_cExport.cmake
[2.288s] -- Up-to-date: /home/autoware/aichallenge2023-integration-final-main/install/autoware_localization_msgs/share/autoware_localization_msgs/cmake/autoware_localization_msgs__rosidl_typesupport_cExport-release.cmake
[2.288s] -- Up-to-date: /home/autoware/aichallenge2023-integration-final-main/install/autoware_localization_msgs/share/autoware_localization_msgs/cmake/autoware_localization_msgs__rosidl_typesupport_introspection_cppExport.cmake
[2.288s] -- Up-to-date: /home/autoware/aichallenge2023-integration-final-main/install/autoware_localization_msgs/share/autoware_localization_msgs/cmake/autoware_localization_msgs__rosidl_typesupport_introspection_cppExport-release.cmake
[2.289s] -- Up-to-date: /home/autoware/aichallenge2023-integration-final-main/install/autoware_localization_msgs/share/autoware_localization_msgs/cmake/autoware_localization_msgs__rosidl_typesupport_cppExport.cmake
[2.289s] -- Up-to-date: /home/autoware/aichallenge2023-integration-final-main/install/autoware_localization_msgs/share/autoware_localization_msgs/cmake/autoware_localization_msgs__rosidl_typesupport_cppExport-release.cmake
[2.289s] -- Up-to-date: /home/autoware/aichallenge2023-integration-final-main/install/autoware_localization_msgs/share/autoware_localization_msgs/cmake/export_autoware_localization_msgs__rosidl_generator_pyExport.cmake
[2.289s] -- Up-to-date: /home/autoware/aichallenge2023-integration-final-main/install/autoware_localization_msgs/share/autoware_localization_msgs/cmake/export_autoware_localization_msgs__rosidl_generator_pyExport-release.cmake
[2.618s] Invoked command in '/home/autoware/aichallenge2023-integration-final-main/build/autoware_localization_msgs' returned '0': CMAKE_PREFIX_PATH=${CMAKE_PREFIX_PATH}:/home/autoware/autoware/install/simulator_compatibility_test:/home/autoware/autoware/install/ad_api_visualizers:/opt/ros/humble /usr/bin/cmake --install /home/autoware/aichallenge2023-integration-final-main/build/autoware_localization_msgs
