[0.144s] Invoking command in '/home/autoware/aichallenge2023-integration-final-main/build/mussp': CMAKE_PREFIX_PATH=${CMAKE_PREFIX_PATH}:/home/autoware/aichallenge2023-integration-final-main/install/simulator_compatibility_test:/home/autoware/aichallenge2023-integration-final-main/install/ad_api_visualizers:/home/autoware/autoware/install/simulator_compatibility_test:/home/autoware/autoware/install/ad_api_visualizers:/opt/ros/humble /usr/bin/cmake --build /home/autoware/aichallenge2023-integration-final-main/build/mussp -- -j16 -l16
[3.198s] [100%] Built target mussp
[3.208s] Invoked command in '/home/autoware/aichallenge2023-integration-final-main/build/mussp' returned '0': CMAKE_PREFIX_PATH=${CMAKE_PREFIX_PATH}:/home/autoware/aichallenge2023-integration-final-main/install/simulator_compatibility_test:/home/autoware/aichallenge2023-integration-final-main/install/ad_api_visualizers:/home/autoware/autoware/install/simulator_compatibility_test:/home/autoware/autoware/install/ad_api_visualizers:/opt/ros/humble /usr/bin/cmake --build /home/autoware/aichallenge2023-integration-final-main/build/mussp -- -j16 -l16
[3.804s] Invoking command in '/home/autoware/aichallenge2023-integration-final-main/build/mussp': CMAKE_PREFIX_PATH=${CMAKE_PREFIX_PATH}:/home/autoware/aichallenge2023-integration-final-main/install/simulator_compatibility_test:/home/autoware/aichallenge2023-integration-final-main/install/ad_api_visualizers:/home/autoware/autoware/install/simulator_compatibility_test:/home/autoware/autoware/install/ad_api_visualizers:/opt/ros/humble /usr/bin/cmake --install /home/autoware/aichallenge2023-integration-final-main/build/mussp
[3.860s] -- Install configuration: "Release"
[3.861s] -- Execute custom install script
[3.861s] -- Up-to-date symlink: /home/autoware/aichallenge2023-integration-final-main/install/mussp/include/mussp/Graph.h
[3.861s] -- Up-to-date symlink: /home/autoware/aichallenge2023-integration-final-main/install/mussp/include/mussp/Node.h
[3.861s] -- Up-to-date symlink: /home/autoware/aichallenge2023-integration-final-main/install/mussp/include/mussp/Sink.h
[3.861s] -- Up-to-date symlink: /home/autoware/aichallenge2023-integration-final-main/install/mussp/include/mussp/mussp.h
[3.861s] -- Up-to-date symlink: /home/autoware/aichallenge2023-integration-final-main/install/mussp/share/mussp/environment/library_path.sh
[3.862s] -- Up-to-date symlink: /home/autoware/aichallenge2023-integration-final-main/install/mussp/share/mussp/environment/library_path.dsv
[3.862s] -- Up-to-date symlink: /home/autoware/aichallenge2023-integration-final-main/install/mussp/lib/libmussp.so
[3.862s] -- Up-to-date symlink: /home/autoware/aichallenge2023-integration-final-main/install/mussp/share/ament_index/resource_index/package_run_dependencies/mussp
[3.862s] -- Up-to-date symlink: /home/autoware/aichallenge2023-integration-final-main/install/mussp/share/ament_index/resource_index/parent_prefix_path/mussp
[3.862s] -- Up-to-date symlink: /home/autoware/aichallenge2023-integration-final-main/install/mussp/share/mussp/environment/ament_prefix_path.sh
[3.863s] -- Up-to-date symlink: /home/autoware/aichallenge2023-integration-final-main/install/mussp/share/mussp/environment/ament_prefix_path.dsv
[3.863s] -- Up-to-date symlink: /home/autoware/aichallenge2023-integration-final-main/install/mussp/share/mussp/environment/path.sh
[3.863s] -- Up-to-date symlink: /home/autoware/aichallenge2023-integration-final-main/install/mussp/share/mussp/environment/path.dsv
[3.863s] -- Up-to-date symlink: /home/autoware/aichallenge2023-integration-final-main/install/mussp/share/mussp/local_setup.bash
[3.863s] -- Up-to-date symlink: /home/autoware/aichallenge2023-integration-final-main/install/mussp/share/mussp/local_setup.sh
[3.863s] -- Up-to-date symlink: /home/autoware/aichallenge2023-integration-final-main/install/mussp/share/mussp/local_setup.zsh
[3.863s] -- Up-to-date symlink: /home/autoware/aichallenge2023-integration-final-main/install/mussp/share/mussp/local_setup.dsv
[3.863s] -- Symlinking: /home/autoware/aichallenge2023-integration-final-main/install/mussp/share/mussp/package.dsv
[3.924s] -- Up-to-date symlink: /home/autoware/aichallenge2023-integration-final-main/install/mussp/share/ament_index/resource_index/packages/mussp
[3.925s] -- Up-to-date symlink: /home/autoware/aichallenge2023-integration-final-main/install/mussp/share/mussp/cmake/ament_cmake_export_include_directories-extras.cmake
[3.925s] -- Up-to-date symlink: /home/autoware/aichallenge2023-integration-final-main/install/mussp/share/mussp/cmake/ament_cmake_export_libraries-extras.cmake
[3.925s] -- Up-to-date symlink: /home/autoware/aichallenge2023-integration-final-main/install/mussp/share/mussp/cmake/musspConfig.cmake
[3.925s] -- Up-to-date symlink: /home/autoware/aichallenge2023-integration-final-main/install/mussp/share/mussp/cmake/musspConfig-version.cmake
[3.925s] -- Up-to-date symlink: /home/autoware/aichallenge2023-integration-final-main/install/mussp/share/mussp/package.xml
[3.933s] Invoked command in '/home/autoware/aichallenge2023-integration-final-main/build/mussp' returned '0': CMAKE_PREFIX_PATH=${CMAKE_PREFIX_PATH}:/home/autoware/aichallenge2023-integration-final-main/install/simulator_compatibility_test:/home/autoware/aichallenge2023-integration-final-main/install/ad_api_visualizers:/home/autoware/autoware/install/simulator_compatibility_test:/home/autoware/autoware/install/ad_api_visualizers:/opt/ros/humble /usr/bin/cmake --install /home/autoware/aichallenge2023-integration-final-main/build/mussp
