[0.136s] Invoking command in '/home/autoware/aichallenge2023-integration-final-main/build/autoware_auto_system_msgs': CMAKE_PREFIX_PATH=${CMAKE_PREFIX_PATH}:/home/autoware/autoware/install/simulator_compatibility_test:/home/autoware/autoware/install/ad_api_visualizers:/opt/ros/humble /usr/bin/cmake --build /home/autoware/aichallenge2023-integration-final-main/build/autoware_auto_system_msgs -- -j16 -l16
[0.322s] [35m[1mConsolidate compiler generated dependencies of target autoware_auto_system_msgs__rosidl_generator_c[0m
[0.486s] [ 11%] Built target autoware_auto_system_msgs__rosidl_generator_c
[0.501s] [ 12%] Built target autoware_auto_system_msgs__cpp
[0.521s] [ 12%] Built target ament_cmake_python_symlink_autoware_auto_system_msgs
[0.729s] [35m[1mConsolidate compiler generated dependencies of target autoware_auto_system_msgs__rosidl_typesupport_fastrtps_c[0m
[0.767s] [35m[1mConsolidate compiler generated dependencies of target autoware_auto_system_msgs__rosidl_typesupport_c[0m
[0.771s] [35m[1mConsolidate compiler generated dependencies of target autoware_auto_system_msgs__rosidl_typesupport_introspection_c[0m
[0.849s] [35m[1mConsolidate compiler generated dependencies of target autoware_auto_system_msgs__rosidl_typesupport_fastrtps_cpp[0m
[0.888s] [35m[1mConsolidate compiler generated dependencies of target autoware_auto_system_msgs__rosidl_typesupport_cpp[0m
[0.941s] [35m[1mConsolidate compiler generated dependencies of target autoware_auto_system_msgs__rosidl_typesupport_introspection_cpp[0m
[0.975s] [ 24%] Built target autoware_auto_system_msgs__rosidl_typesupport_c
[1.052s] [ 35%] Built target autoware_auto_system_msgs__rosidl_typesupport_introspection_c
[1.073s] [ 46%] Built target autoware_auto_system_msgs__rosidl_typesupport_fastrtps_c
[1.171s] [ 58%] Built target autoware_auto_system_msgs__rosidl_typesupport_fastrtps_cpp
[1.189s] [ 69%] Built target autoware_auto_system_msgs__rosidl_typesupport_cpp
[1.240s] [ 81%] Built target autoware_auto_system_msgs__rosidl_typesupport_introspection_cpp
[1.478s] [ 81%] Built target autoware_auto_system_msgs
[1.672s] [ 82%] Built target autoware_auto_system_msgs__py
[1.716s] running egg_info
[1.717s] writing autoware_auto_system_msgs.egg-info/PKG-INFO
[1.718s] writing dependency_links to autoware_auto_system_msgs.egg-info/dependency_links.txt
[1.718s] writing top-level names to autoware_auto_system_msgs.egg-info/top_level.txt
[1.721s] reading manifest file 'autoware_auto_system_msgs.egg-info/SOURCES.txt'
[1.727s] writing manifest file 'autoware_auto_system_msgs.egg-info/SOURCES.txt'
[1.788s] [35m[1mConsolidate compiler generated dependencies of target autoware_auto_system_msgs__rosidl_generator_py[0m
[1.811s] [ 82%] Built target ament_cmake_python_build_autoware_auto_system_msgs_egg
[1.863s] [ 92%] Built target autoware_auto_system_msgs__rosidl_generator_py
[1.928s] [35m[1mConsolidate compiler generated dependencies of target autoware_auto_system_msgs__rosidl_typesupport_introspection_c__pyext[0m
[1.930s] [35m[1mConsolidate compiler generated dependencies of target autoware_auto_system_msgs__rosidl_typesupport_fastrtps_c__pyext[0m
[1.936s] [35m[1mConsolidate compiler generated dependencies of target autoware_auto_system_msgs__rosidl_typesupport_c__pyext[0m
[1.985s] [ 94%] Built target autoware_auto_system_msgs__rosidl_typesupport_introspection_c__pyext
[2.001s] [ 97%] Built target autoware_auto_system_msgs__rosidl_typesupport_c__pyext
[2.025s] [100%] Built target autoware_auto_system_msgs__rosidl_typesupport_fastrtps_c__pyext
[2.126s] Invoked command in '/home/autoware/aichallenge2023-integration-final-main/build/autoware_auto_system_msgs' returned '0': CMAKE_PREFIX_PATH=${CMAKE_PREFIX_PATH}:/home/autoware/autoware/install/simulator_compatibility_test:/home/autoware/autoware/install/ad_api_visualizers:/opt/ros/humble /usr/bin/cmake --build /home/autoware/aichallenge2023-integration-final-main/build/autoware_auto_system_msgs -- -j16 -l16
[4.296s] Invoking command in '/home/autoware/aichallenge2023-integration-final-main/build/autoware_auto_system_msgs': CMAKE_PREFIX_PATH=${CMAKE_PREFIX_PATH}:/home/autoware/autoware/install/simulator_compatibility_test:/home/autoware/autoware/install/ad_api_visualizers:/opt/ros/humble /usr/bin/cmake --install /home/autoware/aichallenge2023-integration-final-main/build/autoware_auto_system_msgs
[4.328s] -- Install configuration: "Release"
[4.328s] -- Execute custom install script
[4.329s] -- Up-to-date symlink: /home/autoware/aichallenge2023-integration-final-main/install/autoware_auto_system_msgs/share/ament_index/resource_index/rosidl_interfaces/autoware_auto_system_msgs
[4.329s] -- Up-to-date symlink: /home/autoware/aichallenge2023-integration-final-main/install/autoware_auto_system_msgs/include/autoware_auto_system_msgs/autoware_auto_system_msgs/msg/autoware_state.h
[4.329s] -- Up-to-date symlink: /home/autoware/aichallenge2023-integration-final-main/install/autoware_auto_system_msgs/include/autoware_auto_system_msgs/autoware_auto_system_msgs/msg/control_diagnostic.h
[4.329s] -- Up-to-date symlink: /home/autoware/aichallenge2023-integration-final-main/install/autoware_auto_system_msgs/include/autoware_auto_system_msgs/autoware_auto_system_msgs/msg/detail/autoware_state__functions.h
[4.329s] -- Up-to-date symlink: /home/autoware/aichallenge2023-integration-final-main/install/autoware_auto_system_msgs/include/autoware_auto_system_msgs/autoware_auto_system_msgs/msg/detail/autoware_state__struct.h
[4.329s] -- Up-to-date symlink: /home/autoware/aichallenge2023-integration-final-main/install/autoware_auto_system_msgs/include/autoware_auto_system_msgs/autoware_auto_system_msgs/msg/detail/autoware_state__type_support.h
[4.329s] -- Up-to-date symlink: /home/autoware/aichallenge2023-integration-final-main/install/autoware_auto_system_msgs/include/autoware_auto_system_msgs/autoware_auto_system_msgs/msg/detail/control_diagnostic__functions.h
[4.329s] -- Up-to-date symlink: /home/autoware/aichallenge2023-integration-final-main/install/autoware_auto_system_msgs/include/autoware_auto_system_msgs/autoware_auto_system_msgs/msg/detail/control_diagnostic__struct.h
[4.329s] -- Up-to-date symlink: /home/autoware/aichallenge2023-integration-final-main/install/autoware_auto_system_msgs/include/autoware_auto_system_msgs/autoware_auto_system_msgs/msg/detail/control_diagnostic__type_support.h
[4.329s] -- Up-to-date symlink: /home/autoware/aichallenge2023-integration-final-main/install/autoware_auto_system_msgs/include/autoware_auto_system_msgs/autoware_auto_system_msgs/msg/detail/diagnostic_header__functions.h
[4.329s] -- Up-to-date symlink: /home/autoware/aichallenge2023-integration-final-main/install/autoware_auto_system_msgs/include/autoware_auto_system_msgs/autoware_auto_system_msgs/msg/detail/diagnostic_header__struct.h
[4.329s] -- Up-to-date symlink: /home/autoware/aichallenge2023-integration-final-main/install/autoware_auto_system_msgs/include/autoware_auto_system_msgs/autoware_auto_system_msgs/msg/detail/diagnostic_header__type_support.h
[4.329s] -- Up-to-date symlink: /home/autoware/aichallenge2023-integration-final-main/install/autoware_auto_system_msgs/include/autoware_auto_system_msgs/autoware_auto_system_msgs/msg/detail/driving_capability__functions.h
[4.329s] -- Up-to-date symlink: /home/autoware/aichallenge2023-integration-final-main/install/autoware_auto_system_msgs/include/autoware_auto_system_msgs/autoware_auto_system_msgs/msg/detail/driving_capability__struct.h
[4.330s] -- Up-to-date symlink: /home/autoware/aichallenge2023-integration-final-main/install/autoware_auto_system_msgs/include/autoware_auto_system_msgs/autoware_auto_system_msgs/msg/detail/driving_capability__type_support.h
[4.330s] -- Up-to-date symlink: /home/autoware/aichallenge2023-integration-final-main/install/autoware_auto_system_msgs/include/autoware_auto_system_msgs/autoware_auto_system_msgs/msg/detail/emergency_state__functions.h
[4.330s] -- Up-to-date symlink: /home/autoware/aichallenge2023-integration-final-main/install/autoware_auto_system_msgs/include/autoware_auto_system_msgs/autoware_auto_system_msgs/msg/detail/emergency_state__struct.h
[4.330s] -- Up-to-date symlink: /home/autoware/aichallenge2023-integration-final-main/install/autoware_auto_system_msgs/include/autoware_auto_system_msgs/autoware_auto_system_msgs/msg/detail/emergency_state__type_support.h
[4.330s] -- Up-to-date symlink: /home/autoware/aichallenge2023-integration-final-main/install/autoware_auto_system_msgs/include/autoware_auto_system_msgs/autoware_auto_system_msgs/msg/detail/hazard_status__functions.h
[4.330s] -- Up-to-date symlink: /home/autoware/aichallenge2023-integration-final-main/install/autoware_auto_system_msgs/include/autoware_auto_system_msgs/autoware_auto_system_msgs/msg/detail/hazard_status__struct.h
[4.330s] -- Up-to-date symlink: /home/autoware/aichallenge2023-integration-final-main/install/autoware_auto_system_msgs/include/autoware_auto_system_msgs/autoware_auto_system_msgs/msg/detail/hazard_status__type_support.h
[4.330s] -- Up-to-date symlink: /home/autoware/aichallenge2023-integration-final-main/install/autoware_auto_system_msgs/include/autoware_auto_system_msgs/autoware_auto_system_msgs/msg/detail/hazard_status_stamped__functions.h
[4.330s] -- Up-to-date symlink: /home/autoware/aichallenge2023-integration-final-main/install/autoware_auto_system_msgs/include/autoware_auto_system_msgs/autoware_auto_system_msgs/msg/detail/hazard_status_stamped__struct.h
[4.330s] -- Up-to-date symlink: /home/autoware/aichallenge2023-integration-final-main/install/autoware_auto_system_msgs/include/autoware_auto_system_msgs/autoware_auto_system_msgs/msg/detail/hazard_status_stamped__type_support.h
[4.331s] -- Up-to-date symlink: /home/autoware/aichallenge2023-integration-final-main/install/autoware_auto_system_msgs/include/autoware_auto_system_msgs/autoware_auto_system_msgs/msg/diagnostic_header.h
[4.331s] -- Up-to-date symlink: /home/autoware/aichallenge2023-integration-final-main/install/autoware_auto_system_msgs/include/autoware_auto_system_msgs/autoware_auto_system_msgs/msg/driving_capability.h
[4.333s] -- Up-to-date symlink: /home/autoware/aichallenge2023-integration-final-main/install/autoware_auto_system_msgs/include/autoware_auto_system_msgs/autoware_auto_system_msgs/msg/emergency_state.h
[4.333s] -- Up-to-date symlink: /home/autoware/aichallenge2023-integration-final-main/install/autoware_auto_system_msgs/include/autoware_auto_system_msgs/autoware_auto_system_msgs/msg/hazard_status.h
[4.333s] -- Up-to-date symlink: /home/autoware/aichallenge2023-integration-final-main/install/autoware_auto_system_msgs/include/autoware_auto_system_msgs/autoware_auto_system_msgs/msg/hazard_status_stamped.h
[4.333s] -- Up-to-date symlink: /home/autoware/aichallenge2023-integration-final-main/install/autoware_auto_system_msgs/include/autoware_auto_system_msgs/autoware_auto_system_msgs/msg/rosidl_generator_c__visibility_control.h
[4.333s] -- Up-to-date symlink: /home/autoware/aichallenge2023-integration-final-main/install/autoware_auto_system_msgs/share/autoware_auto_system_msgs/environment/library_path.sh
[4.333s] -- Up-to-date symlink: /home/autoware/aichallenge2023-integration-final-main/install/autoware_auto_system_msgs/share/autoware_auto_system_msgs/environment/library_path.dsv
[4.333s] -- Up-to-date symlink: /home/autoware/aichallenge2023-integration-final-main/install/autoware_auto_system_msgs/include/autoware_auto_system_msgs/autoware_auto_system_msgs/msg/detail/autoware_state__rosidl_typesupport_fastrtps_c.h
[4.333s] -- Up-to-date symlink: /home/autoware/aichallenge2023-integration-final-main/install/autoware_auto_system_msgs/include/autoware_auto_system_msgs/autoware_auto_system_msgs/msg/detail/control_diagnostic__rosidl_typesupport_fastrtps_c.h
[4.333s] -- Up-to-date symlink: /home/autoware/aichallenge2023-integration-final-main/install/autoware_auto_system_msgs/include/autoware_auto_system_msgs/autoware_auto_system_msgs/msg/detail/diagnostic_header__rosidl_typesupport_fastrtps_c.h
[4.333s] -- Up-to-date symlink: /home/autoware/aichallenge2023-integration-final-main/install/autoware_auto_system_msgs/include/autoware_auto_system_msgs/autoware_auto_system_msgs/msg/detail/driving_capability__rosidl_typesupport_fastrtps_c.h
[4.333s] -- Up-to-date symlink: /home/autoware/aichallenge2023-integration-final-main/install/autoware_auto_system_msgs/include/autoware_auto_system_msgs/autoware_auto_system_msgs/msg/detail/emergency_state__rosidl_typesupport_fastrtps_c.h
[4.334s] -- Up-to-date symlink: /home/autoware/aichallenge2023-integration-final-main/install/autoware_auto_system_msgs/include/autoware_auto_system_msgs/autoware_auto_system_msgs/msg/detail/hazard_status__rosidl_typesupport_fastrtps_c.h
[4.334s] -- Up-to-date symlink: /home/autoware/aichallenge2023-integration-final-main/install/autoware_auto_system_msgs/include/autoware_auto_system_msgs/autoware_auto_system_msgs/msg/detail/hazard_status_stamped__rosidl_typesupport_fastrtps_c.h
[4.334s] -- Up-to-date symlink: /home/autoware/aichallenge2023-integration-final-main/install/autoware_auto_system_msgs/include/autoware_auto_system_msgs/autoware_auto_system_msgs/msg/rosidl_typesupport_fastrtps_c__visibility_control.h
[4.335s] -- Up-to-date symlink: /home/autoware/aichallenge2023-integration-final-main/install/autoware_auto_system_msgs/include/autoware_auto_system_msgs/autoware_auto_system_msgs/msg/detail/autoware_state__rosidl_typesupport_introspection_c.h
[4.335s] -- Up-to-date symlink: /home/autoware/aichallenge2023-integration-final-main/install/autoware_auto_system_msgs/include/autoware_auto_system_msgs/autoware_auto_system_msgs/msg/detail/control_diagnostic__rosidl_typesupport_introspection_c.h
[4.335s] -- Up-to-date symlink: /home/autoware/aichallenge2023-integration-final-main/install/autoware_auto_system_msgs/include/autoware_auto_system_msgs/autoware_auto_system_msgs/msg/detail/diagnostic_header__rosidl_typesupport_introspection_c.h
[4.335s] -- Up-to-date symlink: /home/autoware/aichallenge2023-integration-final-main/install/autoware_auto_system_msgs/include/autoware_auto_system_msgs/autoware_auto_system_msgs/msg/detail/driving_capability__rosidl_typesupport_introspection_c.h
[4.335s] -- Up-to-date symlink: /home/autoware/aichallenge2023-integration-final-main/install/autoware_auto_system_msgs/include/autoware_auto_system_msgs/autoware_auto_system_msgs/msg/detail/emergency_state__rosidl_typesupport_introspection_c.h
[4.336s] -- Up-to-date symlink: /home/autoware/aichallenge2023-integration-final-main/install/autoware_auto_system_msgs/include/autoware_auto_system_msgs/autoware_auto_system_msgs/msg/detail/hazard_status__rosidl_typesupport_introspection_c.h
[4.336s] -- Up-to-date symlink: /home/autoware/aichallenge2023-integration-final-main/install/autoware_auto_system_msgs/include/autoware_auto_system_msgs/autoware_auto_system_msgs/msg/detail/hazard_status_stamped__rosidl_typesupport_introspection_c.h
[4.336s] -- Up-to-date symlink: /home/autoware/aichallenge2023-integration-final-main/install/autoware_auto_system_msgs/include/autoware_auto_system_msgs/autoware_auto_system_msgs/msg/rosidl_typesupport_introspection_c__visibility_control.h
[4.337s] -- Up-to-date symlink: /home/autoware/aichallenge2023-integration-final-main/install/autoware_auto_system_msgs/include/autoware_auto_system_msgs/autoware_auto_system_msgs/msg/autoware_state.hpp
[4.337s] -- Up-to-date symlink: /home/autoware/aichallenge2023-integration-final-main/install/autoware_auto_system_msgs/include/autoware_auto_system_msgs/autoware_auto_system_msgs/msg/control_diagnostic.hpp
[4.337s] -- Up-to-date symlink: /home/autoware/aichallenge2023-integration-final-main/install/autoware_auto_system_msgs/include/autoware_auto_system_msgs/autoware_auto_system_msgs/msg/detail/autoware_state__builder.hpp
[4.337s] -- Up-to-date symlink: /home/autoware/aichallenge2023-integration-final-main/install/autoware_auto_system_msgs/include/autoware_auto_system_msgs/autoware_auto_system_msgs/msg/detail/autoware_state__struct.hpp
[4.337s] -- Up-to-date symlink: /home/autoware/aichallenge2023-integration-final-main/install/autoware_auto_system_msgs/include/autoware_auto_system_msgs/autoware_auto_system_msgs/msg/detail/autoware_state__traits.hpp
[4.338s] -- Up-to-date symlink: /home/autoware/aichallenge2023-integration-final-main/install/autoware_auto_system_msgs/include/autoware_auto_system_msgs/autoware_auto_system_msgs/msg/detail/control_diagnostic__builder.hpp
[4.338s] -- Up-to-date symlink: /home/autoware/aichallenge2023-integration-final-main/install/autoware_auto_system_msgs/include/autoware_auto_system_msgs/autoware_auto_system_msgs/msg/detail/control_diagnostic__struct.hpp
[4.338s] -- Up-to-date symlink: /home/autoware/aichallenge2023-integration-final-main/install/autoware_auto_system_msgs/include/autoware_auto_system_msgs/autoware_auto_system_msgs/msg/detail/control_diagnostic__traits.hpp
[4.338s] -- Up-to-date symlink: /home/autoware/aichallenge2023-integration-final-main/install/autoware_auto_system_msgs/include/autoware_auto_system_msgs/autoware_auto_system_msgs/msg/detail/diagnostic_header__builder.hpp
[4.338s] -- Up-to-date symlink: /home/autoware/aichallenge2023-integration-final-main/install/autoware_auto_system_msgs/include/autoware_auto_system_msgs/autoware_auto_system_msgs/msg/detail/diagnostic_header__struct.hpp
[4.343s] -- Up-to-date symlink: /home/autoware/aichallenge2023-integration-final-main/install/autoware_auto_system_msgs/include/autoware_auto_system_msgs/autoware_auto_system_msgs/msg/detail/diagnostic_header__traits.hpp
[4.343s] -- Up-to-date symlink: /home/autoware/aichallenge2023-integration-final-main/install/autoware_auto_system_msgs/include/autoware_auto_system_msgs/autoware_auto_system_msgs/msg/detail/driving_capability__builder.hpp
[4.343s] -- Up-to-date symlink: /home/autoware/aichallenge2023-integration-final-main/install/autoware_auto_system_msgs/include/autoware_auto_system_msgs/autoware_auto_system_msgs/msg/detail/driving_capability__struct.hpp
[4.344s] -- Up-to-date symlink: /home/autoware/aichallenge2023-integration-final-main/install/autoware_auto_system_msgs/include/autoware_auto_system_msgs/autoware_auto_system_msgs/msg/detail/driving_capability__traits.hpp
[4.344s] -- Up-to-date symlink: /home/autoware/aichallenge2023-integration-final-main/install/autoware_auto_system_msgs/include/autoware_auto_system_msgs/autoware_auto_system_msgs/msg/detail/emergency_state__builder.hpp
[4.344s] -- Up-to-date symlink: /home/autoware/aichallenge2023-integration-final-main/install/autoware_auto_system_msgs/include/autoware_auto_system_msgs/autoware_auto_system_msgs/msg/detail/emergency_state__struct.hpp
[4.344s] -- Up-to-date symlink: /home/autoware/aichallenge2023-integration-final-main/install/autoware_auto_system_msgs/include/autoware_auto_system_msgs/autoware_auto_system_msgs/msg/detail/emergency_state__traits.hpp
[4.344s] -- Up-to-date symlink: /home/autoware/aichallenge2023-integration-final-main/install/autoware_auto_system_msgs/include/autoware_auto_system_msgs/autoware_auto_system_msgs/msg/detail/hazard_status__builder.hpp
[4.344s] -- Up-to-date symlink: /home/autoware/aichallenge2023-integration-final-main/install/autoware_auto_system_msgs/include/autoware_auto_system_msgs/autoware_auto_system_msgs/msg/detail/hazard_status__struct.hpp
[4.345s] -- Up-to-date symlink: /home/autoware/aichallenge2023-integration-final-main/install/autoware_auto_system_msgs/include/autoware_auto_system_msgs/autoware_auto_system_msgs/msg/detail/hazard_status__traits.hpp
[4.345s] -- Up-to-date symlink: /home/autoware/aichallenge2023-integration-final-main/install/autoware_auto_system_msgs/include/autoware_auto_system_msgs/autoware_auto_system_msgs/msg/detail/hazard_status_stamped__builder.hpp
[4.345s] -- Up-to-date symlink: /home/autoware/aichallenge2023-integration-final-main/install/autoware_auto_system_msgs/include/autoware_auto_system_msgs/autoware_auto_system_msgs/msg/detail/hazard_status_stamped__struct.hpp
[4.345s] -- Up-to-date symlink: /home/autoware/aichallenge2023-integration-final-main/install/autoware_auto_system_msgs/include/autoware_auto_system_msgs/autoware_auto_system_msgs/msg/detail/hazard_status_stamped__traits.hpp
[4.345s] -- Up-to-date symlink: /home/autoware/aichallenge2023-integration-final-main/install/autoware_auto_system_msgs/include/autoware_auto_system_msgs/autoware_auto_system_msgs/msg/diagnostic_header.hpp
[4.346s] -- Up-to-date symlink: /home/autoware/aichallenge2023-integration-final-main/install/autoware_auto_system_msgs/include/autoware_auto_system_msgs/autoware_auto_system_msgs/msg/driving_capability.hpp
[4.346s] -- Up-to-date symlink: /home/autoware/aichallenge2023-integration-final-main/install/autoware_auto_system_msgs/include/autoware_auto_system_msgs/autoware_auto_system_msgs/msg/emergency_state.hpp
[4.346s] -- Up-to-date symlink: /home/autoware/aichallenge2023-integration-final-main/install/autoware_auto_system_msgs/include/autoware_auto_system_msgs/autoware_auto_system_msgs/msg/hazard_status.hpp
[4.346s] -- Up-to-date symlink: /home/autoware/aichallenge2023-integration-final-main/install/autoware_auto_system_msgs/include/autoware_auto_system_msgs/autoware_auto_system_msgs/msg/hazard_status_stamped.hpp
[4.347s] -- Up-to-date symlink: /home/autoware/aichallenge2023-integration-final-main/install/autoware_auto_system_msgs/include/autoware_auto_system_msgs/autoware_auto_system_msgs/msg/detail/autoware_state__rosidl_typesupport_fastrtps_cpp.hpp
[4.348s] -- Up-to-date symlink: /home/autoware/aichallenge2023-integration-final-main/install/autoware_auto_system_msgs/include/autoware_auto_system_msgs/autoware_auto_system_msgs/msg/detail/control_diagnostic__rosidl_typesupport_fastrtps_cpp.hpp
[4.348s] -- Up-to-date symlink: /home/autoware/aichallenge2023-integration-final-main/install/autoware_auto_system_msgs/include/autoware_auto_system_msgs/autoware_auto_system_msgs/msg/detail/diagnostic_header__rosidl_typesupport_fastrtps_cpp.hpp
[4.349s] -- Up-to-date symlink: /home/autoware/aichallenge2023-integration-final-main/install/autoware_auto_system_msgs/include/autoware_auto_system_msgs/autoware_auto_system_msgs/msg/detail/driving_capability__rosidl_typesupport_fastrtps_cpp.hpp
[4.349s] -- Up-to-date symlink: /home/autoware/aichallenge2023-integration-final-main/install/autoware_auto_system_msgs/include/autoware_auto_system_msgs/autoware_auto_system_msgs/msg/detail/emergency_state__rosidl_typesupport_fastrtps_cpp.hpp
[4.349s] -- Up-to-date symlink: /home/autoware/aichallenge2023-integration-final-main/install/autoware_auto_system_msgs/include/autoware_auto_system_msgs/autoware_auto_system_msgs/msg/detail/hazard_status__rosidl_typesupport_fastrtps_cpp.hpp
[4.349s] -- Up-to-date symlink: /home/autoware/aichallenge2023-integration-final-main/install/autoware_auto_system_msgs/include/autoware_auto_system_msgs/autoware_auto_system_msgs/msg/detail/hazard_status_stamped__rosidl_typesupport_fastrtps_cpp.hpp
[4.349s] -- Up-to-date symlink: /home/autoware/aichallenge2023-integration-final-main/install/autoware_auto_system_msgs/include/autoware_auto_system_msgs/autoware_auto_system_msgs/msg/rosidl_typesupport_fastrtps_cpp__visibility_control.h
[4.349s] -- Up-to-date symlink: /home/autoware/aichallenge2023-integration-final-main/install/autoware_auto_system_msgs/include/autoware_auto_system_msgs/autoware_auto_system_msgs/msg/detail/autoware_state__rosidl_typesupport_introspection_cpp.hpp
[4.349s] -- Up-to-date symlink: /home/autoware/aichallenge2023-integration-final-main/install/autoware_auto_system_msgs/include/autoware_auto_system_msgs/autoware_auto_system_msgs/msg/detail/control_diagnostic__rosidl_typesupport_introspection_cpp.hpp
[4.349s] -- Up-to-date symlink: /home/autoware/aichallenge2023-integration-final-main/install/autoware_auto_system_msgs/include/autoware_auto_system_msgs/autoware_auto_system_msgs/msg/detail/diagnostic_header__rosidl_typesupport_introspection_cpp.hpp
[4.351s] -- Up-to-date symlink: /home/autoware/aichallenge2023-integration-final-main/install/autoware_auto_system_msgs/include/autoware_auto_system_msgs/autoware_auto_system_msgs/msg/detail/driving_capability__rosidl_typesupport_introspection_cpp.hpp
[4.351s] -- Up-to-date symlink: /home/autoware/aichallenge2023-integration-final-main/install/autoware_auto_system_msgs/include/autoware_auto_system_msgs/autoware_auto_system_msgs/msg/detail/emergency_state__rosidl_typesupport_introspection_cpp.hpp
[4.351s] -- Up-to-date symlink: /home/autoware/aichallenge2023-integration-final-main/install/autoware_auto_system_msgs/include/autoware_auto_system_msgs/autoware_auto_system_msgs/msg/detail/hazard_status__rosidl_typesupport_introspection_cpp.hpp
[4.351s] -- Up-to-date symlink: /home/autoware/aichallenge2023-integration-final-main/install/autoware_auto_system_msgs/include/autoware_auto_system_msgs/autoware_auto_system_msgs/msg/detail/hazard_status_stamped__rosidl_typesupport_introspection_cpp.hpp
[4.351s] -- Up-to-date symlink: /home/autoware/aichallenge2023-integration-final-main/install/autoware_auto_system_msgs/share/autoware_auto_system_msgs/environment/pythonpath.sh
[4.351s] -- Up-to-date symlink: /home/autoware/aichallenge2023-integration-final-main/install/autoware_auto_system_msgs/share/autoware_auto_system_msgs/environment/pythonpath.dsv
[4.351s] -- Up-to-date symlink: /home/autoware/aichallenge2023-integration-final-main/install/autoware_auto_system_msgs/local/lib/python3.10/dist-packages/autoware_auto_system_msgs-1.0.0-py3.10.egg-info/PKG-INFO
[4.351s] -- Up-to-date symlink: /home/autoware/aichallenge2023-integration-final-main/install/autoware_auto_system_msgs/local/lib/python3.10/dist-packages/autoware_auto_system_msgs-1.0.0-py3.10.egg-info/SOURCES.txt
[4.351s] -- Up-to-date symlink: /home/autoware/aichallenge2023-integration-final-main/install/autoware_auto_system_msgs/local/lib/python3.10/dist-packages/autoware_auto_system_msgs-1.0.0-py3.10.egg-info/dependency_links.txt
[4.351s] -- Up-to-date symlink: /home/autoware/aichallenge2023-integration-final-main/install/autoware_auto_system_msgs/local/lib/python3.10/dist-packages/autoware_auto_system_msgs-1.0.0-py3.10.egg-info/top_level.txt
[4.354s] -- Up-to-date symlink: /home/autoware/aichallenge2023-integration-final-main/install/autoware_auto_system_msgs/local/lib/python3.10/dist-packages/autoware_auto_system_msgs/__init__.py
[4.354s] -- Up-to-date symlink: /home/autoware/aichallenge2023-integration-final-main/install/autoware_auto_system_msgs/local/lib/python3.10/dist-packages/autoware_auto_system_msgs/_autoware_auto_system_msgs_s.ep.rosidl_typesupport_c.c
[4.354s] -- Up-to-date symlink: /home/autoware/aichallenge2023-integration-final-main/install/autoware_auto_system_msgs/local/lib/python3.10/dist-packages/autoware_auto_system_msgs/_autoware_auto_system_msgs_s.ep.rosidl_typesupport_fastrtps_c.c
[4.354s] -- Up-to-date symlink: /home/autoware/aichallenge2023-integration-final-main/install/autoware_auto_system_msgs/local/lib/python3.10/dist-packages/autoware_auto_system_msgs/_autoware_auto_system_msgs_s.ep.rosidl_typesupport_introspection_c.c
[4.354s] -- Up-to-date symlink: /home/autoware/aichallenge2023-integration-final-main/install/autoware_auto_system_msgs/local/lib/python3.10/dist-packages/autoware_auto_system_msgs/autoware_auto_system_msgs_s__rosidl_typesupport_c.cpython-310-x86_64-linux-gnu.so
[4.354s] -- Up-to-date symlink: /home/autoware/aichallenge2023-integration-final-main/install/autoware_auto_system_msgs/local/lib/python3.10/dist-packages/autoware_auto_system_msgs/autoware_auto_system_msgs_s__rosidl_typesupport_fastrtps_c.cpython-310-x86_64-linux-gnu.so
[4.354s] -- Up-to-date symlink: /home/autoware/aichallenge2023-integration-final-main/install/autoware_auto_system_msgs/local/lib/python3.10/dist-packages/autoware_auto_system_msgs/autoware_auto_system_msgs_s__rosidl_typesupport_introspection_c.cpython-310-x86_64-linux-gnu.so
[4.354s] -- Up-to-date symlink: /home/autoware/aichallenge2023-integration-final-main/install/autoware_auto_system_msgs/local/lib/python3.10/dist-packages/autoware_auto_system_msgs/libautoware_auto_system_msgs__rosidl_generator_py.so
[4.354s] -- Up-to-date symlink: /home/autoware/aichallenge2023-integration-final-main/install/autoware_auto_system_msgs/local/lib/python3.10/dist-packages/autoware_auto_system_msgs/msg/__init__.py
[4.354s] -- Up-to-date symlink: /home/autoware/aichallenge2023-integration-final-main/install/autoware_auto_system_msgs/local/lib/python3.10/dist-packages/autoware_auto_system_msgs/msg/_autoware_state.py
[4.354s] -- Up-to-date symlink: /home/autoware/aichallenge2023-integration-final-main/install/autoware_auto_system_msgs/local/lib/python3.10/dist-packages/autoware_auto_system_msgs/msg/_autoware_state_s.c
[4.354s] -- Up-to-date symlink: /home/autoware/aichallenge2023-integration-final-main/install/autoware_auto_system_msgs/local/lib/python3.10/dist-packages/autoware_auto_system_msgs/msg/_control_diagnostic.py
[4.355s] -- Up-to-date symlink: /home/autoware/aichallenge2023-integration-final-main/install/autoware_auto_system_msgs/local/lib/python3.10/dist-packages/autoware_auto_system_msgs/msg/_control_diagnostic_s.c
[4.355s] -- Up-to-date symlink: /home/autoware/aichallenge2023-integration-final-main/install/autoware_auto_system_msgs/local/lib/python3.10/dist-packages/autoware_auto_system_msgs/msg/_diagnostic_header.py
[4.355s] -- Up-to-date symlink: /home/autoware/aichallenge2023-integration-final-main/install/autoware_auto_system_msgs/local/lib/python3.10/dist-packages/autoware_auto_system_msgs/msg/_diagnostic_header_s.c
[4.355s] -- Up-to-date symlink: /home/autoware/aichallenge2023-integration-final-main/install/autoware_auto_system_msgs/local/lib/python3.10/dist-packages/autoware_auto_system_msgs/msg/_driving_capability.py
[4.355s] -- Up-to-date symlink: /home/autoware/aichallenge2023-integration-final-main/install/autoware_auto_system_msgs/local/lib/python3.10/dist-packages/autoware_auto_system_msgs/msg/_driving_capability_s.c
[4.356s] -- Up-to-date symlink: /home/autoware/aichallenge2023-integration-final-main/install/autoware_auto_system_msgs/local/lib/python3.10/dist-packages/autoware_auto_system_msgs/msg/_emergency_state.py
[4.356s] -- Up-to-date symlink: /home/autoware/aichallenge2023-integration-final-main/install/autoware_auto_system_msgs/local/lib/python3.10/dist-packages/autoware_auto_system_msgs/msg/_emergency_state_s.c
[4.356s] -- Up-to-date symlink: /home/autoware/aichallenge2023-integration-final-main/install/autoware_auto_system_msgs/local/lib/python3.10/dist-packages/autoware_auto_system_msgs/msg/_hazard_status.py
[4.356s] -- Up-to-date symlink: /home/autoware/aichallenge2023-integration-final-main/install/autoware_auto_system_msgs/local/lib/python3.10/dist-packages/autoware_auto_system_msgs/msg/_hazard_status_s.c
[4.356s] -- Up-to-date symlink: /home/autoware/aichallenge2023-integration-final-main/install/autoware_auto_system_msgs/local/lib/python3.10/dist-packages/autoware_auto_system_msgs/msg/_hazard_status_stamped.py
[4.356s] -- Up-to-date symlink: /home/autoware/aichallenge2023-integration-final-main/install/autoware_auto_system_msgs/local/lib/python3.10/dist-packages/autoware_auto_system_msgs/msg/_hazard_status_stamped_s.c
[4.357s] -- Up-to-date symlink: /home/autoware/aichallenge2023-integration-final-main/install/autoware_auto_system_msgs/local/lib/python3.10/dist-packages/autoware_auto_system_msgs/autoware_auto_system_msgs_s__rosidl_typesupport_fastrtps_c.cpython-310-x86_64-linux-gnu.so
[4.357s] -- Up-to-date symlink: /home/autoware/aichallenge2023-integration-final-main/install/autoware_auto_system_msgs/local/lib/python3.10/dist-packages/autoware_auto_system_msgs/autoware_auto_system_msgs_s__rosidl_typesupport_introspection_c.cpython-310-x86_64-linux-gnu.so
[4.357s] -- Up-to-date symlink: /home/autoware/aichallenge2023-integration-final-main/install/autoware_auto_system_msgs/local/lib/python3.10/dist-packages/autoware_auto_system_msgs/autoware_auto_system_msgs_s__rosidl_typesupport_c.cpython-310-x86_64-linux-gnu.so
[4.357s] -- Up-to-date symlink: /home/autoware/aichallenge2023-integration-final-main/install/autoware_auto_system_msgs/share/autoware_auto_system_msgs/msg/AutowareState.idl
[4.358s] -- Up-to-date symlink: /home/autoware/aichallenge2023-integration-final-main/install/autoware_auto_system_msgs/share/autoware_auto_system_msgs/msg/ControlDiagnostic.idl
[4.358s] -- Up-to-date symlink: /home/autoware/aichallenge2023-integration-final-main/install/autoware_auto_system_msgs/share/autoware_auto_system_msgs/msg/DiagnosticHeader.idl
[4.358s] -- Up-to-date symlink: /home/autoware/aichallenge2023-integration-final-main/install/autoware_auto_system_msgs/share/autoware_auto_system_msgs/msg/DrivingCapability.idl
[4.358s] -- Up-to-date symlink: /home/autoware/aichallenge2023-integration-final-main/install/autoware_auto_system_msgs/share/autoware_auto_system_msgs/msg/EmergencyState.idl
[4.358s] -- Up-to-date symlink: /home/autoware/aichallenge2023-integration-final-main/install/autoware_auto_system_msgs/share/autoware_auto_system_msgs/msg/HazardStatus.idl
[4.359s] -- Up-to-date symlink: /home/autoware/aichallenge2023-integration-final-main/install/autoware_auto_system_msgs/share/autoware_auto_system_msgs/msg/HazardStatusStamped.idl
[4.359s] -- Up-to-date symlink: /home/autoware/aichallenge2023-integration-final-main/install/autoware_auto_system_msgs/share/ament_index/resource_index/package_run_dependencies/autoware_auto_system_msgs
[4.359s] -- Up-to-date symlink: /home/autoware/aichallenge2023-integration-final-main/install/autoware_auto_system_msgs/share/ament_index/resource_index/parent_prefix_path/autoware_auto_system_msgs
[4.359s] -- Up-to-date symlink: /home/autoware/aichallenge2023-integration-final-main/install/autoware_auto_system_msgs/share/autoware_auto_system_msgs/environment/ament_prefix_path.sh
[4.360s] -- Up-to-date symlink: /home/autoware/aichallenge2023-integration-final-main/install/autoware_auto_system_msgs/share/autoware_auto_system_msgs/environment/ament_prefix_path.dsv
[4.360s] -- Up-to-date symlink: /home/autoware/aichallenge2023-integration-final-main/install/autoware_auto_system_msgs/share/autoware_auto_system_msgs/environment/path.sh
[4.360s] -- Up-to-date symlink: /home/autoware/aichallenge2023-integration-final-main/install/autoware_auto_system_msgs/share/autoware_auto_system_msgs/environment/path.dsv
[4.360s] -- Up-to-date symlink: /home/autoware/aichallenge2023-integration-final-main/install/autoware_auto_system_msgs/share/autoware_auto_system_msgs/local_setup.bash
[4.360s] -- Up-to-date symlink: /home/autoware/aichallenge2023-integration-final-main/install/autoware_auto_system_msgs/share/autoware_auto_system_msgs/local_setup.sh
[4.360s] -- Up-to-date symlink: /home/autoware/aichallenge2023-integration-final-main/install/autoware_auto_system_msgs/share/autoware_auto_system_msgs/local_setup.zsh
[4.361s] -- Up-to-date symlink: /home/autoware/aichallenge2023-integration-final-main/install/autoware_auto_system_msgs/share/autoware_auto_system_msgs/local_setup.dsv
[4.361s] -- Symlinking: /home/autoware/aichallenge2023-integration-final-main/install/autoware_auto_system_msgs/share/autoware_auto_system_msgs/package.dsv
[4.421s] -- Up-to-date symlink: /home/autoware/aichallenge2023-integration-final-main/install/autoware_auto_system_msgs/share/ament_index/resource_index/packages/autoware_auto_system_msgs
[4.422s] -- Up-to-date symlink: /home/autoware/aichallenge2023-integration-final-main/install/autoware_auto_system_msgs/share/autoware_auto_system_msgs/cmake/rosidl_cmake-extras.cmake
[4.422s] -- Up-to-date symlink: /home/autoware/aichallenge2023-integration-final-main/install/autoware_auto_system_msgs/share/autoware_auto_system_msgs/cmake/ament_cmake_export_dependencies-extras.cmake
[4.422s] -- Up-to-date symlink: /home/autoware/aichallenge2023-integration-final-main/install/autoware_auto_system_msgs/share/autoware_auto_system_msgs/cmake/ament_cmake_export_include_directories-extras.cmake
[4.422s] -- Up-to-date symlink: /home/autoware/aichallenge2023-integration-final-main/install/autoware_auto_system_msgs/share/autoware_auto_system_msgs/cmake/ament_cmake_export_libraries-extras.cmake
[4.422s] -- Up-to-date symlink: /home/autoware/aichallenge2023-integration-final-main/install/autoware_auto_system_msgs/share/autoware_auto_system_msgs/cmake/ament_cmake_export_targets-extras.cmake
[4.422s] -- Up-to-date symlink: /home/autoware/aichallenge2023-integration-final-main/install/autoware_auto_system_msgs/share/autoware_auto_system_msgs/cmake/rosidl_cmake_export_typesupport_targets-extras.cmake
[4.423s] -- Up-to-date symlink: /home/autoware/aichallenge2023-integration-final-main/install/autoware_auto_system_msgs/share/autoware_auto_system_msgs/cmake/rosidl_cmake_export_typesupport_libraries-extras.cmake
[4.423s] -- Up-to-date symlink: /home/autoware/aichallenge2023-integration-final-main/install/autoware_auto_system_msgs/share/autoware_auto_system_msgs/cmake/autoware_auto_system_msgsConfig.cmake
[4.423s] -- Up-to-date symlink: /home/autoware/aichallenge2023-integration-final-main/install/autoware_auto_system_msgs/share/autoware_auto_system_msgs/cmake/autoware_auto_system_msgsConfig-version.cmake
[4.423s] -- Up-to-date symlink: /home/autoware/aichallenge2023-integration-final-main/install/autoware_auto_system_msgs/share/autoware_auto_system_msgs/package.xml
[4.424s] -- Up-to-date: /home/autoware/aichallenge2023-integration-final-main/install/autoware_auto_system_msgs/lib/libautoware_auto_system_msgs__rosidl_generator_c.so
[4.424s] -- Up-to-date: /home/autoware/aichallenge2023-integration-final-main/install/autoware_auto_system_msgs/lib/libautoware_auto_system_msgs__rosidl_typesupport_fastrtps_c.so
[4.425s] -- Up-to-date: /home/autoware/aichallenge2023-integration-final-main/install/autoware_auto_system_msgs/lib/libautoware_auto_system_msgs__rosidl_typesupport_introspection_c.so
[4.425s] -- Up-to-date: /home/autoware/aichallenge2023-integration-final-main/install/autoware_auto_system_msgs/lib/libautoware_auto_system_msgs__rosidl_typesupport_c.so
[4.426s] -- Up-to-date: /home/autoware/aichallenge2023-integration-final-main/install/autoware_auto_system_msgs/lib/libautoware_auto_system_msgs__rosidl_typesupport_fastrtps_cpp.so
[4.426s] -- Up-to-date: /home/autoware/aichallenge2023-integration-final-main/install/autoware_auto_system_msgs/lib/libautoware_auto_system_msgs__rosidl_typesupport_introspection_cpp.so
[4.426s] -- Up-to-date: /home/autoware/aichallenge2023-integration-final-main/install/autoware_auto_system_msgs/lib/libautoware_auto_system_msgs__rosidl_typesupport_cpp.so
[4.510s] Listing '/home/autoware/aichallenge2023-integration-final-main/install/autoware_auto_system_msgs/local/lib/python3.10/dist-packages/autoware_auto_system_msgs'...
[4.510s] Listing '/home/autoware/aichallenge2023-integration-final-main/install/autoware_auto_system_msgs/local/lib/python3.10/dist-packages/autoware_auto_system_msgs/msg'...
[4.515s] -- Up-to-date: /home/autoware/aichallenge2023-integration-final-main/install/autoware_auto_system_msgs/lib/libautoware_auto_system_msgs__rosidl_generator_py.so
[4.515s] -- Up-to-date: /home/autoware/aichallenge2023-integration-final-main/install/autoware_auto_system_msgs/share/autoware_auto_system_msgs/cmake/export_autoware_auto_system_msgs__rosidl_generator_cExport.cmake
[4.515s] -- Up-to-date: /home/autoware/aichallenge2023-integration-final-main/install/autoware_auto_system_msgs/share/autoware_auto_system_msgs/cmake/export_autoware_auto_system_msgs__rosidl_generator_cExport-release.cmake
[4.516s] -- Up-to-date: /home/autoware/aichallenge2023-integration-final-main/install/autoware_auto_system_msgs/share/autoware_auto_system_msgs/cmake/export_autoware_auto_system_msgs__rosidl_typesupport_fastrtps_cExport.cmake
[4.516s] -- Up-to-date: /home/autoware/aichallenge2023-integration-final-main/install/autoware_auto_system_msgs/share/autoware_auto_system_msgs/cmake/export_autoware_auto_system_msgs__rosidl_typesupport_fastrtps_cExport-release.cmake
[4.517s] -- Up-to-date: /home/autoware/aichallenge2023-integration-final-main/install/autoware_auto_system_msgs/share/autoware_auto_system_msgs/cmake/autoware_auto_system_msgs__rosidl_typesupport_introspection_cExport.cmake
[4.517s] -- Up-to-date: /home/autoware/aichallenge2023-integration-final-main/install/autoware_auto_system_msgs/share/autoware_auto_system_msgs/cmake/autoware_auto_system_msgs__rosidl_typesupport_introspection_cExport-release.cmake
[4.517s] -- Up-to-date: /home/autoware/aichallenge2023-integration-final-main/install/autoware_auto_system_msgs/share/autoware_auto_system_msgs/cmake/autoware_auto_system_msgs__rosidl_typesupport_cExport.cmake
[4.517s] -- Up-to-date: /home/autoware/aichallenge2023-integration-final-main/install/autoware_auto_system_msgs/share/autoware_auto_system_msgs/cmake/autoware_auto_system_msgs__rosidl_typesupport_cExport-release.cmake
[4.517s] -- Up-to-date: /home/autoware/aichallenge2023-integration-final-main/install/autoware_auto_system_msgs/share/autoware_auto_system_msgs/cmake/export_autoware_auto_system_msgs__rosidl_generator_cppExport.cmake
[4.517s] -- Up-to-date: /home/autoware/aichallenge2023-integration-final-main/install/autoware_auto_system_msgs/share/autoware_auto_system_msgs/cmake/export_autoware_auto_system_msgs__rosidl_typesupport_fastrtps_cppExport.cmake
[4.517s] -- Up-to-date: /home/autoware/aichallenge2023-integration-final-main/install/autoware_auto_system_msgs/share/autoware_auto_system_msgs/cmake/export_autoware_auto_system_msgs__rosidl_typesupport_fastrtps_cppExport-release.cmake
[4.518s] -- Up-to-date: /home/autoware/aichallenge2023-integration-final-main/install/autoware_auto_system_msgs/share/autoware_auto_system_msgs/cmake/autoware_auto_system_msgs__rosidl_typesupport_introspection_cppExport.cmake
[4.518s] -- Up-to-date: /home/autoware/aichallenge2023-integration-final-main/install/autoware_auto_system_msgs/share/autoware_auto_system_msgs/cmake/autoware_auto_system_msgs__rosidl_typesupport_introspection_cppExport-release.cmake
[4.518s] -- Up-to-date: /home/autoware/aichallenge2023-integration-final-main/install/autoware_auto_system_msgs/share/autoware_auto_system_msgs/cmake/autoware_auto_system_msgs__rosidl_typesupport_cppExport.cmake
[4.518s] -- Up-to-date: /home/autoware/aichallenge2023-integration-final-main/install/autoware_auto_system_msgs/share/autoware_auto_system_msgs/cmake/autoware_auto_system_msgs__rosidl_typesupport_cppExport-release.cmake
[4.518s] -- Up-to-date: /home/autoware/aichallenge2023-integration-final-main/install/autoware_auto_system_msgs/share/autoware_auto_system_msgs/cmake/export_autoware_auto_system_msgs__rosidl_generator_pyExport.cmake
[4.518s] -- Up-to-date: /home/autoware/aichallenge2023-integration-final-main/install/autoware_auto_system_msgs/share/autoware_auto_system_msgs/cmake/export_autoware_auto_system_msgs__rosidl_generator_pyExport-release.cmake
[4.526s] Invoked command in '/home/autoware/aichallenge2023-integration-final-main/build/autoware_auto_system_msgs' returned '0': CMAKE_PREFIX_PATH=${CMAKE_PREFIX_PATH}:/home/autoware/autoware/install/simulator_compatibility_test:/home/autoware/autoware/install/ad_api_visualizers:/opt/ros/humble /usr/bin/cmake --install /home/autoware/aichallenge2023-integration-final-main/build/autoware_auto_system_msgs
