[0.239s] Invoking command in '/home/autoware/aichallenge2023-integration-final-main/build/pointcloud_to_laserscan': CMAKE_PREFIX_PATH=${CMAKE_PREFIX_PATH}:/home/autoware/aichallenge2023-integration-final-main/install/simulator_compatibility_test:/home/autoware/aichallenge2023-integration-final-main/install/ad_api_visualizers:/home/autoware/autoware/install/simulator_compatibility_test:/home/autoware/autoware/install/ad_api_visualizers:/opt/ros/humble /usr/bin/cmake --build /home/autoware/aichallenge2023-integration-final-main/build/pointcloud_to_laserscan -- -j16 -l16
[1.069s] [ 20%] Built target pointcloud_to_laserscan_node
[1.135s] [ 40%] Built target laserscan_to_pointcloud
[1.157s] [ 60%] Built target laserscan_to_pointcloud_node
[1.535s] [ 80%] Built target pointcloud_to_laserscan
[1.914s] [100%] Built target dummy_pointcloud_publisher
[2.029s] Invoked command in '/home/autoware/aichallenge2023-integration-final-main/build/pointcloud_to_laserscan' returned '0': CMAKE_PREFIX_PATH=${CMAKE_PREFIX_PATH}:/home/autoware/aichallenge2023-integration-final-main/install/simulator_compatibility_test:/home/autoware/aichallenge2023-integration-final-main/install/ad_api_visualizers:/home/autoware/autoware/install/simulator_compatibility_test:/home/autoware/autoware/install/ad_api_visualizers:/opt/ros/humble /usr/bin/cmake --build /home/autoware/aichallenge2023-integration-final-main/build/pointcloud_to_laserscan -- -j16 -l16
[3.387s] Invoking command in '/home/autoware/aichallenge2023-integration-final-main/build/pointcloud_to_laserscan': CMAKE_PREFIX_PATH=${CMAKE_PREFIX_PATH}:/home/autoware/aichallenge2023-integration-final-main/install/simulator_compatibility_test:/home/autoware/aichallenge2023-integration-final-main/install/ad_api_visualizers:/home/autoware/autoware/install/simulator_compatibility_test:/home/autoware/autoware/install/ad_api_visualizers:/opt/ros/humble /usr/bin/cmake --install /home/autoware/aichallenge2023-integration-final-main/build/pointcloud_to_laserscan
[3.491s] -- Install configuration: "Release"
[3.492s] -- Execute custom install script
[3.492s] -- Up-to-date symlink: /home/autoware/aichallenge2023-integration-final-main/install/pointcloud_to_laserscan/lib/pointcloud_to_laserscan/laserscan_to_pointcloud_node
[3.493s] -- Up-to-date symlink: /home/autoware/aichallenge2023-integration-final-main/install/pointcloud_to_laserscan/lib/pointcloud_to_laserscan/pointcloud_to_laserscan_node
[3.495s] -- Up-to-date symlink: /home/autoware/aichallenge2023-integration-final-main/install/pointcloud_to_laserscan/include/pointcloud_to_laserscan/laserscan_to_pointcloud_node.hpp
[3.495s] -- Up-to-date symlink: /home/autoware/aichallenge2023-integration-final-main/install/pointcloud_to_laserscan/include/pointcloud_to_laserscan/pointcloud_to_laserscan_node.hpp
[3.495s] -- Up-to-date symlink: /home/autoware/aichallenge2023-integration-final-main/install/pointcloud_to_laserscan/include/pointcloud_to_laserscan/visibility_control.h
[3.496s] -- Up-to-date symlink: /home/autoware/aichallenge2023-integration-final-main/install/pointcloud_to_laserscan/share/pointcloud_to_laserscan/environment/library_path.sh
[3.496s] -- Up-to-date symlink: /home/autoware/aichallenge2023-integration-final-main/install/pointcloud_to_laserscan/share/pointcloud_to_laserscan/environment/library_path.dsv
[3.496s] -- Up-to-date symlink: /home/autoware/aichallenge2023-integration-final-main/install/pointcloud_to_laserscan/lib/liblaserscan_to_pointcloud.so
[3.496s] -- Up-to-date symlink: /home/autoware/aichallenge2023-integration-final-main/install/pointcloud_to_laserscan/lib/libpointcloud_to_laserscan.so
[3.497s] -- Up-to-date symlink: /home/autoware/aichallenge2023-integration-final-main/install/pointcloud_to_laserscan/lib/pointcloud_to_laserscan/dummy_pointcloud_publisher
[3.498s] -- Up-to-date symlink: /home/autoware/aichallenge2023-integration-final-main/install/pointcloud_to_laserscan/share/pointcloud_to_laserscan/launch/sample_laserscan_to_pointcloud_launch.py
[3.498s] -- Up-to-date symlink: /home/autoware/aichallenge2023-integration-final-main/install/pointcloud_to_laserscan/share/pointcloud_to_laserscan/launch/sample_pointcloud_to_laserscan_launch.py
[3.498s] -- Up-to-date symlink: /home/autoware/aichallenge2023-integration-final-main/install/pointcloud_to_laserscan/share/ament_index/resource_index/package_run_dependencies/pointcloud_to_laserscan
[3.499s] -- Up-to-date symlink: /home/autoware/aichallenge2023-integration-final-main/install/pointcloud_to_laserscan/share/ament_index/resource_index/parent_prefix_path/pointcloud_to_laserscan
[3.499s] -- Up-to-date symlink: /home/autoware/aichallenge2023-integration-final-main/install/pointcloud_to_laserscan/share/pointcloud_to_laserscan/environment/ament_prefix_path.sh
[3.499s] -- Up-to-date symlink: /home/autoware/aichallenge2023-integration-final-main/install/pointcloud_to_laserscan/share/pointcloud_to_laserscan/environment/ament_prefix_path.dsv
[3.499s] -- Up-to-date symlink: /home/autoware/aichallenge2023-integration-final-main/install/pointcloud_to_laserscan/share/pointcloud_to_laserscan/environment/path.sh
[3.500s] -- Up-to-date symlink: /home/autoware/aichallenge2023-integration-final-main/install/pointcloud_to_laserscan/share/pointcloud_to_laserscan/environment/path.dsv
[3.500s] -- Up-to-date symlink: /home/autoware/aichallenge2023-integration-final-main/install/pointcloud_to_laserscan/share/pointcloud_to_laserscan/local_setup.bash
[3.501s] -- Up-to-date symlink: /home/autoware/aichallenge2023-integration-final-main/install/pointcloud_to_laserscan/share/pointcloud_to_laserscan/local_setup.sh
[3.501s] -- Up-to-date symlink: /home/autoware/aichallenge2023-integration-final-main/install/pointcloud_to_laserscan/share/pointcloud_to_laserscan/local_setup.zsh
[3.501s] -- Up-to-date symlink: /home/autoware/aichallenge2023-integration-final-main/install/pointcloud_to_laserscan/share/pointcloud_to_laserscan/local_setup.dsv
[3.501s] -- Symlinking: /home/autoware/aichallenge2023-integration-final-main/install/pointcloud_to_laserscan/share/pointcloud_to_laserscan/package.dsv
[3.613s] -- Up-to-date symlink: /home/autoware/aichallenge2023-integration-final-main/install/pointcloud_to_laserscan/share/ament_index/resource_index/packages/pointcloud_to_laserscan
[3.614s] -- Up-to-date symlink: /home/autoware/aichallenge2023-integration-final-main/install/pointcloud_to_laserscan/share/ament_index/resource_index/rclcpp_components/pointcloud_to_laserscan
[3.614s] -- Up-to-date symlink: /home/autoware/aichallenge2023-integration-final-main/install/pointcloud_to_laserscan/share/pointcloud_to_laserscan/cmake/ament_cmake_export_dependencies-extras.cmake
[3.615s] -- Up-to-date symlink: /home/autoware/aichallenge2023-integration-final-main/install/pointcloud_to_laserscan/share/pointcloud_to_laserscan/cmake/ament_cmake_export_include_directories-extras.cmake
[3.615s] -- Up-to-date symlink: /home/autoware/aichallenge2023-integration-final-main/install/pointcloud_to_laserscan/share/pointcloud_to_laserscan/cmake/ament_cmake_export_libraries-extras.cmake
[3.616s] -- Up-to-date symlink: /home/autoware/aichallenge2023-integration-final-main/install/pointcloud_to_laserscan/share/pointcloud_to_laserscan/cmake/pointcloud_to_laserscanConfig.cmake
[3.617s] -- Up-to-date symlink: /home/autoware/aichallenge2023-integration-final-main/install/pointcloud_to_laserscan/share/pointcloud_to_laserscan/cmake/pointcloud_to_laserscanConfig-version.cmake
[3.617s] -- Up-to-date symlink: /home/autoware/aichallenge2023-integration-final-main/install/pointcloud_to_laserscan/share/pointcloud_to_laserscan/package.xml
[3.870s] Invoked command in '/home/autoware/aichallenge2023-integration-final-main/build/pointcloud_to_laserscan' returned '0': CMAKE_PREFIX_PATH=${CMAKE_PREFIX_PATH}:/home/autoware/aichallenge2023-integration-final-main/install/simulator_compatibility_test:/home/autoware/aichallenge2023-integration-final-main/install/ad_api_visualizers:/home/autoware/autoware/install/simulator_compatibility_test:/home/autoware/autoware/install/ad_api_visualizers:/opt/ros/humble /usr/bin/cmake --install /home/autoware/aichallenge2023-integration-final-main/build/pointcloud_to_laserscan
