[0.146s] Invoking command in '/home/autoware/aichallenge2023-integration-final-main/build/camera_description': CMAKE_PREFIX_PATH=${CMAKE_PREFIX_PATH}:/home/autoware/aichallenge2023-integration-final-main/install/simulator_compatibility_test:/home/autoware/aichallenge2023-integration-final-main/install/ad_api_visualizers:/home/autoware/autoware/install/simulator_compatibility_test:/home/autoware/autoware/install/ad_api_visualizers:/opt/ros/humble /usr/bin/cmake --build /home/autoware/aichallenge2023-integration-final-main/build/camera_description -- -j16 -l16
[0.461s] Invoked command in '/home/autoware/aichallenge2023-integration-final-main/build/camera_description' returned '0': CMAKE_PREFIX_PATH=${CMAKE_PREFIX_PATH}:/home/autoware/aichallenge2023-integration-final-main/install/simulator_compatibility_test:/home/autoware/aichallenge2023-integration-final-main/install/ad_api_visualizers:/home/autoware/autoware/install/simulator_compatibility_test:/home/autoware/autoware/install/ad_api_visualizers:/opt/ros/humble /usr/bin/cmake --build /home/autoware/aichallenge2023-integration-final-main/build/camera_description -- -j16 -l16
[0.957s] Invoking command in '/home/autoware/aichallenge2023-integration-final-main/build/camera_description': CMAKE_PREFIX_PATH=${CMAKE_PREFIX_PATH}:/home/autoware/aichallenge2023-integration-final-main/install/simulator_compatibility_test:/home/autoware/aichallenge2023-integration-final-main/install/ad_api_visualizers:/home/autoware/autoware/install/simulator_compatibility_test:/home/autoware/autoware/install/ad_api_visualizers:/opt/ros/humble /usr/bin/cmake --install /home/autoware/aichallenge2023-integration-final-main/build/camera_description
[1.019s] -- Install configuration: "Release"
[1.020s] -- Execute custom install script
[1.021s] -- Up-to-date symlink: /home/autoware/aichallenge2023-integration-final-main/install/camera_description/share/camera_description/urdf/monocular_camera.xacro
[1.022s] -- Up-to-date symlink: /home/autoware/aichallenge2023-integration-final-main/install/camera_description/share/ament_index/resource_index/package_run_dependencies/camera_description
[1.022s] -- Up-to-date symlink: /home/autoware/aichallenge2023-integration-final-main/install/camera_description/share/ament_index/resource_index/parent_prefix_path/camera_description
[1.023s] -- Up-to-date symlink: /home/autoware/aichallenge2023-integration-final-main/install/camera_description/share/camera_description/environment/ament_prefix_path.sh
[1.024s] -- Up-to-date symlink: /home/autoware/aichallenge2023-integration-final-main/install/camera_description/share/camera_description/environment/ament_prefix_path.dsv
[1.025s] -- Up-to-date symlink: /home/autoware/aichallenge2023-integration-final-main/install/camera_description/share/camera_description/environment/path.sh
[1.025s] -- Up-to-date symlink: /home/autoware/aichallenge2023-integration-final-main/install/camera_description/share/camera_description/environment/path.dsv
[1.025s] -- Up-to-date symlink: /home/autoware/aichallenge2023-integration-final-main/install/camera_description/share/camera_description/local_setup.bash
[1.025s] -- Up-to-date symlink: /home/autoware/aichallenge2023-integration-final-main/install/camera_description/share/camera_description/local_setup.sh
[1.025s] -- Up-to-date symlink: /home/autoware/aichallenge2023-integration-final-main/install/camera_description/share/camera_description/local_setup.zsh
[1.032s] -- Up-to-date symlink: /home/autoware/aichallenge2023-integration-final-main/install/camera_description/share/camera_description/local_setup.dsv
[1.032s] -- Symlinking: /home/autoware/aichallenge2023-integration-final-main/install/camera_description/share/camera_description/package.dsv
[1.081s] -- Up-to-date symlink: /home/autoware/aichallenge2023-integration-final-main/install/camera_description/share/ament_index/resource_index/packages/camera_description
[1.081s] -- Up-to-date symlink: /home/autoware/aichallenge2023-integration-final-main/install/camera_description/share/camera_description/cmake/camera_descriptionConfig.cmake
[1.081s] -- Up-to-date symlink: /home/autoware/aichallenge2023-integration-final-main/install/camera_description/share/camera_description/cmake/camera_descriptionConfig-version.cmake
[1.082s] -- Up-to-date symlink: /home/autoware/aichallenge2023-integration-final-main/install/camera_description/share/camera_description/package.xml
[1.090s] Invoked command in '/home/autoware/aichallenge2023-integration-final-main/build/camera_description' returned '0': CMAKE_PREFIX_PATH=${CMAKE_PREFIX_PATH}:/home/autoware/aichallenge2023-integration-final-main/install/simulator_compatibility_test:/home/autoware/aichallenge2023-integration-final-main/install/ad_api_visualizers:/home/autoware/autoware/install/simulator_compatibility_test:/home/autoware/autoware/install/ad_api_visualizers:/opt/ros/humble /usr/bin/cmake --install /home/autoware/aichallenge2023-integration-final-main/build/camera_description
