[0.219s] Invoking command in '/home/autoware/aichallenge2023-integration-final-main/build/generic_type_utility': CMAKE_PREFIX_PATH=${CMAKE_PREFIX_PATH}:/home/autoware/aichallenge2023-integration-final-main/install/simulator_compatibility_test:/home/autoware/aichallenge2023-integration-final-main/install/ad_api_visualizers:/home/autoware/autoware/install/simulator_compatibility_test:/home/autoware/autoware/install/ad_api_visualizers:/opt/ros/humble /usr/bin/cmake --build /home/autoware/aichallenge2023-integration-final-main/build/generic_type_utility -- -j16 -l16
[0.987s] [ 41%] Built target generic_type_utility
[1.431s] [ 52%] Built target gtest
[1.753s] [ 64%] Built target check
[2.099s] [ 76%] Built target print
[2.522s] [ 88%] Built target gtest_main
[2.860s] [100%] Built target generic_type_utility_test
[2.961s] Invoked command in '/home/autoware/aichallenge2023-integration-final-main/build/generic_type_utility' returned '0': CMAKE_PREFIX_PATH=${CMAKE_PREFIX_PATH}:/home/autoware/aichallenge2023-integration-final-main/install/simulator_compatibility_test:/home/autoware/aichallenge2023-integration-final-main/install/ad_api_visualizers:/home/autoware/autoware/install/simulator_compatibility_test:/home/autoware/autoware/install/ad_api_visualizers:/opt/ros/humble /usr/bin/cmake --build /home/autoware/aichallenge2023-integration-final-main/build/generic_type_utility -- -j16 -l16
[4.847s] Invoking command in '/home/autoware/aichallenge2023-integration-final-main/build/generic_type_utility': CMAKE_PREFIX_PATH=${CMAKE_PREFIX_PATH}:/home/autoware/aichallenge2023-integration-final-main/install/simulator_compatibility_test:/home/autoware/aichallenge2023-integration-final-main/install/ad_api_visualizers:/home/autoware/autoware/install/simulator_compatibility_test:/home/autoware/autoware/install/ad_api_visualizers:/opt/ros/humble /usr/bin/cmake --install /home/autoware/aichallenge2023-integration-final-main/build/generic_type_utility
[4.946s] -- Install configuration: "Release"
[4.951s] -- Execute custom install script
[4.958s] -- Up-to-date symlink: /home/autoware/aichallenge2023-integration-final-main/install/generic_type_utility/include/generic_type_utility/generic_message.hpp
[4.962s] -- Up-to-date symlink: /home/autoware/aichallenge2023-integration-final-main/install/generic_type_utility/include/generic_type_utility/generic_property.hpp
[4.963s] -- Up-to-date symlink: /home/autoware/aichallenge2023-integration-final-main/install/generic_type_utility/include/generic_type_utility/ros2/introspection.hpp
[4.964s] -- Up-to-date symlink: /home/autoware/aichallenge2023-integration-final-main/install/generic_type_utility/include/generic_type_utility/ros2/message.hpp
[4.965s] -- Up-to-date symlink: /home/autoware/aichallenge2023-integration-final-main/install/generic_type_utility/include/generic_type_utility/ros2/serialization.hpp
[4.970s] -- Up-to-date symlink: /home/autoware/aichallenge2023-integration-final-main/install/generic_type_utility/share/generic_type_utility/environment/library_path.sh
[4.970s] -- Up-to-date symlink: /home/autoware/aichallenge2023-integration-final-main/install/generic_type_utility/share/generic_type_utility/environment/library_path.dsv
[4.973s] -- Up-to-date symlink: /home/autoware/aichallenge2023-integration-final-main/install/generic_type_utility/lib/libgeneric_type_utility.so
[4.975s] -- Up-to-date symlink: /home/autoware/aichallenge2023-integration-final-main/install/generic_type_utility/lib/generic_type_utility/print
[4.981s] -- Up-to-date symlink: /home/autoware/aichallenge2023-integration-final-main/install/generic_type_utility/lib/generic_type_utility/check
[4.982s] -- Up-to-date symlink: /home/autoware/aichallenge2023-integration-final-main/install/generic_type_utility/share/ament_index/resource_index/package_run_dependencies/generic_type_utility
[4.990s] -- Up-to-date symlink: /home/autoware/aichallenge2023-integration-final-main/install/generic_type_utility/share/ament_index/resource_index/parent_prefix_path/generic_type_utility
[4.996s] -- Up-to-date symlink: /home/autoware/aichallenge2023-integration-final-main/install/generic_type_utility/share/generic_type_utility/environment/ament_prefix_path.sh
[4.999s] -- Up-to-date symlink: /home/autoware/aichallenge2023-integration-final-main/install/generic_type_utility/share/generic_type_utility/environment/ament_prefix_path.dsv
[4.999s] -- Up-to-date symlink: /home/autoware/aichallenge2023-integration-final-main/install/generic_type_utility/share/generic_type_utility/environment/path.sh
[4.999s] -- Up-to-date symlink: /home/autoware/aichallenge2023-integration-final-main/install/generic_type_utility/share/generic_type_utility/environment/path.dsv
[5.002s] -- Up-to-date symlink: /home/autoware/aichallenge2023-integration-final-main/install/generic_type_utility/share/generic_type_utility/local_setup.bash
[5.003s] -- Up-to-date symlink: /home/autoware/aichallenge2023-integration-final-main/install/generic_type_utility/share/generic_type_utility/local_setup.sh
[5.003s] -- Up-to-date symlink: /home/autoware/aichallenge2023-integration-final-main/install/generic_type_utility/share/generic_type_utility/local_setup.zsh
[5.004s] -- Up-to-date symlink: /home/autoware/aichallenge2023-integration-final-main/install/generic_type_utility/share/generic_type_utility/local_setup.dsv
[5.004s] -- Symlinking: /home/autoware/aichallenge2023-integration-final-main/install/generic_type_utility/share/generic_type_utility/package.dsv
[5.124s] -- Up-to-date symlink: /home/autoware/aichallenge2023-integration-final-main/install/generic_type_utility/share/ament_index/resource_index/packages/generic_type_utility
[5.125s] -- Up-to-date symlink: /home/autoware/aichallenge2023-integration-final-main/install/generic_type_utility/share/generic_type_utility/cmake/ament_cmake_export_dependencies-extras.cmake
[5.125s] -- Up-to-date symlink: /home/autoware/aichallenge2023-integration-final-main/install/generic_type_utility/share/generic_type_utility/cmake/ament_cmake_export_include_directories-extras.cmake
[5.127s] -- Up-to-date symlink: /home/autoware/aichallenge2023-integration-final-main/install/generic_type_utility/share/generic_type_utility/cmake/ament_cmake_export_libraries-extras.cmake
[5.128s] -- Up-to-date symlink: /home/autoware/aichallenge2023-integration-final-main/install/generic_type_utility/share/generic_type_utility/cmake/generic_type_utilityConfig.cmake
[5.128s] -- Up-to-date symlink: /home/autoware/aichallenge2023-integration-final-main/install/generic_type_utility/share/generic_type_utility/cmake/generic_type_utilityConfig-version.cmake
[5.128s] -- Up-to-date symlink: /home/autoware/aichallenge2023-integration-final-main/install/generic_type_utility/share/generic_type_utility/package.xml
[5.132s] Invoked command in '/home/autoware/aichallenge2023-integration-final-main/build/generic_type_utility' returned '0': CMAKE_PREFIX_PATH=${CMAKE_PREFIX_PATH}:/home/autoware/aichallenge2023-integration-final-main/install/simulator_compatibility_test:/home/autoware/aichallenge2023-integration-final-main/install/ad_api_visualizers:/home/autoware/autoware/install/simulator_compatibility_test:/home/autoware/autoware/install/ad_api_visualizers:/opt/ros/humble /usr/bin/cmake --install /home/autoware/aichallenge2023-integration-final-main/build/generic_type_utility
