[0.153s] Invoking command in '/home/autoware/aichallenge2023-integration-final-main/build/autoware_sensing_msgs': CMAKE_PREFIX_PATH=${CMAKE_PREFIX_PATH}:/home/autoware/aichallenge2023-integration-final-main/install/simulator_compatibility_test:/home/autoware/aichallenge2023-integration-final-main/install/ad_api_visualizers:/home/autoware/autoware/install/simulator_compatibility_test:/home/autoware/autoware/install/ad_api_visualizers:/opt/ros/humble /usr/bin/cmake --build /home/autoware/aichallenge2023-integration-final-main/build/autoware_sensing_msgs -- -j16 -l16
[0.556s] [  2%] Built target autoware_sensing_msgs__cpp
[0.603s] [ 12%] Built target autoware_sensing_msgs__rosidl_generator_c
[0.639s] [ 12%] Built target ament_cmake_python_symlink_autoware_sensing_msgs
[0.806s] [ 23%] Built target autoware_sensing_msgs__rosidl_typesupport_introspection_cpp
[0.842s] [ 33%] Built target autoware_sensing_msgs__rosidl_typesupport_fastrtps_cpp
[0.867s] [ 43%] Built target autoware_sensing_msgs__rosidl_typesupport_cpp
[0.868s] [ 53%] Built target autoware_sensing_msgs__rosidl_typesupport_c
[0.930s] [ 64%] Built target autoware_sensing_msgs__rosidl_typesupport_fastrtps_c
[0.947s] [ 74%] Built target autoware_sensing_msgs__rosidl_typesupport_introspection_c
[1.130s] [ 74%] Built target autoware_sensing_msgs
[1.227s] running egg_info
[1.228s] writing autoware_sensing_msgs.egg-info/PKG-INFO
[1.228s] writing dependency_links to autoware_sensing_msgs.egg-info/dependency_links.txt
[1.228s] writing top-level names to autoware_sensing_msgs.egg-info/top_level.txt
[1.231s] reading manifest file 'autoware_sensing_msgs.egg-info/SOURCES.txt'
[1.231s] writing manifest file 'autoware_sensing_msgs.egg-info/SOURCES.txt'
[1.306s] [ 76%] Built target autoware_sensing_msgs__py
[1.312s] [ 76%] Built target ament_cmake_python_build_autoware_sensing_msgs_egg
[1.482s] [ 84%] Built target autoware_sensing_msgs__rosidl_generator_py
[1.684s] [ 89%] Built target autoware_sensing_msgs__rosidl_typesupport_fastrtps_c__pyext
[1.713s] [ 94%] Built target autoware_sensing_msgs__rosidl_typesupport_introspection_c__pyext
[1.754s] [100%] Built target autoware_sensing_msgs__rosidl_typesupport_c__pyext
[1.824s] Invoked command in '/home/autoware/aichallenge2023-integration-final-main/build/autoware_sensing_msgs' returned '0': CMAKE_PREFIX_PATH=${CMAKE_PREFIX_PATH}:/home/autoware/aichallenge2023-integration-final-main/install/simulator_compatibility_test:/home/autoware/aichallenge2023-integration-final-main/install/ad_api_visualizers:/home/autoware/autoware/install/simulator_compatibility_test:/home/autoware/autoware/install/ad_api_visualizers:/opt/ros/humble /usr/bin/cmake --build /home/autoware/aichallenge2023-integration-final-main/build/autoware_sensing_msgs -- -j16 -l16
[3.644s] Invoking command in '/home/autoware/aichallenge2023-integration-final-main/build/autoware_sensing_msgs': CMAKE_PREFIX_PATH=${CMAKE_PREFIX_PATH}:/home/autoware/aichallenge2023-integration-final-main/install/simulator_compatibility_test:/home/autoware/aichallenge2023-integration-final-main/install/ad_api_visualizers:/home/autoware/autoware/install/simulator_compatibility_test:/home/autoware/autoware/install/ad_api_visualizers:/opt/ros/humble /usr/bin/cmake --install /home/autoware/aichallenge2023-integration-final-main/build/autoware_sensing_msgs
[3.703s] -- Install configuration: "Release"
[3.704s] -- Execute custom install script
[3.704s] -- Up-to-date symlink: /home/autoware/aichallenge2023-integration-final-main/install/autoware_sensing_msgs/share/ament_index/resource_index/rosidl_interfaces/autoware_sensing_msgs
[3.704s] -- Up-to-date symlink: /home/autoware/aichallenge2023-integration-final-main/install/autoware_sensing_msgs/include/autoware_sensing_msgs/autoware_sensing_msgs/msg/detail/gnss_ins_orientation__functions.h
[3.704s] -- Up-to-date symlink: /home/autoware/aichallenge2023-integration-final-main/install/autoware_sensing_msgs/include/autoware_sensing_msgs/autoware_sensing_msgs/msg/detail/gnss_ins_orientation__struct.h
[3.704s] -- Up-to-date symlink: /home/autoware/aichallenge2023-integration-final-main/install/autoware_sensing_msgs/include/autoware_sensing_msgs/autoware_sensing_msgs/msg/detail/gnss_ins_orientation__type_support.h
[3.704s] -- Up-to-date symlink: /home/autoware/aichallenge2023-integration-final-main/install/autoware_sensing_msgs/include/autoware_sensing_msgs/autoware_sensing_msgs/msg/detail/gnss_ins_orientation_stamped__functions.h
[3.704s] -- Up-to-date symlink: /home/autoware/aichallenge2023-integration-final-main/install/autoware_sensing_msgs/include/autoware_sensing_msgs/autoware_sensing_msgs/msg/detail/gnss_ins_orientation_stamped__struct.h
[3.704s] -- Up-to-date symlink: /home/autoware/aichallenge2023-integration-final-main/install/autoware_sensing_msgs/include/autoware_sensing_msgs/autoware_sensing_msgs/msg/detail/gnss_ins_orientation_stamped__type_support.h
[3.704s] -- Up-to-date symlink: /home/autoware/aichallenge2023-integration-final-main/install/autoware_sensing_msgs/include/autoware_sensing_msgs/autoware_sensing_msgs/msg/gnss_ins_orientation.h
[3.705s] -- Up-to-date symlink: /home/autoware/aichallenge2023-integration-final-main/install/autoware_sensing_msgs/include/autoware_sensing_msgs/autoware_sensing_msgs/msg/gnss_ins_orientation_stamped.h
[3.705s] -- Up-to-date symlink: /home/autoware/aichallenge2023-integration-final-main/install/autoware_sensing_msgs/include/autoware_sensing_msgs/autoware_sensing_msgs/msg/rosidl_generator_c__visibility_control.h
[3.705s] -- Up-to-date symlink: /home/autoware/aichallenge2023-integration-final-main/install/autoware_sensing_msgs/share/autoware_sensing_msgs/environment/library_path.sh
[3.705s] -- Up-to-date symlink: /home/autoware/aichallenge2023-integration-final-main/install/autoware_sensing_msgs/share/autoware_sensing_msgs/environment/library_path.dsv
[3.705s] -- Up-to-date symlink: /home/autoware/aichallenge2023-integration-final-main/install/autoware_sensing_msgs/include/autoware_sensing_msgs/autoware_sensing_msgs/msg/detail/gnss_ins_orientation__rosidl_typesupport_fastrtps_c.h
[3.705s] -- Up-to-date symlink: /home/autoware/aichallenge2023-integration-final-main/install/autoware_sensing_msgs/include/autoware_sensing_msgs/autoware_sensing_msgs/msg/detail/gnss_ins_orientation_stamped__rosidl_typesupport_fastrtps_c.h
[3.705s] -- Up-to-date symlink: /home/autoware/aichallenge2023-integration-final-main/install/autoware_sensing_msgs/include/autoware_sensing_msgs/autoware_sensing_msgs/msg/rosidl_typesupport_fastrtps_c__visibility_control.h
[3.706s] -- Up-to-date symlink: /home/autoware/aichallenge2023-integration-final-main/install/autoware_sensing_msgs/include/autoware_sensing_msgs/autoware_sensing_msgs/msg/detail/gnss_ins_orientation__builder.hpp
[3.706s] -- Up-to-date symlink: /home/autoware/aichallenge2023-integration-final-main/install/autoware_sensing_msgs/include/autoware_sensing_msgs/autoware_sensing_msgs/msg/detail/gnss_ins_orientation__struct.hpp
[3.706s] -- Up-to-date symlink: /home/autoware/aichallenge2023-integration-final-main/install/autoware_sensing_msgs/include/autoware_sensing_msgs/autoware_sensing_msgs/msg/detail/gnss_ins_orientation__traits.hpp
[3.706s] -- Up-to-date symlink: /home/autoware/aichallenge2023-integration-final-main/install/autoware_sensing_msgs/include/autoware_sensing_msgs/autoware_sensing_msgs/msg/detail/gnss_ins_orientation_stamped__builder.hpp
[3.706s] -- Up-to-date symlink: /home/autoware/aichallenge2023-integration-final-main/install/autoware_sensing_msgs/include/autoware_sensing_msgs/autoware_sensing_msgs/msg/detail/gnss_ins_orientation_stamped__struct.hpp
[3.706s] -- Up-to-date symlink: /home/autoware/aichallenge2023-integration-final-main/install/autoware_sensing_msgs/include/autoware_sensing_msgs/autoware_sensing_msgs/msg/detail/gnss_ins_orientation_stamped__traits.hpp
[3.707s] -- Up-to-date symlink: /home/autoware/aichallenge2023-integration-final-main/install/autoware_sensing_msgs/include/autoware_sensing_msgs/autoware_sensing_msgs/msg/gnss_ins_orientation.hpp
[3.707s] -- Up-to-date symlink: /home/autoware/aichallenge2023-integration-final-main/install/autoware_sensing_msgs/include/autoware_sensing_msgs/autoware_sensing_msgs/msg/gnss_ins_orientation_stamped.hpp
[3.707s] -- Up-to-date symlink: /home/autoware/aichallenge2023-integration-final-main/install/autoware_sensing_msgs/include/autoware_sensing_msgs/autoware_sensing_msgs/msg/detail/gnss_ins_orientation__rosidl_typesupport_fastrtps_cpp.hpp
[3.707s] -- Up-to-date symlink: /home/autoware/aichallenge2023-integration-final-main/install/autoware_sensing_msgs/include/autoware_sensing_msgs/autoware_sensing_msgs/msg/detail/gnss_ins_orientation_stamped__rosidl_typesupport_fastrtps_cpp.hpp
[3.708s] -- Up-to-date symlink: /home/autoware/aichallenge2023-integration-final-main/install/autoware_sensing_msgs/include/autoware_sensing_msgs/autoware_sensing_msgs/msg/rosidl_typesupport_fastrtps_cpp__visibility_control.h
[3.708s] -- Up-to-date symlink: /home/autoware/aichallenge2023-integration-final-main/install/autoware_sensing_msgs/include/autoware_sensing_msgs/autoware_sensing_msgs/msg/detail/gnss_ins_orientation__rosidl_typesupport_introspection_c.h
[3.708s] -- Up-to-date symlink: /home/autoware/aichallenge2023-integration-final-main/install/autoware_sensing_msgs/include/autoware_sensing_msgs/autoware_sensing_msgs/msg/detail/gnss_ins_orientation_stamped__rosidl_typesupport_introspection_c.h
[3.709s] -- Up-to-date symlink: /home/autoware/aichallenge2023-integration-final-main/install/autoware_sensing_msgs/include/autoware_sensing_msgs/autoware_sensing_msgs/msg/rosidl_typesupport_introspection_c__visibility_control.h
[3.709s] -- Up-to-date symlink: /home/autoware/aichallenge2023-integration-final-main/install/autoware_sensing_msgs/include/autoware_sensing_msgs/autoware_sensing_msgs/msg/detail/gnss_ins_orientation__rosidl_typesupport_introspection_cpp.hpp
[3.715s] -- Up-to-date symlink: /home/autoware/aichallenge2023-integration-final-main/install/autoware_sensing_msgs/include/autoware_sensing_msgs/autoware_sensing_msgs/msg/detail/gnss_ins_orientation_stamped__rosidl_typesupport_introspection_cpp.hpp
[3.715s] -- Up-to-date symlink: /home/autoware/aichallenge2023-integration-final-main/install/autoware_sensing_msgs/share/autoware_sensing_msgs/environment/pythonpath.sh
[3.715s] -- Up-to-date symlink: /home/autoware/aichallenge2023-integration-final-main/install/autoware_sensing_msgs/share/autoware_sensing_msgs/environment/pythonpath.dsv
[3.715s] -- Up-to-date symlink: /home/autoware/aichallenge2023-integration-final-main/install/autoware_sensing_msgs/local/lib/python3.10/dist-packages/autoware_sensing_msgs-1.0.0-py3.10.egg-info/PKG-INFO
[3.715s] -- Up-to-date symlink: /home/autoware/aichallenge2023-integration-final-main/install/autoware_sensing_msgs/local/lib/python3.10/dist-packages/autoware_sensing_msgs-1.0.0-py3.10.egg-info/SOURCES.txt
[3.715s] -- Up-to-date symlink: /home/autoware/aichallenge2023-integration-final-main/install/autoware_sensing_msgs/local/lib/python3.10/dist-packages/autoware_sensing_msgs-1.0.0-py3.10.egg-info/dependency_links.txt
[3.715s] -- Up-to-date symlink: /home/autoware/aichallenge2023-integration-final-main/install/autoware_sensing_msgs/local/lib/python3.10/dist-packages/autoware_sensing_msgs-1.0.0-py3.10.egg-info/top_level.txt
[3.716s] -- Up-to-date symlink: /home/autoware/aichallenge2023-integration-final-main/install/autoware_sensing_msgs/local/lib/python3.10/dist-packages/autoware_sensing_msgs/__init__.py
[3.716s] -- Up-to-date symlink: /home/autoware/aichallenge2023-integration-final-main/install/autoware_sensing_msgs/local/lib/python3.10/dist-packages/autoware_sensing_msgs/_autoware_sensing_msgs_s.ep.rosidl_typesupport_c.c
[3.716s] -- Up-to-date symlink: /home/autoware/aichallenge2023-integration-final-main/install/autoware_sensing_msgs/local/lib/python3.10/dist-packages/autoware_sensing_msgs/_autoware_sensing_msgs_s.ep.rosidl_typesupport_fastrtps_c.c
[3.716s] -- Up-to-date symlink: /home/autoware/aichallenge2023-integration-final-main/install/autoware_sensing_msgs/local/lib/python3.10/dist-packages/autoware_sensing_msgs/_autoware_sensing_msgs_s.ep.rosidl_typesupport_introspection_c.c
[3.716s] -- Up-to-date symlink: /home/autoware/aichallenge2023-integration-final-main/install/autoware_sensing_msgs/local/lib/python3.10/dist-packages/autoware_sensing_msgs/autoware_sensing_msgs_s__rosidl_typesupport_c.cpython-310-x86_64-linux-gnu.so
[3.716s] -- Up-to-date symlink: /home/autoware/aichallenge2023-integration-final-main/install/autoware_sensing_msgs/local/lib/python3.10/dist-packages/autoware_sensing_msgs/autoware_sensing_msgs_s__rosidl_typesupport_fastrtps_c.cpython-310-x86_64-linux-gnu.so
[3.716s] -- Up-to-date symlink: /home/autoware/aichallenge2023-integration-final-main/install/autoware_sensing_msgs/local/lib/python3.10/dist-packages/autoware_sensing_msgs/autoware_sensing_msgs_s__rosidl_typesupport_introspection_c.cpython-310-x86_64-linux-gnu.so
[3.717s] -- Up-to-date symlink: /home/autoware/aichallenge2023-integration-final-main/install/autoware_sensing_msgs/local/lib/python3.10/dist-packages/autoware_sensing_msgs/libautoware_sensing_msgs__rosidl_generator_py.so
[3.717s] -- Up-to-date symlink: /home/autoware/aichallenge2023-integration-final-main/install/autoware_sensing_msgs/local/lib/python3.10/dist-packages/autoware_sensing_msgs/msg/__init__.py
[3.717s] -- Up-to-date symlink: /home/autoware/aichallenge2023-integration-final-main/install/autoware_sensing_msgs/local/lib/python3.10/dist-packages/autoware_sensing_msgs/msg/_gnss_ins_orientation.py
[3.717s] -- Up-to-date symlink: /home/autoware/aichallenge2023-integration-final-main/install/autoware_sensing_msgs/local/lib/python3.10/dist-packages/autoware_sensing_msgs/msg/_gnss_ins_orientation_s.c
[3.717s] -- Up-to-date symlink: /home/autoware/aichallenge2023-integration-final-main/install/autoware_sensing_msgs/local/lib/python3.10/dist-packages/autoware_sensing_msgs/msg/_gnss_ins_orientation_stamped.py
[3.719s] -- Up-to-date symlink: /home/autoware/aichallenge2023-integration-final-main/install/autoware_sensing_msgs/local/lib/python3.10/dist-packages/autoware_sensing_msgs/msg/_gnss_ins_orientation_stamped_s.c
[3.719s] -- Up-to-date symlink: /home/autoware/aichallenge2023-integration-final-main/install/autoware_sensing_msgs/local/lib/python3.10/dist-packages/autoware_sensing_msgs/autoware_sensing_msgs_s__rosidl_typesupport_fastrtps_c.cpython-310-x86_64-linux-gnu.so
[3.720s] -- Up-to-date symlink: /home/autoware/aichallenge2023-integration-final-main/install/autoware_sensing_msgs/local/lib/python3.10/dist-packages/autoware_sensing_msgs/autoware_sensing_msgs_s__rosidl_typesupport_introspection_c.cpython-310-x86_64-linux-gnu.so
[3.720s] -- Up-to-date symlink: /home/autoware/aichallenge2023-integration-final-main/install/autoware_sensing_msgs/local/lib/python3.10/dist-packages/autoware_sensing_msgs/autoware_sensing_msgs_s__rosidl_typesupport_c.cpython-310-x86_64-linux-gnu.so
[3.720s] -- Up-to-date symlink: /home/autoware/aichallenge2023-integration-final-main/install/autoware_sensing_msgs/share/autoware_sensing_msgs/msg/GnssInsOrientation.idl
[3.720s] -- Up-to-date symlink: /home/autoware/aichallenge2023-integration-final-main/install/autoware_sensing_msgs/share/autoware_sensing_msgs/msg/GnssInsOrientationStamped.idl
[3.720s] -- Up-to-date symlink: /home/autoware/aichallenge2023-integration-final-main/install/autoware_sensing_msgs/share/autoware_sensing_msgs/msg/GnssInsOrientation.msg
[3.720s] -- Up-to-date symlink: /home/autoware/aichallenge2023-integration-final-main/install/autoware_sensing_msgs/share/autoware_sensing_msgs/msg/GnssInsOrientationStamped.msg
[3.720s] -- Up-to-date symlink: /home/autoware/aichallenge2023-integration-final-main/install/autoware_sensing_msgs/share/ament_index/resource_index/package_run_dependencies/autoware_sensing_msgs
[3.720s] -- Up-to-date symlink: /home/autoware/aichallenge2023-integration-final-main/install/autoware_sensing_msgs/share/ament_index/resource_index/parent_prefix_path/autoware_sensing_msgs
[3.720s] -- Up-to-date symlink: /home/autoware/aichallenge2023-integration-final-main/install/autoware_sensing_msgs/share/autoware_sensing_msgs/environment/ament_prefix_path.sh
[3.720s] -- Up-to-date symlink: /home/autoware/aichallenge2023-integration-final-main/install/autoware_sensing_msgs/share/autoware_sensing_msgs/environment/ament_prefix_path.dsv
[3.720s] -- Up-to-date symlink: /home/autoware/aichallenge2023-integration-final-main/install/autoware_sensing_msgs/share/autoware_sensing_msgs/environment/path.sh
[3.720s] -- Up-to-date symlink: /home/autoware/aichallenge2023-integration-final-main/install/autoware_sensing_msgs/share/autoware_sensing_msgs/environment/path.dsv
[3.720s] -- Up-to-date symlink: /home/autoware/aichallenge2023-integration-final-main/install/autoware_sensing_msgs/share/autoware_sensing_msgs/local_setup.bash
[3.721s] -- Up-to-date symlink: /home/autoware/aichallenge2023-integration-final-main/install/autoware_sensing_msgs/share/autoware_sensing_msgs/local_setup.sh
[3.721s] -- Up-to-date symlink: /home/autoware/aichallenge2023-integration-final-main/install/autoware_sensing_msgs/share/autoware_sensing_msgs/local_setup.zsh
[3.721s] -- Up-to-date symlink: /home/autoware/aichallenge2023-integration-final-main/install/autoware_sensing_msgs/share/autoware_sensing_msgs/local_setup.dsv
[3.721s] -- Symlinking: /home/autoware/aichallenge2023-integration-final-main/install/autoware_sensing_msgs/share/autoware_sensing_msgs/package.dsv
[3.772s] -- Up-to-date symlink: /home/autoware/aichallenge2023-integration-final-main/install/autoware_sensing_msgs/share/ament_index/resource_index/packages/autoware_sensing_msgs
[3.773s] -- Up-to-date symlink: /home/autoware/aichallenge2023-integration-final-main/install/autoware_sensing_msgs/share/autoware_sensing_msgs/cmake/rosidl_cmake-extras.cmake
[3.773s] -- Up-to-date symlink: /home/autoware/aichallenge2023-integration-final-main/install/autoware_sensing_msgs/share/autoware_sensing_msgs/cmake/ament_cmake_export_dependencies-extras.cmake
[3.773s] -- Up-to-date symlink: /home/autoware/aichallenge2023-integration-final-main/install/autoware_sensing_msgs/share/autoware_sensing_msgs/cmake/ament_cmake_export_include_directories-extras.cmake
[3.773s] -- Up-to-date symlink: /home/autoware/aichallenge2023-integration-final-main/install/autoware_sensing_msgs/share/autoware_sensing_msgs/cmake/ament_cmake_export_libraries-extras.cmake
[3.773s] -- Up-to-date symlink: /home/autoware/aichallenge2023-integration-final-main/install/autoware_sensing_msgs/share/autoware_sensing_msgs/cmake/ament_cmake_export_targets-extras.cmake
[3.773s] -- Up-to-date symlink: /home/autoware/aichallenge2023-integration-final-main/install/autoware_sensing_msgs/share/autoware_sensing_msgs/cmake/rosidl_cmake_export_typesupport_targets-extras.cmake
[3.774s] -- Up-to-date symlink: /home/autoware/aichallenge2023-integration-final-main/install/autoware_sensing_msgs/share/autoware_sensing_msgs/cmake/rosidl_cmake_export_typesupport_libraries-extras.cmake
[3.774s] -- Up-to-date symlink: /home/autoware/aichallenge2023-integration-final-main/install/autoware_sensing_msgs/share/autoware_sensing_msgs/cmake/autoware_sensing_msgsConfig.cmake
[3.774s] -- Up-to-date symlink: /home/autoware/aichallenge2023-integration-final-main/install/autoware_sensing_msgs/share/autoware_sensing_msgs/cmake/autoware_sensing_msgsConfig-version.cmake
[3.774s] -- Up-to-date symlink: /home/autoware/aichallenge2023-integration-final-main/install/autoware_sensing_msgs/share/autoware_sensing_msgs/package.xml
[3.774s] -- Up-to-date: /home/autoware/aichallenge2023-integration-final-main/install/autoware_sensing_msgs/lib/libautoware_sensing_msgs__rosidl_generator_c.so
[3.775s] -- Up-to-date: /home/autoware/aichallenge2023-integration-final-main/install/autoware_sensing_msgs/lib/libautoware_sensing_msgs__rosidl_typesupport_fastrtps_c.so
[3.775s] -- Up-to-date: /home/autoware/aichallenge2023-integration-final-main/install/autoware_sensing_msgs/lib/libautoware_sensing_msgs__rosidl_typesupport_fastrtps_cpp.so
[3.775s] -- Up-to-date: /home/autoware/aichallenge2023-integration-final-main/install/autoware_sensing_msgs/lib/libautoware_sensing_msgs__rosidl_typesupport_introspection_c.so
[3.775s] -- Up-to-date: /home/autoware/aichallenge2023-integration-final-main/install/autoware_sensing_msgs/lib/libautoware_sensing_msgs__rosidl_typesupport_c.so
[3.775s] -- Up-to-date: /home/autoware/aichallenge2023-integration-final-main/install/autoware_sensing_msgs/lib/libautoware_sensing_msgs__rosidl_typesupport_introspection_cpp.so
[3.775s] -- Up-to-date: /home/autoware/aichallenge2023-integration-final-main/install/autoware_sensing_msgs/lib/libautoware_sensing_msgs__rosidl_typesupport_cpp.so
[3.885s] Listing '/home/autoware/aichallenge2023-integration-final-main/install/autoware_sensing_msgs/local/lib/python3.10/dist-packages/autoware_sensing_msgs'...
[3.885s] Listing '/home/autoware/aichallenge2023-integration-final-main/install/autoware_sensing_msgs/local/lib/python3.10/dist-packages/autoware_sensing_msgs/msg'...
[3.894s] -- Up-to-date: /home/autoware/aichallenge2023-integration-final-main/install/autoware_sensing_msgs/lib/libautoware_sensing_msgs__rosidl_generator_py.so
[3.896s] -- Up-to-date: /home/autoware/aichallenge2023-integration-final-main/install/autoware_sensing_msgs/share/autoware_sensing_msgs/cmake/export_autoware_sensing_msgs__rosidl_generator_cExport.cmake
[3.896s] -- Up-to-date: /home/autoware/aichallenge2023-integration-final-main/install/autoware_sensing_msgs/share/autoware_sensing_msgs/cmake/export_autoware_sensing_msgs__rosidl_generator_cExport-release.cmake
[3.896s] -- Up-to-date: /home/autoware/aichallenge2023-integration-final-main/install/autoware_sensing_msgs/share/autoware_sensing_msgs/cmake/export_autoware_sensing_msgs__rosidl_typesupport_fastrtps_cExport.cmake
[3.897s] -- Up-to-date: /home/autoware/aichallenge2023-integration-final-main/install/autoware_sensing_msgs/share/autoware_sensing_msgs/cmake/export_autoware_sensing_msgs__rosidl_typesupport_fastrtps_cExport-release.cmake
[3.897s] -- Up-to-date: /home/autoware/aichallenge2023-integration-final-main/install/autoware_sensing_msgs/share/autoware_sensing_msgs/cmake/export_autoware_sensing_msgs__rosidl_generator_cppExport.cmake
[3.897s] -- Up-to-date: /home/autoware/aichallenge2023-integration-final-main/install/autoware_sensing_msgs/share/autoware_sensing_msgs/cmake/export_autoware_sensing_msgs__rosidl_typesupport_fastrtps_cppExport.cmake
[3.897s] -- Up-to-date: /home/autoware/aichallenge2023-integration-final-main/install/autoware_sensing_msgs/share/autoware_sensing_msgs/cmake/export_autoware_sensing_msgs__rosidl_typesupport_fastrtps_cppExport-release.cmake
[3.897s] -- Up-to-date: /home/autoware/aichallenge2023-integration-final-main/install/autoware_sensing_msgs/share/autoware_sensing_msgs/cmake/autoware_sensing_msgs__rosidl_typesupport_introspection_cExport.cmake
[3.897s] -- Up-to-date: /home/autoware/aichallenge2023-integration-final-main/install/autoware_sensing_msgs/share/autoware_sensing_msgs/cmake/autoware_sensing_msgs__rosidl_typesupport_introspection_cExport-release.cmake
[3.897s] -- Up-to-date: /home/autoware/aichallenge2023-integration-final-main/install/autoware_sensing_msgs/share/autoware_sensing_msgs/cmake/autoware_sensing_msgs__rosidl_typesupport_cExport.cmake
[3.898s] -- Up-to-date: /home/autoware/aichallenge2023-integration-final-main/install/autoware_sensing_msgs/share/autoware_sensing_msgs/cmake/autoware_sensing_msgs__rosidl_typesupport_cExport-release.cmake
[3.898s] -- Up-to-date: /home/autoware/aichallenge2023-integration-final-main/install/autoware_sensing_msgs/share/autoware_sensing_msgs/cmake/autoware_sensing_msgs__rosidl_typesupport_introspection_cppExport.cmake
[3.898s] -- Up-to-date: /home/autoware/aichallenge2023-integration-final-main/install/autoware_sensing_msgs/share/autoware_sensing_msgs/cmake/autoware_sensing_msgs__rosidl_typesupport_introspection_cppExport-release.cmake
[3.898s] -- Up-to-date: /home/autoware/aichallenge2023-integration-final-main/install/autoware_sensing_msgs/share/autoware_sensing_msgs/cmake/autoware_sensing_msgs__rosidl_typesupport_cppExport.cmake
[3.899s] -- Up-to-date: /home/autoware/aichallenge2023-integration-final-main/install/autoware_sensing_msgs/share/autoware_sensing_msgs/cmake/autoware_sensing_msgs__rosidl_typesupport_cppExport-release.cmake
[3.899s] -- Up-to-date: /home/autoware/aichallenge2023-integration-final-main/install/autoware_sensing_msgs/share/autoware_sensing_msgs/cmake/export_autoware_sensing_msgs__rosidl_generator_pyExport.cmake
[3.899s] -- Up-to-date: /home/autoware/aichallenge2023-integration-final-main/install/autoware_sensing_msgs/share/autoware_sensing_msgs/cmake/export_autoware_sensing_msgs__rosidl_generator_pyExport-release.cmake
[3.967s] Invoked command in '/home/autoware/aichallenge2023-integration-final-main/build/autoware_sensing_msgs' returned '0': CMAKE_PREFIX_PATH=${CMAKE_PREFIX_PATH}:/home/autoware/aichallenge2023-integration-final-main/install/simulator_compatibility_test:/home/autoware/aichallenge2023-integration-final-main/install/ad_api_visualizers:/home/autoware/autoware/install/simulator_compatibility_test:/home/autoware/autoware/install/ad_api_visualizers:/opt/ros/humble /usr/bin/cmake --install /home/autoware/aichallenge2023-integration-final-main/build/autoware_sensing_msgs
