[0.141s] Invoking command in '/home/autoware/aichallenge2023-integration-final-main/build/mussp': CMAKE_PREFIX_PATH=${CMAKE_PREFIX_PATH}:/home/autoware/aichallenge2023-integration-final-main/install/simulator_compatibility_test:/home/autoware/aichallenge2023-integration-final-main/install/ad_api_visualizers:/home/autoware/autoware/install/simulator_compatibility_test:/home/autoware/autoware/install/ad_api_visualizers:/opt/ros/humble /usr/bin/cmake --build /home/autoware/aichallenge2023-integration-final-main/build/mussp -- -j16 -l16
[4.904s] [100%] Built target mussp
[4.935s] Invoked command in '/home/autoware/aichallenge2023-integration-final-main/build/mussp' returned '0': CMAKE_PREFIX_PATH=${CMAKE_PREFIX_PATH}:/home/autoware/aichallenge2023-integration-final-main/install/simulator_compatibility_test:/home/autoware/aichallenge2023-integration-final-main/install/ad_api_visualizers:/home/autoware/autoware/install/simulator_compatibility_test:/home/autoware/autoware/install/ad_api_visualizers:/opt/ros/humble /usr/bin/cmake --build /home/autoware/aichallenge2023-integration-final-main/build/mussp -- -j16 -l16
[6.142s] Invoking command in '/home/autoware/aichallenge2023-integration-final-main/build/mussp': CMAKE_PREFIX_PATH=${CMAKE_PREFIX_PATH}:/home/autoware/aichallenge2023-integration-final-main/install/simulator_compatibility_test:/home/autoware/aichallenge2023-integration-final-main/install/ad_api_visualizers:/home/autoware/autoware/install/simulator_compatibility_test:/home/autoware/autoware/install/ad_api_visualizers:/opt/ros/humble /usr/bin/cmake --install /home/autoware/aichallenge2023-integration-final-main/build/mussp
[6.246s] -- Install configuration: "Release"
[6.247s] -- Execute custom install script
[6.248s] -- Up-to-date symlink: /home/autoware/aichallenge2023-integration-final-main/install/mussp/include/mussp/Graph.h
[6.254s] -- Up-to-date symlink: /home/autoware/aichallenge2023-integration-final-main/install/mussp/include/mussp/Node.h
[6.254s] -- Up-to-date symlink: /home/autoware/aichallenge2023-integration-final-main/install/mussp/include/mussp/Sink.h
[6.255s] -- Up-to-date symlink: /home/autoware/aichallenge2023-integration-final-main/install/mussp/include/mussp/mussp.h
[6.256s] -- Up-to-date symlink: /home/autoware/aichallenge2023-integration-final-main/install/mussp/share/mussp/environment/library_path.sh
[6.256s] -- Up-to-date symlink: /home/autoware/aichallenge2023-integration-final-main/install/mussp/share/mussp/environment/library_path.dsv
[6.257s] -- Up-to-date symlink: /home/autoware/aichallenge2023-integration-final-main/install/mussp/lib/libmussp.so
[6.258s] -- Up-to-date symlink: /home/autoware/aichallenge2023-integration-final-main/install/mussp/share/ament_index/resource_index/package_run_dependencies/mussp
[6.258s] -- Up-to-date symlink: /home/autoware/aichallenge2023-integration-final-main/install/mussp/share/ament_index/resource_index/parent_prefix_path/mussp
[6.259s] -- Up-to-date symlink: /home/autoware/aichallenge2023-integration-final-main/install/mussp/share/mussp/environment/ament_prefix_path.sh
[6.259s] -- Up-to-date symlink: /home/autoware/aichallenge2023-integration-final-main/install/mussp/share/mussp/environment/ament_prefix_path.dsv
[6.260s] -- Up-to-date symlink: /home/autoware/aichallenge2023-integration-final-main/install/mussp/share/mussp/environment/path.sh
[6.260s] -- Up-to-date symlink: /home/autoware/aichallenge2023-integration-final-main/install/mussp/share/mussp/environment/path.dsv
[6.260s] -- Up-to-date symlink: /home/autoware/aichallenge2023-integration-final-main/install/mussp/share/mussp/local_setup.bash
[6.270s] -- Up-to-date symlink: /home/autoware/aichallenge2023-integration-final-main/install/mussp/share/mussp/local_setup.sh
[6.271s] -- Up-to-date symlink: /home/autoware/aichallenge2023-integration-final-main/install/mussp/share/mussp/local_setup.zsh
[6.271s] -- Up-to-date symlink: /home/autoware/aichallenge2023-integration-final-main/install/mussp/share/mussp/local_setup.dsv
[6.271s] -- Symlinking: /home/autoware/aichallenge2023-integration-final-main/install/mussp/share/mussp/package.dsv
[6.445s] -- Up-to-date symlink: /home/autoware/aichallenge2023-integration-final-main/install/mussp/share/ament_index/resource_index/packages/mussp
[6.446s] -- Up-to-date symlink: /home/autoware/aichallenge2023-integration-final-main/install/mussp/share/mussp/cmake/ament_cmake_export_include_directories-extras.cmake
[6.448s] -- Up-to-date symlink: /home/autoware/aichallenge2023-integration-final-main/install/mussp/share/mussp/cmake/ament_cmake_export_libraries-extras.cmake
[6.449s] -- Up-to-date symlink: /home/autoware/aichallenge2023-integration-final-main/install/mussp/share/mussp/cmake/musspConfig.cmake
[6.449s] -- Up-to-date symlink: /home/autoware/aichallenge2023-integration-final-main/install/mussp/share/mussp/cmake/musspConfig-version.cmake
[6.451s] -- Up-to-date symlink: /home/autoware/aichallenge2023-integration-final-main/install/mussp/share/mussp/package.xml
[6.464s] Invoked command in '/home/autoware/aichallenge2023-integration-final-main/build/mussp' returned '0': CMAKE_PREFIX_PATH=${CMAKE_PREFIX_PATH}:/home/autoware/aichallenge2023-integration-final-main/install/simulator_compatibility_test:/home/autoware/aichallenge2023-integration-final-main/install/ad_api_visualizers:/home/autoware/autoware/install/simulator_compatibility_test:/home/autoware/autoware/install/ad_api_visualizers:/opt/ros/humble /usr/bin/cmake --install /home/autoware/aichallenge2023-integration-final-main/build/mussp
