[0.125s] Invoking command in '/home/autoware/aichallenge2023-integration-final-main/build/tier4_v2x_msgs': CMAKE_PREFIX_PATH=${CMAKE_PREFIX_PATH}:/home/autoware/aichallenge2023-integration-final-main/install/simulator_compatibility_test:/home/autoware/aichallenge2023-integration-final-main/install/ad_api_visualizers:/home/autoware/autoware/install/simulator_compatibility_test:/home/autoware/autoware/install/ad_api_visualizers:/opt/ros/humble /usr/bin/cmake --build /home/autoware/aichallenge2023-integration-final-main/build/tier4_v2x_msgs -- -j16 -l16
[3.409s] [  1%] Built target tier4_v2x_msgs__cpp
[3.410s] [ 12%] Built target tier4_v2x_msgs__rosidl_generator_c
[3.410s] [ 12%] Built target ament_cmake_python_symlink_tier4_v2x_msgs
[3.410s] [ 23%] Built target tier4_v2x_msgs__rosidl_typesupport_introspection_cpp
[3.410s] [ 34%] Built target tier4_v2x_msgs__rosidl_typesupport_cpp
[3.410s] [ 46%] Built target tier4_v2x_msgs__rosidl_typesupport_fastrtps_c
[3.410s] [ 57%] Built target tier4_v2x_msgs__rosidl_typesupport_fastrtps_cpp
[3.410s] [ 68%] Built target tier4_v2x_msgs__rosidl_typesupport_introspection_c
[3.410s] [ 79%] Built target tier4_v2x_msgs__rosidl_typesupport_c
[3.410s] [ 79%] Built target tier4_v2x_msgs
[3.410s] running egg_info
[3.410s] writing tier4_v2x_msgs.egg-info/PKG-INFO
[3.410s] writing dependency_links to tier4_v2x_msgs.egg-info/dependency_links.txt
[3.410s] writing top-level names to tier4_v2x_msgs.egg-info/top_level.txt
[3.410s] reading manifest file 'tier4_v2x_msgs.egg-info/SOURCES.txt'
[3.410s] writing manifest file 'tier4_v2x_msgs.egg-info/SOURCES.txt'
[3.410s] [ 80%] Built target tier4_v2x_msgs__py
[3.410s] [ 80%] Built target ament_cmake_python_build_tier4_v2x_msgs_egg
[3.410s] [ 90%] Built target tier4_v2x_msgs__rosidl_generator_py
[3.411s] [ 93%] Built target tier4_v2x_msgs__rosidl_typesupport_fastrtps_c__pyext
[3.431s] [ 96%] Built target tier4_v2x_msgs__rosidl_typesupport_c__pyext
[3.456s] [100%] Built target tier4_v2x_msgs__rosidl_typesupport_introspection_c__pyext
[3.546s] Invoked command in '/home/autoware/aichallenge2023-integration-final-main/build/tier4_v2x_msgs' returned '0': CMAKE_PREFIX_PATH=${CMAKE_PREFIX_PATH}:/home/autoware/aichallenge2023-integration-final-main/install/simulator_compatibility_test:/home/autoware/aichallenge2023-integration-final-main/install/ad_api_visualizers:/home/autoware/autoware/install/simulator_compatibility_test:/home/autoware/autoware/install/ad_api_visualizers:/opt/ros/humble /usr/bin/cmake --build /home/autoware/aichallenge2023-integration-final-main/build/tier4_v2x_msgs -- -j16 -l16
[8.938s] Invoking command in '/home/autoware/aichallenge2023-integration-final-main/build/tier4_v2x_msgs': CMAKE_PREFIX_PATH=${CMAKE_PREFIX_PATH}:/home/autoware/aichallenge2023-integration-final-main/install/simulator_compatibility_test:/home/autoware/aichallenge2023-integration-final-main/install/ad_api_visualizers:/home/autoware/autoware/install/simulator_compatibility_test:/home/autoware/autoware/install/ad_api_visualizers:/opt/ros/humble /usr/bin/cmake --install /home/autoware/aichallenge2023-integration-final-main/build/tier4_v2x_msgs
[9.045s] -- Install configuration: "Release"
[9.046s] -- Execute custom install script
[9.047s] -- Up-to-date symlink: /home/autoware/aichallenge2023-integration-final-main/install/tier4_v2x_msgs/share/ament_index/resource_index/rosidl_interfaces/tier4_v2x_msgs
[9.048s] -- Up-to-date symlink: /home/autoware/aichallenge2023-integration-final-main/install/tier4_v2x_msgs/include/tier4_v2x_msgs/tier4_v2x_msgs/msg/detail/infrastructure_command__functions.h
[9.048s] -- Up-to-date symlink: /home/autoware/aichallenge2023-integration-final-main/install/tier4_v2x_msgs/include/tier4_v2x_msgs/tier4_v2x_msgs/msg/detail/infrastructure_command__struct.h
[9.048s] -- Up-to-date symlink: /home/autoware/aichallenge2023-integration-final-main/install/tier4_v2x_msgs/include/tier4_v2x_msgs/tier4_v2x_msgs/msg/detail/infrastructure_command__type_support.h
[9.048s] -- Up-to-date symlink: /home/autoware/aichallenge2023-integration-final-main/install/tier4_v2x_msgs/include/tier4_v2x_msgs/tier4_v2x_msgs/msg/detail/infrastructure_command_array__functions.h
[9.049s] -- Up-to-date symlink: /home/autoware/aichallenge2023-integration-final-main/install/tier4_v2x_msgs/include/tier4_v2x_msgs/tier4_v2x_msgs/msg/detail/infrastructure_command_array__struct.h
[9.049s] -- Up-to-date symlink: /home/autoware/aichallenge2023-integration-final-main/install/tier4_v2x_msgs/include/tier4_v2x_msgs/tier4_v2x_msgs/msg/detail/infrastructure_command_array__type_support.h
[9.049s] -- Up-to-date symlink: /home/autoware/aichallenge2023-integration-final-main/install/tier4_v2x_msgs/include/tier4_v2x_msgs/tier4_v2x_msgs/msg/detail/key_value__functions.h
[9.049s] -- Up-to-date symlink: /home/autoware/aichallenge2023-integration-final-main/install/tier4_v2x_msgs/include/tier4_v2x_msgs/tier4_v2x_msgs/msg/detail/key_value__struct.h
[9.049s] -- Up-to-date symlink: /home/autoware/aichallenge2023-integration-final-main/install/tier4_v2x_msgs/include/tier4_v2x_msgs/tier4_v2x_msgs/msg/detail/key_value__type_support.h
[9.050s] -- Up-to-date symlink: /home/autoware/aichallenge2023-integration-final-main/install/tier4_v2x_msgs/include/tier4_v2x_msgs/tier4_v2x_msgs/msg/detail/virtual_traffic_light_state__functions.h
[9.050s] -- Up-to-date symlink: /home/autoware/aichallenge2023-integration-final-main/install/tier4_v2x_msgs/include/tier4_v2x_msgs/tier4_v2x_msgs/msg/detail/virtual_traffic_light_state__struct.h
[9.051s] -- Up-to-date symlink: /home/autoware/aichallenge2023-integration-final-main/install/tier4_v2x_msgs/include/tier4_v2x_msgs/tier4_v2x_msgs/msg/detail/virtual_traffic_light_state__type_support.h
[9.051s] -- Up-to-date symlink: /home/autoware/aichallenge2023-integration-final-main/install/tier4_v2x_msgs/include/tier4_v2x_msgs/tier4_v2x_msgs/msg/detail/virtual_traffic_light_state_array__functions.h
[9.051s] -- Up-to-date symlink: /home/autoware/aichallenge2023-integration-final-main/install/tier4_v2x_msgs/include/tier4_v2x_msgs/tier4_v2x_msgs/msg/detail/virtual_traffic_light_state_array__struct.h
[9.051s] -- Up-to-date symlink: /home/autoware/aichallenge2023-integration-final-main/install/tier4_v2x_msgs/include/tier4_v2x_msgs/tier4_v2x_msgs/msg/detail/virtual_traffic_light_state_array__type_support.h
[9.051s] -- Up-to-date symlink: /home/autoware/aichallenge2023-integration-final-main/install/tier4_v2x_msgs/include/tier4_v2x_msgs/tier4_v2x_msgs/msg/infrastructure_command.h
[9.051s] -- Up-to-date symlink: /home/autoware/aichallenge2023-integration-final-main/install/tier4_v2x_msgs/include/tier4_v2x_msgs/tier4_v2x_msgs/msg/infrastructure_command_array.h
[9.051s] -- Up-to-date symlink: /home/autoware/aichallenge2023-integration-final-main/install/tier4_v2x_msgs/include/tier4_v2x_msgs/tier4_v2x_msgs/msg/key_value.h
[9.052s] -- Up-to-date symlink: /home/autoware/aichallenge2023-integration-final-main/install/tier4_v2x_msgs/include/tier4_v2x_msgs/tier4_v2x_msgs/msg/rosidl_generator_c__visibility_control.h
[9.052s] -- Up-to-date symlink: /home/autoware/aichallenge2023-integration-final-main/install/tier4_v2x_msgs/include/tier4_v2x_msgs/tier4_v2x_msgs/msg/virtual_traffic_light_state.h
[9.052s] -- Up-to-date symlink: /home/autoware/aichallenge2023-integration-final-main/install/tier4_v2x_msgs/include/tier4_v2x_msgs/tier4_v2x_msgs/msg/virtual_traffic_light_state_array.h
[9.053s] -- Up-to-date symlink: /home/autoware/aichallenge2023-integration-final-main/install/tier4_v2x_msgs/share/tier4_v2x_msgs/environment/library_path.sh
[9.053s] -- Up-to-date symlink: /home/autoware/aichallenge2023-integration-final-main/install/tier4_v2x_msgs/share/tier4_v2x_msgs/environment/library_path.dsv
[9.057s] -- Up-to-date symlink: /home/autoware/aichallenge2023-integration-final-main/install/tier4_v2x_msgs/include/tier4_v2x_msgs/tier4_v2x_msgs/msg/detail/infrastructure_command__rosidl_typesupport_fastrtps_c.h
[9.057s] -- Up-to-date symlink: /home/autoware/aichallenge2023-integration-final-main/install/tier4_v2x_msgs/include/tier4_v2x_msgs/tier4_v2x_msgs/msg/detail/infrastructure_command_array__rosidl_typesupport_fastrtps_c.h
[9.057s] -- Up-to-date symlink: /home/autoware/aichallenge2023-integration-final-main/install/tier4_v2x_msgs/include/tier4_v2x_msgs/tier4_v2x_msgs/msg/detail/key_value__rosidl_typesupport_fastrtps_c.h
[9.057s] -- Up-to-date symlink: /home/autoware/aichallenge2023-integration-final-main/install/tier4_v2x_msgs/include/tier4_v2x_msgs/tier4_v2x_msgs/msg/detail/virtual_traffic_light_state__rosidl_typesupport_fastrtps_c.h
[9.057s] -- Up-to-date symlink: /home/autoware/aichallenge2023-integration-final-main/install/tier4_v2x_msgs/include/tier4_v2x_msgs/tier4_v2x_msgs/msg/detail/virtual_traffic_light_state_array__rosidl_typesupport_fastrtps_c.h
[9.057s] -- Up-to-date symlink: /home/autoware/aichallenge2023-integration-final-main/install/tier4_v2x_msgs/include/tier4_v2x_msgs/tier4_v2x_msgs/msg/rosidl_typesupport_fastrtps_c__visibility_control.h
[9.058s] -- Up-to-date symlink: /home/autoware/aichallenge2023-integration-final-main/install/tier4_v2x_msgs/include/tier4_v2x_msgs/tier4_v2x_msgs/msg/detail/infrastructure_command__rosidl_typesupport_introspection_c.h
[9.058s] -- Up-to-date symlink: /home/autoware/aichallenge2023-integration-final-main/install/tier4_v2x_msgs/include/tier4_v2x_msgs/tier4_v2x_msgs/msg/detail/infrastructure_command_array__rosidl_typesupport_introspection_c.h
[9.058s] -- Up-to-date symlink: /home/autoware/aichallenge2023-integration-final-main/install/tier4_v2x_msgs/include/tier4_v2x_msgs/tier4_v2x_msgs/msg/detail/key_value__rosidl_typesupport_introspection_c.h
[9.058s] -- Up-to-date symlink: /home/autoware/aichallenge2023-integration-final-main/install/tier4_v2x_msgs/include/tier4_v2x_msgs/tier4_v2x_msgs/msg/detail/virtual_traffic_light_state__rosidl_typesupport_introspection_c.h
[9.058s] -- Up-to-date symlink: /home/autoware/aichallenge2023-integration-final-main/install/tier4_v2x_msgs/include/tier4_v2x_msgs/tier4_v2x_msgs/msg/detail/virtual_traffic_light_state_array__rosidl_typesupport_introspection_c.h
[9.058s] -- Up-to-date symlink: /home/autoware/aichallenge2023-integration-final-main/install/tier4_v2x_msgs/include/tier4_v2x_msgs/tier4_v2x_msgs/msg/rosidl_typesupport_introspection_c__visibility_control.h
[9.058s] -- Up-to-date symlink: /home/autoware/aichallenge2023-integration-final-main/install/tier4_v2x_msgs/include/tier4_v2x_msgs/tier4_v2x_msgs/msg/detail/infrastructure_command__builder.hpp
[9.058s] -- Up-to-date symlink: /home/autoware/aichallenge2023-integration-final-main/install/tier4_v2x_msgs/include/tier4_v2x_msgs/tier4_v2x_msgs/msg/detail/infrastructure_command__struct.hpp
[9.059s] -- Up-to-date symlink: /home/autoware/aichallenge2023-integration-final-main/install/tier4_v2x_msgs/include/tier4_v2x_msgs/tier4_v2x_msgs/msg/detail/infrastructure_command__traits.hpp
[9.059s] -- Up-to-date symlink: /home/autoware/aichallenge2023-integration-final-main/install/tier4_v2x_msgs/include/tier4_v2x_msgs/tier4_v2x_msgs/msg/detail/infrastructure_command_array__builder.hpp
[9.059s] -- Up-to-date symlink: /home/autoware/aichallenge2023-integration-final-main/install/tier4_v2x_msgs/include/tier4_v2x_msgs/tier4_v2x_msgs/msg/detail/infrastructure_command_array__struct.hpp
[9.059s] -- Up-to-date symlink: /home/autoware/aichallenge2023-integration-final-main/install/tier4_v2x_msgs/include/tier4_v2x_msgs/tier4_v2x_msgs/msg/detail/infrastructure_command_array__traits.hpp
[9.059s] -- Up-to-date symlink: /home/autoware/aichallenge2023-integration-final-main/install/tier4_v2x_msgs/include/tier4_v2x_msgs/tier4_v2x_msgs/msg/detail/key_value__builder.hpp
[9.059s] -- Up-to-date symlink: /home/autoware/aichallenge2023-integration-final-main/install/tier4_v2x_msgs/include/tier4_v2x_msgs/tier4_v2x_msgs/msg/detail/key_value__struct.hpp
[9.059s] -- Up-to-date symlink: /home/autoware/aichallenge2023-integration-final-main/install/tier4_v2x_msgs/include/tier4_v2x_msgs/tier4_v2x_msgs/msg/detail/key_value__traits.hpp
[9.060s] -- Up-to-date symlink: /home/autoware/aichallenge2023-integration-final-main/install/tier4_v2x_msgs/include/tier4_v2x_msgs/tier4_v2x_msgs/msg/detail/virtual_traffic_light_state__builder.hpp
[9.060s] -- Up-to-date symlink: /home/autoware/aichallenge2023-integration-final-main/install/tier4_v2x_msgs/include/tier4_v2x_msgs/tier4_v2x_msgs/msg/detail/virtual_traffic_light_state__struct.hpp
[9.060s] -- Up-to-date symlink: /home/autoware/aichallenge2023-integration-final-main/install/tier4_v2x_msgs/include/tier4_v2x_msgs/tier4_v2x_msgs/msg/detail/virtual_traffic_light_state__traits.hpp
[9.060s] -- Up-to-date symlink: /home/autoware/aichallenge2023-integration-final-main/install/tier4_v2x_msgs/include/tier4_v2x_msgs/tier4_v2x_msgs/msg/detail/virtual_traffic_light_state_array__builder.hpp
[9.060s] -- Up-to-date symlink: /home/autoware/aichallenge2023-integration-final-main/install/tier4_v2x_msgs/include/tier4_v2x_msgs/tier4_v2x_msgs/msg/detail/virtual_traffic_light_state_array__struct.hpp
[9.061s] -- Up-to-date symlink: /home/autoware/aichallenge2023-integration-final-main/install/tier4_v2x_msgs/include/tier4_v2x_msgs/tier4_v2x_msgs/msg/detail/virtual_traffic_light_state_array__traits.hpp
[9.061s] -- Up-to-date symlink: /home/autoware/aichallenge2023-integration-final-main/install/tier4_v2x_msgs/include/tier4_v2x_msgs/tier4_v2x_msgs/msg/infrastructure_command.hpp
[9.061s] -- Up-to-date symlink: /home/autoware/aichallenge2023-integration-final-main/install/tier4_v2x_msgs/include/tier4_v2x_msgs/tier4_v2x_msgs/msg/infrastructure_command_array.hpp
[9.061s] -- Up-to-date symlink: /home/autoware/aichallenge2023-integration-final-main/install/tier4_v2x_msgs/include/tier4_v2x_msgs/tier4_v2x_msgs/msg/key_value.hpp
[9.062s] -- Up-to-date symlink: /home/autoware/aichallenge2023-integration-final-main/install/tier4_v2x_msgs/include/tier4_v2x_msgs/tier4_v2x_msgs/msg/virtual_traffic_light_state.hpp
[9.062s] -- Up-to-date symlink: /home/autoware/aichallenge2023-integration-final-main/install/tier4_v2x_msgs/include/tier4_v2x_msgs/tier4_v2x_msgs/msg/virtual_traffic_light_state_array.hpp
[9.063s] -- Up-to-date symlink: /home/autoware/aichallenge2023-integration-final-main/install/tier4_v2x_msgs/include/tier4_v2x_msgs/tier4_v2x_msgs/msg/detail/infrastructure_command__rosidl_typesupport_fastrtps_cpp.hpp
[9.063s] -- Up-to-date symlink: /home/autoware/aichallenge2023-integration-final-main/install/tier4_v2x_msgs/include/tier4_v2x_msgs/tier4_v2x_msgs/msg/detail/infrastructure_command_array__rosidl_typesupport_fastrtps_cpp.hpp
[9.063s] -- Up-to-date symlink: /home/autoware/aichallenge2023-integration-final-main/install/tier4_v2x_msgs/include/tier4_v2x_msgs/tier4_v2x_msgs/msg/detail/key_value__rosidl_typesupport_fastrtps_cpp.hpp
[9.064s] -- Up-to-date symlink: /home/autoware/aichallenge2023-integration-final-main/install/tier4_v2x_msgs/include/tier4_v2x_msgs/tier4_v2x_msgs/msg/detail/virtual_traffic_light_state__rosidl_typesupport_fastrtps_cpp.hpp
[9.064s] -- Up-to-date symlink: /home/autoware/aichallenge2023-integration-final-main/install/tier4_v2x_msgs/include/tier4_v2x_msgs/tier4_v2x_msgs/msg/detail/virtual_traffic_light_state_array__rosidl_typesupport_fastrtps_cpp.hpp
[9.064s] -- Up-to-date symlink: /home/autoware/aichallenge2023-integration-final-main/install/tier4_v2x_msgs/include/tier4_v2x_msgs/tier4_v2x_msgs/msg/rosidl_typesupport_fastrtps_cpp__visibility_control.h
[9.065s] -- Up-to-date symlink: /home/autoware/aichallenge2023-integration-final-main/install/tier4_v2x_msgs/include/tier4_v2x_msgs/tier4_v2x_msgs/msg/detail/infrastructure_command__rosidl_typesupport_introspection_cpp.hpp
[9.065s] -- Up-to-date symlink: /home/autoware/aichallenge2023-integration-final-main/install/tier4_v2x_msgs/include/tier4_v2x_msgs/tier4_v2x_msgs/msg/detail/infrastructure_command_array__rosidl_typesupport_introspection_cpp.hpp
[9.065s] -- Up-to-date symlink: /home/autoware/aichallenge2023-integration-final-main/install/tier4_v2x_msgs/include/tier4_v2x_msgs/tier4_v2x_msgs/msg/detail/key_value__rosidl_typesupport_introspection_cpp.hpp
[9.065s] -- Up-to-date symlink: /home/autoware/aichallenge2023-integration-final-main/install/tier4_v2x_msgs/include/tier4_v2x_msgs/tier4_v2x_msgs/msg/detail/virtual_traffic_light_state__rosidl_typesupport_introspection_cpp.hpp
[9.066s] -- Up-to-date symlink: /home/autoware/aichallenge2023-integration-final-main/install/tier4_v2x_msgs/include/tier4_v2x_msgs/tier4_v2x_msgs/msg/detail/virtual_traffic_light_state_array__rosidl_typesupport_introspection_cpp.hpp
[9.066s] -- Up-to-date symlink: /home/autoware/aichallenge2023-integration-final-main/install/tier4_v2x_msgs/share/tier4_v2x_msgs/environment/pythonpath.sh
[9.066s] -- Up-to-date symlink: /home/autoware/aichallenge2023-integration-final-main/install/tier4_v2x_msgs/share/tier4_v2x_msgs/environment/pythonpath.dsv
[9.067s] -- Up-to-date symlink: /home/autoware/aichallenge2023-integration-final-main/install/tier4_v2x_msgs/local/lib/python3.10/dist-packages/tier4_v2x_msgs-0.1.0-py3.10.egg-info/PKG-INFO
[9.067s] -- Up-to-date symlink: /home/autoware/aichallenge2023-integration-final-main/install/tier4_v2x_msgs/local/lib/python3.10/dist-packages/tier4_v2x_msgs-0.1.0-py3.10.egg-info/SOURCES.txt
[9.067s] -- Up-to-date symlink: /home/autoware/aichallenge2023-integration-final-main/install/tier4_v2x_msgs/local/lib/python3.10/dist-packages/tier4_v2x_msgs-0.1.0-py3.10.egg-info/dependency_links.txt
[9.067s] -- Up-to-date symlink: /home/autoware/aichallenge2023-integration-final-main/install/tier4_v2x_msgs/local/lib/python3.10/dist-packages/tier4_v2x_msgs-0.1.0-py3.10.egg-info/top_level.txt
[9.069s] -- Up-to-date symlink: /home/autoware/aichallenge2023-integration-final-main/install/tier4_v2x_msgs/local/lib/python3.10/dist-packages/tier4_v2x_msgs/__init__.py
[9.069s] -- Up-to-date symlink: /home/autoware/aichallenge2023-integration-final-main/install/tier4_v2x_msgs/local/lib/python3.10/dist-packages/tier4_v2x_msgs/_tier4_v2x_msgs_s.ep.rosidl_typesupport_c.c
[9.069s] -- Up-to-date symlink: /home/autoware/aichallenge2023-integration-final-main/install/tier4_v2x_msgs/local/lib/python3.10/dist-packages/tier4_v2x_msgs/_tier4_v2x_msgs_s.ep.rosidl_typesupport_fastrtps_c.c
[9.069s] -- Up-to-date symlink: /home/autoware/aichallenge2023-integration-final-main/install/tier4_v2x_msgs/local/lib/python3.10/dist-packages/tier4_v2x_msgs/_tier4_v2x_msgs_s.ep.rosidl_typesupport_introspection_c.c
[9.069s] -- Up-to-date symlink: /home/autoware/aichallenge2023-integration-final-main/install/tier4_v2x_msgs/local/lib/python3.10/dist-packages/tier4_v2x_msgs/libtier4_v2x_msgs__rosidl_generator_py.so
[9.069s] -- Up-to-date symlink: /home/autoware/aichallenge2023-integration-final-main/install/tier4_v2x_msgs/local/lib/python3.10/dist-packages/tier4_v2x_msgs/msg/__init__.py
[9.070s] -- Up-to-date symlink: /home/autoware/aichallenge2023-integration-final-main/install/tier4_v2x_msgs/local/lib/python3.10/dist-packages/tier4_v2x_msgs/msg/_infrastructure_command.py
[9.070s] -- Up-to-date symlink: /home/autoware/aichallenge2023-integration-final-main/install/tier4_v2x_msgs/local/lib/python3.10/dist-packages/tier4_v2x_msgs/msg/_infrastructure_command_array.py
[9.070s] -- Up-to-date symlink: /home/autoware/aichallenge2023-integration-final-main/install/tier4_v2x_msgs/local/lib/python3.10/dist-packages/tier4_v2x_msgs/msg/_infrastructure_command_array_s.c
[9.070s] -- Up-to-date symlink: /home/autoware/aichallenge2023-integration-final-main/install/tier4_v2x_msgs/local/lib/python3.10/dist-packages/tier4_v2x_msgs/msg/_infrastructure_command_s.c
[9.071s] -- Up-to-date symlink: /home/autoware/aichallenge2023-integration-final-main/install/tier4_v2x_msgs/local/lib/python3.10/dist-packages/tier4_v2x_msgs/msg/_key_value.py
[9.071s] -- Up-to-date symlink: /home/autoware/aichallenge2023-integration-final-main/install/tier4_v2x_msgs/local/lib/python3.10/dist-packages/tier4_v2x_msgs/msg/_key_value_s.c
[9.071s] -- Up-to-date symlink: /home/autoware/aichallenge2023-integration-final-main/install/tier4_v2x_msgs/local/lib/python3.10/dist-packages/tier4_v2x_msgs/msg/_virtual_traffic_light_state.py
[9.071s] -- Up-to-date symlink: /home/autoware/aichallenge2023-integration-final-main/install/tier4_v2x_msgs/local/lib/python3.10/dist-packages/tier4_v2x_msgs/msg/_virtual_traffic_light_state_array.py
[9.074s] -- Up-to-date symlink: /home/autoware/aichallenge2023-integration-final-main/install/tier4_v2x_msgs/local/lib/python3.10/dist-packages/tier4_v2x_msgs/msg/_virtual_traffic_light_state_array_s.c
[9.074s] -- Up-to-date symlink: /home/autoware/aichallenge2023-integration-final-main/install/tier4_v2x_msgs/local/lib/python3.10/dist-packages/tier4_v2x_msgs/msg/_virtual_traffic_light_state_s.c
[9.074s] -- Up-to-date symlink: /home/autoware/aichallenge2023-integration-final-main/install/tier4_v2x_msgs/local/lib/python3.10/dist-packages/tier4_v2x_msgs/tier4_v2x_msgs_s__rosidl_typesupport_c.cpython-310-x86_64-linux-gnu.so
[9.075s] -- Up-to-date symlink: /home/autoware/aichallenge2023-integration-final-main/install/tier4_v2x_msgs/local/lib/python3.10/dist-packages/tier4_v2x_msgs/tier4_v2x_msgs_s__rosidl_typesupport_fastrtps_c.cpython-310-x86_64-linux-gnu.so
[9.075s] -- Up-to-date symlink: /home/autoware/aichallenge2023-integration-final-main/install/tier4_v2x_msgs/local/lib/python3.10/dist-packages/tier4_v2x_msgs/tier4_v2x_msgs_s__rosidl_typesupport_introspection_c.cpython-310-x86_64-linux-gnu.so
[9.075s] -- Up-to-date symlink: /home/autoware/aichallenge2023-integration-final-main/install/tier4_v2x_msgs/local/lib/python3.10/dist-packages/tier4_v2x_msgs/tier4_v2x_msgs_s__rosidl_typesupport_fastrtps_c.cpython-310-x86_64-linux-gnu.so
[9.077s] -- Up-to-date symlink: /home/autoware/aichallenge2023-integration-final-main/install/tier4_v2x_msgs/local/lib/python3.10/dist-packages/tier4_v2x_msgs/tier4_v2x_msgs_s__rosidl_typesupport_introspection_c.cpython-310-x86_64-linux-gnu.so
[9.077s] -- Up-to-date symlink: /home/autoware/aichallenge2023-integration-final-main/install/tier4_v2x_msgs/local/lib/python3.10/dist-packages/tier4_v2x_msgs/tier4_v2x_msgs_s__rosidl_typesupport_c.cpython-310-x86_64-linux-gnu.so
[9.077s] -- Up-to-date symlink: /home/autoware/aichallenge2023-integration-final-main/install/tier4_v2x_msgs/share/tier4_v2x_msgs/msg/InfrastructureCommand.idl
[9.078s] -- Up-to-date symlink: /home/autoware/aichallenge2023-integration-final-main/install/tier4_v2x_msgs/share/tier4_v2x_msgs/msg/InfrastructureCommandArray.idl
[9.078s] -- Up-to-date symlink: /home/autoware/aichallenge2023-integration-final-main/install/tier4_v2x_msgs/share/tier4_v2x_msgs/msg/KeyValue.idl
[9.079s] -- Up-to-date symlink: /home/autoware/aichallenge2023-integration-final-main/install/tier4_v2x_msgs/share/tier4_v2x_msgs/msg/VirtualTrafficLightState.idl
[9.079s] -- Up-to-date symlink: /home/autoware/aichallenge2023-integration-final-main/install/tier4_v2x_msgs/share/tier4_v2x_msgs/msg/VirtualTrafficLightStateArray.idl
[9.080s] -- Up-to-date symlink: /home/autoware/aichallenge2023-integration-final-main/install/tier4_v2x_msgs/share/tier4_v2x_msgs/msg/InfrastructureCommand.msg
[9.080s] -- Up-to-date symlink: /home/autoware/aichallenge2023-integration-final-main/install/tier4_v2x_msgs/share/tier4_v2x_msgs/msg/InfrastructureCommandArray.msg
[9.081s] -- Up-to-date symlink: /home/autoware/aichallenge2023-integration-final-main/install/tier4_v2x_msgs/share/tier4_v2x_msgs/msg/KeyValue.msg
[9.081s] -- Up-to-date symlink: /home/autoware/aichallenge2023-integration-final-main/install/tier4_v2x_msgs/share/tier4_v2x_msgs/msg/VirtualTrafficLightState.msg
[9.082s] -- Up-to-date symlink: /home/autoware/aichallenge2023-integration-final-main/install/tier4_v2x_msgs/share/tier4_v2x_msgs/msg/VirtualTrafficLightStateArray.msg
[9.083s] -- Up-to-date symlink: /home/autoware/aichallenge2023-integration-final-main/install/tier4_v2x_msgs/share/ament_index/resource_index/package_run_dependencies/tier4_v2x_msgs
[9.083s] -- Up-to-date symlink: /home/autoware/aichallenge2023-integration-final-main/install/tier4_v2x_msgs/share/ament_index/resource_index/parent_prefix_path/tier4_v2x_msgs
[9.084s] -- Up-to-date symlink: /home/autoware/aichallenge2023-integration-final-main/install/tier4_v2x_msgs/share/tier4_v2x_msgs/environment/ament_prefix_path.sh
[9.084s] -- Up-to-date symlink: /home/autoware/aichallenge2023-integration-final-main/install/tier4_v2x_msgs/share/tier4_v2x_msgs/environment/ament_prefix_path.dsv
[9.085s] -- Up-to-date symlink: /home/autoware/aichallenge2023-integration-final-main/install/tier4_v2x_msgs/share/tier4_v2x_msgs/environment/path.sh
[9.086s] -- Up-to-date symlink: /home/autoware/aichallenge2023-integration-final-main/install/tier4_v2x_msgs/share/tier4_v2x_msgs/environment/path.dsv
[9.086s] -- Up-to-date symlink: /home/autoware/aichallenge2023-integration-final-main/install/tier4_v2x_msgs/share/tier4_v2x_msgs/local_setup.bash
[9.087s] -- Up-to-date symlink: /home/autoware/aichallenge2023-integration-final-main/install/tier4_v2x_msgs/share/tier4_v2x_msgs/local_setup.sh
[9.088s] -- Up-to-date symlink: /home/autoware/aichallenge2023-integration-final-main/install/tier4_v2x_msgs/share/tier4_v2x_msgs/local_setup.zsh
[9.088s] -- Up-to-date symlink: /home/autoware/aichallenge2023-integration-final-main/install/tier4_v2x_msgs/share/tier4_v2x_msgs/local_setup.dsv
[9.089s] -- Symlinking: /home/autoware/aichallenge2023-integration-final-main/install/tier4_v2x_msgs/share/tier4_v2x_msgs/package.dsv
[9.190s] -- Up-to-date symlink: /home/autoware/aichallenge2023-integration-final-main/install/tier4_v2x_msgs/share/ament_index/resource_index/packages/tier4_v2x_msgs
[9.190s] -- Up-to-date symlink: /home/autoware/aichallenge2023-integration-final-main/install/tier4_v2x_msgs/share/tier4_v2x_msgs/cmake/rosidl_cmake-extras.cmake
[9.191s] -- Up-to-date symlink: /home/autoware/aichallenge2023-integration-final-main/install/tier4_v2x_msgs/share/tier4_v2x_msgs/cmake/ament_cmake_export_dependencies-extras.cmake
[9.192s] -- Up-to-date symlink: /home/autoware/aichallenge2023-integration-final-main/install/tier4_v2x_msgs/share/tier4_v2x_msgs/cmake/ament_cmake_export_include_directories-extras.cmake
[9.192s] -- Up-to-date symlink: /home/autoware/aichallenge2023-integration-final-main/install/tier4_v2x_msgs/share/tier4_v2x_msgs/cmake/ament_cmake_export_libraries-extras.cmake
[9.192s] -- Up-to-date symlink: /home/autoware/aichallenge2023-integration-final-main/install/tier4_v2x_msgs/share/tier4_v2x_msgs/cmake/ament_cmake_export_targets-extras.cmake
[9.193s] -- Up-to-date symlink: /home/autoware/aichallenge2023-integration-final-main/install/tier4_v2x_msgs/share/tier4_v2x_msgs/cmake/rosidl_cmake_export_typesupport_targets-extras.cmake
[9.193s] -- Up-to-date symlink: /home/autoware/aichallenge2023-integration-final-main/install/tier4_v2x_msgs/share/tier4_v2x_msgs/cmake/rosidl_cmake_export_typesupport_libraries-extras.cmake
[9.193s] -- Up-to-date symlink: /home/autoware/aichallenge2023-integration-final-main/install/tier4_v2x_msgs/share/tier4_v2x_msgs/cmake/tier4_v2x_msgsConfig.cmake
[9.194s] -- Up-to-date symlink: /home/autoware/aichallenge2023-integration-final-main/install/tier4_v2x_msgs/share/tier4_v2x_msgs/cmake/tier4_v2x_msgsConfig-version.cmake
[9.194s] -- Up-to-date symlink: /home/autoware/aichallenge2023-integration-final-main/install/tier4_v2x_msgs/share/tier4_v2x_msgs/package.xml
[9.195s] -- Up-to-date: /home/autoware/aichallenge2023-integration-final-main/install/tier4_v2x_msgs/lib/libtier4_v2x_msgs__rosidl_generator_c.so
[9.195s] -- Up-to-date: /home/autoware/aichallenge2023-integration-final-main/install/tier4_v2x_msgs/lib/libtier4_v2x_msgs__rosidl_typesupport_fastrtps_c.so
[9.195s] -- Up-to-date: /home/autoware/aichallenge2023-integration-final-main/install/tier4_v2x_msgs/lib/libtier4_v2x_msgs__rosidl_typesupport_introspection_c.so
[9.196s] -- Up-to-date: /home/autoware/aichallenge2023-integration-final-main/install/tier4_v2x_msgs/lib/libtier4_v2x_msgs__rosidl_typesupport_c.so
[9.196s] -- Up-to-date: /home/autoware/aichallenge2023-integration-final-main/install/tier4_v2x_msgs/lib/libtier4_v2x_msgs__rosidl_typesupport_fastrtps_cpp.so
[9.197s] -- Up-to-date: /home/autoware/aichallenge2023-integration-final-main/install/tier4_v2x_msgs/lib/libtier4_v2x_msgs__rosidl_typesupport_introspection_cpp.so
[9.197s] -- Up-to-date: /home/autoware/aichallenge2023-integration-final-main/install/tier4_v2x_msgs/lib/libtier4_v2x_msgs__rosidl_typesupport_cpp.so
[9.413s] Listing '/home/autoware/aichallenge2023-integration-final-main/install/tier4_v2x_msgs/local/lib/python3.10/dist-packages/tier4_v2x_msgs'...
[9.413s] Listing '/home/autoware/aichallenge2023-integration-final-main/install/tier4_v2x_msgs/local/lib/python3.10/dist-packages/tier4_v2x_msgs/msg'...
[9.422s] -- Up-to-date: /home/autoware/aichallenge2023-integration-final-main/install/tier4_v2x_msgs/lib/libtier4_v2x_msgs__rosidl_generator_py.so
[9.423s] -- Up-to-date: /home/autoware/aichallenge2023-integration-final-main/install/tier4_v2x_msgs/share/tier4_v2x_msgs/cmake/export_tier4_v2x_msgs__rosidl_generator_cExport.cmake
[9.423s] -- Up-to-date: /home/autoware/aichallenge2023-integration-final-main/install/tier4_v2x_msgs/share/tier4_v2x_msgs/cmake/export_tier4_v2x_msgs__rosidl_generator_cExport-release.cmake
[9.424s] -- Up-to-date: /home/autoware/aichallenge2023-integration-final-main/install/tier4_v2x_msgs/share/tier4_v2x_msgs/cmake/export_tier4_v2x_msgs__rosidl_typesupport_fastrtps_cExport.cmake
[9.424s] -- Up-to-date: /home/autoware/aichallenge2023-integration-final-main/install/tier4_v2x_msgs/share/tier4_v2x_msgs/cmake/export_tier4_v2x_msgs__rosidl_typesupport_fastrtps_cExport-release.cmake
[9.425s] -- Up-to-date: /home/autoware/aichallenge2023-integration-final-main/install/tier4_v2x_msgs/share/tier4_v2x_msgs/cmake/tier4_v2x_msgs__rosidl_typesupport_introspection_cExport.cmake
[9.425s] -- Up-to-date: /home/autoware/aichallenge2023-integration-final-main/install/tier4_v2x_msgs/share/tier4_v2x_msgs/cmake/tier4_v2x_msgs__rosidl_typesupport_introspection_cExport-release.cmake
[9.426s] -- Up-to-date: /home/autoware/aichallenge2023-integration-final-main/install/tier4_v2x_msgs/share/tier4_v2x_msgs/cmake/tier4_v2x_msgs__rosidl_typesupport_cExport.cmake
[9.426s] -- Up-to-date: /home/autoware/aichallenge2023-integration-final-main/install/tier4_v2x_msgs/share/tier4_v2x_msgs/cmake/tier4_v2x_msgs__rosidl_typesupport_cExport-release.cmake
[9.426s] -- Up-to-date: /home/autoware/aichallenge2023-integration-final-main/install/tier4_v2x_msgs/share/tier4_v2x_msgs/cmake/export_tier4_v2x_msgs__rosidl_generator_cppExport.cmake
[9.427s] -- Up-to-date: /home/autoware/aichallenge2023-integration-final-main/install/tier4_v2x_msgs/share/tier4_v2x_msgs/cmake/export_tier4_v2x_msgs__rosidl_typesupport_fastrtps_cppExport.cmake
[9.427s] -- Up-to-date: /home/autoware/aichallenge2023-integration-final-main/install/tier4_v2x_msgs/share/tier4_v2x_msgs/cmake/export_tier4_v2x_msgs__rosidl_typesupport_fastrtps_cppExport-release.cmake
[9.427s] -- Up-to-date: /home/autoware/aichallenge2023-integration-final-main/install/tier4_v2x_msgs/share/tier4_v2x_msgs/cmake/tier4_v2x_msgs__rosidl_typesupport_introspection_cppExport.cmake
[9.428s] -- Up-to-date: /home/autoware/aichallenge2023-integration-final-main/install/tier4_v2x_msgs/share/tier4_v2x_msgs/cmake/tier4_v2x_msgs__rosidl_typesupport_introspection_cppExport-release.cmake
[9.428s] -- Up-to-date: /home/autoware/aichallenge2023-integration-final-main/install/tier4_v2x_msgs/share/tier4_v2x_msgs/cmake/tier4_v2x_msgs__rosidl_typesupport_cppExport.cmake
[9.429s] -- Up-to-date: /home/autoware/aichallenge2023-integration-final-main/install/tier4_v2x_msgs/share/tier4_v2x_msgs/cmake/tier4_v2x_msgs__rosidl_typesupport_cppExport-release.cmake
[9.429s] -- Up-to-date: /home/autoware/aichallenge2023-integration-final-main/install/tier4_v2x_msgs/share/tier4_v2x_msgs/cmake/export_tier4_v2x_msgs__rosidl_generator_pyExport.cmake
[9.430s] -- Up-to-date: /home/autoware/aichallenge2023-integration-final-main/install/tier4_v2x_msgs/share/tier4_v2x_msgs/cmake/export_tier4_v2x_msgs__rosidl_generator_pyExport-release.cmake
[9.447s] Invoked command in '/home/autoware/aichallenge2023-integration-final-main/build/tier4_v2x_msgs' returned '0': CMAKE_PREFIX_PATH=${CMAKE_PREFIX_PATH}:/home/autoware/aichallenge2023-integration-final-main/install/simulator_compatibility_test:/home/autoware/aichallenge2023-integration-final-main/install/ad_api_visualizers:/home/autoware/autoware/install/simulator_compatibility_test:/home/autoware/autoware/install/ad_api_visualizers:/opt/ros/humble /usr/bin/cmake --install /home/autoware/aichallenge2023-integration-final-main/build/tier4_v2x_msgs
