[0.176s] Invoking command in '/home/autoware/aichallenge2023-integration-final-main/build/livox_description': CMAKE_PREFIX_PATH=${CMAKE_PREFIX_PATH}:/home/autoware/aichallenge2023-integration-final-main/install/simulator_compatibility_test:/home/autoware/aichallenge2023-integration-final-main/install/ad_api_visualizers:/home/autoware/autoware/install/simulator_compatibility_test:/home/autoware/autoware/install/ad_api_visualizers:/opt/ros/humble /usr/bin/cmake --build /home/autoware/aichallenge2023-integration-final-main/build/livox_description -- -j16 -l16
[0.451s] Invoked command in '/home/autoware/aichallenge2023-integration-final-main/build/livox_description' returned '0': CMAKE_PREFIX_PATH=${CMAKE_PREFIX_PATH}:/home/autoware/aichallenge2023-integration-final-main/install/simulator_compatibility_test:/home/autoware/aichallenge2023-integration-final-main/install/ad_api_visualizers:/home/autoware/autoware/install/simulator_compatibility_test:/home/autoware/autoware/install/ad_api_visualizers:/opt/ros/humble /usr/bin/cmake --build /home/autoware/aichallenge2023-integration-final-main/build/livox_description -- -j16 -l16
[0.944s] Invoking command in '/home/autoware/aichallenge2023-integration-final-main/build/livox_description': CMAKE_PREFIX_PATH=${CMAKE_PREFIX_PATH}:/home/autoware/aichallenge2023-integration-final-main/install/simulator_compatibility_test:/home/autoware/aichallenge2023-integration-final-main/install/ad_api_visualizers:/home/autoware/autoware/install/simulator_compatibility_test:/home/autoware/autoware/install/ad_api_visualizers:/opt/ros/humble /usr/bin/cmake --install /home/autoware/aichallenge2023-integration-final-main/build/livox_description
[1.011s] -- Install configuration: "Release"
[1.011s] -- Execute custom install script
[1.011s] -- Up-to-date symlink: /home/autoware/aichallenge2023-integration-final-main/install/livox_description/share/livox_description/urdf/livox_horizon.xacro
[1.011s] -- Up-to-date symlink: /home/autoware/aichallenge2023-integration-final-main/install/livox_description/share/ament_index/resource_index/package_run_dependencies/livox_description
[1.011s] -- Up-to-date symlink: /home/autoware/aichallenge2023-integration-final-main/install/livox_description/share/ament_index/resource_index/parent_prefix_path/livox_description
[1.011s] -- Up-to-date symlink: /home/autoware/aichallenge2023-integration-final-main/install/livox_description/share/livox_description/environment/ament_prefix_path.sh
[1.011s] -- Up-to-date symlink: /home/autoware/aichallenge2023-integration-final-main/install/livox_description/share/livox_description/environment/ament_prefix_path.dsv
[1.011s] -- Up-to-date symlink: /home/autoware/aichallenge2023-integration-final-main/install/livox_description/share/livox_description/environment/path.sh
[1.011s] -- Up-to-date symlink: /home/autoware/aichallenge2023-integration-final-main/install/livox_description/share/livox_description/environment/path.dsv
[1.011s] -- Up-to-date symlink: /home/autoware/aichallenge2023-integration-final-main/install/livox_description/share/livox_description/local_setup.bash
[1.012s] -- Up-to-date symlink: /home/autoware/aichallenge2023-integration-final-main/install/livox_description/share/livox_description/local_setup.sh
[1.012s] -- Up-to-date symlink: /home/autoware/aichallenge2023-integration-final-main/install/livox_description/share/livox_description/local_setup.zsh
[1.012s] -- Up-to-date symlink: /home/autoware/aichallenge2023-integration-final-main/install/livox_description/share/livox_description/local_setup.dsv
[1.012s] -- Symlinking: /home/autoware/aichallenge2023-integration-final-main/install/livox_description/share/livox_description/package.dsv
[1.065s] -- Up-to-date symlink: /home/autoware/aichallenge2023-integration-final-main/install/livox_description/share/ament_index/resource_index/packages/livox_description
[1.066s] -- Up-to-date symlink: /home/autoware/aichallenge2023-integration-final-main/install/livox_description/share/livox_description/cmake/livox_descriptionConfig.cmake
[1.066s] -- Up-to-date symlink: /home/autoware/aichallenge2023-integration-final-main/install/livox_description/share/livox_description/cmake/livox_descriptionConfig-version.cmake
[1.066s] -- Up-to-date symlink: /home/autoware/aichallenge2023-integration-final-main/install/livox_description/share/livox_description/package.xml
[1.071s] Invoked command in '/home/autoware/aichallenge2023-integration-final-main/build/livox_description' returned '0': CMAKE_PREFIX_PATH=${CMAKE_PREFIX_PATH}:/home/autoware/aichallenge2023-integration-final-main/install/simulator_compatibility_test:/home/autoware/aichallenge2023-integration-final-main/install/ad_api_visualizers:/home/autoware/autoware/install/simulator_compatibility_test:/home/autoware/autoware/install/ad_api_visualizers:/opt/ros/humble /usr/bin/cmake --install /home/autoware/aichallenge2023-integration-final-main/build/livox_description
