[0.079s] Invoking command in '/home/autoware/aichallenge2023-integration-final-main/build/tier4_v2x_msgs': CMAKE_PREFIX_PATH=${CMAKE_PREFIX_PATH}:/home/autoware/autoware/install/simulator_compatibility_test:/home/autoware/autoware/install/ad_api_visualizers:/opt/ros/humble /usr/bin/cmake --build /home/autoware/aichallenge2023-integration-final-main/build/tier4_v2x_msgs -- -j16 -l16
[2.345s] [  1%] Built target tier4_v2x_msgs__cpp
[2.346s] [ 12%] Built target tier4_v2x_msgs__rosidl_generator_c
[2.346s] [ 12%] Built target ament_cmake_python_symlink_tier4_v2x_msgs
[2.347s] [ 23%] Built target tier4_v2x_msgs__rosidl_typesupport_fastrtps_cpp
[2.347s] [ 34%] Built target tier4_v2x_msgs__rosidl_typesupport_cpp
[2.347s] [ 46%] Built target tier4_v2x_msgs__rosidl_typesupport_introspection_cpp
[2.347s] [ 57%] Built target tier4_v2x_msgs__rosidl_typesupport_introspection_c
[2.347s] [ 68%] Built target tier4_v2x_msgs__rosidl_typesupport_c
[2.347s] [ 79%] Built target tier4_v2x_msgs__rosidl_typesupport_fastrtps_c
[2.347s] [ 79%] Built target tier4_v2x_msgs
[2.348s] running egg_info
[2.348s] writing tier4_v2x_msgs.egg-info/PKG-INFO
[2.348s] writing dependency_links to tier4_v2x_msgs.egg-info/dependency_links.txt
[2.348s] writing top-level names to tier4_v2x_msgs.egg-info/top_level.txt
[2.348s] reading manifest file 'tier4_v2x_msgs.egg-info/SOURCES.txt'
[2.348s] writing manifest file 'tier4_v2x_msgs.egg-info/SOURCES.txt'
[2.348s] [ 80%] Built target tier4_v2x_msgs__py
[2.348s] [ 80%] Built target ament_cmake_python_build_tier4_v2x_msgs_egg
[2.349s] [ 90%] Built target tier4_v2x_msgs__rosidl_generator_py
[2.349s] [ 93%] Built target tier4_v2x_msgs__rosidl_typesupport_fastrtps_c__pyext
[2.349s] [ 96%] Built target tier4_v2x_msgs__rosidl_typesupport_c__pyext
[2.349s] [100%] Built target tier4_v2x_msgs__rosidl_typesupport_introspection_c__pyext
[2.359s] Invoked command in '/home/autoware/aichallenge2023-integration-final-main/build/tier4_v2x_msgs' returned '0': CMAKE_PREFIX_PATH=${CMAKE_PREFIX_PATH}:/home/autoware/autoware/install/simulator_compatibility_test:/home/autoware/autoware/install/ad_api_visualizers:/opt/ros/humble /usr/bin/cmake --build /home/autoware/aichallenge2023-integration-final-main/build/tier4_v2x_msgs -- -j16 -l16
[5.306s] Invoking command in '/home/autoware/aichallenge2023-integration-final-main/build/tier4_v2x_msgs': CMAKE_PREFIX_PATH=${CMAKE_PREFIX_PATH}:/home/autoware/autoware/install/simulator_compatibility_test:/home/autoware/autoware/install/ad_api_visualizers:/opt/ros/humble /usr/bin/cmake --install /home/autoware/aichallenge2023-integration-final-main/build/tier4_v2x_msgs
[5.373s] -- Install configuration: "Release"
[5.374s] -- Execute custom install script
[5.375s] -- Up-to-date symlink: /home/autoware/aichallenge2023-integration-final-main/install/tier4_v2x_msgs/share/ament_index/resource_index/rosidl_interfaces/tier4_v2x_msgs
[5.376s] -- Up-to-date symlink: /home/autoware/aichallenge2023-integration-final-main/install/tier4_v2x_msgs/include/tier4_v2x_msgs/tier4_v2x_msgs/msg/detail/infrastructure_command__functions.h
[5.376s] -- Up-to-date symlink: /home/autoware/aichallenge2023-integration-final-main/install/tier4_v2x_msgs/include/tier4_v2x_msgs/tier4_v2x_msgs/msg/detail/infrastructure_command__struct.h
[5.376s] -- Up-to-date symlink: /home/autoware/aichallenge2023-integration-final-main/install/tier4_v2x_msgs/include/tier4_v2x_msgs/tier4_v2x_msgs/msg/detail/infrastructure_command__type_support.h
[5.376s] -- Up-to-date symlink: /home/autoware/aichallenge2023-integration-final-main/install/tier4_v2x_msgs/include/tier4_v2x_msgs/tier4_v2x_msgs/msg/detail/infrastructure_command_array__functions.h
[5.377s] -- Up-to-date symlink: /home/autoware/aichallenge2023-integration-final-main/install/tier4_v2x_msgs/include/tier4_v2x_msgs/tier4_v2x_msgs/msg/detail/infrastructure_command_array__struct.h
[5.377s] -- Up-to-date symlink: /home/autoware/aichallenge2023-integration-final-main/install/tier4_v2x_msgs/include/tier4_v2x_msgs/tier4_v2x_msgs/msg/detail/infrastructure_command_array__type_support.h
[5.377s] -- Up-to-date symlink: /home/autoware/aichallenge2023-integration-final-main/install/tier4_v2x_msgs/include/tier4_v2x_msgs/tier4_v2x_msgs/msg/detail/key_value__functions.h
[5.377s] -- Up-to-date symlink: /home/autoware/aichallenge2023-integration-final-main/install/tier4_v2x_msgs/include/tier4_v2x_msgs/tier4_v2x_msgs/msg/detail/key_value__struct.h
[5.377s] -- Up-to-date symlink: /home/autoware/aichallenge2023-integration-final-main/install/tier4_v2x_msgs/include/tier4_v2x_msgs/tier4_v2x_msgs/msg/detail/key_value__type_support.h
[5.378s] -- Up-to-date symlink: /home/autoware/aichallenge2023-integration-final-main/install/tier4_v2x_msgs/include/tier4_v2x_msgs/tier4_v2x_msgs/msg/detail/virtual_traffic_light_state__functions.h
[5.378s] -- Up-to-date symlink: /home/autoware/aichallenge2023-integration-final-main/install/tier4_v2x_msgs/include/tier4_v2x_msgs/tier4_v2x_msgs/msg/detail/virtual_traffic_light_state__struct.h
[5.378s] -- Up-to-date symlink: /home/autoware/aichallenge2023-integration-final-main/install/tier4_v2x_msgs/include/tier4_v2x_msgs/tier4_v2x_msgs/msg/detail/virtual_traffic_light_state__type_support.h
[5.379s] -- Up-to-date symlink: /home/autoware/aichallenge2023-integration-final-main/install/tier4_v2x_msgs/include/tier4_v2x_msgs/tier4_v2x_msgs/msg/detail/virtual_traffic_light_state_array__functions.h
[5.380s] -- Up-to-date symlink: /home/autoware/aichallenge2023-integration-final-main/install/tier4_v2x_msgs/include/tier4_v2x_msgs/tier4_v2x_msgs/msg/detail/virtual_traffic_light_state_array__struct.h
[5.380s] -- Up-to-date symlink: /home/autoware/aichallenge2023-integration-final-main/install/tier4_v2x_msgs/include/tier4_v2x_msgs/tier4_v2x_msgs/msg/detail/virtual_traffic_light_state_array__type_support.h
[5.380s] -- Up-to-date symlink: /home/autoware/aichallenge2023-integration-final-main/install/tier4_v2x_msgs/include/tier4_v2x_msgs/tier4_v2x_msgs/msg/infrastructure_command.h
[5.381s] -- Up-to-date symlink: /home/autoware/aichallenge2023-integration-final-main/install/tier4_v2x_msgs/include/tier4_v2x_msgs/tier4_v2x_msgs/msg/infrastructure_command_array.h
[5.381s] -- Up-to-date symlink: /home/autoware/aichallenge2023-integration-final-main/install/tier4_v2x_msgs/include/tier4_v2x_msgs/tier4_v2x_msgs/msg/key_value.h
[5.381s] -- Up-to-date symlink: /home/autoware/aichallenge2023-integration-final-main/install/tier4_v2x_msgs/include/tier4_v2x_msgs/tier4_v2x_msgs/msg/rosidl_generator_c__visibility_control.h
[5.381s] -- Up-to-date symlink: /home/autoware/aichallenge2023-integration-final-main/install/tier4_v2x_msgs/include/tier4_v2x_msgs/tier4_v2x_msgs/msg/virtual_traffic_light_state.h
[5.381s] -- Up-to-date symlink: /home/autoware/aichallenge2023-integration-final-main/install/tier4_v2x_msgs/include/tier4_v2x_msgs/tier4_v2x_msgs/msg/virtual_traffic_light_state_array.h
[5.381s] -- Up-to-date symlink: /home/autoware/aichallenge2023-integration-final-main/install/tier4_v2x_msgs/share/tier4_v2x_msgs/environment/library_path.sh
[5.381s] -- Up-to-date symlink: /home/autoware/aichallenge2023-integration-final-main/install/tier4_v2x_msgs/share/tier4_v2x_msgs/environment/library_path.dsv
[5.381s] -- Up-to-date symlink: /home/autoware/aichallenge2023-integration-final-main/install/tier4_v2x_msgs/include/tier4_v2x_msgs/tier4_v2x_msgs/msg/detail/infrastructure_command__rosidl_typesupport_fastrtps_c.h
[5.382s] -- Up-to-date symlink: /home/autoware/aichallenge2023-integration-final-main/install/tier4_v2x_msgs/include/tier4_v2x_msgs/tier4_v2x_msgs/msg/detail/infrastructure_command_array__rosidl_typesupport_fastrtps_c.h
[5.382s] -- Up-to-date symlink: /home/autoware/aichallenge2023-integration-final-main/install/tier4_v2x_msgs/include/tier4_v2x_msgs/tier4_v2x_msgs/msg/detail/key_value__rosidl_typesupport_fastrtps_c.h
[5.382s] -- Up-to-date symlink: /home/autoware/aichallenge2023-integration-final-main/install/tier4_v2x_msgs/include/tier4_v2x_msgs/tier4_v2x_msgs/msg/detail/virtual_traffic_light_state__rosidl_typesupport_fastrtps_c.h
[5.383s] -- Up-to-date symlink: /home/autoware/aichallenge2023-integration-final-main/install/tier4_v2x_msgs/include/tier4_v2x_msgs/tier4_v2x_msgs/msg/detail/virtual_traffic_light_state_array__rosidl_typesupport_fastrtps_c.h
[5.383s] -- Up-to-date symlink: /home/autoware/aichallenge2023-integration-final-main/install/tier4_v2x_msgs/include/tier4_v2x_msgs/tier4_v2x_msgs/msg/rosidl_typesupport_fastrtps_c__visibility_control.h
[5.384s] -- Up-to-date symlink: /home/autoware/aichallenge2023-integration-final-main/install/tier4_v2x_msgs/include/tier4_v2x_msgs/tier4_v2x_msgs/msg/detail/infrastructure_command__rosidl_typesupport_introspection_c.h
[5.384s] -- Up-to-date symlink: /home/autoware/aichallenge2023-integration-final-main/install/tier4_v2x_msgs/include/tier4_v2x_msgs/tier4_v2x_msgs/msg/detail/infrastructure_command_array__rosidl_typesupport_introspection_c.h
[5.384s] -- Up-to-date symlink: /home/autoware/aichallenge2023-integration-final-main/install/tier4_v2x_msgs/include/tier4_v2x_msgs/tier4_v2x_msgs/msg/detail/key_value__rosidl_typesupport_introspection_c.h
[5.385s] -- Up-to-date symlink: /home/autoware/aichallenge2023-integration-final-main/install/tier4_v2x_msgs/include/tier4_v2x_msgs/tier4_v2x_msgs/msg/detail/virtual_traffic_light_state__rosidl_typesupport_introspection_c.h
[5.385s] -- Up-to-date symlink: /home/autoware/aichallenge2023-integration-final-main/install/tier4_v2x_msgs/include/tier4_v2x_msgs/tier4_v2x_msgs/msg/detail/virtual_traffic_light_state_array__rosidl_typesupport_introspection_c.h
[5.385s] -- Up-to-date symlink: /home/autoware/aichallenge2023-integration-final-main/install/tier4_v2x_msgs/include/tier4_v2x_msgs/tier4_v2x_msgs/msg/rosidl_typesupport_introspection_c__visibility_control.h
[5.386s] -- Up-to-date symlink: /home/autoware/aichallenge2023-integration-final-main/install/tier4_v2x_msgs/include/tier4_v2x_msgs/tier4_v2x_msgs/msg/detail/infrastructure_command__builder.hpp
[5.386s] -- Up-to-date symlink: /home/autoware/aichallenge2023-integration-final-main/install/tier4_v2x_msgs/include/tier4_v2x_msgs/tier4_v2x_msgs/msg/detail/infrastructure_command__struct.hpp
[5.386s] -- Up-to-date symlink: /home/autoware/aichallenge2023-integration-final-main/install/tier4_v2x_msgs/include/tier4_v2x_msgs/tier4_v2x_msgs/msg/detail/infrastructure_command__traits.hpp
[5.386s] -- Up-to-date symlink: /home/autoware/aichallenge2023-integration-final-main/install/tier4_v2x_msgs/include/tier4_v2x_msgs/tier4_v2x_msgs/msg/detail/infrastructure_command_array__builder.hpp
[5.387s] -- Up-to-date symlink: /home/autoware/aichallenge2023-integration-final-main/install/tier4_v2x_msgs/include/tier4_v2x_msgs/tier4_v2x_msgs/msg/detail/infrastructure_command_array__struct.hpp
[5.387s] -- Up-to-date symlink: /home/autoware/aichallenge2023-integration-final-main/install/tier4_v2x_msgs/include/tier4_v2x_msgs/tier4_v2x_msgs/msg/detail/infrastructure_command_array__traits.hpp
[5.387s] -- Up-to-date symlink: /home/autoware/aichallenge2023-integration-final-main/install/tier4_v2x_msgs/include/tier4_v2x_msgs/tier4_v2x_msgs/msg/detail/key_value__builder.hpp
[5.387s] -- Up-to-date symlink: /home/autoware/aichallenge2023-integration-final-main/install/tier4_v2x_msgs/include/tier4_v2x_msgs/tier4_v2x_msgs/msg/detail/key_value__struct.hpp
[5.387s] -- Up-to-date symlink: /home/autoware/aichallenge2023-integration-final-main/install/tier4_v2x_msgs/include/tier4_v2x_msgs/tier4_v2x_msgs/msg/detail/key_value__traits.hpp
[5.387s] -- Up-to-date symlink: /home/autoware/aichallenge2023-integration-final-main/install/tier4_v2x_msgs/include/tier4_v2x_msgs/tier4_v2x_msgs/msg/detail/virtual_traffic_light_state__builder.hpp
[5.388s] -- Up-to-date symlink: /home/autoware/aichallenge2023-integration-final-main/install/tier4_v2x_msgs/include/tier4_v2x_msgs/tier4_v2x_msgs/msg/detail/virtual_traffic_light_state__struct.hpp
[5.388s] -- Up-to-date symlink: /home/autoware/aichallenge2023-integration-final-main/install/tier4_v2x_msgs/include/tier4_v2x_msgs/tier4_v2x_msgs/msg/detail/virtual_traffic_light_state__traits.hpp
[5.388s] -- Up-to-date symlink: /home/autoware/aichallenge2023-integration-final-main/install/tier4_v2x_msgs/include/tier4_v2x_msgs/tier4_v2x_msgs/msg/detail/virtual_traffic_light_state_array__builder.hpp
[5.388s] -- Up-to-date symlink: /home/autoware/aichallenge2023-integration-final-main/install/tier4_v2x_msgs/include/tier4_v2x_msgs/tier4_v2x_msgs/msg/detail/virtual_traffic_light_state_array__struct.hpp
[5.389s] -- Up-to-date symlink: /home/autoware/aichallenge2023-integration-final-main/install/tier4_v2x_msgs/include/tier4_v2x_msgs/tier4_v2x_msgs/msg/detail/virtual_traffic_light_state_array__traits.hpp
[5.389s] -- Up-to-date symlink: /home/autoware/aichallenge2023-integration-final-main/install/tier4_v2x_msgs/include/tier4_v2x_msgs/tier4_v2x_msgs/msg/infrastructure_command.hpp
[5.389s] -- Up-to-date symlink: /home/autoware/aichallenge2023-integration-final-main/install/tier4_v2x_msgs/include/tier4_v2x_msgs/tier4_v2x_msgs/msg/infrastructure_command_array.hpp
[5.389s] -- Up-to-date symlink: /home/autoware/aichallenge2023-integration-final-main/install/tier4_v2x_msgs/include/tier4_v2x_msgs/tier4_v2x_msgs/msg/key_value.hpp
[5.389s] -- Up-to-date symlink: /home/autoware/aichallenge2023-integration-final-main/install/tier4_v2x_msgs/include/tier4_v2x_msgs/tier4_v2x_msgs/msg/virtual_traffic_light_state.hpp
[5.390s] -- Up-to-date symlink: /home/autoware/aichallenge2023-integration-final-main/install/tier4_v2x_msgs/include/tier4_v2x_msgs/tier4_v2x_msgs/msg/virtual_traffic_light_state_array.hpp
[5.391s] -- Up-to-date symlink: /home/autoware/aichallenge2023-integration-final-main/install/tier4_v2x_msgs/include/tier4_v2x_msgs/tier4_v2x_msgs/msg/detail/infrastructure_command__rosidl_typesupport_fastrtps_cpp.hpp
[5.391s] -- Up-to-date symlink: /home/autoware/aichallenge2023-integration-final-main/install/tier4_v2x_msgs/include/tier4_v2x_msgs/tier4_v2x_msgs/msg/detail/infrastructure_command_array__rosidl_typesupport_fastrtps_cpp.hpp
[5.391s] -- Up-to-date symlink: /home/autoware/aichallenge2023-integration-final-main/install/tier4_v2x_msgs/include/tier4_v2x_msgs/tier4_v2x_msgs/msg/detail/key_value__rosidl_typesupport_fastrtps_cpp.hpp
[5.391s] -- Up-to-date symlink: /home/autoware/aichallenge2023-integration-final-main/install/tier4_v2x_msgs/include/tier4_v2x_msgs/tier4_v2x_msgs/msg/detail/virtual_traffic_light_state__rosidl_typesupport_fastrtps_cpp.hpp
[5.391s] -- Up-to-date symlink: /home/autoware/aichallenge2023-integration-final-main/install/tier4_v2x_msgs/include/tier4_v2x_msgs/tier4_v2x_msgs/msg/detail/virtual_traffic_light_state_array__rosidl_typesupport_fastrtps_cpp.hpp
[5.392s] -- Up-to-date symlink: /home/autoware/aichallenge2023-integration-final-main/install/tier4_v2x_msgs/include/tier4_v2x_msgs/tier4_v2x_msgs/msg/rosidl_typesupport_fastrtps_cpp__visibility_control.h
[5.392s] -- Up-to-date symlink: /home/autoware/aichallenge2023-integration-final-main/install/tier4_v2x_msgs/include/tier4_v2x_msgs/tier4_v2x_msgs/msg/detail/infrastructure_command__rosidl_typesupport_introspection_cpp.hpp
[5.392s] -- Up-to-date symlink: /home/autoware/aichallenge2023-integration-final-main/install/tier4_v2x_msgs/include/tier4_v2x_msgs/tier4_v2x_msgs/msg/detail/infrastructure_command_array__rosidl_typesupport_introspection_cpp.hpp
[5.393s] -- Up-to-date symlink: /home/autoware/aichallenge2023-integration-final-main/install/tier4_v2x_msgs/include/tier4_v2x_msgs/tier4_v2x_msgs/msg/detail/key_value__rosidl_typesupport_introspection_cpp.hpp
[5.393s] -- Up-to-date symlink: /home/autoware/aichallenge2023-integration-final-main/install/tier4_v2x_msgs/include/tier4_v2x_msgs/tier4_v2x_msgs/msg/detail/virtual_traffic_light_state__rosidl_typesupport_introspection_cpp.hpp
[5.393s] -- Up-to-date symlink: /home/autoware/aichallenge2023-integration-final-main/install/tier4_v2x_msgs/include/tier4_v2x_msgs/tier4_v2x_msgs/msg/detail/virtual_traffic_light_state_array__rosidl_typesupport_introspection_cpp.hpp
[5.393s] -- Up-to-date symlink: /home/autoware/aichallenge2023-integration-final-main/install/tier4_v2x_msgs/share/tier4_v2x_msgs/environment/pythonpath.sh
[5.394s] -- Up-to-date symlink: /home/autoware/aichallenge2023-integration-final-main/install/tier4_v2x_msgs/share/tier4_v2x_msgs/environment/pythonpath.dsv
[5.394s] -- Up-to-date symlink: /home/autoware/aichallenge2023-integration-final-main/install/tier4_v2x_msgs/local/lib/python3.10/dist-packages/tier4_v2x_msgs-0.1.0-py3.10.egg-info/PKG-INFO
[5.394s] -- Up-to-date symlink: /home/autoware/aichallenge2023-integration-final-main/install/tier4_v2x_msgs/local/lib/python3.10/dist-packages/tier4_v2x_msgs-0.1.0-py3.10.egg-info/SOURCES.txt
[5.395s] -- Up-to-date symlink: /home/autoware/aichallenge2023-integration-final-main/install/tier4_v2x_msgs/local/lib/python3.10/dist-packages/tier4_v2x_msgs-0.1.0-py3.10.egg-info/dependency_links.txt
[5.395s] -- Up-to-date symlink: /home/autoware/aichallenge2023-integration-final-main/install/tier4_v2x_msgs/local/lib/python3.10/dist-packages/tier4_v2x_msgs-0.1.0-py3.10.egg-info/top_level.txt
[5.396s] -- Up-to-date symlink: /home/autoware/aichallenge2023-integration-final-main/install/tier4_v2x_msgs/local/lib/python3.10/dist-packages/tier4_v2x_msgs/__init__.py
[5.396s] -- Up-to-date symlink: /home/autoware/aichallenge2023-integration-final-main/install/tier4_v2x_msgs/local/lib/python3.10/dist-packages/tier4_v2x_msgs/_tier4_v2x_msgs_s.ep.rosidl_typesupport_c.c
[5.396s] -- Up-to-date symlink: /home/autoware/aichallenge2023-integration-final-main/install/tier4_v2x_msgs/local/lib/python3.10/dist-packages/tier4_v2x_msgs/_tier4_v2x_msgs_s.ep.rosidl_typesupport_fastrtps_c.c
[5.397s] -- Up-to-date symlink: /home/autoware/aichallenge2023-integration-final-main/install/tier4_v2x_msgs/local/lib/python3.10/dist-packages/tier4_v2x_msgs/_tier4_v2x_msgs_s.ep.rosidl_typesupport_introspection_c.c
[5.397s] -- Up-to-date symlink: /home/autoware/aichallenge2023-integration-final-main/install/tier4_v2x_msgs/local/lib/python3.10/dist-packages/tier4_v2x_msgs/libtier4_v2x_msgs__rosidl_generator_py.so
[5.397s] -- Up-to-date symlink: /home/autoware/aichallenge2023-integration-final-main/install/tier4_v2x_msgs/local/lib/python3.10/dist-packages/tier4_v2x_msgs/msg/__init__.py
[5.397s] -- Up-to-date symlink: /home/autoware/aichallenge2023-integration-final-main/install/tier4_v2x_msgs/local/lib/python3.10/dist-packages/tier4_v2x_msgs/msg/_infrastructure_command.py
[5.397s] -- Up-to-date symlink: /home/autoware/aichallenge2023-integration-final-main/install/tier4_v2x_msgs/local/lib/python3.10/dist-packages/tier4_v2x_msgs/msg/_infrastructure_command_array.py
[5.398s] -- Up-to-date symlink: /home/autoware/aichallenge2023-integration-final-main/install/tier4_v2x_msgs/local/lib/python3.10/dist-packages/tier4_v2x_msgs/msg/_infrastructure_command_array_s.c
[5.398s] -- Up-to-date symlink: /home/autoware/aichallenge2023-integration-final-main/install/tier4_v2x_msgs/local/lib/python3.10/dist-packages/tier4_v2x_msgs/msg/_infrastructure_command_s.c
[5.398s] -- Up-to-date symlink: /home/autoware/aichallenge2023-integration-final-main/install/tier4_v2x_msgs/local/lib/python3.10/dist-packages/tier4_v2x_msgs/msg/_key_value.py
[5.398s] -- Up-to-date symlink: /home/autoware/aichallenge2023-integration-final-main/install/tier4_v2x_msgs/local/lib/python3.10/dist-packages/tier4_v2x_msgs/msg/_key_value_s.c
[5.398s] -- Up-to-date symlink: /home/autoware/aichallenge2023-integration-final-main/install/tier4_v2x_msgs/local/lib/python3.10/dist-packages/tier4_v2x_msgs/msg/_virtual_traffic_light_state.py
[5.399s] -- Up-to-date symlink: /home/autoware/aichallenge2023-integration-final-main/install/tier4_v2x_msgs/local/lib/python3.10/dist-packages/tier4_v2x_msgs/msg/_virtual_traffic_light_state_array.py
[5.399s] -- Up-to-date symlink: /home/autoware/aichallenge2023-integration-final-main/install/tier4_v2x_msgs/local/lib/python3.10/dist-packages/tier4_v2x_msgs/msg/_virtual_traffic_light_state_array_s.c
[5.399s] -- Up-to-date symlink: /home/autoware/aichallenge2023-integration-final-main/install/tier4_v2x_msgs/local/lib/python3.10/dist-packages/tier4_v2x_msgs/msg/_virtual_traffic_light_state_s.c
[5.399s] -- Up-to-date symlink: /home/autoware/aichallenge2023-integration-final-main/install/tier4_v2x_msgs/local/lib/python3.10/dist-packages/tier4_v2x_msgs/tier4_v2x_msgs_s__rosidl_typesupport_c.cpython-310-x86_64-linux-gnu.so
[5.399s] -- Up-to-date symlink: /home/autoware/aichallenge2023-integration-final-main/install/tier4_v2x_msgs/local/lib/python3.10/dist-packages/tier4_v2x_msgs/tier4_v2x_msgs_s__rosidl_typesupport_fastrtps_c.cpython-310-x86_64-linux-gnu.so
[5.400s] -- Up-to-date symlink: /home/autoware/aichallenge2023-integration-final-main/install/tier4_v2x_msgs/local/lib/python3.10/dist-packages/tier4_v2x_msgs/tier4_v2x_msgs_s__rosidl_typesupport_introspection_c.cpython-310-x86_64-linux-gnu.so
[5.400s] -- Up-to-date symlink: /home/autoware/aichallenge2023-integration-final-main/install/tier4_v2x_msgs/local/lib/python3.10/dist-packages/tier4_v2x_msgs/tier4_v2x_msgs_s__rosidl_typesupport_fastrtps_c.cpython-310-x86_64-linux-gnu.so
[5.401s] -- Up-to-date symlink: /home/autoware/aichallenge2023-integration-final-main/install/tier4_v2x_msgs/local/lib/python3.10/dist-packages/tier4_v2x_msgs/tier4_v2x_msgs_s__rosidl_typesupport_introspection_c.cpython-310-x86_64-linux-gnu.so
[5.401s] -- Up-to-date symlink: /home/autoware/aichallenge2023-integration-final-main/install/tier4_v2x_msgs/local/lib/python3.10/dist-packages/tier4_v2x_msgs/tier4_v2x_msgs_s__rosidl_typesupport_c.cpython-310-x86_64-linux-gnu.so
[5.401s] -- Up-to-date symlink: /home/autoware/aichallenge2023-integration-final-main/install/tier4_v2x_msgs/share/tier4_v2x_msgs/msg/InfrastructureCommand.idl
[5.402s] -- Up-to-date symlink: /home/autoware/aichallenge2023-integration-final-main/install/tier4_v2x_msgs/share/tier4_v2x_msgs/msg/InfrastructureCommandArray.idl
[5.402s] -- Up-to-date symlink: /home/autoware/aichallenge2023-integration-final-main/install/tier4_v2x_msgs/share/tier4_v2x_msgs/msg/KeyValue.idl
[5.402s] -- Up-to-date symlink: /home/autoware/aichallenge2023-integration-final-main/install/tier4_v2x_msgs/share/tier4_v2x_msgs/msg/VirtualTrafficLightState.idl
[5.403s] -- Up-to-date symlink: /home/autoware/aichallenge2023-integration-final-main/install/tier4_v2x_msgs/share/tier4_v2x_msgs/msg/VirtualTrafficLightStateArray.idl
[5.403s] -- Up-to-date symlink: /home/autoware/aichallenge2023-integration-final-main/install/tier4_v2x_msgs/share/tier4_v2x_msgs/msg/InfrastructureCommand.msg
[5.403s] -- Up-to-date symlink: /home/autoware/aichallenge2023-integration-final-main/install/tier4_v2x_msgs/share/tier4_v2x_msgs/msg/InfrastructureCommandArray.msg
[5.403s] -- Up-to-date symlink: /home/autoware/aichallenge2023-integration-final-main/install/tier4_v2x_msgs/share/tier4_v2x_msgs/msg/KeyValue.msg
[5.404s] -- Up-to-date symlink: /home/autoware/aichallenge2023-integration-final-main/install/tier4_v2x_msgs/share/tier4_v2x_msgs/msg/VirtualTrafficLightState.msg
[5.404s] -- Up-to-date symlink: /home/autoware/aichallenge2023-integration-final-main/install/tier4_v2x_msgs/share/tier4_v2x_msgs/msg/VirtualTrafficLightStateArray.msg
[5.405s] -- Up-to-date symlink: /home/autoware/aichallenge2023-integration-final-main/install/tier4_v2x_msgs/share/ament_index/resource_index/package_run_dependencies/tier4_v2x_msgs
[5.405s] -- Up-to-date symlink: /home/autoware/aichallenge2023-integration-final-main/install/tier4_v2x_msgs/share/ament_index/resource_index/parent_prefix_path/tier4_v2x_msgs
[5.405s] -- Up-to-date symlink: /home/autoware/aichallenge2023-integration-final-main/install/tier4_v2x_msgs/share/tier4_v2x_msgs/environment/ament_prefix_path.sh
[5.405s] -- Up-to-date symlink: /home/autoware/aichallenge2023-integration-final-main/install/tier4_v2x_msgs/share/tier4_v2x_msgs/environment/ament_prefix_path.dsv
[5.406s] -- Up-to-date symlink: /home/autoware/aichallenge2023-integration-final-main/install/tier4_v2x_msgs/share/tier4_v2x_msgs/environment/path.sh
[5.406s] -- Up-to-date symlink: /home/autoware/aichallenge2023-integration-final-main/install/tier4_v2x_msgs/share/tier4_v2x_msgs/environment/path.dsv
[5.408s] -- Up-to-date symlink: /home/autoware/aichallenge2023-integration-final-main/install/tier4_v2x_msgs/share/tier4_v2x_msgs/local_setup.bash
[5.408s] -- Up-to-date symlink: /home/autoware/aichallenge2023-integration-final-main/install/tier4_v2x_msgs/share/tier4_v2x_msgs/local_setup.sh
[5.408s] -- Up-to-date symlink: /home/autoware/aichallenge2023-integration-final-main/install/tier4_v2x_msgs/share/tier4_v2x_msgs/local_setup.zsh
[5.409s] -- Up-to-date symlink: /home/autoware/aichallenge2023-integration-final-main/install/tier4_v2x_msgs/share/tier4_v2x_msgs/local_setup.dsv
[5.409s] -- Symlinking: /home/autoware/aichallenge2023-integration-final-main/install/tier4_v2x_msgs/share/tier4_v2x_msgs/package.dsv
[5.464s] -- Up-to-date symlink: /home/autoware/aichallenge2023-integration-final-main/install/tier4_v2x_msgs/share/ament_index/resource_index/packages/tier4_v2x_msgs
[5.465s] -- Up-to-date symlink: /home/autoware/aichallenge2023-integration-final-main/install/tier4_v2x_msgs/share/tier4_v2x_msgs/cmake/rosidl_cmake-extras.cmake
[5.474s] -- Up-to-date symlink: /home/autoware/aichallenge2023-integration-final-main/install/tier4_v2x_msgs/share/tier4_v2x_msgs/cmake/ament_cmake_export_dependencies-extras.cmake
[5.475s] -- Up-to-date symlink: /home/autoware/aichallenge2023-integration-final-main/install/tier4_v2x_msgs/share/tier4_v2x_msgs/cmake/ament_cmake_export_include_directories-extras.cmake
[5.475s] -- Up-to-date symlink: /home/autoware/aichallenge2023-integration-final-main/install/tier4_v2x_msgs/share/tier4_v2x_msgs/cmake/ament_cmake_export_libraries-extras.cmake
[5.475s] -- Up-to-date symlink: /home/autoware/aichallenge2023-integration-final-main/install/tier4_v2x_msgs/share/tier4_v2x_msgs/cmake/ament_cmake_export_targets-extras.cmake
[5.475s] -- Up-to-date symlink: /home/autoware/aichallenge2023-integration-final-main/install/tier4_v2x_msgs/share/tier4_v2x_msgs/cmake/rosidl_cmake_export_typesupport_targets-extras.cmake
[5.475s] -- Up-to-date symlink: /home/autoware/aichallenge2023-integration-final-main/install/tier4_v2x_msgs/share/tier4_v2x_msgs/cmake/rosidl_cmake_export_typesupport_libraries-extras.cmake
[5.475s] -- Up-to-date symlink: /home/autoware/aichallenge2023-integration-final-main/install/tier4_v2x_msgs/share/tier4_v2x_msgs/cmake/tier4_v2x_msgsConfig.cmake
[5.475s] -- Up-to-date symlink: /home/autoware/aichallenge2023-integration-final-main/install/tier4_v2x_msgs/share/tier4_v2x_msgs/cmake/tier4_v2x_msgsConfig-version.cmake
[5.475s] -- Up-to-date symlink: /home/autoware/aichallenge2023-integration-final-main/install/tier4_v2x_msgs/share/tier4_v2x_msgs/package.xml
[5.475s] -- Up-to-date: /home/autoware/aichallenge2023-integration-final-main/install/tier4_v2x_msgs/lib/libtier4_v2x_msgs__rosidl_generator_c.so
[5.476s] -- Up-to-date: /home/autoware/aichallenge2023-integration-final-main/install/tier4_v2x_msgs/lib/libtier4_v2x_msgs__rosidl_typesupport_fastrtps_c.so
[5.476s] -- Up-to-date: /home/autoware/aichallenge2023-integration-final-main/install/tier4_v2x_msgs/lib/libtier4_v2x_msgs__rosidl_typesupport_introspection_c.so
[5.476s] -- Up-to-date: /home/autoware/aichallenge2023-integration-final-main/install/tier4_v2x_msgs/lib/libtier4_v2x_msgs__rosidl_typesupport_c.so
[5.476s] -- Up-to-date: /home/autoware/aichallenge2023-integration-final-main/install/tier4_v2x_msgs/lib/libtier4_v2x_msgs__rosidl_typesupport_fastrtps_cpp.so
[5.476s] -- Up-to-date: /home/autoware/aichallenge2023-integration-final-main/install/tier4_v2x_msgs/lib/libtier4_v2x_msgs__rosidl_typesupport_introspection_cpp.so
[5.476s] -- Up-to-date: /home/autoware/aichallenge2023-integration-final-main/install/tier4_v2x_msgs/lib/libtier4_v2x_msgs__rosidl_typesupport_cpp.so
[5.605s] Listing '/home/autoware/aichallenge2023-integration-final-main/install/tier4_v2x_msgs/local/lib/python3.10/dist-packages/tier4_v2x_msgs'...
[5.606s] Listing '/home/autoware/aichallenge2023-integration-final-main/install/tier4_v2x_msgs/local/lib/python3.10/dist-packages/tier4_v2x_msgs/msg'...
[5.613s] -- Up-to-date: /home/autoware/aichallenge2023-integration-final-main/install/tier4_v2x_msgs/lib/libtier4_v2x_msgs__rosidl_generator_py.so
[5.614s] -- Up-to-date: /home/autoware/aichallenge2023-integration-final-main/install/tier4_v2x_msgs/share/tier4_v2x_msgs/cmake/export_tier4_v2x_msgs__rosidl_generator_cExport.cmake
[5.614s] -- Up-to-date: /home/autoware/aichallenge2023-integration-final-main/install/tier4_v2x_msgs/share/tier4_v2x_msgs/cmake/export_tier4_v2x_msgs__rosidl_generator_cExport-release.cmake
[5.614s] -- Up-to-date: /home/autoware/aichallenge2023-integration-final-main/install/tier4_v2x_msgs/share/tier4_v2x_msgs/cmake/export_tier4_v2x_msgs__rosidl_typesupport_fastrtps_cExport.cmake
[5.615s] -- Up-to-date: /home/autoware/aichallenge2023-integration-final-main/install/tier4_v2x_msgs/share/tier4_v2x_msgs/cmake/export_tier4_v2x_msgs__rosidl_typesupport_fastrtps_cExport-release.cmake
[5.615s] -- Up-to-date: /home/autoware/aichallenge2023-integration-final-main/install/tier4_v2x_msgs/share/tier4_v2x_msgs/cmake/tier4_v2x_msgs__rosidl_typesupport_introspection_cExport.cmake
[5.615s] -- Up-to-date: /home/autoware/aichallenge2023-integration-final-main/install/tier4_v2x_msgs/share/tier4_v2x_msgs/cmake/tier4_v2x_msgs__rosidl_typesupport_introspection_cExport-release.cmake
[5.615s] -- Up-to-date: /home/autoware/aichallenge2023-integration-final-main/install/tier4_v2x_msgs/share/tier4_v2x_msgs/cmake/tier4_v2x_msgs__rosidl_typesupport_cExport.cmake
[5.615s] -- Up-to-date: /home/autoware/aichallenge2023-integration-final-main/install/tier4_v2x_msgs/share/tier4_v2x_msgs/cmake/tier4_v2x_msgs__rosidl_typesupport_cExport-release.cmake
[5.621s] -- Up-to-date: /home/autoware/aichallenge2023-integration-final-main/install/tier4_v2x_msgs/share/tier4_v2x_msgs/cmake/export_tier4_v2x_msgs__rosidl_generator_cppExport.cmake
[5.621s] -- Up-to-date: /home/autoware/aichallenge2023-integration-final-main/install/tier4_v2x_msgs/share/tier4_v2x_msgs/cmake/export_tier4_v2x_msgs__rosidl_typesupport_fastrtps_cppExport.cmake
[5.622s] -- Up-to-date: /home/autoware/aichallenge2023-integration-final-main/install/tier4_v2x_msgs/share/tier4_v2x_msgs/cmake/export_tier4_v2x_msgs__rosidl_typesupport_fastrtps_cppExport-release.cmake
[5.622s] -- Up-to-date: /home/autoware/aichallenge2023-integration-final-main/install/tier4_v2x_msgs/share/tier4_v2x_msgs/cmake/tier4_v2x_msgs__rosidl_typesupport_introspection_cppExport.cmake
[5.622s] -- Up-to-date: /home/autoware/aichallenge2023-integration-final-main/install/tier4_v2x_msgs/share/tier4_v2x_msgs/cmake/tier4_v2x_msgs__rosidl_typesupport_introspection_cppExport-release.cmake
[5.623s] -- Up-to-date: /home/autoware/aichallenge2023-integration-final-main/install/tier4_v2x_msgs/share/tier4_v2x_msgs/cmake/tier4_v2x_msgs__rosidl_typesupport_cppExport.cmake
[5.623s] -- Up-to-date: /home/autoware/aichallenge2023-integration-final-main/install/tier4_v2x_msgs/share/tier4_v2x_msgs/cmake/tier4_v2x_msgs__rosidl_typesupport_cppExport-release.cmake
[5.623s] -- Up-to-date: /home/autoware/aichallenge2023-integration-final-main/install/tier4_v2x_msgs/share/tier4_v2x_msgs/cmake/export_tier4_v2x_msgs__rosidl_generator_pyExport.cmake
[5.623s] -- Up-to-date: /home/autoware/aichallenge2023-integration-final-main/install/tier4_v2x_msgs/share/tier4_v2x_msgs/cmake/export_tier4_v2x_msgs__rosidl_generator_pyExport-release.cmake
[5.664s] Invoked command in '/home/autoware/aichallenge2023-integration-final-main/build/tier4_v2x_msgs' returned '0': CMAKE_PREFIX_PATH=${CMAKE_PREFIX_PATH}:/home/autoware/autoware/install/simulator_compatibility_test:/home/autoware/autoware/install/ad_api_visualizers:/opt/ros/humble /usr/bin/cmake --install /home/autoware/aichallenge2023-integration-final-main/build/tier4_v2x_msgs
