[0.157s] Invoking command in '/home/autoware/aichallenge2023-integration-final-main/build/tier4_localization_msgs': CMAKE_PREFIX_PATH=${CMAKE_PREFIX_PATH}:/home/autoware/aichallenge2023-integration-final-main/install/simulator_compatibility_test:/home/autoware/aichallenge2023-integration-final-main/install/ad_api_visualizers:/home/autoware/autoware/install/simulator_compatibility_test:/home/autoware/autoware/install/ad_api_visualizers:/opt/ros/humble /usr/bin/cmake --build /home/autoware/aichallenge2023-integration-final-main/build/tier4_localization_msgs -- -j16 -l16
[3.614s] [  3%] Built target tier4_localization_msgs__cpp
[3.615s] [ 12%] Built target tier4_localization_msgs__rosidl_generator_c
[3.615s] [ 12%] Built target ament_cmake_python_symlink_tier4_localization_msgs
[3.620s] [ 22%] Built target tier4_localization_msgs__rosidl_typesupport_cpp
[3.620s] [ 32%] Built target tier4_localization_msgs__rosidl_typesupport_fastrtps_c
[3.620s] [ 41%] Built target tier4_localization_msgs__rosidl_typesupport_introspection_c
[3.620s] [ 51%] Built target tier4_localization_msgs__rosidl_typesupport_fastrtps_cpp
[3.620s] [ 61%] Built target tier4_localization_msgs__rosidl_typesupport_c
[3.620s] [ 70%] Built target tier4_localization_msgs__rosidl_typesupport_introspection_cpp
[3.620s] [ 70%] Built target tier4_localization_msgs
[3.620s] running egg_info
[3.621s] writing tier4_localization_msgs.egg-info/PKG-INFO
[3.621s] writing dependency_links to tier4_localization_msgs.egg-info/dependency_links.txt
[3.621s] writing top-level names to tier4_localization_msgs.egg-info/top_level.txt
[3.621s] reading manifest file 'tier4_localization_msgs.egg-info/SOURCES.txt'
[3.621s] writing manifest file 'tier4_localization_msgs.egg-info/SOURCES.txt'
[3.621s] [ 74%] Built target tier4_localization_msgs__py
[3.621s] [ 74%] Built target ament_cmake_python_build_tier4_localization_msgs_egg
[3.621s] [ 80%] Built target tier4_localization_msgs__rosidl_generator_py
[3.636s] [ 87%] Built target tier4_localization_msgs__rosidl_typesupport_fastrtps_c__pyext
[3.709s] [ 93%] Built target tier4_localization_msgs__rosidl_typesupport_c__pyext
[3.733s] [100%] Built target tier4_localization_msgs__rosidl_typesupport_introspection_c__pyext
[3.797s] Invoked command in '/home/autoware/aichallenge2023-integration-final-main/build/tier4_localization_msgs' returned '0': CMAKE_PREFIX_PATH=${CMAKE_PREFIX_PATH}:/home/autoware/aichallenge2023-integration-final-main/install/simulator_compatibility_test:/home/autoware/aichallenge2023-integration-final-main/install/ad_api_visualizers:/home/autoware/autoware/install/simulator_compatibility_test:/home/autoware/autoware/install/ad_api_visualizers:/opt/ros/humble /usr/bin/cmake --build /home/autoware/aichallenge2023-integration-final-main/build/tier4_localization_msgs -- -j16 -l16
[5.110s] Invoking command in '/home/autoware/aichallenge2023-integration-final-main/build/tier4_localization_msgs': CMAKE_PREFIX_PATH=${CMAKE_PREFIX_PATH}:/home/autoware/aichallenge2023-integration-final-main/install/simulator_compatibility_test:/home/autoware/aichallenge2023-integration-final-main/install/ad_api_visualizers:/home/autoware/autoware/install/simulator_compatibility_test:/home/autoware/autoware/install/ad_api_visualizers:/opt/ros/humble /usr/bin/cmake --install /home/autoware/aichallenge2023-integration-final-main/build/tier4_localization_msgs
[5.164s] -- Install configuration: "Release"
[5.165s] -- Execute custom install script
[5.165s] -- Up-to-date symlink: /home/autoware/aichallenge2023-integration-final-main/install/tier4_localization_msgs/share/ament_index/resource_index/rosidl_interfaces/tier4_localization_msgs
[5.168s] -- Up-to-date symlink: /home/autoware/aichallenge2023-integration-final-main/install/tier4_localization_msgs/include/tier4_localization_msgs/tier4_localization_msgs/msg/rosidl_generator_c__visibility_control.h
[5.168s] -- Up-to-date symlink: /home/autoware/aichallenge2023-integration-final-main/install/tier4_localization_msgs/include/tier4_localization_msgs/tier4_localization_msgs/srv/detail/pose_with_covariance_stamped__functions.h
[5.169s] -- Up-to-date symlink: /home/autoware/aichallenge2023-integration-final-main/install/tier4_localization_msgs/include/tier4_localization_msgs/tier4_localization_msgs/srv/detail/pose_with_covariance_stamped__struct.h
[5.170s] -- Up-to-date symlink: /home/autoware/aichallenge2023-integration-final-main/install/tier4_localization_msgs/include/tier4_localization_msgs/tier4_localization_msgs/srv/detail/pose_with_covariance_stamped__type_support.h
[5.170s] -- Up-to-date symlink: /home/autoware/aichallenge2023-integration-final-main/install/tier4_localization_msgs/include/tier4_localization_msgs/tier4_localization_msgs/srv/pose_with_covariance_stamped.h
[5.171s] -- Up-to-date symlink: /home/autoware/aichallenge2023-integration-final-main/install/tier4_localization_msgs/share/tier4_localization_msgs/environment/library_path.sh
[5.172s] -- Up-to-date symlink: /home/autoware/aichallenge2023-integration-final-main/install/tier4_localization_msgs/share/tier4_localization_msgs/environment/library_path.dsv
[5.173s] -- Up-to-date symlink: /home/autoware/aichallenge2023-integration-final-main/install/tier4_localization_msgs/include/tier4_localization_msgs/tier4_localization_msgs/msg/rosidl_typesupport_fastrtps_c__visibility_control.h
[5.173s] -- Up-to-date symlink: /home/autoware/aichallenge2023-integration-final-main/install/tier4_localization_msgs/include/tier4_localization_msgs/tier4_localization_msgs/srv/detail/pose_with_covariance_stamped__rosidl_typesupport_fastrtps_c.h
[5.174s] -- Up-to-date symlink: /home/autoware/aichallenge2023-integration-final-main/install/tier4_localization_msgs/include/tier4_localization_msgs/tier4_localization_msgs/msg/rosidl_typesupport_introspection_c__visibility_control.h
[5.175s] -- Up-to-date symlink: /home/autoware/aichallenge2023-integration-final-main/install/tier4_localization_msgs/include/tier4_localization_msgs/tier4_localization_msgs/srv/detail/pose_with_covariance_stamped__rosidl_typesupport_introspection_c.h
[5.176s] -- Up-to-date symlink: /home/autoware/aichallenge2023-integration-final-main/install/tier4_localization_msgs/include/tier4_localization_msgs/tier4_localization_msgs/srv/detail/pose_with_covariance_stamped__builder.hpp
[5.176s] -- Up-to-date symlink: /home/autoware/aichallenge2023-integration-final-main/install/tier4_localization_msgs/include/tier4_localization_msgs/tier4_localization_msgs/srv/detail/pose_with_covariance_stamped__struct.hpp
[5.177s] -- Up-to-date symlink: /home/autoware/aichallenge2023-integration-final-main/install/tier4_localization_msgs/include/tier4_localization_msgs/tier4_localization_msgs/srv/detail/pose_with_covariance_stamped__traits.hpp
[5.178s] -- Up-to-date symlink: /home/autoware/aichallenge2023-integration-final-main/install/tier4_localization_msgs/include/tier4_localization_msgs/tier4_localization_msgs/srv/pose_with_covariance_stamped.hpp
[5.179s] -- Up-to-date symlink: /home/autoware/aichallenge2023-integration-final-main/install/tier4_localization_msgs/include/tier4_localization_msgs/tier4_localization_msgs/msg/rosidl_typesupport_fastrtps_cpp__visibility_control.h
[5.179s] -- Up-to-date symlink: /home/autoware/aichallenge2023-integration-final-main/install/tier4_localization_msgs/include/tier4_localization_msgs/tier4_localization_msgs/srv/detail/pose_with_covariance_stamped__rosidl_typesupport_fastrtps_cpp.hpp
[5.180s] -- Up-to-date symlink: /home/autoware/aichallenge2023-integration-final-main/install/tier4_localization_msgs/include/tier4_localization_msgs/tier4_localization_msgs/srv/detail/pose_with_covariance_stamped__rosidl_typesupport_introspection_cpp.hpp
[5.181s] -- Up-to-date symlink: /home/autoware/aichallenge2023-integration-final-main/install/tier4_localization_msgs/share/tier4_localization_msgs/environment/pythonpath.sh
[5.182s] -- Up-to-date symlink: /home/autoware/aichallenge2023-integration-final-main/install/tier4_localization_msgs/share/tier4_localization_msgs/environment/pythonpath.dsv
[5.186s] -- Up-to-date symlink: /home/autoware/aichallenge2023-integration-final-main/install/tier4_localization_msgs/local/lib/python3.10/dist-packages/tier4_localization_msgs-0.1.0-py3.10.egg-info/PKG-INFO
[5.186s] -- Up-to-date symlink: /home/autoware/aichallenge2023-integration-final-main/install/tier4_localization_msgs/local/lib/python3.10/dist-packages/tier4_localization_msgs-0.1.0-py3.10.egg-info/SOURCES.txt
[5.186s] -- Up-to-date symlink: /home/autoware/aichallenge2023-integration-final-main/install/tier4_localization_msgs/local/lib/python3.10/dist-packages/tier4_localization_msgs-0.1.0-py3.10.egg-info/dependency_links.txt
[5.186s] -- Up-to-date symlink: /home/autoware/aichallenge2023-integration-final-main/install/tier4_localization_msgs/local/lib/python3.10/dist-packages/tier4_localization_msgs-0.1.0-py3.10.egg-info/top_level.txt
[5.190s] -- Up-to-date symlink: /home/autoware/aichallenge2023-integration-final-main/install/tier4_localization_msgs/local/lib/python3.10/dist-packages/tier4_localization_msgs/__init__.py
[5.191s] -- Up-to-date symlink: /home/autoware/aichallenge2023-integration-final-main/install/tier4_localization_msgs/local/lib/python3.10/dist-packages/tier4_localization_msgs/_tier4_localization_msgs_s.ep.rosidl_typesupport_c.c
[5.192s] -- Up-to-date symlink: /home/autoware/aichallenge2023-integration-final-main/install/tier4_localization_msgs/local/lib/python3.10/dist-packages/tier4_localization_msgs/_tier4_localization_msgs_s.ep.rosidl_typesupport_fastrtps_c.c
[5.207s] -- Up-to-date symlink: /home/autoware/aichallenge2023-integration-final-main/install/tier4_localization_msgs/local/lib/python3.10/dist-packages/tier4_localization_msgs/_tier4_localization_msgs_s.ep.rosidl_typesupport_introspection_c.c
[5.207s] -- Up-to-date symlink: /home/autoware/aichallenge2023-integration-final-main/install/tier4_localization_msgs/local/lib/python3.10/dist-packages/tier4_localization_msgs/libtier4_localization_msgs__rosidl_generator_py.so
[5.207s] -- Up-to-date symlink: /home/autoware/aichallenge2023-integration-final-main/install/tier4_localization_msgs/local/lib/python3.10/dist-packages/tier4_localization_msgs/srv/__init__.py
[5.207s] -- Up-to-date symlink: /home/autoware/aichallenge2023-integration-final-main/install/tier4_localization_msgs/local/lib/python3.10/dist-packages/tier4_localization_msgs/srv/_pose_with_covariance_stamped.py
[5.208s] -- Up-to-date symlink: /home/autoware/aichallenge2023-integration-final-main/install/tier4_localization_msgs/local/lib/python3.10/dist-packages/tier4_localization_msgs/srv/_pose_with_covariance_stamped_s.c
[5.208s] -- Up-to-date symlink: /home/autoware/aichallenge2023-integration-final-main/install/tier4_localization_msgs/local/lib/python3.10/dist-packages/tier4_localization_msgs/tier4_localization_msgs_s__rosidl_typesupport_c.cpython-310-x86_64-linux-gnu.so
[5.208s] -- Up-to-date symlink: /home/autoware/aichallenge2023-integration-final-main/install/tier4_localization_msgs/local/lib/python3.10/dist-packages/tier4_localization_msgs/tier4_localization_msgs_s__rosidl_typesupport_fastrtps_c.cpython-310-x86_64-linux-gnu.so
[5.208s] -- Up-to-date symlink: /home/autoware/aichallenge2023-integration-final-main/install/tier4_localization_msgs/local/lib/python3.10/dist-packages/tier4_localization_msgs/tier4_localization_msgs_s__rosidl_typesupport_introspection_c.cpython-310-x86_64-linux-gnu.so
[5.208s] -- Up-to-date symlink: /home/autoware/aichallenge2023-integration-final-main/install/tier4_localization_msgs/local/lib/python3.10/dist-packages/tier4_localization_msgs/tier4_localization_msgs_s__rosidl_typesupport_fastrtps_c.cpython-310-x86_64-linux-gnu.so
[5.208s] -- Up-to-date symlink: /home/autoware/aichallenge2023-integration-final-main/install/tier4_localization_msgs/local/lib/python3.10/dist-packages/tier4_localization_msgs/tier4_localization_msgs_s__rosidl_typesupport_introspection_c.cpython-310-x86_64-linux-gnu.so
[5.208s] -- Up-to-date symlink: /home/autoware/aichallenge2023-integration-final-main/install/tier4_localization_msgs/local/lib/python3.10/dist-packages/tier4_localization_msgs/tier4_localization_msgs_s__rosidl_typesupport_c.cpython-310-x86_64-linux-gnu.so
[5.208s] -- Up-to-date symlink: /home/autoware/aichallenge2023-integration-final-main/install/tier4_localization_msgs/share/tier4_localization_msgs/srv/PoseWithCovarianceStamped.idl
[5.208s] -- Up-to-date symlink: /home/autoware/aichallenge2023-integration-final-main/install/tier4_localization_msgs/share/tier4_localization_msgs/srv/PoseWithCovarianceStamped.srv
[5.208s] -- Up-to-date symlink: /home/autoware/aichallenge2023-integration-final-main/install/tier4_localization_msgs/share/tier4_localization_msgs/srv/PoseWithCovarianceStamped_Request.msg
[5.208s] -- Up-to-date symlink: /home/autoware/aichallenge2023-integration-final-main/install/tier4_localization_msgs/share/tier4_localization_msgs/srv/PoseWithCovarianceStamped_Response.msg
[5.208s] -- Up-to-date symlink: /home/autoware/aichallenge2023-integration-final-main/install/tier4_localization_msgs/share/ament_index/resource_index/package_run_dependencies/tier4_localization_msgs
[5.208s] -- Up-to-date symlink: /home/autoware/aichallenge2023-integration-final-main/install/tier4_localization_msgs/share/ament_index/resource_index/parent_prefix_path/tier4_localization_msgs
[5.208s] -- Up-to-date symlink: /home/autoware/aichallenge2023-integration-final-main/install/tier4_localization_msgs/share/tier4_localization_msgs/environment/ament_prefix_path.sh
[5.209s] -- Up-to-date symlink: /home/autoware/aichallenge2023-integration-final-main/install/tier4_localization_msgs/share/tier4_localization_msgs/environment/ament_prefix_path.dsv
[5.209s] -- Up-to-date symlink: /home/autoware/aichallenge2023-integration-final-main/install/tier4_localization_msgs/share/tier4_localization_msgs/environment/path.sh
[5.209s] -- Up-to-date symlink: /home/autoware/aichallenge2023-integration-final-main/install/tier4_localization_msgs/share/tier4_localization_msgs/environment/path.dsv
[5.209s] -- Up-to-date symlink: /home/autoware/aichallenge2023-integration-final-main/install/tier4_localization_msgs/share/tier4_localization_msgs/local_setup.bash
[5.209s] -- Up-to-date symlink: /home/autoware/aichallenge2023-integration-final-main/install/tier4_localization_msgs/share/tier4_localization_msgs/local_setup.sh
[5.209s] -- Up-to-date symlink: /home/autoware/aichallenge2023-integration-final-main/install/tier4_localization_msgs/share/tier4_localization_msgs/local_setup.zsh
[5.209s] -- Up-to-date symlink: /home/autoware/aichallenge2023-integration-final-main/install/tier4_localization_msgs/share/tier4_localization_msgs/local_setup.dsv
[5.209s] -- Symlinking: /home/autoware/aichallenge2023-integration-final-main/install/tier4_localization_msgs/share/tier4_localization_msgs/package.dsv
[5.272s] -- Up-to-date symlink: /home/autoware/aichallenge2023-integration-final-main/install/tier4_localization_msgs/share/ament_index/resource_index/packages/tier4_localization_msgs
[5.272s] -- Up-to-date symlink: /home/autoware/aichallenge2023-integration-final-main/install/tier4_localization_msgs/share/tier4_localization_msgs/cmake/rosidl_cmake-extras.cmake
[5.272s] -- Up-to-date symlink: /home/autoware/aichallenge2023-integration-final-main/install/tier4_localization_msgs/share/tier4_localization_msgs/cmake/ament_cmake_export_dependencies-extras.cmake
[5.272s] -- Up-to-date symlink: /home/autoware/aichallenge2023-integration-final-main/install/tier4_localization_msgs/share/tier4_localization_msgs/cmake/ament_cmake_export_include_directories-extras.cmake
[5.272s] -- Up-to-date symlink: /home/autoware/aichallenge2023-integration-final-main/install/tier4_localization_msgs/share/tier4_localization_msgs/cmake/ament_cmake_export_libraries-extras.cmake
[5.272s] -- Up-to-date symlink: /home/autoware/aichallenge2023-integration-final-main/install/tier4_localization_msgs/share/tier4_localization_msgs/cmake/ament_cmake_export_targets-extras.cmake
[5.272s] -- Up-to-date symlink: /home/autoware/aichallenge2023-integration-final-main/install/tier4_localization_msgs/share/tier4_localization_msgs/cmake/rosidl_cmake_export_typesupport_targets-extras.cmake
[5.273s] -- Up-to-date symlink: /home/autoware/aichallenge2023-integration-final-main/install/tier4_localization_msgs/share/tier4_localization_msgs/cmake/rosidl_cmake_export_typesupport_libraries-extras.cmake
[5.273s] -- Up-to-date symlink: /home/autoware/aichallenge2023-integration-final-main/install/tier4_localization_msgs/share/tier4_localization_msgs/cmake/tier4_localization_msgsConfig.cmake
[5.273s] -- Up-to-date symlink: /home/autoware/aichallenge2023-integration-final-main/install/tier4_localization_msgs/share/tier4_localization_msgs/cmake/tier4_localization_msgsConfig-version.cmake
[5.273s] -- Up-to-date symlink: /home/autoware/aichallenge2023-integration-final-main/install/tier4_localization_msgs/share/tier4_localization_msgs/package.xml
[5.273s] -- Up-to-date: /home/autoware/aichallenge2023-integration-final-main/install/tier4_localization_msgs/lib/libtier4_localization_msgs__rosidl_generator_c.so
[5.273s] -- Up-to-date: /home/autoware/aichallenge2023-integration-final-main/install/tier4_localization_msgs/lib/libtier4_localization_msgs__rosidl_typesupport_fastrtps_c.so
[5.273s] -- Up-to-date: /home/autoware/aichallenge2023-integration-final-main/install/tier4_localization_msgs/lib/libtier4_localization_msgs__rosidl_typesupport_introspection_c.so
[5.273s] -- Up-to-date: /home/autoware/aichallenge2023-integration-final-main/install/tier4_localization_msgs/lib/libtier4_localization_msgs__rosidl_typesupport_c.so
[5.273s] -- Up-to-date: /home/autoware/aichallenge2023-integration-final-main/install/tier4_localization_msgs/lib/libtier4_localization_msgs__rosidl_typesupport_fastrtps_cpp.so
[5.273s] -- Up-to-date: /home/autoware/aichallenge2023-integration-final-main/install/tier4_localization_msgs/lib/libtier4_localization_msgs__rosidl_typesupport_introspection_cpp.so
[5.273s] -- Up-to-date: /home/autoware/aichallenge2023-integration-final-main/install/tier4_localization_msgs/lib/libtier4_localization_msgs__rosidl_typesupport_cpp.so
[5.388s] Listing '/home/autoware/aichallenge2023-integration-final-main/install/tier4_localization_msgs/local/lib/python3.10/dist-packages/tier4_localization_msgs'...
[5.388s] Listing '/home/autoware/aichallenge2023-integration-final-main/install/tier4_localization_msgs/local/lib/python3.10/dist-packages/tier4_localization_msgs/srv'...
[5.395s] -- Up-to-date: /home/autoware/aichallenge2023-integration-final-main/install/tier4_localization_msgs/lib/libtier4_localization_msgs__rosidl_generator_py.so
[5.395s] -- Up-to-date: /home/autoware/aichallenge2023-integration-final-main/install/tier4_localization_msgs/share/tier4_localization_msgs/cmake/export_tier4_localization_msgs__rosidl_generator_cExport.cmake
[5.395s] -- Up-to-date: /home/autoware/aichallenge2023-integration-final-main/install/tier4_localization_msgs/share/tier4_localization_msgs/cmake/export_tier4_localization_msgs__rosidl_generator_cExport-release.cmake
[5.395s] -- Up-to-date: /home/autoware/aichallenge2023-integration-final-main/install/tier4_localization_msgs/share/tier4_localization_msgs/cmake/export_tier4_localization_msgs__rosidl_typesupport_fastrtps_cExport.cmake
[5.395s] -- Up-to-date: /home/autoware/aichallenge2023-integration-final-main/install/tier4_localization_msgs/share/tier4_localization_msgs/cmake/export_tier4_localization_msgs__rosidl_typesupport_fastrtps_cExport-release.cmake
[5.396s] -- Up-to-date: /home/autoware/aichallenge2023-integration-final-main/install/tier4_localization_msgs/share/tier4_localization_msgs/cmake/tier4_localization_msgs__rosidl_typesupport_introspection_cExport.cmake
[5.396s] -- Up-to-date: /home/autoware/aichallenge2023-integration-final-main/install/tier4_localization_msgs/share/tier4_localization_msgs/cmake/tier4_localization_msgs__rosidl_typesupport_introspection_cExport-release.cmake
[5.396s] -- Up-to-date: /home/autoware/aichallenge2023-integration-final-main/install/tier4_localization_msgs/share/tier4_localization_msgs/cmake/tier4_localization_msgs__rosidl_typesupport_cExport.cmake
[5.396s] -- Up-to-date: /home/autoware/aichallenge2023-integration-final-main/install/tier4_localization_msgs/share/tier4_localization_msgs/cmake/tier4_localization_msgs__rosidl_typesupport_cExport-release.cmake
[5.396s] -- Up-to-date: /home/autoware/aichallenge2023-integration-final-main/install/tier4_localization_msgs/share/tier4_localization_msgs/cmake/export_tier4_localization_msgs__rosidl_generator_cppExport.cmake
[5.396s] -- Up-to-date: /home/autoware/aichallenge2023-integration-final-main/install/tier4_localization_msgs/share/tier4_localization_msgs/cmake/export_tier4_localization_msgs__rosidl_typesupport_fastrtps_cppExport.cmake
[5.396s] -- Up-to-date: /home/autoware/aichallenge2023-integration-final-main/install/tier4_localization_msgs/share/tier4_localization_msgs/cmake/export_tier4_localization_msgs__rosidl_typesupport_fastrtps_cppExport-release.cmake
[5.396s] -- Up-to-date: /home/autoware/aichallenge2023-integration-final-main/install/tier4_localization_msgs/share/tier4_localization_msgs/cmake/tier4_localization_msgs__rosidl_typesupport_introspection_cppExport.cmake
[5.396s] -- Up-to-date: /home/autoware/aichallenge2023-integration-final-main/install/tier4_localization_msgs/share/tier4_localization_msgs/cmake/tier4_localization_msgs__rosidl_typesupport_introspection_cppExport-release.cmake
[5.396s] -- Up-to-date: /home/autoware/aichallenge2023-integration-final-main/install/tier4_localization_msgs/share/tier4_localization_msgs/cmake/tier4_localization_msgs__rosidl_typesupport_cppExport.cmake
[5.396s] -- Up-to-date: /home/autoware/aichallenge2023-integration-final-main/install/tier4_localization_msgs/share/tier4_localization_msgs/cmake/tier4_localization_msgs__rosidl_typesupport_cppExport-release.cmake
[5.396s] -- Up-to-date: /home/autoware/aichallenge2023-integration-final-main/install/tier4_localization_msgs/share/tier4_localization_msgs/cmake/export_tier4_localization_msgs__rosidl_generator_pyExport.cmake
[5.396s] -- Up-to-date: /home/autoware/aichallenge2023-integration-final-main/install/tier4_localization_msgs/share/tier4_localization_msgs/cmake/export_tier4_localization_msgs__rosidl_generator_pyExport-release.cmake
[5.404s] Invoked command in '/home/autoware/aichallenge2023-integration-final-main/build/tier4_localization_msgs' returned '0': CMAKE_PREFIX_PATH=${CMAKE_PREFIX_PATH}:/home/autoware/aichallenge2023-integration-final-main/install/simulator_compatibility_test:/home/autoware/aichallenge2023-integration-final-main/install/ad_api_visualizers:/home/autoware/autoware/install/simulator_compatibility_test:/home/autoware/autoware/install/ad_api_visualizers:/opt/ros/humble /usr/bin/cmake --install /home/autoware/aichallenge2023-integration-final-main/build/tier4_localization_msgs
