[0.056s] Invoking command in '/home/autoware/aichallenge2023-integration-final-main/build/tier4_simulation_msgs': CMAKE_PREFIX_PATH=${CMAKE_PREFIX_PATH}:/home/autoware/autoware/install/simulator_compatibility_test:/home/autoware/autoware/install/ad_api_visualizers:/opt/ros/humble /usr/bin/cmake --build /home/autoware/aichallenge2023-integration-final-main/build/tier4_simulation_msgs -- -j16 -l16
[0.333s] [  1%] Built target tier4_simulation_msgs__cpp
[0.344s] [ 12%] Built target tier4_simulation_msgs__rosidl_generator_c
[0.420s] [ 12%] Built target ament_cmake_python_symlink_tier4_simulation_msgs
[0.518s] [ 23%] Built target tier4_simulation_msgs__rosidl_typesupport_introspection_cpp
[0.529s] [ 34%] Built target tier4_simulation_msgs__rosidl_typesupport_cpp
[0.542s] [ 45%] Built target tier4_simulation_msgs__rosidl_typesupport_fastrtps_cpp
[0.552s] [ 56%] Built target tier4_simulation_msgs__rosidl_typesupport_c
[0.563s] [ 67%] Built target tier4_simulation_msgs__rosidl_typesupport_introspection_c
[0.581s] [ 78%] Built target tier4_simulation_msgs__rosidl_typesupport_fastrtps_c
[0.714s] [ 78%] Built target tier4_simulation_msgs
[0.840s] [ 80%] Built target tier4_simulation_msgs__py
[0.995s] running egg_info
[0.995s] [ 89%] Built target tier4_simulation_msgs__rosidl_generator_py
[0.995s] writing tier4_simulation_msgs.egg-info/PKG-INFO
[0.995s] writing dependency_links to tier4_simulation_msgs.egg-info/dependency_links.txt
[0.996s] writing top-level names to tier4_simulation_msgs.egg-info/top_level.txt
[0.996s] reading manifest file 'tier4_simulation_msgs.egg-info/SOURCES.txt'
[0.996s] writing manifest file 'tier4_simulation_msgs.egg-info/SOURCES.txt'
[1.069s] [ 89%] Built target ament_cmake_python_build_tier4_simulation_msgs_egg
[1.122s] [ 92%] Built target tier4_simulation_msgs__rosidl_typesupport_fastrtps_c__pyext
[1.127s] [ 96%] Built target tier4_simulation_msgs__rosidl_typesupport_introspection_c__pyext
[1.128s] [100%] Built target tier4_simulation_msgs__rosidl_typesupport_c__pyext
[1.168s] Invoked command in '/home/autoware/aichallenge2023-integration-final-main/build/tier4_simulation_msgs' returned '0': CMAKE_PREFIX_PATH=${CMAKE_PREFIX_PATH}:/home/autoware/autoware/install/simulator_compatibility_test:/home/autoware/autoware/install/ad_api_visualizers:/opt/ros/humble /usr/bin/cmake --build /home/autoware/aichallenge2023-integration-final-main/build/tier4_simulation_msgs -- -j16 -l16
[2.933s] Invoking command in '/home/autoware/aichallenge2023-integration-final-main/build/tier4_simulation_msgs': CMAKE_PREFIX_PATH=${CMAKE_PREFIX_PATH}:/home/autoware/autoware/install/simulator_compatibility_test:/home/autoware/autoware/install/ad_api_visualizers:/opt/ros/humble /usr/bin/cmake --install /home/autoware/aichallenge2023-integration-final-main/build/tier4_simulation_msgs
[2.973s] -- Install configuration: "Release"
[2.980s] -- Execute custom install script
[2.981s] -- Up-to-date symlink: /home/autoware/aichallenge2023-integration-final-main/install/tier4_simulation_msgs/share/ament_index/resource_index/rosidl_interfaces/tier4_simulation_msgs
[2.982s] -- Up-to-date symlink: /home/autoware/aichallenge2023-integration-final-main/install/tier4_simulation_msgs/include/tier4_simulation_msgs/tier4_simulation_msgs/msg/detail/fault_injection_event__functions.h
[2.982s] -- Up-to-date symlink: /home/autoware/aichallenge2023-integration-final-main/install/tier4_simulation_msgs/include/tier4_simulation_msgs/tier4_simulation_msgs/msg/detail/fault_injection_event__struct.h
[2.982s] -- Up-to-date symlink: /home/autoware/aichallenge2023-integration-final-main/install/tier4_simulation_msgs/include/tier4_simulation_msgs/tier4_simulation_msgs/msg/detail/fault_injection_event__type_support.h
[2.982s] -- Up-to-date symlink: /home/autoware/aichallenge2023-integration-final-main/install/tier4_simulation_msgs/include/tier4_simulation_msgs/tier4_simulation_msgs/msg/detail/simulation_events__functions.h
[2.983s] -- Up-to-date symlink: /home/autoware/aichallenge2023-integration-final-main/install/tier4_simulation_msgs/include/tier4_simulation_msgs/tier4_simulation_msgs/msg/detail/simulation_events__struct.h
[2.983s] -- Up-to-date symlink: /home/autoware/aichallenge2023-integration-final-main/install/tier4_simulation_msgs/include/tier4_simulation_msgs/tier4_simulation_msgs/msg/detail/simulation_events__type_support.h
[2.983s] -- Up-to-date symlink: /home/autoware/aichallenge2023-integration-final-main/install/tier4_simulation_msgs/include/tier4_simulation_msgs/tier4_simulation_msgs/msg/detail/user_defined_value__functions.h
[2.983s] -- Up-to-date symlink: /home/autoware/aichallenge2023-integration-final-main/install/tier4_simulation_msgs/include/tier4_simulation_msgs/tier4_simulation_msgs/msg/detail/user_defined_value__struct.h
[2.983s] -- Up-to-date symlink: /home/autoware/aichallenge2023-integration-final-main/install/tier4_simulation_msgs/include/tier4_simulation_msgs/tier4_simulation_msgs/msg/detail/user_defined_value__type_support.h
[2.983s] -- Up-to-date symlink: /home/autoware/aichallenge2023-integration-final-main/install/tier4_simulation_msgs/include/tier4_simulation_msgs/tier4_simulation_msgs/msg/detail/user_defined_value_type__functions.h
[2.984s] -- Up-to-date symlink: /home/autoware/aichallenge2023-integration-final-main/install/tier4_simulation_msgs/include/tier4_simulation_msgs/tier4_simulation_msgs/msg/detail/user_defined_value_type__struct.h
[2.984s] -- Up-to-date symlink: /home/autoware/aichallenge2023-integration-final-main/install/tier4_simulation_msgs/include/tier4_simulation_msgs/tier4_simulation_msgs/msg/detail/user_defined_value_type__type_support.h
[2.984s] -- Up-to-date symlink: /home/autoware/aichallenge2023-integration-final-main/install/tier4_simulation_msgs/include/tier4_simulation_msgs/tier4_simulation_msgs/msg/fault_injection_event.h
[2.984s] -- Up-to-date symlink: /home/autoware/aichallenge2023-integration-final-main/install/tier4_simulation_msgs/include/tier4_simulation_msgs/tier4_simulation_msgs/msg/rosidl_generator_c__visibility_control.h
[2.985s] -- Up-to-date symlink: /home/autoware/aichallenge2023-integration-final-main/install/tier4_simulation_msgs/include/tier4_simulation_msgs/tier4_simulation_msgs/msg/simulation_events.h
[2.985s] -- Up-to-date symlink: /home/autoware/aichallenge2023-integration-final-main/install/tier4_simulation_msgs/include/tier4_simulation_msgs/tier4_simulation_msgs/msg/user_defined_value.h
[2.985s] -- Up-to-date symlink: /home/autoware/aichallenge2023-integration-final-main/install/tier4_simulation_msgs/include/tier4_simulation_msgs/tier4_simulation_msgs/msg/user_defined_value_type.h
[2.985s] -- Up-to-date symlink: /home/autoware/aichallenge2023-integration-final-main/install/tier4_simulation_msgs/share/tier4_simulation_msgs/environment/library_path.sh
[2.987s] -- Up-to-date symlink: /home/autoware/aichallenge2023-integration-final-main/install/tier4_simulation_msgs/share/tier4_simulation_msgs/environment/library_path.dsv
[2.987s] -- Up-to-date symlink: /home/autoware/aichallenge2023-integration-final-main/install/tier4_simulation_msgs/include/tier4_simulation_msgs/tier4_simulation_msgs/msg/detail/fault_injection_event__rosidl_typesupport_fastrtps_c.h
[2.987s] -- Up-to-date symlink: /home/autoware/aichallenge2023-integration-final-main/install/tier4_simulation_msgs/include/tier4_simulation_msgs/tier4_simulation_msgs/msg/detail/simulation_events__rosidl_typesupport_fastrtps_c.h
[2.987s] -- Up-to-date symlink: /home/autoware/aichallenge2023-integration-final-main/install/tier4_simulation_msgs/include/tier4_simulation_msgs/tier4_simulation_msgs/msg/detail/user_defined_value__rosidl_typesupport_fastrtps_c.h
[2.987s] -- Up-to-date symlink: /home/autoware/aichallenge2023-integration-final-main/install/tier4_simulation_msgs/include/tier4_simulation_msgs/tier4_simulation_msgs/msg/detail/user_defined_value_type__rosidl_typesupport_fastrtps_c.h
[2.987s] -- Up-to-date symlink: /home/autoware/aichallenge2023-integration-final-main/install/tier4_simulation_msgs/include/tier4_simulation_msgs/tier4_simulation_msgs/msg/rosidl_typesupport_fastrtps_c__visibility_control.h
[2.987s] -- Up-to-date symlink: /home/autoware/aichallenge2023-integration-final-main/install/tier4_simulation_msgs/include/tier4_simulation_msgs/tier4_simulation_msgs/msg/detail/fault_injection_event__builder.hpp
[2.987s] -- Up-to-date symlink: /home/autoware/aichallenge2023-integration-final-main/install/tier4_simulation_msgs/include/tier4_simulation_msgs/tier4_simulation_msgs/msg/detail/fault_injection_event__struct.hpp
[2.988s] -- Up-to-date symlink: /home/autoware/aichallenge2023-integration-final-main/install/tier4_simulation_msgs/include/tier4_simulation_msgs/tier4_simulation_msgs/msg/detail/fault_injection_event__traits.hpp
[2.988s] -- Up-to-date symlink: /home/autoware/aichallenge2023-integration-final-main/install/tier4_simulation_msgs/include/tier4_simulation_msgs/tier4_simulation_msgs/msg/detail/simulation_events__builder.hpp
[2.988s] -- Up-to-date symlink: /home/autoware/aichallenge2023-integration-final-main/install/tier4_simulation_msgs/include/tier4_simulation_msgs/tier4_simulation_msgs/msg/detail/simulation_events__struct.hpp
[2.988s] -- Up-to-date symlink: /home/autoware/aichallenge2023-integration-final-main/install/tier4_simulation_msgs/include/tier4_simulation_msgs/tier4_simulation_msgs/msg/detail/simulation_events__traits.hpp
[2.989s] -- Up-to-date symlink: /home/autoware/aichallenge2023-integration-final-main/install/tier4_simulation_msgs/include/tier4_simulation_msgs/tier4_simulation_msgs/msg/detail/user_defined_value__builder.hpp
[2.989s] -- Up-to-date symlink: /home/autoware/aichallenge2023-integration-final-main/install/tier4_simulation_msgs/include/tier4_simulation_msgs/tier4_simulation_msgs/msg/detail/user_defined_value__struct.hpp
[2.989s] -- Up-to-date symlink: /home/autoware/aichallenge2023-integration-final-main/install/tier4_simulation_msgs/include/tier4_simulation_msgs/tier4_simulation_msgs/msg/detail/user_defined_value__traits.hpp
[2.989s] -- Up-to-date symlink: /home/autoware/aichallenge2023-integration-final-main/install/tier4_simulation_msgs/include/tier4_simulation_msgs/tier4_simulation_msgs/msg/detail/user_defined_value_type__builder.hpp
[2.989s] -- Up-to-date symlink: /home/autoware/aichallenge2023-integration-final-main/install/tier4_simulation_msgs/include/tier4_simulation_msgs/tier4_simulation_msgs/msg/detail/user_defined_value_type__struct.hpp
[2.989s] -- Up-to-date symlink: /home/autoware/aichallenge2023-integration-final-main/install/tier4_simulation_msgs/include/tier4_simulation_msgs/tier4_simulation_msgs/msg/detail/user_defined_value_type__traits.hpp
[2.989s] -- Up-to-date symlink: /home/autoware/aichallenge2023-integration-final-main/install/tier4_simulation_msgs/include/tier4_simulation_msgs/tier4_simulation_msgs/msg/fault_injection_event.hpp
[2.990s] -- Up-to-date symlink: /home/autoware/aichallenge2023-integration-final-main/install/tier4_simulation_msgs/include/tier4_simulation_msgs/tier4_simulation_msgs/msg/simulation_events.hpp
[2.990s] -- Up-to-date symlink: /home/autoware/aichallenge2023-integration-final-main/install/tier4_simulation_msgs/include/tier4_simulation_msgs/tier4_simulation_msgs/msg/user_defined_value.hpp
[2.990s] -- Up-to-date symlink: /home/autoware/aichallenge2023-integration-final-main/install/tier4_simulation_msgs/include/tier4_simulation_msgs/tier4_simulation_msgs/msg/user_defined_value_type.hpp
[2.990s] -- Up-to-date symlink: /home/autoware/aichallenge2023-integration-final-main/install/tier4_simulation_msgs/include/tier4_simulation_msgs/tier4_simulation_msgs/msg/detail/fault_injection_event__rosidl_typesupport_fastrtps_cpp.hpp
[2.991s] -- Up-to-date symlink: /home/autoware/aichallenge2023-integration-final-main/install/tier4_simulation_msgs/include/tier4_simulation_msgs/tier4_simulation_msgs/msg/detail/simulation_events__rosidl_typesupport_fastrtps_cpp.hpp
[2.991s] -- Up-to-date symlink: /home/autoware/aichallenge2023-integration-final-main/install/tier4_simulation_msgs/include/tier4_simulation_msgs/tier4_simulation_msgs/msg/detail/user_defined_value__rosidl_typesupport_fastrtps_cpp.hpp
[2.991s] -- Up-to-date symlink: /home/autoware/aichallenge2023-integration-final-main/install/tier4_simulation_msgs/include/tier4_simulation_msgs/tier4_simulation_msgs/msg/detail/user_defined_value_type__rosidl_typesupport_fastrtps_cpp.hpp
[2.991s] -- Up-to-date symlink: /home/autoware/aichallenge2023-integration-final-main/install/tier4_simulation_msgs/include/tier4_simulation_msgs/tier4_simulation_msgs/msg/rosidl_typesupport_fastrtps_cpp__visibility_control.h
[2.992s] -- Up-to-date symlink: /home/autoware/aichallenge2023-integration-final-main/install/tier4_simulation_msgs/include/tier4_simulation_msgs/tier4_simulation_msgs/msg/detail/fault_injection_event__rosidl_typesupport_introspection_c.h
[2.992s] -- Up-to-date symlink: /home/autoware/aichallenge2023-integration-final-main/install/tier4_simulation_msgs/include/tier4_simulation_msgs/tier4_simulation_msgs/msg/detail/simulation_events__rosidl_typesupport_introspection_c.h
[2.992s] -- Up-to-date symlink: /home/autoware/aichallenge2023-integration-final-main/install/tier4_simulation_msgs/include/tier4_simulation_msgs/tier4_simulation_msgs/msg/detail/user_defined_value__rosidl_typesupport_introspection_c.h
[2.992s] -- Up-to-date symlink: /home/autoware/aichallenge2023-integration-final-main/install/tier4_simulation_msgs/include/tier4_simulation_msgs/tier4_simulation_msgs/msg/detail/user_defined_value_type__rosidl_typesupport_introspection_c.h
[2.992s] -- Up-to-date symlink: /home/autoware/aichallenge2023-integration-final-main/install/tier4_simulation_msgs/include/tier4_simulation_msgs/tier4_simulation_msgs/msg/rosidl_typesupport_introspection_c__visibility_control.h
[2.993s] -- Up-to-date symlink: /home/autoware/aichallenge2023-integration-final-main/install/tier4_simulation_msgs/include/tier4_simulation_msgs/tier4_simulation_msgs/msg/detail/fault_injection_event__rosidl_typesupport_introspection_cpp.hpp
[2.993s] -- Up-to-date symlink: /home/autoware/aichallenge2023-integration-final-main/install/tier4_simulation_msgs/include/tier4_simulation_msgs/tier4_simulation_msgs/msg/detail/simulation_events__rosidl_typesupport_introspection_cpp.hpp
[2.993s] -- Up-to-date symlink: /home/autoware/aichallenge2023-integration-final-main/install/tier4_simulation_msgs/include/tier4_simulation_msgs/tier4_simulation_msgs/msg/detail/user_defined_value__rosidl_typesupport_introspection_cpp.hpp
[2.993s] -- Up-to-date symlink: /home/autoware/aichallenge2023-integration-final-main/install/tier4_simulation_msgs/include/tier4_simulation_msgs/tier4_simulation_msgs/msg/detail/user_defined_value_type__rosidl_typesupport_introspection_cpp.hpp
[2.993s] -- Up-to-date symlink: /home/autoware/aichallenge2023-integration-final-main/install/tier4_simulation_msgs/share/tier4_simulation_msgs/environment/pythonpath.sh
[2.994s] -- Up-to-date symlink: /home/autoware/aichallenge2023-integration-final-main/install/tier4_simulation_msgs/share/tier4_simulation_msgs/environment/pythonpath.dsv
[2.994s] -- Up-to-date symlink: /home/autoware/aichallenge2023-integration-final-main/install/tier4_simulation_msgs/local/lib/python3.10/dist-packages/tier4_simulation_msgs-0.1.0-py3.10.egg-info/PKG-INFO
[2.994s] -- Up-to-date symlink: /home/autoware/aichallenge2023-integration-final-main/install/tier4_simulation_msgs/local/lib/python3.10/dist-packages/tier4_simulation_msgs-0.1.0-py3.10.egg-info/SOURCES.txt
[2.994s] -- Up-to-date symlink: /home/autoware/aichallenge2023-integration-final-main/install/tier4_simulation_msgs/local/lib/python3.10/dist-packages/tier4_simulation_msgs-0.1.0-py3.10.egg-info/dependency_links.txt
[2.994s] -- Up-to-date symlink: /home/autoware/aichallenge2023-integration-final-main/install/tier4_simulation_msgs/local/lib/python3.10/dist-packages/tier4_simulation_msgs-0.1.0-py3.10.egg-info/top_level.txt
[2.995s] -- Up-to-date symlink: /home/autoware/aichallenge2023-integration-final-main/install/tier4_simulation_msgs/local/lib/python3.10/dist-packages/tier4_simulation_msgs/__init__.py
[2.995s] -- Up-to-date symlink: /home/autoware/aichallenge2023-integration-final-main/install/tier4_simulation_msgs/local/lib/python3.10/dist-packages/tier4_simulation_msgs/_tier4_simulation_msgs_s.ep.rosidl_typesupport_c.c
[2.995s] -- Up-to-date symlink: /home/autoware/aichallenge2023-integration-final-main/install/tier4_simulation_msgs/local/lib/python3.10/dist-packages/tier4_simulation_msgs/_tier4_simulation_msgs_s.ep.rosidl_typesupport_fastrtps_c.c
[2.996s] -- Up-to-date symlink: /home/autoware/aichallenge2023-integration-final-main/install/tier4_simulation_msgs/local/lib/python3.10/dist-packages/tier4_simulation_msgs/_tier4_simulation_msgs_s.ep.rosidl_typesupport_introspection_c.c
[2.996s] -- Up-to-date symlink: /home/autoware/aichallenge2023-integration-final-main/install/tier4_simulation_msgs/local/lib/python3.10/dist-packages/tier4_simulation_msgs/libtier4_simulation_msgs__rosidl_generator_py.so
[2.996s] -- Up-to-date symlink: /home/autoware/aichallenge2023-integration-final-main/install/tier4_simulation_msgs/local/lib/python3.10/dist-packages/tier4_simulation_msgs/msg/__init__.py
[2.996s] -- Up-to-date symlink: /home/autoware/aichallenge2023-integration-final-main/install/tier4_simulation_msgs/local/lib/python3.10/dist-packages/tier4_simulation_msgs/msg/_fault_injection_event.py
[2.996s] -- Up-to-date symlink: /home/autoware/aichallenge2023-integration-final-main/install/tier4_simulation_msgs/local/lib/python3.10/dist-packages/tier4_simulation_msgs/msg/_fault_injection_event_s.c
[2.996s] -- Up-to-date symlink: /home/autoware/aichallenge2023-integration-final-main/install/tier4_simulation_msgs/local/lib/python3.10/dist-packages/tier4_simulation_msgs/msg/_simulation_events.py
[2.996s] -- Up-to-date symlink: /home/autoware/aichallenge2023-integration-final-main/install/tier4_simulation_msgs/local/lib/python3.10/dist-packages/tier4_simulation_msgs/msg/_simulation_events_s.c
[2.997s] -- Up-to-date symlink: /home/autoware/aichallenge2023-integration-final-main/install/tier4_simulation_msgs/local/lib/python3.10/dist-packages/tier4_simulation_msgs/msg/_user_defined_value.py
[2.997s] -- Up-to-date symlink: /home/autoware/aichallenge2023-integration-final-main/install/tier4_simulation_msgs/local/lib/python3.10/dist-packages/tier4_simulation_msgs/msg/_user_defined_value_s.c
[2.997s] -- Up-to-date symlink: /home/autoware/aichallenge2023-integration-final-main/install/tier4_simulation_msgs/local/lib/python3.10/dist-packages/tier4_simulation_msgs/msg/_user_defined_value_type.py
[2.997s] -- Up-to-date symlink: /home/autoware/aichallenge2023-integration-final-main/install/tier4_simulation_msgs/local/lib/python3.10/dist-packages/tier4_simulation_msgs/msg/_user_defined_value_type_s.c
[2.997s] -- Up-to-date symlink: /home/autoware/aichallenge2023-integration-final-main/install/tier4_simulation_msgs/local/lib/python3.10/dist-packages/tier4_simulation_msgs/tier4_simulation_msgs_s__rosidl_typesupport_c.cpython-310-x86_64-linux-gnu.so
[2.997s] -- Up-to-date symlink: /home/autoware/aichallenge2023-integration-final-main/install/tier4_simulation_msgs/local/lib/python3.10/dist-packages/tier4_simulation_msgs/tier4_simulation_msgs_s__rosidl_typesupport_fastrtps_c.cpython-310-x86_64-linux-gnu.so
[2.997s] -- Up-to-date symlink: /home/autoware/aichallenge2023-integration-final-main/install/tier4_simulation_msgs/local/lib/python3.10/dist-packages/tier4_simulation_msgs/tier4_simulation_msgs_s__rosidl_typesupport_introspection_c.cpython-310-x86_64-linux-gnu.so
[2.998s] -- Up-to-date symlink: /home/autoware/aichallenge2023-integration-final-main/install/tier4_simulation_msgs/local/lib/python3.10/dist-packages/tier4_simulation_msgs/tier4_simulation_msgs_s__rosidl_typesupport_fastrtps_c.cpython-310-x86_64-linux-gnu.so
[2.998s] -- Up-to-date symlink: /home/autoware/aichallenge2023-integration-final-main/install/tier4_simulation_msgs/local/lib/python3.10/dist-packages/tier4_simulation_msgs/tier4_simulation_msgs_s__rosidl_typesupport_introspection_c.cpython-310-x86_64-linux-gnu.so
[2.999s] -- Up-to-date symlink: /home/autoware/aichallenge2023-integration-final-main/install/tier4_simulation_msgs/local/lib/python3.10/dist-packages/tier4_simulation_msgs/tier4_simulation_msgs_s__rosidl_typesupport_c.cpython-310-x86_64-linux-gnu.so
[2.999s] -- Up-to-date symlink: /home/autoware/aichallenge2023-integration-final-main/install/tier4_simulation_msgs/share/tier4_simulation_msgs/msg/FaultInjectionEvent.idl
[3.002s] -- Up-to-date symlink: /home/autoware/aichallenge2023-integration-final-main/install/tier4_simulation_msgs/share/tier4_simulation_msgs/msg/SimulationEvents.idl
[3.002s] -- Up-to-date symlink: /home/autoware/aichallenge2023-integration-final-main/install/tier4_simulation_msgs/share/tier4_simulation_msgs/msg/UserDefinedValue.idl
[3.002s] -- Up-to-date symlink: /home/autoware/aichallenge2023-integration-final-main/install/tier4_simulation_msgs/share/tier4_simulation_msgs/msg/UserDefinedValueType.idl
[3.002s] -- Up-to-date symlink: /home/autoware/aichallenge2023-integration-final-main/install/tier4_simulation_msgs/share/tier4_simulation_msgs/msg/FaultInjectionEvent.msg
[3.002s] -- Up-to-date symlink: /home/autoware/aichallenge2023-integration-final-main/install/tier4_simulation_msgs/share/tier4_simulation_msgs/msg/SimulationEvents.msg
[3.003s] -- Up-to-date symlink: /home/autoware/aichallenge2023-integration-final-main/install/tier4_simulation_msgs/share/tier4_simulation_msgs/msg/UserDefinedValue.msg
[3.003s] -- Up-to-date symlink: /home/autoware/aichallenge2023-integration-final-main/install/tier4_simulation_msgs/share/tier4_simulation_msgs/msg/UserDefinedValueType.msg
[3.004s] -- Up-to-date symlink: /home/autoware/aichallenge2023-integration-final-main/install/tier4_simulation_msgs/share/ament_index/resource_index/package_run_dependencies/tier4_simulation_msgs
[3.004s] -- Up-to-date symlink: /home/autoware/aichallenge2023-integration-final-main/install/tier4_simulation_msgs/share/ament_index/resource_index/parent_prefix_path/tier4_simulation_msgs
[3.004s] -- Up-to-date symlink: /home/autoware/aichallenge2023-integration-final-main/install/tier4_simulation_msgs/share/tier4_simulation_msgs/environment/ament_prefix_path.sh
[3.004s] -- Up-to-date symlink: /home/autoware/aichallenge2023-integration-final-main/install/tier4_simulation_msgs/share/tier4_simulation_msgs/environment/ament_prefix_path.dsv
[3.005s] -- Up-to-date symlink: /home/autoware/aichallenge2023-integration-final-main/install/tier4_simulation_msgs/share/tier4_simulation_msgs/environment/path.sh
[3.005s] -- Up-to-date symlink: /home/autoware/aichallenge2023-integration-final-main/install/tier4_simulation_msgs/share/tier4_simulation_msgs/environment/path.dsv
[3.005s] -- Up-to-date symlink: /home/autoware/aichallenge2023-integration-final-main/install/tier4_simulation_msgs/share/tier4_simulation_msgs/local_setup.bash
[3.005s] -- Up-to-date symlink: /home/autoware/aichallenge2023-integration-final-main/install/tier4_simulation_msgs/share/tier4_simulation_msgs/local_setup.sh
[3.007s] -- Up-to-date symlink: /home/autoware/aichallenge2023-integration-final-main/install/tier4_simulation_msgs/share/tier4_simulation_msgs/local_setup.zsh
[3.007s] -- Up-to-date symlink: /home/autoware/aichallenge2023-integration-final-main/install/tier4_simulation_msgs/share/tier4_simulation_msgs/local_setup.dsv
[3.007s] -- Symlinking: /home/autoware/aichallenge2023-integration-final-main/install/tier4_simulation_msgs/share/tier4_simulation_msgs/package.dsv
[3.052s] -- Up-to-date symlink: /home/autoware/aichallenge2023-integration-final-main/install/tier4_simulation_msgs/share/ament_index/resource_index/packages/tier4_simulation_msgs
[3.052s] -- Up-to-date symlink: /home/autoware/aichallenge2023-integration-final-main/install/tier4_simulation_msgs/share/tier4_simulation_msgs/cmake/rosidl_cmake-extras.cmake
[3.052s] -- Up-to-date symlink: /home/autoware/aichallenge2023-integration-final-main/install/tier4_simulation_msgs/share/tier4_simulation_msgs/cmake/ament_cmake_export_dependencies-extras.cmake
[3.053s] -- Up-to-date symlink: /home/autoware/aichallenge2023-integration-final-main/install/tier4_simulation_msgs/share/tier4_simulation_msgs/cmake/ament_cmake_export_include_directories-extras.cmake
[3.053s] -- Up-to-date symlink: /home/autoware/aichallenge2023-integration-final-main/install/tier4_simulation_msgs/share/tier4_simulation_msgs/cmake/ament_cmake_export_libraries-extras.cmake
[3.053s] -- Up-to-date symlink: /home/autoware/aichallenge2023-integration-final-main/install/tier4_simulation_msgs/share/tier4_simulation_msgs/cmake/ament_cmake_export_targets-extras.cmake
[3.053s] -- Up-to-date symlink: /home/autoware/aichallenge2023-integration-final-main/install/tier4_simulation_msgs/share/tier4_simulation_msgs/cmake/rosidl_cmake_export_typesupport_targets-extras.cmake
[3.055s] -- Up-to-date symlink: /home/autoware/aichallenge2023-integration-final-main/install/tier4_simulation_msgs/share/tier4_simulation_msgs/cmake/rosidl_cmake_export_typesupport_libraries-extras.cmake
[3.055s] -- Up-to-date symlink: /home/autoware/aichallenge2023-integration-final-main/install/tier4_simulation_msgs/share/tier4_simulation_msgs/cmake/tier4_simulation_msgsConfig.cmake
[3.055s] -- Up-to-date symlink: /home/autoware/aichallenge2023-integration-final-main/install/tier4_simulation_msgs/share/tier4_simulation_msgs/cmake/tier4_simulation_msgsConfig-version.cmake
[3.055s] -- Up-to-date symlink: /home/autoware/aichallenge2023-integration-final-main/install/tier4_simulation_msgs/share/tier4_simulation_msgs/package.xml
[3.059s] -- Up-to-date: /home/autoware/aichallenge2023-integration-final-main/install/tier4_simulation_msgs/lib/libtier4_simulation_msgs__rosidl_generator_c.so
[3.059s] -- Up-to-date: /home/autoware/aichallenge2023-integration-final-main/install/tier4_simulation_msgs/lib/libtier4_simulation_msgs__rosidl_typesupport_fastrtps_c.so
[3.059s] -- Up-to-date: /home/autoware/aichallenge2023-integration-final-main/install/tier4_simulation_msgs/lib/libtier4_simulation_msgs__rosidl_typesupport_fastrtps_cpp.so
[3.059s] -- Up-to-date: /home/autoware/aichallenge2023-integration-final-main/install/tier4_simulation_msgs/lib/libtier4_simulation_msgs__rosidl_typesupport_introspection_c.so
[3.059s] -- Up-to-date: /home/autoware/aichallenge2023-integration-final-main/install/tier4_simulation_msgs/lib/libtier4_simulation_msgs__rosidl_typesupport_c.so
[3.059s] -- Up-to-date: /home/autoware/aichallenge2023-integration-final-main/install/tier4_simulation_msgs/lib/libtier4_simulation_msgs__rosidl_typesupport_introspection_cpp.so
[3.060s] -- Up-to-date: /home/autoware/aichallenge2023-integration-final-main/install/tier4_simulation_msgs/lib/libtier4_simulation_msgs__rosidl_typesupport_cpp.so
[3.158s] Listing '/home/autoware/aichallenge2023-integration-final-main/install/tier4_simulation_msgs/local/lib/python3.10/dist-packages/tier4_simulation_msgs'...
[3.158s] Listing '/home/autoware/aichallenge2023-integration-final-main/install/tier4_simulation_msgs/local/lib/python3.10/dist-packages/tier4_simulation_msgs/msg'...
[3.165s] -- Up-to-date: /home/autoware/aichallenge2023-integration-final-main/install/tier4_simulation_msgs/lib/libtier4_simulation_msgs__rosidl_generator_py.so
[3.165s] -- Up-to-date: /home/autoware/aichallenge2023-integration-final-main/install/tier4_simulation_msgs/share/tier4_simulation_msgs/cmake/export_tier4_simulation_msgs__rosidl_generator_cExport.cmake
[3.165s] -- Up-to-date: /home/autoware/aichallenge2023-integration-final-main/install/tier4_simulation_msgs/share/tier4_simulation_msgs/cmake/export_tier4_simulation_msgs__rosidl_generator_cExport-release.cmake
[3.165s] -- Up-to-date: /home/autoware/aichallenge2023-integration-final-main/install/tier4_simulation_msgs/share/tier4_simulation_msgs/cmake/export_tier4_simulation_msgs__rosidl_typesupport_fastrtps_cExport.cmake
[3.165s] -- Up-to-date: /home/autoware/aichallenge2023-integration-final-main/install/tier4_simulation_msgs/share/tier4_simulation_msgs/cmake/export_tier4_simulation_msgs__rosidl_typesupport_fastrtps_cExport-release.cmake
[3.165s] -- Up-to-date: /home/autoware/aichallenge2023-integration-final-main/install/tier4_simulation_msgs/share/tier4_simulation_msgs/cmake/export_tier4_simulation_msgs__rosidl_generator_cppExport.cmake
[3.165s] -- Up-to-date: /home/autoware/aichallenge2023-integration-final-main/install/tier4_simulation_msgs/share/tier4_simulation_msgs/cmake/export_tier4_simulation_msgs__rosidl_typesupport_fastrtps_cppExport.cmake
[3.165s] -- Up-to-date: /home/autoware/aichallenge2023-integration-final-main/install/tier4_simulation_msgs/share/tier4_simulation_msgs/cmake/export_tier4_simulation_msgs__rosidl_typesupport_fastrtps_cppExport-release.cmake
[3.165s] -- Up-to-date: /home/autoware/aichallenge2023-integration-final-main/install/tier4_simulation_msgs/share/tier4_simulation_msgs/cmake/tier4_simulation_msgs__rosidl_typesupport_introspection_cExport.cmake
[3.165s] -- Up-to-date: /home/autoware/aichallenge2023-integration-final-main/install/tier4_simulation_msgs/share/tier4_simulation_msgs/cmake/tier4_simulation_msgs__rosidl_typesupport_introspection_cExport-release.cmake
[3.165s] -- Up-to-date: /home/autoware/aichallenge2023-integration-final-main/install/tier4_simulation_msgs/share/tier4_simulation_msgs/cmake/tier4_simulation_msgs__rosidl_typesupport_cExport.cmake
[3.166s] -- Up-to-date: /home/autoware/aichallenge2023-integration-final-main/install/tier4_simulation_msgs/share/tier4_simulation_msgs/cmake/tier4_simulation_msgs__rosidl_typesupport_cExport-release.cmake
[3.167s] -- Up-to-date: /home/autoware/aichallenge2023-integration-final-main/install/tier4_simulation_msgs/share/tier4_simulation_msgs/cmake/tier4_simulation_msgs__rosidl_typesupport_introspection_cppExport.cmake
[3.167s] -- Up-to-date: /home/autoware/aichallenge2023-integration-final-main/install/tier4_simulation_msgs/share/tier4_simulation_msgs/cmake/tier4_simulation_msgs__rosidl_typesupport_introspection_cppExport-release.cmake
[3.167s] -- Up-to-date: /home/autoware/aichallenge2023-integration-final-main/install/tier4_simulation_msgs/share/tier4_simulation_msgs/cmake/tier4_simulation_msgs__rosidl_typesupport_cppExport.cmake
[3.167s] -- Up-to-date: /home/autoware/aichallenge2023-integration-final-main/install/tier4_simulation_msgs/share/tier4_simulation_msgs/cmake/tier4_simulation_msgs__rosidl_typesupport_cppExport-release.cmake
[3.167s] -- Up-to-date: /home/autoware/aichallenge2023-integration-final-main/install/tier4_simulation_msgs/share/tier4_simulation_msgs/cmake/export_tier4_simulation_msgs__rosidl_generator_pyExport.cmake
[3.167s] -- Up-to-date: /home/autoware/aichallenge2023-integration-final-main/install/tier4_simulation_msgs/share/tier4_simulation_msgs/cmake/export_tier4_simulation_msgs__rosidl_generator_pyExport-release.cmake
[3.237s] Invoked command in '/home/autoware/aichallenge2023-integration-final-main/build/tier4_simulation_msgs' returned '0': CMAKE_PREFIX_PATH=${CMAKE_PREFIX_PATH}:/home/autoware/autoware/install/simulator_compatibility_test:/home/autoware/autoware/install/ad_api_visualizers:/opt/ros/humble /usr/bin/cmake --install /home/autoware/aichallenge2023-integration-final-main/build/tier4_simulation_msgs
