[0.163s] Invoking command in '/home/autoware/aichallenge2023-integration-final-main/build/velodyne_msgs': CMAKE_PREFIX_PATH=${CMAKE_PREFIX_PATH}:/home/autoware/aichallenge2023-integration-final-main/install/simulator_compatibility_test:/home/autoware/aichallenge2023-integration-final-main/install/ad_api_visualizers:/home/autoware/autoware/install/simulator_compatibility_test:/home/autoware/autoware/install/ad_api_visualizers:/opt/ros/humble /usr/bin/cmake --build /home/autoware/aichallenge2023-integration-final-main/build/velodyne_msgs -- -j16 -l16
[3.291s] [ 10%] Built target velodyne_msgs__rosidl_generator_c
[3.292s] [ 12%] Built target velodyne_msgs__cpp
[3.292s] [ 12%] Built target ament_cmake_python_symlink_velodyne_msgs
[3.292s] [ 23%] Built target velodyne_msgs__rosidl_typesupport_cpp
[3.292s] [ 33%] Built target velodyne_msgs__rosidl_typesupport_introspection_c
[3.292s] [ 43%] Built target velodyne_msgs__rosidl_typesupport_fastrtps_c
[3.292s] [ 53%] Built target velodyne_msgs__rosidl_typesupport_c
[3.292s] [ 64%] Built target velodyne_msgs__rosidl_typesupport_fastrtps_cpp
[3.292s] [ 74%] Built target velodyne_msgs__rosidl_typesupport_introspection_cpp
[3.292s] [ 74%] Built target velodyne_msgs
[3.292s] [ 76%] Built target velodyne_msgs__py
[3.292s] running egg_info
[3.292s] writing velodyne_msgs.egg-info/PKG-INFO
[3.292s] writing dependency_links to velodyne_msgs.egg-info/dependency_links.txt
[3.292s] writing top-level names to velodyne_msgs.egg-info/top_level.txt
[3.292s] reading manifest file 'velodyne_msgs.egg-info/SOURCES.txt'
[3.293s] writing manifest file 'velodyne_msgs.egg-info/SOURCES.txt'
[3.293s] [ 76%] Built target ament_cmake_python_build_velodyne_msgs_egg
[3.293s] [ 84%] Built target velodyne_msgs__rosidl_generator_py
[3.469s] [ 89%] Built target velodyne_msgs__rosidl_typesupport_introspection_c__pyext
[3.495s] [ 94%] Built target velodyne_msgs__rosidl_typesupport_fastrtps_c__pyext
[3.510s] [100%] Built target velodyne_msgs__rosidl_typesupport_c__pyext
[3.581s] Invoked command in '/home/autoware/aichallenge2023-integration-final-main/build/velodyne_msgs' returned '0': CMAKE_PREFIX_PATH=${CMAKE_PREFIX_PATH}:/home/autoware/aichallenge2023-integration-final-main/install/simulator_compatibility_test:/home/autoware/aichallenge2023-integration-final-main/install/ad_api_visualizers:/home/autoware/autoware/install/simulator_compatibility_test:/home/autoware/autoware/install/ad_api_visualizers:/opt/ros/humble /usr/bin/cmake --build /home/autoware/aichallenge2023-integration-final-main/build/velodyne_msgs -- -j16 -l16
[5.260s] Invoking command in '/home/autoware/aichallenge2023-integration-final-main/build/velodyne_msgs': CMAKE_PREFIX_PATH=${CMAKE_PREFIX_PATH}:/home/autoware/aichallenge2023-integration-final-main/install/simulator_compatibility_test:/home/autoware/aichallenge2023-integration-final-main/install/ad_api_visualizers:/home/autoware/autoware/install/simulator_compatibility_test:/home/autoware/autoware/install/ad_api_visualizers:/opt/ros/humble /usr/bin/cmake --install /home/autoware/aichallenge2023-integration-final-main/build/velodyne_msgs
[5.318s] -- Install configuration: "Release"
[5.319s] -- Execute custom install script
[5.319s] -- Up-to-date symlink: /home/autoware/aichallenge2023-integration-final-main/install/velodyne_msgs/share/ament_index/resource_index/rosidl_interfaces/velodyne_msgs
[5.320s] -- Up-to-date symlink: /home/autoware/aichallenge2023-integration-final-main/install/velodyne_msgs/include/velodyne_msgs/velodyne_msgs/msg/detail/velodyne_packet__functions.h
[5.320s] -- Up-to-date symlink: /home/autoware/aichallenge2023-integration-final-main/install/velodyne_msgs/include/velodyne_msgs/velodyne_msgs/msg/detail/velodyne_packet__struct.h
[5.320s] -- Up-to-date symlink: /home/autoware/aichallenge2023-integration-final-main/install/velodyne_msgs/include/velodyne_msgs/velodyne_msgs/msg/detail/velodyne_packet__type_support.h
[5.320s] -- Up-to-date symlink: /home/autoware/aichallenge2023-integration-final-main/install/velodyne_msgs/include/velodyne_msgs/velodyne_msgs/msg/detail/velodyne_scan__functions.h
[5.321s] -- Up-to-date symlink: /home/autoware/aichallenge2023-integration-final-main/install/velodyne_msgs/include/velodyne_msgs/velodyne_msgs/msg/detail/velodyne_scan__struct.h
[5.321s] -- Up-to-date symlink: /home/autoware/aichallenge2023-integration-final-main/install/velodyne_msgs/include/velodyne_msgs/velodyne_msgs/msg/detail/velodyne_scan__type_support.h
[5.321s] -- Up-to-date symlink: /home/autoware/aichallenge2023-integration-final-main/install/velodyne_msgs/include/velodyne_msgs/velodyne_msgs/msg/rosidl_generator_c__visibility_control.h
[5.321s] -- Up-to-date symlink: /home/autoware/aichallenge2023-integration-final-main/install/velodyne_msgs/include/velodyne_msgs/velodyne_msgs/msg/velodyne_packet.h
[5.322s] -- Up-to-date symlink: /home/autoware/aichallenge2023-integration-final-main/install/velodyne_msgs/include/velodyne_msgs/velodyne_msgs/msg/velodyne_scan.h
[5.322s] -- Up-to-date symlink: /home/autoware/aichallenge2023-integration-final-main/install/velodyne_msgs/share/velodyne_msgs/environment/library_path.sh
[5.322s] -- Up-to-date symlink: /home/autoware/aichallenge2023-integration-final-main/install/velodyne_msgs/share/velodyne_msgs/environment/library_path.dsv
[5.323s] -- Up-to-date symlink: /home/autoware/aichallenge2023-integration-final-main/install/velodyne_msgs/include/velodyne_msgs/velodyne_msgs/msg/detail/velodyne_packet__rosidl_typesupport_fastrtps_c.h
[5.323s] -- Up-to-date symlink: /home/autoware/aichallenge2023-integration-final-main/install/velodyne_msgs/include/velodyne_msgs/velodyne_msgs/msg/detail/velodyne_scan__rosidl_typesupport_fastrtps_c.h
[5.323s] -- Up-to-date symlink: /home/autoware/aichallenge2023-integration-final-main/install/velodyne_msgs/include/velodyne_msgs/velodyne_msgs/msg/rosidl_typesupport_fastrtps_c__visibility_control.h
[5.324s] -- Up-to-date symlink: /home/autoware/aichallenge2023-integration-final-main/install/velodyne_msgs/include/velodyne_msgs/velodyne_msgs/msg/detail/velodyne_packet__builder.hpp
[5.324s] -- Up-to-date symlink: /home/autoware/aichallenge2023-integration-final-main/install/velodyne_msgs/include/velodyne_msgs/velodyne_msgs/msg/detail/velodyne_packet__struct.hpp
[5.324s] -- Up-to-date symlink: /home/autoware/aichallenge2023-integration-final-main/install/velodyne_msgs/include/velodyne_msgs/velodyne_msgs/msg/detail/velodyne_packet__traits.hpp
[5.324s] -- Up-to-date symlink: /home/autoware/aichallenge2023-integration-final-main/install/velodyne_msgs/include/velodyne_msgs/velodyne_msgs/msg/detail/velodyne_scan__builder.hpp
[5.325s] -- Up-to-date symlink: /home/autoware/aichallenge2023-integration-final-main/install/velodyne_msgs/include/velodyne_msgs/velodyne_msgs/msg/detail/velodyne_scan__struct.hpp
[5.325s] -- Up-to-date symlink: /home/autoware/aichallenge2023-integration-final-main/install/velodyne_msgs/include/velodyne_msgs/velodyne_msgs/msg/detail/velodyne_scan__traits.hpp
[5.325s] -- Up-to-date symlink: /home/autoware/aichallenge2023-integration-final-main/install/velodyne_msgs/include/velodyne_msgs/velodyne_msgs/msg/velodyne_packet.hpp
[5.325s] -- Up-to-date symlink: /home/autoware/aichallenge2023-integration-final-main/install/velodyne_msgs/include/velodyne_msgs/velodyne_msgs/msg/velodyne_scan.hpp
[5.330s] -- Up-to-date symlink: /home/autoware/aichallenge2023-integration-final-main/install/velodyne_msgs/include/velodyne_msgs/velodyne_msgs/msg/detail/velodyne_packet__rosidl_typesupport_fastrtps_cpp.hpp
[5.330s] -- Up-to-date symlink: /home/autoware/aichallenge2023-integration-final-main/install/velodyne_msgs/include/velodyne_msgs/velodyne_msgs/msg/detail/velodyne_scan__rosidl_typesupport_fastrtps_cpp.hpp
[5.330s] -- Up-to-date symlink: /home/autoware/aichallenge2023-integration-final-main/install/velodyne_msgs/include/velodyne_msgs/velodyne_msgs/msg/rosidl_typesupport_fastrtps_cpp__visibility_control.h
[5.331s] -- Up-to-date symlink: /home/autoware/aichallenge2023-integration-final-main/install/velodyne_msgs/include/velodyne_msgs/velodyne_msgs/msg/detail/velodyne_packet__rosidl_typesupport_introspection_c.h
[5.331s] -- Up-to-date symlink: /home/autoware/aichallenge2023-integration-final-main/install/velodyne_msgs/include/velodyne_msgs/velodyne_msgs/msg/detail/velodyne_scan__rosidl_typesupport_introspection_c.h
[5.331s] -- Up-to-date symlink: /home/autoware/aichallenge2023-integration-final-main/install/velodyne_msgs/include/velodyne_msgs/velodyne_msgs/msg/rosidl_typesupport_introspection_c__visibility_control.h
[5.331s] -- Up-to-date symlink: /home/autoware/aichallenge2023-integration-final-main/install/velodyne_msgs/include/velodyne_msgs/velodyne_msgs/msg/detail/velodyne_packet__rosidl_typesupport_introspection_cpp.hpp
[5.331s] -- Up-to-date symlink: /home/autoware/aichallenge2023-integration-final-main/install/velodyne_msgs/include/velodyne_msgs/velodyne_msgs/msg/detail/velodyne_scan__rosidl_typesupport_introspection_cpp.hpp
[5.331s] -- Up-to-date symlink: /home/autoware/aichallenge2023-integration-final-main/install/velodyne_msgs/share/velodyne_msgs/environment/pythonpath.sh
[5.332s] -- Up-to-date symlink: /home/autoware/aichallenge2023-integration-final-main/install/velodyne_msgs/share/velodyne_msgs/environment/pythonpath.dsv
[5.332s] -- Up-to-date symlink: /home/autoware/aichallenge2023-integration-final-main/install/velodyne_msgs/local/lib/python3.10/dist-packages/velodyne_msgs-2.1.0-py3.10.egg-info/PKG-INFO
[5.332s] -- Up-to-date symlink: /home/autoware/aichallenge2023-integration-final-main/install/velodyne_msgs/local/lib/python3.10/dist-packages/velodyne_msgs-2.1.0-py3.10.egg-info/SOURCES.txt
[5.332s] -- Up-to-date symlink: /home/autoware/aichallenge2023-integration-final-main/install/velodyne_msgs/local/lib/python3.10/dist-packages/velodyne_msgs-2.1.0-py3.10.egg-info/dependency_links.txt
[5.332s] -- Up-to-date symlink: /home/autoware/aichallenge2023-integration-final-main/install/velodyne_msgs/local/lib/python3.10/dist-packages/velodyne_msgs-2.1.0-py3.10.egg-info/top_level.txt
[5.333s] -- Up-to-date symlink: /home/autoware/aichallenge2023-integration-final-main/install/velodyne_msgs/local/lib/python3.10/dist-packages/velodyne_msgs/__init__.py
[5.333s] -- Up-to-date symlink: /home/autoware/aichallenge2023-integration-final-main/install/velodyne_msgs/local/lib/python3.10/dist-packages/velodyne_msgs/_velodyne_msgs_s.ep.rosidl_typesupport_c.c
[5.333s] -- Up-to-date symlink: /home/autoware/aichallenge2023-integration-final-main/install/velodyne_msgs/local/lib/python3.10/dist-packages/velodyne_msgs/_velodyne_msgs_s.ep.rosidl_typesupport_fastrtps_c.c
[5.333s] -- Up-to-date symlink: /home/autoware/aichallenge2023-integration-final-main/install/velodyne_msgs/local/lib/python3.10/dist-packages/velodyne_msgs/_velodyne_msgs_s.ep.rosidl_typesupport_introspection_c.c
[5.333s] -- Up-to-date symlink: /home/autoware/aichallenge2023-integration-final-main/install/velodyne_msgs/local/lib/python3.10/dist-packages/velodyne_msgs/libvelodyne_msgs__rosidl_generator_py.so
[5.333s] -- Up-to-date symlink: /home/autoware/aichallenge2023-integration-final-main/install/velodyne_msgs/local/lib/python3.10/dist-packages/velodyne_msgs/msg/__init__.py
[5.333s] -- Up-to-date symlink: /home/autoware/aichallenge2023-integration-final-main/install/velodyne_msgs/local/lib/python3.10/dist-packages/velodyne_msgs/msg/_velodyne_packet.py
[5.334s] -- Up-to-date symlink: /home/autoware/aichallenge2023-integration-final-main/install/velodyne_msgs/local/lib/python3.10/dist-packages/velodyne_msgs/msg/_velodyne_packet_s.c
[5.334s] -- Up-to-date symlink: /home/autoware/aichallenge2023-integration-final-main/install/velodyne_msgs/local/lib/python3.10/dist-packages/velodyne_msgs/msg/_velodyne_scan.py
[5.334s] -- Up-to-date symlink: /home/autoware/aichallenge2023-integration-final-main/install/velodyne_msgs/local/lib/python3.10/dist-packages/velodyne_msgs/msg/_velodyne_scan_s.c
[5.334s] -- Up-to-date symlink: /home/autoware/aichallenge2023-integration-final-main/install/velodyne_msgs/local/lib/python3.10/dist-packages/velodyne_msgs/velodyne_msgs_s__rosidl_typesupport_c.cpython-310-x86_64-linux-gnu.so
[5.334s] -- Up-to-date symlink: /home/autoware/aichallenge2023-integration-final-main/install/velodyne_msgs/local/lib/python3.10/dist-packages/velodyne_msgs/velodyne_msgs_s__rosidl_typesupport_fastrtps_c.cpython-310-x86_64-linux-gnu.so
[5.334s] -- Up-to-date symlink: /home/autoware/aichallenge2023-integration-final-main/install/velodyne_msgs/local/lib/python3.10/dist-packages/velodyne_msgs/velodyne_msgs_s__rosidl_typesupport_introspection_c.cpython-310-x86_64-linux-gnu.so
[5.334s] -- Up-to-date symlink: /home/autoware/aichallenge2023-integration-final-main/install/velodyne_msgs/local/lib/python3.10/dist-packages/velodyne_msgs/velodyne_msgs_s__rosidl_typesupport_fastrtps_c.cpython-310-x86_64-linux-gnu.so
[5.335s] -- Up-to-date symlink: /home/autoware/aichallenge2023-integration-final-main/install/velodyne_msgs/local/lib/python3.10/dist-packages/velodyne_msgs/velodyne_msgs_s__rosidl_typesupport_introspection_c.cpython-310-x86_64-linux-gnu.so
[5.335s] -- Up-to-date symlink: /home/autoware/aichallenge2023-integration-final-main/install/velodyne_msgs/local/lib/python3.10/dist-packages/velodyne_msgs/velodyne_msgs_s__rosidl_typesupport_c.cpython-310-x86_64-linux-gnu.so
[5.335s] -- Up-to-date symlink: /home/autoware/aichallenge2023-integration-final-main/install/velodyne_msgs/share/velodyne_msgs/msg/VelodynePacket.idl
[5.335s] -- Up-to-date symlink: /home/autoware/aichallenge2023-integration-final-main/install/velodyne_msgs/share/velodyne_msgs/msg/VelodyneScan.idl
[5.335s] -- Up-to-date symlink: /home/autoware/aichallenge2023-integration-final-main/install/velodyne_msgs/share/velodyne_msgs/msg/VelodynePacket.msg
[5.336s] -- Up-to-date symlink: /home/autoware/aichallenge2023-integration-final-main/install/velodyne_msgs/share/velodyne_msgs/msg/VelodyneScan.msg
[5.336s] -- Up-to-date symlink: /home/autoware/aichallenge2023-integration-final-main/install/velodyne_msgs/share/ament_index/resource_index/package_run_dependencies/velodyne_msgs
[5.336s] -- Up-to-date symlink: /home/autoware/aichallenge2023-integration-final-main/install/velodyne_msgs/share/ament_index/resource_index/parent_prefix_path/velodyne_msgs
[5.336s] -- Up-to-date symlink: /home/autoware/aichallenge2023-integration-final-main/install/velodyne_msgs/share/velodyne_msgs/environment/ament_prefix_path.sh
[5.336s] -- Up-to-date symlink: /home/autoware/aichallenge2023-integration-final-main/install/velodyne_msgs/share/velodyne_msgs/environment/ament_prefix_path.dsv
[5.336s] -- Up-to-date symlink: /home/autoware/aichallenge2023-integration-final-main/install/velodyne_msgs/share/velodyne_msgs/environment/path.sh
[5.337s] -- Up-to-date symlink: /home/autoware/aichallenge2023-integration-final-main/install/velodyne_msgs/share/velodyne_msgs/environment/path.dsv
[5.337s] -- Up-to-date symlink: /home/autoware/aichallenge2023-integration-final-main/install/velodyne_msgs/share/velodyne_msgs/local_setup.bash
[5.337s] -- Up-to-date symlink: /home/autoware/aichallenge2023-integration-final-main/install/velodyne_msgs/share/velodyne_msgs/local_setup.sh
[5.337s] -- Up-to-date symlink: /home/autoware/aichallenge2023-integration-final-main/install/velodyne_msgs/share/velodyne_msgs/local_setup.zsh
[5.337s] -- Up-to-date symlink: /home/autoware/aichallenge2023-integration-final-main/install/velodyne_msgs/share/velodyne_msgs/local_setup.dsv
[5.337s] -- Symlinking: /home/autoware/aichallenge2023-integration-final-main/install/velodyne_msgs/share/velodyne_msgs/package.dsv
[5.391s] -- Up-to-date symlink: /home/autoware/aichallenge2023-integration-final-main/install/velodyne_msgs/share/ament_index/resource_index/packages/velodyne_msgs
[5.392s] -- Up-to-date symlink: /home/autoware/aichallenge2023-integration-final-main/install/velodyne_msgs/share/velodyne_msgs/cmake/rosidl_cmake-extras.cmake
[5.392s] -- Up-to-date symlink: /home/autoware/aichallenge2023-integration-final-main/install/velodyne_msgs/share/velodyne_msgs/cmake/ament_cmake_export_dependencies-extras.cmake
[5.392s] -- Up-to-date symlink: /home/autoware/aichallenge2023-integration-final-main/install/velodyne_msgs/share/velodyne_msgs/cmake/ament_cmake_export_include_directories-extras.cmake
[5.392s] -- Up-to-date symlink: /home/autoware/aichallenge2023-integration-final-main/install/velodyne_msgs/share/velodyne_msgs/cmake/ament_cmake_export_libraries-extras.cmake
[5.392s] -- Up-to-date symlink: /home/autoware/aichallenge2023-integration-final-main/install/velodyne_msgs/share/velodyne_msgs/cmake/ament_cmake_export_targets-extras.cmake
[5.392s] -- Up-to-date symlink: /home/autoware/aichallenge2023-integration-final-main/install/velodyne_msgs/share/velodyne_msgs/cmake/rosidl_cmake_export_typesupport_targets-extras.cmake
[5.392s] -- Up-to-date symlink: /home/autoware/aichallenge2023-integration-final-main/install/velodyne_msgs/share/velodyne_msgs/cmake/rosidl_cmake_export_typesupport_libraries-extras.cmake
[5.393s] -- Up-to-date symlink: /home/autoware/aichallenge2023-integration-final-main/install/velodyne_msgs/share/velodyne_msgs/cmake/velodyne_msgsConfig.cmake
[5.393s] -- Up-to-date symlink: /home/autoware/aichallenge2023-integration-final-main/install/velodyne_msgs/share/velodyne_msgs/cmake/velodyne_msgsConfig-version.cmake
[5.393s] -- Up-to-date symlink: /home/autoware/aichallenge2023-integration-final-main/install/velodyne_msgs/share/velodyne_msgs/package.xml
[5.393s] -- Up-to-date: /home/autoware/aichallenge2023-integration-final-main/install/velodyne_msgs/lib/libvelodyne_msgs__rosidl_generator_c.so
[5.393s] -- Up-to-date: /home/autoware/aichallenge2023-integration-final-main/install/velodyne_msgs/lib/libvelodyne_msgs__rosidl_typesupport_fastrtps_c.so
[5.394s] -- Up-to-date: /home/autoware/aichallenge2023-integration-final-main/install/velodyne_msgs/lib/libvelodyne_msgs__rosidl_typesupport_fastrtps_cpp.so
[5.395s] -- Up-to-date: /home/autoware/aichallenge2023-integration-final-main/install/velodyne_msgs/lib/libvelodyne_msgs__rosidl_typesupport_introspection_c.so
[5.395s] -- Up-to-date: /home/autoware/aichallenge2023-integration-final-main/install/velodyne_msgs/lib/libvelodyne_msgs__rosidl_typesupport_c.so
[5.395s] -- Up-to-date: /home/autoware/aichallenge2023-integration-final-main/install/velodyne_msgs/lib/libvelodyne_msgs__rosidl_typesupport_introspection_cpp.so
[5.395s] -- Up-to-date: /home/autoware/aichallenge2023-integration-final-main/install/velodyne_msgs/lib/libvelodyne_msgs__rosidl_typesupport_cpp.so
[5.513s] Listing '/home/autoware/aichallenge2023-integration-final-main/install/velodyne_msgs/local/lib/python3.10/dist-packages/velodyne_msgs'...
[5.513s] Listing '/home/autoware/aichallenge2023-integration-final-main/install/velodyne_msgs/local/lib/python3.10/dist-packages/velodyne_msgs/msg'...
[5.518s] -- Up-to-date: /home/autoware/aichallenge2023-integration-final-main/install/velodyne_msgs/lib/libvelodyne_msgs__rosidl_generator_py.so
[5.518s] -- Up-to-date: /home/autoware/aichallenge2023-integration-final-main/install/velodyne_msgs/share/velodyne_msgs/cmake/export_velodyne_msgs__rosidl_generator_cExport.cmake
[5.518s] -- Up-to-date: /home/autoware/aichallenge2023-integration-final-main/install/velodyne_msgs/share/velodyne_msgs/cmake/export_velodyne_msgs__rosidl_generator_cExport-release.cmake
[5.519s] -- Up-to-date: /home/autoware/aichallenge2023-integration-final-main/install/velodyne_msgs/share/velodyne_msgs/cmake/export_velodyne_msgs__rosidl_typesupport_fastrtps_cExport.cmake
[5.519s] -- Up-to-date: /home/autoware/aichallenge2023-integration-final-main/install/velodyne_msgs/share/velodyne_msgs/cmake/export_velodyne_msgs__rosidl_typesupport_fastrtps_cExport-release.cmake
[5.519s] -- Up-to-date: /home/autoware/aichallenge2023-integration-final-main/install/velodyne_msgs/share/velodyne_msgs/cmake/export_velodyne_msgs__rosidl_generator_cppExport.cmake
[5.519s] -- Up-to-date: /home/autoware/aichallenge2023-integration-final-main/install/velodyne_msgs/share/velodyne_msgs/cmake/export_velodyne_msgs__rosidl_typesupport_fastrtps_cppExport.cmake
[5.519s] -- Up-to-date: /home/autoware/aichallenge2023-integration-final-main/install/velodyne_msgs/share/velodyne_msgs/cmake/export_velodyne_msgs__rosidl_typesupport_fastrtps_cppExport-release.cmake
[5.519s] -- Up-to-date: /home/autoware/aichallenge2023-integration-final-main/install/velodyne_msgs/share/velodyne_msgs/cmake/velodyne_msgs__rosidl_typesupport_introspection_cExport.cmake
[5.520s] -- Up-to-date: /home/autoware/aichallenge2023-integration-final-main/install/velodyne_msgs/share/velodyne_msgs/cmake/velodyne_msgs__rosidl_typesupport_introspection_cExport-release.cmake
[5.520s] -- Up-to-date: /home/autoware/aichallenge2023-integration-final-main/install/velodyne_msgs/share/velodyne_msgs/cmake/velodyne_msgs__rosidl_typesupport_cExport.cmake
[5.520s] -- Up-to-date: /home/autoware/aichallenge2023-integration-final-main/install/velodyne_msgs/share/velodyne_msgs/cmake/velodyne_msgs__rosidl_typesupport_cExport-release.cmake
[5.520s] -- Up-to-date: /home/autoware/aichallenge2023-integration-final-main/install/velodyne_msgs/share/velodyne_msgs/cmake/velodyne_msgs__rosidl_typesupport_introspection_cppExport.cmake
[5.520s] -- Up-to-date: /home/autoware/aichallenge2023-integration-final-main/install/velodyne_msgs/share/velodyne_msgs/cmake/velodyne_msgs__rosidl_typesupport_introspection_cppExport-release.cmake
[5.521s] -- Up-to-date: /home/autoware/aichallenge2023-integration-final-main/install/velodyne_msgs/share/velodyne_msgs/cmake/velodyne_msgs__rosidl_typesupport_cppExport.cmake
[5.521s] -- Up-to-date: /home/autoware/aichallenge2023-integration-final-main/install/velodyne_msgs/share/velodyne_msgs/cmake/velodyne_msgs__rosidl_typesupport_cppExport-release.cmake
[5.521s] -- Up-to-date: /home/autoware/aichallenge2023-integration-final-main/install/velodyne_msgs/share/velodyne_msgs/cmake/export_velodyne_msgs__rosidl_generator_pyExport.cmake
[5.521s] -- Up-to-date: /home/autoware/aichallenge2023-integration-final-main/install/velodyne_msgs/share/velodyne_msgs/cmake/export_velodyne_msgs__rosidl_generator_pyExport-release.cmake
[5.530s] Invoked command in '/home/autoware/aichallenge2023-integration-final-main/build/velodyne_msgs' returned '0': CMAKE_PREFIX_PATH=${CMAKE_PREFIX_PATH}:/home/autoware/aichallenge2023-integration-final-main/install/simulator_compatibility_test:/home/autoware/aichallenge2023-integration-final-main/install/ad_api_visualizers:/home/autoware/autoware/install/simulator_compatibility_test:/home/autoware/autoware/install/ad_api_visualizers:/opt/ros/humble /usr/bin/cmake --install /home/autoware/aichallenge2023-integration-final-main/build/velodyne_msgs
