-- Install configuration: "Release"
-- Execute custom install script
-- Up-to-date symlink: /home/autoware/aichallenge2023-integration-final-main/install/aip_aichallenge_description/share/aip_aichallenge_description/config/sensor_kit_calibration.yaml
-- Up-to-date symlink: /home/autoware/aichallenge2023-integration-final-main/install/aip_aichallenge_description/share/aip_aichallenge_description/config/sensors_calibration.yaml
-- Up-to-date symlink: /home/autoware/aichallenge2023-integration-final-main/install/aip_aichallenge_description/share/aip_aichallenge_description/urdf/sensor_kit.xacro
-- Up-to-date symlink: /home/autoware/aichallenge2023-integration-final-main/install/aip_aichallenge_description/share/aip_aichallenge_description/urdf/sensors.xacro
-- Up-to-date symlink: /home/autoware/aichallenge2023-integration-final-main/install/aip_aichallenge_description/share/ament_index/resource_index/package_run_dependencies/aip_aichallenge_description
-- Up-to-date symlink: /home/autoware/aichallenge2023-integration-final-main/install/aip_aichallenge_description/share/ament_index/resource_index/parent_prefix_path/aip_aichallenge_description
-- Up-to-date symlink: /home/autoware/aichallenge2023-integration-final-main/install/aip_aichallenge_description/share/aip_aichallenge_description/environment/ament_prefix_path.sh
-- Up-to-date symlink: /home/autoware/aichallenge2023-integration-final-main/install/aip_aichallenge_description/share/aip_aichallenge_description/environment/ament_prefix_path.dsv
-- Up-to-date symlink: /home/autoware/aichallenge2023-integration-final-main/install/aip_aichallenge_description/share/aip_aichallenge_description/environment/path.sh
-- Up-to-date symlink: /home/autoware/aichallenge2023-integration-final-main/install/aip_aichallenge_description/share/aip_aichallenge_description/environment/path.dsv
-- Up-to-date symlink: /home/autoware/aichallenge2023-integration-final-main/install/aip_aichallenge_description/share/aip_aichallenge_description/local_setup.bash
-- Up-to-date symlink: /home/autoware/aichallenge2023-integration-final-main/install/aip_aichallenge_description/share/aip_aichallenge_description/local_setup.sh
-- Up-to-date symlink: /home/autoware/aichallenge2023-integration-final-main/install/aip_aichallenge_description/share/aip_aichallenge_description/local_setup.zsh
-- Up-to-date symlink: /home/autoware/aichallenge2023-integration-final-main/install/aip_aichallenge_description/share/aip_aichallenge_description/local_setup.dsv
-- Symlinking: /home/autoware/aichallenge2023-integration-final-main/install/aip_aichallenge_description/share/aip_aichallenge_description/package.dsv
-- Up-to-date symlink: /home/autoware/aichallenge2023-integration-final-main/install/aip_aichallenge_description/share/ament_index/resource_index/packages/aip_aichallenge_description
-- Up-to-date symlink: /home/autoware/aichallenge2023-integration-final-main/install/aip_aichallenge_description/share/aip_aichallenge_description/cmake/aip_aichallenge_descriptionConfig.cmake
-- Up-to-date symlink: /home/autoware/aichallenge2023-integration-final-main/install/aip_aichallenge_description/share/aip_aichallenge_description/cmake/aip_aichallenge_descriptionConfig-version.cmake
-- Up-to-date symlink: /home/autoware/aichallenge2023-integration-final-main/install/aip_aichallenge_description/share/aip_aichallenge_description/package.xml
