[0.116s] Invoking command in '/home/autoware/aichallenge2023-integration-final-main/build/aichallenge_scoring_msgs': CMAKE_PREFIX_PATH=${CMAKE_PREFIX_PATH}:/home/autoware/autoware/install/simulator_compatibility_test:/home/autoware/autoware/install/ad_api_visualizers:/opt/ros/humble /usr/bin/cmake --build /home/autoware/aichallenge2023-integration-final-main/build/aichallenge_scoring_msgs -- -j16 -l16
[0.330s] [35m[1mConsolidate compiler generated dependencies of target aichallenge_scoring_msgs__rosidl_generator_c[0m
[0.384s] [  3%] Built target aichallenge_scoring_msgs__cpp
[0.409s] [ 12%] Built target aichallenge_scoring_msgs__rosidl_generator_c
[0.422s] [ 12%] Built target ament_cmake_python_symlink_aichallenge_scoring_msgs
[0.467s] [35m[1mConsolidate compiler generated dependencies of target aichallenge_scoring_msgs__rosidl_typesupport_cpp[0m
[0.503s] [35m[1mConsolidate compiler generated dependencies of target aichallenge_scoring_msgs__rosidl_typesupport_fastrtps_cpp[0m
[0.506s] [35m[1mConsolidate compiler generated dependencies of target aichallenge_scoring_msgs__rosidl_typesupport_fastrtps_c[0m
[0.506s] [35m[1mConsolidate compiler generated dependencies of target aichallenge_scoring_msgs__rosidl_typesupport_introspection_c[0m
[0.518s] [35m[1mConsolidate compiler generated dependencies of target aichallenge_scoring_msgs__rosidl_typesupport_introspection_cpp[0m
[0.520s] [35m[1mConsolidate compiler generated dependencies of target aichallenge_scoring_msgs__rosidl_typesupport_c[0m
[0.564s] [ 22%] Built target aichallenge_scoring_msgs__rosidl_typesupport_cpp
[0.608s] [ 32%] Built target aichallenge_scoring_msgs__rosidl_typesupport_fastrtps_cpp
[0.626s] [ 41%] Built target aichallenge_scoring_msgs__rosidl_typesupport_fastrtps_c
[0.639s] [ 51%] Built target aichallenge_scoring_msgs__rosidl_typesupport_introspection_c
[0.648s] [ 61%] Built target aichallenge_scoring_msgs__rosidl_typesupport_introspection_cpp
[0.653s] [ 70%] Built target aichallenge_scoring_msgs__rosidl_typesupport_c
[0.774s] [ 70%] Built target aichallenge_scoring_msgs
[0.915s] [ 74%] Built target aichallenge_scoring_msgs__py
[0.992s] [35m[1mConsolidate compiler generated dependencies of target aichallenge_scoring_msgs__rosidl_generator_py[0m
[1.024s] running egg_info
[1.026s] writing aichallenge_scoring_msgs.egg-info/PKG-INFO
[1.026s] writing dependency_links to aichallenge_scoring_msgs.egg-info/dependency_links.txt
[1.026s] writing top-level names to aichallenge_scoring_msgs.egg-info/top_level.txt
[1.032s] reading manifest file 'aichallenge_scoring_msgs.egg-info/SOURCES.txt'
[1.040s] writing manifest file 'aichallenge_scoring_msgs.egg-info/SOURCES.txt'
[1.098s] [ 80%] Built target aichallenge_scoring_msgs__rosidl_generator_py
[1.130s] [ 80%] Built target ament_cmake_python_build_aichallenge_scoring_msgs_egg
[1.169s] [35m[1mConsolidate compiler generated dependencies of target aichallenge_scoring_msgs__rosidl_typesupport_fastrtps_c__pyext[0m
[1.171s] [35m[1mConsolidate compiler generated dependencies of target aichallenge_scoring_msgs__rosidl_typesupport_introspection_c__pyext[0m
[1.177s] [35m[1mConsolidate compiler generated dependencies of target aichallenge_scoring_msgs__rosidl_typesupport_c__pyext[0m
[1.246s] [ 87%] Built target aichallenge_scoring_msgs__rosidl_typesupport_c__pyext
[1.255s] [ 93%] Built target aichallenge_scoring_msgs__rosidl_typesupport_fastrtps_c__pyext
[1.283s] [100%] Built target aichallenge_scoring_msgs__rosidl_typesupport_introspection_c__pyext
[1.393s] Invoked command in '/home/autoware/aichallenge2023-integration-final-main/build/aichallenge_scoring_msgs' returned '0': CMAKE_PREFIX_PATH=${CMAKE_PREFIX_PATH}:/home/autoware/autoware/install/simulator_compatibility_test:/home/autoware/autoware/install/ad_api_visualizers:/opt/ros/humble /usr/bin/cmake --build /home/autoware/aichallenge2023-integration-final-main/build/aichallenge_scoring_msgs -- -j16 -l16
[2.292s] Invoking command in '/home/autoware/aichallenge2023-integration-final-main/build/aichallenge_scoring_msgs': CMAKE_PREFIX_PATH=${CMAKE_PREFIX_PATH}:/home/autoware/autoware/install/simulator_compatibility_test:/home/autoware/autoware/install/ad_api_visualizers:/opt/ros/humble /usr/bin/cmake --install /home/autoware/aichallenge2023-integration-final-main/build/aichallenge_scoring_msgs
[2.331s] -- Install configuration: "Release"
[2.332s] -- Execute custom install script
[2.333s] -- Up-to-date symlink: /home/autoware/aichallenge2023-integration-final-main/install/aichallenge_scoring_msgs/share/ament_index/resource_index/rosidl_interfaces/aichallenge_scoring_msgs
[2.334s] -- Up-to-date symlink: /home/autoware/aichallenge2023-integration-final-main/install/aichallenge_scoring_msgs/include/aichallenge_scoring_msgs/aichallenge_scoring_msgs/msg/detail/score__functions.h
[2.334s] -- Up-to-date symlink: /home/autoware/aichallenge2023-integration-final-main/install/aichallenge_scoring_msgs/include/aichallenge_scoring_msgs/aichallenge_scoring_msgs/msg/detail/score__struct.h
[2.334s] -- Up-to-date symlink: /home/autoware/aichallenge2023-integration-final-main/install/aichallenge_scoring_msgs/include/aichallenge_scoring_msgs/aichallenge_scoring_msgs/msg/detail/score__type_support.h
[2.335s] -- Up-to-date symlink: /home/autoware/aichallenge2023-integration-final-main/install/aichallenge_scoring_msgs/include/aichallenge_scoring_msgs/aichallenge_scoring_msgs/msg/rosidl_generator_c__visibility_control.h
[2.335s] -- Up-to-date symlink: /home/autoware/aichallenge2023-integration-final-main/install/aichallenge_scoring_msgs/include/aichallenge_scoring_msgs/aichallenge_scoring_msgs/msg/score.h
[2.340s] -- Up-to-date symlink: /home/autoware/aichallenge2023-integration-final-main/install/aichallenge_scoring_msgs/share/aichallenge_scoring_msgs/environment/library_path.sh
[2.340s] -- Up-to-date symlink: /home/autoware/aichallenge2023-integration-final-main/install/aichallenge_scoring_msgs/share/aichallenge_scoring_msgs/environment/library_path.dsv
[2.341s] -- Up-to-date symlink: /home/autoware/aichallenge2023-integration-final-main/install/aichallenge_scoring_msgs/include/aichallenge_scoring_msgs/aichallenge_scoring_msgs/msg/detail/score__rosidl_typesupport_fastrtps_c.h
[2.341s] -- Up-to-date symlink: /home/autoware/aichallenge2023-integration-final-main/install/aichallenge_scoring_msgs/include/aichallenge_scoring_msgs/aichallenge_scoring_msgs/msg/rosidl_typesupport_fastrtps_c__visibility_control.h
[2.341s] -- Up-to-date symlink: /home/autoware/aichallenge2023-integration-final-main/install/aichallenge_scoring_msgs/include/aichallenge_scoring_msgs/aichallenge_scoring_msgs/msg/detail/score__rosidl_typesupport_introspection_c.h
[2.341s] -- Up-to-date symlink: /home/autoware/aichallenge2023-integration-final-main/install/aichallenge_scoring_msgs/include/aichallenge_scoring_msgs/aichallenge_scoring_msgs/msg/rosidl_typesupport_introspection_c__visibility_control.h
[2.341s] -- Up-to-date symlink: /home/autoware/aichallenge2023-integration-final-main/install/aichallenge_scoring_msgs/include/aichallenge_scoring_msgs/aichallenge_scoring_msgs/msg/detail/score__builder.hpp
[2.342s] -- Up-to-date symlink: /home/autoware/aichallenge2023-integration-final-main/install/aichallenge_scoring_msgs/include/aichallenge_scoring_msgs/aichallenge_scoring_msgs/msg/detail/score__struct.hpp
[2.342s] -- Up-to-date symlink: /home/autoware/aichallenge2023-integration-final-main/install/aichallenge_scoring_msgs/include/aichallenge_scoring_msgs/aichallenge_scoring_msgs/msg/detail/score__traits.hpp
[2.342s] -- Up-to-date symlink: /home/autoware/aichallenge2023-integration-final-main/install/aichallenge_scoring_msgs/include/aichallenge_scoring_msgs/aichallenge_scoring_msgs/msg/score.hpp
[2.345s] -- Up-to-date symlink: /home/autoware/aichallenge2023-integration-final-main/install/aichallenge_scoring_msgs/include/aichallenge_scoring_msgs/aichallenge_scoring_msgs/msg/detail/score__rosidl_typesupport_fastrtps_cpp.hpp
[2.345s] -- Up-to-date symlink: /home/autoware/aichallenge2023-integration-final-main/install/aichallenge_scoring_msgs/include/aichallenge_scoring_msgs/aichallenge_scoring_msgs/msg/rosidl_typesupport_fastrtps_cpp__visibility_control.h
[2.346s] -- Up-to-date symlink: /home/autoware/aichallenge2023-integration-final-main/install/aichallenge_scoring_msgs/include/aichallenge_scoring_msgs/aichallenge_scoring_msgs/msg/detail/score__rosidl_typesupport_introspection_cpp.hpp
[2.346s] -- Up-to-date symlink: /home/autoware/aichallenge2023-integration-final-main/install/aichallenge_scoring_msgs/share/aichallenge_scoring_msgs/environment/pythonpath.sh
[2.346s] -- Up-to-date symlink: /home/autoware/aichallenge2023-integration-final-main/install/aichallenge_scoring_msgs/share/aichallenge_scoring_msgs/environment/pythonpath.dsv
[2.346s] -- Up-to-date symlink: /home/autoware/aichallenge2023-integration-final-main/install/aichallenge_scoring_msgs/local/lib/python3.10/dist-packages/aichallenge_scoring_msgs-1.0.0-py3.10.egg-info/PKG-INFO
[2.346s] -- Up-to-date symlink: /home/autoware/aichallenge2023-integration-final-main/install/aichallenge_scoring_msgs/local/lib/python3.10/dist-packages/aichallenge_scoring_msgs-1.0.0-py3.10.egg-info/SOURCES.txt
[2.346s] -- Up-to-date symlink: /home/autoware/aichallenge2023-integration-final-main/install/aichallenge_scoring_msgs/local/lib/python3.10/dist-packages/aichallenge_scoring_msgs-1.0.0-py3.10.egg-info/dependency_links.txt
[2.346s] -- Up-to-date symlink: /home/autoware/aichallenge2023-integration-final-main/install/aichallenge_scoring_msgs/local/lib/python3.10/dist-packages/aichallenge_scoring_msgs-1.0.0-py3.10.egg-info/top_level.txt
[2.346s] -- Up-to-date symlink: /home/autoware/aichallenge2023-integration-final-main/install/aichallenge_scoring_msgs/local/lib/python3.10/dist-packages/aichallenge_scoring_msgs/__init__.py
[2.346s] -- Up-to-date symlink: /home/autoware/aichallenge2023-integration-final-main/install/aichallenge_scoring_msgs/local/lib/python3.10/dist-packages/aichallenge_scoring_msgs/_aichallenge_scoring_msgs_s.ep.rosidl_typesupport_c.c
[2.346s] -- Up-to-date symlink: /home/autoware/aichallenge2023-integration-final-main/install/aichallenge_scoring_msgs/local/lib/python3.10/dist-packages/aichallenge_scoring_msgs/_aichallenge_scoring_msgs_s.ep.rosidl_typesupport_fastrtps_c.c
[2.346s] -- Up-to-date symlink: /home/autoware/aichallenge2023-integration-final-main/install/aichallenge_scoring_msgs/local/lib/python3.10/dist-packages/aichallenge_scoring_msgs/_aichallenge_scoring_msgs_s.ep.rosidl_typesupport_introspection_c.c
[2.347s] -- Up-to-date symlink: /home/autoware/aichallenge2023-integration-final-main/install/aichallenge_scoring_msgs/local/lib/python3.10/dist-packages/aichallenge_scoring_msgs/aichallenge_scoring_msgs_s__rosidl_typesupport_c.cpython-310-x86_64-linux-gnu.so
[2.347s] -- Up-to-date symlink: /home/autoware/aichallenge2023-integration-final-main/install/aichallenge_scoring_msgs/local/lib/python3.10/dist-packages/aichallenge_scoring_msgs/aichallenge_scoring_msgs_s__rosidl_typesupport_fastrtps_c.cpython-310-x86_64-linux-gnu.so
[2.347s] -- Up-to-date symlink: /home/autoware/aichallenge2023-integration-final-main/install/aichallenge_scoring_msgs/local/lib/python3.10/dist-packages/aichallenge_scoring_msgs/aichallenge_scoring_msgs_s__rosidl_typesupport_introspection_c.cpython-310-x86_64-linux-gnu.so
[2.347s] -- Up-to-date symlink: /home/autoware/aichallenge2023-integration-final-main/install/aichallenge_scoring_msgs/local/lib/python3.10/dist-packages/aichallenge_scoring_msgs/libaichallenge_scoring_msgs__rosidl_generator_py.so
[2.347s] -- Up-to-date symlink: /home/autoware/aichallenge2023-integration-final-main/install/aichallenge_scoring_msgs/local/lib/python3.10/dist-packages/aichallenge_scoring_msgs/msg/__init__.py
[2.347s] -- Up-to-date symlink: /home/autoware/aichallenge2023-integration-final-main/install/aichallenge_scoring_msgs/local/lib/python3.10/dist-packages/aichallenge_scoring_msgs/msg/_score.py
[2.347s] -- Up-to-date symlink: /home/autoware/aichallenge2023-integration-final-main/install/aichallenge_scoring_msgs/local/lib/python3.10/dist-packages/aichallenge_scoring_msgs/msg/_score_s.c
[2.348s] -- Up-to-date symlink: /home/autoware/aichallenge2023-integration-final-main/install/aichallenge_scoring_msgs/local/lib/python3.10/dist-packages/aichallenge_scoring_msgs/aichallenge_scoring_msgs_s__rosidl_typesupport_fastrtps_c.cpython-310-x86_64-linux-gnu.so
[2.348s] -- Up-to-date symlink: /home/autoware/aichallenge2023-integration-final-main/install/aichallenge_scoring_msgs/local/lib/python3.10/dist-packages/aichallenge_scoring_msgs/aichallenge_scoring_msgs_s__rosidl_typesupport_introspection_c.cpython-310-x86_64-linux-gnu.so
[2.349s] -- Up-to-date symlink: /home/autoware/aichallenge2023-integration-final-main/install/aichallenge_scoring_msgs/local/lib/python3.10/dist-packages/aichallenge_scoring_msgs/aichallenge_scoring_msgs_s__rosidl_typesupport_c.cpython-310-x86_64-linux-gnu.so
[2.349s] -- Up-to-date symlink: /home/autoware/aichallenge2023-integration-final-main/install/aichallenge_scoring_msgs/share/aichallenge_scoring_msgs/msg/Score.idl
[2.349s] -- Up-to-date symlink: /home/autoware/aichallenge2023-integration-final-main/install/aichallenge_scoring_msgs/share/aichallenge_scoring_msgs/msg/Score.msg
[2.350s] -- Up-to-date symlink: /home/autoware/aichallenge2023-integration-final-main/install/aichallenge_scoring_msgs/share/ament_index/resource_index/package_run_dependencies/aichallenge_scoring_msgs
[2.350s] -- Up-to-date symlink: /home/autoware/aichallenge2023-integration-final-main/install/aichallenge_scoring_msgs/share/ament_index/resource_index/parent_prefix_path/aichallenge_scoring_msgs
[2.350s] -- Up-to-date symlink: /home/autoware/aichallenge2023-integration-final-main/install/aichallenge_scoring_msgs/share/aichallenge_scoring_msgs/environment/ament_prefix_path.sh
[2.350s] -- Up-to-date symlink: /home/autoware/aichallenge2023-integration-final-main/install/aichallenge_scoring_msgs/share/aichallenge_scoring_msgs/environment/ament_prefix_path.dsv
[2.350s] -- Up-to-date symlink: /home/autoware/aichallenge2023-integration-final-main/install/aichallenge_scoring_msgs/share/aichallenge_scoring_msgs/environment/path.sh
[2.351s] -- Up-to-date symlink: /home/autoware/aichallenge2023-integration-final-main/install/aichallenge_scoring_msgs/share/aichallenge_scoring_msgs/environment/path.dsv
[2.351s] -- Up-to-date symlink: /home/autoware/aichallenge2023-integration-final-main/install/aichallenge_scoring_msgs/share/aichallenge_scoring_msgs/local_setup.bash
[2.351s] -- Up-to-date symlink: /home/autoware/aichallenge2023-integration-final-main/install/aichallenge_scoring_msgs/share/aichallenge_scoring_msgs/local_setup.sh
[2.351s] -- Up-to-date symlink: /home/autoware/aichallenge2023-integration-final-main/install/aichallenge_scoring_msgs/share/aichallenge_scoring_msgs/local_setup.zsh
[2.352s] -- Up-to-date symlink: /home/autoware/aichallenge2023-integration-final-main/install/aichallenge_scoring_msgs/share/aichallenge_scoring_msgs/local_setup.dsv
[2.352s] -- Symlinking: /home/autoware/aichallenge2023-integration-final-main/install/aichallenge_scoring_msgs/share/aichallenge_scoring_msgs/package.dsv
[2.390s] -- Up-to-date symlink: /home/autoware/aichallenge2023-integration-final-main/install/aichallenge_scoring_msgs/share/ament_index/resource_index/packages/aichallenge_scoring_msgs
[2.390s] -- Up-to-date symlink: /home/autoware/aichallenge2023-integration-final-main/install/aichallenge_scoring_msgs/share/aichallenge_scoring_msgs/cmake/rosidl_cmake-extras.cmake
[2.390s] -- Up-to-date symlink: /home/autoware/aichallenge2023-integration-final-main/install/aichallenge_scoring_msgs/share/aichallenge_scoring_msgs/cmake/ament_cmake_export_include_directories-extras.cmake
[2.390s] -- Up-to-date symlink: /home/autoware/aichallenge2023-integration-final-main/install/aichallenge_scoring_msgs/share/aichallenge_scoring_msgs/cmake/ament_cmake_export_libraries-extras.cmake
[2.390s] -- Up-to-date symlink: /home/autoware/aichallenge2023-integration-final-main/install/aichallenge_scoring_msgs/share/aichallenge_scoring_msgs/cmake/ament_cmake_export_targets-extras.cmake
[2.391s] -- Up-to-date symlink: /home/autoware/aichallenge2023-integration-final-main/install/aichallenge_scoring_msgs/share/aichallenge_scoring_msgs/cmake/rosidl_cmake_export_typesupport_targets-extras.cmake
[2.391s] -- Up-to-date symlink: /home/autoware/aichallenge2023-integration-final-main/install/aichallenge_scoring_msgs/share/aichallenge_scoring_msgs/cmake/ament_cmake_export_dependencies-extras.cmake
[2.391s] -- Up-to-date symlink: /home/autoware/aichallenge2023-integration-final-main/install/aichallenge_scoring_msgs/share/aichallenge_scoring_msgs/cmake/rosidl_cmake_export_typesupport_libraries-extras.cmake
[2.392s] -- Up-to-date symlink: /home/autoware/aichallenge2023-integration-final-main/install/aichallenge_scoring_msgs/share/aichallenge_scoring_msgs/cmake/aichallenge_scoring_msgsConfig.cmake
[2.392s] -- Up-to-date symlink: /home/autoware/aichallenge2023-integration-final-main/install/aichallenge_scoring_msgs/share/aichallenge_scoring_msgs/cmake/aichallenge_scoring_msgsConfig-version.cmake
[2.392s] -- Up-to-date symlink: /home/autoware/aichallenge2023-integration-final-main/install/aichallenge_scoring_msgs/share/aichallenge_scoring_msgs/package.xml
[2.414s] -- Up-to-date: /home/autoware/aichallenge2023-integration-final-main/install/aichallenge_scoring_msgs/lib/libaichallenge_scoring_msgs__rosidl_generator_c.so
[2.414s] -- Up-to-date: /home/autoware/aichallenge2023-integration-final-main/install/aichallenge_scoring_msgs/lib/libaichallenge_scoring_msgs__rosidl_typesupport_fastrtps_c.so
[2.414s] -- Up-to-date: /home/autoware/aichallenge2023-integration-final-main/install/aichallenge_scoring_msgs/lib/libaichallenge_scoring_msgs__rosidl_typesupport_introspection_c.so
[2.414s] -- Up-to-date: /home/autoware/aichallenge2023-integration-final-main/install/aichallenge_scoring_msgs/lib/libaichallenge_scoring_msgs__rosidl_typesupport_c.so
[2.415s] -- Up-to-date: /home/autoware/aichallenge2023-integration-final-main/install/aichallenge_scoring_msgs/lib/libaichallenge_scoring_msgs__rosidl_typesupport_fastrtps_cpp.so
[2.415s] -- Up-to-date: /home/autoware/aichallenge2023-integration-final-main/install/aichallenge_scoring_msgs/lib/libaichallenge_scoring_msgs__rosidl_typesupport_introspection_cpp.so
[2.415s] -- Up-to-date: /home/autoware/aichallenge2023-integration-final-main/install/aichallenge_scoring_msgs/lib/libaichallenge_scoring_msgs__rosidl_typesupport_cpp.so
[2.477s] Listing '/home/autoware/aichallenge2023-integration-final-main/install/aichallenge_scoring_msgs/local/lib/python3.10/dist-packages/aichallenge_scoring_msgs'...
[2.478s] Listing '/home/autoware/aichallenge2023-integration-final-main/install/aichallenge_scoring_msgs/local/lib/python3.10/dist-packages/aichallenge_scoring_msgs/msg'...
[2.486s] -- Up-to-date: /home/autoware/aichallenge2023-integration-final-main/install/aichallenge_scoring_msgs/lib/libaichallenge_scoring_msgs__rosidl_generator_py.so
[2.486s] -- Up-to-date: /home/autoware/aichallenge2023-integration-final-main/install/aichallenge_scoring_msgs/share/aichallenge_scoring_msgs/cmake/export_aichallenge_scoring_msgs__rosidl_generator_cExport.cmake
[2.486s] -- Up-to-date: /home/autoware/aichallenge2023-integration-final-main/install/aichallenge_scoring_msgs/share/aichallenge_scoring_msgs/cmake/export_aichallenge_scoring_msgs__rosidl_generator_cExport-release.cmake
[2.487s] -- Up-to-date: /home/autoware/aichallenge2023-integration-final-main/install/aichallenge_scoring_msgs/share/aichallenge_scoring_msgs/cmake/export_aichallenge_scoring_msgs__rosidl_typesupport_fastrtps_cExport.cmake
[2.487s] -- Up-to-date: /home/autoware/aichallenge2023-integration-final-main/install/aichallenge_scoring_msgs/share/aichallenge_scoring_msgs/cmake/export_aichallenge_scoring_msgs__rosidl_typesupport_fastrtps_cExport-release.cmake
[2.487s] -- Up-to-date: /home/autoware/aichallenge2023-integration-final-main/install/aichallenge_scoring_msgs/share/aichallenge_scoring_msgs/cmake/aichallenge_scoring_msgs__rosidl_typesupport_introspection_cExport.cmake
[2.487s] -- Up-to-date: /home/autoware/aichallenge2023-integration-final-main/install/aichallenge_scoring_msgs/share/aichallenge_scoring_msgs/cmake/aichallenge_scoring_msgs__rosidl_typesupport_introspection_cExport-release.cmake
[2.487s] -- Up-to-date: /home/autoware/aichallenge2023-integration-final-main/install/aichallenge_scoring_msgs/share/aichallenge_scoring_msgs/cmake/aichallenge_scoring_msgs__rosidl_typesupport_cExport.cmake
[2.487s] -- Up-to-date: /home/autoware/aichallenge2023-integration-final-main/install/aichallenge_scoring_msgs/share/aichallenge_scoring_msgs/cmake/aichallenge_scoring_msgs__rosidl_typesupport_cExport-release.cmake
[2.488s] -- Up-to-date: /home/autoware/aichallenge2023-integration-final-main/install/aichallenge_scoring_msgs/share/aichallenge_scoring_msgs/cmake/export_aichallenge_scoring_msgs__rosidl_generator_cppExport.cmake
[2.490s] -- Up-to-date: /home/autoware/aichallenge2023-integration-final-main/install/aichallenge_scoring_msgs/share/aichallenge_scoring_msgs/cmake/export_aichallenge_scoring_msgs__rosidl_typesupport_fastrtps_cppExport.cmake
[2.490s] -- Up-to-date: /home/autoware/aichallenge2023-integration-final-main/install/aichallenge_scoring_msgs/share/aichallenge_scoring_msgs/cmake/export_aichallenge_scoring_msgs__rosidl_typesupport_fastrtps_cppExport-release.cmake
[2.490s] -- Up-to-date: /home/autoware/aichallenge2023-integration-final-main/install/aichallenge_scoring_msgs/share/aichallenge_scoring_msgs/cmake/aichallenge_scoring_msgs__rosidl_typesupport_introspection_cppExport.cmake
[2.491s] -- Up-to-date: /home/autoware/aichallenge2023-integration-final-main/install/aichallenge_scoring_msgs/share/aichallenge_scoring_msgs/cmake/aichallenge_scoring_msgs__rosidl_typesupport_introspection_cppExport-release.cmake
[2.491s] -- Up-to-date: /home/autoware/aichallenge2023-integration-final-main/install/aichallenge_scoring_msgs/share/aichallenge_scoring_msgs/cmake/aichallenge_scoring_msgs__rosidl_typesupport_cppExport.cmake
[2.491s] -- Up-to-date: /home/autoware/aichallenge2023-integration-final-main/install/aichallenge_scoring_msgs/share/aichallenge_scoring_msgs/cmake/aichallenge_scoring_msgs__rosidl_typesupport_cppExport-release.cmake
[2.491s] -- Up-to-date: /home/autoware/aichallenge2023-integration-final-main/install/aichallenge_scoring_msgs/share/aichallenge_scoring_msgs/cmake/export_aichallenge_scoring_msgs__rosidl_generator_pyExport.cmake
[2.491s] -- Up-to-date: /home/autoware/aichallenge2023-integration-final-main/install/aichallenge_scoring_msgs/share/aichallenge_scoring_msgs/cmake/export_aichallenge_scoring_msgs__rosidl_generator_pyExport-release.cmake
[2.561s] Invoked command in '/home/autoware/aichallenge2023-integration-final-main/build/aichallenge_scoring_msgs' returned '0': CMAKE_PREFIX_PATH=${CMAKE_PREFIX_PATH}:/home/autoware/autoware/install/simulator_compatibility_test:/home/autoware/autoware/install/ad_api_visualizers:/opt/ros/humble /usr/bin/cmake --install /home/autoware/aichallenge2023-integration-final-main/build/aichallenge_scoring_msgs
