[0.173s] Invoking command in '/home/autoware/aichallenge2023-integration-final-main/build/autoware_common_msgs': CMAKE_PREFIX_PATH=${CMAKE_PREFIX_PATH}:/home/autoware/autoware/install/simulator_compatibility_test:/home/autoware/autoware/install/ad_api_visualizers:/opt/ros/humble /usr/bin/cmake /home/autoware/aichallenge2023-integration-final-main/src/core/autoware_msgs/autoware_common_msgs -DCMAKE_BUILD_TYPE=Releasecdccd ../ -DAMENT_CMAKE_SYMLINK_INSTALL=1 -DCMAKE_INSTALL_PREFIX=/home/autoware/aichallenge2023-integration-final-main/install/autoware_common_msgs
[0.246s] -- Found ament_cmake_auto: 1.3.5 (/opt/ros/humble/share/ament_cmake_auto/cmake)
[0.503s] -- Override CMake install command with custom implementation using symlinks instead of copying resources
[0.759s] -- Using all available rosidl_typesupport_c: rosidl_typesupport_fastrtps_c;rosidl_typesupport_introspection_c
[0.765s] -- Found rosidl_adapter: 3.1.5 (/opt/ros/humble/share/rosidl_adapter/cmake)
[0.833s] -- Using all available rosidl_typesupport_cpp: rosidl_typesupport_fastrtps_cpp;rosidl_typesupport_introspection_cpp
[1.192s] -- Found ament_cmake_ros: 0.10.0 (/opt/ros/humble/share/ament_cmake_ros/cmake)
[1.558s] -- Using all available rosidl_typesupport_c: rosidl_typesupport_fastrtps_c;rosidl_typesupport_introspection_c
[2.073s] -- Using all available rosidl_typesupport_cpp: rosidl_typesupport_fastrtps_cpp;rosidl_typesupport_introspection_cpp
[2.122s] -- Found python_cmake_module: 0.10.0 (/opt/ros/humble/share/python_cmake_module/cmake)
[2.172s] -- Using PYTHON_EXECUTABLE: /usr/bin/python3
[2.172s] -- Using PYTHON_INCLUDE_DIRS: /usr/include/python3.10
[2.172s] -- Using PYTHON_LIBRARIES: /usr/lib/x86_64-linux-gnu/libpython3.10.so
[2.516s] -- Configuring done
[2.548s] -- Generating done
[2.552s] -- Build files have been written to: /home/autoware/aichallenge2023-integration-final-main/build/autoware_common_msgs
[2.561s] Invoked command in '/home/autoware/aichallenge2023-integration-final-main/build/autoware_common_msgs' returned '0': CMAKE_PREFIX_PATH=${CMAKE_PREFIX_PATH}:/home/autoware/autoware/install/simulator_compatibility_test:/home/autoware/autoware/install/ad_api_visualizers:/opt/ros/humble /usr/bin/cmake /home/autoware/aichallenge2023-integration-final-main/src/core/autoware_msgs/autoware_common_msgs -DCMAKE_BUILD_TYPE=Releasecdccd ../ -DAMENT_CMAKE_SYMLINK_INSTALL=1 -DCMAKE_INSTALL_PREFIX=/home/autoware/aichallenge2023-integration-final-main/install/autoware_common_msgs
[2.562s] Invoking command in '/home/autoware/aichallenge2023-integration-final-main/build/autoware_common_msgs': CMAKE_PREFIX_PATH=${CMAKE_PREFIX_PATH}:/home/autoware/autoware/install/simulator_compatibility_test:/home/autoware/autoware/install/ad_api_visualizers:/opt/ros/humble /usr/bin/cmake --build /home/autoware/aichallenge2023-integration-final-main/build/autoware_common_msgs -- -j16 -l16
[2.974s] [35m[1mConsolidate compiler generated dependencies of target autoware_common_msgs__rosidl_generator_c[0m
[2.974s] [  3%] Built target autoware_common_msgs__cpp
[2.974s] [  6%] [32mBuilding C object CMakeFiles/autoware_common_msgs__rosidl_generator_c.dir/rosidl_generator_c/autoware_common_msgs/msg/detail/response_status__functions.c.o[0m
[2.974s] [35m[1mConsolidate compiler generated dependencies of target autoware_common_msgs__rosidl_typesupport_fastrtps_cpp[0m
[2.975s] [  6%] Built target ament_cmake_python_symlink_autoware_common_msgs
[2.975s] [35m[1mConsolidate compiler generated dependencies of target autoware_common_msgs__rosidl_typesupport_introspection_cpp[0m
[2.975s] [35m[1mConsolidate compiler generated dependencies of target autoware_common_msgs__rosidl_typesupport_cpp[0m
[3.033s] [  9%] [32mBuilding CXX object CMakeFiles/autoware_common_msgs__rosidl_typesupport_fastrtps_cpp.dir/rosidl_typesupport_fastrtps_cpp/autoware_common_msgs/msg/detail/dds_fastrtps/response_status__type_support.cpp.o[0m
[3.095s] [ 12%] [32mBuilding CXX object CMakeFiles/autoware_common_msgs__rosidl_typesupport_cpp.dir/rosidl_typesupport_cpp/autoware_common_msgs/msg/response_status__type_support.cpp.o[0m
[3.132s] [ 16%] [32mBuilding CXX object CMakeFiles/autoware_common_msgs__rosidl_typesupport_introspection_cpp.dir/rosidl_typesupport_introspection_cpp/autoware_common_msgs/msg/detail/response_status__type_support.cpp.o[0m
[3.252s] [ 19%] [32m[1mLinking C shared library libautoware_common_msgs__rosidl_generator_c.so[0m
[4.033s] [ 22%] Built target autoware_common_msgs__rosidl_generator_c
[4.091s] running egg_info
[4.092s] writing autoware_common_msgs.egg-info/PKG-INFO
[4.092s] writing dependency_links to autoware_common_msgs.egg-info/dependency_links.txt
[4.092s] writing top-level names to autoware_common_msgs.egg-info/top_level.txt
[4.112s] reading manifest file 'autoware_common_msgs.egg-info/SOURCES.txt'
[4.114s] writing manifest file 'autoware_common_msgs.egg-info/SOURCES.txt'
[4.507s] [35m[1mConsolidate compiler generated dependencies of target autoware_common_msgs__rosidl_typesupport_fastrtps_c[0m
[4.513s] [35m[1mConsolidate compiler generated dependencies of target autoware_common_msgs__rosidl_typesupport_c[0m
[4.541s] [35m[1mConsolidate compiler generated dependencies of target autoware_common_msgs__rosidl_typesupport_introspection_c[0m
[4.624s] [ 22%] Built target ament_cmake_python_build_autoware_common_msgs_egg
[4.977s] [ 25%] [32mBuilding CXX object CMakeFiles/autoware_common_msgs__rosidl_typesupport_fastrtps_c.dir/rosidl_typesupport_fastrtps_c/autoware_common_msgs/msg/detail/response_status__type_support_c.cpp.o[0m
[5.037s] [ 29%] [32mBuilding CXX object CMakeFiles/autoware_common_msgs__rosidl_typesupport_c.dir/rosidl_typesupport_c/autoware_common_msgs/msg/response_status__type_support.cpp.o[0m
[5.197s] [ 32%] [32mBuilding C object CMakeFiles/autoware_common_msgs__rosidl_typesupport_introspection_c.dir/rosidl_typesupport_introspection_c/autoware_common_msgs/msg/detail/response_status__type_support.c.o[0m
[5.261s] [ 35%] [32m[1mLinking CXX shared library libautoware_common_msgs__rosidl_typesupport_cpp.so[0m
[5.564s] [ 38%] [32m[1mLinking CXX shared library libautoware_common_msgs__rosidl_typesupport_introspection_cpp.so[0m
[5.662s] [ 41%] [32m[1mLinking CXX shared library libautoware_common_msgs__rosidl_typesupport_c.so[0m
[6.319s] [ 45%] [32m[1mLinking C shared library libautoware_common_msgs__rosidl_typesupport_introspection_c.so[0m
[6.577s] [ 48%] Built target autoware_common_msgs__rosidl_typesupport_cpp
[6.628s] [ 51%] [32m[1mLinking CXX shared library libautoware_common_msgs__rosidl_typesupport_fastrtps_cpp.so[0m
[6.987s] [ 54%] Built target autoware_common_msgs__rosidl_typesupport_c
[7.097s] [ 58%] Built target autoware_common_msgs__rosidl_typesupport_introspection_cpp
[7.596s] [ 61%] Built target autoware_common_msgs__rosidl_typesupport_introspection_c
[8.797s] [ 64%] Built target autoware_common_msgs__rosidl_typesupport_fastrtps_cpp
[10.460s] [ 67%] [32m[1mLinking CXX shared library libautoware_common_msgs__rosidl_typesupport_fastrtps_c.so[0m
[11.574s] [ 70%] Built target autoware_common_msgs__rosidl_typesupport_fastrtps_c
[12.141s] [ 70%] Built target autoware_common_msgs
[12.495s] [ 74%] Built target autoware_common_msgs__py
[12.756s] [35m[1mConsolidate compiler generated dependencies of target autoware_common_msgs__rosidl_generator_py[0m
[12.964s] [ 77%] [32mBuilding C object CMakeFiles/autoware_common_msgs__rosidl_generator_py.dir/rosidl_generator_py/autoware_common_msgs/msg/_response_status_s.c.o[0m
[13.335s] [ 80%] [32m[1mLinking C shared library rosidl_generator_py/autoware_common_msgs/libautoware_common_msgs__rosidl_generator_py.so[0m
[13.657s] [ 80%] Built target autoware_common_msgs__rosidl_generator_py
[13.761s] [35m[1mConsolidate compiler generated dependencies of target autoware_common_msgs__rosidl_typesupport_fastrtps_c__pyext[0m
[13.899s] [ 83%] [32mBuilding C object CMakeFiles/autoware_common_msgs__rosidl_typesupport_fastrtps_c__pyext.dir/rosidl_generator_py/autoware_common_msgs/_autoware_common_msgs_s.ep.rosidl_typesupport_fastrtps_c.c.o[0m
[14.239s] [ 87%] [32m[1mLinking C shared library rosidl_generator_py/autoware_common_msgs/autoware_common_msgs_s__rosidl_typesupport_fastrtps_c.cpython-310-x86_64-linux-gnu.so[0m
[14.457s] [ 87%] Built target autoware_common_msgs__rosidl_typesupport_fastrtps_c__pyext
[14.568s] [35m[1mConsolidate compiler generated dependencies of target autoware_common_msgs__rosidl_typesupport_c__pyext[0m
[14.732s] [ 90%] [32mBuilding C object CMakeFiles/autoware_common_msgs__rosidl_typesupport_c__pyext.dir/rosidl_generator_py/autoware_common_msgs/_autoware_common_msgs_s.ep.rosidl_typesupport_c.c.o[0m
[15.058s] [ 93%] [32m[1mLinking C shared library rosidl_generator_py/autoware_common_msgs/autoware_common_msgs_s__rosidl_typesupport_c.cpython-310-x86_64-linux-gnu.so[0m
[15.226s] [ 93%] Built target autoware_common_msgs__rosidl_typesupport_c__pyext
[15.335s] [35m[1mConsolidate compiler generated dependencies of target autoware_common_msgs__rosidl_typesupport_introspection_c__pyext[0m
[15.422s] [ 96%] [32mBuilding C object CMakeFiles/autoware_common_msgs__rosidl_typesupport_introspection_c__pyext.dir/rosidl_generator_py/autoware_common_msgs/_autoware_common_msgs_s.ep.rosidl_typesupport_introspection_c.c.o[0m
[15.638s] [100%] [32m[1mLinking C shared library rosidl_generator_py/autoware_common_msgs/autoware_common_msgs_s__rosidl_typesupport_introspection_c.cpython-310-x86_64-linux-gnu.so[0m
[15.832s] [100%] Built target autoware_common_msgs__rosidl_typesupport_introspection_c__pyext
[15.900s] Invoked command in '/home/autoware/aichallenge2023-integration-final-main/build/autoware_common_msgs' returned '0': CMAKE_PREFIX_PATH=${CMAKE_PREFIX_PATH}:/home/autoware/autoware/install/simulator_compatibility_test:/home/autoware/autoware/install/ad_api_visualizers:/opt/ros/humble /usr/bin/cmake --build /home/autoware/aichallenge2023-integration-final-main/build/autoware_common_msgs -- -j16 -l16
[17.161s] Invoking command in '/home/autoware/aichallenge2023-integration-final-main/build/autoware_common_msgs': CMAKE_PREFIX_PATH=${CMAKE_PREFIX_PATH}:/home/autoware/autoware/install/simulator_compatibility_test:/home/autoware/autoware/install/ad_api_visualizers:/opt/ros/humble /usr/bin/cmake --install /home/autoware/aichallenge2023-integration-final-main/build/autoware_common_msgs
[17.223s] -- Install configuration: "Releasecdccd"
[17.223s] -- Execute custom install script
[17.223s] -- Up-to-date symlink: /home/autoware/aichallenge2023-integration-final-main/install/autoware_common_msgs/share/ament_index/resource_index/rosidl_interfaces/autoware_common_msgs
[17.224s] -- Up-to-date symlink: /home/autoware/aichallenge2023-integration-final-main/install/autoware_common_msgs/include/autoware_common_msgs/autoware_common_msgs/msg/detail/response_status__functions.h
[17.224s] -- Up-to-date symlink: /home/autoware/aichallenge2023-integration-final-main/install/autoware_common_msgs/include/autoware_common_msgs/autoware_common_msgs/msg/detail/response_status__struct.h
[17.224s] -- Up-to-date symlink: /home/autoware/aichallenge2023-integration-final-main/install/autoware_common_msgs/include/autoware_common_msgs/autoware_common_msgs/msg/detail/response_status__type_support.h
[17.224s] -- Up-to-date symlink: /home/autoware/aichallenge2023-integration-final-main/install/autoware_common_msgs/include/autoware_common_msgs/autoware_common_msgs/msg/response_status.h
[17.224s] -- Up-to-date symlink: /home/autoware/aichallenge2023-integration-final-main/install/autoware_common_msgs/include/autoware_common_msgs/autoware_common_msgs/msg/rosidl_generator_c__visibility_control.h
[17.224s] -- Up-to-date symlink: /home/autoware/aichallenge2023-integration-final-main/install/autoware_common_msgs/share/autoware_common_msgs/environment/library_path.sh
[17.224s] -- Up-to-date symlink: /home/autoware/aichallenge2023-integration-final-main/install/autoware_common_msgs/share/autoware_common_msgs/environment/library_path.dsv
[17.224s] -- Up-to-date symlink: /home/autoware/aichallenge2023-integration-final-main/install/autoware_common_msgs/include/autoware_common_msgs/autoware_common_msgs/msg/detail/response_status__rosidl_typesupport_fastrtps_c.h
[17.224s] -- Up-to-date symlink: /home/autoware/aichallenge2023-integration-final-main/install/autoware_common_msgs/include/autoware_common_msgs/autoware_common_msgs/msg/rosidl_typesupport_fastrtps_c__visibility_control.h
[17.224s] -- Up-to-date symlink: /home/autoware/aichallenge2023-integration-final-main/install/autoware_common_msgs/include/autoware_common_msgs/autoware_common_msgs/msg/detail/response_status__rosidl_typesupport_introspection_c.h
[17.225s] -- Up-to-date symlink: /home/autoware/aichallenge2023-integration-final-main/install/autoware_common_msgs/include/autoware_common_msgs/autoware_common_msgs/msg/rosidl_typesupport_introspection_c__visibility_control.h
[17.225s] -- Up-to-date symlink: /home/autoware/aichallenge2023-integration-final-main/install/autoware_common_msgs/include/autoware_common_msgs/autoware_common_msgs/msg/detail/response_status__builder.hpp
[17.227s] -- Up-to-date symlink: /home/autoware/aichallenge2023-integration-final-main/install/autoware_common_msgs/include/autoware_common_msgs/autoware_common_msgs/msg/detail/response_status__struct.hpp
[17.227s] -- Up-to-date symlink: /home/autoware/aichallenge2023-integration-final-main/install/autoware_common_msgs/include/autoware_common_msgs/autoware_common_msgs/msg/detail/response_status__traits.hpp
[17.227s] -- Up-to-date symlink: /home/autoware/aichallenge2023-integration-final-main/install/autoware_common_msgs/include/autoware_common_msgs/autoware_common_msgs/msg/response_status.hpp
[17.228s] -- Up-to-date symlink: /home/autoware/aichallenge2023-integration-final-main/install/autoware_common_msgs/include/autoware_common_msgs/autoware_common_msgs/msg/detail/response_status__rosidl_typesupport_fastrtps_cpp.hpp
[17.229s] -- Up-to-date symlink: /home/autoware/aichallenge2023-integration-final-main/install/autoware_common_msgs/include/autoware_common_msgs/autoware_common_msgs/msg/rosidl_typesupport_fastrtps_cpp__visibility_control.h
[17.229s] -- Up-to-date symlink: /home/autoware/aichallenge2023-integration-final-main/install/autoware_common_msgs/include/autoware_common_msgs/autoware_common_msgs/msg/detail/response_status__rosidl_typesupport_introspection_cpp.hpp
[17.230s] -- Up-to-date symlink: /home/autoware/aichallenge2023-integration-final-main/install/autoware_common_msgs/share/autoware_common_msgs/environment/pythonpath.sh
[17.230s] -- Up-to-date symlink: /home/autoware/aichallenge2023-integration-final-main/install/autoware_common_msgs/share/autoware_common_msgs/environment/pythonpath.dsv
[17.230s] -- Up-to-date symlink: /home/autoware/aichallenge2023-integration-final-main/install/autoware_common_msgs/local/lib/python3.10/dist-packages/autoware_common_msgs-1.0.0-py3.10.egg-info/PKG-INFO
[17.230s] -- Up-to-date symlink: /home/autoware/aichallenge2023-integration-final-main/install/autoware_common_msgs/local/lib/python3.10/dist-packages/autoware_common_msgs-1.0.0-py3.10.egg-info/SOURCES.txt
[17.230s] -- Up-to-date symlink: /home/autoware/aichallenge2023-integration-final-main/install/autoware_common_msgs/local/lib/python3.10/dist-packages/autoware_common_msgs-1.0.0-py3.10.egg-info/dependency_links.txt
[17.230s] -- Up-to-date symlink: /home/autoware/aichallenge2023-integration-final-main/install/autoware_common_msgs/local/lib/python3.10/dist-packages/autoware_common_msgs-1.0.0-py3.10.egg-info/top_level.txt
[17.231s] -- Up-to-date symlink: /home/autoware/aichallenge2023-integration-final-main/install/autoware_common_msgs/local/lib/python3.10/dist-packages/autoware_common_msgs/__init__.py
[17.231s] -- Up-to-date symlink: /home/autoware/aichallenge2023-integration-final-main/install/autoware_common_msgs/local/lib/python3.10/dist-packages/autoware_common_msgs/_autoware_common_msgs_s.ep.rosidl_typesupport_c.c
[17.231s] -- Up-to-date symlink: /home/autoware/aichallenge2023-integration-final-main/install/autoware_common_msgs/local/lib/python3.10/dist-packages/autoware_common_msgs/_autoware_common_msgs_s.ep.rosidl_typesupport_fastrtps_c.c
[17.231s] -- Up-to-date symlink: /home/autoware/aichallenge2023-integration-final-main/install/autoware_common_msgs/local/lib/python3.10/dist-packages/autoware_common_msgs/_autoware_common_msgs_s.ep.rosidl_typesupport_introspection_c.c
[17.231s] -- Up-to-date symlink: /home/autoware/aichallenge2023-integration-final-main/install/autoware_common_msgs/local/lib/python3.10/dist-packages/autoware_common_msgs/autoware_common_msgs_s__rosidl_typesupport_c.cpython-310-x86_64-linux-gnu.so
[17.232s] -- Up-to-date symlink: /home/autoware/aichallenge2023-integration-final-main/install/autoware_common_msgs/local/lib/python3.10/dist-packages/autoware_common_msgs/autoware_common_msgs_s__rosidl_typesupport_fastrtps_c.cpython-310-x86_64-linux-gnu.so
[17.232s] -- Up-to-date symlink: /home/autoware/aichallenge2023-integration-final-main/install/autoware_common_msgs/local/lib/python3.10/dist-packages/autoware_common_msgs/autoware_common_msgs_s__rosidl_typesupport_introspection_c.cpython-310-x86_64-linux-gnu.so
[17.232s] -- Up-to-date symlink: /home/autoware/aichallenge2023-integration-final-main/install/autoware_common_msgs/local/lib/python3.10/dist-packages/autoware_common_msgs/libautoware_common_msgs__rosidl_generator_py.so
[17.232s] -- Up-to-date symlink: /home/autoware/aichallenge2023-integration-final-main/install/autoware_common_msgs/local/lib/python3.10/dist-packages/autoware_common_msgs/msg/__init__.py
[17.232s] -- Up-to-date symlink: /home/autoware/aichallenge2023-integration-final-main/install/autoware_common_msgs/local/lib/python3.10/dist-packages/autoware_common_msgs/msg/_response_status.py
[17.232s] -- Up-to-date symlink: /home/autoware/aichallenge2023-integration-final-main/install/autoware_common_msgs/local/lib/python3.10/dist-packages/autoware_common_msgs/msg/_response_status_s.c
[17.232s] -- Up-to-date symlink: /home/autoware/aichallenge2023-integration-final-main/install/autoware_common_msgs/local/lib/python3.10/dist-packages/autoware_common_msgs/autoware_common_msgs_s__rosidl_typesupport_fastrtps_c.cpython-310-x86_64-linux-gnu.so
[17.233s] -- Up-to-date symlink: /home/autoware/aichallenge2023-integration-final-main/install/autoware_common_msgs/local/lib/python3.10/dist-packages/autoware_common_msgs/autoware_common_msgs_s__rosidl_typesupport_introspection_c.cpython-310-x86_64-linux-gnu.so
[17.233s] -- Up-to-date symlink: /home/autoware/aichallenge2023-integration-final-main/install/autoware_common_msgs/local/lib/python3.10/dist-packages/autoware_common_msgs/autoware_common_msgs_s__rosidl_typesupport_c.cpython-310-x86_64-linux-gnu.so
[17.233s] -- Up-to-date symlink: /home/autoware/aichallenge2023-integration-final-main/install/autoware_common_msgs/share/autoware_common_msgs/msg/ResponseStatus.idl
[17.233s] -- Up-to-date symlink: /home/autoware/aichallenge2023-integration-final-main/install/autoware_common_msgs/share/autoware_common_msgs/msg/ResponseStatus.msg
[17.234s] -- Up-to-date symlink: /home/autoware/aichallenge2023-integration-final-main/install/autoware_common_msgs/share/ament_index/resource_index/package_run_dependencies/autoware_common_msgs
[17.234s] -- Up-to-date symlink: /home/autoware/aichallenge2023-integration-final-main/install/autoware_common_msgs/share/ament_index/resource_index/parent_prefix_path/autoware_common_msgs
[17.234s] -- Up-to-date symlink: /home/autoware/aichallenge2023-integration-final-main/install/autoware_common_msgs/share/autoware_common_msgs/environment/ament_prefix_path.sh
[17.234s] -- Up-to-date symlink: /home/autoware/aichallenge2023-integration-final-main/install/autoware_common_msgs/share/autoware_common_msgs/environment/ament_prefix_path.dsv
[17.234s] -- Up-to-date symlink: /home/autoware/aichallenge2023-integration-final-main/install/autoware_common_msgs/share/autoware_common_msgs/environment/path.sh
[17.234s] -- Up-to-date symlink: /home/autoware/aichallenge2023-integration-final-main/install/autoware_common_msgs/share/autoware_common_msgs/environment/path.dsv
[17.235s] -- Up-to-date symlink: /home/autoware/aichallenge2023-integration-final-main/install/autoware_common_msgs/share/autoware_common_msgs/local_setup.bash
[17.235s] -- Up-to-date symlink: /home/autoware/aichallenge2023-integration-final-main/install/autoware_common_msgs/share/autoware_common_msgs/local_setup.sh
[17.235s] -- Up-to-date symlink: /home/autoware/aichallenge2023-integration-final-main/install/autoware_common_msgs/share/autoware_common_msgs/local_setup.zsh
[17.235s] -- Up-to-date symlink: /home/autoware/aichallenge2023-integration-final-main/install/autoware_common_msgs/share/autoware_common_msgs/local_setup.dsv
[17.235s] -- Symlinking: /home/autoware/aichallenge2023-integration-final-main/install/autoware_common_msgs/share/autoware_common_msgs/package.dsv
[17.280s] -- Up-to-date symlink: /home/autoware/aichallenge2023-integration-final-main/install/autoware_common_msgs/share/ament_index/resource_index/packages/autoware_common_msgs
[17.281s] -- Up-to-date symlink: /home/autoware/aichallenge2023-integration-final-main/install/autoware_common_msgs/share/autoware_common_msgs/cmake/rosidl_cmake-extras.cmake
[17.281s] -- Up-to-date symlink: /home/autoware/aichallenge2023-integration-final-main/install/autoware_common_msgs/share/autoware_common_msgs/cmake/ament_cmake_export_include_directories-extras.cmake
[17.281s] -- Up-to-date symlink: /home/autoware/aichallenge2023-integration-final-main/install/autoware_common_msgs/share/autoware_common_msgs/cmake/ament_cmake_export_libraries-extras.cmake
[17.281s] -- Up-to-date symlink: /home/autoware/aichallenge2023-integration-final-main/install/autoware_common_msgs/share/autoware_common_msgs/cmake/ament_cmake_export_targets-extras.cmake
[17.281s] -- Up-to-date symlink: /home/autoware/aichallenge2023-integration-final-main/install/autoware_common_msgs/share/autoware_common_msgs/cmake/rosidl_cmake_export_typesupport_targets-extras.cmake
[17.282s] -- Up-to-date symlink: /home/autoware/aichallenge2023-integration-final-main/install/autoware_common_msgs/share/autoware_common_msgs/cmake/ament_cmake_export_dependencies-extras.cmake
[17.282s] -- Up-to-date symlink: /home/autoware/aichallenge2023-integration-final-main/install/autoware_common_msgs/share/autoware_common_msgs/cmake/rosidl_cmake_export_typesupport_libraries-extras.cmake
[17.282s] -- Up-to-date symlink: /home/autoware/aichallenge2023-integration-final-main/install/autoware_common_msgs/share/autoware_common_msgs/cmake/autoware_common_msgsConfig.cmake
[17.282s] -- Up-to-date symlink: /home/autoware/aichallenge2023-integration-final-main/install/autoware_common_msgs/share/autoware_common_msgs/cmake/autoware_common_msgsConfig-version.cmake
[17.283s] -- Up-to-date symlink: /home/autoware/aichallenge2023-integration-final-main/install/autoware_common_msgs/share/autoware_common_msgs/package.xml
[17.283s] -- Installing: /home/autoware/aichallenge2023-integration-final-main/install/autoware_common_msgs/lib/libautoware_common_msgs__rosidl_generator_c.so
[17.284s] -- Set runtime path of "/home/autoware/aichallenge2023-integration-final-main/install/autoware_common_msgs/lib/libautoware_common_msgs__rosidl_generator_c.so" to ""
[17.284s] -- Installing: /home/autoware/aichallenge2023-integration-final-main/install/autoware_common_msgs/lib/libautoware_common_msgs__rosidl_typesupport_fastrtps_c.so
[17.284s] -- Set runtime path of "/home/autoware/aichallenge2023-integration-final-main/install/autoware_common_msgs/lib/libautoware_common_msgs__rosidl_typesupport_fastrtps_c.so" to ""
[17.285s] -- Installing: /home/autoware/aichallenge2023-integration-final-main/install/autoware_common_msgs/lib/libautoware_common_msgs__rosidl_typesupport_introspection_c.so
[17.285s] -- Set runtime path of "/home/autoware/aichallenge2023-integration-final-main/install/autoware_common_msgs/lib/libautoware_common_msgs__rosidl_typesupport_introspection_c.so" to ""
[17.286s] -- Installing: /home/autoware/aichallenge2023-integration-final-main/install/autoware_common_msgs/lib/libautoware_common_msgs__rosidl_typesupport_c.so
[17.286s] -- Set runtime path of "/home/autoware/aichallenge2023-integration-final-main/install/autoware_common_msgs/lib/libautoware_common_msgs__rosidl_typesupport_c.so" to ""
[17.286s] -- Installing: /home/autoware/aichallenge2023-integration-final-main/install/autoware_common_msgs/lib/libautoware_common_msgs__rosidl_typesupport_fastrtps_cpp.so
[17.287s] -- Set runtime path of "/home/autoware/aichallenge2023-integration-final-main/install/autoware_common_msgs/lib/libautoware_common_msgs__rosidl_typesupport_fastrtps_cpp.so" to ""
[17.287s] -- Installing: /home/autoware/aichallenge2023-integration-final-main/install/autoware_common_msgs/lib/libautoware_common_msgs__rosidl_typesupport_introspection_cpp.so
[17.288s] -- Set runtime path of "/home/autoware/aichallenge2023-integration-final-main/install/autoware_common_msgs/lib/libautoware_common_msgs__rosidl_typesupport_introspection_cpp.so" to ""
[17.288s] -- Installing: /home/autoware/aichallenge2023-integration-final-main/install/autoware_common_msgs/lib/libautoware_common_msgs__rosidl_typesupport_cpp.so
[17.288s] -- Set runtime path of "/home/autoware/aichallenge2023-integration-final-main/install/autoware_common_msgs/lib/libautoware_common_msgs__rosidl_typesupport_cpp.so" to ""
[17.395s] Listing '/home/autoware/aichallenge2023-integration-final-main/install/autoware_common_msgs/local/lib/python3.10/dist-packages/autoware_common_msgs'...
[17.395s] Compiling '/home/autoware/aichallenge2023-integration-final-main/install/autoware_common_msgs/local/lib/python3.10/dist-packages/autoware_common_msgs/__init__.py'...
[17.395s] Listing '/home/autoware/aichallenge2023-integration-final-main/install/autoware_common_msgs/local/lib/python3.10/dist-packages/autoware_common_msgs/msg'...
[17.401s] -- Installing: /home/autoware/aichallenge2023-integration-final-main/install/autoware_common_msgs/lib/libautoware_common_msgs__rosidl_generator_py.so
[17.402s] -- Set runtime path of "/home/autoware/aichallenge2023-integration-final-main/install/autoware_common_msgs/lib/libautoware_common_msgs__rosidl_generator_py.so" to ""
[17.402s] -- Up-to-date: /home/autoware/aichallenge2023-integration-final-main/install/autoware_common_msgs/share/autoware_common_msgs/cmake/export_autoware_common_msgs__rosidl_generator_cExport.cmake
[17.402s] -- Installing: /home/autoware/aichallenge2023-integration-final-main/install/autoware_common_msgs/share/autoware_common_msgs/cmake/export_autoware_common_msgs__rosidl_generator_cExport-releasecdccd.cmake
[17.403s] -- Up-to-date: /home/autoware/aichallenge2023-integration-final-main/install/autoware_common_msgs/share/autoware_common_msgs/cmake/export_autoware_common_msgs__rosidl_typesupport_fastrtps_cExport.cmake
[17.403s] -- Installing: /home/autoware/aichallenge2023-integration-final-main/install/autoware_common_msgs/share/autoware_common_msgs/cmake/export_autoware_common_msgs__rosidl_typesupport_fastrtps_cExport-releasecdccd.cmake
[17.403s] -- Up-to-date: /home/autoware/aichallenge2023-integration-final-main/install/autoware_common_msgs/share/autoware_common_msgs/cmake/autoware_common_msgs__rosidl_typesupport_introspection_cExport.cmake
[17.403s] -- Installing: /home/autoware/aichallenge2023-integration-final-main/install/autoware_common_msgs/share/autoware_common_msgs/cmake/autoware_common_msgs__rosidl_typesupport_introspection_cExport-releasecdccd.cmake
[17.404s] -- Up-to-date: /home/autoware/aichallenge2023-integration-final-main/install/autoware_common_msgs/share/autoware_common_msgs/cmake/autoware_common_msgs__rosidl_typesupport_cExport.cmake
[17.404s] -- Installing: /home/autoware/aichallenge2023-integration-final-main/install/autoware_common_msgs/share/autoware_common_msgs/cmake/autoware_common_msgs__rosidl_typesupport_cExport-releasecdccd.cmake
[17.404s] -- Up-to-date: /home/autoware/aichallenge2023-integration-final-main/install/autoware_common_msgs/share/autoware_common_msgs/cmake/export_autoware_common_msgs__rosidl_generator_cppExport.cmake
[17.405s] -- Up-to-date: /home/autoware/aichallenge2023-integration-final-main/install/autoware_common_msgs/share/autoware_common_msgs/cmake/export_autoware_common_msgs__rosidl_typesupport_fastrtps_cppExport.cmake
[17.405s] -- Installing: /home/autoware/aichallenge2023-integration-final-main/install/autoware_common_msgs/share/autoware_common_msgs/cmake/export_autoware_common_msgs__rosidl_typesupport_fastrtps_cppExport-releasecdccd.cmake
[17.405s] -- Up-to-date: /home/autoware/aichallenge2023-integration-final-main/install/autoware_common_msgs/share/autoware_common_msgs/cmake/autoware_common_msgs__rosidl_typesupport_introspection_cppExport.cmake
[17.405s] -- Installing: /home/autoware/aichallenge2023-integration-final-main/install/autoware_common_msgs/share/autoware_common_msgs/cmake/autoware_common_msgs__rosidl_typesupport_introspection_cppExport-releasecdccd.cmake
[17.406s] -- Up-to-date: /home/autoware/aichallenge2023-integration-final-main/install/autoware_common_msgs/share/autoware_common_msgs/cmake/autoware_common_msgs__rosidl_typesupport_cppExport.cmake
[17.406s] -- Installing: /home/autoware/aichallenge2023-integration-final-main/install/autoware_common_msgs/share/autoware_common_msgs/cmake/autoware_common_msgs__rosidl_typesupport_cppExport-releasecdccd.cmake
[17.406s] -- Up-to-date: /home/autoware/aichallenge2023-integration-final-main/install/autoware_common_msgs/share/autoware_common_msgs/cmake/export_autoware_common_msgs__rosidl_generator_pyExport.cmake
[17.406s] -- Installing: /home/autoware/aichallenge2023-integration-final-main/install/autoware_common_msgs/share/autoware_common_msgs/cmake/export_autoware_common_msgs__rosidl_generator_pyExport-releasecdccd.cmake
[17.416s] Invoked command in '/home/autoware/aichallenge2023-integration-final-main/build/autoware_common_msgs' returned '0': CMAKE_PREFIX_PATH=${CMAKE_PREFIX_PATH}:/home/autoware/autoware/install/simulator_compatibility_test:/home/autoware/autoware/install/ad_api_visualizers:/opt/ros/humble /usr/bin/cmake --install /home/autoware/aichallenge2023-integration-final-main/build/autoware_common_msgs
