[0.122s] Invoking command in '/home/autoware/aichallenge2023-integration-final-main/build/tier4_simulation_msgs': CMAKE_PREFIX_PATH=${CMAKE_PREFIX_PATH}:/home/autoware/aichallenge2023-integration-final-main/install/simulator_compatibility_test:/home/autoware/aichallenge2023-integration-final-main/install/ad_api_visualizers:/home/autoware/autoware/install/simulator_compatibility_test:/home/autoware/autoware/install/ad_api_visualizers:/opt/ros/humble /usr/bin/cmake --build /home/autoware/aichallenge2023-integration-final-main/build/tier4_simulation_msgs -- -j16 -l16
[0.505s] [ 10%] Built target tier4_simulation_msgs__rosidl_generator_c
[0.538s] [ 12%] Built target tier4_simulation_msgs__cpp
[0.581s] [ 12%] Built target ament_cmake_python_symlink_tier4_simulation_msgs
[0.777s] [ 23%] Built target tier4_simulation_msgs__rosidl_typesupport_c
[0.778s] [ 34%] Built target tier4_simulation_msgs__rosidl_typesupport_introspection_c
[0.811s] [ 56%] Built target tier4_simulation_msgs__rosidl_typesupport_fastrtps_c
[0.813s] [ 56%] Built target tier4_simulation_msgs__rosidl_typesupport_cpp
[0.818s] [ 67%] Built target tier4_simulation_msgs__rosidl_typesupport_introspection_cpp
[0.849s] [ 78%] Built target tier4_simulation_msgs__rosidl_typesupport_fastrtps_cpp
[1.040s] [ 78%] Built target tier4_simulation_msgs
[1.195s] running egg_info
[1.196s] writing tier4_simulation_msgs.egg-info/PKG-INFO
[1.197s] writing dependency_links to tier4_simulation_msgs.egg-info/dependency_links.txt
[1.197s] writing top-level names to tier4_simulation_msgs.egg-info/top_level.txt
[1.200s] reading manifest file 'tier4_simulation_msgs.egg-info/SOURCES.txt'
[1.201s] writing manifest file 'tier4_simulation_msgs.egg-info/SOURCES.txt'
[1.250s] [ 80%] Built target tier4_simulation_msgs__py
[1.282s] [ 80%] Built target ament_cmake_python_build_tier4_simulation_msgs_egg
[1.500s] [ 89%] Built target tier4_simulation_msgs__rosidl_generator_py
[1.691s] [ 92%] Built target tier4_simulation_msgs__rosidl_typesupport_introspection_c__pyext
[1.694s] [ 96%] Built target tier4_simulation_msgs__rosidl_typesupport_c__pyext
[1.709s] [100%] Built target tier4_simulation_msgs__rosidl_typesupport_fastrtps_c__pyext
[1.771s] Invoked command in '/home/autoware/aichallenge2023-integration-final-main/build/tier4_simulation_msgs' returned '0': CMAKE_PREFIX_PATH=${CMAKE_PREFIX_PATH}:/home/autoware/aichallenge2023-integration-final-main/install/simulator_compatibility_test:/home/autoware/aichallenge2023-integration-final-main/install/ad_api_visualizers:/home/autoware/autoware/install/simulator_compatibility_test:/home/autoware/autoware/install/ad_api_visualizers:/opt/ros/humble /usr/bin/cmake --build /home/autoware/aichallenge2023-integration-final-main/build/tier4_simulation_msgs -- -j16 -l16
[4.811s] Invoking command in '/home/autoware/aichallenge2023-integration-final-main/build/tier4_simulation_msgs': CMAKE_PREFIX_PATH=${CMAKE_PREFIX_PATH}:/home/autoware/aichallenge2023-integration-final-main/install/simulator_compatibility_test:/home/autoware/aichallenge2023-integration-final-main/install/ad_api_visualizers:/home/autoware/autoware/install/simulator_compatibility_test:/home/autoware/autoware/install/ad_api_visualizers:/opt/ros/humble /usr/bin/cmake --install /home/autoware/aichallenge2023-integration-final-main/build/tier4_simulation_msgs
[4.881s] -- Install configuration: "Release"
[4.882s] -- Execute custom install script
[4.882s] -- Up-to-date symlink: /home/autoware/aichallenge2023-integration-final-main/install/tier4_simulation_msgs/share/ament_index/resource_index/rosidl_interfaces/tier4_simulation_msgs
[4.883s] -- Up-to-date symlink: /home/autoware/aichallenge2023-integration-final-main/install/tier4_simulation_msgs/include/tier4_simulation_msgs/tier4_simulation_msgs/msg/detail/fault_injection_event__functions.h
[4.883s] -- Up-to-date symlink: /home/autoware/aichallenge2023-integration-final-main/install/tier4_simulation_msgs/include/tier4_simulation_msgs/tier4_simulation_msgs/msg/detail/fault_injection_event__struct.h
[4.884s] -- Up-to-date symlink: /home/autoware/aichallenge2023-integration-final-main/install/tier4_simulation_msgs/include/tier4_simulation_msgs/tier4_simulation_msgs/msg/detail/fault_injection_event__type_support.h
[4.884s] -- Up-to-date symlink: /home/autoware/aichallenge2023-integration-final-main/install/tier4_simulation_msgs/include/tier4_simulation_msgs/tier4_simulation_msgs/msg/detail/simulation_events__functions.h
[4.884s] -- Up-to-date symlink: /home/autoware/aichallenge2023-integration-final-main/install/tier4_simulation_msgs/include/tier4_simulation_msgs/tier4_simulation_msgs/msg/detail/simulation_events__struct.h
[4.884s] -- Up-to-date symlink: /home/autoware/aichallenge2023-integration-final-main/install/tier4_simulation_msgs/include/tier4_simulation_msgs/tier4_simulation_msgs/msg/detail/simulation_events__type_support.h
[4.885s] -- Up-to-date symlink: /home/autoware/aichallenge2023-integration-final-main/install/tier4_simulation_msgs/include/tier4_simulation_msgs/tier4_simulation_msgs/msg/detail/user_defined_value__functions.h
[4.885s] -- Up-to-date symlink: /home/autoware/aichallenge2023-integration-final-main/install/tier4_simulation_msgs/include/tier4_simulation_msgs/tier4_simulation_msgs/msg/detail/user_defined_value__struct.h
[4.885s] -- Up-to-date symlink: /home/autoware/aichallenge2023-integration-final-main/install/tier4_simulation_msgs/include/tier4_simulation_msgs/tier4_simulation_msgs/msg/detail/user_defined_value__type_support.h
[4.885s] -- Up-to-date symlink: /home/autoware/aichallenge2023-integration-final-main/install/tier4_simulation_msgs/include/tier4_simulation_msgs/tier4_simulation_msgs/msg/detail/user_defined_value_type__functions.h
[4.885s] -- Up-to-date symlink: /home/autoware/aichallenge2023-integration-final-main/install/tier4_simulation_msgs/include/tier4_simulation_msgs/tier4_simulation_msgs/msg/detail/user_defined_value_type__struct.h
[4.886s] -- Up-to-date symlink: /home/autoware/aichallenge2023-integration-final-main/install/tier4_simulation_msgs/include/tier4_simulation_msgs/tier4_simulation_msgs/msg/detail/user_defined_value_type__type_support.h
[4.886s] -- Up-to-date symlink: /home/autoware/aichallenge2023-integration-final-main/install/tier4_simulation_msgs/include/tier4_simulation_msgs/tier4_simulation_msgs/msg/fault_injection_event.h
[4.886s] -- Up-to-date symlink: /home/autoware/aichallenge2023-integration-final-main/install/tier4_simulation_msgs/include/tier4_simulation_msgs/tier4_simulation_msgs/msg/rosidl_generator_c__visibility_control.h
[4.888s] -- Up-to-date symlink: /home/autoware/aichallenge2023-integration-final-main/install/tier4_simulation_msgs/include/tier4_simulation_msgs/tier4_simulation_msgs/msg/simulation_events.h
[4.888s] -- Up-to-date symlink: /home/autoware/aichallenge2023-integration-final-main/install/tier4_simulation_msgs/include/tier4_simulation_msgs/tier4_simulation_msgs/msg/user_defined_value.h
[4.889s] -- Up-to-date symlink: /home/autoware/aichallenge2023-integration-final-main/install/tier4_simulation_msgs/include/tier4_simulation_msgs/tier4_simulation_msgs/msg/user_defined_value_type.h
[4.889s] -- Up-to-date symlink: /home/autoware/aichallenge2023-integration-final-main/install/tier4_simulation_msgs/share/tier4_simulation_msgs/environment/library_path.sh
[4.889s] -- Up-to-date symlink: /home/autoware/aichallenge2023-integration-final-main/install/tier4_simulation_msgs/share/tier4_simulation_msgs/environment/library_path.dsv
[4.890s] -- Up-to-date symlink: /home/autoware/aichallenge2023-integration-final-main/install/tier4_simulation_msgs/include/tier4_simulation_msgs/tier4_simulation_msgs/msg/detail/fault_injection_event__rosidl_typesupport_fastrtps_c.h
[4.890s] -- Up-to-date symlink: /home/autoware/aichallenge2023-integration-final-main/install/tier4_simulation_msgs/include/tier4_simulation_msgs/tier4_simulation_msgs/msg/detail/simulation_events__rosidl_typesupport_fastrtps_c.h
[4.890s] -- Up-to-date symlink: /home/autoware/aichallenge2023-integration-final-main/install/tier4_simulation_msgs/include/tier4_simulation_msgs/tier4_simulation_msgs/msg/detail/user_defined_value__rosidl_typesupport_fastrtps_c.h
[4.890s] -- Up-to-date symlink: /home/autoware/aichallenge2023-integration-final-main/install/tier4_simulation_msgs/include/tier4_simulation_msgs/tier4_simulation_msgs/msg/detail/user_defined_value_type__rosidl_typesupport_fastrtps_c.h
[4.891s] -- Up-to-date symlink: /home/autoware/aichallenge2023-integration-final-main/install/tier4_simulation_msgs/include/tier4_simulation_msgs/tier4_simulation_msgs/msg/rosidl_typesupport_fastrtps_c__visibility_control.h
[4.891s] -- Up-to-date symlink: /home/autoware/aichallenge2023-integration-final-main/install/tier4_simulation_msgs/include/tier4_simulation_msgs/tier4_simulation_msgs/msg/detail/fault_injection_event__builder.hpp
[4.891s] -- Up-to-date symlink: /home/autoware/aichallenge2023-integration-final-main/install/tier4_simulation_msgs/include/tier4_simulation_msgs/tier4_simulation_msgs/msg/detail/fault_injection_event__struct.hpp
[4.891s] -- Up-to-date symlink: /home/autoware/aichallenge2023-integration-final-main/install/tier4_simulation_msgs/include/tier4_simulation_msgs/tier4_simulation_msgs/msg/detail/fault_injection_event__traits.hpp
[4.891s] -- Up-to-date symlink: /home/autoware/aichallenge2023-integration-final-main/install/tier4_simulation_msgs/include/tier4_simulation_msgs/tier4_simulation_msgs/msg/detail/simulation_events__builder.hpp
[4.892s] -- Up-to-date symlink: /home/autoware/aichallenge2023-integration-final-main/install/tier4_simulation_msgs/include/tier4_simulation_msgs/tier4_simulation_msgs/msg/detail/simulation_events__struct.hpp
[4.892s] -- Up-to-date symlink: /home/autoware/aichallenge2023-integration-final-main/install/tier4_simulation_msgs/include/tier4_simulation_msgs/tier4_simulation_msgs/msg/detail/simulation_events__traits.hpp
[4.892s] -- Up-to-date symlink: /home/autoware/aichallenge2023-integration-final-main/install/tier4_simulation_msgs/include/tier4_simulation_msgs/tier4_simulation_msgs/msg/detail/user_defined_value__builder.hpp
[4.892s] -- Up-to-date symlink: /home/autoware/aichallenge2023-integration-final-main/install/tier4_simulation_msgs/include/tier4_simulation_msgs/tier4_simulation_msgs/msg/detail/user_defined_value__struct.hpp
[4.892s] -- Up-to-date symlink: /home/autoware/aichallenge2023-integration-final-main/install/tier4_simulation_msgs/include/tier4_simulation_msgs/tier4_simulation_msgs/msg/detail/user_defined_value__traits.hpp
[4.892s] -- Up-to-date symlink: /home/autoware/aichallenge2023-integration-final-main/install/tier4_simulation_msgs/include/tier4_simulation_msgs/tier4_simulation_msgs/msg/detail/user_defined_value_type__builder.hpp
[4.892s] -- Up-to-date symlink: /home/autoware/aichallenge2023-integration-final-main/install/tier4_simulation_msgs/include/tier4_simulation_msgs/tier4_simulation_msgs/msg/detail/user_defined_value_type__struct.hpp
[4.892s] -- Up-to-date symlink: /home/autoware/aichallenge2023-integration-final-main/install/tier4_simulation_msgs/include/tier4_simulation_msgs/tier4_simulation_msgs/msg/detail/user_defined_value_type__traits.hpp
[4.892s] -- Up-to-date symlink: /home/autoware/aichallenge2023-integration-final-main/install/tier4_simulation_msgs/include/tier4_simulation_msgs/tier4_simulation_msgs/msg/fault_injection_event.hpp
[4.893s] -- Up-to-date symlink: /home/autoware/aichallenge2023-integration-final-main/install/tier4_simulation_msgs/include/tier4_simulation_msgs/tier4_simulation_msgs/msg/simulation_events.hpp
[4.893s] -- Up-to-date symlink: /home/autoware/aichallenge2023-integration-final-main/install/tier4_simulation_msgs/include/tier4_simulation_msgs/tier4_simulation_msgs/msg/user_defined_value.hpp
[4.893s] -- Up-to-date symlink: /home/autoware/aichallenge2023-integration-final-main/install/tier4_simulation_msgs/include/tier4_simulation_msgs/tier4_simulation_msgs/msg/user_defined_value_type.hpp
[4.893s] -- Up-to-date symlink: /home/autoware/aichallenge2023-integration-final-main/install/tier4_simulation_msgs/include/tier4_simulation_msgs/tier4_simulation_msgs/msg/detail/fault_injection_event__rosidl_typesupport_fastrtps_cpp.hpp
[4.893s] -- Up-to-date symlink: /home/autoware/aichallenge2023-integration-final-main/install/tier4_simulation_msgs/include/tier4_simulation_msgs/tier4_simulation_msgs/msg/detail/simulation_events__rosidl_typesupport_fastrtps_cpp.hpp
[4.894s] -- Up-to-date symlink: /home/autoware/aichallenge2023-integration-final-main/install/tier4_simulation_msgs/include/tier4_simulation_msgs/tier4_simulation_msgs/msg/detail/user_defined_value__rosidl_typesupport_fastrtps_cpp.hpp
[4.894s] -- Up-to-date symlink: /home/autoware/aichallenge2023-integration-final-main/install/tier4_simulation_msgs/include/tier4_simulation_msgs/tier4_simulation_msgs/msg/detail/user_defined_value_type__rosidl_typesupport_fastrtps_cpp.hpp
[4.894s] -- Up-to-date symlink: /home/autoware/aichallenge2023-integration-final-main/install/tier4_simulation_msgs/include/tier4_simulation_msgs/tier4_simulation_msgs/msg/rosidl_typesupport_fastrtps_cpp__visibility_control.h
[4.894s] -- Up-to-date symlink: /home/autoware/aichallenge2023-integration-final-main/install/tier4_simulation_msgs/include/tier4_simulation_msgs/tier4_simulation_msgs/msg/detail/fault_injection_event__rosidl_typesupport_introspection_c.h
[4.894s] -- Up-to-date symlink: /home/autoware/aichallenge2023-integration-final-main/install/tier4_simulation_msgs/include/tier4_simulation_msgs/tier4_simulation_msgs/msg/detail/simulation_events__rosidl_typesupport_introspection_c.h
[4.894s] -- Up-to-date symlink: /home/autoware/aichallenge2023-integration-final-main/install/tier4_simulation_msgs/include/tier4_simulation_msgs/tier4_simulation_msgs/msg/detail/user_defined_value__rosidl_typesupport_introspection_c.h
[4.894s] -- Up-to-date symlink: /home/autoware/aichallenge2023-integration-final-main/install/tier4_simulation_msgs/include/tier4_simulation_msgs/tier4_simulation_msgs/msg/detail/user_defined_value_type__rosidl_typesupport_introspection_c.h
[4.895s] -- Up-to-date symlink: /home/autoware/aichallenge2023-integration-final-main/install/tier4_simulation_msgs/include/tier4_simulation_msgs/tier4_simulation_msgs/msg/rosidl_typesupport_introspection_c__visibility_control.h
[4.895s] -- Up-to-date symlink: /home/autoware/aichallenge2023-integration-final-main/install/tier4_simulation_msgs/include/tier4_simulation_msgs/tier4_simulation_msgs/msg/detail/fault_injection_event__rosidl_typesupport_introspection_cpp.hpp
[4.895s] -- Up-to-date symlink: /home/autoware/aichallenge2023-integration-final-main/install/tier4_simulation_msgs/include/tier4_simulation_msgs/tier4_simulation_msgs/msg/detail/simulation_events__rosidl_typesupport_introspection_cpp.hpp
[4.895s] -- Up-to-date symlink: /home/autoware/aichallenge2023-integration-final-main/install/tier4_simulation_msgs/include/tier4_simulation_msgs/tier4_simulation_msgs/msg/detail/user_defined_value__rosidl_typesupport_introspection_cpp.hpp
[4.895s] -- Up-to-date symlink: /home/autoware/aichallenge2023-integration-final-main/install/tier4_simulation_msgs/include/tier4_simulation_msgs/tier4_simulation_msgs/msg/detail/user_defined_value_type__rosidl_typesupport_introspection_cpp.hpp
[4.895s] -- Up-to-date symlink: /home/autoware/aichallenge2023-integration-final-main/install/tier4_simulation_msgs/share/tier4_simulation_msgs/environment/pythonpath.sh
[4.896s] -- Up-to-date symlink: /home/autoware/aichallenge2023-integration-final-main/install/tier4_simulation_msgs/share/tier4_simulation_msgs/environment/pythonpath.dsv
[4.896s] -- Up-to-date symlink: /home/autoware/aichallenge2023-integration-final-main/install/tier4_simulation_msgs/local/lib/python3.10/dist-packages/tier4_simulation_msgs-0.1.0-py3.10.egg-info/PKG-INFO
[4.896s] -- Up-to-date symlink: /home/autoware/aichallenge2023-integration-final-main/install/tier4_simulation_msgs/local/lib/python3.10/dist-packages/tier4_simulation_msgs-0.1.0-py3.10.egg-info/SOURCES.txt
[4.896s] -- Up-to-date symlink: /home/autoware/aichallenge2023-integration-final-main/install/tier4_simulation_msgs/local/lib/python3.10/dist-packages/tier4_simulation_msgs-0.1.0-py3.10.egg-info/dependency_links.txt
[4.896s] -- Up-to-date symlink: /home/autoware/aichallenge2023-integration-final-main/install/tier4_simulation_msgs/local/lib/python3.10/dist-packages/tier4_simulation_msgs-0.1.0-py3.10.egg-info/top_level.txt
[4.897s] -- Up-to-date symlink: /home/autoware/aichallenge2023-integration-final-main/install/tier4_simulation_msgs/local/lib/python3.10/dist-packages/tier4_simulation_msgs/__init__.py
[4.897s] -- Up-to-date symlink: /home/autoware/aichallenge2023-integration-final-main/install/tier4_simulation_msgs/local/lib/python3.10/dist-packages/tier4_simulation_msgs/_tier4_simulation_msgs_s.ep.rosidl_typesupport_c.c
[4.897s] -- Up-to-date symlink: /home/autoware/aichallenge2023-integration-final-main/install/tier4_simulation_msgs/local/lib/python3.10/dist-packages/tier4_simulation_msgs/_tier4_simulation_msgs_s.ep.rosidl_typesupport_fastrtps_c.c
[4.897s] -- Up-to-date symlink: /home/autoware/aichallenge2023-integration-final-main/install/tier4_simulation_msgs/local/lib/python3.10/dist-packages/tier4_simulation_msgs/_tier4_simulation_msgs_s.ep.rosidl_typesupport_introspection_c.c
[4.897s] -- Up-to-date symlink: /home/autoware/aichallenge2023-integration-final-main/install/tier4_simulation_msgs/local/lib/python3.10/dist-packages/tier4_simulation_msgs/libtier4_simulation_msgs__rosidl_generator_py.so
[4.897s] -- Up-to-date symlink: /home/autoware/aichallenge2023-integration-final-main/install/tier4_simulation_msgs/local/lib/python3.10/dist-packages/tier4_simulation_msgs/msg/__init__.py
[4.898s] -- Up-to-date symlink: /home/autoware/aichallenge2023-integration-final-main/install/tier4_simulation_msgs/local/lib/python3.10/dist-packages/tier4_simulation_msgs/msg/_fault_injection_event.py
[4.898s] -- Up-to-date symlink: /home/autoware/aichallenge2023-integration-final-main/install/tier4_simulation_msgs/local/lib/python3.10/dist-packages/tier4_simulation_msgs/msg/_fault_injection_event_s.c
[4.898s] -- Up-to-date symlink: /home/autoware/aichallenge2023-integration-final-main/install/tier4_simulation_msgs/local/lib/python3.10/dist-packages/tier4_simulation_msgs/msg/_simulation_events.py
[4.898s] -- Up-to-date symlink: /home/autoware/aichallenge2023-integration-final-main/install/tier4_simulation_msgs/local/lib/python3.10/dist-packages/tier4_simulation_msgs/msg/_simulation_events_s.c
[4.898s] -- Up-to-date symlink: /home/autoware/aichallenge2023-integration-final-main/install/tier4_simulation_msgs/local/lib/python3.10/dist-packages/tier4_simulation_msgs/msg/_user_defined_value.py
[4.898s] -- Up-to-date symlink: /home/autoware/aichallenge2023-integration-final-main/install/tier4_simulation_msgs/local/lib/python3.10/dist-packages/tier4_simulation_msgs/msg/_user_defined_value_s.c
[4.898s] -- Up-to-date symlink: /home/autoware/aichallenge2023-integration-final-main/install/tier4_simulation_msgs/local/lib/python3.10/dist-packages/tier4_simulation_msgs/msg/_user_defined_value_type.py
[4.899s] -- Up-to-date symlink: /home/autoware/aichallenge2023-integration-final-main/install/tier4_simulation_msgs/local/lib/python3.10/dist-packages/tier4_simulation_msgs/msg/_user_defined_value_type_s.c
[4.899s] -- Up-to-date symlink: /home/autoware/aichallenge2023-integration-final-main/install/tier4_simulation_msgs/local/lib/python3.10/dist-packages/tier4_simulation_msgs/tier4_simulation_msgs_s__rosidl_typesupport_c.cpython-310-x86_64-linux-gnu.so
[4.899s] -- Up-to-date symlink: /home/autoware/aichallenge2023-integration-final-main/install/tier4_simulation_msgs/local/lib/python3.10/dist-packages/tier4_simulation_msgs/tier4_simulation_msgs_s__rosidl_typesupport_fastrtps_c.cpython-310-x86_64-linux-gnu.so
[4.914s] -- Up-to-date symlink: /home/autoware/aichallenge2023-integration-final-main/install/tier4_simulation_msgs/local/lib/python3.10/dist-packages/tier4_simulation_msgs/tier4_simulation_msgs_s__rosidl_typesupport_introspection_c.cpython-310-x86_64-linux-gnu.so
[4.915s] -- Up-to-date symlink: /home/autoware/aichallenge2023-integration-final-main/install/tier4_simulation_msgs/local/lib/python3.10/dist-packages/tier4_simulation_msgs/tier4_simulation_msgs_s__rosidl_typesupport_fastrtps_c.cpython-310-x86_64-linux-gnu.so
[4.915s] -- Up-to-date symlink: /home/autoware/aichallenge2023-integration-final-main/install/tier4_simulation_msgs/local/lib/python3.10/dist-packages/tier4_simulation_msgs/tier4_simulation_msgs_s__rosidl_typesupport_introspection_c.cpython-310-x86_64-linux-gnu.so
[4.915s] -- Up-to-date symlink: /home/autoware/aichallenge2023-integration-final-main/install/tier4_simulation_msgs/local/lib/python3.10/dist-packages/tier4_simulation_msgs/tier4_simulation_msgs_s__rosidl_typesupport_c.cpython-310-x86_64-linux-gnu.so
[4.915s] -- Up-to-date symlink: /home/autoware/aichallenge2023-integration-final-main/install/tier4_simulation_msgs/share/tier4_simulation_msgs/msg/FaultInjectionEvent.idl
[4.916s] -- Up-to-date symlink: /home/autoware/aichallenge2023-integration-final-main/install/tier4_simulation_msgs/share/tier4_simulation_msgs/msg/SimulationEvents.idl
[4.916s] -- Up-to-date symlink: /home/autoware/aichallenge2023-integration-final-main/install/tier4_simulation_msgs/share/tier4_simulation_msgs/msg/UserDefinedValue.idl
[4.916s] -- Up-to-date symlink: /home/autoware/aichallenge2023-integration-final-main/install/tier4_simulation_msgs/share/tier4_simulation_msgs/msg/UserDefinedValueType.idl
[4.916s] -- Up-to-date symlink: /home/autoware/aichallenge2023-integration-final-main/install/tier4_simulation_msgs/share/tier4_simulation_msgs/msg/FaultInjectionEvent.msg
[4.916s] -- Up-to-date symlink: /home/autoware/aichallenge2023-integration-final-main/install/tier4_simulation_msgs/share/tier4_simulation_msgs/msg/SimulationEvents.msg
[4.917s] -- Up-to-date symlink: /home/autoware/aichallenge2023-integration-final-main/install/tier4_simulation_msgs/share/tier4_simulation_msgs/msg/UserDefinedValue.msg
[4.917s] -- Up-to-date symlink: /home/autoware/aichallenge2023-integration-final-main/install/tier4_simulation_msgs/share/tier4_simulation_msgs/msg/UserDefinedValueType.msg
[4.918s] -- Up-to-date symlink: /home/autoware/aichallenge2023-integration-final-main/install/tier4_simulation_msgs/share/ament_index/resource_index/package_run_dependencies/tier4_simulation_msgs
[4.918s] -- Up-to-date symlink: /home/autoware/aichallenge2023-integration-final-main/install/tier4_simulation_msgs/share/ament_index/resource_index/parent_prefix_path/tier4_simulation_msgs
[4.918s] -- Up-to-date symlink: /home/autoware/aichallenge2023-integration-final-main/install/tier4_simulation_msgs/share/tier4_simulation_msgs/environment/ament_prefix_path.sh
[4.921s] -- Up-to-date symlink: /home/autoware/aichallenge2023-integration-final-main/install/tier4_simulation_msgs/share/tier4_simulation_msgs/environment/ament_prefix_path.dsv
[4.921s] -- Up-to-date symlink: /home/autoware/aichallenge2023-integration-final-main/install/tier4_simulation_msgs/share/tier4_simulation_msgs/environment/path.sh
[4.921s] -- Up-to-date symlink: /home/autoware/aichallenge2023-integration-final-main/install/tier4_simulation_msgs/share/tier4_simulation_msgs/environment/path.dsv
[4.922s] -- Up-to-date symlink: /home/autoware/aichallenge2023-integration-final-main/install/tier4_simulation_msgs/share/tier4_simulation_msgs/local_setup.bash
[4.922s] -- Up-to-date symlink: /home/autoware/aichallenge2023-integration-final-main/install/tier4_simulation_msgs/share/tier4_simulation_msgs/local_setup.sh
[4.922s] -- Up-to-date symlink: /home/autoware/aichallenge2023-integration-final-main/install/tier4_simulation_msgs/share/tier4_simulation_msgs/local_setup.zsh
[4.922s] -- Up-to-date symlink: /home/autoware/aichallenge2023-integration-final-main/install/tier4_simulation_msgs/share/tier4_simulation_msgs/local_setup.dsv
[4.923s] -- Symlinking: /home/autoware/aichallenge2023-integration-final-main/install/tier4_simulation_msgs/share/tier4_simulation_msgs/package.dsv
[4.976s] -- Up-to-date symlink: /home/autoware/aichallenge2023-integration-final-main/install/tier4_simulation_msgs/share/ament_index/resource_index/packages/tier4_simulation_msgs
[4.977s] -- Up-to-date symlink: /home/autoware/aichallenge2023-integration-final-main/install/tier4_simulation_msgs/share/tier4_simulation_msgs/cmake/rosidl_cmake-extras.cmake
[4.977s] -- Up-to-date symlink: /home/autoware/aichallenge2023-integration-final-main/install/tier4_simulation_msgs/share/tier4_simulation_msgs/cmake/ament_cmake_export_dependencies-extras.cmake
[4.977s] -- Up-to-date symlink: /home/autoware/aichallenge2023-integration-final-main/install/tier4_simulation_msgs/share/tier4_simulation_msgs/cmake/ament_cmake_export_include_directories-extras.cmake
[4.977s] -- Up-to-date symlink: /home/autoware/aichallenge2023-integration-final-main/install/tier4_simulation_msgs/share/tier4_simulation_msgs/cmake/ament_cmake_export_libraries-extras.cmake
[4.977s] -- Up-to-date symlink: /home/autoware/aichallenge2023-integration-final-main/install/tier4_simulation_msgs/share/tier4_simulation_msgs/cmake/ament_cmake_export_targets-extras.cmake
[4.977s] -- Up-to-date symlink: /home/autoware/aichallenge2023-integration-final-main/install/tier4_simulation_msgs/share/tier4_simulation_msgs/cmake/rosidl_cmake_export_typesupport_targets-extras.cmake
[4.977s] -- Up-to-date symlink: /home/autoware/aichallenge2023-integration-final-main/install/tier4_simulation_msgs/share/tier4_simulation_msgs/cmake/rosidl_cmake_export_typesupport_libraries-extras.cmake
[4.977s] -- Up-to-date symlink: /home/autoware/aichallenge2023-integration-final-main/install/tier4_simulation_msgs/share/tier4_simulation_msgs/cmake/tier4_simulation_msgsConfig.cmake
[4.978s] -- Up-to-date symlink: /home/autoware/aichallenge2023-integration-final-main/install/tier4_simulation_msgs/share/tier4_simulation_msgs/cmake/tier4_simulation_msgsConfig-version.cmake
[4.978s] -- Up-to-date symlink: /home/autoware/aichallenge2023-integration-final-main/install/tier4_simulation_msgs/share/tier4_simulation_msgs/package.xml
[4.978s] -- Up-to-date: /home/autoware/aichallenge2023-integration-final-main/install/tier4_simulation_msgs/lib/libtier4_simulation_msgs__rosidl_generator_c.so
[4.978s] -- Up-to-date: /home/autoware/aichallenge2023-integration-final-main/install/tier4_simulation_msgs/lib/libtier4_simulation_msgs__rosidl_typesupport_fastrtps_c.so
[4.981s] -- Up-to-date: /home/autoware/aichallenge2023-integration-final-main/install/tier4_simulation_msgs/lib/libtier4_simulation_msgs__rosidl_typesupport_fastrtps_cpp.so
[4.981s] -- Up-to-date: /home/autoware/aichallenge2023-integration-final-main/install/tier4_simulation_msgs/lib/libtier4_simulation_msgs__rosidl_typesupport_introspection_c.so
[4.981s] -- Up-to-date: /home/autoware/aichallenge2023-integration-final-main/install/tier4_simulation_msgs/lib/libtier4_simulation_msgs__rosidl_typesupport_c.so
[4.981s] -- Up-to-date: /home/autoware/aichallenge2023-integration-final-main/install/tier4_simulation_msgs/lib/libtier4_simulation_msgs__rosidl_typesupport_introspection_cpp.so
[4.981s] -- Up-to-date: /home/autoware/aichallenge2023-integration-final-main/install/tier4_simulation_msgs/lib/libtier4_simulation_msgs__rosidl_typesupport_cpp.so
[5.091s] Listing '/home/autoware/aichallenge2023-integration-final-main/install/tier4_simulation_msgs/local/lib/python3.10/dist-packages/tier4_simulation_msgs'...
[5.091s] Listing '/home/autoware/aichallenge2023-integration-final-main/install/tier4_simulation_msgs/local/lib/python3.10/dist-packages/tier4_simulation_msgs/msg'...
[5.114s] -- Up-to-date: /home/autoware/aichallenge2023-integration-final-main/install/tier4_simulation_msgs/lib/libtier4_simulation_msgs__rosidl_generator_py.so
[5.114s] -- Up-to-date: /home/autoware/aichallenge2023-integration-final-main/install/tier4_simulation_msgs/share/tier4_simulation_msgs/cmake/export_tier4_simulation_msgs__rosidl_generator_cExport.cmake
[5.114s] -- Up-to-date: /home/autoware/aichallenge2023-integration-final-main/install/tier4_simulation_msgs/share/tier4_simulation_msgs/cmake/export_tier4_simulation_msgs__rosidl_generator_cExport-release.cmake
[5.114s] -- Up-to-date: /home/autoware/aichallenge2023-integration-final-main/install/tier4_simulation_msgs/share/tier4_simulation_msgs/cmake/export_tier4_simulation_msgs__rosidl_typesupport_fastrtps_cExport.cmake
[5.114s] -- Up-to-date: /home/autoware/aichallenge2023-integration-final-main/install/tier4_simulation_msgs/share/tier4_simulation_msgs/cmake/export_tier4_simulation_msgs__rosidl_typesupport_fastrtps_cExport-release.cmake
[5.114s] -- Up-to-date: /home/autoware/aichallenge2023-integration-final-main/install/tier4_simulation_msgs/share/tier4_simulation_msgs/cmake/export_tier4_simulation_msgs__rosidl_generator_cppExport.cmake
[5.114s] -- Up-to-date: /home/autoware/aichallenge2023-integration-final-main/install/tier4_simulation_msgs/share/tier4_simulation_msgs/cmake/export_tier4_simulation_msgs__rosidl_typesupport_fastrtps_cppExport.cmake
[5.114s] -- Up-to-date: /home/autoware/aichallenge2023-integration-final-main/install/tier4_simulation_msgs/share/tier4_simulation_msgs/cmake/export_tier4_simulation_msgs__rosidl_typesupport_fastrtps_cppExport-release.cmake
[5.114s] -- Up-to-date: /home/autoware/aichallenge2023-integration-final-main/install/tier4_simulation_msgs/share/tier4_simulation_msgs/cmake/tier4_simulation_msgs__rosidl_typesupport_introspection_cExport.cmake
[5.114s] -- Up-to-date: /home/autoware/aichallenge2023-integration-final-main/install/tier4_simulation_msgs/share/tier4_simulation_msgs/cmake/tier4_simulation_msgs__rosidl_typesupport_introspection_cExport-release.cmake
[5.114s] -- Up-to-date: /home/autoware/aichallenge2023-integration-final-main/install/tier4_simulation_msgs/share/tier4_simulation_msgs/cmake/tier4_simulation_msgs__rosidl_typesupport_cExport.cmake
[5.114s] -- Up-to-date: /home/autoware/aichallenge2023-integration-final-main/install/tier4_simulation_msgs/share/tier4_simulation_msgs/cmake/tier4_simulation_msgs__rosidl_typesupport_cExport-release.cmake
[5.115s] -- Up-to-date: /home/autoware/aichallenge2023-integration-final-main/install/tier4_simulation_msgs/share/tier4_simulation_msgs/cmake/tier4_simulation_msgs__rosidl_typesupport_introspection_cppExport.cmake
[5.115s] -- Up-to-date: /home/autoware/aichallenge2023-integration-final-main/install/tier4_simulation_msgs/share/tier4_simulation_msgs/cmake/tier4_simulation_msgs__rosidl_typesupport_introspection_cppExport-release.cmake
[5.115s] -- Up-to-date: /home/autoware/aichallenge2023-integration-final-main/install/tier4_simulation_msgs/share/tier4_simulation_msgs/cmake/tier4_simulation_msgs__rosidl_typesupport_cppExport.cmake
[5.115s] -- Up-to-date: /home/autoware/aichallenge2023-integration-final-main/install/tier4_simulation_msgs/share/tier4_simulation_msgs/cmake/tier4_simulation_msgs__rosidl_typesupport_cppExport-release.cmake
[5.115s] -- Up-to-date: /home/autoware/aichallenge2023-integration-final-main/install/tier4_simulation_msgs/share/tier4_simulation_msgs/cmake/export_tier4_simulation_msgs__rosidl_generator_pyExport.cmake
[5.115s] -- Up-to-date: /home/autoware/aichallenge2023-integration-final-main/install/tier4_simulation_msgs/share/tier4_simulation_msgs/cmake/export_tier4_simulation_msgs__rosidl_generator_pyExport-release.cmake
[5.126s] Invoked command in '/home/autoware/aichallenge2023-integration-final-main/build/tier4_simulation_msgs' returned '0': CMAKE_PREFIX_PATH=${CMAKE_PREFIX_PATH}:/home/autoware/aichallenge2023-integration-final-main/install/simulator_compatibility_test:/home/autoware/aichallenge2023-integration-final-main/install/ad_api_visualizers:/home/autoware/autoware/install/simulator_compatibility_test:/home/autoware/autoware/install/ad_api_visualizers:/opt/ros/humble /usr/bin/cmake --install /home/autoware/aichallenge2023-integration-final-main/build/tier4_simulation_msgs
