[0.246s] Invoking command in '/home/autoware/aichallenge2023-integration-final-main/build/autoware_common_msgs': CMAKE_PREFIX_PATH=${CMAKE_PREFIX_PATH}:/home/autoware/aichallenge2023-integration-final-main/install/simulator_compatibility_test:/home/autoware/aichallenge2023-integration-final-main/install/ad_api_visualizers:/home/autoware/autoware/install/simulator_compatibility_test:/home/autoware/autoware/install/ad_api_visualizers:/opt/ros/humble /usr/bin/cmake --build /home/autoware/aichallenge2023-integration-final-main/build/autoware_common_msgs -- -j16 -l16
[0.759s] [  3%] Built target autoware_common_msgs__cpp
[0.812s] [ 12%] Built target autoware_common_msgs__rosidl_generator_c
[0.846s] [ 12%] Built target ament_cmake_python_symlink_autoware_common_msgs
[1.542s] [ 22%] Built target autoware_common_msgs__rosidl_typesupport_introspection_c
[1.552s] [ 32%] Built target autoware_common_msgs__rosidl_typesupport_introspection_cpp
[1.582s] [ 41%] Built target autoware_common_msgs__rosidl_typesupport_cpp
[1.689s] [ 51%] Built target autoware_common_msgs__rosidl_typesupport_fastrtps_cpp
[1.735s] [ 61%] Built target autoware_common_msgs__rosidl_typesupport_c
[1.875s] [ 70%] Built target autoware_common_msgs__rosidl_typesupport_fastrtps_c
[2.334s] [ 70%] Built target autoware_common_msgs
[2.557s] running egg_info
[2.558s] writing autoware_common_msgs.egg-info/PKG-INFO
[2.558s] writing dependency_links to autoware_common_msgs.egg-info/dependency_links.txt
[2.558s] writing top-level names to autoware_common_msgs.egg-info/top_level.txt
[2.561s] reading manifest file 'autoware_common_msgs.egg-info/SOURCES.txt'
[2.562s] writing manifest file 'autoware_common_msgs.egg-info/SOURCES.txt'
[2.716s] [ 74%] Built target autoware_common_msgs__py
[2.727s] [ 74%] Built target ament_cmake_python_build_autoware_common_msgs_egg
[2.941s] [ 80%] Built target autoware_common_msgs__rosidl_generator_py
[3.266s] [ 87%] Built target autoware_common_msgs__rosidl_typesupport_introspection_c__pyext
[3.282s] [ 93%] Built target autoware_common_msgs__rosidl_typesupport_fastrtps_c__pyext
[3.332s] [100%] Built target autoware_common_msgs__rosidl_typesupport_c__pyext
[3.485s] Invoked command in '/home/autoware/aichallenge2023-integration-final-main/build/autoware_common_msgs' returned '0': CMAKE_PREFIX_PATH=${CMAKE_PREFIX_PATH}:/home/autoware/aichallenge2023-integration-final-main/install/simulator_compatibility_test:/home/autoware/aichallenge2023-integration-final-main/install/ad_api_visualizers:/home/autoware/autoware/install/simulator_compatibility_test:/home/autoware/autoware/install/ad_api_visualizers:/opt/ros/humble /usr/bin/cmake --build /home/autoware/aichallenge2023-integration-final-main/build/autoware_common_msgs -- -j16 -l16
[4.740s] Invoking command in '/home/autoware/aichallenge2023-integration-final-main/build/autoware_common_msgs': CMAKE_PREFIX_PATH=${CMAKE_PREFIX_PATH}:/home/autoware/aichallenge2023-integration-final-main/install/simulator_compatibility_test:/home/autoware/aichallenge2023-integration-final-main/install/ad_api_visualizers:/home/autoware/autoware/install/simulator_compatibility_test:/home/autoware/autoware/install/ad_api_visualizers:/opt/ros/humble /usr/bin/cmake --install /home/autoware/aichallenge2023-integration-final-main/build/autoware_common_msgs
[4.792s] -- Install configuration: "Release"
[4.793s] -- Execute custom install script
[4.794s] -- Up-to-date symlink: /home/autoware/aichallenge2023-integration-final-main/install/autoware_common_msgs/share/ament_index/resource_index/rosidl_interfaces/autoware_common_msgs
[4.794s] -- Up-to-date symlink: /home/autoware/aichallenge2023-integration-final-main/install/autoware_common_msgs/include/autoware_common_msgs/autoware_common_msgs/msg/detail/response_status__functions.h
[4.795s] -- Up-to-date symlink: /home/autoware/aichallenge2023-integration-final-main/install/autoware_common_msgs/include/autoware_common_msgs/autoware_common_msgs/msg/detail/response_status__struct.h
[4.795s] -- Up-to-date symlink: /home/autoware/aichallenge2023-integration-final-main/install/autoware_common_msgs/include/autoware_common_msgs/autoware_common_msgs/msg/detail/response_status__type_support.h
[4.796s] -- Up-to-date symlink: /home/autoware/aichallenge2023-integration-final-main/install/autoware_common_msgs/include/autoware_common_msgs/autoware_common_msgs/msg/response_status.h
[4.796s] -- Up-to-date symlink: /home/autoware/aichallenge2023-integration-final-main/install/autoware_common_msgs/include/autoware_common_msgs/autoware_common_msgs/msg/rosidl_generator_c__visibility_control.h
[4.796s] -- Up-to-date symlink: /home/autoware/aichallenge2023-integration-final-main/install/autoware_common_msgs/share/autoware_common_msgs/environment/library_path.sh
[4.796s] -- Up-to-date symlink: /home/autoware/aichallenge2023-integration-final-main/install/autoware_common_msgs/share/autoware_common_msgs/environment/library_path.dsv
[4.797s] -- Up-to-date symlink: /home/autoware/aichallenge2023-integration-final-main/install/autoware_common_msgs/include/autoware_common_msgs/autoware_common_msgs/msg/detail/response_status__rosidl_typesupport_fastrtps_c.h
[4.797s] -- Up-to-date symlink: /home/autoware/aichallenge2023-integration-final-main/install/autoware_common_msgs/include/autoware_common_msgs/autoware_common_msgs/msg/rosidl_typesupport_fastrtps_c__visibility_control.h
[4.798s] -- Up-to-date symlink: /home/autoware/aichallenge2023-integration-final-main/install/autoware_common_msgs/include/autoware_common_msgs/autoware_common_msgs/msg/detail/response_status__rosidl_typesupport_introspection_c.h
[4.798s] -- Up-to-date symlink: /home/autoware/aichallenge2023-integration-final-main/install/autoware_common_msgs/include/autoware_common_msgs/autoware_common_msgs/msg/rosidl_typesupport_introspection_c__visibility_control.h
[4.798s] -- Up-to-date symlink: /home/autoware/aichallenge2023-integration-final-main/install/autoware_common_msgs/include/autoware_common_msgs/autoware_common_msgs/msg/detail/response_status__builder.hpp
[4.799s] -- Up-to-date symlink: /home/autoware/aichallenge2023-integration-final-main/install/autoware_common_msgs/include/autoware_common_msgs/autoware_common_msgs/msg/detail/response_status__struct.hpp
[4.799s] -- Up-to-date symlink: /home/autoware/aichallenge2023-integration-final-main/install/autoware_common_msgs/include/autoware_common_msgs/autoware_common_msgs/msg/detail/response_status__traits.hpp
[4.799s] -- Up-to-date symlink: /home/autoware/aichallenge2023-integration-final-main/install/autoware_common_msgs/include/autoware_common_msgs/autoware_common_msgs/msg/response_status.hpp
[4.800s] -- Up-to-date symlink: /home/autoware/aichallenge2023-integration-final-main/install/autoware_common_msgs/include/autoware_common_msgs/autoware_common_msgs/msg/detail/response_status__rosidl_typesupport_fastrtps_cpp.hpp
[4.800s] -- Up-to-date symlink: /home/autoware/aichallenge2023-integration-final-main/install/autoware_common_msgs/include/autoware_common_msgs/autoware_common_msgs/msg/rosidl_typesupport_fastrtps_cpp__visibility_control.h
[4.800s] -- Up-to-date symlink: /home/autoware/aichallenge2023-integration-final-main/install/autoware_common_msgs/include/autoware_common_msgs/autoware_common_msgs/msg/detail/response_status__rosidl_typesupport_introspection_cpp.hpp
[4.801s] -- Up-to-date symlink: /home/autoware/aichallenge2023-integration-final-main/install/autoware_common_msgs/share/autoware_common_msgs/environment/pythonpath.sh
[4.801s] -- Up-to-date symlink: /home/autoware/aichallenge2023-integration-final-main/install/autoware_common_msgs/share/autoware_common_msgs/environment/pythonpath.dsv
[4.801s] -- Up-to-date symlink: /home/autoware/aichallenge2023-integration-final-main/install/autoware_common_msgs/local/lib/python3.10/dist-packages/autoware_common_msgs-1.0.0-py3.10.egg-info/PKG-INFO
[4.802s] -- Up-to-date symlink: /home/autoware/aichallenge2023-integration-final-main/install/autoware_common_msgs/local/lib/python3.10/dist-packages/autoware_common_msgs-1.0.0-py3.10.egg-info/SOURCES.txt
[4.802s] -- Up-to-date symlink: /home/autoware/aichallenge2023-integration-final-main/install/autoware_common_msgs/local/lib/python3.10/dist-packages/autoware_common_msgs-1.0.0-py3.10.egg-info/dependency_links.txt
[4.802s] -- Up-to-date symlink: /home/autoware/aichallenge2023-integration-final-main/install/autoware_common_msgs/local/lib/python3.10/dist-packages/autoware_common_msgs-1.0.0-py3.10.egg-info/top_level.txt
[4.803s] -- Up-to-date symlink: /home/autoware/aichallenge2023-integration-final-main/install/autoware_common_msgs/local/lib/python3.10/dist-packages/autoware_common_msgs/__init__.py
[4.803s] -- Up-to-date symlink: /home/autoware/aichallenge2023-integration-final-main/install/autoware_common_msgs/local/lib/python3.10/dist-packages/autoware_common_msgs/_autoware_common_msgs_s.ep.rosidl_typesupport_c.c
[4.803s] -- Up-to-date symlink: /home/autoware/aichallenge2023-integration-final-main/install/autoware_common_msgs/local/lib/python3.10/dist-packages/autoware_common_msgs/_autoware_common_msgs_s.ep.rosidl_typesupport_fastrtps_c.c
[4.804s] -- Up-to-date symlink: /home/autoware/aichallenge2023-integration-final-main/install/autoware_common_msgs/local/lib/python3.10/dist-packages/autoware_common_msgs/_autoware_common_msgs_s.ep.rosidl_typesupport_introspection_c.c
[4.804s] -- Up-to-date symlink: /home/autoware/aichallenge2023-integration-final-main/install/autoware_common_msgs/local/lib/python3.10/dist-packages/autoware_common_msgs/autoware_common_msgs_s__rosidl_typesupport_c.cpython-310-x86_64-linux-gnu.so
[4.804s] -- Up-to-date symlink: /home/autoware/aichallenge2023-integration-final-main/install/autoware_common_msgs/local/lib/python3.10/dist-packages/autoware_common_msgs/autoware_common_msgs_s__rosidl_typesupport_fastrtps_c.cpython-310-x86_64-linux-gnu.so
[4.804s] -- Up-to-date symlink: /home/autoware/aichallenge2023-integration-final-main/install/autoware_common_msgs/local/lib/python3.10/dist-packages/autoware_common_msgs/autoware_common_msgs_s__rosidl_typesupport_introspection_c.cpython-310-x86_64-linux-gnu.so
[4.805s] -- Up-to-date symlink: /home/autoware/aichallenge2023-integration-final-main/install/autoware_common_msgs/local/lib/python3.10/dist-packages/autoware_common_msgs/libautoware_common_msgs__rosidl_generator_py.so
[4.805s] -- Up-to-date symlink: /home/autoware/aichallenge2023-integration-final-main/install/autoware_common_msgs/local/lib/python3.10/dist-packages/autoware_common_msgs/msg/__init__.py
[4.805s] -- Up-to-date symlink: /home/autoware/aichallenge2023-integration-final-main/install/autoware_common_msgs/local/lib/python3.10/dist-packages/autoware_common_msgs/msg/_response_status.py
[4.806s] -- Up-to-date symlink: /home/autoware/aichallenge2023-integration-final-main/install/autoware_common_msgs/local/lib/python3.10/dist-packages/autoware_common_msgs/msg/_response_status_s.c
[4.806s] -- Up-to-date symlink: /home/autoware/aichallenge2023-integration-final-main/install/autoware_common_msgs/local/lib/python3.10/dist-packages/autoware_common_msgs/autoware_common_msgs_s__rosidl_typesupport_fastrtps_c.cpython-310-x86_64-linux-gnu.so
[4.807s] -- Up-to-date symlink: /home/autoware/aichallenge2023-integration-final-main/install/autoware_common_msgs/local/lib/python3.10/dist-packages/autoware_common_msgs/autoware_common_msgs_s__rosidl_typesupport_introspection_c.cpython-310-x86_64-linux-gnu.so
[4.807s] -- Up-to-date symlink: /home/autoware/aichallenge2023-integration-final-main/install/autoware_common_msgs/local/lib/python3.10/dist-packages/autoware_common_msgs/autoware_common_msgs_s__rosidl_typesupport_c.cpython-310-x86_64-linux-gnu.so
[4.807s] -- Up-to-date symlink: /home/autoware/aichallenge2023-integration-final-main/install/autoware_common_msgs/share/autoware_common_msgs/msg/ResponseStatus.idl
[4.808s] -- Up-to-date symlink: /home/autoware/aichallenge2023-integration-final-main/install/autoware_common_msgs/share/autoware_common_msgs/msg/ResponseStatus.msg
[4.808s] -- Up-to-date symlink: /home/autoware/aichallenge2023-integration-final-main/install/autoware_common_msgs/share/ament_index/resource_index/package_run_dependencies/autoware_common_msgs
[4.808s] -- Up-to-date symlink: /home/autoware/aichallenge2023-integration-final-main/install/autoware_common_msgs/share/ament_index/resource_index/parent_prefix_path/autoware_common_msgs
[4.809s] -- Up-to-date symlink: /home/autoware/aichallenge2023-integration-final-main/install/autoware_common_msgs/share/autoware_common_msgs/environment/ament_prefix_path.sh
[4.809s] -- Up-to-date symlink: /home/autoware/aichallenge2023-integration-final-main/install/autoware_common_msgs/share/autoware_common_msgs/environment/ament_prefix_path.dsv
[4.809s] -- Up-to-date symlink: /home/autoware/aichallenge2023-integration-final-main/install/autoware_common_msgs/share/autoware_common_msgs/environment/path.sh
[4.810s] -- Up-to-date symlink: /home/autoware/aichallenge2023-integration-final-main/install/autoware_common_msgs/share/autoware_common_msgs/environment/path.dsv
[4.810s] -- Up-to-date symlink: /home/autoware/aichallenge2023-integration-final-main/install/autoware_common_msgs/share/autoware_common_msgs/local_setup.bash
[4.811s] -- Up-to-date symlink: /home/autoware/aichallenge2023-integration-final-main/install/autoware_common_msgs/share/autoware_common_msgs/local_setup.sh
[4.812s] -- Up-to-date symlink: /home/autoware/aichallenge2023-integration-final-main/install/autoware_common_msgs/share/autoware_common_msgs/local_setup.zsh
[4.812s] -- Up-to-date symlink: /home/autoware/aichallenge2023-integration-final-main/install/autoware_common_msgs/share/autoware_common_msgs/local_setup.dsv
[4.813s] -- Symlinking: /home/autoware/aichallenge2023-integration-final-main/install/autoware_common_msgs/share/autoware_common_msgs/package.dsv
[4.865s] -- Up-to-date symlink: /home/autoware/aichallenge2023-integration-final-main/install/autoware_common_msgs/share/ament_index/resource_index/packages/autoware_common_msgs
[4.865s] -- Up-to-date symlink: /home/autoware/aichallenge2023-integration-final-main/install/autoware_common_msgs/share/autoware_common_msgs/cmake/rosidl_cmake-extras.cmake
[4.865s] -- Up-to-date symlink: /home/autoware/aichallenge2023-integration-final-main/install/autoware_common_msgs/share/autoware_common_msgs/cmake/ament_cmake_export_include_directories-extras.cmake
[4.865s] -- Up-to-date symlink: /home/autoware/aichallenge2023-integration-final-main/install/autoware_common_msgs/share/autoware_common_msgs/cmake/ament_cmake_export_libraries-extras.cmake
[4.865s] -- Up-to-date symlink: /home/autoware/aichallenge2023-integration-final-main/install/autoware_common_msgs/share/autoware_common_msgs/cmake/ament_cmake_export_targets-extras.cmake
[4.865s] -- Up-to-date symlink: /home/autoware/aichallenge2023-integration-final-main/install/autoware_common_msgs/share/autoware_common_msgs/cmake/rosidl_cmake_export_typesupport_targets-extras.cmake
[4.865s] -- Up-to-date symlink: /home/autoware/aichallenge2023-integration-final-main/install/autoware_common_msgs/share/autoware_common_msgs/cmake/ament_cmake_export_dependencies-extras.cmake
[4.866s] -- Up-to-date symlink: /home/autoware/aichallenge2023-integration-final-main/install/autoware_common_msgs/share/autoware_common_msgs/cmake/rosidl_cmake_export_typesupport_libraries-extras.cmake
[4.866s] -- Up-to-date symlink: /home/autoware/aichallenge2023-integration-final-main/install/autoware_common_msgs/share/autoware_common_msgs/cmake/autoware_common_msgsConfig.cmake
[4.866s] -- Up-to-date symlink: /home/autoware/aichallenge2023-integration-final-main/install/autoware_common_msgs/share/autoware_common_msgs/cmake/autoware_common_msgsConfig-version.cmake
[4.867s] -- Up-to-date symlink: /home/autoware/aichallenge2023-integration-final-main/install/autoware_common_msgs/share/autoware_common_msgs/package.xml
[4.867s] -- Up-to-date: /home/autoware/aichallenge2023-integration-final-main/install/autoware_common_msgs/lib/libautoware_common_msgs__rosidl_generator_c.so
[4.867s] -- Up-to-date: /home/autoware/aichallenge2023-integration-final-main/install/autoware_common_msgs/lib/libautoware_common_msgs__rosidl_typesupport_fastrtps_c.so
[4.868s] -- Up-to-date: /home/autoware/aichallenge2023-integration-final-main/install/autoware_common_msgs/lib/libautoware_common_msgs__rosidl_typesupport_introspection_c.so
[4.868s] -- Up-to-date: /home/autoware/aichallenge2023-integration-final-main/install/autoware_common_msgs/lib/libautoware_common_msgs__rosidl_typesupport_c.so
[4.868s] -- Up-to-date: /home/autoware/aichallenge2023-integration-final-main/install/autoware_common_msgs/lib/libautoware_common_msgs__rosidl_typesupport_fastrtps_cpp.so
[4.869s] -- Up-to-date: /home/autoware/aichallenge2023-integration-final-main/install/autoware_common_msgs/lib/libautoware_common_msgs__rosidl_typesupport_introspection_cpp.so
[4.869s] -- Up-to-date: /home/autoware/aichallenge2023-integration-final-main/install/autoware_common_msgs/lib/libautoware_common_msgs__rosidl_typesupport_cpp.so
[4.975s] Listing '/home/autoware/aichallenge2023-integration-final-main/install/autoware_common_msgs/local/lib/python3.10/dist-packages/autoware_common_msgs'...
[4.975s] Listing '/home/autoware/aichallenge2023-integration-final-main/install/autoware_common_msgs/local/lib/python3.10/dist-packages/autoware_common_msgs/msg'...
[4.982s] -- Up-to-date: /home/autoware/aichallenge2023-integration-final-main/install/autoware_common_msgs/lib/libautoware_common_msgs__rosidl_generator_py.so
[4.982s] -- Up-to-date: /home/autoware/aichallenge2023-integration-final-main/install/autoware_common_msgs/share/autoware_common_msgs/cmake/export_autoware_common_msgs__rosidl_generator_cExport.cmake
[4.982s] -- Up-to-date: /home/autoware/aichallenge2023-integration-final-main/install/autoware_common_msgs/share/autoware_common_msgs/cmake/export_autoware_common_msgs__rosidl_generator_cExport-release.cmake
[4.982s] -- Up-to-date: /home/autoware/aichallenge2023-integration-final-main/install/autoware_common_msgs/share/autoware_common_msgs/cmake/export_autoware_common_msgs__rosidl_typesupport_fastrtps_cExport.cmake
[4.982s] -- Up-to-date: /home/autoware/aichallenge2023-integration-final-main/install/autoware_common_msgs/share/autoware_common_msgs/cmake/export_autoware_common_msgs__rosidl_typesupport_fastrtps_cExport-release.cmake
[4.982s] -- Up-to-date: /home/autoware/aichallenge2023-integration-final-main/install/autoware_common_msgs/share/autoware_common_msgs/cmake/autoware_common_msgs__rosidl_typesupport_introspection_cExport.cmake
[4.982s] -- Up-to-date: /home/autoware/aichallenge2023-integration-final-main/install/autoware_common_msgs/share/autoware_common_msgs/cmake/autoware_common_msgs__rosidl_typesupport_introspection_cExport-release.cmake
[4.982s] -- Up-to-date: /home/autoware/aichallenge2023-integration-final-main/install/autoware_common_msgs/share/autoware_common_msgs/cmake/autoware_common_msgs__rosidl_typesupport_cExport.cmake
[4.982s] -- Up-to-date: /home/autoware/aichallenge2023-integration-final-main/install/autoware_common_msgs/share/autoware_common_msgs/cmake/autoware_common_msgs__rosidl_typesupport_cExport-release.cmake
[4.982s] -- Up-to-date: /home/autoware/aichallenge2023-integration-final-main/install/autoware_common_msgs/share/autoware_common_msgs/cmake/export_autoware_common_msgs__rosidl_generator_cppExport.cmake
[4.982s] -- Up-to-date: /home/autoware/aichallenge2023-integration-final-main/install/autoware_common_msgs/share/autoware_common_msgs/cmake/export_autoware_common_msgs__rosidl_typesupport_fastrtps_cppExport.cmake
[4.982s] -- Up-to-date: /home/autoware/aichallenge2023-integration-final-main/install/autoware_common_msgs/share/autoware_common_msgs/cmake/export_autoware_common_msgs__rosidl_typesupport_fastrtps_cppExport-release.cmake
[4.982s] -- Up-to-date: /home/autoware/aichallenge2023-integration-final-main/install/autoware_common_msgs/share/autoware_common_msgs/cmake/autoware_common_msgs__rosidl_typesupport_introspection_cppExport.cmake
[4.982s] -- Up-to-date: /home/autoware/aichallenge2023-integration-final-main/install/autoware_common_msgs/share/autoware_common_msgs/cmake/autoware_common_msgs__rosidl_typesupport_introspection_cppExport-release.cmake
[4.983s] -- Up-to-date: /home/autoware/aichallenge2023-integration-final-main/install/autoware_common_msgs/share/autoware_common_msgs/cmake/autoware_common_msgs__rosidl_typesupport_cppExport.cmake
[4.983s] -- Up-to-date: /home/autoware/aichallenge2023-integration-final-main/install/autoware_common_msgs/share/autoware_common_msgs/cmake/autoware_common_msgs__rosidl_typesupport_cppExport-release.cmake
[4.983s] -- Up-to-date: /home/autoware/aichallenge2023-integration-final-main/install/autoware_common_msgs/share/autoware_common_msgs/cmake/export_autoware_common_msgs__rosidl_generator_pyExport.cmake
[4.983s] -- Up-to-date: /home/autoware/aichallenge2023-integration-final-main/install/autoware_common_msgs/share/autoware_common_msgs/cmake/export_autoware_common_msgs__rosidl_generator_pyExport-release.cmake
[5.011s] Invoked command in '/home/autoware/aichallenge2023-integration-final-main/build/autoware_common_msgs' returned '0': CMAKE_PREFIX_PATH=${CMAKE_PREFIX_PATH}:/home/autoware/aichallenge2023-integration-final-main/install/simulator_compatibility_test:/home/autoware/aichallenge2023-integration-final-main/install/ad_api_visualizers:/home/autoware/autoware/install/simulator_compatibility_test:/home/autoware/autoware/install/ad_api_visualizers:/opt/ros/humble /usr/bin/cmake --install /home/autoware/aichallenge2023-integration-final-main/build/autoware_common_msgs
