[0.181s] Invoking command in '/home/autoware/aichallenge2023-integration-final-main/build/autoware_map_msgs': CMAKE_PREFIX_PATH=${CMAKE_PREFIX_PATH}:/home/autoware/aichallenge2023-integration-final-main/install/simulator_compatibility_test:/home/autoware/aichallenge2023-integration-final-main/install/ad_api_visualizers:/home/autoware/autoware/install/simulator_compatibility_test:/home/autoware/autoware/install/ad_api_visualizers:/opt/ros/humble /usr/bin/cmake --build /home/autoware/aichallenge2023-integration-final-main/build/autoware_map_msgs -- -j16 -l16
[3.520s] [ 11%] Built target autoware_map_msgs__rosidl_generator_c
[3.520s] [ 12%] Built target autoware_map_msgs__cpp
[3.520s] [ 12%] Built target ament_cmake_python_symlink_autoware_map_msgs
[3.520s] [ 23%] Built target autoware_map_msgs__rosidl_typesupport_fastrtps_c
[3.520s] [ 34%] Built target autoware_map_msgs__rosidl_typesupport_c
[3.521s] [ 46%] Built target autoware_map_msgs__rosidl_typesupport_fastrtps_cpp
[3.521s] [ 57%] Built target autoware_map_msgs__rosidl_typesupport_introspection_c
[3.521s] [ 68%] Built target autoware_map_msgs__rosidl_typesupport_cpp
[3.521s] [ 79%] Built target autoware_map_msgs__rosidl_typesupport_introspection_cpp
[3.521s] [ 79%] Built target autoware_map_msgs
[3.521s] running egg_info
[3.521s] writing autoware_map_msgs.egg-info/PKG-INFO
[3.521s] writing dependency_links to autoware_map_msgs.egg-info/dependency_links.txt
[3.521s] writing top-level names to autoware_map_msgs.egg-info/top_level.txt
[3.521s] reading manifest file 'autoware_map_msgs.egg-info/SOURCES.txt'
[3.521s] writing manifest file 'autoware_map_msgs.egg-info/SOURCES.txt'
[3.521s] [ 79%] Built target ament_cmake_python_build_autoware_map_msgs_egg
[3.521s] [ 80%] Built target autoware_map_msgs__py
[3.521s] [ 90%] Built target autoware_map_msgs__rosidl_generator_py
[3.641s] [ 93%] Built target autoware_map_msgs__rosidl_typesupport_c__pyext
[3.653s] [ 96%] Built target autoware_map_msgs__rosidl_typesupport_fastrtps_c__pyext
[3.689s] [100%] Built target autoware_map_msgs__rosidl_typesupport_introspection_c__pyext
[3.766s] Invoked command in '/home/autoware/aichallenge2023-integration-final-main/build/autoware_map_msgs' returned '0': CMAKE_PREFIX_PATH=${CMAKE_PREFIX_PATH}:/home/autoware/aichallenge2023-integration-final-main/install/simulator_compatibility_test:/home/autoware/aichallenge2023-integration-final-main/install/ad_api_visualizers:/home/autoware/autoware/install/simulator_compatibility_test:/home/autoware/autoware/install/ad_api_visualizers:/opt/ros/humble /usr/bin/cmake --build /home/autoware/aichallenge2023-integration-final-main/build/autoware_map_msgs -- -j16 -l16
[8.583s] Invoking command in '/home/autoware/aichallenge2023-integration-final-main/build/autoware_map_msgs': CMAKE_PREFIX_PATH=${CMAKE_PREFIX_PATH}:/home/autoware/aichallenge2023-integration-final-main/install/simulator_compatibility_test:/home/autoware/aichallenge2023-integration-final-main/install/ad_api_visualizers:/home/autoware/autoware/install/simulator_compatibility_test:/home/autoware/autoware/install/ad_api_visualizers:/opt/ros/humble /usr/bin/cmake --install /home/autoware/aichallenge2023-integration-final-main/build/autoware_map_msgs
[8.678s] -- Install configuration: "Release"
[8.683s] -- Execute custom install script
[8.683s] -- Up-to-date symlink: /home/autoware/aichallenge2023-integration-final-main/install/autoware_map_msgs/share/ament_index/resource_index/rosidl_interfaces/autoware_map_msgs
[8.683s] -- Up-to-date symlink: /home/autoware/aichallenge2023-integration-final-main/install/autoware_map_msgs/include/autoware_map_msgs/autoware_map_msgs/msg/area_info.h
[8.683s] -- Up-to-date symlink: /home/autoware/aichallenge2023-integration-final-main/install/autoware_map_msgs/include/autoware_map_msgs/autoware_map_msgs/msg/detail/area_info__functions.h
[8.683s] -- Up-to-date symlink: /home/autoware/aichallenge2023-integration-final-main/install/autoware_map_msgs/include/autoware_map_msgs/autoware_map_msgs/msg/detail/area_info__struct.h
[8.684s] -- Up-to-date symlink: /home/autoware/aichallenge2023-integration-final-main/install/autoware_map_msgs/include/autoware_map_msgs/autoware_map_msgs/msg/detail/area_info__type_support.h
[8.684s] -- Up-to-date symlink: /home/autoware/aichallenge2023-integration-final-main/install/autoware_map_msgs/include/autoware_map_msgs/autoware_map_msgs/msg/detail/lanelet_map_bin__functions.h
[8.684s] -- Up-to-date symlink: /home/autoware/aichallenge2023-integration-final-main/install/autoware_map_msgs/include/autoware_map_msgs/autoware_map_msgs/msg/detail/lanelet_map_bin__struct.h
[8.684s] -- Up-to-date symlink: /home/autoware/aichallenge2023-integration-final-main/install/autoware_map_msgs/include/autoware_map_msgs/autoware_map_msgs/msg/detail/lanelet_map_bin__type_support.h
[8.684s] -- Up-to-date symlink: /home/autoware/aichallenge2023-integration-final-main/install/autoware_map_msgs/include/autoware_map_msgs/autoware_map_msgs/msg/detail/point_cloud_map_cell_with_id__functions.h
[8.684s] -- Up-to-date symlink: /home/autoware/aichallenge2023-integration-final-main/install/autoware_map_msgs/include/autoware_map_msgs/autoware_map_msgs/msg/detail/point_cloud_map_cell_with_id__struct.h
[8.684s] -- Up-to-date symlink: /home/autoware/aichallenge2023-integration-final-main/install/autoware_map_msgs/include/autoware_map_msgs/autoware_map_msgs/msg/detail/point_cloud_map_cell_with_id__type_support.h
[8.684s] -- Up-to-date symlink: /home/autoware/aichallenge2023-integration-final-main/install/autoware_map_msgs/include/autoware_map_msgs/autoware_map_msgs/msg/lanelet_map_bin.h
[8.684s] -- Up-to-date symlink: /home/autoware/aichallenge2023-integration-final-main/install/autoware_map_msgs/include/autoware_map_msgs/autoware_map_msgs/msg/point_cloud_map_cell_with_id.h
[8.685s] -- Up-to-date symlink: /home/autoware/aichallenge2023-integration-final-main/install/autoware_map_msgs/include/autoware_map_msgs/autoware_map_msgs/msg/rosidl_generator_c__visibility_control.h
[8.685s] -- Up-to-date symlink: /home/autoware/aichallenge2023-integration-final-main/install/autoware_map_msgs/include/autoware_map_msgs/autoware_map_msgs/srv/detail/get_differential_point_cloud_map__functions.h
[8.685s] -- Up-to-date symlink: /home/autoware/aichallenge2023-integration-final-main/install/autoware_map_msgs/include/autoware_map_msgs/autoware_map_msgs/srv/detail/get_differential_point_cloud_map__struct.h
[8.685s] -- Up-to-date symlink: /home/autoware/aichallenge2023-integration-final-main/install/autoware_map_msgs/include/autoware_map_msgs/autoware_map_msgs/srv/detail/get_differential_point_cloud_map__type_support.h
[8.685s] -- Up-to-date symlink: /home/autoware/aichallenge2023-integration-final-main/install/autoware_map_msgs/include/autoware_map_msgs/autoware_map_msgs/srv/detail/get_partial_point_cloud_map__functions.h
[8.685s] -- Up-to-date symlink: /home/autoware/aichallenge2023-integration-final-main/install/autoware_map_msgs/include/autoware_map_msgs/autoware_map_msgs/srv/detail/get_partial_point_cloud_map__struct.h
[8.685s] -- Up-to-date symlink: /home/autoware/aichallenge2023-integration-final-main/install/autoware_map_msgs/include/autoware_map_msgs/autoware_map_msgs/srv/detail/get_partial_point_cloud_map__type_support.h
[8.685s] -- Up-to-date symlink: /home/autoware/aichallenge2023-integration-final-main/install/autoware_map_msgs/include/autoware_map_msgs/autoware_map_msgs/srv/get_differential_point_cloud_map.h
[8.685s] -- Up-to-date symlink: /home/autoware/aichallenge2023-integration-final-main/install/autoware_map_msgs/include/autoware_map_msgs/autoware_map_msgs/srv/get_partial_point_cloud_map.h
[8.686s] -- Up-to-date symlink: /home/autoware/aichallenge2023-integration-final-main/install/autoware_map_msgs/share/autoware_map_msgs/environment/library_path.sh
[8.686s] -- Up-to-date symlink: /home/autoware/aichallenge2023-integration-final-main/install/autoware_map_msgs/share/autoware_map_msgs/environment/library_path.dsv
[8.687s] -- Up-to-date symlink: /home/autoware/aichallenge2023-integration-final-main/install/autoware_map_msgs/include/autoware_map_msgs/autoware_map_msgs/msg/detail/area_info__rosidl_typesupport_fastrtps_c.h
[8.687s] -- Up-to-date symlink: /home/autoware/aichallenge2023-integration-final-main/install/autoware_map_msgs/include/autoware_map_msgs/autoware_map_msgs/msg/detail/lanelet_map_bin__rosidl_typesupport_fastrtps_c.h
[8.687s] -- Up-to-date symlink: /home/autoware/aichallenge2023-integration-final-main/install/autoware_map_msgs/include/autoware_map_msgs/autoware_map_msgs/msg/detail/point_cloud_map_cell_with_id__rosidl_typesupport_fastrtps_c.h
[8.687s] -- Up-to-date symlink: /home/autoware/aichallenge2023-integration-final-main/install/autoware_map_msgs/include/autoware_map_msgs/autoware_map_msgs/msg/rosidl_typesupport_fastrtps_c__visibility_control.h
[8.687s] -- Up-to-date symlink: /home/autoware/aichallenge2023-integration-final-main/install/autoware_map_msgs/include/autoware_map_msgs/autoware_map_msgs/srv/detail/get_differential_point_cloud_map__rosidl_typesupport_fastrtps_c.h
[8.687s] -- Up-to-date symlink: /home/autoware/aichallenge2023-integration-final-main/install/autoware_map_msgs/include/autoware_map_msgs/autoware_map_msgs/srv/detail/get_partial_point_cloud_map__rosidl_typesupport_fastrtps_c.h
[8.689s] -- Up-to-date symlink: /home/autoware/aichallenge2023-integration-final-main/install/autoware_map_msgs/include/autoware_map_msgs/autoware_map_msgs/msg/area_info.hpp
[8.689s] -- Up-to-date symlink: /home/autoware/aichallenge2023-integration-final-main/install/autoware_map_msgs/include/autoware_map_msgs/autoware_map_msgs/msg/detail/area_info__builder.hpp
[8.689s] -- Up-to-date symlink: /home/autoware/aichallenge2023-integration-final-main/install/autoware_map_msgs/include/autoware_map_msgs/autoware_map_msgs/msg/detail/area_info__struct.hpp
[8.689s] -- Up-to-date symlink: /home/autoware/aichallenge2023-integration-final-main/install/autoware_map_msgs/include/autoware_map_msgs/autoware_map_msgs/msg/detail/area_info__traits.hpp
[8.689s] -- Up-to-date symlink: /home/autoware/aichallenge2023-integration-final-main/install/autoware_map_msgs/include/autoware_map_msgs/autoware_map_msgs/msg/detail/lanelet_map_bin__builder.hpp
[8.689s] -- Up-to-date symlink: /home/autoware/aichallenge2023-integration-final-main/install/autoware_map_msgs/include/autoware_map_msgs/autoware_map_msgs/msg/detail/lanelet_map_bin__struct.hpp
[8.690s] -- Up-to-date symlink: /home/autoware/aichallenge2023-integration-final-main/install/autoware_map_msgs/include/autoware_map_msgs/autoware_map_msgs/msg/detail/lanelet_map_bin__traits.hpp
[8.690s] -- Up-to-date symlink: /home/autoware/aichallenge2023-integration-final-main/install/autoware_map_msgs/include/autoware_map_msgs/autoware_map_msgs/msg/detail/point_cloud_map_cell_with_id__builder.hpp
[8.690s] -- Up-to-date symlink: /home/autoware/aichallenge2023-integration-final-main/install/autoware_map_msgs/include/autoware_map_msgs/autoware_map_msgs/msg/detail/point_cloud_map_cell_with_id__struct.hpp
[8.690s] -- Up-to-date symlink: /home/autoware/aichallenge2023-integration-final-main/install/autoware_map_msgs/include/autoware_map_msgs/autoware_map_msgs/msg/detail/point_cloud_map_cell_with_id__traits.hpp
[8.690s] -- Up-to-date symlink: /home/autoware/aichallenge2023-integration-final-main/install/autoware_map_msgs/include/autoware_map_msgs/autoware_map_msgs/msg/lanelet_map_bin.hpp
[8.691s] -- Up-to-date symlink: /home/autoware/aichallenge2023-integration-final-main/install/autoware_map_msgs/include/autoware_map_msgs/autoware_map_msgs/msg/point_cloud_map_cell_with_id.hpp
[8.691s] -- Up-to-date symlink: /home/autoware/aichallenge2023-integration-final-main/install/autoware_map_msgs/include/autoware_map_msgs/autoware_map_msgs/srv/detail/get_differential_point_cloud_map__builder.hpp
[8.691s] -- Up-to-date symlink: /home/autoware/aichallenge2023-integration-final-main/install/autoware_map_msgs/include/autoware_map_msgs/autoware_map_msgs/srv/detail/get_differential_point_cloud_map__struct.hpp
[8.691s] -- Up-to-date symlink: /home/autoware/aichallenge2023-integration-final-main/install/autoware_map_msgs/include/autoware_map_msgs/autoware_map_msgs/srv/detail/get_differential_point_cloud_map__traits.hpp
[8.691s] -- Up-to-date symlink: /home/autoware/aichallenge2023-integration-final-main/install/autoware_map_msgs/include/autoware_map_msgs/autoware_map_msgs/srv/detail/get_partial_point_cloud_map__builder.hpp
[8.692s] -- Up-to-date symlink: /home/autoware/aichallenge2023-integration-final-main/install/autoware_map_msgs/include/autoware_map_msgs/autoware_map_msgs/srv/detail/get_partial_point_cloud_map__struct.hpp
[8.692s] -- Up-to-date symlink: /home/autoware/aichallenge2023-integration-final-main/install/autoware_map_msgs/include/autoware_map_msgs/autoware_map_msgs/srv/detail/get_partial_point_cloud_map__traits.hpp
[8.695s] -- Up-to-date symlink: /home/autoware/aichallenge2023-integration-final-main/install/autoware_map_msgs/include/autoware_map_msgs/autoware_map_msgs/srv/get_differential_point_cloud_map.hpp
[8.696s] -- Up-to-date symlink: /home/autoware/aichallenge2023-integration-final-main/install/autoware_map_msgs/include/autoware_map_msgs/autoware_map_msgs/srv/get_partial_point_cloud_map.hpp
[8.697s] -- Up-to-date symlink: /home/autoware/aichallenge2023-integration-final-main/install/autoware_map_msgs/include/autoware_map_msgs/autoware_map_msgs/msg/detail/area_info__rosidl_typesupport_fastrtps_cpp.hpp
[8.697s] -- Up-to-date symlink: /home/autoware/aichallenge2023-integration-final-main/install/autoware_map_msgs/include/autoware_map_msgs/autoware_map_msgs/msg/detail/lanelet_map_bin__rosidl_typesupport_fastrtps_cpp.hpp
[8.697s] -- Up-to-date symlink: /home/autoware/aichallenge2023-integration-final-main/install/autoware_map_msgs/include/autoware_map_msgs/autoware_map_msgs/msg/detail/point_cloud_map_cell_with_id__rosidl_typesupport_fastrtps_cpp.hpp
[8.697s] -- Up-to-date symlink: /home/autoware/aichallenge2023-integration-final-main/install/autoware_map_msgs/include/autoware_map_msgs/autoware_map_msgs/msg/rosidl_typesupport_fastrtps_cpp__visibility_control.h
[8.698s] -- Up-to-date symlink: /home/autoware/aichallenge2023-integration-final-main/install/autoware_map_msgs/include/autoware_map_msgs/autoware_map_msgs/srv/detail/get_differential_point_cloud_map__rosidl_typesupport_fastrtps_cpp.hpp
[8.698s] -- Up-to-date symlink: /home/autoware/aichallenge2023-integration-final-main/install/autoware_map_msgs/include/autoware_map_msgs/autoware_map_msgs/srv/detail/get_partial_point_cloud_map__rosidl_typesupport_fastrtps_cpp.hpp
[8.699s] -- Up-to-date symlink: /home/autoware/aichallenge2023-integration-final-main/install/autoware_map_msgs/include/autoware_map_msgs/autoware_map_msgs/msg/detail/area_info__rosidl_typesupport_introspection_c.h
[8.700s] -- Up-to-date symlink: /home/autoware/aichallenge2023-integration-final-main/install/autoware_map_msgs/include/autoware_map_msgs/autoware_map_msgs/msg/detail/lanelet_map_bin__rosidl_typesupport_introspection_c.h
[8.700s] -- Up-to-date symlink: /home/autoware/aichallenge2023-integration-final-main/install/autoware_map_msgs/include/autoware_map_msgs/autoware_map_msgs/msg/detail/point_cloud_map_cell_with_id__rosidl_typesupport_introspection_c.h
[8.701s] -- Up-to-date symlink: /home/autoware/aichallenge2023-integration-final-main/install/autoware_map_msgs/include/autoware_map_msgs/autoware_map_msgs/msg/rosidl_typesupport_introspection_c__visibility_control.h
[8.701s] -- Up-to-date symlink: /home/autoware/aichallenge2023-integration-final-main/install/autoware_map_msgs/include/autoware_map_msgs/autoware_map_msgs/srv/detail/get_differential_point_cloud_map__rosidl_typesupport_introspection_c.h
[8.702s] -- Up-to-date symlink: /home/autoware/aichallenge2023-integration-final-main/install/autoware_map_msgs/include/autoware_map_msgs/autoware_map_msgs/srv/detail/get_partial_point_cloud_map__rosidl_typesupport_introspection_c.h
[8.703s] -- Up-to-date symlink: /home/autoware/aichallenge2023-integration-final-main/install/autoware_map_msgs/include/autoware_map_msgs/autoware_map_msgs/msg/detail/area_info__rosidl_typesupport_introspection_cpp.hpp
[8.703s] -- Up-to-date symlink: /home/autoware/aichallenge2023-integration-final-main/install/autoware_map_msgs/include/autoware_map_msgs/autoware_map_msgs/msg/detail/lanelet_map_bin__rosidl_typesupport_introspection_cpp.hpp
[8.704s] -- Up-to-date symlink: /home/autoware/aichallenge2023-integration-final-main/install/autoware_map_msgs/include/autoware_map_msgs/autoware_map_msgs/msg/detail/point_cloud_map_cell_with_id__rosidl_typesupport_introspection_cpp.hpp
[8.704s] -- Up-to-date symlink: /home/autoware/aichallenge2023-integration-final-main/install/autoware_map_msgs/include/autoware_map_msgs/autoware_map_msgs/srv/detail/get_differential_point_cloud_map__rosidl_typesupport_introspection_cpp.hpp
[8.705s] -- Up-to-date symlink: /home/autoware/aichallenge2023-integration-final-main/install/autoware_map_msgs/include/autoware_map_msgs/autoware_map_msgs/srv/detail/get_partial_point_cloud_map__rosidl_typesupport_introspection_cpp.hpp
[8.705s] -- Up-to-date symlink: /home/autoware/aichallenge2023-integration-final-main/install/autoware_map_msgs/share/autoware_map_msgs/environment/pythonpath.sh
[8.706s] -- Up-to-date symlink: /home/autoware/aichallenge2023-integration-final-main/install/autoware_map_msgs/share/autoware_map_msgs/environment/pythonpath.dsv
[8.707s] -- Up-to-date symlink: /home/autoware/aichallenge2023-integration-final-main/install/autoware_map_msgs/local/lib/python3.10/dist-packages/autoware_map_msgs-1.0.0-py3.10.egg-info/PKG-INFO
[8.707s] -- Up-to-date symlink: /home/autoware/aichallenge2023-integration-final-main/install/autoware_map_msgs/local/lib/python3.10/dist-packages/autoware_map_msgs-1.0.0-py3.10.egg-info/SOURCES.txt
[8.708s] -- Up-to-date symlink: /home/autoware/aichallenge2023-integration-final-main/install/autoware_map_msgs/local/lib/python3.10/dist-packages/autoware_map_msgs-1.0.0-py3.10.egg-info/dependency_links.txt
[8.708s] -- Up-to-date symlink: /home/autoware/aichallenge2023-integration-final-main/install/autoware_map_msgs/local/lib/python3.10/dist-packages/autoware_map_msgs-1.0.0-py3.10.egg-info/top_level.txt
[8.710s] -- Up-to-date symlink: /home/autoware/aichallenge2023-integration-final-main/install/autoware_map_msgs/local/lib/python3.10/dist-packages/autoware_map_msgs/__init__.py
[8.710s] -- Up-to-date symlink: /home/autoware/aichallenge2023-integration-final-main/install/autoware_map_msgs/local/lib/python3.10/dist-packages/autoware_map_msgs/_autoware_map_msgs_s.ep.rosidl_typesupport_c.c
[8.711s] -- Up-to-date symlink: /home/autoware/aichallenge2023-integration-final-main/install/autoware_map_msgs/local/lib/python3.10/dist-packages/autoware_map_msgs/_autoware_map_msgs_s.ep.rosidl_typesupport_fastrtps_c.c
[8.711s] -- Up-to-date symlink: /home/autoware/aichallenge2023-integration-final-main/install/autoware_map_msgs/local/lib/python3.10/dist-packages/autoware_map_msgs/_autoware_map_msgs_s.ep.rosidl_typesupport_introspection_c.c
[8.712s] -- Up-to-date symlink: /home/autoware/aichallenge2023-integration-final-main/install/autoware_map_msgs/local/lib/python3.10/dist-packages/autoware_map_msgs/autoware_map_msgs_s__rosidl_typesupport_c.cpython-310-x86_64-linux-gnu.so
[8.713s] -- Up-to-date symlink: /home/autoware/aichallenge2023-integration-final-main/install/autoware_map_msgs/local/lib/python3.10/dist-packages/autoware_map_msgs/autoware_map_msgs_s__rosidl_typesupport_fastrtps_c.cpython-310-x86_64-linux-gnu.so
[8.713s] -- Up-to-date symlink: /home/autoware/aichallenge2023-integration-final-main/install/autoware_map_msgs/local/lib/python3.10/dist-packages/autoware_map_msgs/autoware_map_msgs_s__rosidl_typesupport_introspection_c.cpython-310-x86_64-linux-gnu.so
[8.714s] -- Up-to-date symlink: /home/autoware/aichallenge2023-integration-final-main/install/autoware_map_msgs/local/lib/python3.10/dist-packages/autoware_map_msgs/libautoware_map_msgs__rosidl_generator_py.so
[8.714s] -- Up-to-date symlink: /home/autoware/aichallenge2023-integration-final-main/install/autoware_map_msgs/local/lib/python3.10/dist-packages/autoware_map_msgs/msg/__init__.py
[8.715s] -- Up-to-date symlink: /home/autoware/aichallenge2023-integration-final-main/install/autoware_map_msgs/local/lib/python3.10/dist-packages/autoware_map_msgs/msg/_area_info.py
[8.723s] -- Up-to-date symlink: /home/autoware/aichallenge2023-integration-final-main/install/autoware_map_msgs/local/lib/python3.10/dist-packages/autoware_map_msgs/msg/_area_info_s.c
[8.723s] -- Up-to-date symlink: /home/autoware/aichallenge2023-integration-final-main/install/autoware_map_msgs/local/lib/python3.10/dist-packages/autoware_map_msgs/msg/_lanelet_map_bin.py
[8.723s] -- Up-to-date symlink: /home/autoware/aichallenge2023-integration-final-main/install/autoware_map_msgs/local/lib/python3.10/dist-packages/autoware_map_msgs/msg/_lanelet_map_bin_s.c
[8.723s] -- Up-to-date symlink: /home/autoware/aichallenge2023-integration-final-main/install/autoware_map_msgs/local/lib/python3.10/dist-packages/autoware_map_msgs/msg/_point_cloud_map_cell_with_id.py
[8.724s] -- Up-to-date symlink: /home/autoware/aichallenge2023-integration-final-main/install/autoware_map_msgs/local/lib/python3.10/dist-packages/autoware_map_msgs/msg/_point_cloud_map_cell_with_id_s.c
[8.724s] -- Up-to-date symlink: /home/autoware/aichallenge2023-integration-final-main/install/autoware_map_msgs/local/lib/python3.10/dist-packages/autoware_map_msgs/srv/__init__.py
[8.725s] -- Up-to-date symlink: /home/autoware/aichallenge2023-integration-final-main/install/autoware_map_msgs/local/lib/python3.10/dist-packages/autoware_map_msgs/srv/_get_differential_point_cloud_map.py
[8.725s] -- Up-to-date symlink: /home/autoware/aichallenge2023-integration-final-main/install/autoware_map_msgs/local/lib/python3.10/dist-packages/autoware_map_msgs/srv/_get_differential_point_cloud_map_s.c
[8.725s] -- Up-to-date symlink: /home/autoware/aichallenge2023-integration-final-main/install/autoware_map_msgs/local/lib/python3.10/dist-packages/autoware_map_msgs/srv/_get_partial_point_cloud_map.py
[8.726s] -- Up-to-date symlink: /home/autoware/aichallenge2023-integration-final-main/install/autoware_map_msgs/local/lib/python3.10/dist-packages/autoware_map_msgs/srv/_get_partial_point_cloud_map_s.c
[8.726s] -- Up-to-date symlink: /home/autoware/aichallenge2023-integration-final-main/install/autoware_map_msgs/local/lib/python3.10/dist-packages/autoware_map_msgs/autoware_map_msgs_s__rosidl_typesupport_fastrtps_c.cpython-310-x86_64-linux-gnu.so
[8.726s] -- Up-to-date symlink: /home/autoware/aichallenge2023-integration-final-main/install/autoware_map_msgs/local/lib/python3.10/dist-packages/autoware_map_msgs/autoware_map_msgs_s__rosidl_typesupport_introspection_c.cpython-310-x86_64-linux-gnu.so
[8.726s] -- Up-to-date symlink: /home/autoware/aichallenge2023-integration-final-main/install/autoware_map_msgs/local/lib/python3.10/dist-packages/autoware_map_msgs/autoware_map_msgs_s__rosidl_typesupport_c.cpython-310-x86_64-linux-gnu.so
[8.726s] -- Up-to-date symlink: /home/autoware/aichallenge2023-integration-final-main/install/autoware_map_msgs/share/autoware_map_msgs/msg/AreaInfo.idl
[8.727s] -- Up-to-date symlink: /home/autoware/aichallenge2023-integration-final-main/install/autoware_map_msgs/share/autoware_map_msgs/msg/LaneletMapBin.idl
[8.727s] -- Up-to-date symlink: /home/autoware/aichallenge2023-integration-final-main/install/autoware_map_msgs/share/autoware_map_msgs/msg/PointCloudMapCellWithID.idl
[8.727s] -- Up-to-date symlink: /home/autoware/aichallenge2023-integration-final-main/install/autoware_map_msgs/share/autoware_map_msgs/srv/GetPartialPointCloudMap.idl
[8.727s] -- Up-to-date symlink: /home/autoware/aichallenge2023-integration-final-main/install/autoware_map_msgs/share/autoware_map_msgs/srv/GetDifferentialPointCloudMap.idl
[8.727s] -- Up-to-date symlink: /home/autoware/aichallenge2023-integration-final-main/install/autoware_map_msgs/share/autoware_map_msgs/msg/AreaInfo.msg
[8.727s] -- Up-to-date symlink: /home/autoware/aichallenge2023-integration-final-main/install/autoware_map_msgs/share/autoware_map_msgs/msg/LaneletMapBin.msg
[8.727s] -- Up-to-date symlink: /home/autoware/aichallenge2023-integration-final-main/install/autoware_map_msgs/share/autoware_map_msgs/msg/PointCloudMapCellWithID.msg
[8.727s] -- Up-to-date symlink: /home/autoware/aichallenge2023-integration-final-main/install/autoware_map_msgs/share/autoware_map_msgs/srv/GetPartialPointCloudMap.srv
[8.727s] -- Up-to-date symlink: /home/autoware/aichallenge2023-integration-final-main/install/autoware_map_msgs/share/autoware_map_msgs/srv/GetPartialPointCloudMap_Request.msg
[8.728s] -- Up-to-date symlink: /home/autoware/aichallenge2023-integration-final-main/install/autoware_map_msgs/share/autoware_map_msgs/srv/GetPartialPointCloudMap_Response.msg
[8.728s] -- Up-to-date symlink: /home/autoware/aichallenge2023-integration-final-main/install/autoware_map_msgs/share/autoware_map_msgs/srv/GetDifferentialPointCloudMap.srv
[8.728s] -- Up-to-date symlink: /home/autoware/aichallenge2023-integration-final-main/install/autoware_map_msgs/share/autoware_map_msgs/srv/GetDifferentialPointCloudMap_Request.msg
[8.728s] -- Up-to-date symlink: /home/autoware/aichallenge2023-integration-final-main/install/autoware_map_msgs/share/autoware_map_msgs/srv/GetDifferentialPointCloudMap_Response.msg
[8.728s] -- Up-to-date symlink: /home/autoware/aichallenge2023-integration-final-main/install/autoware_map_msgs/share/ament_index/resource_index/package_run_dependencies/autoware_map_msgs
[8.728s] -- Up-to-date symlink: /home/autoware/aichallenge2023-integration-final-main/install/autoware_map_msgs/share/ament_index/resource_index/parent_prefix_path/autoware_map_msgs
[8.728s] -- Up-to-date symlink: /home/autoware/aichallenge2023-integration-final-main/install/autoware_map_msgs/share/autoware_map_msgs/environment/ament_prefix_path.sh
[8.728s] -- Up-to-date symlink: /home/autoware/aichallenge2023-integration-final-main/install/autoware_map_msgs/share/autoware_map_msgs/environment/ament_prefix_path.dsv
[8.729s] -- Up-to-date symlink: /home/autoware/aichallenge2023-integration-final-main/install/autoware_map_msgs/share/autoware_map_msgs/environment/path.sh
[8.729s] -- Up-to-date symlink: /home/autoware/aichallenge2023-integration-final-main/install/autoware_map_msgs/share/autoware_map_msgs/environment/path.dsv
[8.729s] -- Up-to-date symlink: /home/autoware/aichallenge2023-integration-final-main/install/autoware_map_msgs/share/autoware_map_msgs/local_setup.bash
[8.729s] -- Up-to-date symlink: /home/autoware/aichallenge2023-integration-final-main/install/autoware_map_msgs/share/autoware_map_msgs/local_setup.sh
[8.729s] -- Up-to-date symlink: /home/autoware/aichallenge2023-integration-final-main/install/autoware_map_msgs/share/autoware_map_msgs/local_setup.zsh
[8.729s] -- Up-to-date symlink: /home/autoware/aichallenge2023-integration-final-main/install/autoware_map_msgs/share/autoware_map_msgs/local_setup.dsv
[8.729s] -- Symlinking: /home/autoware/aichallenge2023-integration-final-main/install/autoware_map_msgs/share/autoware_map_msgs/package.dsv
[8.819s] -- Up-to-date symlink: /home/autoware/aichallenge2023-integration-final-main/install/autoware_map_msgs/share/ament_index/resource_index/packages/autoware_map_msgs
[8.820s] -- Up-to-date symlink: /home/autoware/aichallenge2023-integration-final-main/install/autoware_map_msgs/share/autoware_map_msgs/cmake/rosidl_cmake-extras.cmake
[8.820s] -- Up-to-date symlink: /home/autoware/aichallenge2023-integration-final-main/install/autoware_map_msgs/share/autoware_map_msgs/cmake/ament_cmake_export_dependencies-extras.cmake
[8.820s] -- Up-to-date symlink: /home/autoware/aichallenge2023-integration-final-main/install/autoware_map_msgs/share/autoware_map_msgs/cmake/ament_cmake_export_include_directories-extras.cmake
[8.820s] -- Up-to-date symlink: /home/autoware/aichallenge2023-integration-final-main/install/autoware_map_msgs/share/autoware_map_msgs/cmake/ament_cmake_export_libraries-extras.cmake
[8.821s] -- Up-to-date symlink: /home/autoware/aichallenge2023-integration-final-main/install/autoware_map_msgs/share/autoware_map_msgs/cmake/ament_cmake_export_targets-extras.cmake
[8.821s] -- Up-to-date symlink: /home/autoware/aichallenge2023-integration-final-main/install/autoware_map_msgs/share/autoware_map_msgs/cmake/rosidl_cmake_export_typesupport_targets-extras.cmake
[8.822s] -- Up-to-date symlink: /home/autoware/aichallenge2023-integration-final-main/install/autoware_map_msgs/share/autoware_map_msgs/cmake/rosidl_cmake_export_typesupport_libraries-extras.cmake
[8.822s] -- Up-to-date symlink: /home/autoware/aichallenge2023-integration-final-main/install/autoware_map_msgs/share/autoware_map_msgs/cmake/autoware_map_msgsConfig.cmake
[8.823s] -- Up-to-date symlink: /home/autoware/aichallenge2023-integration-final-main/install/autoware_map_msgs/share/autoware_map_msgs/cmake/autoware_map_msgsConfig-version.cmake
[8.824s] -- Up-to-date symlink: /home/autoware/aichallenge2023-integration-final-main/install/autoware_map_msgs/share/autoware_map_msgs/package.xml
[8.824s] -- Up-to-date: /home/autoware/aichallenge2023-integration-final-main/install/autoware_map_msgs/lib/libautoware_map_msgs__rosidl_generator_c.so
[8.825s] -- Up-to-date: /home/autoware/aichallenge2023-integration-final-main/install/autoware_map_msgs/lib/libautoware_map_msgs__rosidl_typesupport_fastrtps_c.so
[8.826s] -- Up-to-date: /home/autoware/aichallenge2023-integration-final-main/install/autoware_map_msgs/lib/libautoware_map_msgs__rosidl_typesupport_fastrtps_cpp.so
[8.826s] -- Up-to-date: /home/autoware/aichallenge2023-integration-final-main/install/autoware_map_msgs/lib/libautoware_map_msgs__rosidl_typesupport_introspection_c.so
[8.827s] -- Up-to-date: /home/autoware/aichallenge2023-integration-final-main/install/autoware_map_msgs/lib/libautoware_map_msgs__rosidl_typesupport_c.so
[8.828s] -- Up-to-date: /home/autoware/aichallenge2023-integration-final-main/install/autoware_map_msgs/lib/libautoware_map_msgs__rosidl_typesupport_introspection_cpp.so
[8.828s] -- Up-to-date: /home/autoware/aichallenge2023-integration-final-main/install/autoware_map_msgs/lib/libautoware_map_msgs__rosidl_typesupport_cpp.so
[9.046s] Listing '/home/autoware/aichallenge2023-integration-final-main/install/autoware_map_msgs/local/lib/python3.10/dist-packages/autoware_map_msgs'...
[9.047s] Listing '/home/autoware/aichallenge2023-integration-final-main/install/autoware_map_msgs/local/lib/python3.10/dist-packages/autoware_map_msgs/msg'...
[9.047s] Listing '/home/autoware/aichallenge2023-integration-final-main/install/autoware_map_msgs/local/lib/python3.10/dist-packages/autoware_map_msgs/srv'...
[9.055s] -- Up-to-date: /home/autoware/aichallenge2023-integration-final-main/install/autoware_map_msgs/lib/libautoware_map_msgs__rosidl_generator_py.so
[9.055s] -- Up-to-date: /home/autoware/aichallenge2023-integration-final-main/install/autoware_map_msgs/share/autoware_map_msgs/cmake/export_autoware_map_msgs__rosidl_generator_cExport.cmake
[9.055s] -- Up-to-date: /home/autoware/aichallenge2023-integration-final-main/install/autoware_map_msgs/share/autoware_map_msgs/cmake/export_autoware_map_msgs__rosidl_generator_cExport-release.cmake
[9.056s] -- Up-to-date: /home/autoware/aichallenge2023-integration-final-main/install/autoware_map_msgs/share/autoware_map_msgs/cmake/export_autoware_map_msgs__rosidl_typesupport_fastrtps_cExport.cmake
[9.056s] -- Up-to-date: /home/autoware/aichallenge2023-integration-final-main/install/autoware_map_msgs/share/autoware_map_msgs/cmake/export_autoware_map_msgs__rosidl_typesupport_fastrtps_cExport-release.cmake
[9.056s] -- Up-to-date: /home/autoware/aichallenge2023-integration-final-main/install/autoware_map_msgs/share/autoware_map_msgs/cmake/export_autoware_map_msgs__rosidl_generator_cppExport.cmake
[9.056s] -- Up-to-date: /home/autoware/aichallenge2023-integration-final-main/install/autoware_map_msgs/share/autoware_map_msgs/cmake/export_autoware_map_msgs__rosidl_typesupport_fastrtps_cppExport.cmake
[9.057s] -- Up-to-date: /home/autoware/aichallenge2023-integration-final-main/install/autoware_map_msgs/share/autoware_map_msgs/cmake/export_autoware_map_msgs__rosidl_typesupport_fastrtps_cppExport-release.cmake
[9.057s] -- Up-to-date: /home/autoware/aichallenge2023-integration-final-main/install/autoware_map_msgs/share/autoware_map_msgs/cmake/autoware_map_msgs__rosidl_typesupport_introspection_cExport.cmake
[9.057s] -- Up-to-date: /home/autoware/aichallenge2023-integration-final-main/install/autoware_map_msgs/share/autoware_map_msgs/cmake/autoware_map_msgs__rosidl_typesupport_introspection_cExport-release.cmake
[9.057s] -- Up-to-date: /home/autoware/aichallenge2023-integration-final-main/install/autoware_map_msgs/share/autoware_map_msgs/cmake/autoware_map_msgs__rosidl_typesupport_cExport.cmake
[9.057s] -- Up-to-date: /home/autoware/aichallenge2023-integration-final-main/install/autoware_map_msgs/share/autoware_map_msgs/cmake/autoware_map_msgs__rosidl_typesupport_cExport-release.cmake
[9.058s] -- Up-to-date: /home/autoware/aichallenge2023-integration-final-main/install/autoware_map_msgs/share/autoware_map_msgs/cmake/autoware_map_msgs__rosidl_typesupport_introspection_cppExport.cmake
[9.058s] -- Up-to-date: /home/autoware/aichallenge2023-integration-final-main/install/autoware_map_msgs/share/autoware_map_msgs/cmake/autoware_map_msgs__rosidl_typesupport_introspection_cppExport-release.cmake
[9.058s] -- Up-to-date: /home/autoware/aichallenge2023-integration-final-main/install/autoware_map_msgs/share/autoware_map_msgs/cmake/autoware_map_msgs__rosidl_typesupport_cppExport.cmake
[9.059s] -- Up-to-date: /home/autoware/aichallenge2023-integration-final-main/install/autoware_map_msgs/share/autoware_map_msgs/cmake/autoware_map_msgs__rosidl_typesupport_cppExport-release.cmake
[9.059s] -- Up-to-date: /home/autoware/aichallenge2023-integration-final-main/install/autoware_map_msgs/share/autoware_map_msgs/cmake/export_autoware_map_msgs__rosidl_generator_pyExport.cmake
[9.059s] -- Up-to-date: /home/autoware/aichallenge2023-integration-final-main/install/autoware_map_msgs/share/autoware_map_msgs/cmake/export_autoware_map_msgs__rosidl_generator_pyExport-release.cmake
[9.074s] Invoked command in '/home/autoware/aichallenge2023-integration-final-main/build/autoware_map_msgs' returned '0': CMAKE_PREFIX_PATH=${CMAKE_PREFIX_PATH}:/home/autoware/aichallenge2023-integration-final-main/install/simulator_compatibility_test:/home/autoware/aichallenge2023-integration-final-main/install/ad_api_visualizers:/home/autoware/autoware/install/simulator_compatibility_test:/home/autoware/autoware/install/ad_api_visualizers:/opt/ros/humble /usr/bin/cmake --install /home/autoware/aichallenge2023-integration-final-main/build/autoware_map_msgs
