[0.137s] Invoking command in '/home/autoware/aichallenge2023-integration-final-main/build/autoware_adapi_v1_msgs': CMAKE_PREFIX_PATH=${CMAKE_PREFIX_PATH}:/home/autoware/autoware/install/simulator_compatibility_test:/home/autoware/autoware/install/ad_api_visualizers:/opt/ros/humble /usr/bin/cmake /home/autoware/aichallenge2023-integration-final-main/src/core/autoware_adapi_msgs/autoware_adapi_v1_msgs -DCMAKE_BUILD_TYPE=Release -DAMENT_CMAKE_SYMLINK_INSTALL=1 -DCMAKE_INSTALL_PREFIX=/home/autoware/aichallenge2023-integration-final-main/install/autoware_adapi_v1_msgs
[0.198s] -- Found ament_cmake_auto: 1.3.5 (/opt/ros/humble/share/ament_cmake_auto/cmake)
[0.418s] -- Override CMake install command with custom implementation using symlinks instead of copying resources
[0.639s] -- Using all available rosidl_typesupport_c: rosidl_typesupport_fastrtps_c;rosidl_typesupport_introspection_c
[0.642s] -- Found rosidl_adapter: 3.1.5 (/opt/ros/humble/share/rosidl_adapter/cmake)
[0.703s] -- Using all available rosidl_typesupport_cpp: rosidl_typesupport_fastrtps_cpp;rosidl_typesupport_introspection_cpp
[1.419s] -- Found ament_cmake_ros: 0.10.0 (/opt/ros/humble/share/ament_cmake_ros/cmake)
[1.830s] -- Using all available rosidl_typesupport_c: rosidl_typesupport_fastrtps_c;rosidl_typesupport_introspection_c
[2.371s] -- Using all available rosidl_typesupport_cpp: rosidl_typesupport_fastrtps_cpp;rosidl_typesupport_introspection_cpp
[2.421s] -- Found python_cmake_module: 0.10.0 (/opt/ros/humble/share/python_cmake_module/cmake)
[2.471s] -- Using PYTHON_EXECUTABLE: /usr/bin/python3
[2.471s] -- Using PYTHON_INCLUDE_DIRS: /usr/include/python3.10
[2.472s] -- Using PYTHON_LIBRARIES: /usr/lib/x86_64-linux-gnu/libpython3.10.so
[3.306s] -- Configuring done
[3.497s] -- Generating done
[3.500s] -- Build files have been written to: /home/autoware/aichallenge2023-integration-final-main/build/autoware_adapi_v1_msgs
[3.528s] Invoked command in '/home/autoware/aichallenge2023-integration-final-main/build/autoware_adapi_v1_msgs' returned '0': CMAKE_PREFIX_PATH=${CMAKE_PREFIX_PATH}:/home/autoware/autoware/install/simulator_compatibility_test:/home/autoware/autoware/install/ad_api_visualizers:/opt/ros/humble /usr/bin/cmake /home/autoware/aichallenge2023-integration-final-main/src/core/autoware_adapi_msgs/autoware_adapi_v1_msgs -DCMAKE_BUILD_TYPE=Release -DAMENT_CMAKE_SYMLINK_INSTALL=1 -DCMAKE_INSTALL_PREFIX=/home/autoware/aichallenge2023-integration-final-main/install/autoware_adapi_v1_msgs
[3.529s] Invoking command in '/home/autoware/aichallenge2023-integration-final-main/build/autoware_adapi_v1_msgs': CMAKE_PREFIX_PATH=${CMAKE_PREFIX_PATH}:/home/autoware/autoware/install/simulator_compatibility_test:/home/autoware/autoware/install/ad_api_visualizers:/opt/ros/humble /usr/bin/cmake --build /home/autoware/aichallenge2023-integration-final-main/build/autoware_adapi_v1_msgs -- -j16 -l16
[4.003s] [35m[1mConsolidate compiler generated dependencies of target autoware_adapi_v1_msgs__rosidl_generator_c[0m
[4.004s] [  0%] Built target autoware_adapi_v1_msgs__cpp
[4.004s] [ 12%] Built target autoware_adapi_v1_msgs__rosidl_generator_c
[4.065s] [ 12%] Built target ament_cmake_python_symlink_autoware_adapi_v1_msgs
[4.066s] [35m[1mConsolidate compiler generated dependencies of target autoware_adapi_v1_msgs__rosidl_typesupport_cpp[0m
[4.089s] [35m[1mConsolidate compiler generated dependencies of target autoware_adapi_v1_msgs__rosidl_typesupport_introspection_cpp[0m
[4.127s] [35m[1mConsolidate compiler generated dependencies of target autoware_adapi_v1_msgs__rosidl_typesupport_fastrtps_cpp[0m
[4.129s] [35m[1mConsolidate compiler generated dependencies of target autoware_adapi_v1_msgs__rosidl_typesupport_introspection_c[0m
[4.145s] [35m[1mConsolidate compiler generated dependencies of target autoware_adapi_v1_msgs__rosidl_typesupport_fastrtps_c[0m
[4.197s] [35m[1mConsolidate compiler generated dependencies of target autoware_adapi_v1_msgs__rosidl_typesupport_c[0m
[4.205s] [ 24%] Built target autoware_adapi_v1_msgs__rosidl_typesupport_cpp
[4.243s] [ 36%] Built target autoware_adapi_v1_msgs__rosidl_typesupport_introspection_c
[4.257s] [ 49%] Built target autoware_adapi_v1_msgs__rosidl_typesupport_introspection_cpp
[4.331s] [ 61%] Built target autoware_adapi_v1_msgs__rosidl_typesupport_fastrtps_cpp
[4.331s] [ 73%] Built target autoware_adapi_v1_msgs__rosidl_typesupport_c
[4.342s] [ 85%] Built target autoware_adapi_v1_msgs__rosidl_typesupport_fastrtps_c
[4.555s] [ 85%] Built target autoware_adapi_v1_msgs
[4.716s] running egg_info
[4.717s] writing autoware_adapi_v1_msgs.egg-info/PKG-INFO
[4.717s] writing dependency_links to autoware_adapi_v1_msgs.egg-info/dependency_links.txt
[4.717s] writing top-level names to autoware_adapi_v1_msgs.egg-info/top_level.txt
[4.720s] reading manifest file 'autoware_adapi_v1_msgs.egg-info/SOURCES.txt'
[4.722s] writing manifest file 'autoware_adapi_v1_msgs.egg-info/SOURCES.txt'
[4.750s] [ 86%] Built target autoware_adapi_v1_msgs__py
[4.803s] [ 86%] Built target ament_cmake_python_build_autoware_adapi_v1_msgs_egg
[4.868s] [35m[1mConsolidate compiler generated dependencies of target autoware_adapi_v1_msgs__rosidl_generator_py[0m
[4.969s] [ 97%] Built target autoware_adapi_v1_msgs__rosidl_generator_py
[5.026s] [35m[1mConsolidate compiler generated dependencies of target autoware_adapi_v1_msgs__rosidl_typesupport_fastrtps_c__pyext[0m
[5.033s] [35m[1mConsolidate compiler generated dependencies of target autoware_adapi_v1_msgs__rosidl_typesupport_c__pyext[0m
[5.037s] [35m[1mConsolidate compiler generated dependencies of target autoware_adapi_v1_msgs__rosidl_typesupport_introspection_c__pyext[0m
[5.102s] [ 98%] Built target autoware_adapi_v1_msgs__rosidl_typesupport_fastrtps_c__pyext
[5.103s] [ 99%] Built target autoware_adapi_v1_msgs__rosidl_typesupport_c__pyext
[5.111s] [100%] Built target autoware_adapi_v1_msgs__rosidl_typesupport_introspection_c__pyext
[5.158s] Invoked command in '/home/autoware/aichallenge2023-integration-final-main/build/autoware_adapi_v1_msgs' returned '0': CMAKE_PREFIX_PATH=${CMAKE_PREFIX_PATH}:/home/autoware/autoware/install/simulator_compatibility_test:/home/autoware/autoware/install/ad_api_visualizers:/opt/ros/humble /usr/bin/cmake --build /home/autoware/aichallenge2023-integration-final-main/build/autoware_adapi_v1_msgs -- -j16 -l16
[11.178s] Invoking command in '/home/autoware/aichallenge2023-integration-final-main/build/autoware_adapi_v1_msgs': CMAKE_PREFIX_PATH=${CMAKE_PREFIX_PATH}:/home/autoware/autoware/install/simulator_compatibility_test:/home/autoware/autoware/install/ad_api_visualizers:/opt/ros/humble /usr/bin/cmake --install /home/autoware/aichallenge2023-integration-final-main/build/autoware_adapi_v1_msgs
[11.214s] -- Install configuration: "Release"
[11.215s] -- Execute custom install script
[11.215s] -- Up-to-date symlink: /home/autoware/aichallenge2023-integration-final-main/install/autoware_adapi_v1_msgs/share/ament_index/resource_index/rosidl_interfaces/autoware_adapi_v1_msgs
[11.218s] -- Up-to-date symlink: /home/autoware/aichallenge2023-integration-final-main/install/autoware_adapi_v1_msgs/include/autoware_adapi_v1_msgs/autoware_adapi_v1_msgs/msg/detail/localization_initialization_state__functions.h
[11.218s] -- Up-to-date symlink: /home/autoware/aichallenge2023-integration-final-main/install/autoware_adapi_v1_msgs/include/autoware_adapi_v1_msgs/autoware_adapi_v1_msgs/msg/detail/localization_initialization_state__struct.h
[11.218s] -- Up-to-date symlink: /home/autoware/aichallenge2023-integration-final-main/install/autoware_adapi_v1_msgs/include/autoware_adapi_v1_msgs/autoware_adapi_v1_msgs/msg/detail/localization_initialization_state__type_support.h
[11.218s] -- Up-to-date symlink: /home/autoware/aichallenge2023-integration-final-main/install/autoware_adapi_v1_msgs/include/autoware_adapi_v1_msgs/autoware_adapi_v1_msgs/msg/detail/motion_state__functions.h
[11.219s] -- Up-to-date symlink: /home/autoware/aichallenge2023-integration-final-main/install/autoware_adapi_v1_msgs/include/autoware_adapi_v1_msgs/autoware_adapi_v1_msgs/msg/detail/motion_state__struct.h
[11.219s] -- Up-to-date symlink: /home/autoware/aichallenge2023-integration-final-main/install/autoware_adapi_v1_msgs/include/autoware_adapi_v1_msgs/autoware_adapi_v1_msgs/msg/detail/motion_state__type_support.h
[11.219s] -- Up-to-date symlink: /home/autoware/aichallenge2023-integration-final-main/install/autoware_adapi_v1_msgs/include/autoware_adapi_v1_msgs/autoware_adapi_v1_msgs/msg/detail/mrm_state__functions.h
[11.219s] -- Up-to-date symlink: /home/autoware/aichallenge2023-integration-final-main/install/autoware_adapi_v1_msgs/include/autoware_adapi_v1_msgs/autoware_adapi_v1_msgs/msg/detail/mrm_state__struct.h
[11.219s] -- Up-to-date symlink: /home/autoware/aichallenge2023-integration-final-main/install/autoware_adapi_v1_msgs/include/autoware_adapi_v1_msgs/autoware_adapi_v1_msgs/msg/detail/mrm_state__type_support.h
[11.219s] -- Up-to-date symlink: /home/autoware/aichallenge2023-integration-final-main/install/autoware_adapi_v1_msgs/include/autoware_adapi_v1_msgs/autoware_adapi_v1_msgs/msg/detail/operation_mode_state__functions.h
[11.220s] -- Up-to-date symlink: /home/autoware/aichallenge2023-integration-final-main/install/autoware_adapi_v1_msgs/include/autoware_adapi_v1_msgs/autoware_adapi_v1_msgs/msg/detail/operation_mode_state__struct.h
[11.220s] -- Up-to-date symlink: /home/autoware/aichallenge2023-integration-final-main/install/autoware_adapi_v1_msgs/include/autoware_adapi_v1_msgs/autoware_adapi_v1_msgs/msg/detail/operation_mode_state__type_support.h
[11.220s] -- Up-to-date symlink: /home/autoware/aichallenge2023-integration-final-main/install/autoware_adapi_v1_msgs/include/autoware_adapi_v1_msgs/autoware_adapi_v1_msgs/msg/detail/response_status__functions.h
[11.220s] -- Up-to-date symlink: /home/autoware/aichallenge2023-integration-final-main/install/autoware_adapi_v1_msgs/include/autoware_adapi_v1_msgs/autoware_adapi_v1_msgs/msg/detail/response_status__struct.h
[11.220s] -- Up-to-date symlink: /home/autoware/aichallenge2023-integration-final-main/install/autoware_adapi_v1_msgs/include/autoware_adapi_v1_msgs/autoware_adapi_v1_msgs/msg/detail/response_status__type_support.h
[11.220s] -- Up-to-date symlink: /home/autoware/aichallenge2023-integration-final-main/install/autoware_adapi_v1_msgs/include/autoware_adapi_v1_msgs/autoware_adapi_v1_msgs/msg/detail/route__functions.h
[11.220s] -- Up-to-date symlink: /home/autoware/aichallenge2023-integration-final-main/install/autoware_adapi_v1_msgs/include/autoware_adapi_v1_msgs/autoware_adapi_v1_msgs/msg/detail/route__struct.h
[11.220s] -- Up-to-date symlink: /home/autoware/aichallenge2023-integration-final-main/install/autoware_adapi_v1_msgs/include/autoware_adapi_v1_msgs/autoware_adapi_v1_msgs/msg/detail/route__type_support.h
[11.220s] -- Up-to-date symlink: /home/autoware/aichallenge2023-integration-final-main/install/autoware_adapi_v1_msgs/include/autoware_adapi_v1_msgs/autoware_adapi_v1_msgs/msg/detail/route_data__functions.h
[11.220s] -- Up-to-date symlink: /home/autoware/aichallenge2023-integration-final-main/install/autoware_adapi_v1_msgs/include/autoware_adapi_v1_msgs/autoware_adapi_v1_msgs/msg/detail/route_data__struct.h
[11.221s] -- Up-to-date symlink: /home/autoware/aichallenge2023-integration-final-main/install/autoware_adapi_v1_msgs/include/autoware_adapi_v1_msgs/autoware_adapi_v1_msgs/msg/detail/route_data__type_support.h
[11.221s] -- Up-to-date symlink: /home/autoware/aichallenge2023-integration-final-main/install/autoware_adapi_v1_msgs/include/autoware_adapi_v1_msgs/autoware_adapi_v1_msgs/msg/detail/route_primitive__functions.h
[11.221s] -- Up-to-date symlink: /home/autoware/aichallenge2023-integration-final-main/install/autoware_adapi_v1_msgs/include/autoware_adapi_v1_msgs/autoware_adapi_v1_msgs/msg/detail/route_primitive__struct.h
[11.223s] -- Up-to-date symlink: /home/autoware/aichallenge2023-integration-final-main/install/autoware_adapi_v1_msgs/include/autoware_adapi_v1_msgs/autoware_adapi_v1_msgs/msg/detail/route_primitive__type_support.h
[11.223s] -- Up-to-date symlink: /home/autoware/aichallenge2023-integration-final-main/install/autoware_adapi_v1_msgs/include/autoware_adapi_v1_msgs/autoware_adapi_v1_msgs/msg/detail/route_segment__functions.h
[11.223s] -- Up-to-date symlink: /home/autoware/aichallenge2023-integration-final-main/install/autoware_adapi_v1_msgs/include/autoware_adapi_v1_msgs/autoware_adapi_v1_msgs/msg/detail/route_segment__struct.h
[11.223s] -- Up-to-date symlink: /home/autoware/aichallenge2023-integration-final-main/install/autoware_adapi_v1_msgs/include/autoware_adapi_v1_msgs/autoware_adapi_v1_msgs/msg/detail/route_segment__type_support.h
[11.223s] -- Up-to-date symlink: /home/autoware/aichallenge2023-integration-final-main/install/autoware_adapi_v1_msgs/include/autoware_adapi_v1_msgs/autoware_adapi_v1_msgs/msg/detail/route_state__functions.h
[11.223s] -- Up-to-date symlink: /home/autoware/aichallenge2023-integration-final-main/install/autoware_adapi_v1_msgs/include/autoware_adapi_v1_msgs/autoware_adapi_v1_msgs/msg/detail/route_state__struct.h
[11.223s] -- Up-to-date symlink: /home/autoware/aichallenge2023-integration-final-main/install/autoware_adapi_v1_msgs/include/autoware_adapi_v1_msgs/autoware_adapi_v1_msgs/msg/detail/route_state__type_support.h
[11.223s] -- Up-to-date symlink: /home/autoware/aichallenge2023-integration-final-main/install/autoware_adapi_v1_msgs/include/autoware_adapi_v1_msgs/autoware_adapi_v1_msgs/msg/detail/steering_factor__functions.h
[11.223s] -- Up-to-date symlink: /home/autoware/aichallenge2023-integration-final-main/install/autoware_adapi_v1_msgs/include/autoware_adapi_v1_msgs/autoware_adapi_v1_msgs/msg/detail/steering_factor__struct.h
[11.223s] -- Up-to-date symlink: /home/autoware/aichallenge2023-integration-final-main/install/autoware_adapi_v1_msgs/include/autoware_adapi_v1_msgs/autoware_adapi_v1_msgs/msg/detail/steering_factor__type_support.h
[11.224s] -- Up-to-date symlink: /home/autoware/aichallenge2023-integration-final-main/install/autoware_adapi_v1_msgs/include/autoware_adapi_v1_msgs/autoware_adapi_v1_msgs/msg/detail/steering_factor_array__functions.h
[11.224s] -- Up-to-date symlink: /home/autoware/aichallenge2023-integration-final-main/install/autoware_adapi_v1_msgs/include/autoware_adapi_v1_msgs/autoware_adapi_v1_msgs/msg/detail/steering_factor_array__struct.h
[11.224s] -- Up-to-date symlink: /home/autoware/aichallenge2023-integration-final-main/install/autoware_adapi_v1_msgs/include/autoware_adapi_v1_msgs/autoware_adapi_v1_msgs/msg/detail/steering_factor_array__type_support.h
[11.224s] -- Up-to-date symlink: /home/autoware/aichallenge2023-integration-final-main/install/autoware_adapi_v1_msgs/include/autoware_adapi_v1_msgs/autoware_adapi_v1_msgs/msg/detail/velocity_factor__functions.h
[11.224s] -- Up-to-date symlink: /home/autoware/aichallenge2023-integration-final-main/install/autoware_adapi_v1_msgs/include/autoware_adapi_v1_msgs/autoware_adapi_v1_msgs/msg/detail/velocity_factor__struct.h
[11.224s] -- Up-to-date symlink: /home/autoware/aichallenge2023-integration-final-main/install/autoware_adapi_v1_msgs/include/autoware_adapi_v1_msgs/autoware_adapi_v1_msgs/msg/detail/velocity_factor__type_support.h
[11.224s] -- Up-to-date symlink: /home/autoware/aichallenge2023-integration-final-main/install/autoware_adapi_v1_msgs/include/autoware_adapi_v1_msgs/autoware_adapi_v1_msgs/msg/detail/velocity_factor_array__functions.h
[11.224s] -- Up-to-date symlink: /home/autoware/aichallenge2023-integration-final-main/install/autoware_adapi_v1_msgs/include/autoware_adapi_v1_msgs/autoware_adapi_v1_msgs/msg/detail/velocity_factor_array__struct.h
[11.224s] -- Up-to-date symlink: /home/autoware/aichallenge2023-integration-final-main/install/autoware_adapi_v1_msgs/include/autoware_adapi_v1_msgs/autoware_adapi_v1_msgs/msg/detail/velocity_factor_array__type_support.h
[11.224s] -- Up-to-date symlink: /home/autoware/aichallenge2023-integration-final-main/install/autoware_adapi_v1_msgs/include/autoware_adapi_v1_msgs/autoware_adapi_v1_msgs/msg/localization_initialization_state.h
[11.225s] -- Up-to-date symlink: /home/autoware/aichallenge2023-integration-final-main/install/autoware_adapi_v1_msgs/include/autoware_adapi_v1_msgs/autoware_adapi_v1_msgs/msg/motion_state.h
[11.225s] -- Up-to-date symlink: /home/autoware/aichallenge2023-integration-final-main/install/autoware_adapi_v1_msgs/include/autoware_adapi_v1_msgs/autoware_adapi_v1_msgs/msg/mrm_state.h
[11.225s] -- Up-to-date symlink: /home/autoware/aichallenge2023-integration-final-main/install/autoware_adapi_v1_msgs/include/autoware_adapi_v1_msgs/autoware_adapi_v1_msgs/msg/operation_mode_state.h
[11.225s] -- Up-to-date symlink: /home/autoware/aichallenge2023-integration-final-main/install/autoware_adapi_v1_msgs/include/autoware_adapi_v1_msgs/autoware_adapi_v1_msgs/msg/response_status.h
[11.225s] -- Up-to-date symlink: /home/autoware/aichallenge2023-integration-final-main/install/autoware_adapi_v1_msgs/include/autoware_adapi_v1_msgs/autoware_adapi_v1_msgs/msg/rosidl_generator_c__visibility_control.h
[11.225s] -- Up-to-date symlink: /home/autoware/aichallenge2023-integration-final-main/install/autoware_adapi_v1_msgs/include/autoware_adapi_v1_msgs/autoware_adapi_v1_msgs/msg/route.h
[11.225s] -- Up-to-date symlink: /home/autoware/aichallenge2023-integration-final-main/install/autoware_adapi_v1_msgs/include/autoware_adapi_v1_msgs/autoware_adapi_v1_msgs/msg/route_data.h
[11.225s] -- Up-to-date symlink: /home/autoware/aichallenge2023-integration-final-main/install/autoware_adapi_v1_msgs/include/autoware_adapi_v1_msgs/autoware_adapi_v1_msgs/msg/route_primitive.h
[11.225s] -- Up-to-date symlink: /home/autoware/aichallenge2023-integration-final-main/install/autoware_adapi_v1_msgs/include/autoware_adapi_v1_msgs/autoware_adapi_v1_msgs/msg/route_segment.h
[11.225s] -- Up-to-date symlink: /home/autoware/aichallenge2023-integration-final-main/install/autoware_adapi_v1_msgs/include/autoware_adapi_v1_msgs/autoware_adapi_v1_msgs/msg/route_state.h
[11.225s] -- Up-to-date symlink: /home/autoware/aichallenge2023-integration-final-main/install/autoware_adapi_v1_msgs/include/autoware_adapi_v1_msgs/autoware_adapi_v1_msgs/msg/steering_factor.h
[11.225s] -- Up-to-date symlink: /home/autoware/aichallenge2023-integration-final-main/install/autoware_adapi_v1_msgs/include/autoware_adapi_v1_msgs/autoware_adapi_v1_msgs/msg/steering_factor_array.h
[11.225s] -- Up-to-date symlink: /home/autoware/aichallenge2023-integration-final-main/install/autoware_adapi_v1_msgs/include/autoware_adapi_v1_msgs/autoware_adapi_v1_msgs/msg/velocity_factor.h
[11.225s] -- Up-to-date symlink: /home/autoware/aichallenge2023-integration-final-main/install/autoware_adapi_v1_msgs/include/autoware_adapi_v1_msgs/autoware_adapi_v1_msgs/msg/velocity_factor_array.h
[11.225s] -- Up-to-date symlink: /home/autoware/aichallenge2023-integration-final-main/install/autoware_adapi_v1_msgs/include/autoware_adapi_v1_msgs/autoware_adapi_v1_msgs/srv/accept_start.h
[11.226s] -- Up-to-date symlink: /home/autoware/aichallenge2023-integration-final-main/install/autoware_adapi_v1_msgs/include/autoware_adapi_v1_msgs/autoware_adapi_v1_msgs/srv/change_operation_mode.h
[11.226s] -- Up-to-date symlink: /home/autoware/aichallenge2023-integration-final-main/install/autoware_adapi_v1_msgs/include/autoware_adapi_v1_msgs/autoware_adapi_v1_msgs/srv/clear_route.h
[11.226s] -- Up-to-date symlink: /home/autoware/aichallenge2023-integration-final-main/install/autoware_adapi_v1_msgs/include/autoware_adapi_v1_msgs/autoware_adapi_v1_msgs/srv/detail/accept_start__functions.h
[11.226s] -- Up-to-date symlink: /home/autoware/aichallenge2023-integration-final-main/install/autoware_adapi_v1_msgs/include/autoware_adapi_v1_msgs/autoware_adapi_v1_msgs/srv/detail/accept_start__struct.h
[11.226s] -- Up-to-date symlink: /home/autoware/aichallenge2023-integration-final-main/install/autoware_adapi_v1_msgs/include/autoware_adapi_v1_msgs/autoware_adapi_v1_msgs/srv/detail/accept_start__type_support.h
[11.226s] -- Up-to-date symlink: /home/autoware/aichallenge2023-integration-final-main/install/autoware_adapi_v1_msgs/include/autoware_adapi_v1_msgs/autoware_adapi_v1_msgs/srv/detail/change_operation_mode__functions.h
[11.226s] -- Up-to-date symlink: /home/autoware/aichallenge2023-integration-final-main/install/autoware_adapi_v1_msgs/include/autoware_adapi_v1_msgs/autoware_adapi_v1_msgs/srv/detail/change_operation_mode__struct.h
[11.226s] -- Up-to-date symlink: /home/autoware/aichallenge2023-integration-final-main/install/autoware_adapi_v1_msgs/include/autoware_adapi_v1_msgs/autoware_adapi_v1_msgs/srv/detail/change_operation_mode__type_support.h
[11.226s] -- Up-to-date symlink: /home/autoware/aichallenge2023-integration-final-main/install/autoware_adapi_v1_msgs/include/autoware_adapi_v1_msgs/autoware_adapi_v1_msgs/srv/detail/clear_route__functions.h
[11.226s] -- Up-to-date symlink: /home/autoware/aichallenge2023-integration-final-main/install/autoware_adapi_v1_msgs/include/autoware_adapi_v1_msgs/autoware_adapi_v1_msgs/srv/detail/clear_route__struct.h
[11.226s] -- Up-to-date symlink: /home/autoware/aichallenge2023-integration-final-main/install/autoware_adapi_v1_msgs/include/autoware_adapi_v1_msgs/autoware_adapi_v1_msgs/srv/detail/clear_route__type_support.h
[11.226s] -- Up-to-date symlink: /home/autoware/aichallenge2023-integration-final-main/install/autoware_adapi_v1_msgs/include/autoware_adapi_v1_msgs/autoware_adapi_v1_msgs/srv/detail/initialize_localization__functions.h
[11.227s] -- Up-to-date symlink: /home/autoware/aichallenge2023-integration-final-main/install/autoware_adapi_v1_msgs/include/autoware_adapi_v1_msgs/autoware_adapi_v1_msgs/srv/detail/initialize_localization__struct.h
[11.227s] -- Up-to-date symlink: /home/autoware/aichallenge2023-integration-final-main/install/autoware_adapi_v1_msgs/include/autoware_adapi_v1_msgs/autoware_adapi_v1_msgs/srv/detail/initialize_localization__type_support.h
[11.227s] -- Up-to-date symlink: /home/autoware/aichallenge2023-integration-final-main/install/autoware_adapi_v1_msgs/include/autoware_adapi_v1_msgs/autoware_adapi_v1_msgs/srv/detail/set_route__functions.h
[11.227s] -- Up-to-date symlink: /home/autoware/aichallenge2023-integration-final-main/install/autoware_adapi_v1_msgs/include/autoware_adapi_v1_msgs/autoware_adapi_v1_msgs/srv/detail/set_route__struct.h
[11.227s] -- Up-to-date symlink: /home/autoware/aichallenge2023-integration-final-main/install/autoware_adapi_v1_msgs/include/autoware_adapi_v1_msgs/autoware_adapi_v1_msgs/srv/detail/set_route__type_support.h
[11.227s] -- Up-to-date symlink: /home/autoware/aichallenge2023-integration-final-main/install/autoware_adapi_v1_msgs/include/autoware_adapi_v1_msgs/autoware_adapi_v1_msgs/srv/detail/set_route_points__functions.h
[11.227s] -- Up-to-date symlink: /home/autoware/aichallenge2023-integration-final-main/install/autoware_adapi_v1_msgs/include/autoware_adapi_v1_msgs/autoware_adapi_v1_msgs/srv/detail/set_route_points__struct.h
[11.228s] -- Up-to-date symlink: /home/autoware/aichallenge2023-integration-final-main/install/autoware_adapi_v1_msgs/include/autoware_adapi_v1_msgs/autoware_adapi_v1_msgs/srv/detail/set_route_points__type_support.h
[11.228s] -- Up-to-date symlink: /home/autoware/aichallenge2023-integration-final-main/install/autoware_adapi_v1_msgs/include/autoware_adapi_v1_msgs/autoware_adapi_v1_msgs/srv/initialize_localization.h
[11.228s] -- Up-to-date symlink: /home/autoware/aichallenge2023-integration-final-main/install/autoware_adapi_v1_msgs/include/autoware_adapi_v1_msgs/autoware_adapi_v1_msgs/srv/set_route.h
[11.228s] -- Up-to-date symlink: /home/autoware/aichallenge2023-integration-final-main/install/autoware_adapi_v1_msgs/include/autoware_adapi_v1_msgs/autoware_adapi_v1_msgs/srv/set_route_points.h
[11.228s] -- Up-to-date symlink: /home/autoware/aichallenge2023-integration-final-main/install/autoware_adapi_v1_msgs/share/autoware_adapi_v1_msgs/environment/library_path.sh
[11.228s] -- Up-to-date symlink: /home/autoware/aichallenge2023-integration-final-main/install/autoware_adapi_v1_msgs/share/autoware_adapi_v1_msgs/environment/library_path.dsv
[11.231s] -- Up-to-date symlink: /home/autoware/aichallenge2023-integration-final-main/install/autoware_adapi_v1_msgs/include/autoware_adapi_v1_msgs/autoware_adapi_v1_msgs/msg/detail/localization_initialization_state__rosidl_typesupport_fastrtps_c.h
[11.231s] -- Up-to-date symlink: /home/autoware/aichallenge2023-integration-final-main/install/autoware_adapi_v1_msgs/include/autoware_adapi_v1_msgs/autoware_adapi_v1_msgs/msg/detail/motion_state__rosidl_typesupport_fastrtps_c.h
[11.231s] -- Up-to-date symlink: /home/autoware/aichallenge2023-integration-final-main/install/autoware_adapi_v1_msgs/include/autoware_adapi_v1_msgs/autoware_adapi_v1_msgs/msg/detail/mrm_state__rosidl_typesupport_fastrtps_c.h
[11.231s] -- Up-to-date symlink: /home/autoware/aichallenge2023-integration-final-main/install/autoware_adapi_v1_msgs/include/autoware_adapi_v1_msgs/autoware_adapi_v1_msgs/msg/detail/operation_mode_state__rosidl_typesupport_fastrtps_c.h
[11.231s] -- Up-to-date symlink: /home/autoware/aichallenge2023-integration-final-main/install/autoware_adapi_v1_msgs/include/autoware_adapi_v1_msgs/autoware_adapi_v1_msgs/msg/detail/response_status__rosidl_typesupport_fastrtps_c.h
[11.231s] -- Up-to-date symlink: /home/autoware/aichallenge2023-integration-final-main/install/autoware_adapi_v1_msgs/include/autoware_adapi_v1_msgs/autoware_adapi_v1_msgs/msg/detail/route__rosidl_typesupport_fastrtps_c.h
[11.231s] -- Up-to-date symlink: /home/autoware/aichallenge2023-integration-final-main/install/autoware_adapi_v1_msgs/include/autoware_adapi_v1_msgs/autoware_adapi_v1_msgs/msg/detail/route_data__rosidl_typesupport_fastrtps_c.h
[11.231s] -- Up-to-date symlink: /home/autoware/aichallenge2023-integration-final-main/install/autoware_adapi_v1_msgs/include/autoware_adapi_v1_msgs/autoware_adapi_v1_msgs/msg/detail/route_primitive__rosidl_typesupport_fastrtps_c.h
[11.231s] -- Up-to-date symlink: /home/autoware/aichallenge2023-integration-final-main/install/autoware_adapi_v1_msgs/include/autoware_adapi_v1_msgs/autoware_adapi_v1_msgs/msg/detail/route_segment__rosidl_typesupport_fastrtps_c.h
[11.232s] -- Up-to-date symlink: /home/autoware/aichallenge2023-integration-final-main/install/autoware_adapi_v1_msgs/include/autoware_adapi_v1_msgs/autoware_adapi_v1_msgs/msg/detail/route_state__rosidl_typesupport_fastrtps_c.h
[11.232s] -- Up-to-date symlink: /home/autoware/aichallenge2023-integration-final-main/install/autoware_adapi_v1_msgs/include/autoware_adapi_v1_msgs/autoware_adapi_v1_msgs/msg/detail/steering_factor__rosidl_typesupport_fastrtps_c.h
[11.232s] -- Up-to-date symlink: /home/autoware/aichallenge2023-integration-final-main/install/autoware_adapi_v1_msgs/include/autoware_adapi_v1_msgs/autoware_adapi_v1_msgs/msg/detail/steering_factor_array__rosidl_typesupport_fastrtps_c.h
[11.232s] -- Up-to-date symlink: /home/autoware/aichallenge2023-integration-final-main/install/autoware_adapi_v1_msgs/include/autoware_adapi_v1_msgs/autoware_adapi_v1_msgs/msg/detail/velocity_factor__rosidl_typesupport_fastrtps_c.h
[11.232s] -- Up-to-date symlink: /home/autoware/aichallenge2023-integration-final-main/install/autoware_adapi_v1_msgs/include/autoware_adapi_v1_msgs/autoware_adapi_v1_msgs/msg/detail/velocity_factor_array__rosidl_typesupport_fastrtps_c.h
[11.232s] -- Up-to-date symlink: /home/autoware/aichallenge2023-integration-final-main/install/autoware_adapi_v1_msgs/include/autoware_adapi_v1_msgs/autoware_adapi_v1_msgs/msg/rosidl_typesupport_fastrtps_c__visibility_control.h
[11.232s] -- Up-to-date symlink: /home/autoware/aichallenge2023-integration-final-main/install/autoware_adapi_v1_msgs/include/autoware_adapi_v1_msgs/autoware_adapi_v1_msgs/srv/detail/accept_start__rosidl_typesupport_fastrtps_c.h
[11.232s] -- Up-to-date symlink: /home/autoware/aichallenge2023-integration-final-main/install/autoware_adapi_v1_msgs/include/autoware_adapi_v1_msgs/autoware_adapi_v1_msgs/srv/detail/change_operation_mode__rosidl_typesupport_fastrtps_c.h
[11.232s] -- Up-to-date symlink: /home/autoware/aichallenge2023-integration-final-main/install/autoware_adapi_v1_msgs/include/autoware_adapi_v1_msgs/autoware_adapi_v1_msgs/srv/detail/clear_route__rosidl_typesupport_fastrtps_c.h
[11.232s] -- Up-to-date symlink: /home/autoware/aichallenge2023-integration-final-main/install/autoware_adapi_v1_msgs/include/autoware_adapi_v1_msgs/autoware_adapi_v1_msgs/srv/detail/initialize_localization__rosidl_typesupport_fastrtps_c.h
[11.233s] -- Up-to-date symlink: /home/autoware/aichallenge2023-integration-final-main/install/autoware_adapi_v1_msgs/include/autoware_adapi_v1_msgs/autoware_adapi_v1_msgs/srv/detail/set_route__rosidl_typesupport_fastrtps_c.h
[11.233s] -- Up-to-date symlink: /home/autoware/aichallenge2023-integration-final-main/install/autoware_adapi_v1_msgs/include/autoware_adapi_v1_msgs/autoware_adapi_v1_msgs/srv/detail/set_route_points__rosidl_typesupport_fastrtps_c.h
[11.237s] -- Up-to-date symlink: /home/autoware/aichallenge2023-integration-final-main/install/autoware_adapi_v1_msgs/include/autoware_adapi_v1_msgs/autoware_adapi_v1_msgs/msg/detail/localization_initialization_state__rosidl_typesupport_introspection_c.h
[11.237s] -- Up-to-date symlink: /home/autoware/aichallenge2023-integration-final-main/install/autoware_adapi_v1_msgs/include/autoware_adapi_v1_msgs/autoware_adapi_v1_msgs/msg/detail/motion_state__rosidl_typesupport_introspection_c.h
[11.237s] -- Up-to-date symlink: /home/autoware/aichallenge2023-integration-final-main/install/autoware_adapi_v1_msgs/include/autoware_adapi_v1_msgs/autoware_adapi_v1_msgs/msg/detail/mrm_state__rosidl_typesupport_introspection_c.h
[11.237s] -- Up-to-date symlink: /home/autoware/aichallenge2023-integration-final-main/install/autoware_adapi_v1_msgs/include/autoware_adapi_v1_msgs/autoware_adapi_v1_msgs/msg/detail/operation_mode_state__rosidl_typesupport_introspection_c.h
[11.237s] -- Up-to-date symlink: /home/autoware/aichallenge2023-integration-final-main/install/autoware_adapi_v1_msgs/include/autoware_adapi_v1_msgs/autoware_adapi_v1_msgs/msg/detail/response_status__rosidl_typesupport_introspection_c.h
[11.237s] -- Up-to-date symlink: /home/autoware/aichallenge2023-integration-final-main/install/autoware_adapi_v1_msgs/include/autoware_adapi_v1_msgs/autoware_adapi_v1_msgs/msg/detail/route__rosidl_typesupport_introspection_c.h
[11.237s] -- Up-to-date symlink: /home/autoware/aichallenge2023-integration-final-main/install/autoware_adapi_v1_msgs/include/autoware_adapi_v1_msgs/autoware_adapi_v1_msgs/msg/detail/route_data__rosidl_typesupport_introspection_c.h
[11.237s] -- Up-to-date symlink: /home/autoware/aichallenge2023-integration-final-main/install/autoware_adapi_v1_msgs/include/autoware_adapi_v1_msgs/autoware_adapi_v1_msgs/msg/detail/route_primitive__rosidl_typesupport_introspection_c.h
[11.237s] -- Up-to-date symlink: /home/autoware/aichallenge2023-integration-final-main/install/autoware_adapi_v1_msgs/include/autoware_adapi_v1_msgs/autoware_adapi_v1_msgs/msg/detail/route_segment__rosidl_typesupport_introspection_c.h
[11.237s] -- Up-to-date symlink: /home/autoware/aichallenge2023-integration-final-main/install/autoware_adapi_v1_msgs/include/autoware_adapi_v1_msgs/autoware_adapi_v1_msgs/msg/detail/route_state__rosidl_typesupport_introspection_c.h
[11.237s] -- Up-to-date symlink: /home/autoware/aichallenge2023-integration-final-main/install/autoware_adapi_v1_msgs/include/autoware_adapi_v1_msgs/autoware_adapi_v1_msgs/msg/detail/steering_factor__rosidl_typesupport_introspection_c.h
[11.237s] -- Up-to-date symlink: /home/autoware/aichallenge2023-integration-final-main/install/autoware_adapi_v1_msgs/include/autoware_adapi_v1_msgs/autoware_adapi_v1_msgs/msg/detail/steering_factor_array__rosidl_typesupport_introspection_c.h
[11.237s] -- Up-to-date symlink: /home/autoware/aichallenge2023-integration-final-main/install/autoware_adapi_v1_msgs/include/autoware_adapi_v1_msgs/autoware_adapi_v1_msgs/msg/detail/velocity_factor__rosidl_typesupport_introspection_c.h
[11.237s] -- Up-to-date symlink: /home/autoware/aichallenge2023-integration-final-main/install/autoware_adapi_v1_msgs/include/autoware_adapi_v1_msgs/autoware_adapi_v1_msgs/msg/detail/velocity_factor_array__rosidl_typesupport_introspection_c.h
[11.238s] -- Up-to-date symlink: /home/autoware/aichallenge2023-integration-final-main/install/autoware_adapi_v1_msgs/include/autoware_adapi_v1_msgs/autoware_adapi_v1_msgs/msg/rosidl_typesupport_introspection_c__visibility_control.h
[11.238s] -- Up-to-date symlink: /home/autoware/aichallenge2023-integration-final-main/install/autoware_adapi_v1_msgs/include/autoware_adapi_v1_msgs/autoware_adapi_v1_msgs/srv/detail/accept_start__rosidl_typesupport_introspection_c.h
[11.238s] -- Up-to-date symlink: /home/autoware/aichallenge2023-integration-final-main/install/autoware_adapi_v1_msgs/include/autoware_adapi_v1_msgs/autoware_adapi_v1_msgs/srv/detail/change_operation_mode__rosidl_typesupport_introspection_c.h
[11.238s] -- Up-to-date symlink: /home/autoware/aichallenge2023-integration-final-main/install/autoware_adapi_v1_msgs/include/autoware_adapi_v1_msgs/autoware_adapi_v1_msgs/srv/detail/clear_route__rosidl_typesupport_introspection_c.h
[11.238s] -- Up-to-date symlink: /home/autoware/aichallenge2023-integration-final-main/install/autoware_adapi_v1_msgs/include/autoware_adapi_v1_msgs/autoware_adapi_v1_msgs/srv/detail/initialize_localization__rosidl_typesupport_introspection_c.h
[11.238s] -- Up-to-date symlink: /home/autoware/aichallenge2023-integration-final-main/install/autoware_adapi_v1_msgs/include/autoware_adapi_v1_msgs/autoware_adapi_v1_msgs/srv/detail/set_route__rosidl_typesupport_introspection_c.h
[11.238s] -- Up-to-date symlink: /home/autoware/aichallenge2023-integration-final-main/install/autoware_adapi_v1_msgs/include/autoware_adapi_v1_msgs/autoware_adapi_v1_msgs/srv/detail/set_route_points__rosidl_typesupport_introspection_c.h
[11.238s] -- Up-to-date symlink: /home/autoware/aichallenge2023-integration-final-main/install/autoware_adapi_v1_msgs/include/autoware_adapi_v1_msgs/autoware_adapi_v1_msgs/msg/detail/localization_initialization_state__builder.hpp
[11.238s] -- Up-to-date symlink: /home/autoware/aichallenge2023-integration-final-main/install/autoware_adapi_v1_msgs/include/autoware_adapi_v1_msgs/autoware_adapi_v1_msgs/msg/detail/localization_initialization_state__struct.hpp
[11.238s] -- Up-to-date symlink: /home/autoware/aichallenge2023-integration-final-main/install/autoware_adapi_v1_msgs/include/autoware_adapi_v1_msgs/autoware_adapi_v1_msgs/msg/detail/localization_initialization_state__traits.hpp
[11.238s] -- Up-to-date symlink: /home/autoware/aichallenge2023-integration-final-main/install/autoware_adapi_v1_msgs/include/autoware_adapi_v1_msgs/autoware_adapi_v1_msgs/msg/detail/motion_state__builder.hpp
[11.238s] -- Up-to-date symlink: /home/autoware/aichallenge2023-integration-final-main/install/autoware_adapi_v1_msgs/include/autoware_adapi_v1_msgs/autoware_adapi_v1_msgs/msg/detail/motion_state__struct.hpp
[11.238s] -- Up-to-date symlink: /home/autoware/aichallenge2023-integration-final-main/install/autoware_adapi_v1_msgs/include/autoware_adapi_v1_msgs/autoware_adapi_v1_msgs/msg/detail/motion_state__traits.hpp
[11.238s] -- Up-to-date symlink: /home/autoware/aichallenge2023-integration-final-main/install/autoware_adapi_v1_msgs/include/autoware_adapi_v1_msgs/autoware_adapi_v1_msgs/msg/detail/mrm_state__builder.hpp
[11.239s] -- Up-to-date symlink: /home/autoware/aichallenge2023-integration-final-main/install/autoware_adapi_v1_msgs/include/autoware_adapi_v1_msgs/autoware_adapi_v1_msgs/msg/detail/mrm_state__struct.hpp
[11.239s] -- Up-to-date symlink: /home/autoware/aichallenge2023-integration-final-main/install/autoware_adapi_v1_msgs/include/autoware_adapi_v1_msgs/autoware_adapi_v1_msgs/msg/detail/mrm_state__traits.hpp
[11.239s] -- Up-to-date symlink: /home/autoware/aichallenge2023-integration-final-main/install/autoware_adapi_v1_msgs/include/autoware_adapi_v1_msgs/autoware_adapi_v1_msgs/msg/detail/operation_mode_state__builder.hpp
[11.239s] -- Up-to-date symlink: /home/autoware/aichallenge2023-integration-final-main/install/autoware_adapi_v1_msgs/include/autoware_adapi_v1_msgs/autoware_adapi_v1_msgs/msg/detail/operation_mode_state__struct.hpp
[11.239s] -- Up-to-date symlink: /home/autoware/aichallenge2023-integration-final-main/install/autoware_adapi_v1_msgs/include/autoware_adapi_v1_msgs/autoware_adapi_v1_msgs/msg/detail/operation_mode_state__traits.hpp
[11.239s] -- Up-to-date symlink: /home/autoware/aichallenge2023-integration-final-main/install/autoware_adapi_v1_msgs/include/autoware_adapi_v1_msgs/autoware_adapi_v1_msgs/msg/detail/response_status__builder.hpp
[11.239s] -- Up-to-date symlink: /home/autoware/aichallenge2023-integration-final-main/install/autoware_adapi_v1_msgs/include/autoware_adapi_v1_msgs/autoware_adapi_v1_msgs/msg/detail/response_status__struct.hpp
[11.239s] -- Up-to-date symlink: /home/autoware/aichallenge2023-integration-final-main/install/autoware_adapi_v1_msgs/include/autoware_adapi_v1_msgs/autoware_adapi_v1_msgs/msg/detail/response_status__traits.hpp
[11.239s] -- Up-to-date symlink: /home/autoware/aichallenge2023-integration-final-main/install/autoware_adapi_v1_msgs/include/autoware_adapi_v1_msgs/autoware_adapi_v1_msgs/msg/detail/route__builder.hpp
[11.239s] -- Up-to-date symlink: /home/autoware/aichallenge2023-integration-final-main/install/autoware_adapi_v1_msgs/include/autoware_adapi_v1_msgs/autoware_adapi_v1_msgs/msg/detail/route__struct.hpp
[11.239s] -- Up-to-date symlink: /home/autoware/aichallenge2023-integration-final-main/install/autoware_adapi_v1_msgs/include/autoware_adapi_v1_msgs/autoware_adapi_v1_msgs/msg/detail/route__traits.hpp
[11.239s] -- Up-to-date symlink: /home/autoware/aichallenge2023-integration-final-main/install/autoware_adapi_v1_msgs/include/autoware_adapi_v1_msgs/autoware_adapi_v1_msgs/msg/detail/route_data__builder.hpp
[11.239s] -- Up-to-date symlink: /home/autoware/aichallenge2023-integration-final-main/install/autoware_adapi_v1_msgs/include/autoware_adapi_v1_msgs/autoware_adapi_v1_msgs/msg/detail/route_data__struct.hpp
[11.240s] -- Up-to-date symlink: /home/autoware/aichallenge2023-integration-final-main/install/autoware_adapi_v1_msgs/include/autoware_adapi_v1_msgs/autoware_adapi_v1_msgs/msg/detail/route_data__traits.hpp
[11.240s] -- Up-to-date symlink: /home/autoware/aichallenge2023-integration-final-main/install/autoware_adapi_v1_msgs/include/autoware_adapi_v1_msgs/autoware_adapi_v1_msgs/msg/detail/route_primitive__builder.hpp
[11.241s] -- Up-to-date symlink: /home/autoware/aichallenge2023-integration-final-main/install/autoware_adapi_v1_msgs/include/autoware_adapi_v1_msgs/autoware_adapi_v1_msgs/msg/detail/route_primitive__struct.hpp
[11.241s] -- Up-to-date symlink: /home/autoware/aichallenge2023-integration-final-main/install/autoware_adapi_v1_msgs/include/autoware_adapi_v1_msgs/autoware_adapi_v1_msgs/msg/detail/route_primitive__traits.hpp
[11.241s] -- Up-to-date symlink: /home/autoware/aichallenge2023-integration-final-main/install/autoware_adapi_v1_msgs/include/autoware_adapi_v1_msgs/autoware_adapi_v1_msgs/msg/detail/route_segment__builder.hpp
[11.241s] -- Up-to-date symlink: /home/autoware/aichallenge2023-integration-final-main/install/autoware_adapi_v1_msgs/include/autoware_adapi_v1_msgs/autoware_adapi_v1_msgs/msg/detail/route_segment__struct.hpp
[11.241s] -- Up-to-date symlink: /home/autoware/aichallenge2023-integration-final-main/install/autoware_adapi_v1_msgs/include/autoware_adapi_v1_msgs/autoware_adapi_v1_msgs/msg/detail/route_segment__traits.hpp
[11.242s] -- Up-to-date symlink: /home/autoware/aichallenge2023-integration-final-main/install/autoware_adapi_v1_msgs/include/autoware_adapi_v1_msgs/autoware_adapi_v1_msgs/msg/detail/route_state__builder.hpp
[11.242s] -- Up-to-date symlink: /home/autoware/aichallenge2023-integration-final-main/install/autoware_adapi_v1_msgs/include/autoware_adapi_v1_msgs/autoware_adapi_v1_msgs/msg/detail/route_state__struct.hpp
[11.242s] -- Up-to-date symlink: /home/autoware/aichallenge2023-integration-final-main/install/autoware_adapi_v1_msgs/include/autoware_adapi_v1_msgs/autoware_adapi_v1_msgs/msg/detail/route_state__traits.hpp
[11.242s] -- Up-to-date symlink: /home/autoware/aichallenge2023-integration-final-main/install/autoware_adapi_v1_msgs/include/autoware_adapi_v1_msgs/autoware_adapi_v1_msgs/msg/detail/steering_factor__builder.hpp
[11.242s] -- Up-to-date symlink: /home/autoware/aichallenge2023-integration-final-main/install/autoware_adapi_v1_msgs/include/autoware_adapi_v1_msgs/autoware_adapi_v1_msgs/msg/detail/steering_factor__struct.hpp
[11.242s] -- Up-to-date symlink: /home/autoware/aichallenge2023-integration-final-main/install/autoware_adapi_v1_msgs/include/autoware_adapi_v1_msgs/autoware_adapi_v1_msgs/msg/detail/steering_factor__traits.hpp
[11.242s] -- Up-to-date symlink: /home/autoware/aichallenge2023-integration-final-main/install/autoware_adapi_v1_msgs/include/autoware_adapi_v1_msgs/autoware_adapi_v1_msgs/msg/detail/steering_factor_array__builder.hpp
[11.242s] -- Up-to-date symlink: /home/autoware/aichallenge2023-integration-final-main/install/autoware_adapi_v1_msgs/include/autoware_adapi_v1_msgs/autoware_adapi_v1_msgs/msg/detail/steering_factor_array__struct.hpp
[11.242s] -- Up-to-date symlink: /home/autoware/aichallenge2023-integration-final-main/install/autoware_adapi_v1_msgs/include/autoware_adapi_v1_msgs/autoware_adapi_v1_msgs/msg/detail/steering_factor_array__traits.hpp
[11.242s] -- Up-to-date symlink: /home/autoware/aichallenge2023-integration-final-main/install/autoware_adapi_v1_msgs/include/autoware_adapi_v1_msgs/autoware_adapi_v1_msgs/msg/detail/velocity_factor__builder.hpp
[11.242s] -- Up-to-date symlink: /home/autoware/aichallenge2023-integration-final-main/install/autoware_adapi_v1_msgs/include/autoware_adapi_v1_msgs/autoware_adapi_v1_msgs/msg/detail/velocity_factor__struct.hpp
[11.242s] -- Up-to-date symlink: /home/autoware/aichallenge2023-integration-final-main/install/autoware_adapi_v1_msgs/include/autoware_adapi_v1_msgs/autoware_adapi_v1_msgs/msg/detail/velocity_factor__traits.hpp
[11.243s] -- Up-to-date symlink: /home/autoware/aichallenge2023-integration-final-main/install/autoware_adapi_v1_msgs/include/autoware_adapi_v1_msgs/autoware_adapi_v1_msgs/msg/detail/velocity_factor_array__builder.hpp
[11.243s] -- Up-to-date symlink: /home/autoware/aichallenge2023-integration-final-main/install/autoware_adapi_v1_msgs/include/autoware_adapi_v1_msgs/autoware_adapi_v1_msgs/msg/detail/velocity_factor_array__struct.hpp
[11.243s] -- Up-to-date symlink: /home/autoware/aichallenge2023-integration-final-main/install/autoware_adapi_v1_msgs/include/autoware_adapi_v1_msgs/autoware_adapi_v1_msgs/msg/detail/velocity_factor_array__traits.hpp
[11.243s] -- Up-to-date symlink: /home/autoware/aichallenge2023-integration-final-main/install/autoware_adapi_v1_msgs/include/autoware_adapi_v1_msgs/autoware_adapi_v1_msgs/msg/localization_initialization_state.hpp
[11.243s] -- Up-to-date symlink: /home/autoware/aichallenge2023-integration-final-main/install/autoware_adapi_v1_msgs/include/autoware_adapi_v1_msgs/autoware_adapi_v1_msgs/msg/motion_state.hpp
[11.243s] -- Up-to-date symlink: /home/autoware/aichallenge2023-integration-final-main/install/autoware_adapi_v1_msgs/include/autoware_adapi_v1_msgs/autoware_adapi_v1_msgs/msg/mrm_state.hpp
[11.243s] -- Up-to-date symlink: /home/autoware/aichallenge2023-integration-final-main/install/autoware_adapi_v1_msgs/include/autoware_adapi_v1_msgs/autoware_adapi_v1_msgs/msg/operation_mode_state.hpp
[11.243s] -- Up-to-date symlink: /home/autoware/aichallenge2023-integration-final-main/install/autoware_adapi_v1_msgs/include/autoware_adapi_v1_msgs/autoware_adapi_v1_msgs/msg/response_status.hpp
[11.243s] -- Up-to-date symlink: /home/autoware/aichallenge2023-integration-final-main/install/autoware_adapi_v1_msgs/include/autoware_adapi_v1_msgs/autoware_adapi_v1_msgs/msg/route.hpp
[11.243s] -- Up-to-date symlink: /home/autoware/aichallenge2023-integration-final-main/install/autoware_adapi_v1_msgs/include/autoware_adapi_v1_msgs/autoware_adapi_v1_msgs/msg/route_data.hpp
[11.243s] -- Up-to-date symlink: /home/autoware/aichallenge2023-integration-final-main/install/autoware_adapi_v1_msgs/include/autoware_adapi_v1_msgs/autoware_adapi_v1_msgs/msg/route_primitive.hpp
[11.243s] -- Up-to-date symlink: /home/autoware/aichallenge2023-integration-final-main/install/autoware_adapi_v1_msgs/include/autoware_adapi_v1_msgs/autoware_adapi_v1_msgs/msg/route_segment.hpp
[11.244s] -- Up-to-date symlink: /home/autoware/aichallenge2023-integration-final-main/install/autoware_adapi_v1_msgs/include/autoware_adapi_v1_msgs/autoware_adapi_v1_msgs/msg/route_state.hpp
[11.244s] -- Up-to-date symlink: /home/autoware/aichallenge2023-integration-final-main/install/autoware_adapi_v1_msgs/include/autoware_adapi_v1_msgs/autoware_adapi_v1_msgs/msg/steering_factor.hpp
[11.244s] -- Up-to-date symlink: /home/autoware/aichallenge2023-integration-final-main/install/autoware_adapi_v1_msgs/include/autoware_adapi_v1_msgs/autoware_adapi_v1_msgs/msg/steering_factor_array.hpp
[11.244s] -- Up-to-date symlink: /home/autoware/aichallenge2023-integration-final-main/install/autoware_adapi_v1_msgs/include/autoware_adapi_v1_msgs/autoware_adapi_v1_msgs/msg/velocity_factor.hpp
[11.247s] -- Up-to-date symlink: /home/autoware/aichallenge2023-integration-final-main/install/autoware_adapi_v1_msgs/include/autoware_adapi_v1_msgs/autoware_adapi_v1_msgs/msg/velocity_factor_array.hpp
[11.247s] -- Up-to-date symlink: /home/autoware/aichallenge2023-integration-final-main/install/autoware_adapi_v1_msgs/include/autoware_adapi_v1_msgs/autoware_adapi_v1_msgs/srv/accept_start.hpp
[11.247s] -- Up-to-date symlink: /home/autoware/aichallenge2023-integration-final-main/install/autoware_adapi_v1_msgs/include/autoware_adapi_v1_msgs/autoware_adapi_v1_msgs/srv/change_operation_mode.hpp
[11.247s] -- Up-to-date symlink: /home/autoware/aichallenge2023-integration-final-main/install/autoware_adapi_v1_msgs/include/autoware_adapi_v1_msgs/autoware_adapi_v1_msgs/srv/clear_route.hpp
[11.247s] -- Up-to-date symlink: /home/autoware/aichallenge2023-integration-final-main/install/autoware_adapi_v1_msgs/include/autoware_adapi_v1_msgs/autoware_adapi_v1_msgs/srv/detail/accept_start__builder.hpp
[11.247s] -- Up-to-date symlink: /home/autoware/aichallenge2023-integration-final-main/install/autoware_adapi_v1_msgs/include/autoware_adapi_v1_msgs/autoware_adapi_v1_msgs/srv/detail/accept_start__struct.hpp
[11.247s] -- Up-to-date symlink: /home/autoware/aichallenge2023-integration-final-main/install/autoware_adapi_v1_msgs/include/autoware_adapi_v1_msgs/autoware_adapi_v1_msgs/srv/detail/accept_start__traits.hpp
[11.247s] -- Up-to-date symlink: /home/autoware/aichallenge2023-integration-final-main/install/autoware_adapi_v1_msgs/include/autoware_adapi_v1_msgs/autoware_adapi_v1_msgs/srv/detail/change_operation_mode__builder.hpp
[11.247s] -- Up-to-date symlink: /home/autoware/aichallenge2023-integration-final-main/install/autoware_adapi_v1_msgs/include/autoware_adapi_v1_msgs/autoware_adapi_v1_msgs/srv/detail/change_operation_mode__struct.hpp
[11.247s] -- Up-to-date symlink: /home/autoware/aichallenge2023-integration-final-main/install/autoware_adapi_v1_msgs/include/autoware_adapi_v1_msgs/autoware_adapi_v1_msgs/srv/detail/change_operation_mode__traits.hpp
[11.247s] -- Up-to-date symlink: /home/autoware/aichallenge2023-integration-final-main/install/autoware_adapi_v1_msgs/include/autoware_adapi_v1_msgs/autoware_adapi_v1_msgs/srv/detail/clear_route__builder.hpp
[11.248s] -- Up-to-date symlink: /home/autoware/aichallenge2023-integration-final-main/install/autoware_adapi_v1_msgs/include/autoware_adapi_v1_msgs/autoware_adapi_v1_msgs/srv/detail/clear_route__struct.hpp
[11.248s] -- Up-to-date symlink: /home/autoware/aichallenge2023-integration-final-main/install/autoware_adapi_v1_msgs/include/autoware_adapi_v1_msgs/autoware_adapi_v1_msgs/srv/detail/clear_route__traits.hpp
[11.248s] -- Up-to-date symlink: /home/autoware/aichallenge2023-integration-final-main/install/autoware_adapi_v1_msgs/include/autoware_adapi_v1_msgs/autoware_adapi_v1_msgs/srv/detail/initialize_localization__builder.hpp
[11.248s] -- Up-to-date symlink: /home/autoware/aichallenge2023-integration-final-main/install/autoware_adapi_v1_msgs/include/autoware_adapi_v1_msgs/autoware_adapi_v1_msgs/srv/detail/initialize_localization__struct.hpp
[11.248s] -- Up-to-date symlink: /home/autoware/aichallenge2023-integration-final-main/install/autoware_adapi_v1_msgs/include/autoware_adapi_v1_msgs/autoware_adapi_v1_msgs/srv/detail/initialize_localization__traits.hpp
[11.248s] -- Up-to-date symlink: /home/autoware/aichallenge2023-integration-final-main/install/autoware_adapi_v1_msgs/include/autoware_adapi_v1_msgs/autoware_adapi_v1_msgs/srv/detail/set_route__builder.hpp
[11.248s] -- Up-to-date symlink: /home/autoware/aichallenge2023-integration-final-main/install/autoware_adapi_v1_msgs/include/autoware_adapi_v1_msgs/autoware_adapi_v1_msgs/srv/detail/set_route__struct.hpp
[11.248s] -- Up-to-date symlink: /home/autoware/aichallenge2023-integration-final-main/install/autoware_adapi_v1_msgs/include/autoware_adapi_v1_msgs/autoware_adapi_v1_msgs/srv/detail/set_route__traits.hpp
[11.248s] -- Up-to-date symlink: /home/autoware/aichallenge2023-integration-final-main/install/autoware_adapi_v1_msgs/include/autoware_adapi_v1_msgs/autoware_adapi_v1_msgs/srv/detail/set_route_points__builder.hpp
[11.248s] -- Up-to-date symlink: /home/autoware/aichallenge2023-integration-final-main/install/autoware_adapi_v1_msgs/include/autoware_adapi_v1_msgs/autoware_adapi_v1_msgs/srv/detail/set_route_points__struct.hpp
[11.248s] -- Up-to-date symlink: /home/autoware/aichallenge2023-integration-final-main/install/autoware_adapi_v1_msgs/include/autoware_adapi_v1_msgs/autoware_adapi_v1_msgs/srv/detail/set_route_points__traits.hpp
[11.248s] -- Up-to-date symlink: /home/autoware/aichallenge2023-integration-final-main/install/autoware_adapi_v1_msgs/include/autoware_adapi_v1_msgs/autoware_adapi_v1_msgs/srv/initialize_localization.hpp
[11.249s] -- Up-to-date symlink: /home/autoware/aichallenge2023-integration-final-main/install/autoware_adapi_v1_msgs/include/autoware_adapi_v1_msgs/autoware_adapi_v1_msgs/srv/set_route.hpp
[11.249s] -- Up-to-date symlink: /home/autoware/aichallenge2023-integration-final-main/install/autoware_adapi_v1_msgs/include/autoware_adapi_v1_msgs/autoware_adapi_v1_msgs/srv/set_route_points.hpp
[11.250s] -- Up-to-date symlink: /home/autoware/aichallenge2023-integration-final-main/install/autoware_adapi_v1_msgs/include/autoware_adapi_v1_msgs/autoware_adapi_v1_msgs/msg/detail/localization_initialization_state__rosidl_typesupport_fastrtps_cpp.hpp
[11.250s] -- Up-to-date symlink: /home/autoware/aichallenge2023-integration-final-main/install/autoware_adapi_v1_msgs/include/autoware_adapi_v1_msgs/autoware_adapi_v1_msgs/msg/detail/motion_state__rosidl_typesupport_fastrtps_cpp.hpp
[11.250s] -- Up-to-date symlink: /home/autoware/aichallenge2023-integration-final-main/install/autoware_adapi_v1_msgs/include/autoware_adapi_v1_msgs/autoware_adapi_v1_msgs/msg/detail/mrm_state__rosidl_typesupport_fastrtps_cpp.hpp
[11.250s] -- Up-to-date symlink: /home/autoware/aichallenge2023-integration-final-main/install/autoware_adapi_v1_msgs/include/autoware_adapi_v1_msgs/autoware_adapi_v1_msgs/msg/detail/operation_mode_state__rosidl_typesupport_fastrtps_cpp.hpp
[11.250s] -- Up-to-date symlink: /home/autoware/aichallenge2023-integration-final-main/install/autoware_adapi_v1_msgs/include/autoware_adapi_v1_msgs/autoware_adapi_v1_msgs/msg/detail/response_status__rosidl_typesupport_fastrtps_cpp.hpp
[11.251s] -- Up-to-date symlink: /home/autoware/aichallenge2023-integration-final-main/install/autoware_adapi_v1_msgs/include/autoware_adapi_v1_msgs/autoware_adapi_v1_msgs/msg/detail/route__rosidl_typesupport_fastrtps_cpp.hpp
[11.251s] -- Up-to-date symlink: /home/autoware/aichallenge2023-integration-final-main/install/autoware_adapi_v1_msgs/include/autoware_adapi_v1_msgs/autoware_adapi_v1_msgs/msg/detail/route_data__rosidl_typesupport_fastrtps_cpp.hpp
[11.251s] -- Up-to-date symlink: /home/autoware/aichallenge2023-integration-final-main/install/autoware_adapi_v1_msgs/include/autoware_adapi_v1_msgs/autoware_adapi_v1_msgs/msg/detail/route_primitive__rosidl_typesupport_fastrtps_cpp.hpp
[11.251s] -- Up-to-date symlink: /home/autoware/aichallenge2023-integration-final-main/install/autoware_adapi_v1_msgs/include/autoware_adapi_v1_msgs/autoware_adapi_v1_msgs/msg/detail/route_segment__rosidl_typesupport_fastrtps_cpp.hpp
[11.251s] -- Up-to-date symlink: /home/autoware/aichallenge2023-integration-final-main/install/autoware_adapi_v1_msgs/include/autoware_adapi_v1_msgs/autoware_adapi_v1_msgs/msg/detail/route_state__rosidl_typesupport_fastrtps_cpp.hpp
[11.251s] -- Up-to-date symlink: /home/autoware/aichallenge2023-integration-final-main/install/autoware_adapi_v1_msgs/include/autoware_adapi_v1_msgs/autoware_adapi_v1_msgs/msg/detail/steering_factor__rosidl_typesupport_fastrtps_cpp.hpp
[11.251s] -- Up-to-date symlink: /home/autoware/aichallenge2023-integration-final-main/install/autoware_adapi_v1_msgs/include/autoware_adapi_v1_msgs/autoware_adapi_v1_msgs/msg/detail/steering_factor_array__rosidl_typesupport_fastrtps_cpp.hpp
[11.251s] -- Up-to-date symlink: /home/autoware/aichallenge2023-integration-final-main/install/autoware_adapi_v1_msgs/include/autoware_adapi_v1_msgs/autoware_adapi_v1_msgs/msg/detail/velocity_factor__rosidl_typesupport_fastrtps_cpp.hpp
[11.251s] -- Up-to-date symlink: /home/autoware/aichallenge2023-integration-final-main/install/autoware_adapi_v1_msgs/include/autoware_adapi_v1_msgs/autoware_adapi_v1_msgs/msg/detail/velocity_factor_array__rosidl_typesupport_fastrtps_cpp.hpp
[11.251s] -- Up-to-date symlink: /home/autoware/aichallenge2023-integration-final-main/install/autoware_adapi_v1_msgs/include/autoware_adapi_v1_msgs/autoware_adapi_v1_msgs/msg/rosidl_typesupport_fastrtps_cpp__visibility_control.h
[11.251s] -- Up-to-date symlink: /home/autoware/aichallenge2023-integration-final-main/install/autoware_adapi_v1_msgs/include/autoware_adapi_v1_msgs/autoware_adapi_v1_msgs/srv/detail/accept_start__rosidl_typesupport_fastrtps_cpp.hpp
[11.252s] -- Up-to-date symlink: /home/autoware/aichallenge2023-integration-final-main/install/autoware_adapi_v1_msgs/include/autoware_adapi_v1_msgs/autoware_adapi_v1_msgs/srv/detail/change_operation_mode__rosidl_typesupport_fastrtps_cpp.hpp
[11.252s] -- Up-to-date symlink: /home/autoware/aichallenge2023-integration-final-main/install/autoware_adapi_v1_msgs/include/autoware_adapi_v1_msgs/autoware_adapi_v1_msgs/srv/detail/clear_route__rosidl_typesupport_fastrtps_cpp.hpp
[11.252s] -- Up-to-date symlink: /home/autoware/aichallenge2023-integration-final-main/install/autoware_adapi_v1_msgs/include/autoware_adapi_v1_msgs/autoware_adapi_v1_msgs/srv/detail/initialize_localization__rosidl_typesupport_fastrtps_cpp.hpp
[11.252s] -- Up-to-date symlink: /home/autoware/aichallenge2023-integration-final-main/install/autoware_adapi_v1_msgs/include/autoware_adapi_v1_msgs/autoware_adapi_v1_msgs/srv/detail/set_route__rosidl_typesupport_fastrtps_cpp.hpp
[11.252s] -- Up-to-date symlink: /home/autoware/aichallenge2023-integration-final-main/install/autoware_adapi_v1_msgs/include/autoware_adapi_v1_msgs/autoware_adapi_v1_msgs/srv/detail/set_route_points__rosidl_typesupport_fastrtps_cpp.hpp
[11.253s] -- Up-to-date symlink: /home/autoware/aichallenge2023-integration-final-main/install/autoware_adapi_v1_msgs/include/autoware_adapi_v1_msgs/autoware_adapi_v1_msgs/msg/detail/localization_initialization_state__rosidl_typesupport_introspection_cpp.hpp
[11.253s] -- Up-to-date symlink: /home/autoware/aichallenge2023-integration-final-main/install/autoware_adapi_v1_msgs/include/autoware_adapi_v1_msgs/autoware_adapi_v1_msgs/msg/detail/motion_state__rosidl_typesupport_introspection_cpp.hpp
[11.253s] -- Up-to-date symlink: /home/autoware/aichallenge2023-integration-final-main/install/autoware_adapi_v1_msgs/include/autoware_adapi_v1_msgs/autoware_adapi_v1_msgs/msg/detail/mrm_state__rosidl_typesupport_introspection_cpp.hpp
[11.253s] -- Up-to-date symlink: /home/autoware/aichallenge2023-integration-final-main/install/autoware_adapi_v1_msgs/include/autoware_adapi_v1_msgs/autoware_adapi_v1_msgs/msg/detail/operation_mode_state__rosidl_typesupport_introspection_cpp.hpp
[11.253s] -- Up-to-date symlink: /home/autoware/aichallenge2023-integration-final-main/install/autoware_adapi_v1_msgs/include/autoware_adapi_v1_msgs/autoware_adapi_v1_msgs/msg/detail/response_status__rosidl_typesupport_introspection_cpp.hpp
[11.254s] -- Up-to-date symlink: /home/autoware/aichallenge2023-integration-final-main/install/autoware_adapi_v1_msgs/include/autoware_adapi_v1_msgs/autoware_adapi_v1_msgs/msg/detail/route__rosidl_typesupport_introspection_cpp.hpp
[11.254s] -- Up-to-date symlink: /home/autoware/aichallenge2023-integration-final-main/install/autoware_adapi_v1_msgs/include/autoware_adapi_v1_msgs/autoware_adapi_v1_msgs/msg/detail/route_data__rosidl_typesupport_introspection_cpp.hpp
[11.254s] -- Up-to-date symlink: /home/autoware/aichallenge2023-integration-final-main/install/autoware_adapi_v1_msgs/include/autoware_adapi_v1_msgs/autoware_adapi_v1_msgs/msg/detail/route_primitive__rosidl_typesupport_introspection_cpp.hpp
[11.254s] -- Up-to-date symlink: /home/autoware/aichallenge2023-integration-final-main/install/autoware_adapi_v1_msgs/include/autoware_adapi_v1_msgs/autoware_adapi_v1_msgs/msg/detail/route_segment__rosidl_typesupport_introspection_cpp.hpp
[11.254s] -- Up-to-date symlink: /home/autoware/aichallenge2023-integration-final-main/install/autoware_adapi_v1_msgs/include/autoware_adapi_v1_msgs/autoware_adapi_v1_msgs/msg/detail/route_state__rosidl_typesupport_introspection_cpp.hpp
[11.254s] -- Up-to-date symlink: /home/autoware/aichallenge2023-integration-final-main/install/autoware_adapi_v1_msgs/include/autoware_adapi_v1_msgs/autoware_adapi_v1_msgs/msg/detail/steering_factor__rosidl_typesupport_introspection_cpp.hpp
[11.254s] -- Up-to-date symlink: /home/autoware/aichallenge2023-integration-final-main/install/autoware_adapi_v1_msgs/include/autoware_adapi_v1_msgs/autoware_adapi_v1_msgs/msg/detail/steering_factor_array__rosidl_typesupport_introspection_cpp.hpp
[11.254s] -- Up-to-date symlink: /home/autoware/aichallenge2023-integration-final-main/install/autoware_adapi_v1_msgs/include/autoware_adapi_v1_msgs/autoware_adapi_v1_msgs/msg/detail/velocity_factor__rosidl_typesupport_introspection_cpp.hpp
[11.255s] -- Up-to-date symlink: /home/autoware/aichallenge2023-integration-final-main/install/autoware_adapi_v1_msgs/include/autoware_adapi_v1_msgs/autoware_adapi_v1_msgs/msg/detail/velocity_factor_array__rosidl_typesupport_introspection_cpp.hpp
[11.255s] -- Up-to-date symlink: /home/autoware/aichallenge2023-integration-final-main/install/autoware_adapi_v1_msgs/include/autoware_adapi_v1_msgs/autoware_adapi_v1_msgs/srv/detail/accept_start__rosidl_typesupport_introspection_cpp.hpp
[11.255s] -- Up-to-date symlink: /home/autoware/aichallenge2023-integration-final-main/install/autoware_adapi_v1_msgs/include/autoware_adapi_v1_msgs/autoware_adapi_v1_msgs/srv/detail/change_operation_mode__rosidl_typesupport_introspection_cpp.hpp
[11.255s] -- Up-to-date symlink: /home/autoware/aichallenge2023-integration-final-main/install/autoware_adapi_v1_msgs/include/autoware_adapi_v1_msgs/autoware_adapi_v1_msgs/srv/detail/clear_route__rosidl_typesupport_introspection_cpp.hpp
[11.255s] -- Up-to-date symlink: /home/autoware/aichallenge2023-integration-final-main/install/autoware_adapi_v1_msgs/include/autoware_adapi_v1_msgs/autoware_adapi_v1_msgs/srv/detail/initialize_localization__rosidl_typesupport_introspection_cpp.hpp
[11.255s] -- Up-to-date symlink: /home/autoware/aichallenge2023-integration-final-main/install/autoware_adapi_v1_msgs/include/autoware_adapi_v1_msgs/autoware_adapi_v1_msgs/srv/detail/set_route__rosidl_typesupport_introspection_cpp.hpp
[11.255s] -- Up-to-date symlink: /home/autoware/aichallenge2023-integration-final-main/install/autoware_adapi_v1_msgs/include/autoware_adapi_v1_msgs/autoware_adapi_v1_msgs/srv/detail/set_route_points__rosidl_typesupport_introspection_cpp.hpp
[11.255s] -- Up-to-date symlink: /home/autoware/aichallenge2023-integration-final-main/install/autoware_adapi_v1_msgs/share/autoware_adapi_v1_msgs/environment/pythonpath.sh
[11.256s] -- Up-to-date symlink: /home/autoware/aichallenge2023-integration-final-main/install/autoware_adapi_v1_msgs/share/autoware_adapi_v1_msgs/environment/pythonpath.dsv
[11.256s] -- Up-to-date symlink: /home/autoware/aichallenge2023-integration-final-main/install/autoware_adapi_v1_msgs/local/lib/python3.10/dist-packages/autoware_adapi_v1_msgs-0.0.0-py3.10.egg-info/PKG-INFO
[11.256s] -- Up-to-date symlink: /home/autoware/aichallenge2023-integration-final-main/install/autoware_adapi_v1_msgs/local/lib/python3.10/dist-packages/autoware_adapi_v1_msgs-0.0.0-py3.10.egg-info/SOURCES.txt
[11.256s] -- Up-to-date symlink: /home/autoware/aichallenge2023-integration-final-main/install/autoware_adapi_v1_msgs/local/lib/python3.10/dist-packages/autoware_adapi_v1_msgs-0.0.0-py3.10.egg-info/dependency_links.txt
[11.256s] -- Up-to-date symlink: /home/autoware/aichallenge2023-integration-final-main/install/autoware_adapi_v1_msgs/local/lib/python3.10/dist-packages/autoware_adapi_v1_msgs-0.0.0-py3.10.egg-info/top_level.txt
[11.258s] -- Up-to-date symlink: /home/autoware/aichallenge2023-integration-final-main/install/autoware_adapi_v1_msgs/local/lib/python3.10/dist-packages/autoware_adapi_v1_msgs/__init__.py
[11.258s] -- Up-to-date symlink: /home/autoware/aichallenge2023-integration-final-main/install/autoware_adapi_v1_msgs/local/lib/python3.10/dist-packages/autoware_adapi_v1_msgs/_autoware_adapi_v1_msgs_s.ep.rosidl_typesupport_c.c
[11.258s] -- Up-to-date symlink: /home/autoware/aichallenge2023-integration-final-main/install/autoware_adapi_v1_msgs/local/lib/python3.10/dist-packages/autoware_adapi_v1_msgs/_autoware_adapi_v1_msgs_s.ep.rosidl_typesupport_fastrtps_c.c
[11.258s] -- Up-to-date symlink: /home/autoware/aichallenge2023-integration-final-main/install/autoware_adapi_v1_msgs/local/lib/python3.10/dist-packages/autoware_adapi_v1_msgs/_autoware_adapi_v1_msgs_s.ep.rosidl_typesupport_introspection_c.c
[11.258s] -- Up-to-date symlink: /home/autoware/aichallenge2023-integration-final-main/install/autoware_adapi_v1_msgs/local/lib/python3.10/dist-packages/autoware_adapi_v1_msgs/autoware_adapi_v1_msgs_s__rosidl_typesupport_c.cpython-310-x86_64-linux-gnu.so
[11.258s] -- Up-to-date symlink: /home/autoware/aichallenge2023-integration-final-main/install/autoware_adapi_v1_msgs/local/lib/python3.10/dist-packages/autoware_adapi_v1_msgs/autoware_adapi_v1_msgs_s__rosidl_typesupport_fastrtps_c.cpython-310-x86_64-linux-gnu.so
[11.259s] -- Up-to-date symlink: /home/autoware/aichallenge2023-integration-final-main/install/autoware_adapi_v1_msgs/local/lib/python3.10/dist-packages/autoware_adapi_v1_msgs/autoware_adapi_v1_msgs_s__rosidl_typesupport_introspection_c.cpython-310-x86_64-linux-gnu.so
[11.259s] -- Up-to-date symlink: /home/autoware/aichallenge2023-integration-final-main/install/autoware_adapi_v1_msgs/local/lib/python3.10/dist-packages/autoware_adapi_v1_msgs/libautoware_adapi_v1_msgs__rosidl_generator_py.so
[11.259s] -- Up-to-date symlink: /home/autoware/aichallenge2023-integration-final-main/install/autoware_adapi_v1_msgs/local/lib/python3.10/dist-packages/autoware_adapi_v1_msgs/msg/__init__.py
[11.259s] -- Up-to-date symlink: /home/autoware/aichallenge2023-integration-final-main/install/autoware_adapi_v1_msgs/local/lib/python3.10/dist-packages/autoware_adapi_v1_msgs/msg/_localization_initialization_state.py
[11.259s] -- Up-to-date symlink: /home/autoware/aichallenge2023-integration-final-main/install/autoware_adapi_v1_msgs/local/lib/python3.10/dist-packages/autoware_adapi_v1_msgs/msg/_localization_initialization_state_s.c
[11.265s] -- Up-to-date symlink: /home/autoware/aichallenge2023-integration-final-main/install/autoware_adapi_v1_msgs/local/lib/python3.10/dist-packages/autoware_adapi_v1_msgs/msg/_motion_state.py
[11.265s] -- Up-to-date symlink: /home/autoware/aichallenge2023-integration-final-main/install/autoware_adapi_v1_msgs/local/lib/python3.10/dist-packages/autoware_adapi_v1_msgs/msg/_motion_state_s.c
[11.265s] -- Up-to-date symlink: /home/autoware/aichallenge2023-integration-final-main/install/autoware_adapi_v1_msgs/local/lib/python3.10/dist-packages/autoware_adapi_v1_msgs/msg/_mrm_state.py
[11.265s] -- Up-to-date symlink: /home/autoware/aichallenge2023-integration-final-main/install/autoware_adapi_v1_msgs/local/lib/python3.10/dist-packages/autoware_adapi_v1_msgs/msg/_mrm_state_s.c
[11.265s] -- Up-to-date symlink: /home/autoware/aichallenge2023-integration-final-main/install/autoware_adapi_v1_msgs/local/lib/python3.10/dist-packages/autoware_adapi_v1_msgs/msg/_operation_mode_state.py
[11.265s] -- Up-to-date symlink: /home/autoware/aichallenge2023-integration-final-main/install/autoware_adapi_v1_msgs/local/lib/python3.10/dist-packages/autoware_adapi_v1_msgs/msg/_operation_mode_state_s.c
[11.265s] -- Up-to-date symlink: /home/autoware/aichallenge2023-integration-final-main/install/autoware_adapi_v1_msgs/local/lib/python3.10/dist-packages/autoware_adapi_v1_msgs/msg/_response_status.py
[11.266s] -- Up-to-date symlink: /home/autoware/aichallenge2023-integration-final-main/install/autoware_adapi_v1_msgs/local/lib/python3.10/dist-packages/autoware_adapi_v1_msgs/msg/_response_status_s.c
[11.266s] -- Up-to-date symlink: /home/autoware/aichallenge2023-integration-final-main/install/autoware_adapi_v1_msgs/local/lib/python3.10/dist-packages/autoware_adapi_v1_msgs/msg/_route.py
[11.266s] -- Up-to-date symlink: /home/autoware/aichallenge2023-integration-final-main/install/autoware_adapi_v1_msgs/local/lib/python3.10/dist-packages/autoware_adapi_v1_msgs/msg/_route_data.py
[11.266s] -- Up-to-date symlink: /home/autoware/aichallenge2023-integration-final-main/install/autoware_adapi_v1_msgs/local/lib/python3.10/dist-packages/autoware_adapi_v1_msgs/msg/_route_data_s.c
[11.266s] -- Up-to-date symlink: /home/autoware/aichallenge2023-integration-final-main/install/autoware_adapi_v1_msgs/local/lib/python3.10/dist-packages/autoware_adapi_v1_msgs/msg/_route_primitive.py
[11.266s] -- Up-to-date symlink: /home/autoware/aichallenge2023-integration-final-main/install/autoware_adapi_v1_msgs/local/lib/python3.10/dist-packages/autoware_adapi_v1_msgs/msg/_route_primitive_s.c
[11.266s] -- Up-to-date symlink: /home/autoware/aichallenge2023-integration-final-main/install/autoware_adapi_v1_msgs/local/lib/python3.10/dist-packages/autoware_adapi_v1_msgs/msg/_route_s.c
[11.266s] -- Up-to-date symlink: /home/autoware/aichallenge2023-integration-final-main/install/autoware_adapi_v1_msgs/local/lib/python3.10/dist-packages/autoware_adapi_v1_msgs/msg/_route_segment.py
[11.267s] -- Up-to-date symlink: /home/autoware/aichallenge2023-integration-final-main/install/autoware_adapi_v1_msgs/local/lib/python3.10/dist-packages/autoware_adapi_v1_msgs/msg/_route_segment_s.c
[11.267s] -- Up-to-date symlink: /home/autoware/aichallenge2023-integration-final-main/install/autoware_adapi_v1_msgs/local/lib/python3.10/dist-packages/autoware_adapi_v1_msgs/msg/_route_state.py
[11.267s] -- Up-to-date symlink: /home/autoware/aichallenge2023-integration-final-main/install/autoware_adapi_v1_msgs/local/lib/python3.10/dist-packages/autoware_adapi_v1_msgs/msg/_route_state_s.c
[11.267s] -- Up-to-date symlink: /home/autoware/aichallenge2023-integration-final-main/install/autoware_adapi_v1_msgs/local/lib/python3.10/dist-packages/autoware_adapi_v1_msgs/msg/_steering_factor.py
[11.267s] -- Up-to-date symlink: /home/autoware/aichallenge2023-integration-final-main/install/autoware_adapi_v1_msgs/local/lib/python3.10/dist-packages/autoware_adapi_v1_msgs/msg/_steering_factor_array.py
[11.267s] -- Up-to-date symlink: /home/autoware/aichallenge2023-integration-final-main/install/autoware_adapi_v1_msgs/local/lib/python3.10/dist-packages/autoware_adapi_v1_msgs/msg/_steering_factor_array_s.c
[11.267s] -- Up-to-date symlink: /home/autoware/aichallenge2023-integration-final-main/install/autoware_adapi_v1_msgs/local/lib/python3.10/dist-packages/autoware_adapi_v1_msgs/msg/_steering_factor_s.c
[11.267s] -- Up-to-date symlink: /home/autoware/aichallenge2023-integration-final-main/install/autoware_adapi_v1_msgs/local/lib/python3.10/dist-packages/autoware_adapi_v1_msgs/msg/_velocity_factor.py
[11.268s] -- Up-to-date symlink: /home/autoware/aichallenge2023-integration-final-main/install/autoware_adapi_v1_msgs/local/lib/python3.10/dist-packages/autoware_adapi_v1_msgs/msg/_velocity_factor_array.py
[11.268s] -- Up-to-date symlink: /home/autoware/aichallenge2023-integration-final-main/install/autoware_adapi_v1_msgs/local/lib/python3.10/dist-packages/autoware_adapi_v1_msgs/msg/_velocity_factor_array_s.c
[11.268s] -- Up-to-date symlink: /home/autoware/aichallenge2023-integration-final-main/install/autoware_adapi_v1_msgs/local/lib/python3.10/dist-packages/autoware_adapi_v1_msgs/msg/_velocity_factor_s.c
[11.268s] -- Up-to-date symlink: /home/autoware/aichallenge2023-integration-final-main/install/autoware_adapi_v1_msgs/local/lib/python3.10/dist-packages/autoware_adapi_v1_msgs/srv/__init__.py
[11.268s] -- Up-to-date symlink: /home/autoware/aichallenge2023-integration-final-main/install/autoware_adapi_v1_msgs/local/lib/python3.10/dist-packages/autoware_adapi_v1_msgs/srv/_accept_start.py
[11.268s] -- Up-to-date symlink: /home/autoware/aichallenge2023-integration-final-main/install/autoware_adapi_v1_msgs/local/lib/python3.10/dist-packages/autoware_adapi_v1_msgs/srv/_accept_start_s.c
[11.268s] -- Up-to-date symlink: /home/autoware/aichallenge2023-integration-final-main/install/autoware_adapi_v1_msgs/local/lib/python3.10/dist-packages/autoware_adapi_v1_msgs/srv/_change_operation_mode.py
[11.268s] -- Up-to-date symlink: /home/autoware/aichallenge2023-integration-final-main/install/autoware_adapi_v1_msgs/local/lib/python3.10/dist-packages/autoware_adapi_v1_msgs/srv/_change_operation_mode_s.c
[11.269s] -- Up-to-date symlink: /home/autoware/aichallenge2023-integration-final-main/install/autoware_adapi_v1_msgs/local/lib/python3.10/dist-packages/autoware_adapi_v1_msgs/srv/_clear_route.py
[11.269s] -- Up-to-date symlink: /home/autoware/aichallenge2023-integration-final-main/install/autoware_adapi_v1_msgs/local/lib/python3.10/dist-packages/autoware_adapi_v1_msgs/srv/_clear_route_s.c
[11.269s] -- Up-to-date symlink: /home/autoware/aichallenge2023-integration-final-main/install/autoware_adapi_v1_msgs/local/lib/python3.10/dist-packages/autoware_adapi_v1_msgs/srv/_initialize_localization.py
[11.269s] -- Up-to-date symlink: /home/autoware/aichallenge2023-integration-final-main/install/autoware_adapi_v1_msgs/local/lib/python3.10/dist-packages/autoware_adapi_v1_msgs/srv/_initialize_localization_s.c
[11.269s] -- Up-to-date symlink: /home/autoware/aichallenge2023-integration-final-main/install/autoware_adapi_v1_msgs/local/lib/python3.10/dist-packages/autoware_adapi_v1_msgs/srv/_set_route.py
[11.269s] -- Up-to-date symlink: /home/autoware/aichallenge2023-integration-final-main/install/autoware_adapi_v1_msgs/local/lib/python3.10/dist-packages/autoware_adapi_v1_msgs/srv/_set_route_points.py
[11.269s] -- Up-to-date symlink: /home/autoware/aichallenge2023-integration-final-main/install/autoware_adapi_v1_msgs/local/lib/python3.10/dist-packages/autoware_adapi_v1_msgs/srv/_set_route_points_s.c
[11.269s] -- Up-to-date symlink: /home/autoware/aichallenge2023-integration-final-main/install/autoware_adapi_v1_msgs/local/lib/python3.10/dist-packages/autoware_adapi_v1_msgs/srv/_set_route_s.c
[11.270s] -- Up-to-date symlink: /home/autoware/aichallenge2023-integration-final-main/install/autoware_adapi_v1_msgs/local/lib/python3.10/dist-packages/autoware_adapi_v1_msgs/autoware_adapi_v1_msgs_s__rosidl_typesupport_fastrtps_c.cpython-310-x86_64-linux-gnu.so
[11.270s] -- Up-to-date symlink: /home/autoware/aichallenge2023-integration-final-main/install/autoware_adapi_v1_msgs/local/lib/python3.10/dist-packages/autoware_adapi_v1_msgs/autoware_adapi_v1_msgs_s__rosidl_typesupport_introspection_c.cpython-310-x86_64-linux-gnu.so
[11.270s] -- Up-to-date symlink: /home/autoware/aichallenge2023-integration-final-main/install/autoware_adapi_v1_msgs/local/lib/python3.10/dist-packages/autoware_adapi_v1_msgs/autoware_adapi_v1_msgs_s__rosidl_typesupport_c.cpython-310-x86_64-linux-gnu.so
[11.270s] -- Up-to-date symlink: /home/autoware/aichallenge2023-integration-final-main/install/autoware_adapi_v1_msgs/share/autoware_adapi_v1_msgs/msg/ResponseStatus.idl
[11.271s] -- Up-to-date symlink: /home/autoware/aichallenge2023-integration-final-main/install/autoware_adapi_v1_msgs/share/autoware_adapi_v1_msgs/msg/LocalizationInitializationState.idl
[11.271s] -- Up-to-date symlink: /home/autoware/aichallenge2023-integration-final-main/install/autoware_adapi_v1_msgs/share/autoware_adapi_v1_msgs/srv/InitializeLocalization.idl
[11.271s] -- Up-to-date symlink: /home/autoware/aichallenge2023-integration-final-main/install/autoware_adapi_v1_msgs/share/autoware_adapi_v1_msgs/msg/RouteState.idl
[11.271s] -- Up-to-date symlink: /home/autoware/aichallenge2023-integration-final-main/install/autoware_adapi_v1_msgs/share/autoware_adapi_v1_msgs/msg/Route.idl
[11.271s] -- Up-to-date symlink: /home/autoware/aichallenge2023-integration-final-main/install/autoware_adapi_v1_msgs/share/autoware_adapi_v1_msgs/msg/RouteData.idl
[11.271s] -- Up-to-date symlink: /home/autoware/aichallenge2023-integration-final-main/install/autoware_adapi_v1_msgs/share/autoware_adapi_v1_msgs/msg/RoutePrimitive.idl
[11.272s] -- Up-to-date symlink: /home/autoware/aichallenge2023-integration-final-main/install/autoware_adapi_v1_msgs/share/autoware_adapi_v1_msgs/msg/RouteSegment.idl
[11.272s] -- Up-to-date symlink: /home/autoware/aichallenge2023-integration-final-main/install/autoware_adapi_v1_msgs/share/autoware_adapi_v1_msgs/srv/ClearRoute.idl
[11.272s] -- Up-to-date symlink: /home/autoware/aichallenge2023-integration-final-main/install/autoware_adapi_v1_msgs/share/autoware_adapi_v1_msgs/srv/SetRoute.idl
[11.272s] -- Up-to-date symlink: /home/autoware/aichallenge2023-integration-final-main/install/autoware_adapi_v1_msgs/share/autoware_adapi_v1_msgs/srv/SetRoutePoints.idl
[11.272s] -- Up-to-date symlink: /home/autoware/aichallenge2023-integration-final-main/install/autoware_adapi_v1_msgs/share/autoware_adapi_v1_msgs/msg/OperationModeState.idl
[11.272s] -- Up-to-date symlink: /home/autoware/aichallenge2023-integration-final-main/install/autoware_adapi_v1_msgs/share/autoware_adapi_v1_msgs/srv/ChangeOperationMode.idl
[11.273s] -- Up-to-date symlink: /home/autoware/aichallenge2023-integration-final-main/install/autoware_adapi_v1_msgs/share/autoware_adapi_v1_msgs/msg/MotionState.idl
[11.273s] -- Up-to-date symlink: /home/autoware/aichallenge2023-integration-final-main/install/autoware_adapi_v1_msgs/share/autoware_adapi_v1_msgs/srv/AcceptStart.idl
[11.273s] -- Up-to-date symlink: /home/autoware/aichallenge2023-integration-final-main/install/autoware_adapi_v1_msgs/share/autoware_adapi_v1_msgs/msg/SteeringFactor.idl
[11.273s] -- Up-to-date symlink: /home/autoware/aichallenge2023-integration-final-main/install/autoware_adapi_v1_msgs/share/autoware_adapi_v1_msgs/msg/SteeringFactorArray.idl
[11.273s] -- Up-to-date symlink: /home/autoware/aichallenge2023-integration-final-main/install/autoware_adapi_v1_msgs/share/autoware_adapi_v1_msgs/msg/VelocityFactor.idl
[11.274s] -- Up-to-date symlink: /home/autoware/aichallenge2023-integration-final-main/install/autoware_adapi_v1_msgs/share/autoware_adapi_v1_msgs/msg/VelocityFactorArray.idl
[11.274s] -- Up-to-date symlink: /home/autoware/aichallenge2023-integration-final-main/install/autoware_adapi_v1_msgs/share/autoware_adapi_v1_msgs/msg/MrmState.idl
[11.274s] -- Up-to-date symlink: /home/autoware/aichallenge2023-integration-final-main/install/autoware_adapi_v1_msgs/share/autoware_adapi_v1_msgs/msg/ResponseStatus.msg
[11.274s] -- Up-to-date symlink: /home/autoware/aichallenge2023-integration-final-main/install/autoware_adapi_v1_msgs/share/autoware_adapi_v1_msgs/msg/LocalizationInitializationState.msg
[11.274s] -- Up-to-date symlink: /home/autoware/aichallenge2023-integration-final-main/install/autoware_adapi_v1_msgs/share/autoware_adapi_v1_msgs/srv/InitializeLocalization.srv
[11.274s] -- Up-to-date symlink: /home/autoware/aichallenge2023-integration-final-main/install/autoware_adapi_v1_msgs/share/autoware_adapi_v1_msgs/srv/InitializeLocalization_Request.msg
[11.274s] -- Up-to-date symlink: /home/autoware/aichallenge2023-integration-final-main/install/autoware_adapi_v1_msgs/share/autoware_adapi_v1_msgs/srv/InitializeLocalization_Response.msg
[11.275s] -- Up-to-date symlink: /home/autoware/aichallenge2023-integration-final-main/install/autoware_adapi_v1_msgs/share/autoware_adapi_v1_msgs/msg/RouteState.msg
[11.275s] -- Up-to-date symlink: /home/autoware/aichallenge2023-integration-final-main/install/autoware_adapi_v1_msgs/share/autoware_adapi_v1_msgs/msg/Route.msg
[11.277s] -- Up-to-date symlink: /home/autoware/aichallenge2023-integration-final-main/install/autoware_adapi_v1_msgs/share/autoware_adapi_v1_msgs/msg/RouteData.msg
[11.277s] -- Up-to-date symlink: /home/autoware/aichallenge2023-integration-final-main/install/autoware_adapi_v1_msgs/share/autoware_adapi_v1_msgs/msg/RoutePrimitive.msg
[11.277s] -- Up-to-date symlink: /home/autoware/aichallenge2023-integration-final-main/install/autoware_adapi_v1_msgs/share/autoware_adapi_v1_msgs/msg/RouteSegment.msg
[11.277s] -- Up-to-date symlink: /home/autoware/aichallenge2023-integration-final-main/install/autoware_adapi_v1_msgs/share/autoware_adapi_v1_msgs/srv/ClearRoute.srv
[11.278s] -- Up-to-date symlink: /home/autoware/aichallenge2023-integration-final-main/install/autoware_adapi_v1_msgs/share/autoware_adapi_v1_msgs/srv/ClearRoute_Request.msg
[11.278s] -- Up-to-date symlink: /home/autoware/aichallenge2023-integration-final-main/install/autoware_adapi_v1_msgs/share/autoware_adapi_v1_msgs/srv/ClearRoute_Response.msg
[11.278s] -- Up-to-date symlink: /home/autoware/aichallenge2023-integration-final-main/install/autoware_adapi_v1_msgs/share/autoware_adapi_v1_msgs/srv/SetRoute.srv
[11.278s] -- Up-to-date symlink: /home/autoware/aichallenge2023-integration-final-main/install/autoware_adapi_v1_msgs/share/autoware_adapi_v1_msgs/srv/SetRoute_Request.msg
[11.278s] -- Up-to-date symlink: /home/autoware/aichallenge2023-integration-final-main/install/autoware_adapi_v1_msgs/share/autoware_adapi_v1_msgs/srv/SetRoute_Response.msg
[11.278s] -- Up-to-date symlink: /home/autoware/aichallenge2023-integration-final-main/install/autoware_adapi_v1_msgs/share/autoware_adapi_v1_msgs/srv/SetRoutePoints.srv
[11.278s] -- Up-to-date symlink: /home/autoware/aichallenge2023-integration-final-main/install/autoware_adapi_v1_msgs/share/autoware_adapi_v1_msgs/srv/SetRoutePoints_Request.msg
[11.278s] -- Up-to-date symlink: /home/autoware/aichallenge2023-integration-final-main/install/autoware_adapi_v1_msgs/share/autoware_adapi_v1_msgs/srv/SetRoutePoints_Response.msg
[11.278s] -- Up-to-date symlink: /home/autoware/aichallenge2023-integration-final-main/install/autoware_adapi_v1_msgs/share/autoware_adapi_v1_msgs/msg/OperationModeState.msg
[11.278s] -- Up-to-date symlink: /home/autoware/aichallenge2023-integration-final-main/install/autoware_adapi_v1_msgs/share/autoware_adapi_v1_msgs/srv/ChangeOperationMode.srv
[11.278s] -- Up-to-date symlink: /home/autoware/aichallenge2023-integration-final-main/install/autoware_adapi_v1_msgs/share/autoware_adapi_v1_msgs/srv/ChangeOperationMode_Request.msg
[11.278s] -- Up-to-date symlink: /home/autoware/aichallenge2023-integration-final-main/install/autoware_adapi_v1_msgs/share/autoware_adapi_v1_msgs/srv/ChangeOperationMode_Response.msg
[11.278s] -- Up-to-date symlink: /home/autoware/aichallenge2023-integration-final-main/install/autoware_adapi_v1_msgs/share/autoware_adapi_v1_msgs/msg/MotionState.msg
[11.278s] -- Up-to-date symlink: /home/autoware/aichallenge2023-integration-final-main/install/autoware_adapi_v1_msgs/share/autoware_adapi_v1_msgs/srv/AcceptStart.srv
[11.279s] -- Up-to-date symlink: /home/autoware/aichallenge2023-integration-final-main/install/autoware_adapi_v1_msgs/share/autoware_adapi_v1_msgs/srv/AcceptStart_Request.msg
[11.279s] -- Up-to-date symlink: /home/autoware/aichallenge2023-integration-final-main/install/autoware_adapi_v1_msgs/share/autoware_adapi_v1_msgs/srv/AcceptStart_Response.msg
[11.279s] -- Up-to-date symlink: /home/autoware/aichallenge2023-integration-final-main/install/autoware_adapi_v1_msgs/share/autoware_adapi_v1_msgs/msg/SteeringFactor.msg
[11.279s] -- Up-to-date symlink: /home/autoware/aichallenge2023-integration-final-main/install/autoware_adapi_v1_msgs/share/autoware_adapi_v1_msgs/msg/SteeringFactorArray.msg
[11.279s] -- Up-to-date symlink: /home/autoware/aichallenge2023-integration-final-main/install/autoware_adapi_v1_msgs/share/autoware_adapi_v1_msgs/msg/VelocityFactor.msg
[11.279s] -- Up-to-date symlink: /home/autoware/aichallenge2023-integration-final-main/install/autoware_adapi_v1_msgs/share/autoware_adapi_v1_msgs/msg/VelocityFactorArray.msg
[11.279s] -- Up-to-date symlink: /home/autoware/aichallenge2023-integration-final-main/install/autoware_adapi_v1_msgs/share/autoware_adapi_v1_msgs/msg/MrmState.msg
[11.280s] -- Up-to-date symlink: /home/autoware/aichallenge2023-integration-final-main/install/autoware_adapi_v1_msgs/share/ament_index/resource_index/package_run_dependencies/autoware_adapi_v1_msgs
[11.280s] -- Up-to-date symlink: /home/autoware/aichallenge2023-integration-final-main/install/autoware_adapi_v1_msgs/share/ament_index/resource_index/parent_prefix_path/autoware_adapi_v1_msgs
[11.282s] -- Up-to-date symlink: /home/autoware/aichallenge2023-integration-final-main/install/autoware_adapi_v1_msgs/share/autoware_adapi_v1_msgs/environment/ament_prefix_path.sh
[11.282s] -- Up-to-date symlink: /home/autoware/aichallenge2023-integration-final-main/install/autoware_adapi_v1_msgs/share/autoware_adapi_v1_msgs/environment/ament_prefix_path.dsv
[11.282s] -- Up-to-date symlink: /home/autoware/aichallenge2023-integration-final-main/install/autoware_adapi_v1_msgs/share/autoware_adapi_v1_msgs/environment/path.sh
[11.282s] -- Up-to-date symlink: /home/autoware/aichallenge2023-integration-final-main/install/autoware_adapi_v1_msgs/share/autoware_adapi_v1_msgs/environment/path.dsv
[11.282s] -- Up-to-date symlink: /home/autoware/aichallenge2023-integration-final-main/install/autoware_adapi_v1_msgs/share/autoware_adapi_v1_msgs/local_setup.bash
[11.282s] -- Up-to-date symlink: /home/autoware/aichallenge2023-integration-final-main/install/autoware_adapi_v1_msgs/share/autoware_adapi_v1_msgs/local_setup.sh
[11.282s] -- Up-to-date symlink: /home/autoware/aichallenge2023-integration-final-main/install/autoware_adapi_v1_msgs/share/autoware_adapi_v1_msgs/local_setup.zsh
[11.282s] -- Up-to-date symlink: /home/autoware/aichallenge2023-integration-final-main/install/autoware_adapi_v1_msgs/share/autoware_adapi_v1_msgs/local_setup.dsv
[11.282s] -- Symlinking: /home/autoware/aichallenge2023-integration-final-main/install/autoware_adapi_v1_msgs/share/autoware_adapi_v1_msgs/package.dsv
[11.317s] -- Up-to-date symlink: /home/autoware/aichallenge2023-integration-final-main/install/autoware_adapi_v1_msgs/share/ament_index/resource_index/packages/autoware_adapi_v1_msgs
[11.320s] -- Up-to-date symlink: /home/autoware/aichallenge2023-integration-final-main/install/autoware_adapi_v1_msgs/share/autoware_adapi_v1_msgs/cmake/rosidl_cmake-extras.cmake
[11.320s] -- Up-to-date symlink: /home/autoware/aichallenge2023-integration-final-main/install/autoware_adapi_v1_msgs/share/autoware_adapi_v1_msgs/cmake/ament_cmake_export_dependencies-extras.cmake
[11.320s] -- Up-to-date symlink: /home/autoware/aichallenge2023-integration-final-main/install/autoware_adapi_v1_msgs/share/autoware_adapi_v1_msgs/cmake/ament_cmake_export_include_directories-extras.cmake
[11.320s] -- Up-to-date symlink: /home/autoware/aichallenge2023-integration-final-main/install/autoware_adapi_v1_msgs/share/autoware_adapi_v1_msgs/cmake/ament_cmake_export_libraries-extras.cmake
[11.320s] -- Up-to-date symlink: /home/autoware/aichallenge2023-integration-final-main/install/autoware_adapi_v1_msgs/share/autoware_adapi_v1_msgs/cmake/ament_cmake_export_targets-extras.cmake
[11.320s] -- Up-to-date symlink: /home/autoware/aichallenge2023-integration-final-main/install/autoware_adapi_v1_msgs/share/autoware_adapi_v1_msgs/cmake/rosidl_cmake_export_typesupport_targets-extras.cmake
[11.320s] -- Up-to-date symlink: /home/autoware/aichallenge2023-integration-final-main/install/autoware_adapi_v1_msgs/share/autoware_adapi_v1_msgs/cmake/rosidl_cmake_export_typesupport_libraries-extras.cmake
[11.320s] -- Up-to-date symlink: /home/autoware/aichallenge2023-integration-final-main/install/autoware_adapi_v1_msgs/share/autoware_adapi_v1_msgs/cmake/autoware_adapi_v1_msgsConfig.cmake
[11.321s] -- Up-to-date symlink: /home/autoware/aichallenge2023-integration-final-main/install/autoware_adapi_v1_msgs/share/autoware_adapi_v1_msgs/cmake/autoware_adapi_v1_msgsConfig-version.cmake
[11.321s] -- Up-to-date symlink: /home/autoware/aichallenge2023-integration-final-main/install/autoware_adapi_v1_msgs/share/autoware_adapi_v1_msgs/package.xml
[11.321s] -- Up-to-date: /home/autoware/aichallenge2023-integration-final-main/install/autoware_adapi_v1_msgs/lib/libautoware_adapi_v1_msgs__rosidl_generator_c.so
[11.321s] -- Up-to-date: /home/autoware/aichallenge2023-integration-final-main/install/autoware_adapi_v1_msgs/lib/libautoware_adapi_v1_msgs__rosidl_typesupport_fastrtps_c.so
[11.321s] -- Up-to-date: /home/autoware/aichallenge2023-integration-final-main/install/autoware_adapi_v1_msgs/lib/libautoware_adapi_v1_msgs__rosidl_typesupport_introspection_c.so
[11.321s] -- Up-to-date: /home/autoware/aichallenge2023-integration-final-main/install/autoware_adapi_v1_msgs/lib/libautoware_adapi_v1_msgs__rosidl_typesupport_c.so
[11.321s] -- Up-to-date: /home/autoware/aichallenge2023-integration-final-main/install/autoware_adapi_v1_msgs/lib/libautoware_adapi_v1_msgs__rosidl_typesupport_fastrtps_cpp.so
[11.321s] -- Up-to-date: /home/autoware/aichallenge2023-integration-final-main/install/autoware_adapi_v1_msgs/lib/libautoware_adapi_v1_msgs__rosidl_typesupport_introspection_cpp.so
[11.321s] -- Up-to-date: /home/autoware/aichallenge2023-integration-final-main/install/autoware_adapi_v1_msgs/lib/libautoware_adapi_v1_msgs__rosidl_typesupport_cpp.so
[11.405s] Listing '/home/autoware/aichallenge2023-integration-final-main/install/autoware_adapi_v1_msgs/local/lib/python3.10/dist-packages/autoware_adapi_v1_msgs'...
[11.405s] Compiling '/home/autoware/aichallenge2023-integration-final-main/install/autoware_adapi_v1_msgs/local/lib/python3.10/dist-packages/autoware_adapi_v1_msgs/__init__.py'...
[11.405s] Listing '/home/autoware/aichallenge2023-integration-final-main/install/autoware_adapi_v1_msgs/local/lib/python3.10/dist-packages/autoware_adapi_v1_msgs/msg'...
[11.405s] Listing '/home/autoware/aichallenge2023-integration-final-main/install/autoware_adapi_v1_msgs/local/lib/python3.10/dist-packages/autoware_adapi_v1_msgs/srv'...
[11.406s] -- Up-to-date: /home/autoware/aichallenge2023-integration-final-main/install/autoware_adapi_v1_msgs/lib/libautoware_adapi_v1_msgs__rosidl_generator_py.so
[11.413s] -- Up-to-date: /home/autoware/aichallenge2023-integration-final-main/install/autoware_adapi_v1_msgs/share/autoware_adapi_v1_msgs/cmake/export_autoware_adapi_v1_msgs__rosidl_generator_cExport.cmake
[11.413s] -- Up-to-date: /home/autoware/aichallenge2023-integration-final-main/install/autoware_adapi_v1_msgs/share/autoware_adapi_v1_msgs/cmake/export_autoware_adapi_v1_msgs__rosidl_generator_cExport-release.cmake
[11.413s] -- Up-to-date: /home/autoware/aichallenge2023-integration-final-main/install/autoware_adapi_v1_msgs/share/autoware_adapi_v1_msgs/cmake/export_autoware_adapi_v1_msgs__rosidl_typesupport_fastrtps_cExport.cmake
[11.413s] -- Up-to-date: /home/autoware/aichallenge2023-integration-final-main/install/autoware_adapi_v1_msgs/share/autoware_adapi_v1_msgs/cmake/export_autoware_adapi_v1_msgs__rosidl_typesupport_fastrtps_cExport-release.cmake
[11.413s] -- Up-to-date: /home/autoware/aichallenge2023-integration-final-main/install/autoware_adapi_v1_msgs/share/autoware_adapi_v1_msgs/cmake/autoware_adapi_v1_msgs__rosidl_typesupport_introspection_cExport.cmake
[11.413s] -- Up-to-date: /home/autoware/aichallenge2023-integration-final-main/install/autoware_adapi_v1_msgs/share/autoware_adapi_v1_msgs/cmake/autoware_adapi_v1_msgs__rosidl_typesupport_introspection_cExport-release.cmake
[11.413s] -- Up-to-date: /home/autoware/aichallenge2023-integration-final-main/install/autoware_adapi_v1_msgs/share/autoware_adapi_v1_msgs/cmake/autoware_adapi_v1_msgs__rosidl_typesupport_cExport.cmake
[11.414s] -- Up-to-date: /home/autoware/aichallenge2023-integration-final-main/install/autoware_adapi_v1_msgs/share/autoware_adapi_v1_msgs/cmake/autoware_adapi_v1_msgs__rosidl_typesupport_cExport-release.cmake
[11.414s] -- Up-to-date: /home/autoware/aichallenge2023-integration-final-main/install/autoware_adapi_v1_msgs/share/autoware_adapi_v1_msgs/cmake/export_autoware_adapi_v1_msgs__rosidl_generator_cppExport.cmake
[11.414s] -- Up-to-date: /home/autoware/aichallenge2023-integration-final-main/install/autoware_adapi_v1_msgs/share/autoware_adapi_v1_msgs/cmake/export_autoware_adapi_v1_msgs__rosidl_typesupport_fastrtps_cppExport.cmake
[11.414s] -- Up-to-date: /home/autoware/aichallenge2023-integration-final-main/install/autoware_adapi_v1_msgs/share/autoware_adapi_v1_msgs/cmake/export_autoware_adapi_v1_msgs__rosidl_typesupport_fastrtps_cppExport-release.cmake
[11.414s] -- Up-to-date: /home/autoware/aichallenge2023-integration-final-main/install/autoware_adapi_v1_msgs/share/autoware_adapi_v1_msgs/cmake/autoware_adapi_v1_msgs__rosidl_typesupport_introspection_cppExport.cmake
[11.414s] -- Up-to-date: /home/autoware/aichallenge2023-integration-final-main/install/autoware_adapi_v1_msgs/share/autoware_adapi_v1_msgs/cmake/autoware_adapi_v1_msgs__rosidl_typesupport_introspection_cppExport-release.cmake
[11.414s] -- Up-to-date: /home/autoware/aichallenge2023-integration-final-main/install/autoware_adapi_v1_msgs/share/autoware_adapi_v1_msgs/cmake/autoware_adapi_v1_msgs__rosidl_typesupport_cppExport.cmake
[11.414s] -- Up-to-date: /home/autoware/aichallenge2023-integration-final-main/install/autoware_adapi_v1_msgs/share/autoware_adapi_v1_msgs/cmake/autoware_adapi_v1_msgs__rosidl_typesupport_cppExport-release.cmake
[11.414s] -- Up-to-date: /home/autoware/aichallenge2023-integration-final-main/install/autoware_adapi_v1_msgs/share/autoware_adapi_v1_msgs/cmake/export_autoware_adapi_v1_msgs__rosidl_generator_pyExport.cmake
[11.414s] -- Up-to-date: /home/autoware/aichallenge2023-integration-final-main/install/autoware_adapi_v1_msgs/share/autoware_adapi_v1_msgs/cmake/export_autoware_adapi_v1_msgs__rosidl_generator_pyExport-release.cmake
[11.467s] Invoked command in '/home/autoware/aichallenge2023-integration-final-main/build/autoware_adapi_v1_msgs' returned '0': CMAKE_PREFIX_PATH=${CMAKE_PREFIX_PATH}:/home/autoware/autoware/install/simulator_compatibility_test:/home/autoware/autoware/install/ad_api_visualizers:/opt/ros/humble /usr/bin/cmake --install /home/autoware/aichallenge2023-integration-final-main/build/autoware_adapi_v1_msgs
