-- Found autoware_cmake: 0.1.0 (/home/autoware/aichallenge2023-integration-final-main/install/autoware_cmake/share/autoware_cmake/cmake)
-- Override CMake install command with custom implementation using symlinks instead of copying resources
-- Found rosidl_generator_c: 3.1.5 (/opt/ros/humble/share/rosidl_generator_c/cmake)
-- Found rosidl_adapter: 3.1.5 (/opt/ros/humble/share/rosidl_adapter/cmake)
-- Found rosidl_generator_cpp: 3.1.5 (/opt/ros/humble/share/rosidl_generator_cpp/cmake)
-- Using all available rosidl_typesupport_c: rosidl_typesupport_fastrtps_c;rosidl_typesupport_introspection_c
-- Using all available rosidl_typesupport_cpp: rosidl_typesupport_fastrtps_cpp;rosidl_typesupport_introspection_cpp
-- Found rmw_implementation_cmake: 6.1.1 (/opt/ros/humble/share/rmw_implementation_cmake/cmake)
-- Found rmw_cyclonedds_cpp: 1.3.4 (/opt/ros/humble/share/rmw_cyclonedds_cpp/cmake)
-- Using RMW implementation 'rmw_cyclonedds_cpp' as default
-- Found eigen3_cmake_module: 0.1.1 (/opt/ros/humble/share/eigen3_cmake_module/cmake)
-- Ensuring Eigen3 include directory is part of orocos-kdl CMake target
-- Found ament_lint_auto: 0.12.7 (/opt/ros/humble/share/ament_lint_auto/cmake)
-- Added test 'copyright' to check source files copyright and LICENSE
-- Added test 'cppcheck' to perform static code analysis on C / C++ code
-- Configured cppcheck include dirs: 
-- Configured cppcheck exclude dirs and/or files: 
-- Added test 'lint_cmake' to check CMake code style
-- Added test 'xmllint' to check XML markup files
-- Configuring done
-- Generating done
-- Build files have been written to: /home/autoware/aichallenge2023-integration-final-main/build/ad_api_adaptors
[35m[1mConsolidate compiler generated dependencies of target initial_pose_adaptor[0m
[ 25%] [32mBuilding CXX object CMakeFiles/initial_pose_adaptor.dir/src/initial_pose_adaptor.cpp.o[0m
[ 50%] [32m[1mLinking CXX executable initial_pose_adaptor[0m
[ 50%] Built target initial_pose_adaptor
[35m[1mConsolidate compiler generated dependencies of target routing_adaptor[0m
[ 75%] [32mBuilding CXX object CMakeFiles/routing_adaptor.dir/src/routing_adaptor.cpp.o[0m
[100%] [32m[1mLinking CXX executable routing_adaptor[0m
[100%] Built target routing_adaptor
-- Install configuration: "Release"
-- Execute custom install script
-- Up-to-date symlink: /home/autoware/aichallenge2023-integration-final-main/install/ad_api_adaptors/lib/ad_api_adaptors/initial_pose_adaptor
-- Up-to-date symlink: /home/autoware/aichallenge2023-integration-final-main/install/ad_api_adaptors/lib/ad_api_adaptors/routing_adaptor
-- Up-to-date symlink: /home/autoware/aichallenge2023-integration-final-main/install/ad_api_adaptors/share/ad_api_adaptors/config/initial_pose.param.yaml
-- Up-to-date symlink: /home/autoware/aichallenge2023-integration-final-main/install/ad_api_adaptors/share/ad_api_adaptors/launch/rviz_adaptors.launch.xml
-- Up-to-date symlink: /home/autoware/aichallenge2023-integration-final-main/install/ad_api_adaptors/share/ament_index/resource_index/package_run_dependencies/ad_api_adaptors
-- Up-to-date symlink: /home/autoware/aichallenge2023-integration-final-main/install/ad_api_adaptors/share/ament_index/resource_index/parent_prefix_path/ad_api_adaptors
-- Up-to-date symlink: /home/autoware/aichallenge2023-integration-final-main/install/ad_api_adaptors/share/ad_api_adaptors/environment/ament_prefix_path.sh
-- Up-to-date symlink: /home/autoware/aichallenge2023-integration-final-main/install/ad_api_adaptors/share/ad_api_adaptors/environment/ament_prefix_path.dsv
-- Up-to-date symlink: /home/autoware/aichallenge2023-integration-final-main/install/ad_api_adaptors/share/ad_api_adaptors/environment/path.sh
-- Up-to-date symlink: /home/autoware/aichallenge2023-integration-final-main/install/ad_api_adaptors/share/ad_api_adaptors/environment/path.dsv
-- Up-to-date symlink: /home/autoware/aichallenge2023-integration-final-main/install/ad_api_adaptors/share/ad_api_adaptors/local_setup.bash
-- Up-to-date symlink: /home/autoware/aichallenge2023-integration-final-main/install/ad_api_adaptors/share/ad_api_adaptors/local_setup.sh
-- Up-to-date symlink: /home/autoware/aichallenge2023-integration-final-main/install/ad_api_adaptors/share/ad_api_adaptors/local_setup.zsh
-- Up-to-date symlink: /home/autoware/aichallenge2023-integration-final-main/install/ad_api_adaptors/share/ad_api_adaptors/local_setup.dsv
-- Symlinking: /home/autoware/aichallenge2023-integration-final-main/install/ad_api_adaptors/share/ad_api_adaptors/package.dsv
-- Up-to-date symlink: /home/autoware/aichallenge2023-integration-final-main/install/ad_api_adaptors/share/ament_index/resource_index/packages/ad_api_adaptors
-- Up-to-date symlink: /home/autoware/aichallenge2023-integration-final-main/install/ad_api_adaptors/share/ad_api_adaptors/cmake/ament_cmake_export_dependencies-extras.cmake
-- Up-to-date symlink: /home/autoware/aichallenge2023-integration-final-main/install/ad_api_adaptors/share/ad_api_adaptors/cmake/ad_api_adaptorsConfig.cmake
-- Up-to-date symlink: /home/autoware/aichallenge2023-integration-final-main/install/ad_api_adaptors/share/ad_api_adaptors/cmake/ad_api_adaptorsConfig-version.cmake
-- Up-to-date symlink: /home/autoware/aichallenge2023-integration-final-main/install/ad_api_adaptors/share/ad_api_adaptors/package.xml
