-- Found ament_cmake: 1.3.5 (/opt/ros/humble/share/ament_cmake/cmake)
-- Override CMake install command with custom implementation using symlinks instead of copying resources
-- Found builtin_interfaces: 1.2.1 (/opt/ros/humble/share/builtin_interfaces/cmake)
-- Found rosidl_generator_c: 3.1.5 (/opt/ros/humble/share/rosidl_generator_c/cmake)
-- Found rosidl_adapter: 3.1.5 (/opt/ros/humble/share/rosidl_adapter/cmake)
-- Found rosidl_generator_cpp: 3.1.5 (/opt/ros/humble/share/rosidl_generator_cpp/cmake)
-- Using all available rosidl_typesupport_c: rosidl_typesupport_fastrtps_c;rosidl_typesupport_introspection_c
-- Using all available rosidl_typesupport_cpp: rosidl_typesupport_fastrtps_cpp;rosidl_typesupport_introspection_cpp
-- Found rosidl_default_generators: 1.2.0 (/opt/ros/humble/share/rosidl_default_generators/cmake)
-- Found std_msgs: 4.2.3 (/opt/ros/humble/share/std_msgs/cmake)
-- Found ament_cmake_cppcheck: 0.12.7 (/opt/ros/humble/share/ament_cmake_cppcheck/cmake)
-- Found ament_cmake_cpplint: 0.12.7 (/opt/ros/humble/share/ament_cmake_cpplint/cmake)
-- Found ament_cmake_uncrustify: 0.12.7 (/opt/ros/humble/share/ament_cmake_uncrustify/cmake)
-- Found ament_cmake_ros: 0.10.0 (/opt/ros/humble/share/ament_cmake_ros/cmake)
-- Using all available rosidl_typesupport_c: rosidl_typesupport_fastrtps_c;rosidl_typesupport_introspection_c
-- Using all available rosidl_typesupport_cpp: rosidl_typesupport_fastrtps_cpp;rosidl_typesupport_introspection_cpp
-- Found python_cmake_module: 0.10.0 (/opt/ros/humble/share/python_cmake_module/cmake)
-- Using PYTHON_EXECUTABLE: /usr/bin/python3
-- Using PYTHON_INCLUDE_DIRS: /usr/include/python3.10
-- Using PYTHON_LIBRARIES: /usr/lib/x86_64-linux-gnu/libpython3.10.so
-- Found ament_cmake_flake8: 0.12.7 (/opt/ros/humble/share/ament_cmake_flake8/cmake)
-- Found ament_cmake_pep257: 0.12.7 (/opt/ros/humble/share/ament_cmake_pep257/cmake)
-- Found ament_lint_auto: 0.12.7 (/opt/ros/humble/share/ament_lint_auto/cmake)
-- Added test 'copyright' to check source files copyright and LICENSE
-- Added test 'lint_cmake' to check CMake code style
-- Added test 'xmllint' to check XML markup files
-- Configuring done
-- Generating done
-- Build files have been written to: /home/autoware/aichallenge2023-integration-final-main/build/velodyne_msgs
Consolidate compiler generated dependencies of target velodyne_msgs__rosidl_generator_c
[ 10%] Built target velodyne_msgs__rosidl_generator_c
[ 12%] Built target velodyne_msgs__cpp
Consolidate compiler generated dependencies of target velodyne_msgs__rosidl_typesupport_fastrtps_c
[ 12%] Built target ament_cmake_python_symlink_velodyne_msgs
Consolidate compiler generated dependencies of target velodyne_msgs__rosidl_typesupport_c
Consolidate compiler generated dependencies of target velodyne_msgs__rosidl_typesupport_introspection_c
Consolidate compiler generated dependencies of target velodyne_msgs__rosidl_typesupport_introspection_cpp
[ 23%] Built target velodyne_msgs__rosidl_typesupport_c
[ 33%] Built target velodyne_msgs__rosidl_typesupport_fastrtps_c
Consolidate compiler generated dependencies of target velodyne_msgs__rosidl_typesupport_cpp
Consolidate compiler generated dependencies of target velodyne_msgs__rosidl_typesupport_fastrtps_cpp
[ 43%] Built target velodyne_msgs__rosidl_typesupport_introspection_cpp
[ 53%] Built target velodyne_msgs__rosidl_typesupport_introspection_c
[ 64%] Built target velodyne_msgs__rosidl_typesupport_cpp
[ 74%] Built target velodyne_msgs__rosidl_typesupport_fastrtps_cpp
[ 74%] Built target velodyne_msgs
running egg_info
writing velodyne_msgs.egg-info/PKG-INFO
writing dependency_links to velodyne_msgs.egg-info/dependency_links.txt
writing top-level names to velodyne_msgs.egg-info/top_level.txt
reading manifest file 'velodyne_msgs.egg-info/SOURCES.txt'
writing manifest file 'velodyne_msgs.egg-info/SOURCES.txt'
[ 74%] Built target ament_cmake_python_build_velodyne_msgs_egg
[ 76%] Built target velodyne_msgs__py
Consolidate compiler generated dependencies of target velodyne_msgs__rosidl_generator_py
[ 84%] Built target velodyne_msgs__rosidl_generator_py
Consolidate compiler generated dependencies of target velodyne_msgs__rosidl_typesupport_fastrtps_c__pyext
Consolidate compiler generated dependencies of target velodyne_msgs__rosidl_typesupport_c__pyext
Consolidate compiler generated dependencies of target velodyne_msgs__rosidl_typesupport_introspection_c__pyext
[ 89%] Built target velodyne_msgs__rosidl_typesupport_introspection_c__pyext
[ 94%] Built target velodyne_msgs__rosidl_typesupport_fastrtps_c__pyext
[100%] Built target velodyne_msgs__rosidl_typesupport_c__pyext
-- Install configuration: "Release"
-- Execute custom install script
-- Up-to-date symlink: /home/autoware/aichallenge2023-integration-final-main/install/velodyne_msgs/share/ament_index/resource_index/rosidl_interfaces/velodyne_msgs
-- Up-to-date symlink: /home/autoware/aichallenge2023-integration-final-main/install/velodyne_msgs/include/velodyne_msgs/velodyne_msgs/msg/detail/velodyne_packet__functions.h
-- Up-to-date symlink: /home/autoware/aichallenge2023-integration-final-main/install/velodyne_msgs/include/velodyne_msgs/velodyne_msgs/msg/detail/velodyne_packet__struct.h
-- Up-to-date symlink: /home/autoware/aichallenge2023-integration-final-main/install/velodyne_msgs/include/velodyne_msgs/velodyne_msgs/msg/detail/velodyne_packet__type_support.h
-- Up-to-date symlink: /home/autoware/aichallenge2023-integration-final-main/install/velodyne_msgs/include/velodyne_msgs/velodyne_msgs/msg/detail/velodyne_scan__functions.h
-- Up-to-date symlink: /home/autoware/aichallenge2023-integration-final-main/install/velodyne_msgs/include/velodyne_msgs/velodyne_msgs/msg/detail/velodyne_scan__struct.h
-- Up-to-date symlink: /home/autoware/aichallenge2023-integration-final-main/install/velodyne_msgs/include/velodyne_msgs/velodyne_msgs/msg/detail/velodyne_scan__type_support.h
-- Up-to-date symlink: /home/autoware/aichallenge2023-integration-final-main/install/velodyne_msgs/include/velodyne_msgs/velodyne_msgs/msg/rosidl_generator_c__visibility_control.h
-- Up-to-date symlink: /home/autoware/aichallenge2023-integration-final-main/install/velodyne_msgs/include/velodyne_msgs/velodyne_msgs/msg/velodyne_packet.h
-- Up-to-date symlink: /home/autoware/aichallenge2023-integration-final-main/install/velodyne_msgs/include/velodyne_msgs/velodyne_msgs/msg/velodyne_scan.h
-- Up-to-date symlink: /home/autoware/aichallenge2023-integration-final-main/install/velodyne_msgs/share/velodyne_msgs/environment/library_path.sh
-- Up-to-date symlink: /home/autoware/aichallenge2023-integration-final-main/install/velodyne_msgs/share/velodyne_msgs/environment/library_path.dsv
-- Up-to-date symlink: /home/autoware/aichallenge2023-integration-final-main/install/velodyne_msgs/include/velodyne_msgs/velodyne_msgs/msg/detail/velodyne_packet__rosidl_typesupport_fastrtps_c.h
-- Up-to-date symlink: /home/autoware/aichallenge2023-integration-final-main/install/velodyne_msgs/include/velodyne_msgs/velodyne_msgs/msg/detail/velodyne_scan__rosidl_typesupport_fastrtps_c.h
-- Up-to-date symlink: /home/autoware/aichallenge2023-integration-final-main/install/velodyne_msgs/include/velodyne_msgs/velodyne_msgs/msg/rosidl_typesupport_fastrtps_c__visibility_control.h
-- Up-to-date symlink: /home/autoware/aichallenge2023-integration-final-main/install/velodyne_msgs/include/velodyne_msgs/velodyne_msgs/msg/detail/velodyne_packet__builder.hpp
-- Up-to-date symlink: /home/autoware/aichallenge2023-integration-final-main/install/velodyne_msgs/include/velodyne_msgs/velodyne_msgs/msg/detail/velodyne_packet__struct.hpp
-- Up-to-date symlink: /home/autoware/aichallenge2023-integration-final-main/install/velodyne_msgs/include/velodyne_msgs/velodyne_msgs/msg/detail/velodyne_packet__traits.hpp
-- Up-to-date symlink: /home/autoware/aichallenge2023-integration-final-main/install/velodyne_msgs/include/velodyne_msgs/velodyne_msgs/msg/detail/velodyne_scan__builder.hpp
-- Up-to-date symlink: /home/autoware/aichallenge2023-integration-final-main/install/velodyne_msgs/include/velodyne_msgs/velodyne_msgs/msg/detail/velodyne_scan__struct.hpp
-- Up-to-date symlink: /home/autoware/aichallenge2023-integration-final-main/install/velodyne_msgs/include/velodyne_msgs/velodyne_msgs/msg/detail/velodyne_scan__traits.hpp
-- Up-to-date symlink: /home/autoware/aichallenge2023-integration-final-main/install/velodyne_msgs/include/velodyne_msgs/velodyne_msgs/msg/velodyne_packet.hpp
-- Up-to-date symlink: /home/autoware/aichallenge2023-integration-final-main/install/velodyne_msgs/include/velodyne_msgs/velodyne_msgs/msg/velodyne_scan.hpp
-- Up-to-date symlink: /home/autoware/aichallenge2023-integration-final-main/install/velodyne_msgs/include/velodyne_msgs/velodyne_msgs/msg/detail/velodyne_packet__rosidl_typesupport_fastrtps_cpp.hpp
-- Up-to-date symlink: /home/autoware/aichallenge2023-integration-final-main/install/velodyne_msgs/include/velodyne_msgs/velodyne_msgs/msg/detail/velodyne_scan__rosidl_typesupport_fastrtps_cpp.hpp
-- Up-to-date symlink: /home/autoware/aichallenge2023-integration-final-main/install/velodyne_msgs/include/velodyne_msgs/velodyne_msgs/msg/rosidl_typesupport_fastrtps_cpp__visibility_control.h
-- Up-to-date symlink: /home/autoware/aichallenge2023-integration-final-main/install/velodyne_msgs/include/velodyne_msgs/velodyne_msgs/msg/detail/velodyne_packet__rosidl_typesupport_introspection_c.h
-- Up-to-date symlink: /home/autoware/aichallenge2023-integration-final-main/install/velodyne_msgs/include/velodyne_msgs/velodyne_msgs/msg/detail/velodyne_scan__rosidl_typesupport_introspection_c.h
-- Up-to-date symlink: /home/autoware/aichallenge2023-integration-final-main/install/velodyne_msgs/include/velodyne_msgs/velodyne_msgs/msg/rosidl_typesupport_introspection_c__visibility_control.h
-- Up-to-date symlink: /home/autoware/aichallenge2023-integration-final-main/install/velodyne_msgs/include/velodyne_msgs/velodyne_msgs/msg/detail/velodyne_packet__rosidl_typesupport_introspection_cpp.hpp
-- Up-to-date symlink: /home/autoware/aichallenge2023-integration-final-main/install/velodyne_msgs/include/velodyne_msgs/velodyne_msgs/msg/detail/velodyne_scan__rosidl_typesupport_introspection_cpp.hpp
-- Up-to-date symlink: /home/autoware/aichallenge2023-integration-final-main/install/velodyne_msgs/share/velodyne_msgs/environment/pythonpath.sh
-- Up-to-date symlink: /home/autoware/aichallenge2023-integration-final-main/install/velodyne_msgs/share/velodyne_msgs/environment/pythonpath.dsv
-- Up-to-date symlink: /home/autoware/aichallenge2023-integration-final-main/install/velodyne_msgs/local/lib/python3.10/dist-packages/velodyne_msgs-2.1.0-py3.10.egg-info/PKG-INFO
-- Up-to-date symlink: /home/autoware/aichallenge2023-integration-final-main/install/velodyne_msgs/local/lib/python3.10/dist-packages/velodyne_msgs-2.1.0-py3.10.egg-info/SOURCES.txt
-- Up-to-date symlink: /home/autoware/aichallenge2023-integration-final-main/install/velodyne_msgs/local/lib/python3.10/dist-packages/velodyne_msgs-2.1.0-py3.10.egg-info/dependency_links.txt
-- Up-to-date symlink: /home/autoware/aichallenge2023-integration-final-main/install/velodyne_msgs/local/lib/python3.10/dist-packages/velodyne_msgs-2.1.0-py3.10.egg-info/top_level.txt
-- Up-to-date symlink: /home/autoware/aichallenge2023-integration-final-main/install/velodyne_msgs/local/lib/python3.10/dist-packages/velodyne_msgs/__init__.py
-- Up-to-date symlink: /home/autoware/aichallenge2023-integration-final-main/install/velodyne_msgs/local/lib/python3.10/dist-packages/velodyne_msgs/_velodyne_msgs_s.ep.rosidl_typesupport_c.c
-- Up-to-date symlink: /home/autoware/aichallenge2023-integration-final-main/install/velodyne_msgs/local/lib/python3.10/dist-packages/velodyne_msgs/_velodyne_msgs_s.ep.rosidl_typesupport_fastrtps_c.c
-- Up-to-date symlink: /home/autoware/aichallenge2023-integration-final-main/install/velodyne_msgs/local/lib/python3.10/dist-packages/velodyne_msgs/_velodyne_msgs_s.ep.rosidl_typesupport_introspection_c.c
-- Up-to-date symlink: /home/autoware/aichallenge2023-integration-final-main/install/velodyne_msgs/local/lib/python3.10/dist-packages/velodyne_msgs/libvelodyne_msgs__rosidl_generator_py.so
-- Up-to-date symlink: /home/autoware/aichallenge2023-integration-final-main/install/velodyne_msgs/local/lib/python3.10/dist-packages/velodyne_msgs/msg/__init__.py
-- Up-to-date symlink: /home/autoware/aichallenge2023-integration-final-main/install/velodyne_msgs/local/lib/python3.10/dist-packages/velodyne_msgs/msg/_velodyne_packet.py
-- Up-to-date symlink: /home/autoware/aichallenge2023-integration-final-main/install/velodyne_msgs/local/lib/python3.10/dist-packages/velodyne_msgs/msg/_velodyne_packet_s.c
-- Up-to-date symlink: /home/autoware/aichallenge2023-integration-final-main/install/velodyne_msgs/local/lib/python3.10/dist-packages/velodyne_msgs/msg/_velodyne_scan.py
-- Up-to-date symlink: /home/autoware/aichallenge2023-integration-final-main/install/velodyne_msgs/local/lib/python3.10/dist-packages/velodyne_msgs/msg/_velodyne_scan_s.c
-- Up-to-date symlink: /home/autoware/aichallenge2023-integration-final-main/install/velodyne_msgs/local/lib/python3.10/dist-packages/velodyne_msgs/velodyne_msgs_s__rosidl_typesupport_c.cpython-310-x86_64-linux-gnu.so
-- Up-to-date symlink: /home/autoware/aichallenge2023-integration-final-main/install/velodyne_msgs/local/lib/python3.10/dist-packages/velodyne_msgs/velodyne_msgs_s__rosidl_typesupport_fastrtps_c.cpython-310-x86_64-linux-gnu.so
-- Up-to-date symlink: /home/autoware/aichallenge2023-integration-final-main/install/velodyne_msgs/local/lib/python3.10/dist-packages/velodyne_msgs/velodyne_msgs_s__rosidl_typesupport_introspection_c.cpython-310-x86_64-linux-gnu.so
-- Up-to-date symlink: /home/autoware/aichallenge2023-integration-final-main/install/velodyne_msgs/local/lib/python3.10/dist-packages/velodyne_msgs/velodyne_msgs_s__rosidl_typesupport_fastrtps_c.cpython-310-x86_64-linux-gnu.so
-- Up-to-date symlink: /home/autoware/aichallenge2023-integration-final-main/install/velodyne_msgs/local/lib/python3.10/dist-packages/velodyne_msgs/velodyne_msgs_s__rosidl_typesupport_introspection_c.cpython-310-x86_64-linux-gnu.so
-- Up-to-date symlink: /home/autoware/aichallenge2023-integration-final-main/install/velodyne_msgs/local/lib/python3.10/dist-packages/velodyne_msgs/velodyne_msgs_s__rosidl_typesupport_c.cpython-310-x86_64-linux-gnu.so
-- Up-to-date symlink: /home/autoware/aichallenge2023-integration-final-main/install/velodyne_msgs/share/velodyne_msgs/msg/VelodynePacket.idl
-- Up-to-date symlink: /home/autoware/aichallenge2023-integration-final-main/install/velodyne_msgs/share/velodyne_msgs/msg/VelodyneScan.idl
-- Up-to-date symlink: /home/autoware/aichallenge2023-integration-final-main/install/velodyne_msgs/share/velodyne_msgs/msg/VelodynePacket.msg
-- Up-to-date symlink: /home/autoware/aichallenge2023-integration-final-main/install/velodyne_msgs/share/velodyne_msgs/msg/VelodyneScan.msg
-- Up-to-date symlink: /home/autoware/aichallenge2023-integration-final-main/install/velodyne_msgs/share/ament_index/resource_index/package_run_dependencies/velodyne_msgs
-- Up-to-date symlink: /home/autoware/aichallenge2023-integration-final-main/install/velodyne_msgs/share/ament_index/resource_index/parent_prefix_path/velodyne_msgs
-- Up-to-date symlink: /home/autoware/aichallenge2023-integration-final-main/install/velodyne_msgs/share/velodyne_msgs/environment/ament_prefix_path.sh
-- Up-to-date symlink: /home/autoware/aichallenge2023-integration-final-main/install/velodyne_msgs/share/velodyne_msgs/environment/ament_prefix_path.dsv
-- Up-to-date symlink: /home/autoware/aichallenge2023-integration-final-main/install/velodyne_msgs/share/velodyne_msgs/environment/path.sh
-- Up-to-date symlink: /home/autoware/aichallenge2023-integration-final-main/install/velodyne_msgs/share/velodyne_msgs/environment/path.dsv
-- Up-to-date symlink: /home/autoware/aichallenge2023-integration-final-main/install/velodyne_msgs/share/velodyne_msgs/local_setup.bash
-- Up-to-date symlink: /home/autoware/aichallenge2023-integration-final-main/install/velodyne_msgs/share/velodyne_msgs/local_setup.sh
-- Up-to-date symlink: /home/autoware/aichallenge2023-integration-final-main/install/velodyne_msgs/share/velodyne_msgs/local_setup.zsh
-- Up-to-date symlink: /home/autoware/aichallenge2023-integration-final-main/install/velodyne_msgs/share/velodyne_msgs/local_setup.dsv
-- Symlinking: /home/autoware/aichallenge2023-integration-final-main/install/velodyne_msgs/share/velodyne_msgs/package.dsv
-- Up-to-date symlink: /home/autoware/aichallenge2023-integration-final-main/install/velodyne_msgs/share/ament_index/resource_index/packages/velodyne_msgs
-- Up-to-date symlink: /home/autoware/aichallenge2023-integration-final-main/install/velodyne_msgs/share/velodyne_msgs/cmake/rosidl_cmake-extras.cmake
-- Up-to-date symlink: /home/autoware/aichallenge2023-integration-final-main/install/velodyne_msgs/share/velodyne_msgs/cmake/ament_cmake_export_dependencies-extras.cmake
-- Up-to-date symlink: /home/autoware/aichallenge2023-integration-final-main/install/velodyne_msgs/share/velodyne_msgs/cmake/ament_cmake_export_include_directories-extras.cmake
-- Up-to-date symlink: /home/autoware/aichallenge2023-integration-final-main/install/velodyne_msgs/share/velodyne_msgs/cmake/ament_cmake_export_libraries-extras.cmake
-- Up-to-date symlink: /home/autoware/aichallenge2023-integration-final-main/install/velodyne_msgs/share/velodyne_msgs/cmake/ament_cmake_export_targets-extras.cmake
-- Up-to-date symlink: /home/autoware/aichallenge2023-integration-final-main/install/velodyne_msgs/share/velodyne_msgs/cmake/rosidl_cmake_export_typesupport_targets-extras.cmake
-- Up-to-date symlink: /home/autoware/aichallenge2023-integration-final-main/install/velodyne_msgs/share/velodyne_msgs/cmake/rosidl_cmake_export_typesupport_libraries-extras.cmake
-- Up-to-date symlink: /home/autoware/aichallenge2023-integration-final-main/install/velodyne_msgs/share/velodyne_msgs/cmake/velodyne_msgsConfig.cmake
-- Up-to-date symlink: /home/autoware/aichallenge2023-integration-final-main/install/velodyne_msgs/share/velodyne_msgs/cmake/velodyne_msgsConfig-version.cmake
-- Up-to-date symlink: /home/autoware/aichallenge2023-integration-final-main/install/velodyne_msgs/share/velodyne_msgs/package.xml
-- Up-to-date: /home/autoware/aichallenge2023-integration-final-main/install/velodyne_msgs/lib/libvelodyne_msgs__rosidl_generator_c.so
-- Up-to-date: /home/autoware/aichallenge2023-integration-final-main/install/velodyne_msgs/lib/libvelodyne_msgs__rosidl_typesupport_fastrtps_c.so
-- Up-to-date: /home/autoware/aichallenge2023-integration-final-main/install/velodyne_msgs/lib/libvelodyne_msgs__rosidl_typesupport_fastrtps_cpp.so
-- Up-to-date: /home/autoware/aichallenge2023-integration-final-main/install/velodyne_msgs/lib/libvelodyne_msgs__rosidl_typesupport_introspection_c.so
-- Up-to-date: /home/autoware/aichallenge2023-integration-final-main/install/velodyne_msgs/lib/libvelodyne_msgs__rosidl_typesupport_c.so
-- Up-to-date: /home/autoware/aichallenge2023-integration-final-main/install/velodyne_msgs/lib/libvelodyne_msgs__rosidl_typesupport_introspection_cpp.so
-- Up-to-date: /home/autoware/aichallenge2023-integration-final-main/install/velodyne_msgs/lib/libvelodyne_msgs__rosidl_typesupport_cpp.so
Listing '/home/autoware/aichallenge2023-integration-final-main/install/velodyne_msgs/local/lib/python3.10/dist-packages/velodyne_msgs'...
Compiling '/home/autoware/aichallenge2023-integration-final-main/install/velodyne_msgs/local/lib/python3.10/dist-packages/velodyne_msgs/__init__.py'...
Listing '/home/autoware/aichallenge2023-integration-final-main/install/velodyne_msgs/local/lib/python3.10/dist-packages/velodyne_msgs/msg'...
-- Up-to-date: /home/autoware/aichallenge2023-integration-final-main/install/velodyne_msgs/lib/libvelodyne_msgs__rosidl_generator_py.so
-- Up-to-date: /home/autoware/aichallenge2023-integration-final-main/install/velodyne_msgs/share/velodyne_msgs/cmake/export_velodyne_msgs__rosidl_generator_cExport.cmake
-- Up-to-date: /home/autoware/aichallenge2023-integration-final-main/install/velodyne_msgs/share/velodyne_msgs/cmake/export_velodyne_msgs__rosidl_generator_cExport-release.cmake
-- Up-to-date: /home/autoware/aichallenge2023-integration-final-main/install/velodyne_msgs/share/velodyne_msgs/cmake/export_velodyne_msgs__rosidl_typesupport_fastrtps_cExport.cmake
-- Up-to-date: /home/autoware/aichallenge2023-integration-final-main/install/velodyne_msgs/share/velodyne_msgs/cmake/export_velodyne_msgs__rosidl_typesupport_fastrtps_cExport-release.cmake
-- Up-to-date: /home/autoware/aichallenge2023-integration-final-main/install/velodyne_msgs/share/velodyne_msgs/cmake/export_velodyne_msgs__rosidl_generator_cppExport.cmake
-- Up-to-date: /home/autoware/aichallenge2023-integration-final-main/install/velodyne_msgs/share/velodyne_msgs/cmake/export_velodyne_msgs__rosidl_typesupport_fastrtps_cppExport.cmake
-- Up-to-date: /home/autoware/aichallenge2023-integration-final-main/install/velodyne_msgs/share/velodyne_msgs/cmake/export_velodyne_msgs__rosidl_typesupport_fastrtps_cppExport-release.cmake
-- Up-to-date: /home/autoware/aichallenge2023-integration-final-main/install/velodyne_msgs/share/velodyne_msgs/cmake/velodyne_msgs__rosidl_typesupport_introspection_cExport.cmake
-- Up-to-date: /home/autoware/aichallenge2023-integration-final-main/install/velodyne_msgs/share/velodyne_msgs/cmake/velodyne_msgs__rosidl_typesupport_introspection_cExport-release.cmake
-- Up-to-date: /home/autoware/aichallenge2023-integration-final-main/install/velodyne_msgs/share/velodyne_msgs/cmake/velodyne_msgs__rosidl_typesupport_cExport.cmake
-- Up-to-date: /home/autoware/aichallenge2023-integration-final-main/install/velodyne_msgs/share/velodyne_msgs/cmake/velodyne_msgs__rosidl_typesupport_cExport-release.cmake
-- Up-to-date: /home/autoware/aichallenge2023-integration-final-main/install/velodyne_msgs/share/velodyne_msgs/cmake/velodyne_msgs__rosidl_typesupport_introspection_cppExport.cmake
-- Up-to-date: /home/autoware/aichallenge2023-integration-final-main/install/velodyne_msgs/share/velodyne_msgs/cmake/velodyne_msgs__rosidl_typesupport_introspection_cppExport-release.cmake
-- Up-to-date: /home/autoware/aichallenge2023-integration-final-main/install/velodyne_msgs/share/velodyne_msgs/cmake/velodyne_msgs__rosidl_typesupport_cppExport.cmake
-- Up-to-date: /home/autoware/aichallenge2023-integration-final-main/install/velodyne_msgs/share/velodyne_msgs/cmake/velodyne_msgs__rosidl_typesupport_cppExport-release.cmake
-- Up-to-date: /home/autoware/aichallenge2023-integration-final-main/install/velodyne_msgs/share/velodyne_msgs/cmake/export_velodyne_msgs__rosidl_generator_pyExport.cmake
-- Up-to-date: /home/autoware/aichallenge2023-integration-final-main/install/velodyne_msgs/share/velodyne_msgs/cmake/export_velodyne_msgs__rosidl_generator_pyExport-release.cmake
