[0.179s] Invoking command in '/home/autoware/aichallenge2023-integration-final-main/build/tier4_rtc_msgs': CMAKE_PREFIX_PATH=${CMAKE_PREFIX_PATH}:/home/autoware/aichallenge2023-integration-final-main/install/simulator_compatibility_test:/home/autoware/aichallenge2023-integration-final-main/install/ad_api_visualizers:/home/autoware/autoware/install/simulator_compatibility_test:/home/autoware/autoware/install/ad_api_visualizers:/opt/ros/humble /usr/bin/cmake --build /home/autoware/aichallenge2023-integration-final-main/build/tier4_rtc_msgs -- -j16 -l16
[1.144s] [  7%] Built target tier4_rtc_msgs__cpp
[1.144s] [ 12%] Built target tier4_rtc_msgs__rosidl_generator_c
[1.596s] [ 12%] Built target ament_cmake_python_symlink_tier4_rtc_msgs
[2.011s] [ 24%] Built target tier4_rtc_msgs__rosidl_typesupport_introspection_c
[2.105s] [ 36%] Built target tier4_rtc_msgs__rosidl_typesupport_cpp
[2.144s] [ 48%] Built target tier4_rtc_msgs__rosidl_typesupport_introspection_cpp
[2.167s] [ 60%] Built target tier4_rtc_msgs__rosidl_typesupport_fastrtps_c
[2.169s] [ 71%] Built target tier4_rtc_msgs__rosidl_typesupport_fastrtps_cpp
[2.256s] [ 83%] Built target tier4_rtc_msgs__rosidl_typesupport_c
[2.648s] [ 83%] Built target tier4_rtc_msgs
[2.980s] [ 84%] Built target tier4_rtc_msgs__py
[2.983s] running egg_info
[2.984s] writing tier4_rtc_msgs.egg-info/PKG-INFO
[2.984s] writing dependency_links to tier4_rtc_msgs.egg-info/dependency_links.txt
[2.984s] writing top-level names to tier4_rtc_msgs.egg-info/top_level.txt
[2.988s] reading manifest file 'tier4_rtc_msgs.egg-info/SOURCES.txt'
[2.989s] writing manifest file 'tier4_rtc_msgs.egg-info/SOURCES.txt'
[3.108s] [ 84%] Built target ament_cmake_python_build_tier4_rtc_msgs_egg
[3.275s] [ 95%] Built target tier4_rtc_msgs__rosidl_generator_py
[3.673s] [ 96%] Built target tier4_rtc_msgs__rosidl_typesupport_c__pyext
[3.701s] [ 98%] Built target tier4_rtc_msgs__rosidl_typesupport_fastrtps_c__pyext
[3.723s] [100%] Built target tier4_rtc_msgs__rosidl_typesupport_introspection_c__pyext
[3.787s] Invoked command in '/home/autoware/aichallenge2023-integration-final-main/build/tier4_rtc_msgs' returned '0': CMAKE_PREFIX_PATH=${CMAKE_PREFIX_PATH}:/home/autoware/aichallenge2023-integration-final-main/install/simulator_compatibility_test:/home/autoware/aichallenge2023-integration-final-main/install/ad_api_visualizers:/home/autoware/autoware/install/simulator_compatibility_test:/home/autoware/autoware/install/ad_api_visualizers:/opt/ros/humble /usr/bin/cmake --build /home/autoware/aichallenge2023-integration-final-main/build/tier4_rtc_msgs -- -j16 -l16
[10.695s] Invoking command in '/home/autoware/aichallenge2023-integration-final-main/build/tier4_rtc_msgs': CMAKE_PREFIX_PATH=${CMAKE_PREFIX_PATH}:/home/autoware/aichallenge2023-integration-final-main/install/simulator_compatibility_test:/home/autoware/aichallenge2023-integration-final-main/install/ad_api_visualizers:/home/autoware/autoware/install/simulator_compatibility_test:/home/autoware/autoware/install/ad_api_visualizers:/opt/ros/humble /usr/bin/cmake --install /home/autoware/aichallenge2023-integration-final-main/build/tier4_rtc_msgs
[10.769s] -- Install configuration: "Release"
[10.770s] -- Execute custom install script
[10.770s] -- Up-to-date symlink: /home/autoware/aichallenge2023-integration-final-main/install/tier4_rtc_msgs/share/ament_index/resource_index/rosidl_interfaces/tier4_rtc_msgs
[10.771s] -- Up-to-date symlink: /home/autoware/aichallenge2023-integration-final-main/install/tier4_rtc_msgs/include/tier4_rtc_msgs/tier4_rtc_msgs/msg/auto_mode_status.h
[10.771s] -- Up-to-date symlink: /home/autoware/aichallenge2023-integration-final-main/install/tier4_rtc_msgs/include/tier4_rtc_msgs/tier4_rtc_msgs/msg/auto_mode_status_array.h
[10.772s] -- Up-to-date symlink: /home/autoware/aichallenge2023-integration-final-main/install/tier4_rtc_msgs/include/tier4_rtc_msgs/tier4_rtc_msgs/msg/command.h
[10.772s] -- Up-to-date symlink: /home/autoware/aichallenge2023-integration-final-main/install/tier4_rtc_msgs/include/tier4_rtc_msgs/tier4_rtc_msgs/msg/cooperate_command.h
[10.772s] -- Up-to-date symlink: /home/autoware/aichallenge2023-integration-final-main/install/tier4_rtc_msgs/include/tier4_rtc_msgs/tier4_rtc_msgs/msg/cooperate_response.h
[10.772s] -- Up-to-date symlink: /home/autoware/aichallenge2023-integration-final-main/install/tier4_rtc_msgs/include/tier4_rtc_msgs/tier4_rtc_msgs/msg/cooperate_status.h
[10.772s] -- Up-to-date symlink: /home/autoware/aichallenge2023-integration-final-main/install/tier4_rtc_msgs/include/tier4_rtc_msgs/tier4_rtc_msgs/msg/cooperate_status_array.h
[10.772s] -- Up-to-date symlink: /home/autoware/aichallenge2023-integration-final-main/install/tier4_rtc_msgs/include/tier4_rtc_msgs/tier4_rtc_msgs/msg/detail/auto_mode_status__functions.h
[10.772s] -- Up-to-date symlink: /home/autoware/aichallenge2023-integration-final-main/install/tier4_rtc_msgs/include/tier4_rtc_msgs/tier4_rtc_msgs/msg/detail/auto_mode_status__struct.h
[10.773s] -- Up-to-date symlink: /home/autoware/aichallenge2023-integration-final-main/install/tier4_rtc_msgs/include/tier4_rtc_msgs/tier4_rtc_msgs/msg/detail/auto_mode_status__type_support.h
[10.773s] -- Up-to-date symlink: /home/autoware/aichallenge2023-integration-final-main/install/tier4_rtc_msgs/include/tier4_rtc_msgs/tier4_rtc_msgs/msg/detail/auto_mode_status_array__functions.h
[10.773s] -- Up-to-date symlink: /home/autoware/aichallenge2023-integration-final-main/install/tier4_rtc_msgs/include/tier4_rtc_msgs/tier4_rtc_msgs/msg/detail/auto_mode_status_array__struct.h
[10.773s] -- Up-to-date symlink: /home/autoware/aichallenge2023-integration-final-main/install/tier4_rtc_msgs/include/tier4_rtc_msgs/tier4_rtc_msgs/msg/detail/auto_mode_status_array__type_support.h
[10.773s] -- Up-to-date symlink: /home/autoware/aichallenge2023-integration-final-main/install/tier4_rtc_msgs/include/tier4_rtc_msgs/tier4_rtc_msgs/msg/detail/command__functions.h
[10.773s] -- Up-to-date symlink: /home/autoware/aichallenge2023-integration-final-main/install/tier4_rtc_msgs/include/tier4_rtc_msgs/tier4_rtc_msgs/msg/detail/command__struct.h
[10.774s] -- Up-to-date symlink: /home/autoware/aichallenge2023-integration-final-main/install/tier4_rtc_msgs/include/tier4_rtc_msgs/tier4_rtc_msgs/msg/detail/command__type_support.h
[10.774s] -- Up-to-date symlink: /home/autoware/aichallenge2023-integration-final-main/install/tier4_rtc_msgs/include/tier4_rtc_msgs/tier4_rtc_msgs/msg/detail/cooperate_command__functions.h
[10.774s] -- Up-to-date symlink: /home/autoware/aichallenge2023-integration-final-main/install/tier4_rtc_msgs/include/tier4_rtc_msgs/tier4_rtc_msgs/msg/detail/cooperate_command__struct.h
[10.774s] -- Up-to-date symlink: /home/autoware/aichallenge2023-integration-final-main/install/tier4_rtc_msgs/include/tier4_rtc_msgs/tier4_rtc_msgs/msg/detail/cooperate_command__type_support.h
[10.774s] -- Up-to-date symlink: /home/autoware/aichallenge2023-integration-final-main/install/tier4_rtc_msgs/include/tier4_rtc_msgs/tier4_rtc_msgs/msg/detail/cooperate_response__functions.h
[10.774s] -- Up-to-date symlink: /home/autoware/aichallenge2023-integration-final-main/install/tier4_rtc_msgs/include/tier4_rtc_msgs/tier4_rtc_msgs/msg/detail/cooperate_response__struct.h
[10.774s] -- Up-to-date symlink: /home/autoware/aichallenge2023-integration-final-main/install/tier4_rtc_msgs/include/tier4_rtc_msgs/tier4_rtc_msgs/msg/detail/cooperate_response__type_support.h
[10.775s] -- Up-to-date symlink: /home/autoware/aichallenge2023-integration-final-main/install/tier4_rtc_msgs/include/tier4_rtc_msgs/tier4_rtc_msgs/msg/detail/cooperate_status__functions.h
[10.775s] -- Up-to-date symlink: /home/autoware/aichallenge2023-integration-final-main/install/tier4_rtc_msgs/include/tier4_rtc_msgs/tier4_rtc_msgs/msg/detail/cooperate_status__struct.h
[10.775s] -- Up-to-date symlink: /home/autoware/aichallenge2023-integration-final-main/install/tier4_rtc_msgs/include/tier4_rtc_msgs/tier4_rtc_msgs/msg/detail/cooperate_status__type_support.h
[10.775s] -- Up-to-date symlink: /home/autoware/aichallenge2023-integration-final-main/install/tier4_rtc_msgs/include/tier4_rtc_msgs/tier4_rtc_msgs/msg/detail/cooperate_status_array__functions.h
[10.775s] -- Up-to-date symlink: /home/autoware/aichallenge2023-integration-final-main/install/tier4_rtc_msgs/include/tier4_rtc_msgs/tier4_rtc_msgs/msg/detail/cooperate_status_array__struct.h
[10.775s] -- Up-to-date symlink: /home/autoware/aichallenge2023-integration-final-main/install/tier4_rtc_msgs/include/tier4_rtc_msgs/tier4_rtc_msgs/msg/detail/cooperate_status_array__type_support.h
[10.775s] -- Up-to-date symlink: /home/autoware/aichallenge2023-integration-final-main/install/tier4_rtc_msgs/include/tier4_rtc_msgs/tier4_rtc_msgs/msg/detail/module__functions.h
[10.776s] -- Up-to-date symlink: /home/autoware/aichallenge2023-integration-final-main/install/tier4_rtc_msgs/include/tier4_rtc_msgs/tier4_rtc_msgs/msg/detail/module__struct.h
[10.776s] -- Up-to-date symlink: /home/autoware/aichallenge2023-integration-final-main/install/tier4_rtc_msgs/include/tier4_rtc_msgs/tier4_rtc_msgs/msg/detail/module__type_support.h
[10.776s] -- Up-to-date symlink: /home/autoware/aichallenge2023-integration-final-main/install/tier4_rtc_msgs/include/tier4_rtc_msgs/tier4_rtc_msgs/msg/module.h
[10.776s] -- Up-to-date symlink: /home/autoware/aichallenge2023-integration-final-main/install/tier4_rtc_msgs/include/tier4_rtc_msgs/tier4_rtc_msgs/msg/rosidl_generator_c__visibility_control.h
[10.776s] -- Up-to-date symlink: /home/autoware/aichallenge2023-integration-final-main/install/tier4_rtc_msgs/include/tier4_rtc_msgs/tier4_rtc_msgs/srv/auto_mode.h
[10.776s] -- Up-to-date symlink: /home/autoware/aichallenge2023-integration-final-main/install/tier4_rtc_msgs/include/tier4_rtc_msgs/tier4_rtc_msgs/srv/auto_mode_with_module.h
[10.777s] -- Up-to-date symlink: /home/autoware/aichallenge2023-integration-final-main/install/tier4_rtc_msgs/include/tier4_rtc_msgs/tier4_rtc_msgs/srv/cooperate_commands.h
[10.777s] -- Up-to-date symlink: /home/autoware/aichallenge2023-integration-final-main/install/tier4_rtc_msgs/include/tier4_rtc_msgs/tier4_rtc_msgs/srv/detail/auto_mode__functions.h
[10.777s] -- Up-to-date symlink: /home/autoware/aichallenge2023-integration-final-main/install/tier4_rtc_msgs/include/tier4_rtc_msgs/tier4_rtc_msgs/srv/detail/auto_mode__struct.h
[10.777s] -- Up-to-date symlink: /home/autoware/aichallenge2023-integration-final-main/install/tier4_rtc_msgs/include/tier4_rtc_msgs/tier4_rtc_msgs/srv/detail/auto_mode__type_support.h
[10.777s] -- Up-to-date symlink: /home/autoware/aichallenge2023-integration-final-main/install/tier4_rtc_msgs/include/tier4_rtc_msgs/tier4_rtc_msgs/srv/detail/auto_mode_with_module__functions.h
[10.777s] -- Up-to-date symlink: /home/autoware/aichallenge2023-integration-final-main/install/tier4_rtc_msgs/include/tier4_rtc_msgs/tier4_rtc_msgs/srv/detail/auto_mode_with_module__struct.h
[10.777s] -- Up-to-date symlink: /home/autoware/aichallenge2023-integration-final-main/install/tier4_rtc_msgs/include/tier4_rtc_msgs/tier4_rtc_msgs/srv/detail/auto_mode_with_module__type_support.h
[10.777s] -- Up-to-date symlink: /home/autoware/aichallenge2023-integration-final-main/install/tier4_rtc_msgs/include/tier4_rtc_msgs/tier4_rtc_msgs/srv/detail/cooperate_commands__functions.h
[10.778s] -- Up-to-date symlink: /home/autoware/aichallenge2023-integration-final-main/install/tier4_rtc_msgs/include/tier4_rtc_msgs/tier4_rtc_msgs/srv/detail/cooperate_commands__struct.h
[10.778s] -- Up-to-date symlink: /home/autoware/aichallenge2023-integration-final-main/install/tier4_rtc_msgs/include/tier4_rtc_msgs/tier4_rtc_msgs/srv/detail/cooperate_commands__type_support.h
[10.778s] -- Up-to-date symlink: /home/autoware/aichallenge2023-integration-final-main/install/tier4_rtc_msgs/share/tier4_rtc_msgs/environment/library_path.sh
[10.778s] -- Up-to-date symlink: /home/autoware/aichallenge2023-integration-final-main/install/tier4_rtc_msgs/share/tier4_rtc_msgs/environment/library_path.dsv
[10.779s] -- Up-to-date symlink: /home/autoware/aichallenge2023-integration-final-main/install/tier4_rtc_msgs/include/tier4_rtc_msgs/tier4_rtc_msgs/msg/detail/auto_mode_status__rosidl_typesupport_fastrtps_c.h
[10.779s] -- Up-to-date symlink: /home/autoware/aichallenge2023-integration-final-main/install/tier4_rtc_msgs/include/tier4_rtc_msgs/tier4_rtc_msgs/msg/detail/auto_mode_status_array__rosidl_typesupport_fastrtps_c.h
[10.779s] -- Up-to-date symlink: /home/autoware/aichallenge2023-integration-final-main/install/tier4_rtc_msgs/include/tier4_rtc_msgs/tier4_rtc_msgs/msg/detail/command__rosidl_typesupport_fastrtps_c.h
[10.780s] -- Up-to-date symlink: /home/autoware/aichallenge2023-integration-final-main/install/tier4_rtc_msgs/include/tier4_rtc_msgs/tier4_rtc_msgs/msg/detail/cooperate_command__rosidl_typesupport_fastrtps_c.h
[10.780s] -- Up-to-date symlink: /home/autoware/aichallenge2023-integration-final-main/install/tier4_rtc_msgs/include/tier4_rtc_msgs/tier4_rtc_msgs/msg/detail/cooperate_response__rosidl_typesupport_fastrtps_c.h
[10.780s] -- Up-to-date symlink: /home/autoware/aichallenge2023-integration-final-main/install/tier4_rtc_msgs/include/tier4_rtc_msgs/tier4_rtc_msgs/msg/detail/cooperate_status__rosidl_typesupport_fastrtps_c.h
[10.780s] -- Up-to-date symlink: /home/autoware/aichallenge2023-integration-final-main/install/tier4_rtc_msgs/include/tier4_rtc_msgs/tier4_rtc_msgs/msg/detail/cooperate_status_array__rosidl_typesupport_fastrtps_c.h
[10.780s] -- Up-to-date symlink: /home/autoware/aichallenge2023-integration-final-main/install/tier4_rtc_msgs/include/tier4_rtc_msgs/tier4_rtc_msgs/msg/detail/module__rosidl_typesupport_fastrtps_c.h
[10.780s] -- Up-to-date symlink: /home/autoware/aichallenge2023-integration-final-main/install/tier4_rtc_msgs/include/tier4_rtc_msgs/tier4_rtc_msgs/msg/rosidl_typesupport_fastrtps_c__visibility_control.h
[10.780s] -- Up-to-date symlink: /home/autoware/aichallenge2023-integration-final-main/install/tier4_rtc_msgs/include/tier4_rtc_msgs/tier4_rtc_msgs/srv/detail/auto_mode__rosidl_typesupport_fastrtps_c.h
[10.781s] -- Up-to-date symlink: /home/autoware/aichallenge2023-integration-final-main/install/tier4_rtc_msgs/include/tier4_rtc_msgs/tier4_rtc_msgs/srv/detail/auto_mode_with_module__rosidl_typesupport_fastrtps_c.h
[10.781s] -- Up-to-date symlink: /home/autoware/aichallenge2023-integration-final-main/install/tier4_rtc_msgs/include/tier4_rtc_msgs/tier4_rtc_msgs/srv/detail/cooperate_commands__rosidl_typesupport_fastrtps_c.h
[10.781s] -- Up-to-date symlink: /home/autoware/aichallenge2023-integration-final-main/install/tier4_rtc_msgs/include/tier4_rtc_msgs/tier4_rtc_msgs/msg/detail/auto_mode_status__rosidl_typesupport_introspection_c.h
[10.781s] -- Up-to-date symlink: /home/autoware/aichallenge2023-integration-final-main/install/tier4_rtc_msgs/include/tier4_rtc_msgs/tier4_rtc_msgs/msg/detail/auto_mode_status_array__rosidl_typesupport_introspection_c.h
[10.781s] -- Up-to-date symlink: /home/autoware/aichallenge2023-integration-final-main/install/tier4_rtc_msgs/include/tier4_rtc_msgs/tier4_rtc_msgs/msg/detail/command__rosidl_typesupport_introspection_c.h
[10.782s] -- Up-to-date symlink: /home/autoware/aichallenge2023-integration-final-main/install/tier4_rtc_msgs/include/tier4_rtc_msgs/tier4_rtc_msgs/msg/detail/cooperate_command__rosidl_typesupport_introspection_c.h
[10.782s] -- Up-to-date symlink: /home/autoware/aichallenge2023-integration-final-main/install/tier4_rtc_msgs/include/tier4_rtc_msgs/tier4_rtc_msgs/msg/detail/cooperate_response__rosidl_typesupport_introspection_c.h
[10.782s] -- Up-to-date symlink: /home/autoware/aichallenge2023-integration-final-main/install/tier4_rtc_msgs/include/tier4_rtc_msgs/tier4_rtc_msgs/msg/detail/cooperate_status__rosidl_typesupport_introspection_c.h
[10.782s] -- Up-to-date symlink: /home/autoware/aichallenge2023-integration-final-main/install/tier4_rtc_msgs/include/tier4_rtc_msgs/tier4_rtc_msgs/msg/detail/cooperate_status_array__rosidl_typesupport_introspection_c.h
[10.782s] -- Up-to-date symlink: /home/autoware/aichallenge2023-integration-final-main/install/tier4_rtc_msgs/include/tier4_rtc_msgs/tier4_rtc_msgs/msg/detail/module__rosidl_typesupport_introspection_c.h
[10.782s] -- Up-to-date symlink: /home/autoware/aichallenge2023-integration-final-main/install/tier4_rtc_msgs/include/tier4_rtc_msgs/tier4_rtc_msgs/msg/rosidl_typesupport_introspection_c__visibility_control.h
[10.782s] -- Up-to-date symlink: /home/autoware/aichallenge2023-integration-final-main/install/tier4_rtc_msgs/include/tier4_rtc_msgs/tier4_rtc_msgs/srv/detail/auto_mode__rosidl_typesupport_introspection_c.h
[10.782s] -- Up-to-date symlink: /home/autoware/aichallenge2023-integration-final-main/install/tier4_rtc_msgs/include/tier4_rtc_msgs/tier4_rtc_msgs/srv/detail/auto_mode_with_module__rosidl_typesupport_introspection_c.h
[10.783s] -- Up-to-date symlink: /home/autoware/aichallenge2023-integration-final-main/install/tier4_rtc_msgs/include/tier4_rtc_msgs/tier4_rtc_msgs/srv/detail/cooperate_commands__rosidl_typesupport_introspection_c.h
[10.783s] -- Up-to-date symlink: /home/autoware/aichallenge2023-integration-final-main/install/tier4_rtc_msgs/include/tier4_rtc_msgs/tier4_rtc_msgs/msg/auto_mode_status.hpp
[10.783s] -- Up-to-date symlink: /home/autoware/aichallenge2023-integration-final-main/install/tier4_rtc_msgs/include/tier4_rtc_msgs/tier4_rtc_msgs/msg/auto_mode_status_array.hpp
[10.783s] -- Up-to-date symlink: /home/autoware/aichallenge2023-integration-final-main/install/tier4_rtc_msgs/include/tier4_rtc_msgs/tier4_rtc_msgs/msg/command.hpp
[10.784s] -- Up-to-date symlink: /home/autoware/aichallenge2023-integration-final-main/install/tier4_rtc_msgs/include/tier4_rtc_msgs/tier4_rtc_msgs/msg/cooperate_command.hpp
[10.784s] -- Up-to-date symlink: /home/autoware/aichallenge2023-integration-final-main/install/tier4_rtc_msgs/include/tier4_rtc_msgs/tier4_rtc_msgs/msg/cooperate_response.hpp
[10.784s] -- Up-to-date symlink: /home/autoware/aichallenge2023-integration-final-main/install/tier4_rtc_msgs/include/tier4_rtc_msgs/tier4_rtc_msgs/msg/cooperate_status.hpp
[10.784s] -- Up-to-date symlink: /home/autoware/aichallenge2023-integration-final-main/install/tier4_rtc_msgs/include/tier4_rtc_msgs/tier4_rtc_msgs/msg/cooperate_status_array.hpp
[10.784s] -- Up-to-date symlink: /home/autoware/aichallenge2023-integration-final-main/install/tier4_rtc_msgs/include/tier4_rtc_msgs/tier4_rtc_msgs/msg/detail/auto_mode_status__builder.hpp
[10.784s] -- Up-to-date symlink: /home/autoware/aichallenge2023-integration-final-main/install/tier4_rtc_msgs/include/tier4_rtc_msgs/tier4_rtc_msgs/msg/detail/auto_mode_status__struct.hpp
[10.784s] -- Up-to-date symlink: /home/autoware/aichallenge2023-integration-final-main/install/tier4_rtc_msgs/include/tier4_rtc_msgs/tier4_rtc_msgs/msg/detail/auto_mode_status__traits.hpp
[10.784s] -- Up-to-date symlink: /home/autoware/aichallenge2023-integration-final-main/install/tier4_rtc_msgs/include/tier4_rtc_msgs/tier4_rtc_msgs/msg/detail/auto_mode_status_array__builder.hpp
[10.784s] -- Up-to-date symlink: /home/autoware/aichallenge2023-integration-final-main/install/tier4_rtc_msgs/include/tier4_rtc_msgs/tier4_rtc_msgs/msg/detail/auto_mode_status_array__struct.hpp
[10.785s] -- Up-to-date symlink: /home/autoware/aichallenge2023-integration-final-main/install/tier4_rtc_msgs/include/tier4_rtc_msgs/tier4_rtc_msgs/msg/detail/auto_mode_status_array__traits.hpp
[10.785s] -- Up-to-date symlink: /home/autoware/aichallenge2023-integration-final-main/install/tier4_rtc_msgs/include/tier4_rtc_msgs/tier4_rtc_msgs/msg/detail/command__builder.hpp
[10.785s] -- Up-to-date symlink: /home/autoware/aichallenge2023-integration-final-main/install/tier4_rtc_msgs/include/tier4_rtc_msgs/tier4_rtc_msgs/msg/detail/command__struct.hpp
[10.785s] -- Up-to-date symlink: /home/autoware/aichallenge2023-integration-final-main/install/tier4_rtc_msgs/include/tier4_rtc_msgs/tier4_rtc_msgs/msg/detail/command__traits.hpp
[10.785s] -- Up-to-date symlink: /home/autoware/aichallenge2023-integration-final-main/install/tier4_rtc_msgs/include/tier4_rtc_msgs/tier4_rtc_msgs/msg/detail/cooperate_command__builder.hpp
[10.785s] -- Up-to-date symlink: /home/autoware/aichallenge2023-integration-final-main/install/tier4_rtc_msgs/include/tier4_rtc_msgs/tier4_rtc_msgs/msg/detail/cooperate_command__struct.hpp
[10.785s] -- Up-to-date symlink: /home/autoware/aichallenge2023-integration-final-main/install/tier4_rtc_msgs/include/tier4_rtc_msgs/tier4_rtc_msgs/msg/detail/cooperate_command__traits.hpp
[10.785s] -- Up-to-date symlink: /home/autoware/aichallenge2023-integration-final-main/install/tier4_rtc_msgs/include/tier4_rtc_msgs/tier4_rtc_msgs/msg/detail/cooperate_response__builder.hpp
[10.786s] -- Up-to-date symlink: /home/autoware/aichallenge2023-integration-final-main/install/tier4_rtc_msgs/include/tier4_rtc_msgs/tier4_rtc_msgs/msg/detail/cooperate_response__struct.hpp
[10.786s] -- Up-to-date symlink: /home/autoware/aichallenge2023-integration-final-main/install/tier4_rtc_msgs/include/tier4_rtc_msgs/tier4_rtc_msgs/msg/detail/cooperate_response__traits.hpp
[10.786s] -- Up-to-date symlink: /home/autoware/aichallenge2023-integration-final-main/install/tier4_rtc_msgs/include/tier4_rtc_msgs/tier4_rtc_msgs/msg/detail/cooperate_status__builder.hpp
[10.786s] -- Up-to-date symlink: /home/autoware/aichallenge2023-integration-final-main/install/tier4_rtc_msgs/include/tier4_rtc_msgs/tier4_rtc_msgs/msg/detail/cooperate_status__struct.hpp
[10.786s] -- Up-to-date symlink: /home/autoware/aichallenge2023-integration-final-main/install/tier4_rtc_msgs/include/tier4_rtc_msgs/tier4_rtc_msgs/msg/detail/cooperate_status__traits.hpp
[10.786s] -- Up-to-date symlink: /home/autoware/aichallenge2023-integration-final-main/install/tier4_rtc_msgs/include/tier4_rtc_msgs/tier4_rtc_msgs/msg/detail/cooperate_status_array__builder.hpp
[10.786s] -- Up-to-date symlink: /home/autoware/aichallenge2023-integration-final-main/install/tier4_rtc_msgs/include/tier4_rtc_msgs/tier4_rtc_msgs/msg/detail/cooperate_status_array__struct.hpp
[10.786s] -- Up-to-date symlink: /home/autoware/aichallenge2023-integration-final-main/install/tier4_rtc_msgs/include/tier4_rtc_msgs/tier4_rtc_msgs/msg/detail/cooperate_status_array__traits.hpp
[10.787s] -- Up-to-date symlink: /home/autoware/aichallenge2023-integration-final-main/install/tier4_rtc_msgs/include/tier4_rtc_msgs/tier4_rtc_msgs/msg/detail/module__builder.hpp
[10.787s] -- Up-to-date symlink: /home/autoware/aichallenge2023-integration-final-main/install/tier4_rtc_msgs/include/tier4_rtc_msgs/tier4_rtc_msgs/msg/detail/module__struct.hpp
[10.787s] -- Up-to-date symlink: /home/autoware/aichallenge2023-integration-final-main/install/tier4_rtc_msgs/include/tier4_rtc_msgs/tier4_rtc_msgs/msg/detail/module__traits.hpp
[10.787s] -- Up-to-date symlink: /home/autoware/aichallenge2023-integration-final-main/install/tier4_rtc_msgs/include/tier4_rtc_msgs/tier4_rtc_msgs/msg/module.hpp
[10.787s] -- Up-to-date symlink: /home/autoware/aichallenge2023-integration-final-main/install/tier4_rtc_msgs/include/tier4_rtc_msgs/tier4_rtc_msgs/srv/auto_mode.hpp
[10.787s] -- Up-to-date symlink: /home/autoware/aichallenge2023-integration-final-main/install/tier4_rtc_msgs/include/tier4_rtc_msgs/tier4_rtc_msgs/srv/auto_mode_with_module.hpp
[10.787s] -- Up-to-date symlink: /home/autoware/aichallenge2023-integration-final-main/install/tier4_rtc_msgs/include/tier4_rtc_msgs/tier4_rtc_msgs/srv/cooperate_commands.hpp
[10.787s] -- Up-to-date symlink: /home/autoware/aichallenge2023-integration-final-main/install/tier4_rtc_msgs/include/tier4_rtc_msgs/tier4_rtc_msgs/srv/detail/auto_mode__builder.hpp
[10.787s] -- Up-to-date symlink: /home/autoware/aichallenge2023-integration-final-main/install/tier4_rtc_msgs/include/tier4_rtc_msgs/tier4_rtc_msgs/srv/detail/auto_mode__struct.hpp
[10.788s] -- Up-to-date symlink: /home/autoware/aichallenge2023-integration-final-main/install/tier4_rtc_msgs/include/tier4_rtc_msgs/tier4_rtc_msgs/srv/detail/auto_mode__traits.hpp
[10.788s] -- Up-to-date symlink: /home/autoware/aichallenge2023-integration-final-main/install/tier4_rtc_msgs/include/tier4_rtc_msgs/tier4_rtc_msgs/srv/detail/auto_mode_with_module__builder.hpp
[10.788s] -- Up-to-date symlink: /home/autoware/aichallenge2023-integration-final-main/install/tier4_rtc_msgs/include/tier4_rtc_msgs/tier4_rtc_msgs/srv/detail/auto_mode_with_module__struct.hpp
[10.788s] -- Up-to-date symlink: /home/autoware/aichallenge2023-integration-final-main/install/tier4_rtc_msgs/include/tier4_rtc_msgs/tier4_rtc_msgs/srv/detail/auto_mode_with_module__traits.hpp
[10.788s] -- Up-to-date symlink: /home/autoware/aichallenge2023-integration-final-main/install/tier4_rtc_msgs/include/tier4_rtc_msgs/tier4_rtc_msgs/srv/detail/cooperate_commands__builder.hpp
[10.788s] -- Up-to-date symlink: /home/autoware/aichallenge2023-integration-final-main/install/tier4_rtc_msgs/include/tier4_rtc_msgs/tier4_rtc_msgs/srv/detail/cooperate_commands__struct.hpp
[10.788s] -- Up-to-date symlink: /home/autoware/aichallenge2023-integration-final-main/install/tier4_rtc_msgs/include/tier4_rtc_msgs/tier4_rtc_msgs/srv/detail/cooperate_commands__traits.hpp
[10.789s] -- Up-to-date symlink: /home/autoware/aichallenge2023-integration-final-main/install/tier4_rtc_msgs/include/tier4_rtc_msgs/tier4_rtc_msgs/msg/detail/auto_mode_status__rosidl_typesupport_fastrtps_cpp.hpp
[10.789s] -- Up-to-date symlink: /home/autoware/aichallenge2023-integration-final-main/install/tier4_rtc_msgs/include/tier4_rtc_msgs/tier4_rtc_msgs/msg/detail/auto_mode_status_array__rosidl_typesupport_fastrtps_cpp.hpp
[10.790s] -- Up-to-date symlink: /home/autoware/aichallenge2023-integration-final-main/install/tier4_rtc_msgs/include/tier4_rtc_msgs/tier4_rtc_msgs/msg/detail/command__rosidl_typesupport_fastrtps_cpp.hpp
[10.790s] -- Up-to-date symlink: /home/autoware/aichallenge2023-integration-final-main/install/tier4_rtc_msgs/include/tier4_rtc_msgs/tier4_rtc_msgs/msg/detail/cooperate_command__rosidl_typesupport_fastrtps_cpp.hpp
[10.790s] -- Up-to-date symlink: /home/autoware/aichallenge2023-integration-final-main/install/tier4_rtc_msgs/include/tier4_rtc_msgs/tier4_rtc_msgs/msg/detail/cooperate_response__rosidl_typesupport_fastrtps_cpp.hpp
[10.790s] -- Up-to-date symlink: /home/autoware/aichallenge2023-integration-final-main/install/tier4_rtc_msgs/include/tier4_rtc_msgs/tier4_rtc_msgs/msg/detail/cooperate_status__rosidl_typesupport_fastrtps_cpp.hpp
[10.790s] -- Up-to-date symlink: /home/autoware/aichallenge2023-integration-final-main/install/tier4_rtc_msgs/include/tier4_rtc_msgs/tier4_rtc_msgs/msg/detail/cooperate_status_array__rosidl_typesupport_fastrtps_cpp.hpp
[10.791s] -- Up-to-date symlink: /home/autoware/aichallenge2023-integration-final-main/install/tier4_rtc_msgs/include/tier4_rtc_msgs/tier4_rtc_msgs/msg/detail/module__rosidl_typesupport_fastrtps_cpp.hpp
[10.791s] -- Up-to-date symlink: /home/autoware/aichallenge2023-integration-final-main/install/tier4_rtc_msgs/include/tier4_rtc_msgs/tier4_rtc_msgs/msg/rosidl_typesupport_fastrtps_cpp__visibility_control.h
[10.791s] -- Up-to-date symlink: /home/autoware/aichallenge2023-integration-final-main/install/tier4_rtc_msgs/include/tier4_rtc_msgs/tier4_rtc_msgs/srv/detail/auto_mode__rosidl_typesupport_fastrtps_cpp.hpp
[10.791s] -- Up-to-date symlink: /home/autoware/aichallenge2023-integration-final-main/install/tier4_rtc_msgs/include/tier4_rtc_msgs/tier4_rtc_msgs/srv/detail/auto_mode_with_module__rosidl_typesupport_fastrtps_cpp.hpp
[10.791s] -- Up-to-date symlink: /home/autoware/aichallenge2023-integration-final-main/install/tier4_rtc_msgs/include/tier4_rtc_msgs/tier4_rtc_msgs/srv/detail/cooperate_commands__rosidl_typesupport_fastrtps_cpp.hpp
[10.792s] -- Up-to-date symlink: /home/autoware/aichallenge2023-integration-final-main/install/tier4_rtc_msgs/include/tier4_rtc_msgs/tier4_rtc_msgs/msg/detail/auto_mode_status__rosidl_typesupport_introspection_cpp.hpp
[10.792s] -- Up-to-date symlink: /home/autoware/aichallenge2023-integration-final-main/install/tier4_rtc_msgs/include/tier4_rtc_msgs/tier4_rtc_msgs/msg/detail/auto_mode_status_array__rosidl_typesupport_introspection_cpp.hpp
[10.792s] -- Up-to-date symlink: /home/autoware/aichallenge2023-integration-final-main/install/tier4_rtc_msgs/include/tier4_rtc_msgs/tier4_rtc_msgs/msg/detail/command__rosidl_typesupport_introspection_cpp.hpp
[10.792s] -- Up-to-date symlink: /home/autoware/aichallenge2023-integration-final-main/install/tier4_rtc_msgs/include/tier4_rtc_msgs/tier4_rtc_msgs/msg/detail/cooperate_command__rosidl_typesupport_introspection_cpp.hpp
[10.792s] -- Up-to-date symlink: /home/autoware/aichallenge2023-integration-final-main/install/tier4_rtc_msgs/include/tier4_rtc_msgs/tier4_rtc_msgs/msg/detail/cooperate_response__rosidl_typesupport_introspection_cpp.hpp
[10.792s] -- Up-to-date symlink: /home/autoware/aichallenge2023-integration-final-main/install/tier4_rtc_msgs/include/tier4_rtc_msgs/tier4_rtc_msgs/msg/detail/cooperate_status__rosidl_typesupport_introspection_cpp.hpp
[10.792s] -- Up-to-date symlink: /home/autoware/aichallenge2023-integration-final-main/install/tier4_rtc_msgs/include/tier4_rtc_msgs/tier4_rtc_msgs/msg/detail/cooperate_status_array__rosidl_typesupport_introspection_cpp.hpp
[10.793s] -- Up-to-date symlink: /home/autoware/aichallenge2023-integration-final-main/install/tier4_rtc_msgs/include/tier4_rtc_msgs/tier4_rtc_msgs/msg/detail/module__rosidl_typesupport_introspection_cpp.hpp
[10.793s] -- Up-to-date symlink: /home/autoware/aichallenge2023-integration-final-main/install/tier4_rtc_msgs/include/tier4_rtc_msgs/tier4_rtc_msgs/srv/detail/auto_mode__rosidl_typesupport_introspection_cpp.hpp
[10.793s] -- Up-to-date symlink: /home/autoware/aichallenge2023-integration-final-main/install/tier4_rtc_msgs/include/tier4_rtc_msgs/tier4_rtc_msgs/srv/detail/auto_mode_with_module__rosidl_typesupport_introspection_cpp.hpp
[10.793s] -- Up-to-date symlink: /home/autoware/aichallenge2023-integration-final-main/install/tier4_rtc_msgs/include/tier4_rtc_msgs/tier4_rtc_msgs/srv/detail/cooperate_commands__rosidl_typesupport_introspection_cpp.hpp
[10.793s] -- Up-to-date symlink: /home/autoware/aichallenge2023-integration-final-main/install/tier4_rtc_msgs/share/tier4_rtc_msgs/environment/pythonpath.sh
[10.793s] -- Up-to-date symlink: /home/autoware/aichallenge2023-integration-final-main/install/tier4_rtc_msgs/share/tier4_rtc_msgs/environment/pythonpath.dsv
[10.794s] -- Up-to-date symlink: /home/autoware/aichallenge2023-integration-final-main/install/tier4_rtc_msgs/local/lib/python3.10/dist-packages/tier4_rtc_msgs-0.1.0-py3.10.egg-info/PKG-INFO
[10.794s] -- Up-to-date symlink: /home/autoware/aichallenge2023-integration-final-main/install/tier4_rtc_msgs/local/lib/python3.10/dist-packages/tier4_rtc_msgs-0.1.0-py3.10.egg-info/SOURCES.txt
[10.796s] -- Up-to-date symlink: /home/autoware/aichallenge2023-integration-final-main/install/tier4_rtc_msgs/local/lib/python3.10/dist-packages/tier4_rtc_msgs-0.1.0-py3.10.egg-info/dependency_links.txt
[10.796s] -- Up-to-date symlink: /home/autoware/aichallenge2023-integration-final-main/install/tier4_rtc_msgs/local/lib/python3.10/dist-packages/tier4_rtc_msgs-0.1.0-py3.10.egg-info/top_level.txt
[10.796s] -- Up-to-date symlink: /home/autoware/aichallenge2023-integration-final-main/install/tier4_rtc_msgs/local/lib/python3.10/dist-packages/tier4_rtc_msgs/__init__.py
[10.796s] -- Up-to-date symlink: /home/autoware/aichallenge2023-integration-final-main/install/tier4_rtc_msgs/local/lib/python3.10/dist-packages/tier4_rtc_msgs/_tier4_rtc_msgs_s.ep.rosidl_typesupport_c.c
[10.796s] -- Up-to-date symlink: /home/autoware/aichallenge2023-integration-final-main/install/tier4_rtc_msgs/local/lib/python3.10/dist-packages/tier4_rtc_msgs/_tier4_rtc_msgs_s.ep.rosidl_typesupport_fastrtps_c.c
[10.796s] -- Up-to-date symlink: /home/autoware/aichallenge2023-integration-final-main/install/tier4_rtc_msgs/local/lib/python3.10/dist-packages/tier4_rtc_msgs/_tier4_rtc_msgs_s.ep.rosidl_typesupport_introspection_c.c
[10.796s] -- Up-to-date symlink: /home/autoware/aichallenge2023-integration-final-main/install/tier4_rtc_msgs/local/lib/python3.10/dist-packages/tier4_rtc_msgs/libtier4_rtc_msgs__rosidl_generator_py.so
[10.796s] -- Up-to-date symlink: /home/autoware/aichallenge2023-integration-final-main/install/tier4_rtc_msgs/local/lib/python3.10/dist-packages/tier4_rtc_msgs/msg/__init__.py
[10.796s] -- Up-to-date symlink: /home/autoware/aichallenge2023-integration-final-main/install/tier4_rtc_msgs/local/lib/python3.10/dist-packages/tier4_rtc_msgs/msg/_auto_mode_status.py
[10.797s] -- Up-to-date symlink: /home/autoware/aichallenge2023-integration-final-main/install/tier4_rtc_msgs/local/lib/python3.10/dist-packages/tier4_rtc_msgs/msg/_auto_mode_status_array.py
[10.797s] -- Up-to-date symlink: /home/autoware/aichallenge2023-integration-final-main/install/tier4_rtc_msgs/local/lib/python3.10/dist-packages/tier4_rtc_msgs/msg/_auto_mode_status_array_s.c
[10.797s] -- Up-to-date symlink: /home/autoware/aichallenge2023-integration-final-main/install/tier4_rtc_msgs/local/lib/python3.10/dist-packages/tier4_rtc_msgs/msg/_auto_mode_status_s.c
[10.797s] -- Up-to-date symlink: /home/autoware/aichallenge2023-integration-final-main/install/tier4_rtc_msgs/local/lib/python3.10/dist-packages/tier4_rtc_msgs/msg/_command.py
[10.797s] -- Up-to-date symlink: /home/autoware/aichallenge2023-integration-final-main/install/tier4_rtc_msgs/local/lib/python3.10/dist-packages/tier4_rtc_msgs/msg/_command_s.c
[10.797s] -- Up-to-date symlink: /home/autoware/aichallenge2023-integration-final-main/install/tier4_rtc_msgs/local/lib/python3.10/dist-packages/tier4_rtc_msgs/msg/_cooperate_command.py
[10.797s] -- Up-to-date symlink: /home/autoware/aichallenge2023-integration-final-main/install/tier4_rtc_msgs/local/lib/python3.10/dist-packages/tier4_rtc_msgs/msg/_cooperate_command_s.c
[10.797s] -- Up-to-date symlink: /home/autoware/aichallenge2023-integration-final-main/install/tier4_rtc_msgs/local/lib/python3.10/dist-packages/tier4_rtc_msgs/msg/_cooperate_response.py
[10.797s] -- Up-to-date symlink: /home/autoware/aichallenge2023-integration-final-main/install/tier4_rtc_msgs/local/lib/python3.10/dist-packages/tier4_rtc_msgs/msg/_cooperate_response_s.c
[10.797s] -- Up-to-date symlink: /home/autoware/aichallenge2023-integration-final-main/install/tier4_rtc_msgs/local/lib/python3.10/dist-packages/tier4_rtc_msgs/msg/_cooperate_status.py
[10.797s] -- Up-to-date symlink: /home/autoware/aichallenge2023-integration-final-main/install/tier4_rtc_msgs/local/lib/python3.10/dist-packages/tier4_rtc_msgs/msg/_cooperate_status_array.py
[10.797s] -- Up-to-date symlink: /home/autoware/aichallenge2023-integration-final-main/install/tier4_rtc_msgs/local/lib/python3.10/dist-packages/tier4_rtc_msgs/msg/_cooperate_status_array_s.c
[10.798s] -- Up-to-date symlink: /home/autoware/aichallenge2023-integration-final-main/install/tier4_rtc_msgs/local/lib/python3.10/dist-packages/tier4_rtc_msgs/msg/_cooperate_status_s.c
[10.798s] -- Up-to-date symlink: /home/autoware/aichallenge2023-integration-final-main/install/tier4_rtc_msgs/local/lib/python3.10/dist-packages/tier4_rtc_msgs/msg/_module.py
[10.798s] -- Up-to-date symlink: /home/autoware/aichallenge2023-integration-final-main/install/tier4_rtc_msgs/local/lib/python3.10/dist-packages/tier4_rtc_msgs/msg/_module_s.c
[10.798s] -- Up-to-date symlink: /home/autoware/aichallenge2023-integration-final-main/install/tier4_rtc_msgs/local/lib/python3.10/dist-packages/tier4_rtc_msgs/srv/__init__.py
[10.798s] -- Up-to-date symlink: /home/autoware/aichallenge2023-integration-final-main/install/tier4_rtc_msgs/local/lib/python3.10/dist-packages/tier4_rtc_msgs/srv/_auto_mode.py
[10.801s] -- Up-to-date symlink: /home/autoware/aichallenge2023-integration-final-main/install/tier4_rtc_msgs/local/lib/python3.10/dist-packages/tier4_rtc_msgs/srv/_auto_mode_s.c
[10.801s] -- Up-to-date symlink: /home/autoware/aichallenge2023-integration-final-main/install/tier4_rtc_msgs/local/lib/python3.10/dist-packages/tier4_rtc_msgs/srv/_auto_mode_with_module.py
[10.801s] -- Up-to-date symlink: /home/autoware/aichallenge2023-integration-final-main/install/tier4_rtc_msgs/local/lib/python3.10/dist-packages/tier4_rtc_msgs/srv/_auto_mode_with_module_s.c
[10.801s] -- Up-to-date symlink: /home/autoware/aichallenge2023-integration-final-main/install/tier4_rtc_msgs/local/lib/python3.10/dist-packages/tier4_rtc_msgs/srv/_cooperate_commands.py
[10.802s] -- Up-to-date symlink: /home/autoware/aichallenge2023-integration-final-main/install/tier4_rtc_msgs/local/lib/python3.10/dist-packages/tier4_rtc_msgs/srv/_cooperate_commands_s.c
[10.802s] -- Up-to-date symlink: /home/autoware/aichallenge2023-integration-final-main/install/tier4_rtc_msgs/local/lib/python3.10/dist-packages/tier4_rtc_msgs/tier4_rtc_msgs_s__rosidl_typesupport_c.cpython-310-x86_64-linux-gnu.so
[10.802s] -- Up-to-date symlink: /home/autoware/aichallenge2023-integration-final-main/install/tier4_rtc_msgs/local/lib/python3.10/dist-packages/tier4_rtc_msgs/tier4_rtc_msgs_s__rosidl_typesupport_fastrtps_c.cpython-310-x86_64-linux-gnu.so
[10.802s] -- Up-to-date symlink: /home/autoware/aichallenge2023-integration-final-main/install/tier4_rtc_msgs/local/lib/python3.10/dist-packages/tier4_rtc_msgs/tier4_rtc_msgs_s__rosidl_typesupport_introspection_c.cpython-310-x86_64-linux-gnu.so
[10.802s] -- Up-to-date symlink: /home/autoware/aichallenge2023-integration-final-main/install/tier4_rtc_msgs/local/lib/python3.10/dist-packages/tier4_rtc_msgs/tier4_rtc_msgs_s__rosidl_typesupport_fastrtps_c.cpython-310-x86_64-linux-gnu.so
[10.803s] -- Up-to-date symlink: /home/autoware/aichallenge2023-integration-final-main/install/tier4_rtc_msgs/local/lib/python3.10/dist-packages/tier4_rtc_msgs/tier4_rtc_msgs_s__rosidl_typesupport_introspection_c.cpython-310-x86_64-linux-gnu.so
[10.803s] -- Up-to-date symlink: /home/autoware/aichallenge2023-integration-final-main/install/tier4_rtc_msgs/local/lib/python3.10/dist-packages/tier4_rtc_msgs/tier4_rtc_msgs_s__rosidl_typesupport_c.cpython-310-x86_64-linux-gnu.so
[10.803s] -- Up-to-date symlink: /home/autoware/aichallenge2023-integration-final-main/install/tier4_rtc_msgs/share/tier4_rtc_msgs/msg/Command.idl
[10.803s] -- Up-to-date symlink: /home/autoware/aichallenge2023-integration-final-main/install/tier4_rtc_msgs/share/tier4_rtc_msgs/msg/CooperateCommand.idl
[10.804s] -- Up-to-date symlink: /home/autoware/aichallenge2023-integration-final-main/install/tier4_rtc_msgs/share/tier4_rtc_msgs/msg/CooperateResponse.idl
[10.804s] -- Up-to-date symlink: /home/autoware/aichallenge2023-integration-final-main/install/tier4_rtc_msgs/share/tier4_rtc_msgs/msg/CooperateStatus.idl
[10.804s] -- Up-to-date symlink: /home/autoware/aichallenge2023-integration-final-main/install/tier4_rtc_msgs/share/tier4_rtc_msgs/msg/CooperateStatusArray.idl
[10.804s] -- Up-to-date symlink: /home/autoware/aichallenge2023-integration-final-main/install/tier4_rtc_msgs/share/tier4_rtc_msgs/msg/AutoModeStatus.idl
[10.804s] -- Up-to-date symlink: /home/autoware/aichallenge2023-integration-final-main/install/tier4_rtc_msgs/share/tier4_rtc_msgs/msg/AutoModeStatusArray.idl
[10.805s] -- Up-to-date symlink: /home/autoware/aichallenge2023-integration-final-main/install/tier4_rtc_msgs/share/tier4_rtc_msgs/msg/Module.idl
[10.805s] -- Up-to-date symlink: /home/autoware/aichallenge2023-integration-final-main/install/tier4_rtc_msgs/share/tier4_rtc_msgs/srv/AutoMode.idl
[10.805s] -- Up-to-date symlink: /home/autoware/aichallenge2023-integration-final-main/install/tier4_rtc_msgs/share/tier4_rtc_msgs/srv/AutoModeWithModule.idl
[10.805s] -- Up-to-date symlink: /home/autoware/aichallenge2023-integration-final-main/install/tier4_rtc_msgs/share/tier4_rtc_msgs/srv/CooperateCommands.idl
[10.805s] -- Up-to-date symlink: /home/autoware/aichallenge2023-integration-final-main/install/tier4_rtc_msgs/share/tier4_rtc_msgs/msg/Command.msg
[10.806s] -- Up-to-date symlink: /home/autoware/aichallenge2023-integration-final-main/install/tier4_rtc_msgs/share/tier4_rtc_msgs/msg/CooperateCommand.msg
[10.806s] -- Up-to-date symlink: /home/autoware/aichallenge2023-integration-final-main/install/tier4_rtc_msgs/share/tier4_rtc_msgs/msg/CooperateResponse.msg
[10.806s] -- Up-to-date symlink: /home/autoware/aichallenge2023-integration-final-main/install/tier4_rtc_msgs/share/tier4_rtc_msgs/msg/CooperateStatus.msg
[10.806s] -- Up-to-date symlink: /home/autoware/aichallenge2023-integration-final-main/install/tier4_rtc_msgs/share/tier4_rtc_msgs/msg/CooperateStatusArray.msg
[10.807s] -- Up-to-date symlink: /home/autoware/aichallenge2023-integration-final-main/install/tier4_rtc_msgs/share/tier4_rtc_msgs/msg/AutoModeStatus.msg
[10.807s] -- Up-to-date symlink: /home/autoware/aichallenge2023-integration-final-main/install/tier4_rtc_msgs/share/tier4_rtc_msgs/msg/AutoModeStatusArray.msg
[10.807s] -- Up-to-date symlink: /home/autoware/aichallenge2023-integration-final-main/install/tier4_rtc_msgs/share/tier4_rtc_msgs/msg/Module.msg
[10.807s] -- Up-to-date symlink: /home/autoware/aichallenge2023-integration-final-main/install/tier4_rtc_msgs/share/tier4_rtc_msgs/srv/AutoMode.srv
[10.807s] -- Up-to-date symlink: /home/autoware/aichallenge2023-integration-final-main/install/tier4_rtc_msgs/share/tier4_rtc_msgs/srv/AutoMode_Request.msg
[10.808s] -- Up-to-date symlink: /home/autoware/aichallenge2023-integration-final-main/install/tier4_rtc_msgs/share/tier4_rtc_msgs/srv/AutoMode_Response.msg
[10.808s] -- Up-to-date symlink: /home/autoware/aichallenge2023-integration-final-main/install/tier4_rtc_msgs/share/tier4_rtc_msgs/srv/AutoModeWithModule.srv
[10.808s] -- Up-to-date symlink: /home/autoware/aichallenge2023-integration-final-main/install/tier4_rtc_msgs/share/tier4_rtc_msgs/srv/AutoModeWithModule_Request.msg
[10.808s] -- Up-to-date symlink: /home/autoware/aichallenge2023-integration-final-main/install/tier4_rtc_msgs/share/tier4_rtc_msgs/srv/AutoModeWithModule_Response.msg
[10.808s] -- Up-to-date symlink: /home/autoware/aichallenge2023-integration-final-main/install/tier4_rtc_msgs/share/tier4_rtc_msgs/srv/CooperateCommands.srv
[10.809s] -- Up-to-date symlink: /home/autoware/aichallenge2023-integration-final-main/install/tier4_rtc_msgs/share/tier4_rtc_msgs/srv/CooperateCommands_Request.msg
[10.809s] -- Up-to-date symlink: /home/autoware/aichallenge2023-integration-final-main/install/tier4_rtc_msgs/share/tier4_rtc_msgs/srv/CooperateCommands_Response.msg
[10.809s] -- Up-to-date symlink: /home/autoware/aichallenge2023-integration-final-main/install/tier4_rtc_msgs/share/ament_index/resource_index/package_run_dependencies/tier4_rtc_msgs
[10.809s] -- Up-to-date symlink: /home/autoware/aichallenge2023-integration-final-main/install/tier4_rtc_msgs/share/ament_index/resource_index/parent_prefix_path/tier4_rtc_msgs
[10.810s] -- Up-to-date symlink: /home/autoware/aichallenge2023-integration-final-main/install/tier4_rtc_msgs/share/tier4_rtc_msgs/environment/ament_prefix_path.sh
[10.810s] -- Up-to-date symlink: /home/autoware/aichallenge2023-integration-final-main/install/tier4_rtc_msgs/share/tier4_rtc_msgs/environment/ament_prefix_path.dsv
[10.810s] -- Up-to-date symlink: /home/autoware/aichallenge2023-integration-final-main/install/tier4_rtc_msgs/share/tier4_rtc_msgs/environment/path.sh
[10.810s] -- Up-to-date symlink: /home/autoware/aichallenge2023-integration-final-main/install/tier4_rtc_msgs/share/tier4_rtc_msgs/environment/path.dsv
[10.810s] -- Up-to-date symlink: /home/autoware/aichallenge2023-integration-final-main/install/tier4_rtc_msgs/share/tier4_rtc_msgs/local_setup.bash
[10.811s] -- Up-to-date symlink: /home/autoware/aichallenge2023-integration-final-main/install/tier4_rtc_msgs/share/tier4_rtc_msgs/local_setup.sh
[10.811s] -- Up-to-date symlink: /home/autoware/aichallenge2023-integration-final-main/install/tier4_rtc_msgs/share/tier4_rtc_msgs/local_setup.zsh
[10.811s] -- Up-to-date symlink: /home/autoware/aichallenge2023-integration-final-main/install/tier4_rtc_msgs/share/tier4_rtc_msgs/local_setup.dsv
[10.811s] -- Symlinking: /home/autoware/aichallenge2023-integration-final-main/install/tier4_rtc_msgs/share/tier4_rtc_msgs/package.dsv
[10.863s] -- Up-to-date symlink: /home/autoware/aichallenge2023-integration-final-main/install/tier4_rtc_msgs/share/ament_index/resource_index/packages/tier4_rtc_msgs
[10.864s] -- Up-to-date symlink: /home/autoware/aichallenge2023-integration-final-main/install/tier4_rtc_msgs/share/tier4_rtc_msgs/cmake/rosidl_cmake-extras.cmake
[10.864s] -- Up-to-date symlink: /home/autoware/aichallenge2023-integration-final-main/install/tier4_rtc_msgs/share/tier4_rtc_msgs/cmake/ament_cmake_export_dependencies-extras.cmake
[10.864s] -- Up-to-date symlink: /home/autoware/aichallenge2023-integration-final-main/install/tier4_rtc_msgs/share/tier4_rtc_msgs/cmake/ament_cmake_export_include_directories-extras.cmake
[10.865s] -- Up-to-date symlink: /home/autoware/aichallenge2023-integration-final-main/install/tier4_rtc_msgs/share/tier4_rtc_msgs/cmake/ament_cmake_export_libraries-extras.cmake
[10.865s] -- Up-to-date symlink: /home/autoware/aichallenge2023-integration-final-main/install/tier4_rtc_msgs/share/tier4_rtc_msgs/cmake/ament_cmake_export_targets-extras.cmake
[10.865s] -- Up-to-date symlink: /home/autoware/aichallenge2023-integration-final-main/install/tier4_rtc_msgs/share/tier4_rtc_msgs/cmake/rosidl_cmake_export_typesupport_targets-extras.cmake
[10.865s] -- Up-to-date symlink: /home/autoware/aichallenge2023-integration-final-main/install/tier4_rtc_msgs/share/tier4_rtc_msgs/cmake/rosidl_cmake_export_typesupport_libraries-extras.cmake
[10.866s] -- Up-to-date symlink: /home/autoware/aichallenge2023-integration-final-main/install/tier4_rtc_msgs/share/tier4_rtc_msgs/cmake/tier4_rtc_msgsConfig.cmake
[10.866s] -- Up-to-date symlink: /home/autoware/aichallenge2023-integration-final-main/install/tier4_rtc_msgs/share/tier4_rtc_msgs/cmake/tier4_rtc_msgsConfig-version.cmake
[10.866s] -- Up-to-date symlink: /home/autoware/aichallenge2023-integration-final-main/install/tier4_rtc_msgs/share/tier4_rtc_msgs/package.xml
[10.867s] -- Up-to-date: /home/autoware/aichallenge2023-integration-final-main/install/tier4_rtc_msgs/lib/libtier4_rtc_msgs__rosidl_generator_c.so
[10.867s] -- Up-to-date: /home/autoware/aichallenge2023-integration-final-main/install/tier4_rtc_msgs/lib/libtier4_rtc_msgs__rosidl_typesupport_fastrtps_c.so
[10.868s] -- Up-to-date: /home/autoware/aichallenge2023-integration-final-main/install/tier4_rtc_msgs/lib/libtier4_rtc_msgs__rosidl_typesupport_introspection_c.so
[10.868s] -- Up-to-date: /home/autoware/aichallenge2023-integration-final-main/install/tier4_rtc_msgs/lib/libtier4_rtc_msgs__rosidl_typesupport_c.so
[10.868s] -- Up-to-date: /home/autoware/aichallenge2023-integration-final-main/install/tier4_rtc_msgs/lib/libtier4_rtc_msgs__rosidl_typesupport_fastrtps_cpp.so
[10.869s] -- Up-to-date: /home/autoware/aichallenge2023-integration-final-main/install/tier4_rtc_msgs/lib/libtier4_rtc_msgs__rosidl_typesupport_introspection_cpp.so
[10.869s] -- Up-to-date: /home/autoware/aichallenge2023-integration-final-main/install/tier4_rtc_msgs/lib/libtier4_rtc_msgs__rosidl_typesupport_cpp.so
[10.996s] Listing '/home/autoware/aichallenge2023-integration-final-main/install/tier4_rtc_msgs/local/lib/python3.10/dist-packages/tier4_rtc_msgs'...
[10.996s] Listing '/home/autoware/aichallenge2023-integration-final-main/install/tier4_rtc_msgs/local/lib/python3.10/dist-packages/tier4_rtc_msgs/msg'...
[10.996s] Listing '/home/autoware/aichallenge2023-integration-final-main/install/tier4_rtc_msgs/local/lib/python3.10/dist-packages/tier4_rtc_msgs/srv'...
[11.003s] -- Up-to-date: /home/autoware/aichallenge2023-integration-final-main/install/tier4_rtc_msgs/lib/libtier4_rtc_msgs__rosidl_generator_py.so
[11.004s] -- Up-to-date: /home/autoware/aichallenge2023-integration-final-main/install/tier4_rtc_msgs/share/tier4_rtc_msgs/cmake/export_tier4_rtc_msgs__rosidl_generator_cExport.cmake
[11.004s] -- Up-to-date: /home/autoware/aichallenge2023-integration-final-main/install/tier4_rtc_msgs/share/tier4_rtc_msgs/cmake/export_tier4_rtc_msgs__rosidl_generator_cExport-release.cmake
[11.004s] -- Up-to-date: /home/autoware/aichallenge2023-integration-final-main/install/tier4_rtc_msgs/share/tier4_rtc_msgs/cmake/export_tier4_rtc_msgs__rosidl_typesupport_fastrtps_cExport.cmake
[11.004s] -- Up-to-date: /home/autoware/aichallenge2023-integration-final-main/install/tier4_rtc_msgs/share/tier4_rtc_msgs/cmake/export_tier4_rtc_msgs__rosidl_typesupport_fastrtps_cExport-release.cmake
[11.005s] -- Up-to-date: /home/autoware/aichallenge2023-integration-final-main/install/tier4_rtc_msgs/share/tier4_rtc_msgs/cmake/tier4_rtc_msgs__rosidl_typesupport_introspection_cExport.cmake
[11.005s] -- Up-to-date: /home/autoware/aichallenge2023-integration-final-main/install/tier4_rtc_msgs/share/tier4_rtc_msgs/cmake/tier4_rtc_msgs__rosidl_typesupport_introspection_cExport-release.cmake
[11.005s] -- Up-to-date: /home/autoware/aichallenge2023-integration-final-main/install/tier4_rtc_msgs/share/tier4_rtc_msgs/cmake/tier4_rtc_msgs__rosidl_typesupport_cExport.cmake
[11.005s] -- Up-to-date: /home/autoware/aichallenge2023-integration-final-main/install/tier4_rtc_msgs/share/tier4_rtc_msgs/cmake/tier4_rtc_msgs__rosidl_typesupport_cExport-release.cmake
[11.005s] -- Up-to-date: /home/autoware/aichallenge2023-integration-final-main/install/tier4_rtc_msgs/share/tier4_rtc_msgs/cmake/export_tier4_rtc_msgs__rosidl_generator_cppExport.cmake
[11.005s] -- Up-to-date: /home/autoware/aichallenge2023-integration-final-main/install/tier4_rtc_msgs/share/tier4_rtc_msgs/cmake/export_tier4_rtc_msgs__rosidl_typesupport_fastrtps_cppExport.cmake
[11.005s] -- Up-to-date: /home/autoware/aichallenge2023-integration-final-main/install/tier4_rtc_msgs/share/tier4_rtc_msgs/cmake/export_tier4_rtc_msgs__rosidl_typesupport_fastrtps_cppExport-release.cmake
[11.005s] -- Up-to-date: /home/autoware/aichallenge2023-integration-final-main/install/tier4_rtc_msgs/share/tier4_rtc_msgs/cmake/tier4_rtc_msgs__rosidl_typesupport_introspection_cppExport.cmake
[11.005s] -- Up-to-date: /home/autoware/aichallenge2023-integration-final-main/install/tier4_rtc_msgs/share/tier4_rtc_msgs/cmake/tier4_rtc_msgs__rosidl_typesupport_introspection_cppExport-release.cmake
[11.006s] -- Up-to-date: /home/autoware/aichallenge2023-integration-final-main/install/tier4_rtc_msgs/share/tier4_rtc_msgs/cmake/tier4_rtc_msgs__rosidl_typesupport_cppExport.cmake
[11.006s] -- Up-to-date: /home/autoware/aichallenge2023-integration-final-main/install/tier4_rtc_msgs/share/tier4_rtc_msgs/cmake/tier4_rtc_msgs__rosidl_typesupport_cppExport-release.cmake
[11.006s] -- Up-to-date: /home/autoware/aichallenge2023-integration-final-main/install/tier4_rtc_msgs/share/tier4_rtc_msgs/cmake/export_tier4_rtc_msgs__rosidl_generator_pyExport.cmake
[11.006s] -- Up-to-date: /home/autoware/aichallenge2023-integration-final-main/install/tier4_rtc_msgs/share/tier4_rtc_msgs/cmake/export_tier4_rtc_msgs__rosidl_generator_pyExport-release.cmake
[11.016s] Invoked command in '/home/autoware/aichallenge2023-integration-final-main/build/tier4_rtc_msgs' returned '0': CMAKE_PREFIX_PATH=${CMAKE_PREFIX_PATH}:/home/autoware/aichallenge2023-integration-final-main/install/simulator_compatibility_test:/home/autoware/aichallenge2023-integration-final-main/install/ad_api_visualizers:/home/autoware/autoware/install/simulator_compatibility_test:/home/autoware/autoware/install/ad_api_visualizers:/opt/ros/humble /usr/bin/cmake --install /home/autoware/aichallenge2023-integration-final-main/build/tier4_rtc_msgs
