[0.370s] Invoking command in '/home/autoware/aichallenge2023-integration-final-main/build/autoware_perception_msgs': CMAKE_PREFIX_PATH=${CMAKE_PREFIX_PATH}:/home/autoware/aichallenge2023-integration-final-main/install/simulator_compatibility_test:/home/autoware/aichallenge2023-integration-final-main/install/ad_api_visualizers:/home/autoware/autoware/install/simulator_compatibility_test:/home/autoware/autoware/install/ad_api_visualizers:/opt/ros/humble /usr/bin/cmake --build /home/autoware/aichallenge2023-integration-final-main/build/autoware_perception_msgs -- -j16 -l16
[1.217s] [  1%] Built target autoware_perception_msgs__cpp
[1.274s] [ 12%] Built target autoware_perception_msgs__rosidl_generator_c
[1.396s] [ 12%] Built target ament_cmake_python_symlink_autoware_perception_msgs
[1.671s] [ 23%] Built target autoware_perception_msgs__rosidl_typesupport_introspection_cpp
[1.756s] [ 36%] Built target autoware_perception_msgs__rosidl_typesupport_cpp
[1.756s] [ 46%] Built target autoware_perception_msgs__rosidl_typesupport_fastrtps_cpp
[1.802s] [ 57%] Built target autoware_perception_msgs__rosidl_typesupport_c
[1.806s] [ 68%] Built target autoware_perception_msgs__rosidl_typesupport_introspection_c
[1.811s] [ 79%] Built target autoware_perception_msgs__rosidl_typesupport_fastrtps_c
[2.283s] [ 79%] Built target autoware_perception_msgs
[2.611s] running egg_info
[2.612s] writing autoware_perception_msgs.egg-info/PKG-INFO
[2.613s] writing dependency_links to autoware_perception_msgs.egg-info/dependency_links.txt
[2.613s] writing top-level names to autoware_perception_msgs.egg-info/top_level.txt
[2.617s] reading manifest file 'autoware_perception_msgs.egg-info/SOURCES.txt'
[2.619s] writing manifest file 'autoware_perception_msgs.egg-info/SOURCES.txt'
[2.742s] [ 80%] Built target autoware_perception_msgs__py
[2.779s] [ 80%] Built target ament_cmake_python_build_autoware_perception_msgs_egg
[3.099s] [ 90%] Built target autoware_perception_msgs__rosidl_generator_py
[3.470s] [ 93%] Built target autoware_perception_msgs__rosidl_typesupport_introspection_c__pyext
[3.508s] [ 96%] Built target autoware_perception_msgs__rosidl_typesupport_c__pyext
[3.540s] [100%] Built target autoware_perception_msgs__rosidl_typesupport_fastrtps_c__pyext
[3.647s] Invoked command in '/home/autoware/aichallenge2023-integration-final-main/build/autoware_perception_msgs' returned '0': CMAKE_PREFIX_PATH=${CMAKE_PREFIX_PATH}:/home/autoware/aichallenge2023-integration-final-main/install/simulator_compatibility_test:/home/autoware/aichallenge2023-integration-final-main/install/ad_api_visualizers:/home/autoware/autoware/install/simulator_compatibility_test:/home/autoware/autoware/install/ad_api_visualizers:/opt/ros/humble /usr/bin/cmake --build /home/autoware/aichallenge2023-integration-final-main/build/autoware_perception_msgs -- -j16 -l16
[9.380s] Invoking command in '/home/autoware/aichallenge2023-integration-final-main/build/autoware_perception_msgs': CMAKE_PREFIX_PATH=${CMAKE_PREFIX_PATH}:/home/autoware/aichallenge2023-integration-final-main/install/simulator_compatibility_test:/home/autoware/aichallenge2023-integration-final-main/install/ad_api_visualizers:/home/autoware/autoware/install/simulator_compatibility_test:/home/autoware/autoware/install/ad_api_visualizers:/opt/ros/humble /usr/bin/cmake --install /home/autoware/aichallenge2023-integration-final-main/build/autoware_perception_msgs
[9.465s] -- Install configuration: "Release"
[9.466s] -- Execute custom install script
[9.467s] -- Up-to-date symlink: /home/autoware/aichallenge2023-integration-final-main/install/autoware_perception_msgs/share/ament_index/resource_index/rosidl_interfaces/autoware_perception_msgs
[9.472s] -- Up-to-date symlink: /home/autoware/aichallenge2023-integration-final-main/install/autoware_perception_msgs/include/autoware_perception_msgs/autoware_perception_msgs/msg/detail/traffic_light__functions.h
[9.472s] -- Up-to-date symlink: /home/autoware/aichallenge2023-integration-final-main/install/autoware_perception_msgs/include/autoware_perception_msgs/autoware_perception_msgs/msg/detail/traffic_light__struct.h
[9.473s] -- Up-to-date symlink: /home/autoware/aichallenge2023-integration-final-main/install/autoware_perception_msgs/include/autoware_perception_msgs/autoware_perception_msgs/msg/detail/traffic_light__type_support.h
[9.473s] -- Up-to-date symlink: /home/autoware/aichallenge2023-integration-final-main/install/autoware_perception_msgs/include/autoware_perception_msgs/autoware_perception_msgs/msg/detail/traffic_light_array__functions.h
[9.473s] -- Up-to-date symlink: /home/autoware/aichallenge2023-integration-final-main/install/autoware_perception_msgs/include/autoware_perception_msgs/autoware_perception_msgs/msg/detail/traffic_light_array__struct.h
[9.473s] -- Up-to-date symlink: /home/autoware/aichallenge2023-integration-final-main/install/autoware_perception_msgs/include/autoware_perception_msgs/autoware_perception_msgs/msg/detail/traffic_light_array__type_support.h
[9.473s] -- Up-to-date symlink: /home/autoware/aichallenge2023-integration-final-main/install/autoware_perception_msgs/include/autoware_perception_msgs/autoware_perception_msgs/msg/detail/traffic_light_element__functions.h
[9.473s] -- Up-to-date symlink: /home/autoware/aichallenge2023-integration-final-main/install/autoware_perception_msgs/include/autoware_perception_msgs/autoware_perception_msgs/msg/detail/traffic_light_element__struct.h
[9.473s] -- Up-to-date symlink: /home/autoware/aichallenge2023-integration-final-main/install/autoware_perception_msgs/include/autoware_perception_msgs/autoware_perception_msgs/msg/detail/traffic_light_element__type_support.h
[9.474s] -- Up-to-date symlink: /home/autoware/aichallenge2023-integration-final-main/install/autoware_perception_msgs/include/autoware_perception_msgs/autoware_perception_msgs/msg/detail/traffic_signal__functions.h
[9.474s] -- Up-to-date symlink: /home/autoware/aichallenge2023-integration-final-main/install/autoware_perception_msgs/include/autoware_perception_msgs/autoware_perception_msgs/msg/detail/traffic_signal__struct.h
[9.474s] -- Up-to-date symlink: /home/autoware/aichallenge2023-integration-final-main/install/autoware_perception_msgs/include/autoware_perception_msgs/autoware_perception_msgs/msg/detail/traffic_signal__type_support.h
[9.474s] -- Up-to-date symlink: /home/autoware/aichallenge2023-integration-final-main/install/autoware_perception_msgs/include/autoware_perception_msgs/autoware_perception_msgs/msg/detail/traffic_signal_array__functions.h
[9.474s] -- Up-to-date symlink: /home/autoware/aichallenge2023-integration-final-main/install/autoware_perception_msgs/include/autoware_perception_msgs/autoware_perception_msgs/msg/detail/traffic_signal_array__struct.h
[9.474s] -- Up-to-date symlink: /home/autoware/aichallenge2023-integration-final-main/install/autoware_perception_msgs/include/autoware_perception_msgs/autoware_perception_msgs/msg/detail/traffic_signal_array__type_support.h
[9.474s] -- Up-to-date symlink: /home/autoware/aichallenge2023-integration-final-main/install/autoware_perception_msgs/include/autoware_perception_msgs/autoware_perception_msgs/msg/rosidl_generator_c__visibility_control.h
[9.477s] -- Up-to-date symlink: /home/autoware/aichallenge2023-integration-final-main/install/autoware_perception_msgs/include/autoware_perception_msgs/autoware_perception_msgs/msg/traffic_light.h
[9.477s] -- Up-to-date symlink: /home/autoware/aichallenge2023-integration-final-main/install/autoware_perception_msgs/include/autoware_perception_msgs/autoware_perception_msgs/msg/traffic_light_array.h
[9.477s] -- Up-to-date symlink: /home/autoware/aichallenge2023-integration-final-main/install/autoware_perception_msgs/include/autoware_perception_msgs/autoware_perception_msgs/msg/traffic_light_element.h
[9.477s] -- Up-to-date symlink: /home/autoware/aichallenge2023-integration-final-main/install/autoware_perception_msgs/include/autoware_perception_msgs/autoware_perception_msgs/msg/traffic_signal.h
[9.478s] -- Up-to-date symlink: /home/autoware/aichallenge2023-integration-final-main/install/autoware_perception_msgs/include/autoware_perception_msgs/autoware_perception_msgs/msg/traffic_signal_array.h
[9.478s] -- Up-to-date symlink: /home/autoware/aichallenge2023-integration-final-main/install/autoware_perception_msgs/share/autoware_perception_msgs/environment/library_path.sh
[9.478s] -- Up-to-date symlink: /home/autoware/aichallenge2023-integration-final-main/install/autoware_perception_msgs/share/autoware_perception_msgs/environment/library_path.dsv
[9.478s] -- Up-to-date symlink: /home/autoware/aichallenge2023-integration-final-main/install/autoware_perception_msgs/include/autoware_perception_msgs/autoware_perception_msgs/msg/detail/traffic_light__rosidl_typesupport_fastrtps_c.h
[9.478s] -- Up-to-date symlink: /home/autoware/aichallenge2023-integration-final-main/install/autoware_perception_msgs/include/autoware_perception_msgs/autoware_perception_msgs/msg/detail/traffic_light_array__rosidl_typesupport_fastrtps_c.h
[9.478s] -- Up-to-date symlink: /home/autoware/aichallenge2023-integration-final-main/install/autoware_perception_msgs/include/autoware_perception_msgs/autoware_perception_msgs/msg/detail/traffic_light_element__rosidl_typesupport_fastrtps_c.h
[9.478s] -- Up-to-date symlink: /home/autoware/aichallenge2023-integration-final-main/install/autoware_perception_msgs/include/autoware_perception_msgs/autoware_perception_msgs/msg/detail/traffic_signal__rosidl_typesupport_fastrtps_c.h
[9.479s] -- Up-to-date symlink: /home/autoware/aichallenge2023-integration-final-main/install/autoware_perception_msgs/include/autoware_perception_msgs/autoware_perception_msgs/msg/detail/traffic_signal_array__rosidl_typesupport_fastrtps_c.h
[9.479s] -- Up-to-date symlink: /home/autoware/aichallenge2023-integration-final-main/install/autoware_perception_msgs/include/autoware_perception_msgs/autoware_perception_msgs/msg/rosidl_typesupport_fastrtps_c__visibility_control.h
[9.479s] -- Up-to-date symlink: /home/autoware/aichallenge2023-integration-final-main/install/autoware_perception_msgs/include/autoware_perception_msgs/autoware_perception_msgs/msg/detail/traffic_light__builder.hpp
[9.479s] -- Up-to-date symlink: /home/autoware/aichallenge2023-integration-final-main/install/autoware_perception_msgs/include/autoware_perception_msgs/autoware_perception_msgs/msg/detail/traffic_light__struct.hpp
[9.480s] -- Up-to-date symlink: /home/autoware/aichallenge2023-integration-final-main/install/autoware_perception_msgs/include/autoware_perception_msgs/autoware_perception_msgs/msg/detail/traffic_light__traits.hpp
[9.480s] -- Up-to-date symlink: /home/autoware/aichallenge2023-integration-final-main/install/autoware_perception_msgs/include/autoware_perception_msgs/autoware_perception_msgs/msg/detail/traffic_light_array__builder.hpp
[9.480s] -- Up-to-date symlink: /home/autoware/aichallenge2023-integration-final-main/install/autoware_perception_msgs/include/autoware_perception_msgs/autoware_perception_msgs/msg/detail/traffic_light_array__struct.hpp
[9.481s] -- Up-to-date symlink: /home/autoware/aichallenge2023-integration-final-main/install/autoware_perception_msgs/include/autoware_perception_msgs/autoware_perception_msgs/msg/detail/traffic_light_array__traits.hpp
[9.481s] -- Up-to-date symlink: /home/autoware/aichallenge2023-integration-final-main/install/autoware_perception_msgs/include/autoware_perception_msgs/autoware_perception_msgs/msg/detail/traffic_light_element__builder.hpp
[9.481s] -- Up-to-date symlink: /home/autoware/aichallenge2023-integration-final-main/install/autoware_perception_msgs/include/autoware_perception_msgs/autoware_perception_msgs/msg/detail/traffic_light_element__struct.hpp
[9.481s] -- Up-to-date symlink: /home/autoware/aichallenge2023-integration-final-main/install/autoware_perception_msgs/include/autoware_perception_msgs/autoware_perception_msgs/msg/detail/traffic_light_element__traits.hpp
[9.481s] -- Up-to-date symlink: /home/autoware/aichallenge2023-integration-final-main/install/autoware_perception_msgs/include/autoware_perception_msgs/autoware_perception_msgs/msg/detail/traffic_signal__builder.hpp
[9.481s] -- Up-to-date symlink: /home/autoware/aichallenge2023-integration-final-main/install/autoware_perception_msgs/include/autoware_perception_msgs/autoware_perception_msgs/msg/detail/traffic_signal__struct.hpp
[9.481s] -- Up-to-date symlink: /home/autoware/aichallenge2023-integration-final-main/install/autoware_perception_msgs/include/autoware_perception_msgs/autoware_perception_msgs/msg/detail/traffic_signal__traits.hpp
[9.481s] -- Up-to-date symlink: /home/autoware/aichallenge2023-integration-final-main/install/autoware_perception_msgs/include/autoware_perception_msgs/autoware_perception_msgs/msg/detail/traffic_signal_array__builder.hpp
[9.482s] -- Up-to-date symlink: /home/autoware/aichallenge2023-integration-final-main/install/autoware_perception_msgs/include/autoware_perception_msgs/autoware_perception_msgs/msg/detail/traffic_signal_array__struct.hpp
[9.482s] -- Up-to-date symlink: /home/autoware/aichallenge2023-integration-final-main/install/autoware_perception_msgs/include/autoware_perception_msgs/autoware_perception_msgs/msg/detail/traffic_signal_array__traits.hpp
[9.482s] -- Up-to-date symlink: /home/autoware/aichallenge2023-integration-final-main/install/autoware_perception_msgs/include/autoware_perception_msgs/autoware_perception_msgs/msg/traffic_light.hpp
[9.482s] -- Up-to-date symlink: /home/autoware/aichallenge2023-integration-final-main/install/autoware_perception_msgs/include/autoware_perception_msgs/autoware_perception_msgs/msg/traffic_light_array.hpp
[9.482s] -- Up-to-date symlink: /home/autoware/aichallenge2023-integration-final-main/install/autoware_perception_msgs/include/autoware_perception_msgs/autoware_perception_msgs/msg/traffic_light_element.hpp
[9.482s] -- Up-to-date symlink: /home/autoware/aichallenge2023-integration-final-main/install/autoware_perception_msgs/include/autoware_perception_msgs/autoware_perception_msgs/msg/traffic_signal.hpp
[9.482s] -- Up-to-date symlink: /home/autoware/aichallenge2023-integration-final-main/install/autoware_perception_msgs/include/autoware_perception_msgs/autoware_perception_msgs/msg/traffic_signal_array.hpp
[9.483s] -- Up-to-date symlink: /home/autoware/aichallenge2023-integration-final-main/install/autoware_perception_msgs/include/autoware_perception_msgs/autoware_perception_msgs/msg/detail/traffic_light__rosidl_typesupport_fastrtps_cpp.hpp
[9.483s] -- Up-to-date symlink: /home/autoware/aichallenge2023-integration-final-main/install/autoware_perception_msgs/include/autoware_perception_msgs/autoware_perception_msgs/msg/detail/traffic_light_array__rosidl_typesupport_fastrtps_cpp.hpp
[9.483s] -- Up-to-date symlink: /home/autoware/aichallenge2023-integration-final-main/install/autoware_perception_msgs/include/autoware_perception_msgs/autoware_perception_msgs/msg/detail/traffic_light_element__rosidl_typesupport_fastrtps_cpp.hpp
[9.483s] -- Up-to-date symlink: /home/autoware/aichallenge2023-integration-final-main/install/autoware_perception_msgs/include/autoware_perception_msgs/autoware_perception_msgs/msg/detail/traffic_signal__rosidl_typesupport_fastrtps_cpp.hpp
[9.483s] -- Up-to-date symlink: /home/autoware/aichallenge2023-integration-final-main/install/autoware_perception_msgs/include/autoware_perception_msgs/autoware_perception_msgs/msg/detail/traffic_signal_array__rosidl_typesupport_fastrtps_cpp.hpp
[9.483s] -- Up-to-date symlink: /home/autoware/aichallenge2023-integration-final-main/install/autoware_perception_msgs/include/autoware_perception_msgs/autoware_perception_msgs/msg/rosidl_typesupport_fastrtps_cpp__visibility_control.h
[9.483s] -- Up-to-date symlink: /home/autoware/aichallenge2023-integration-final-main/install/autoware_perception_msgs/include/autoware_perception_msgs/autoware_perception_msgs/msg/detail/traffic_light__rosidl_typesupport_introspection_c.h
[9.483s] -- Up-to-date symlink: /home/autoware/aichallenge2023-integration-final-main/install/autoware_perception_msgs/include/autoware_perception_msgs/autoware_perception_msgs/msg/detail/traffic_light_array__rosidl_typesupport_introspection_c.h
[9.484s] -- Up-to-date symlink: /home/autoware/aichallenge2023-integration-final-main/install/autoware_perception_msgs/include/autoware_perception_msgs/autoware_perception_msgs/msg/detail/traffic_light_element__rosidl_typesupport_introspection_c.h
[9.484s] -- Up-to-date symlink: /home/autoware/aichallenge2023-integration-final-main/install/autoware_perception_msgs/include/autoware_perception_msgs/autoware_perception_msgs/msg/detail/traffic_signal__rosidl_typesupport_introspection_c.h
[9.484s] -- Up-to-date symlink: /home/autoware/aichallenge2023-integration-final-main/install/autoware_perception_msgs/include/autoware_perception_msgs/autoware_perception_msgs/msg/detail/traffic_signal_array__rosidl_typesupport_introspection_c.h
[9.485s] -- Up-to-date symlink: /home/autoware/aichallenge2023-integration-final-main/install/autoware_perception_msgs/include/autoware_perception_msgs/autoware_perception_msgs/msg/rosidl_typesupport_introspection_c__visibility_control.h
[9.485s] -- Up-to-date symlink: /home/autoware/aichallenge2023-integration-final-main/install/autoware_perception_msgs/include/autoware_perception_msgs/autoware_perception_msgs/msg/detail/traffic_light__rosidl_typesupport_introspection_cpp.hpp
[9.485s] -- Up-to-date symlink: /home/autoware/aichallenge2023-integration-final-main/install/autoware_perception_msgs/include/autoware_perception_msgs/autoware_perception_msgs/msg/detail/traffic_light_array__rosidl_typesupport_introspection_cpp.hpp
[9.490s] -- Up-to-date symlink: /home/autoware/aichallenge2023-integration-final-main/install/autoware_perception_msgs/include/autoware_perception_msgs/autoware_perception_msgs/msg/detail/traffic_light_element__rosidl_typesupport_introspection_cpp.hpp
[9.491s] -- Up-to-date symlink: /home/autoware/aichallenge2023-integration-final-main/install/autoware_perception_msgs/include/autoware_perception_msgs/autoware_perception_msgs/msg/detail/traffic_signal__rosidl_typesupport_introspection_cpp.hpp
[9.492s] -- Up-to-date symlink: /home/autoware/aichallenge2023-integration-final-main/install/autoware_perception_msgs/include/autoware_perception_msgs/autoware_perception_msgs/msg/detail/traffic_signal_array__rosidl_typesupport_introspection_cpp.hpp
[9.492s] -- Up-to-date symlink: /home/autoware/aichallenge2023-integration-final-main/install/autoware_perception_msgs/share/autoware_perception_msgs/environment/pythonpath.sh
[9.492s] -- Up-to-date symlink: /home/autoware/aichallenge2023-integration-final-main/install/autoware_perception_msgs/share/autoware_perception_msgs/environment/pythonpath.dsv
[9.492s] -- Up-to-date symlink: /home/autoware/aichallenge2023-integration-final-main/install/autoware_perception_msgs/local/lib/python3.10/dist-packages/autoware_perception_msgs-1.0.0-py3.10.egg-info/PKG-INFO
[9.492s] -- Up-to-date symlink: /home/autoware/aichallenge2023-integration-final-main/install/autoware_perception_msgs/local/lib/python3.10/dist-packages/autoware_perception_msgs-1.0.0-py3.10.egg-info/SOURCES.txt
[9.492s] -- Up-to-date symlink: /home/autoware/aichallenge2023-integration-final-main/install/autoware_perception_msgs/local/lib/python3.10/dist-packages/autoware_perception_msgs-1.0.0-py3.10.egg-info/dependency_links.txt
[9.492s] -- Up-to-date symlink: /home/autoware/aichallenge2023-integration-final-main/install/autoware_perception_msgs/local/lib/python3.10/dist-packages/autoware_perception_msgs-1.0.0-py3.10.egg-info/top_level.txt
[9.492s] -- Up-to-date symlink: /home/autoware/aichallenge2023-integration-final-main/install/autoware_perception_msgs/local/lib/python3.10/dist-packages/autoware_perception_msgs/__init__.py
[9.492s] -- Up-to-date symlink: /home/autoware/aichallenge2023-integration-final-main/install/autoware_perception_msgs/local/lib/python3.10/dist-packages/autoware_perception_msgs/_autoware_perception_msgs_s.ep.rosidl_typesupport_c.c
[9.493s] -- Up-to-date symlink: /home/autoware/aichallenge2023-integration-final-main/install/autoware_perception_msgs/local/lib/python3.10/dist-packages/autoware_perception_msgs/_autoware_perception_msgs_s.ep.rosidl_typesupport_fastrtps_c.c
[9.493s] -- Up-to-date symlink: /home/autoware/aichallenge2023-integration-final-main/install/autoware_perception_msgs/local/lib/python3.10/dist-packages/autoware_perception_msgs/_autoware_perception_msgs_s.ep.rosidl_typesupport_introspection_c.c
[9.493s] -- Up-to-date symlink: /home/autoware/aichallenge2023-integration-final-main/install/autoware_perception_msgs/local/lib/python3.10/dist-packages/autoware_perception_msgs/autoware_perception_msgs_s__rosidl_typesupport_c.cpython-310-x86_64-linux-gnu.so
[9.493s] -- Up-to-date symlink: /home/autoware/aichallenge2023-integration-final-main/install/autoware_perception_msgs/local/lib/python3.10/dist-packages/autoware_perception_msgs/autoware_perception_msgs_s__rosidl_typesupport_fastrtps_c.cpython-310-x86_64-linux-gnu.so
[9.493s] -- Up-to-date symlink: /home/autoware/aichallenge2023-integration-final-main/install/autoware_perception_msgs/local/lib/python3.10/dist-packages/autoware_perception_msgs/autoware_perception_msgs_s__rosidl_typesupport_introspection_c.cpython-310-x86_64-linux-gnu.so
[9.493s] -- Up-to-date symlink: /home/autoware/aichallenge2023-integration-final-main/install/autoware_perception_msgs/local/lib/python3.10/dist-packages/autoware_perception_msgs/libautoware_perception_msgs__rosidl_generator_py.so
[9.493s] -- Up-to-date symlink: /home/autoware/aichallenge2023-integration-final-main/install/autoware_perception_msgs/local/lib/python3.10/dist-packages/autoware_perception_msgs/msg/__init__.py
[9.494s] -- Up-to-date symlink: /home/autoware/aichallenge2023-integration-final-main/install/autoware_perception_msgs/local/lib/python3.10/dist-packages/autoware_perception_msgs/msg/_traffic_light.py
[9.494s] -- Up-to-date symlink: /home/autoware/aichallenge2023-integration-final-main/install/autoware_perception_msgs/local/lib/python3.10/dist-packages/autoware_perception_msgs/msg/_traffic_light_array.py
[9.494s] -- Up-to-date symlink: /home/autoware/aichallenge2023-integration-final-main/install/autoware_perception_msgs/local/lib/python3.10/dist-packages/autoware_perception_msgs/msg/_traffic_light_array_s.c
[9.494s] -- Up-to-date symlink: /home/autoware/aichallenge2023-integration-final-main/install/autoware_perception_msgs/local/lib/python3.10/dist-packages/autoware_perception_msgs/msg/_traffic_light_element.py
[9.494s] -- Up-to-date symlink: /home/autoware/aichallenge2023-integration-final-main/install/autoware_perception_msgs/local/lib/python3.10/dist-packages/autoware_perception_msgs/msg/_traffic_light_element_s.c
[9.494s] -- Up-to-date symlink: /home/autoware/aichallenge2023-integration-final-main/install/autoware_perception_msgs/local/lib/python3.10/dist-packages/autoware_perception_msgs/msg/_traffic_light_s.c
[9.494s] -- Up-to-date symlink: /home/autoware/aichallenge2023-integration-final-main/install/autoware_perception_msgs/local/lib/python3.10/dist-packages/autoware_perception_msgs/msg/_traffic_signal.py
[9.494s] -- Up-to-date symlink: /home/autoware/aichallenge2023-integration-final-main/install/autoware_perception_msgs/local/lib/python3.10/dist-packages/autoware_perception_msgs/msg/_traffic_signal_array.py
[9.495s] -- Up-to-date symlink: /home/autoware/aichallenge2023-integration-final-main/install/autoware_perception_msgs/local/lib/python3.10/dist-packages/autoware_perception_msgs/msg/_traffic_signal_array_s.c
[9.495s] -- Up-to-date symlink: /home/autoware/aichallenge2023-integration-final-main/install/autoware_perception_msgs/local/lib/python3.10/dist-packages/autoware_perception_msgs/msg/_traffic_signal_s.c
[9.495s] -- Up-to-date symlink: /home/autoware/aichallenge2023-integration-final-main/install/autoware_perception_msgs/local/lib/python3.10/dist-packages/autoware_perception_msgs/autoware_perception_msgs_s__rosidl_typesupport_fastrtps_c.cpython-310-x86_64-linux-gnu.so
[9.495s] -- Up-to-date symlink: /home/autoware/aichallenge2023-integration-final-main/install/autoware_perception_msgs/local/lib/python3.10/dist-packages/autoware_perception_msgs/autoware_perception_msgs_s__rosidl_typesupport_introspection_c.cpython-310-x86_64-linux-gnu.so
[9.495s] -- Up-to-date symlink: /home/autoware/aichallenge2023-integration-final-main/install/autoware_perception_msgs/local/lib/python3.10/dist-packages/autoware_perception_msgs/autoware_perception_msgs_s__rosidl_typesupport_c.cpython-310-x86_64-linux-gnu.so
[9.495s] -- Up-to-date symlink: /home/autoware/aichallenge2023-integration-final-main/install/autoware_perception_msgs/share/autoware_perception_msgs/msg/TrafficLight.idl
[9.495s] -- Up-to-date symlink: /home/autoware/aichallenge2023-integration-final-main/install/autoware_perception_msgs/share/autoware_perception_msgs/msg/TrafficLightArray.idl
[9.496s] -- Up-to-date symlink: /home/autoware/aichallenge2023-integration-final-main/install/autoware_perception_msgs/share/autoware_perception_msgs/msg/TrafficLightElement.idl
[9.496s] -- Up-to-date symlink: /home/autoware/aichallenge2023-integration-final-main/install/autoware_perception_msgs/share/autoware_perception_msgs/msg/TrafficSignal.idl
[9.496s] -- Up-to-date symlink: /home/autoware/aichallenge2023-integration-final-main/install/autoware_perception_msgs/share/autoware_perception_msgs/msg/TrafficSignalArray.idl
[9.496s] -- Up-to-date symlink: /home/autoware/aichallenge2023-integration-final-main/install/autoware_perception_msgs/share/autoware_perception_msgs/msg/TrafficLight.msg
[9.496s] -- Up-to-date symlink: /home/autoware/aichallenge2023-integration-final-main/install/autoware_perception_msgs/share/autoware_perception_msgs/msg/TrafficLightArray.msg
[9.496s] -- Up-to-date symlink: /home/autoware/aichallenge2023-integration-final-main/install/autoware_perception_msgs/share/autoware_perception_msgs/msg/TrafficLightElement.msg
[9.496s] -- Up-to-date symlink: /home/autoware/aichallenge2023-integration-final-main/install/autoware_perception_msgs/share/autoware_perception_msgs/msg/TrafficSignal.msg
[9.497s] -- Up-to-date symlink: /home/autoware/aichallenge2023-integration-final-main/install/autoware_perception_msgs/share/autoware_perception_msgs/msg/TrafficSignalArray.msg
[9.498s] -- Up-to-date symlink: /home/autoware/aichallenge2023-integration-final-main/install/autoware_perception_msgs/share/ament_index/resource_index/package_run_dependencies/autoware_perception_msgs
[9.498s] -- Up-to-date symlink: /home/autoware/aichallenge2023-integration-final-main/install/autoware_perception_msgs/share/ament_index/resource_index/parent_prefix_path/autoware_perception_msgs
[9.498s] -- Up-to-date symlink: /home/autoware/aichallenge2023-integration-final-main/install/autoware_perception_msgs/share/autoware_perception_msgs/environment/ament_prefix_path.sh
[9.498s] -- Up-to-date symlink: /home/autoware/aichallenge2023-integration-final-main/install/autoware_perception_msgs/share/autoware_perception_msgs/environment/ament_prefix_path.dsv
[9.498s] -- Up-to-date symlink: /home/autoware/aichallenge2023-integration-final-main/install/autoware_perception_msgs/share/autoware_perception_msgs/environment/path.sh
[9.499s] -- Up-to-date symlink: /home/autoware/aichallenge2023-integration-final-main/install/autoware_perception_msgs/share/autoware_perception_msgs/environment/path.dsv
[9.499s] -- Up-to-date symlink: /home/autoware/aichallenge2023-integration-final-main/install/autoware_perception_msgs/share/autoware_perception_msgs/local_setup.bash
[9.499s] -- Up-to-date symlink: /home/autoware/aichallenge2023-integration-final-main/install/autoware_perception_msgs/share/autoware_perception_msgs/local_setup.sh
[9.500s] -- Up-to-date symlink: /home/autoware/aichallenge2023-integration-final-main/install/autoware_perception_msgs/share/autoware_perception_msgs/local_setup.zsh
[9.500s] -- Up-to-date symlink: /home/autoware/aichallenge2023-integration-final-main/install/autoware_perception_msgs/share/autoware_perception_msgs/local_setup.dsv
[9.500s] -- Symlinking: /home/autoware/aichallenge2023-integration-final-main/install/autoware_perception_msgs/share/autoware_perception_msgs/package.dsv
[9.586s] -- Up-to-date symlink: /home/autoware/aichallenge2023-integration-final-main/install/autoware_perception_msgs/share/ament_index/resource_index/packages/autoware_perception_msgs
[9.587s] -- Up-to-date symlink: /home/autoware/aichallenge2023-integration-final-main/install/autoware_perception_msgs/share/autoware_perception_msgs/cmake/rosidl_cmake-extras.cmake
[9.587s] -- Up-to-date symlink: /home/autoware/aichallenge2023-integration-final-main/install/autoware_perception_msgs/share/autoware_perception_msgs/cmake/ament_cmake_export_dependencies-extras.cmake
[9.587s] -- Up-to-date symlink: /home/autoware/aichallenge2023-integration-final-main/install/autoware_perception_msgs/share/autoware_perception_msgs/cmake/ament_cmake_export_include_directories-extras.cmake
[9.587s] -- Up-to-date symlink: /home/autoware/aichallenge2023-integration-final-main/install/autoware_perception_msgs/share/autoware_perception_msgs/cmake/ament_cmake_export_libraries-extras.cmake
[9.587s] -- Up-to-date symlink: /home/autoware/aichallenge2023-integration-final-main/install/autoware_perception_msgs/share/autoware_perception_msgs/cmake/ament_cmake_export_targets-extras.cmake
[9.587s] -- Up-to-date symlink: /home/autoware/aichallenge2023-integration-final-main/install/autoware_perception_msgs/share/autoware_perception_msgs/cmake/rosidl_cmake_export_typesupport_targets-extras.cmake
[9.588s] -- Up-to-date symlink: /home/autoware/aichallenge2023-integration-final-main/install/autoware_perception_msgs/share/autoware_perception_msgs/cmake/rosidl_cmake_export_typesupport_libraries-extras.cmake
[9.588s] -- Up-to-date symlink: /home/autoware/aichallenge2023-integration-final-main/install/autoware_perception_msgs/share/autoware_perception_msgs/cmake/autoware_perception_msgsConfig.cmake
[9.590s] -- Up-to-date symlink: /home/autoware/aichallenge2023-integration-final-main/install/autoware_perception_msgs/share/autoware_perception_msgs/cmake/autoware_perception_msgsConfig-version.cmake
[9.592s] -- Up-to-date symlink: /home/autoware/aichallenge2023-integration-final-main/install/autoware_perception_msgs/share/autoware_perception_msgs/package.xml
[9.592s] -- Up-to-date: /home/autoware/aichallenge2023-integration-final-main/install/autoware_perception_msgs/lib/libautoware_perception_msgs__rosidl_generator_c.so
[9.592s] -- Up-to-date: /home/autoware/aichallenge2023-integration-final-main/install/autoware_perception_msgs/lib/libautoware_perception_msgs__rosidl_typesupport_fastrtps_c.so
[9.592s] -- Up-to-date: /home/autoware/aichallenge2023-integration-final-main/install/autoware_perception_msgs/lib/libautoware_perception_msgs__rosidl_typesupport_fastrtps_cpp.so
[9.592s] -- Up-to-date: /home/autoware/aichallenge2023-integration-final-main/install/autoware_perception_msgs/lib/libautoware_perception_msgs__rosidl_typesupport_introspection_c.so
[9.592s] -- Up-to-date: /home/autoware/aichallenge2023-integration-final-main/install/autoware_perception_msgs/lib/libautoware_perception_msgs__rosidl_typesupport_c.so
[9.592s] -- Up-to-date: /home/autoware/aichallenge2023-integration-final-main/install/autoware_perception_msgs/lib/libautoware_perception_msgs__rosidl_typesupport_introspection_cpp.so
[9.592s] -- Up-to-date: /home/autoware/aichallenge2023-integration-final-main/install/autoware_perception_msgs/lib/libautoware_perception_msgs__rosidl_typesupport_cpp.so
[9.775s] Listing '/home/autoware/aichallenge2023-integration-final-main/install/autoware_perception_msgs/local/lib/python3.10/dist-packages/autoware_perception_msgs'...
[9.775s] Listing '/home/autoware/aichallenge2023-integration-final-main/install/autoware_perception_msgs/local/lib/python3.10/dist-packages/autoware_perception_msgs/msg'...
[9.783s] -- Up-to-date: /home/autoware/aichallenge2023-integration-final-main/install/autoware_perception_msgs/lib/libautoware_perception_msgs__rosidl_generator_py.so
[9.784s] -- Up-to-date: /home/autoware/aichallenge2023-integration-final-main/install/autoware_perception_msgs/share/autoware_perception_msgs/cmake/export_autoware_perception_msgs__rosidl_generator_cExport.cmake
[9.784s] -- Up-to-date: /home/autoware/aichallenge2023-integration-final-main/install/autoware_perception_msgs/share/autoware_perception_msgs/cmake/export_autoware_perception_msgs__rosidl_generator_cExport-release.cmake
[9.784s] -- Up-to-date: /home/autoware/aichallenge2023-integration-final-main/install/autoware_perception_msgs/share/autoware_perception_msgs/cmake/export_autoware_perception_msgs__rosidl_typesupport_fastrtps_cExport.cmake
[9.785s] -- Up-to-date: /home/autoware/aichallenge2023-integration-final-main/install/autoware_perception_msgs/share/autoware_perception_msgs/cmake/export_autoware_perception_msgs__rosidl_typesupport_fastrtps_cExport-release.cmake
[9.785s] -- Up-to-date: /home/autoware/aichallenge2023-integration-final-main/install/autoware_perception_msgs/share/autoware_perception_msgs/cmake/export_autoware_perception_msgs__rosidl_generator_cppExport.cmake
[9.785s] -- Up-to-date: /home/autoware/aichallenge2023-integration-final-main/install/autoware_perception_msgs/share/autoware_perception_msgs/cmake/export_autoware_perception_msgs__rosidl_typesupport_fastrtps_cppExport.cmake
[9.786s] -- Up-to-date: /home/autoware/aichallenge2023-integration-final-main/install/autoware_perception_msgs/share/autoware_perception_msgs/cmake/export_autoware_perception_msgs__rosidl_typesupport_fastrtps_cppExport-release.cmake
[9.786s] -- Up-to-date: /home/autoware/aichallenge2023-integration-final-main/install/autoware_perception_msgs/share/autoware_perception_msgs/cmake/autoware_perception_msgs__rosidl_typesupport_introspection_cExport.cmake
[9.786s] -- Up-to-date: /home/autoware/aichallenge2023-integration-final-main/install/autoware_perception_msgs/share/autoware_perception_msgs/cmake/autoware_perception_msgs__rosidl_typesupport_introspection_cExport-release.cmake
[9.787s] -- Up-to-date: /home/autoware/aichallenge2023-integration-final-main/install/autoware_perception_msgs/share/autoware_perception_msgs/cmake/autoware_perception_msgs__rosidl_typesupport_cExport.cmake
[9.787s] -- Up-to-date: /home/autoware/aichallenge2023-integration-final-main/install/autoware_perception_msgs/share/autoware_perception_msgs/cmake/autoware_perception_msgs__rosidl_typesupport_cExport-release.cmake
[9.787s] -- Up-to-date: /home/autoware/aichallenge2023-integration-final-main/install/autoware_perception_msgs/share/autoware_perception_msgs/cmake/autoware_perception_msgs__rosidl_typesupport_introspection_cppExport.cmake
[9.788s] -- Up-to-date: /home/autoware/aichallenge2023-integration-final-main/install/autoware_perception_msgs/share/autoware_perception_msgs/cmake/autoware_perception_msgs__rosidl_typesupport_introspection_cppExport-release.cmake
[9.788s] -- Up-to-date: /home/autoware/aichallenge2023-integration-final-main/install/autoware_perception_msgs/share/autoware_perception_msgs/cmake/autoware_perception_msgs__rosidl_typesupport_cppExport.cmake
[9.788s] -- Up-to-date: /home/autoware/aichallenge2023-integration-final-main/install/autoware_perception_msgs/share/autoware_perception_msgs/cmake/autoware_perception_msgs__rosidl_typesupport_cppExport-release.cmake
[9.789s] -- Up-to-date: /home/autoware/aichallenge2023-integration-final-main/install/autoware_perception_msgs/share/autoware_perception_msgs/cmake/export_autoware_perception_msgs__rosidl_generator_pyExport.cmake
[9.789s] -- Up-to-date: /home/autoware/aichallenge2023-integration-final-main/install/autoware_perception_msgs/share/autoware_perception_msgs/cmake/export_autoware_perception_msgs__rosidl_generator_pyExport-release.cmake
[9.800s] Invoked command in '/home/autoware/aichallenge2023-integration-final-main/build/autoware_perception_msgs' returned '0': CMAKE_PREFIX_PATH=${CMAKE_PREFIX_PATH}:/home/autoware/aichallenge2023-integration-final-main/install/simulator_compatibility_test:/home/autoware/aichallenge2023-integration-final-main/install/ad_api_visualizers:/home/autoware/autoware/install/simulator_compatibility_test:/home/autoware/autoware/install/ad_api_visualizers:/opt/ros/humble /usr/bin/cmake --install /home/autoware/aichallenge2023-integration-final-main/build/autoware_perception_msgs
