[0.150s] Invoking command in '/home/autoware/aichallenge2023-integration-final-main/build/autoware_adapi_version_msgs': CMAKE_PREFIX_PATH=${CMAKE_PREFIX_PATH}:/home/autoware/aichallenge2023-integration-final-main/install/simulator_compatibility_test:/home/autoware/aichallenge2023-integration-final-main/install/ad_api_visualizers:/home/autoware/autoware/install/simulator_compatibility_test:/home/autoware/autoware/install/ad_api_visualizers:/opt/ros/humble /usr/bin/cmake --build /home/autoware/aichallenge2023-integration-final-main/build/autoware_adapi_version_msgs -- -j16 -l16
[0.881s] [  9%] Built target autoware_adapi_version_msgs__rosidl_generator_c
[0.897s] [ 12%] Built target autoware_adapi_version_msgs__cpp
[0.994s] [ 12%] Built target ament_cmake_python_symlink_autoware_adapi_version_msgs
[1.301s] [ 22%] Built target autoware_adapi_version_msgs__rosidl_typesupport_introspection_c
[1.345s] [ 41%] Built target autoware_adapi_version_msgs__rosidl_typesupport_cpp
[1.345s] [ 41%] Built target autoware_adapi_version_msgs__rosidl_typesupport_fastrtps_cpp
[1.407s] [ 51%] Built target autoware_adapi_version_msgs__rosidl_typesupport_c
[1.410s] [ 61%] Built target autoware_adapi_version_msgs__rosidl_typesupport_introspection_cpp
[1.430s] [ 70%] Built target autoware_adapi_version_msgs__rosidl_typesupport_fastrtps_c
[1.727s] [ 70%] Built target autoware_adapi_version_msgs
[2.037s] [ 74%] Built target autoware_adapi_version_msgs__py
[2.119s] running egg_info
[2.121s] writing autoware_adapi_version_msgs.egg-info/PKG-INFO
[2.121s] writing dependency_links to autoware_adapi_version_msgs.egg-info/dependency_links.txt
[2.122s] writing top-level names to autoware_adapi_version_msgs.egg-info/top_level.txt
[2.126s] reading manifest file 'autoware_adapi_version_msgs.egg-info/SOURCES.txt'
[2.127s] writing manifest file 'autoware_adapi_version_msgs.egg-info/SOURCES.txt'
[2.342s] [ 74%] Built target ament_cmake_python_build_autoware_adapi_version_msgs_egg
[2.357s] [ 80%] Built target autoware_adapi_version_msgs__rosidl_generator_py
[2.796s] [ 87%] Built target autoware_adapi_version_msgs__rosidl_typesupport_fastrtps_c__pyext
[2.825s] [ 93%] Built target autoware_adapi_version_msgs__rosidl_typesupport_introspection_c__pyext
[2.843s] [100%] Built target autoware_adapi_version_msgs__rosidl_typesupport_c__pyext
[3.116s] Invoked command in '/home/autoware/aichallenge2023-integration-final-main/build/autoware_adapi_version_msgs' returned '0': CMAKE_PREFIX_PATH=${CMAKE_PREFIX_PATH}:/home/autoware/aichallenge2023-integration-final-main/install/simulator_compatibility_test:/home/autoware/aichallenge2023-integration-final-main/install/ad_api_visualizers:/home/autoware/autoware/install/simulator_compatibility_test:/home/autoware/autoware/install/ad_api_visualizers:/opt/ros/humble /usr/bin/cmake --build /home/autoware/aichallenge2023-integration-final-main/build/autoware_adapi_version_msgs -- -j16 -l16
[5.553s] Invoking command in '/home/autoware/aichallenge2023-integration-final-main/build/autoware_adapi_version_msgs': CMAKE_PREFIX_PATH=${CMAKE_PREFIX_PATH}:/home/autoware/aichallenge2023-integration-final-main/install/simulator_compatibility_test:/home/autoware/aichallenge2023-integration-final-main/install/ad_api_visualizers:/home/autoware/autoware/install/simulator_compatibility_test:/home/autoware/autoware/install/ad_api_visualizers:/opt/ros/humble /usr/bin/cmake --install /home/autoware/aichallenge2023-integration-final-main/build/autoware_adapi_version_msgs
[5.644s] -- Install configuration: "Release"
[5.644s] -- Execute custom install script
[5.644s] -- Up-to-date symlink: /home/autoware/aichallenge2023-integration-final-main/install/autoware_adapi_version_msgs/share/ament_index/resource_index/rosidl_interfaces/autoware_adapi_version_msgs
[5.644s] -- Up-to-date symlink: /home/autoware/aichallenge2023-integration-final-main/install/autoware_adapi_version_msgs/include/autoware_adapi_version_msgs/autoware_adapi_version_msgs/msg/rosidl_generator_c__visibility_control.h
[5.645s] -- Up-to-date symlink: /home/autoware/aichallenge2023-integration-final-main/install/autoware_adapi_version_msgs/include/autoware_adapi_version_msgs/autoware_adapi_version_msgs/srv/detail/interface_version__functions.h
[5.645s] -- Up-to-date symlink: /home/autoware/aichallenge2023-integration-final-main/install/autoware_adapi_version_msgs/include/autoware_adapi_version_msgs/autoware_adapi_version_msgs/srv/detail/interface_version__struct.h
[5.645s] -- Up-to-date symlink: /home/autoware/aichallenge2023-integration-final-main/install/autoware_adapi_version_msgs/include/autoware_adapi_version_msgs/autoware_adapi_version_msgs/srv/detail/interface_version__type_support.h
[5.645s] -- Up-to-date symlink: /home/autoware/aichallenge2023-integration-final-main/install/autoware_adapi_version_msgs/include/autoware_adapi_version_msgs/autoware_adapi_version_msgs/srv/interface_version.h
[5.645s] -- Up-to-date symlink: /home/autoware/aichallenge2023-integration-final-main/install/autoware_adapi_version_msgs/share/autoware_adapi_version_msgs/environment/library_path.sh
[5.645s] -- Up-to-date symlink: /home/autoware/aichallenge2023-integration-final-main/install/autoware_adapi_version_msgs/share/autoware_adapi_version_msgs/environment/library_path.dsv
[5.646s] -- Up-to-date symlink: /home/autoware/aichallenge2023-integration-final-main/install/autoware_adapi_version_msgs/include/autoware_adapi_version_msgs/autoware_adapi_version_msgs/msg/rosidl_typesupport_fastrtps_c__visibility_control.h
[5.646s] -- Up-to-date symlink: /home/autoware/aichallenge2023-integration-final-main/install/autoware_adapi_version_msgs/include/autoware_adapi_version_msgs/autoware_adapi_version_msgs/srv/detail/interface_version__rosidl_typesupport_fastrtps_c.h
[5.647s] -- Up-to-date symlink: /home/autoware/aichallenge2023-integration-final-main/install/autoware_adapi_version_msgs/include/autoware_adapi_version_msgs/autoware_adapi_version_msgs/msg/rosidl_typesupport_introspection_c__visibility_control.h
[5.647s] -- Up-to-date symlink: /home/autoware/aichallenge2023-integration-final-main/install/autoware_adapi_version_msgs/include/autoware_adapi_version_msgs/autoware_adapi_version_msgs/srv/detail/interface_version__rosidl_typesupport_introspection_c.h
[5.648s] -- Up-to-date symlink: /home/autoware/aichallenge2023-integration-final-main/install/autoware_adapi_version_msgs/include/autoware_adapi_version_msgs/autoware_adapi_version_msgs/srv/detail/interface_version__builder.hpp
[5.648s] -- Up-to-date symlink: /home/autoware/aichallenge2023-integration-final-main/install/autoware_adapi_version_msgs/include/autoware_adapi_version_msgs/autoware_adapi_version_msgs/srv/detail/interface_version__struct.hpp
[5.648s] -- Up-to-date symlink: /home/autoware/aichallenge2023-integration-final-main/install/autoware_adapi_version_msgs/include/autoware_adapi_version_msgs/autoware_adapi_version_msgs/srv/detail/interface_version__traits.hpp
[5.648s] -- Up-to-date symlink: /home/autoware/aichallenge2023-integration-final-main/install/autoware_adapi_version_msgs/include/autoware_adapi_version_msgs/autoware_adapi_version_msgs/srv/interface_version.hpp
[5.649s] -- Up-to-date symlink: /home/autoware/aichallenge2023-integration-final-main/install/autoware_adapi_version_msgs/include/autoware_adapi_version_msgs/autoware_adapi_version_msgs/msg/rosidl_typesupport_fastrtps_cpp__visibility_control.h
[5.649s] -- Up-to-date symlink: /home/autoware/aichallenge2023-integration-final-main/install/autoware_adapi_version_msgs/include/autoware_adapi_version_msgs/autoware_adapi_version_msgs/srv/detail/interface_version__rosidl_typesupport_fastrtps_cpp.hpp
[5.649s] -- Up-to-date symlink: /home/autoware/aichallenge2023-integration-final-main/install/autoware_adapi_version_msgs/include/autoware_adapi_version_msgs/autoware_adapi_version_msgs/srv/detail/interface_version__rosidl_typesupport_introspection_cpp.hpp
[5.650s] -- Up-to-date symlink: /home/autoware/aichallenge2023-integration-final-main/install/autoware_adapi_version_msgs/share/autoware_adapi_version_msgs/environment/pythonpath.sh
[5.650s] -- Up-to-date symlink: /home/autoware/aichallenge2023-integration-final-main/install/autoware_adapi_version_msgs/share/autoware_adapi_version_msgs/environment/pythonpath.dsv
[5.651s] -- Up-to-date symlink: /home/autoware/aichallenge2023-integration-final-main/install/autoware_adapi_version_msgs/local/lib/python3.10/dist-packages/autoware_adapi_version_msgs-0.0.0-py3.10.egg-info/PKG-INFO
[5.651s] -- Up-to-date symlink: /home/autoware/aichallenge2023-integration-final-main/install/autoware_adapi_version_msgs/local/lib/python3.10/dist-packages/autoware_adapi_version_msgs-0.0.0-py3.10.egg-info/SOURCES.txt
[5.653s] -- Up-to-date symlink: /home/autoware/aichallenge2023-integration-final-main/install/autoware_adapi_version_msgs/local/lib/python3.10/dist-packages/autoware_adapi_version_msgs-0.0.0-py3.10.egg-info/dependency_links.txt
[5.653s] -- Up-to-date symlink: /home/autoware/aichallenge2023-integration-final-main/install/autoware_adapi_version_msgs/local/lib/python3.10/dist-packages/autoware_adapi_version_msgs-0.0.0-py3.10.egg-info/top_level.txt
[5.654s] -- Up-to-date symlink: /home/autoware/aichallenge2023-integration-final-main/install/autoware_adapi_version_msgs/local/lib/python3.10/dist-packages/autoware_adapi_version_msgs/__init__.py
[5.655s] -- Up-to-date symlink: /home/autoware/aichallenge2023-integration-final-main/install/autoware_adapi_version_msgs/local/lib/python3.10/dist-packages/autoware_adapi_version_msgs/_autoware_adapi_version_msgs_s.ep.rosidl_typesupport_c.c
[5.655s] -- Up-to-date symlink: /home/autoware/aichallenge2023-integration-final-main/install/autoware_adapi_version_msgs/local/lib/python3.10/dist-packages/autoware_adapi_version_msgs/_autoware_adapi_version_msgs_s.ep.rosidl_typesupport_fastrtps_c.c
[5.656s] -- Up-to-date symlink: /home/autoware/aichallenge2023-integration-final-main/install/autoware_adapi_version_msgs/local/lib/python3.10/dist-packages/autoware_adapi_version_msgs/_autoware_adapi_version_msgs_s.ep.rosidl_typesupport_introspection_c.c
[5.656s] -- Up-to-date symlink: /home/autoware/aichallenge2023-integration-final-main/install/autoware_adapi_version_msgs/local/lib/python3.10/dist-packages/autoware_adapi_version_msgs/autoware_adapi_version_msgs_s__rosidl_typesupport_c.cpython-310-x86_64-linux-gnu.so
[5.657s] -- Up-to-date symlink: /home/autoware/aichallenge2023-integration-final-main/install/autoware_adapi_version_msgs/local/lib/python3.10/dist-packages/autoware_adapi_version_msgs/autoware_adapi_version_msgs_s__rosidl_typesupport_fastrtps_c.cpython-310-x86_64-linux-gnu.so
[5.657s] -- Up-to-date symlink: /home/autoware/aichallenge2023-integration-final-main/install/autoware_adapi_version_msgs/local/lib/python3.10/dist-packages/autoware_adapi_version_msgs/autoware_adapi_version_msgs_s__rosidl_typesupport_introspection_c.cpython-310-x86_64-linux-gnu.so
[5.657s] -- Up-to-date symlink: /home/autoware/aichallenge2023-integration-final-main/install/autoware_adapi_version_msgs/local/lib/python3.10/dist-packages/autoware_adapi_version_msgs/libautoware_adapi_version_msgs__rosidl_generator_py.so
[5.658s] -- Up-to-date symlink: /home/autoware/aichallenge2023-integration-final-main/install/autoware_adapi_version_msgs/local/lib/python3.10/dist-packages/autoware_adapi_version_msgs/srv/__init__.py
[5.658s] -- Up-to-date symlink: /home/autoware/aichallenge2023-integration-final-main/install/autoware_adapi_version_msgs/local/lib/python3.10/dist-packages/autoware_adapi_version_msgs/srv/_interface_version.py
[5.659s] -- Up-to-date symlink: /home/autoware/aichallenge2023-integration-final-main/install/autoware_adapi_version_msgs/local/lib/python3.10/dist-packages/autoware_adapi_version_msgs/srv/_interface_version_s.c
[5.660s] -- Up-to-date symlink: /home/autoware/aichallenge2023-integration-final-main/install/autoware_adapi_version_msgs/local/lib/python3.10/dist-packages/autoware_adapi_version_msgs/autoware_adapi_version_msgs_s__rosidl_typesupport_fastrtps_c.cpython-310-x86_64-linux-gnu.so
[5.662s] -- Up-to-date symlink: /home/autoware/aichallenge2023-integration-final-main/install/autoware_adapi_version_msgs/local/lib/python3.10/dist-packages/autoware_adapi_version_msgs/autoware_adapi_version_msgs_s__rosidl_typesupport_introspection_c.cpython-310-x86_64-linux-gnu.so
[5.663s] -- Up-to-date symlink: /home/autoware/aichallenge2023-integration-final-main/install/autoware_adapi_version_msgs/local/lib/python3.10/dist-packages/autoware_adapi_version_msgs/autoware_adapi_version_msgs_s__rosidl_typesupport_c.cpython-310-x86_64-linux-gnu.so
[5.663s] -- Up-to-date symlink: /home/autoware/aichallenge2023-integration-final-main/install/autoware_adapi_version_msgs/share/autoware_adapi_version_msgs/srv/InterfaceVersion.idl
[5.663s] -- Up-to-date symlink: /home/autoware/aichallenge2023-integration-final-main/install/autoware_adapi_version_msgs/share/autoware_adapi_version_msgs/srv/InterfaceVersion.srv
[5.663s] -- Up-to-date symlink: /home/autoware/aichallenge2023-integration-final-main/install/autoware_adapi_version_msgs/share/autoware_adapi_version_msgs/srv/InterfaceVersion_Request.msg
[5.663s] -- Up-to-date symlink: /home/autoware/aichallenge2023-integration-final-main/install/autoware_adapi_version_msgs/share/autoware_adapi_version_msgs/srv/InterfaceVersion_Response.msg
[5.665s] -- Up-to-date symlink: /home/autoware/aichallenge2023-integration-final-main/install/autoware_adapi_version_msgs/share/ament_index/resource_index/package_run_dependencies/autoware_adapi_version_msgs
[5.669s] -- Up-to-date symlink: /home/autoware/aichallenge2023-integration-final-main/install/autoware_adapi_version_msgs/share/ament_index/resource_index/parent_prefix_path/autoware_adapi_version_msgs
[5.672s] -- Up-to-date symlink: /home/autoware/aichallenge2023-integration-final-main/install/autoware_adapi_version_msgs/share/autoware_adapi_version_msgs/environment/ament_prefix_path.sh
[5.673s] -- Up-to-date symlink: /home/autoware/aichallenge2023-integration-final-main/install/autoware_adapi_version_msgs/share/autoware_adapi_version_msgs/environment/ament_prefix_path.dsv
[5.673s] -- Up-to-date symlink: /home/autoware/aichallenge2023-integration-final-main/install/autoware_adapi_version_msgs/share/autoware_adapi_version_msgs/environment/path.sh
[5.673s] -- Up-to-date symlink: /home/autoware/aichallenge2023-integration-final-main/install/autoware_adapi_version_msgs/share/autoware_adapi_version_msgs/environment/path.dsv
[5.673s] -- Up-to-date symlink: /home/autoware/aichallenge2023-integration-final-main/install/autoware_adapi_version_msgs/share/autoware_adapi_version_msgs/local_setup.bash
[5.673s] -- Up-to-date symlink: /home/autoware/aichallenge2023-integration-final-main/install/autoware_adapi_version_msgs/share/autoware_adapi_version_msgs/local_setup.sh
[5.673s] -- Up-to-date symlink: /home/autoware/aichallenge2023-integration-final-main/install/autoware_adapi_version_msgs/share/autoware_adapi_version_msgs/local_setup.zsh
[5.673s] -- Up-to-date symlink: /home/autoware/aichallenge2023-integration-final-main/install/autoware_adapi_version_msgs/share/autoware_adapi_version_msgs/local_setup.dsv
[5.673s] -- Symlinking: /home/autoware/aichallenge2023-integration-final-main/install/autoware_adapi_version_msgs/share/autoware_adapi_version_msgs/package.dsv
[5.762s] -- Up-to-date symlink: /home/autoware/aichallenge2023-integration-final-main/install/autoware_adapi_version_msgs/share/ament_index/resource_index/packages/autoware_adapi_version_msgs
[5.762s] -- Up-to-date symlink: /home/autoware/aichallenge2023-integration-final-main/install/autoware_adapi_version_msgs/share/autoware_adapi_version_msgs/cmake/rosidl_cmake-extras.cmake
[5.763s] -- Up-to-date symlink: /home/autoware/aichallenge2023-integration-final-main/install/autoware_adapi_version_msgs/share/autoware_adapi_version_msgs/cmake/ament_cmake_export_include_directories-extras.cmake
[5.763s] -- Up-to-date symlink: /home/autoware/aichallenge2023-integration-final-main/install/autoware_adapi_version_msgs/share/autoware_adapi_version_msgs/cmake/ament_cmake_export_libraries-extras.cmake
[5.764s] -- Up-to-date symlink: /home/autoware/aichallenge2023-integration-final-main/install/autoware_adapi_version_msgs/share/autoware_adapi_version_msgs/cmake/ament_cmake_export_targets-extras.cmake
[5.764s] -- Up-to-date symlink: /home/autoware/aichallenge2023-integration-final-main/install/autoware_adapi_version_msgs/share/autoware_adapi_version_msgs/cmake/rosidl_cmake_export_typesupport_targets-extras.cmake
[5.765s] -- Up-to-date symlink: /home/autoware/aichallenge2023-integration-final-main/install/autoware_adapi_version_msgs/share/autoware_adapi_version_msgs/cmake/ament_cmake_export_dependencies-extras.cmake
[5.765s] -- Up-to-date symlink: /home/autoware/aichallenge2023-integration-final-main/install/autoware_adapi_version_msgs/share/autoware_adapi_version_msgs/cmake/rosidl_cmake_export_typesupport_libraries-extras.cmake
[5.766s] -- Up-to-date symlink: /home/autoware/aichallenge2023-integration-final-main/install/autoware_adapi_version_msgs/share/autoware_adapi_version_msgs/cmake/autoware_adapi_version_msgsConfig.cmake
[5.766s] -- Up-to-date symlink: /home/autoware/aichallenge2023-integration-final-main/install/autoware_adapi_version_msgs/share/autoware_adapi_version_msgs/cmake/autoware_adapi_version_msgsConfig-version.cmake
[5.767s] -- Up-to-date symlink: /home/autoware/aichallenge2023-integration-final-main/install/autoware_adapi_version_msgs/share/autoware_adapi_version_msgs/package.xml
[5.767s] -- Up-to-date: /home/autoware/aichallenge2023-integration-final-main/install/autoware_adapi_version_msgs/lib/libautoware_adapi_version_msgs__rosidl_generator_c.so
[5.768s] -- Up-to-date: /home/autoware/aichallenge2023-integration-final-main/install/autoware_adapi_version_msgs/lib/libautoware_adapi_version_msgs__rosidl_typesupport_fastrtps_c.so
[5.769s] -- Up-to-date: /home/autoware/aichallenge2023-integration-final-main/install/autoware_adapi_version_msgs/lib/libautoware_adapi_version_msgs__rosidl_typesupport_introspection_c.so
[5.769s] -- Up-to-date: /home/autoware/aichallenge2023-integration-final-main/install/autoware_adapi_version_msgs/lib/libautoware_adapi_version_msgs__rosidl_typesupport_c.so
[5.770s] -- Up-to-date: /home/autoware/aichallenge2023-integration-final-main/install/autoware_adapi_version_msgs/lib/libautoware_adapi_version_msgs__rosidl_typesupport_fastrtps_cpp.so
[5.771s] -- Up-to-date: /home/autoware/aichallenge2023-integration-final-main/install/autoware_adapi_version_msgs/lib/libautoware_adapi_version_msgs__rosidl_typesupport_introspection_cpp.so
[5.772s] -- Up-to-date: /home/autoware/aichallenge2023-integration-final-main/install/autoware_adapi_version_msgs/lib/libautoware_adapi_version_msgs__rosidl_typesupport_cpp.so
[5.963s] Listing '/home/autoware/aichallenge2023-integration-final-main/install/autoware_adapi_version_msgs/local/lib/python3.10/dist-packages/autoware_adapi_version_msgs'...
[5.963s] Listing '/home/autoware/aichallenge2023-integration-final-main/install/autoware_adapi_version_msgs/local/lib/python3.10/dist-packages/autoware_adapi_version_msgs/srv'...
[5.972s] -- Up-to-date: /home/autoware/aichallenge2023-integration-final-main/install/autoware_adapi_version_msgs/lib/libautoware_adapi_version_msgs__rosidl_generator_py.so
[5.973s] -- Up-to-date: /home/autoware/aichallenge2023-integration-final-main/install/autoware_adapi_version_msgs/share/autoware_adapi_version_msgs/cmake/export_autoware_adapi_version_msgs__rosidl_generator_cExport.cmake
[5.973s] -- Up-to-date: /home/autoware/aichallenge2023-integration-final-main/install/autoware_adapi_version_msgs/share/autoware_adapi_version_msgs/cmake/export_autoware_adapi_version_msgs__rosidl_generator_cExport-release.cmake
[5.973s] -- Up-to-date: /home/autoware/aichallenge2023-integration-final-main/install/autoware_adapi_version_msgs/share/autoware_adapi_version_msgs/cmake/export_autoware_adapi_version_msgs__rosidl_typesupport_fastrtps_cExport.cmake
[5.974s] -- Up-to-date: /home/autoware/aichallenge2023-integration-final-main/install/autoware_adapi_version_msgs/share/autoware_adapi_version_msgs/cmake/export_autoware_adapi_version_msgs__rosidl_typesupport_fastrtps_cExport-release.cmake
[5.974s] -- Up-to-date: /home/autoware/aichallenge2023-integration-final-main/install/autoware_adapi_version_msgs/share/autoware_adapi_version_msgs/cmake/autoware_adapi_version_msgs__rosidl_typesupport_introspection_cExport.cmake
[5.974s] -- Up-to-date: /home/autoware/aichallenge2023-integration-final-main/install/autoware_adapi_version_msgs/share/autoware_adapi_version_msgs/cmake/autoware_adapi_version_msgs__rosidl_typesupport_introspection_cExport-release.cmake
[5.975s] -- Up-to-date: /home/autoware/aichallenge2023-integration-final-main/install/autoware_adapi_version_msgs/share/autoware_adapi_version_msgs/cmake/autoware_adapi_version_msgs__rosidl_typesupport_cExport.cmake
[5.975s] -- Up-to-date: /home/autoware/aichallenge2023-integration-final-main/install/autoware_adapi_version_msgs/share/autoware_adapi_version_msgs/cmake/autoware_adapi_version_msgs__rosidl_typesupport_cExport-release.cmake
[5.975s] -- Up-to-date: /home/autoware/aichallenge2023-integration-final-main/install/autoware_adapi_version_msgs/share/autoware_adapi_version_msgs/cmake/export_autoware_adapi_version_msgs__rosidl_generator_cppExport.cmake
[5.976s] -- Up-to-date: /home/autoware/aichallenge2023-integration-final-main/install/autoware_adapi_version_msgs/share/autoware_adapi_version_msgs/cmake/export_autoware_adapi_version_msgs__rosidl_typesupport_fastrtps_cppExport.cmake
[5.976s] -- Up-to-date: /home/autoware/aichallenge2023-integration-final-main/install/autoware_adapi_version_msgs/share/autoware_adapi_version_msgs/cmake/export_autoware_adapi_version_msgs__rosidl_typesupport_fastrtps_cppExport-release.cmake
[5.976s] -- Up-to-date: /home/autoware/aichallenge2023-integration-final-main/install/autoware_adapi_version_msgs/share/autoware_adapi_version_msgs/cmake/autoware_adapi_version_msgs__rosidl_typesupport_introspection_cppExport.cmake
[5.977s] -- Up-to-date: /home/autoware/aichallenge2023-integration-final-main/install/autoware_adapi_version_msgs/share/autoware_adapi_version_msgs/cmake/autoware_adapi_version_msgs__rosidl_typesupport_introspection_cppExport-release.cmake
[5.977s] -- Up-to-date: /home/autoware/aichallenge2023-integration-final-main/install/autoware_adapi_version_msgs/share/autoware_adapi_version_msgs/cmake/autoware_adapi_version_msgs__rosidl_typesupport_cppExport.cmake
[5.978s] -- Up-to-date: /home/autoware/aichallenge2023-integration-final-main/install/autoware_adapi_version_msgs/share/autoware_adapi_version_msgs/cmake/autoware_adapi_version_msgs__rosidl_typesupport_cppExport-release.cmake
[5.978s] -- Up-to-date: /home/autoware/aichallenge2023-integration-final-main/install/autoware_adapi_version_msgs/share/autoware_adapi_version_msgs/cmake/export_autoware_adapi_version_msgs__rosidl_generator_pyExport.cmake
[5.979s] -- Up-to-date: /home/autoware/aichallenge2023-integration-final-main/install/autoware_adapi_version_msgs/share/autoware_adapi_version_msgs/cmake/export_autoware_adapi_version_msgs__rosidl_generator_pyExport-release.cmake
[5.988s] Invoked command in '/home/autoware/aichallenge2023-integration-final-main/build/autoware_adapi_version_msgs' returned '0': CMAKE_PREFIX_PATH=${CMAKE_PREFIX_PATH}:/home/autoware/aichallenge2023-integration-final-main/install/simulator_compatibility_test:/home/autoware/aichallenge2023-integration-final-main/install/ad_api_visualizers:/home/autoware/autoware/install/simulator_compatibility_test:/home/autoware/autoware/install/ad_api_visualizers:/opt/ros/humble /usr/bin/cmake --install /home/autoware/aichallenge2023-integration-final-main/build/autoware_adapi_version_msgs
