[0.269s] Invoking command in '/home/autoware/aichallenge2023-integration-final-main/build/autoware_common_msgs': CMAKE_PREFIX_PATH=${CMAKE_PREFIX_PATH}:/home/autoware/aichallenge2023-integration-final-main/install/simulator_compatibility_test:/home/autoware/aichallenge2023-integration-final-main/install/ad_api_visualizers:/home/autoware/autoware/install/simulator_compatibility_test:/home/autoware/autoware/install/ad_api_visualizers:/opt/ros/humble /usr/bin/cmake --build /home/autoware/aichallenge2023-integration-final-main/build/autoware_common_msgs -- -j16 -l16
[0.888s] [  3%] Built target autoware_common_msgs__cpp
[0.978s] [ 12%] Built target autoware_common_msgs__rosidl_generator_c
[1.293s] [ 12%] Built target ament_cmake_python_symlink_autoware_common_msgs
[1.769s] [ 22%] Built target autoware_common_msgs__rosidl_typesupport_c
[1.834s] [ 32%] Built target autoware_common_msgs__rosidl_typesupport_fastrtps_cpp
[1.986s] [ 41%] Built target autoware_common_msgs__rosidl_typesupport_introspection_cpp
[1.993s] [ 51%] Built target autoware_common_msgs__rosidl_typesupport_fastrtps_c
[2.024s] [ 61%] Built target autoware_common_msgs__rosidl_typesupport_introspection_c
[2.039s] [ 70%] Built target autoware_common_msgs__rosidl_typesupport_cpp
[2.444s] [ 70%] Built target autoware_common_msgs
[2.750s] [ 74%] Built target autoware_common_msgs__py
[2.926s] running egg_info
[2.927s] writing autoware_common_msgs.egg-info/PKG-INFO
[2.927s] writing dependency_links to autoware_common_msgs.egg-info/dependency_links.txt
[2.927s] writing top-level names to autoware_common_msgs.egg-info/top_level.txt
[2.930s] reading manifest file 'autoware_common_msgs.egg-info/SOURCES.txt'
[2.931s] writing manifest file 'autoware_common_msgs.egg-info/SOURCES.txt'
[3.060s] [ 74%] Built target ament_cmake_python_build_autoware_common_msgs_egg
[3.113s] [ 80%] Built target autoware_common_msgs__rosidl_generator_py
[3.389s] [ 87%] Built target autoware_common_msgs__rosidl_typesupport_introspection_c__pyext
[3.406s] [ 93%] Built target autoware_common_msgs__rosidl_typesupport_fastrtps_c__pyext
[3.448s] [100%] Built target autoware_common_msgs__rosidl_typesupport_c__pyext
[3.609s] Invoked command in '/home/autoware/aichallenge2023-integration-final-main/build/autoware_common_msgs' returned '0': CMAKE_PREFIX_PATH=${CMAKE_PREFIX_PATH}:/home/autoware/aichallenge2023-integration-final-main/install/simulator_compatibility_test:/home/autoware/aichallenge2023-integration-final-main/install/ad_api_visualizers:/home/autoware/autoware/install/simulator_compatibility_test:/home/autoware/autoware/install/ad_api_visualizers:/opt/ros/humble /usr/bin/cmake --build /home/autoware/aichallenge2023-integration-final-main/build/autoware_common_msgs -- -j16 -l16
[5.036s] Invoking command in '/home/autoware/aichallenge2023-integration-final-main/build/autoware_common_msgs': CMAKE_PREFIX_PATH=${CMAKE_PREFIX_PATH}:/home/autoware/aichallenge2023-integration-final-main/install/simulator_compatibility_test:/home/autoware/aichallenge2023-integration-final-main/install/ad_api_visualizers:/home/autoware/autoware/install/simulator_compatibility_test:/home/autoware/autoware/install/ad_api_visualizers:/opt/ros/humble /usr/bin/cmake --install /home/autoware/aichallenge2023-integration-final-main/build/autoware_common_msgs
[5.092s] -- Install configuration: "Release"
[5.092s] -- Execute custom install script
[5.093s] -- Up-to-date symlink: /home/autoware/aichallenge2023-integration-final-main/install/autoware_common_msgs/share/ament_index/resource_index/rosidl_interfaces/autoware_common_msgs
[5.094s] -- Up-to-date symlink: /home/autoware/aichallenge2023-integration-final-main/install/autoware_common_msgs/include/autoware_common_msgs/autoware_common_msgs/msg/detail/response_status__functions.h
[5.094s] -- Up-to-date symlink: /home/autoware/aichallenge2023-integration-final-main/install/autoware_common_msgs/include/autoware_common_msgs/autoware_common_msgs/msg/detail/response_status__struct.h
[5.094s] -- Up-to-date symlink: /home/autoware/aichallenge2023-integration-final-main/install/autoware_common_msgs/include/autoware_common_msgs/autoware_common_msgs/msg/detail/response_status__type_support.h
[5.094s] -- Up-to-date symlink: /home/autoware/aichallenge2023-integration-final-main/install/autoware_common_msgs/include/autoware_common_msgs/autoware_common_msgs/msg/response_status.h
[5.096s] -- Up-to-date symlink: /home/autoware/aichallenge2023-integration-final-main/install/autoware_common_msgs/include/autoware_common_msgs/autoware_common_msgs/msg/rosidl_generator_c__visibility_control.h
[5.097s] -- Up-to-date symlink: /home/autoware/aichallenge2023-integration-final-main/install/autoware_common_msgs/share/autoware_common_msgs/environment/library_path.sh
[5.098s] -- Up-to-date symlink: /home/autoware/aichallenge2023-integration-final-main/install/autoware_common_msgs/share/autoware_common_msgs/environment/library_path.dsv
[5.099s] -- Up-to-date symlink: /home/autoware/aichallenge2023-integration-final-main/install/autoware_common_msgs/include/autoware_common_msgs/autoware_common_msgs/msg/detail/response_status__rosidl_typesupport_fastrtps_c.h
[5.100s] -- Up-to-date symlink: /home/autoware/aichallenge2023-integration-final-main/install/autoware_common_msgs/include/autoware_common_msgs/autoware_common_msgs/msg/rosidl_typesupport_fastrtps_c__visibility_control.h
[5.100s] -- Up-to-date symlink: /home/autoware/aichallenge2023-integration-final-main/install/autoware_common_msgs/include/autoware_common_msgs/autoware_common_msgs/msg/detail/response_status__rosidl_typesupport_introspection_c.h
[5.102s] -- Up-to-date symlink: /home/autoware/aichallenge2023-integration-final-main/install/autoware_common_msgs/include/autoware_common_msgs/autoware_common_msgs/msg/rosidl_typesupport_introspection_c__visibility_control.h
[5.103s] -- Up-to-date symlink: /home/autoware/aichallenge2023-integration-final-main/install/autoware_common_msgs/include/autoware_common_msgs/autoware_common_msgs/msg/detail/response_status__builder.hpp
[5.104s] -- Up-to-date symlink: /home/autoware/aichallenge2023-integration-final-main/install/autoware_common_msgs/include/autoware_common_msgs/autoware_common_msgs/msg/detail/response_status__struct.hpp
[5.105s] -- Up-to-date symlink: /home/autoware/aichallenge2023-integration-final-main/install/autoware_common_msgs/include/autoware_common_msgs/autoware_common_msgs/msg/detail/response_status__traits.hpp
[5.105s] -- Up-to-date symlink: /home/autoware/aichallenge2023-integration-final-main/install/autoware_common_msgs/include/autoware_common_msgs/autoware_common_msgs/msg/response_status.hpp
[5.105s] -- Up-to-date symlink: /home/autoware/aichallenge2023-integration-final-main/install/autoware_common_msgs/include/autoware_common_msgs/autoware_common_msgs/msg/detail/response_status__rosidl_typesupport_fastrtps_cpp.hpp
[5.106s] -- Up-to-date symlink: /home/autoware/aichallenge2023-integration-final-main/install/autoware_common_msgs/include/autoware_common_msgs/autoware_common_msgs/msg/rosidl_typesupport_fastrtps_cpp__visibility_control.h
[5.106s] -- Up-to-date symlink: /home/autoware/aichallenge2023-integration-final-main/install/autoware_common_msgs/include/autoware_common_msgs/autoware_common_msgs/msg/detail/response_status__rosidl_typesupport_introspection_cpp.hpp
[5.106s] -- Up-to-date symlink: /home/autoware/aichallenge2023-integration-final-main/install/autoware_common_msgs/share/autoware_common_msgs/environment/pythonpath.sh
[5.106s] -- Up-to-date symlink: /home/autoware/aichallenge2023-integration-final-main/install/autoware_common_msgs/share/autoware_common_msgs/environment/pythonpath.dsv
[5.106s] -- Up-to-date symlink: /home/autoware/aichallenge2023-integration-final-main/install/autoware_common_msgs/local/lib/python3.10/dist-packages/autoware_common_msgs-1.0.0-py3.10.egg-info/PKG-INFO
[5.106s] -- Up-to-date symlink: /home/autoware/aichallenge2023-integration-final-main/install/autoware_common_msgs/local/lib/python3.10/dist-packages/autoware_common_msgs-1.0.0-py3.10.egg-info/SOURCES.txt
[5.106s] -- Up-to-date symlink: /home/autoware/aichallenge2023-integration-final-main/install/autoware_common_msgs/local/lib/python3.10/dist-packages/autoware_common_msgs-1.0.0-py3.10.egg-info/dependency_links.txt
[5.106s] -- Up-to-date symlink: /home/autoware/aichallenge2023-integration-final-main/install/autoware_common_msgs/local/lib/python3.10/dist-packages/autoware_common_msgs-1.0.0-py3.10.egg-info/top_level.txt
[5.107s] -- Up-to-date symlink: /home/autoware/aichallenge2023-integration-final-main/install/autoware_common_msgs/local/lib/python3.10/dist-packages/autoware_common_msgs/__init__.py
[5.107s] -- Up-to-date symlink: /home/autoware/aichallenge2023-integration-final-main/install/autoware_common_msgs/local/lib/python3.10/dist-packages/autoware_common_msgs/_autoware_common_msgs_s.ep.rosidl_typesupport_c.c
[5.107s] -- Up-to-date symlink: /home/autoware/aichallenge2023-integration-final-main/install/autoware_common_msgs/local/lib/python3.10/dist-packages/autoware_common_msgs/_autoware_common_msgs_s.ep.rosidl_typesupport_fastrtps_c.c
[5.107s] -- Up-to-date symlink: /home/autoware/aichallenge2023-integration-final-main/install/autoware_common_msgs/local/lib/python3.10/dist-packages/autoware_common_msgs/_autoware_common_msgs_s.ep.rosidl_typesupport_introspection_c.c
[5.107s] -- Up-to-date symlink: /home/autoware/aichallenge2023-integration-final-main/install/autoware_common_msgs/local/lib/python3.10/dist-packages/autoware_common_msgs/autoware_common_msgs_s__rosidl_typesupport_c.cpython-310-x86_64-linux-gnu.so
[5.107s] -- Up-to-date symlink: /home/autoware/aichallenge2023-integration-final-main/install/autoware_common_msgs/local/lib/python3.10/dist-packages/autoware_common_msgs/autoware_common_msgs_s__rosidl_typesupport_fastrtps_c.cpython-310-x86_64-linux-gnu.so
[5.107s] -- Up-to-date symlink: /home/autoware/aichallenge2023-integration-final-main/install/autoware_common_msgs/local/lib/python3.10/dist-packages/autoware_common_msgs/autoware_common_msgs_s__rosidl_typesupport_introspection_c.cpython-310-x86_64-linux-gnu.so
[5.107s] -- Up-to-date symlink: /home/autoware/aichallenge2023-integration-final-main/install/autoware_common_msgs/local/lib/python3.10/dist-packages/autoware_common_msgs/libautoware_common_msgs__rosidl_generator_py.so
[5.107s] -- Up-to-date symlink: /home/autoware/aichallenge2023-integration-final-main/install/autoware_common_msgs/local/lib/python3.10/dist-packages/autoware_common_msgs/msg/__init__.py
[5.107s] -- Up-to-date symlink: /home/autoware/aichallenge2023-integration-final-main/install/autoware_common_msgs/local/lib/python3.10/dist-packages/autoware_common_msgs/msg/_response_status.py
[5.107s] -- Up-to-date symlink: /home/autoware/aichallenge2023-integration-final-main/install/autoware_common_msgs/local/lib/python3.10/dist-packages/autoware_common_msgs/msg/_response_status_s.c
[5.107s] -- Up-to-date symlink: /home/autoware/aichallenge2023-integration-final-main/install/autoware_common_msgs/local/lib/python3.10/dist-packages/autoware_common_msgs/autoware_common_msgs_s__rosidl_typesupport_fastrtps_c.cpython-310-x86_64-linux-gnu.so
[5.107s] -- Up-to-date symlink: /home/autoware/aichallenge2023-integration-final-main/install/autoware_common_msgs/local/lib/python3.10/dist-packages/autoware_common_msgs/autoware_common_msgs_s__rosidl_typesupport_introspection_c.cpython-310-x86_64-linux-gnu.so
[5.107s] -- Up-to-date symlink: /home/autoware/aichallenge2023-integration-final-main/install/autoware_common_msgs/local/lib/python3.10/dist-packages/autoware_common_msgs/autoware_common_msgs_s__rosidl_typesupport_c.cpython-310-x86_64-linux-gnu.so
[5.107s] -- Up-to-date symlink: /home/autoware/aichallenge2023-integration-final-main/install/autoware_common_msgs/share/autoware_common_msgs/msg/ResponseStatus.idl
[5.108s] -- Up-to-date symlink: /home/autoware/aichallenge2023-integration-final-main/install/autoware_common_msgs/share/autoware_common_msgs/msg/ResponseStatus.msg
[5.108s] -- Up-to-date symlink: /home/autoware/aichallenge2023-integration-final-main/install/autoware_common_msgs/share/ament_index/resource_index/package_run_dependencies/autoware_common_msgs
[5.108s] -- Up-to-date symlink: /home/autoware/aichallenge2023-integration-final-main/install/autoware_common_msgs/share/ament_index/resource_index/parent_prefix_path/autoware_common_msgs
[5.108s] -- Up-to-date symlink: /home/autoware/aichallenge2023-integration-final-main/install/autoware_common_msgs/share/autoware_common_msgs/environment/ament_prefix_path.sh
[5.108s] -- Up-to-date symlink: /home/autoware/aichallenge2023-integration-final-main/install/autoware_common_msgs/share/autoware_common_msgs/environment/ament_prefix_path.dsv
[5.108s] -- Up-to-date symlink: /home/autoware/aichallenge2023-integration-final-main/install/autoware_common_msgs/share/autoware_common_msgs/environment/path.sh
[5.108s] -- Up-to-date symlink: /home/autoware/aichallenge2023-integration-final-main/install/autoware_common_msgs/share/autoware_common_msgs/environment/path.dsv
[5.108s] -- Up-to-date symlink: /home/autoware/aichallenge2023-integration-final-main/install/autoware_common_msgs/share/autoware_common_msgs/local_setup.bash
[5.108s] -- Up-to-date symlink: /home/autoware/aichallenge2023-integration-final-main/install/autoware_common_msgs/share/autoware_common_msgs/local_setup.sh
[5.108s] -- Up-to-date symlink: /home/autoware/aichallenge2023-integration-final-main/install/autoware_common_msgs/share/autoware_common_msgs/local_setup.zsh
[5.108s] -- Up-to-date symlink: /home/autoware/aichallenge2023-integration-final-main/install/autoware_common_msgs/share/autoware_common_msgs/local_setup.dsv
[5.110s] -- Symlinking: /home/autoware/aichallenge2023-integration-final-main/install/autoware_common_msgs/share/autoware_common_msgs/package.dsv
[5.162s] -- Up-to-date symlink: /home/autoware/aichallenge2023-integration-final-main/install/autoware_common_msgs/share/ament_index/resource_index/packages/autoware_common_msgs
[5.162s] -- Up-to-date symlink: /home/autoware/aichallenge2023-integration-final-main/install/autoware_common_msgs/share/autoware_common_msgs/cmake/rosidl_cmake-extras.cmake
[5.162s] -- Up-to-date symlink: /home/autoware/aichallenge2023-integration-final-main/install/autoware_common_msgs/share/autoware_common_msgs/cmake/ament_cmake_export_include_directories-extras.cmake
[5.162s] -- Up-to-date symlink: /home/autoware/aichallenge2023-integration-final-main/install/autoware_common_msgs/share/autoware_common_msgs/cmake/ament_cmake_export_libraries-extras.cmake
[5.166s] -- Up-to-date symlink: /home/autoware/aichallenge2023-integration-final-main/install/autoware_common_msgs/share/autoware_common_msgs/cmake/ament_cmake_export_targets-extras.cmake
[5.166s] -- Up-to-date symlink: /home/autoware/aichallenge2023-integration-final-main/install/autoware_common_msgs/share/autoware_common_msgs/cmake/rosidl_cmake_export_typesupport_targets-extras.cmake
[5.166s] -- Up-to-date symlink: /home/autoware/aichallenge2023-integration-final-main/install/autoware_common_msgs/share/autoware_common_msgs/cmake/ament_cmake_export_dependencies-extras.cmake
[5.166s] -- Up-to-date symlink: /home/autoware/aichallenge2023-integration-final-main/install/autoware_common_msgs/share/autoware_common_msgs/cmake/rosidl_cmake_export_typesupport_libraries-extras.cmake
[5.166s] -- Up-to-date symlink: /home/autoware/aichallenge2023-integration-final-main/install/autoware_common_msgs/share/autoware_common_msgs/cmake/autoware_common_msgsConfig.cmake
[5.166s] -- Up-to-date symlink: /home/autoware/aichallenge2023-integration-final-main/install/autoware_common_msgs/share/autoware_common_msgs/cmake/autoware_common_msgsConfig-version.cmake
[5.166s] -- Up-to-date symlink: /home/autoware/aichallenge2023-integration-final-main/install/autoware_common_msgs/share/autoware_common_msgs/package.xml
[5.166s] -- Up-to-date: /home/autoware/aichallenge2023-integration-final-main/install/autoware_common_msgs/lib/libautoware_common_msgs__rosidl_generator_c.so
[5.166s] -- Up-to-date: /home/autoware/aichallenge2023-integration-final-main/install/autoware_common_msgs/lib/libautoware_common_msgs__rosidl_typesupport_fastrtps_c.so
[5.167s] -- Up-to-date: /home/autoware/aichallenge2023-integration-final-main/install/autoware_common_msgs/lib/libautoware_common_msgs__rosidl_typesupport_introspection_c.so
[5.167s] -- Up-to-date: /home/autoware/aichallenge2023-integration-final-main/install/autoware_common_msgs/lib/libautoware_common_msgs__rosidl_typesupport_c.so
[5.167s] -- Up-to-date: /home/autoware/aichallenge2023-integration-final-main/install/autoware_common_msgs/lib/libautoware_common_msgs__rosidl_typesupport_fastrtps_cpp.so
[5.167s] -- Up-to-date: /home/autoware/aichallenge2023-integration-final-main/install/autoware_common_msgs/lib/libautoware_common_msgs__rosidl_typesupport_introspection_cpp.so
[5.167s] -- Up-to-date: /home/autoware/aichallenge2023-integration-final-main/install/autoware_common_msgs/lib/libautoware_common_msgs__rosidl_typesupport_cpp.so
[5.282s] Listing '/home/autoware/aichallenge2023-integration-final-main/install/autoware_common_msgs/local/lib/python3.10/dist-packages/autoware_common_msgs'...
[5.282s] Listing '/home/autoware/aichallenge2023-integration-final-main/install/autoware_common_msgs/local/lib/python3.10/dist-packages/autoware_common_msgs/msg'...
[5.287s] -- Up-to-date: /home/autoware/aichallenge2023-integration-final-main/install/autoware_common_msgs/lib/libautoware_common_msgs__rosidl_generator_py.so
[5.287s] -- Up-to-date: /home/autoware/aichallenge2023-integration-final-main/install/autoware_common_msgs/share/autoware_common_msgs/cmake/export_autoware_common_msgs__rosidl_generator_cExport.cmake
[5.288s] -- Up-to-date: /home/autoware/aichallenge2023-integration-final-main/install/autoware_common_msgs/share/autoware_common_msgs/cmake/export_autoware_common_msgs__rosidl_generator_cExport-release.cmake
[5.288s] -- Up-to-date: /home/autoware/aichallenge2023-integration-final-main/install/autoware_common_msgs/share/autoware_common_msgs/cmake/export_autoware_common_msgs__rosidl_typesupport_fastrtps_cExport.cmake
[5.288s] -- Up-to-date: /home/autoware/aichallenge2023-integration-final-main/install/autoware_common_msgs/share/autoware_common_msgs/cmake/export_autoware_common_msgs__rosidl_typesupport_fastrtps_cExport-release.cmake
[5.288s] -- Up-to-date: /home/autoware/aichallenge2023-integration-final-main/install/autoware_common_msgs/share/autoware_common_msgs/cmake/autoware_common_msgs__rosidl_typesupport_introspection_cExport.cmake
[5.288s] -- Up-to-date: /home/autoware/aichallenge2023-integration-final-main/install/autoware_common_msgs/share/autoware_common_msgs/cmake/autoware_common_msgs__rosidl_typesupport_introspection_cExport-release.cmake
[5.288s] -- Up-to-date: /home/autoware/aichallenge2023-integration-final-main/install/autoware_common_msgs/share/autoware_common_msgs/cmake/autoware_common_msgs__rosidl_typesupport_cExport.cmake
[5.288s] -- Up-to-date: /home/autoware/aichallenge2023-integration-final-main/install/autoware_common_msgs/share/autoware_common_msgs/cmake/autoware_common_msgs__rosidl_typesupport_cExport-release.cmake
[5.289s] -- Up-to-date: /home/autoware/aichallenge2023-integration-final-main/install/autoware_common_msgs/share/autoware_common_msgs/cmake/export_autoware_common_msgs__rosidl_generator_cppExport.cmake
[5.289s] -- Up-to-date: /home/autoware/aichallenge2023-integration-final-main/install/autoware_common_msgs/share/autoware_common_msgs/cmake/export_autoware_common_msgs__rosidl_typesupport_fastrtps_cppExport.cmake
[5.289s] -- Up-to-date: /home/autoware/aichallenge2023-integration-final-main/install/autoware_common_msgs/share/autoware_common_msgs/cmake/export_autoware_common_msgs__rosidl_typesupport_fastrtps_cppExport-release.cmake
[5.289s] -- Up-to-date: /home/autoware/aichallenge2023-integration-final-main/install/autoware_common_msgs/share/autoware_common_msgs/cmake/autoware_common_msgs__rosidl_typesupport_introspection_cppExport.cmake
[5.289s] -- Up-to-date: /home/autoware/aichallenge2023-integration-final-main/install/autoware_common_msgs/share/autoware_common_msgs/cmake/autoware_common_msgs__rosidl_typesupport_introspection_cppExport-release.cmake
[5.289s] -- Up-to-date: /home/autoware/aichallenge2023-integration-final-main/install/autoware_common_msgs/share/autoware_common_msgs/cmake/autoware_common_msgs__rosidl_typesupport_cppExport.cmake
[5.289s] -- Up-to-date: /home/autoware/aichallenge2023-integration-final-main/install/autoware_common_msgs/share/autoware_common_msgs/cmake/autoware_common_msgs__rosidl_typesupport_cppExport-release.cmake
[5.289s] -- Up-to-date: /home/autoware/aichallenge2023-integration-final-main/install/autoware_common_msgs/share/autoware_common_msgs/cmake/export_autoware_common_msgs__rosidl_generator_pyExport.cmake
[5.290s] -- Up-to-date: /home/autoware/aichallenge2023-integration-final-main/install/autoware_common_msgs/share/autoware_common_msgs/cmake/export_autoware_common_msgs__rosidl_generator_pyExport-release.cmake
[5.299s] Invoked command in '/home/autoware/aichallenge2023-integration-final-main/build/autoware_common_msgs' returned '0': CMAKE_PREFIX_PATH=${CMAKE_PREFIX_PATH}:/home/autoware/aichallenge2023-integration-final-main/install/simulator_compatibility_test:/home/autoware/aichallenge2023-integration-final-main/install/ad_api_visualizers:/home/autoware/autoware/install/simulator_compatibility_test:/home/autoware/autoware/install/ad_api_visualizers:/opt/ros/humble /usr/bin/cmake --install /home/autoware/aichallenge2023-integration-final-main/build/autoware_common_msgs
