-- Found autoware_cmake: 0.1.0 (/home/autoware/aichallenge2023-integration-final-main/install/autoware_cmake/share/autoware_cmake/cmake)
-- Override CMake install command with custom implementation using symlinks instead of copying resources
-- Found rosidl_generator_c: 3.1.5 (/opt/ros/humble/share/rosidl_generator_c/cmake)
-- Found rosidl_adapter: 3.1.5 (/opt/ros/humble/share/rosidl_adapter/cmake)
-- Found rosidl_generator_cpp: 3.1.5 (/opt/ros/humble/share/rosidl_generator_cpp/cmake)
-- Using all available rosidl_typesupport_c: rosidl_typesupport_fastrtps_c;rosidl_typesupport_introspection_c
-- Using all available rosidl_typesupport_cpp: rosidl_typesupport_fastrtps_cpp;rosidl_typesupport_introspection_cpp
-- Found rmw_implementation_cmake: 6.1.1 (/opt/ros/humble/share/rmw_implementation_cmake/cmake)
-- Found rmw_cyclonedds_cpp: 1.3.4 (/opt/ros/humble/share/rmw_cyclonedds_cpp/cmake)
-- Using RMW implementation 'rmw_cyclonedds_cpp' as default
-- Found ament_lint_auto: 0.12.7 (/opt/ros/humble/share/ament_lint_auto/cmake)
-- Added test 'copyright' to check source files copyright and LICENSE
-- Added test 'cppcheck' to perform static code analysis on C / C++ code
-- Configured cppcheck include dirs: 
-- Configured cppcheck exclude dirs and/or files: 
-- Added test 'lint_cmake' to check CMake code style
-- Added test 'xmllint' to check XML markup files
-- Configuring done
-- Generating done
-- Build files have been written to: /home/autoware/aichallenge2023-integration-final-main/build/autoware_iv_external_api_adaptor
[35m[1mConsolidate compiler generated dependencies of target autoware_iv_external_api_adaptor[0m
[  4%] [32mBuilding CXX object CMakeFiles/autoware_iv_external_api_adaptor.dir/src/calibration_status.cpp.o[0m
[  9%] [32mBuilding CXX object CMakeFiles/autoware_iv_external_api_adaptor.dir/src/service.cpp.o[0m
[ 14%] [32mBuilding CXX object CMakeFiles/autoware_iv_external_api_adaptor.dir/src/start.cpp.o[0m
[ 19%] [32mBuilding CXX object CMakeFiles/autoware_iv_external_api_adaptor.dir/src/vehicle_status.cpp.o[0m
[ 23%] [32mBuilding CXX object CMakeFiles/autoware_iv_external_api_adaptor.dir/src/rtc_controller.cpp.o[0m
[ 28%] [32mBuilding CXX object CMakeFiles/autoware_iv_external_api_adaptor.dir/src/route.cpp.o[0m
[ 33%] [32mBuilding CXX object CMakeFiles/autoware_iv_external_api_adaptor.dir/src/rosbag_logging_mode.cpp.o[0m
[ 38%] [32mBuilding CXX object CMakeFiles/autoware_iv_external_api_adaptor.dir/src/operator.cpp.o[0m
[ 42%] [32mBuilding CXX object CMakeFiles/autoware_iv_external_api_adaptor.dir/src/metadata_packages.cpp.o[0m
[ 47%] [32mBuilding CXX object CMakeFiles/autoware_iv_external_api_adaptor.dir/src/version.cpp.o[0m
[ 52%] [32mBuilding CXX object CMakeFiles/autoware_iv_external_api_adaptor.dir/src/velocity.cpp.o[0m
[ 57%] [32mBuilding CXX object CMakeFiles/autoware_iv_external_api_adaptor.dir/src/map.cpp.o[0m
