[0.256s] Invoking command in '/home/autoware/aichallenge2023-integration-final-main/build/vls_description': CMAKE_PREFIX_PATH=${CMAKE_PREFIX_PATH}:/home/autoware/aichallenge2023-integration-final-main/install/simulator_compatibility_test:/home/autoware/aichallenge2023-integration-final-main/install/ad_api_visualizers:/home/autoware/autoware/install/simulator_compatibility_test:/home/autoware/autoware/install/ad_api_visualizers:/opt/ros/humble /usr/bin/cmake --build /home/autoware/aichallenge2023-integration-final-main/build/vls_description -- -j16 -l16
[0.663s] Invoked command in '/home/autoware/aichallenge2023-integration-final-main/build/vls_description' returned '0': CMAKE_PREFIX_PATH=${CMAKE_PREFIX_PATH}:/home/autoware/aichallenge2023-integration-final-main/install/simulator_compatibility_test:/home/autoware/aichallenge2023-integration-final-main/install/ad_api_visualizers:/home/autoware/autoware/install/simulator_compatibility_test:/home/autoware/autoware/install/ad_api_visualizers:/opt/ros/humble /usr/bin/cmake --build /home/autoware/aichallenge2023-integration-final-main/build/vls_description -- -j16 -l16
[1.194s] Invoking command in '/home/autoware/aichallenge2023-integration-final-main/build/vls_description': CMAKE_PREFIX_PATH=${CMAKE_PREFIX_PATH}:/home/autoware/aichallenge2023-integration-final-main/install/simulator_compatibility_test:/home/autoware/aichallenge2023-integration-final-main/install/ad_api_visualizers:/home/autoware/autoware/install/simulator_compatibility_test:/home/autoware/autoware/install/ad_api_visualizers:/opt/ros/humble /usr/bin/cmake --install /home/autoware/aichallenge2023-integration-final-main/build/vls_description
[1.285s] -- Install configuration: "Release"
[1.286s] -- Execute custom install script
[1.287s] -- Up-to-date symlink: /home/autoware/aichallenge2023-integration-final-main/install/vls_description/share/vls_description/urdf/VLS-128.urdf.xacro
[1.288s] -- Up-to-date symlink: /home/autoware/aichallenge2023-integration-final-main/install/vls_description/share/vls_description/meshes/VLS128_base_1.dae
[1.288s] -- Up-to-date symlink: /home/autoware/aichallenge2023-integration-final-main/install/vls_description/share/vls_description/meshes/VLS128_base_1.stl
[1.289s] -- Up-to-date symlink: /home/autoware/aichallenge2023-integration-final-main/install/vls_description/share/vls_description/meshes/VLS128_base_2.dae
[1.289s] -- Up-to-date symlink: /home/autoware/aichallenge2023-integration-final-main/install/vls_description/share/vls_description/meshes/VLS128_base_2.stl
[1.289s] -- Up-to-date symlink: /home/autoware/aichallenge2023-integration-final-main/install/vls_description/share/vls_description/meshes/VLS128_scan.dae
[1.290s] -- Up-to-date symlink: /home/autoware/aichallenge2023-integration-final-main/install/vls_description/share/vls_description/meshes/VLS128_scan.stl
[1.290s] -- Up-to-date symlink: /home/autoware/aichallenge2023-integration-final-main/install/vls_description/share/ament_index/resource_index/package_run_dependencies/vls_description
[1.291s] -- Up-to-date symlink: /home/autoware/aichallenge2023-integration-final-main/install/vls_description/share/ament_index/resource_index/parent_prefix_path/vls_description
[1.291s] -- Up-to-date symlink: /home/autoware/aichallenge2023-integration-final-main/install/vls_description/share/vls_description/environment/ament_prefix_path.sh
[1.291s] -- Up-to-date symlink: /home/autoware/aichallenge2023-integration-final-main/install/vls_description/share/vls_description/environment/ament_prefix_path.dsv
[1.292s] -- Up-to-date symlink: /home/autoware/aichallenge2023-integration-final-main/install/vls_description/share/vls_description/environment/path.sh
[1.293s] -- Up-to-date symlink: /home/autoware/aichallenge2023-integration-final-main/install/vls_description/share/vls_description/environment/path.dsv
[1.293s] -- Up-to-date symlink: /home/autoware/aichallenge2023-integration-final-main/install/vls_description/share/vls_description/local_setup.bash
[1.293s] -- Up-to-date symlink: /home/autoware/aichallenge2023-integration-final-main/install/vls_description/share/vls_description/local_setup.sh
[1.293s] -- Up-to-date symlink: /home/autoware/aichallenge2023-integration-final-main/install/vls_description/share/vls_description/local_setup.zsh
[1.293s] -- Up-to-date symlink: /home/autoware/aichallenge2023-integration-final-main/install/vls_description/share/vls_description/local_setup.dsv
[1.294s] -- Symlinking: /home/autoware/aichallenge2023-integration-final-main/install/vls_description/share/vls_description/package.dsv
[1.396s] -- Up-to-date symlink: /home/autoware/aichallenge2023-integration-final-main/install/vls_description/share/ament_index/resource_index/packages/vls_description
[1.396s] -- Up-to-date symlink: /home/autoware/aichallenge2023-integration-final-main/install/vls_description/share/vls_description/cmake/vls_descriptionConfig.cmake
[1.396s] -- Up-to-date symlink: /home/autoware/aichallenge2023-integration-final-main/install/vls_description/share/vls_description/cmake/vls_descriptionConfig-version.cmake
[1.397s] -- Up-to-date symlink: /home/autoware/aichallenge2023-integration-final-main/install/vls_description/share/vls_description/package.xml
[1.423s] Invoked command in '/home/autoware/aichallenge2023-integration-final-main/build/vls_description' returned '0': CMAKE_PREFIX_PATH=${CMAKE_PREFIX_PATH}:/home/autoware/aichallenge2023-integration-final-main/install/simulator_compatibility_test:/home/autoware/aichallenge2023-integration-final-main/install/ad_api_visualizers:/home/autoware/autoware/install/simulator_compatibility_test:/home/autoware/autoware/install/ad_api_visualizers:/opt/ros/humble /usr/bin/cmake --install /home/autoware/aichallenge2023-integration-final-main/build/vls_description
