[0.374s] Invoking command in '/home/autoware/aichallenge2023-integration-final-main/build/generic_type_utility': CMAKE_PREFIX_PATH=${CMAKE_PREFIX_PATH}:/home/autoware/aichallenge2023-integration-final-main/install/simulator_compatibility_test:/home/autoware/aichallenge2023-integration-final-main/install/ad_api_visualizers:/home/autoware/autoware/install/simulator_compatibility_test:/home/autoware/autoware/install/ad_api_visualizers:/opt/ros/humble /usr/bin/cmake --build /home/autoware/aichallenge2023-integration-final-main/build/generic_type_utility -- -j16 -l16
[1.249s] [ 41%] Built target generic_type_utility
[1.287s] [ 52%] Built target gtest
[1.323s] [ 64%] Built target gtest_main
[1.728s] [ 76%] Built target print
[1.811s] [ 88%] Built target check
[1.812s] [100%] Built target generic_type_utility_test
[1.948s] Invoked command in '/home/autoware/aichallenge2023-integration-final-main/build/generic_type_utility' returned '0': CMAKE_PREFIX_PATH=${CMAKE_PREFIX_PATH}:/home/autoware/aichallenge2023-integration-final-main/install/simulator_compatibility_test:/home/autoware/aichallenge2023-integration-final-main/install/ad_api_visualizers:/home/autoware/autoware/install/simulator_compatibility_test:/home/autoware/autoware/install/ad_api_visualizers:/opt/ros/humble /usr/bin/cmake --build /home/autoware/aichallenge2023-integration-final-main/build/generic_type_utility -- -j16 -l16
[3.927s] Invoking command in '/home/autoware/aichallenge2023-integration-final-main/build/generic_type_utility': CMAKE_PREFIX_PATH=${CMAKE_PREFIX_PATH}:/home/autoware/aichallenge2023-integration-final-main/install/simulator_compatibility_test:/home/autoware/aichallenge2023-integration-final-main/install/ad_api_visualizers:/home/autoware/autoware/install/simulator_compatibility_test:/home/autoware/autoware/install/ad_api_visualizers:/opt/ros/humble /usr/bin/cmake --install /home/autoware/aichallenge2023-integration-final-main/build/generic_type_utility
[4.027s] -- Install configuration: "Release"
[4.027s] -- Execute custom install script
[4.028s] -- Up-to-date symlink: /home/autoware/aichallenge2023-integration-final-main/install/generic_type_utility/include/generic_type_utility/generic_message.hpp
[4.028s] -- Up-to-date symlink: /home/autoware/aichallenge2023-integration-final-main/install/generic_type_utility/include/generic_type_utility/generic_property.hpp
[4.028s] -- Up-to-date symlink: /home/autoware/aichallenge2023-integration-final-main/install/generic_type_utility/include/generic_type_utility/ros2/introspection.hpp
[4.029s] -- Up-to-date symlink: /home/autoware/aichallenge2023-integration-final-main/install/generic_type_utility/include/generic_type_utility/ros2/message.hpp
[4.029s] -- Up-to-date symlink: /home/autoware/aichallenge2023-integration-final-main/install/generic_type_utility/include/generic_type_utility/ros2/serialization.hpp
[4.029s] -- Up-to-date symlink: /home/autoware/aichallenge2023-integration-final-main/install/generic_type_utility/share/generic_type_utility/environment/library_path.sh
[4.029s] -- Up-to-date symlink: /home/autoware/aichallenge2023-integration-final-main/install/generic_type_utility/share/generic_type_utility/environment/library_path.dsv
[4.030s] -- Up-to-date symlink: /home/autoware/aichallenge2023-integration-final-main/install/generic_type_utility/lib/libgeneric_type_utility.so
[4.030s] -- Up-to-date symlink: /home/autoware/aichallenge2023-integration-final-main/install/generic_type_utility/lib/generic_type_utility/print
[4.030s] -- Up-to-date symlink: /home/autoware/aichallenge2023-integration-final-main/install/generic_type_utility/lib/generic_type_utility/check
[4.031s] -- Up-to-date symlink: /home/autoware/aichallenge2023-integration-final-main/install/generic_type_utility/share/ament_index/resource_index/package_run_dependencies/generic_type_utility
[4.031s] -- Up-to-date symlink: /home/autoware/aichallenge2023-integration-final-main/install/generic_type_utility/share/ament_index/resource_index/parent_prefix_path/generic_type_utility
[4.031s] -- Up-to-date symlink: /home/autoware/aichallenge2023-integration-final-main/install/generic_type_utility/share/generic_type_utility/environment/ament_prefix_path.sh
[4.032s] -- Up-to-date symlink: /home/autoware/aichallenge2023-integration-final-main/install/generic_type_utility/share/generic_type_utility/environment/ament_prefix_path.dsv
[4.032s] -- Up-to-date symlink: /home/autoware/aichallenge2023-integration-final-main/install/generic_type_utility/share/generic_type_utility/environment/path.sh
[4.032s] -- Up-to-date symlink: /home/autoware/aichallenge2023-integration-final-main/install/generic_type_utility/share/generic_type_utility/environment/path.dsv
[4.032s] -- Up-to-date symlink: /home/autoware/aichallenge2023-integration-final-main/install/generic_type_utility/share/generic_type_utility/local_setup.bash
[4.033s] -- Up-to-date symlink: /home/autoware/aichallenge2023-integration-final-main/install/generic_type_utility/share/generic_type_utility/local_setup.sh
[4.033s] -- Up-to-date symlink: /home/autoware/aichallenge2023-integration-final-main/install/generic_type_utility/share/generic_type_utility/local_setup.zsh
[4.033s] -- Up-to-date symlink: /home/autoware/aichallenge2023-integration-final-main/install/generic_type_utility/share/generic_type_utility/local_setup.dsv
[4.034s] -- Symlinking: /home/autoware/aichallenge2023-integration-final-main/install/generic_type_utility/share/generic_type_utility/package.dsv
[4.137s] -- Up-to-date symlink: /home/autoware/aichallenge2023-integration-final-main/install/generic_type_utility/share/ament_index/resource_index/packages/generic_type_utility
[4.138s] -- Up-to-date symlink: /home/autoware/aichallenge2023-integration-final-main/install/generic_type_utility/share/generic_type_utility/cmake/ament_cmake_export_dependencies-extras.cmake
[4.138s] -- Up-to-date symlink: /home/autoware/aichallenge2023-integration-final-main/install/generic_type_utility/share/generic_type_utility/cmake/ament_cmake_export_include_directories-extras.cmake
[4.138s] -- Up-to-date symlink: /home/autoware/aichallenge2023-integration-final-main/install/generic_type_utility/share/generic_type_utility/cmake/ament_cmake_export_libraries-extras.cmake
[4.138s] -- Up-to-date symlink: /home/autoware/aichallenge2023-integration-final-main/install/generic_type_utility/share/generic_type_utility/cmake/generic_type_utilityConfig.cmake
[4.139s] -- Up-to-date symlink: /home/autoware/aichallenge2023-integration-final-main/install/generic_type_utility/share/generic_type_utility/cmake/generic_type_utilityConfig-version.cmake
[4.139s] -- Up-to-date symlink: /home/autoware/aichallenge2023-integration-final-main/install/generic_type_utility/share/generic_type_utility/package.xml
[4.164s] Invoked command in '/home/autoware/aichallenge2023-integration-final-main/build/generic_type_utility' returned '0': CMAKE_PREFIX_PATH=${CMAKE_PREFIX_PATH}:/home/autoware/aichallenge2023-integration-final-main/install/simulator_compatibility_test:/home/autoware/aichallenge2023-integration-final-main/install/ad_api_visualizers:/home/autoware/autoware/install/simulator_compatibility_test:/home/autoware/autoware/install/ad_api_visualizers:/opt/ros/humble /usr/bin/cmake --install /home/autoware/aichallenge2023-integration-final-main/build/generic_type_utility
