[  3%] Built target tier4_hmi_msgs__cpp
[ 12%] Built target tier4_hmi_msgs__rosidl_generator_c
[ 12%] Built target ament_cmake_python_symlink_tier4_hmi_msgs
[ 22%] Built target tier4_hmi_msgs__rosidl_typesupport_fastrtps_cpp
[ 32%] Built target tier4_hmi_msgs__rosidl_typesupport_introspection_cpp
[ 41%] Built target tier4_hmi_msgs__rosidl_typesupport_c
[ 51%] Built target tier4_hmi_msgs__rosidl_typesupport_cpp
[ 61%] Built target tier4_hmi_msgs__rosidl_typesupport_fastrtps_c
[ 70%] Built target tier4_hmi_msgs__rosidl_typesupport_introspection_c
[ 70%] Built target tier4_hmi_msgs
[ 74%] Built target tier4_hmi_msgs__py
[ 80%] Built target tier4_hmi_msgs__rosidl_generator_py
[ 87%] Built target tier4_hmi_msgs__rosidl_typesupport_c__pyext
[ 93%] Built target tier4_hmi_msgs__rosidl_typesupport_fastrtps_c__pyext
[100%] Built target tier4_hmi_msgs__rosidl_typesupport_introspection_c__pyext
running egg_info
writing tier4_hmi_msgs.egg-info/PKG-INFO
writing dependency_links to tier4_hmi_msgs.egg-info/dependency_links.txt
writing top-level names to tier4_hmi_msgs.egg-info/top_level.txt
reading manifest file 'tier4_hmi_msgs.egg-info/SOURCES.txt'
writing manifest file 'tier4_hmi_msgs.egg-info/SOURCES.txt'
[100%] Built target ament_cmake_python_build_tier4_hmi_msgs_egg
-- Install configuration: "Release"
-- Execute custom install script
-- Up-to-date symlink: /home/autoware/aichallenge2023-integration-final-main/install/tier4_hmi_msgs/share/ament_index/resource_index/rosidl_interfaces/tier4_hmi_msgs
-- Up-to-date symlink: /home/autoware/aichallenge2023-integration-final-main/install/tier4_hmi_msgs/include/tier4_hmi_msgs/tier4_hmi_msgs/msg/rosidl_generator_c__visibility_control.h
-- Up-to-date symlink: /home/autoware/aichallenge2023-integration-final-main/install/tier4_hmi_msgs/include/tier4_hmi_msgs/tier4_hmi_msgs/srv/announce.h
-- Up-to-date symlink: /home/autoware/aichallenge2023-integration-final-main/install/tier4_hmi_msgs/include/tier4_hmi_msgs/tier4_hmi_msgs/srv/detail/announce__functions.h
-- Up-to-date symlink: /home/autoware/aichallenge2023-integration-final-main/install/tier4_hmi_msgs/include/tier4_hmi_msgs/tier4_hmi_msgs/srv/detail/announce__struct.h
-- Up-to-date symlink: /home/autoware/aichallenge2023-integration-final-main/install/tier4_hmi_msgs/include/tier4_hmi_msgs/tier4_hmi_msgs/srv/detail/announce__type_support.h
-- Up-to-date symlink: /home/autoware/aichallenge2023-integration-final-main/install/tier4_hmi_msgs/share/tier4_hmi_msgs/environment/library_path.sh
-- Up-to-date symlink: /home/autoware/aichallenge2023-integration-final-main/install/tier4_hmi_msgs/share/tier4_hmi_msgs/environment/library_path.dsv
-- Up-to-date symlink: /home/autoware/aichallenge2023-integration-final-main/install/tier4_hmi_msgs/include/tier4_hmi_msgs/tier4_hmi_msgs/msg/rosidl_typesupport_fastrtps_c__visibility_control.h
-- Up-to-date symlink: /home/autoware/aichallenge2023-integration-final-main/install/tier4_hmi_msgs/include/tier4_hmi_msgs/tier4_hmi_msgs/srv/detail/announce__rosidl_typesupport_fastrtps_c.h
-- Up-to-date symlink: /home/autoware/aichallenge2023-integration-final-main/install/tier4_hmi_msgs/include/tier4_hmi_msgs/tier4_hmi_msgs/srv/announce.hpp
-- Up-to-date symlink: /home/autoware/aichallenge2023-integration-final-main/install/tier4_hmi_msgs/include/tier4_hmi_msgs/tier4_hmi_msgs/srv/detail/announce__builder.hpp
-- Up-to-date symlink: /home/autoware/aichallenge2023-integration-final-main/install/tier4_hmi_msgs/include/tier4_hmi_msgs/tier4_hmi_msgs/srv/detail/announce__struct.hpp
-- Up-to-date symlink: /home/autoware/aichallenge2023-integration-final-main/install/tier4_hmi_msgs/include/tier4_hmi_msgs/tier4_hmi_msgs/srv/detail/announce__traits.hpp
-- Up-to-date symlink: /home/autoware/aichallenge2023-integration-final-main/install/tier4_hmi_msgs/include/tier4_hmi_msgs/tier4_hmi_msgs/msg/rosidl_typesupport_fastrtps_cpp__visibility_control.h
-- Up-to-date symlink: /home/autoware/aichallenge2023-integration-final-main/install/tier4_hmi_msgs/include/tier4_hmi_msgs/tier4_hmi_msgs/srv/detail/announce__rosidl_typesupport_fastrtps_cpp.hpp
-- Up-to-date symlink: /home/autoware/aichallenge2023-integration-final-main/install/tier4_hmi_msgs/include/tier4_hmi_msgs/tier4_hmi_msgs/msg/rosidl_typesupport_introspection_c__visibility_control.h
-- Up-to-date symlink: /home/autoware/aichallenge2023-integration-final-main/install/tier4_hmi_msgs/include/tier4_hmi_msgs/tier4_hmi_msgs/srv/detail/announce__rosidl_typesupport_introspection_c.h
-- Up-to-date symlink: /home/autoware/aichallenge2023-integration-final-main/install/tier4_hmi_msgs/include/tier4_hmi_msgs/tier4_hmi_msgs/srv/detail/announce__rosidl_typesupport_introspection_cpp.hpp
-- Up-to-date symlink: /home/autoware/aichallenge2023-integration-final-main/install/tier4_hmi_msgs/share/tier4_hmi_msgs/environment/pythonpath.sh
-- Up-to-date symlink: /home/autoware/aichallenge2023-integration-final-main/install/tier4_hmi_msgs/share/tier4_hmi_msgs/environment/pythonpath.dsv
-- Up-to-date symlink: /home/autoware/aichallenge2023-integration-final-main/install/tier4_hmi_msgs/local/lib/python3.10/dist-packages/tier4_hmi_msgs-0.1.0-py3.10.egg-info/PKG-INFO
-- Up-to-date symlink: /home/autoware/aichallenge2023-integration-final-main/install/tier4_hmi_msgs/local/lib/python3.10/dist-packages/tier4_hmi_msgs-0.1.0-py3.10.egg-info/SOURCES.txt
-- Up-to-date symlink: /home/autoware/aichallenge2023-integration-final-main/install/tier4_hmi_msgs/local/lib/python3.10/dist-packages/tier4_hmi_msgs-0.1.0-py3.10.egg-info/dependency_links.txt
-- Up-to-date symlink: /home/autoware/aichallenge2023-integration-final-main/install/tier4_hmi_msgs/local/lib/python3.10/dist-packages/tier4_hmi_msgs-0.1.0-py3.10.egg-info/top_level.txt
-- Up-to-date symlink: /home/autoware/aichallenge2023-integration-final-main/install/tier4_hmi_msgs/local/lib/python3.10/dist-packages/tier4_hmi_msgs/__init__.py
-- Up-to-date symlink: /home/autoware/aichallenge2023-integration-final-main/install/tier4_hmi_msgs/local/lib/python3.10/dist-packages/tier4_hmi_msgs/_tier4_hmi_msgs_s.ep.rosidl_typesupport_c.c
-- Up-to-date symlink: /home/autoware/aichallenge2023-integration-final-main/install/tier4_hmi_msgs/local/lib/python3.10/dist-packages/tier4_hmi_msgs/_tier4_hmi_msgs_s.ep.rosidl_typesupport_fastrtps_c.c
-- Up-to-date symlink: /home/autoware/aichallenge2023-integration-final-main/install/tier4_hmi_msgs/local/lib/python3.10/dist-packages/tier4_hmi_msgs/_tier4_hmi_msgs_s.ep.rosidl_typesupport_introspection_c.c
-- Up-to-date symlink: /home/autoware/aichallenge2023-integration-final-main/install/tier4_hmi_msgs/local/lib/python3.10/dist-packages/tier4_hmi_msgs/libtier4_hmi_msgs__rosidl_generator_py.so
-- Up-to-date symlink: /home/autoware/aichallenge2023-integration-final-main/install/tier4_hmi_msgs/local/lib/python3.10/dist-packages/tier4_hmi_msgs/srv/__init__.py
-- Up-to-date symlink: /home/autoware/aichallenge2023-integration-final-main/install/tier4_hmi_msgs/local/lib/python3.10/dist-packages/tier4_hmi_msgs/srv/_announce.py
-- Up-to-date symlink: /home/autoware/aichallenge2023-integration-final-main/install/tier4_hmi_msgs/local/lib/python3.10/dist-packages/tier4_hmi_msgs/srv/_announce_s.c
-- Up-to-date symlink: /home/autoware/aichallenge2023-integration-final-main/install/tier4_hmi_msgs/local/lib/python3.10/dist-packages/tier4_hmi_msgs/tier4_hmi_msgs_s__rosidl_typesupport_c.cpython-310-x86_64-linux-gnu.so
-- Up-to-date symlink: /home/autoware/aichallenge2023-integration-final-main/install/tier4_hmi_msgs/local/lib/python3.10/dist-packages/tier4_hmi_msgs/tier4_hmi_msgs_s__rosidl_typesupport_fastrtps_c.cpython-310-x86_64-linux-gnu.so
-- Up-to-date symlink: /home/autoware/aichallenge2023-integration-final-main/install/tier4_hmi_msgs/local/lib/python3.10/dist-packages/tier4_hmi_msgs/tier4_hmi_msgs_s__rosidl_typesupport_introspection_c.cpython-310-x86_64-linux-gnu.so
-- Up-to-date symlink: /home/autoware/aichallenge2023-integration-final-main/install/tier4_hmi_msgs/local/lib/python3.10/dist-packages/tier4_hmi_msgs/tier4_hmi_msgs_s__rosidl_typesupport_fastrtps_c.cpython-310-x86_64-linux-gnu.so
-- Up-to-date symlink: /home/autoware/aichallenge2023-integration-final-main/install/tier4_hmi_msgs/local/lib/python3.10/dist-packages/tier4_hmi_msgs/tier4_hmi_msgs_s__rosidl_typesupport_introspection_c.cpython-310-x86_64-linux-gnu.so
-- Up-to-date symlink: /home/autoware/aichallenge2023-integration-final-main/install/tier4_hmi_msgs/local/lib/python3.10/dist-packages/tier4_hmi_msgs/tier4_hmi_msgs_s__rosidl_typesupport_c.cpython-310-x86_64-linux-gnu.so
-- Up-to-date symlink: /home/autoware/aichallenge2023-integration-final-main/install/tier4_hmi_msgs/share/tier4_hmi_msgs/srv/Announce.idl
-- Up-to-date symlink: /home/autoware/aichallenge2023-integration-final-main/install/tier4_hmi_msgs/share/tier4_hmi_msgs/srv/Announce.srv
-- Up-to-date symlink: /home/autoware/aichallenge2023-integration-final-main/install/tier4_hmi_msgs/share/tier4_hmi_msgs/srv/Announce_Request.msg
-- Up-to-date symlink: /home/autoware/aichallenge2023-integration-final-main/install/tier4_hmi_msgs/share/tier4_hmi_msgs/srv/Announce_Response.msg
-- Up-to-date symlink: /home/autoware/aichallenge2023-integration-final-main/install/tier4_hmi_msgs/share/ament_index/resource_index/package_run_dependencies/tier4_hmi_msgs
-- Up-to-date symlink: /home/autoware/aichallenge2023-integration-final-main/install/tier4_hmi_msgs/share/ament_index/resource_index/parent_prefix_path/tier4_hmi_msgs
-- Up-to-date symlink: /home/autoware/aichallenge2023-integration-final-main/install/tier4_hmi_msgs/share/tier4_hmi_msgs/environment/ament_prefix_path.sh
-- Up-to-date symlink: /home/autoware/aichallenge2023-integration-final-main/install/tier4_hmi_msgs/share/tier4_hmi_msgs/environment/ament_prefix_path.dsv
-- Up-to-date symlink: /home/autoware/aichallenge2023-integration-final-main/install/tier4_hmi_msgs/share/tier4_hmi_msgs/environment/path.sh
-- Up-to-date symlink: /home/autoware/aichallenge2023-integration-final-main/install/tier4_hmi_msgs/share/tier4_hmi_msgs/environment/path.dsv
-- Up-to-date symlink: /home/autoware/aichallenge2023-integration-final-main/install/tier4_hmi_msgs/share/tier4_hmi_msgs/local_setup.bash
-- Up-to-date symlink: /home/autoware/aichallenge2023-integration-final-main/install/tier4_hmi_msgs/share/tier4_hmi_msgs/local_setup.sh
-- Up-to-date symlink: /home/autoware/aichallenge2023-integration-final-main/install/tier4_hmi_msgs/share/tier4_hmi_msgs/local_setup.zsh
-- Up-to-date symlink: /home/autoware/aichallenge2023-integration-final-main/install/tier4_hmi_msgs/share/tier4_hmi_msgs/local_setup.dsv
-- Symlinking: /home/autoware/aichallenge2023-integration-final-main/install/tier4_hmi_msgs/share/tier4_hmi_msgs/package.dsv
-- Up-to-date symlink: /home/autoware/aichallenge2023-integration-final-main/install/tier4_hmi_msgs/share/ament_index/resource_index/packages/tier4_hmi_msgs
-- Up-to-date symlink: /home/autoware/aichallenge2023-integration-final-main/install/tier4_hmi_msgs/share/tier4_hmi_msgs/cmake/rosidl_cmake-extras.cmake
-- Up-to-date symlink: /home/autoware/aichallenge2023-integration-final-main/install/tier4_hmi_msgs/share/tier4_hmi_msgs/cmake/ament_cmake_export_dependencies-extras.cmake
-- Up-to-date symlink: /home/autoware/aichallenge2023-integration-final-main/install/tier4_hmi_msgs/share/tier4_hmi_msgs/cmake/ament_cmake_export_include_directories-extras.cmake
-- Up-to-date symlink: /home/autoware/aichallenge2023-integration-final-main/install/tier4_hmi_msgs/share/tier4_hmi_msgs/cmake/ament_cmake_export_libraries-extras.cmake
-- Up-to-date symlink: /home/autoware/aichallenge2023-integration-final-main/install/tier4_hmi_msgs/share/tier4_hmi_msgs/cmake/ament_cmake_export_targets-extras.cmake
-- Up-to-date symlink: /home/autoware/aichallenge2023-integration-final-main/install/tier4_hmi_msgs/share/tier4_hmi_msgs/cmake/rosidl_cmake_export_typesupport_targets-extras.cmake
-- Up-to-date symlink: /home/autoware/aichallenge2023-integration-final-main/install/tier4_hmi_msgs/share/tier4_hmi_msgs/cmake/rosidl_cmake_export_typesupport_libraries-extras.cmake
-- Up-to-date symlink: /home/autoware/aichallenge2023-integration-final-main/install/tier4_hmi_msgs/share/tier4_hmi_msgs/cmake/tier4_hmi_msgsConfig.cmake
-- Up-to-date symlink: /home/autoware/aichallenge2023-integration-final-main/install/tier4_hmi_msgs/share/tier4_hmi_msgs/cmake/tier4_hmi_msgsConfig-version.cmake
-- Up-to-date symlink: /home/autoware/aichallenge2023-integration-final-main/install/tier4_hmi_msgs/share/tier4_hmi_msgs/package.xml
-- Up-to-date: /home/autoware/aichallenge2023-integration-final-main/install/tier4_hmi_msgs/lib/libtier4_hmi_msgs__rosidl_generator_c.so
-- Up-to-date: /home/autoware/aichallenge2023-integration-final-main/install/tier4_hmi_msgs/lib/libtier4_hmi_msgs__rosidl_typesupport_fastrtps_c.so
-- Up-to-date: /home/autoware/aichallenge2023-integration-final-main/install/tier4_hmi_msgs/lib/libtier4_hmi_msgs__rosidl_typesupport_fastrtps_cpp.so
-- Up-to-date: /home/autoware/aichallenge2023-integration-final-main/install/tier4_hmi_msgs/lib/libtier4_hmi_msgs__rosidl_typesupport_introspection_c.so
-- Up-to-date: /home/autoware/aichallenge2023-integration-final-main/install/tier4_hmi_msgs/lib/libtier4_hmi_msgs__rosidl_typesupport_c.so
-- Up-to-date: /home/autoware/aichallenge2023-integration-final-main/install/tier4_hmi_msgs/lib/libtier4_hmi_msgs__rosidl_typesupport_introspection_cpp.so
-- Up-to-date: /home/autoware/aichallenge2023-integration-final-main/install/tier4_hmi_msgs/lib/libtier4_hmi_msgs__rosidl_typesupport_cpp.so
Listing '/home/autoware/aichallenge2023-integration-final-main/install/tier4_hmi_msgs/local/lib/python3.10/dist-packages/tier4_hmi_msgs'...
Listing '/home/autoware/aichallenge2023-integration-final-main/install/tier4_hmi_msgs/local/lib/python3.10/dist-packages/tier4_hmi_msgs/srv'...
-- Up-to-date: /home/autoware/aichallenge2023-integration-final-main/install/tier4_hmi_msgs/lib/libtier4_hmi_msgs__rosidl_generator_py.so
-- Up-to-date: /home/autoware/aichallenge2023-integration-final-main/install/tier4_hmi_msgs/share/tier4_hmi_msgs/cmake/export_tier4_hmi_msgs__rosidl_generator_cExport.cmake
-- Up-to-date: /home/autoware/aichallenge2023-integration-final-main/install/tier4_hmi_msgs/share/tier4_hmi_msgs/cmake/export_tier4_hmi_msgs__rosidl_generator_cExport-release.cmake
-- Up-to-date: /home/autoware/aichallenge2023-integration-final-main/install/tier4_hmi_msgs/share/tier4_hmi_msgs/cmake/export_tier4_hmi_msgs__rosidl_typesupport_fastrtps_cExport.cmake
-- Up-to-date: /home/autoware/aichallenge2023-integration-final-main/install/tier4_hmi_msgs/share/tier4_hmi_msgs/cmake/export_tier4_hmi_msgs__rosidl_typesupport_fastrtps_cExport-release.cmake
-- Up-to-date: /home/autoware/aichallenge2023-integration-final-main/install/tier4_hmi_msgs/share/tier4_hmi_msgs/cmake/export_tier4_hmi_msgs__rosidl_generator_cppExport.cmake
-- Up-to-date: /home/autoware/aichallenge2023-integration-final-main/install/tier4_hmi_msgs/share/tier4_hmi_msgs/cmake/export_tier4_hmi_msgs__rosidl_typesupport_fastrtps_cppExport.cmake
-- Up-to-date: /home/autoware/aichallenge2023-integration-final-main/install/tier4_hmi_msgs/share/tier4_hmi_msgs/cmake/export_tier4_hmi_msgs__rosidl_typesupport_fastrtps_cppExport-release.cmake
-- Up-to-date: /home/autoware/aichallenge2023-integration-final-main/install/tier4_hmi_msgs/share/tier4_hmi_msgs/cmake/tier4_hmi_msgs__rosidl_typesupport_introspection_cExport.cmake
-- Up-to-date: /home/autoware/aichallenge2023-integration-final-main/install/tier4_hmi_msgs/share/tier4_hmi_msgs/cmake/tier4_hmi_msgs__rosidl_typesupport_introspection_cExport-release.cmake
-- Up-to-date: /home/autoware/aichallenge2023-integration-final-main/install/tier4_hmi_msgs/share/tier4_hmi_msgs/cmake/tier4_hmi_msgs__rosidl_typesupport_cExport.cmake
-- Up-to-date: /home/autoware/aichallenge2023-integration-final-main/install/tier4_hmi_msgs/share/tier4_hmi_msgs/cmake/tier4_hmi_msgs__rosidl_typesupport_cExport-release.cmake
-- Up-to-date: /home/autoware/aichallenge2023-integration-final-main/install/tier4_hmi_msgs/share/tier4_hmi_msgs/cmake/tier4_hmi_msgs__rosidl_typesupport_introspection_cppExport.cmake
-- Up-to-date: /home/autoware/aichallenge2023-integration-final-main/install/tier4_hmi_msgs/share/tier4_hmi_msgs/cmake/tier4_hmi_msgs__rosidl_typesupport_introspection_cppExport-release.cmake
-- Up-to-date: /home/autoware/aichallenge2023-integration-final-main/install/tier4_hmi_msgs/share/tier4_hmi_msgs/cmake/tier4_hmi_msgs__rosidl_typesupport_cppExport.cmake
-- Up-to-date: /home/autoware/aichallenge2023-integration-final-main/install/tier4_hmi_msgs/share/tier4_hmi_msgs/cmake/tier4_hmi_msgs__rosidl_typesupport_cppExport-release.cmake
-- Up-to-date: /home/autoware/aichallenge2023-integration-final-main/install/tier4_hmi_msgs/share/tier4_hmi_msgs/cmake/export_tier4_hmi_msgs__rosidl_generator_pyExport.cmake
-- Up-to-date: /home/autoware/aichallenge2023-integration-final-main/install/tier4_hmi_msgs/share/tier4_hmi_msgs/cmake/export_tier4_hmi_msgs__rosidl_generator_pyExport-release.cmake
