[0.106s] Invoking command in '/home/autoware/aichallenge2023-integration-final-main/build/aichallenge_scoring_msgs': CMAKE_PREFIX_PATH=${CMAKE_PREFIX_PATH}:/home/autoware/aichallenge2023-integration-final-main/install/simulator_compatibility_test:/home/autoware/aichallenge2023-integration-final-main/install/ad_api_visualizers:/home/autoware/autoware/install/simulator_compatibility_test:/home/autoware/autoware/install/ad_api_visualizers:/opt/ros/humble /usr/bin/cmake --build /home/autoware/aichallenge2023-integration-final-main/build/aichallenge_scoring_msgs -- -j16 -l16
[0.563s] [  9%] Built target aichallenge_scoring_msgs__rosidl_generator_c
[0.623s] [ 12%] Built target aichallenge_scoring_msgs__cpp
[0.670s] [ 12%] Built target ament_cmake_python_symlink_aichallenge_scoring_msgs
[0.799s] [ 22%] Built target aichallenge_scoring_msgs__rosidl_typesupport_fastrtps_c
[0.854s] [ 32%] Built target aichallenge_scoring_msgs__rosidl_typesupport_introspection_c
[0.877s] [ 41%] Built target aichallenge_scoring_msgs__rosidl_typesupport_fastrtps_cpp
[0.936s] [ 51%] Built target aichallenge_scoring_msgs__rosidl_typesupport_introspection_cpp
[0.936s] [ 61%] Built target aichallenge_scoring_msgs__rosidl_typesupport_cpp
[0.936s] [ 70%] Built target aichallenge_scoring_msgs__rosidl_typesupport_c
[1.167s] [ 70%] Built target aichallenge_scoring_msgs
[1.355s] running egg_info
[1.357s] writing aichallenge_scoring_msgs.egg-info/PKG-INFO
[1.357s] writing dependency_links to aichallenge_scoring_msgs.egg-info/dependency_links.txt
[1.358s] writing top-level names to aichallenge_scoring_msgs.egg-info/top_level.txt
[1.361s] reading manifest file 'aichallenge_scoring_msgs.egg-info/SOURCES.txt'
[1.362s] writing manifest file 'aichallenge_scoring_msgs.egg-info/SOURCES.txt'
[1.441s] [ 74%] Built target aichallenge_scoring_msgs__py
[1.472s] [ 74%] Built target ament_cmake_python_build_aichallenge_scoring_msgs_egg
[1.668s] [ 80%] Built target aichallenge_scoring_msgs__rosidl_generator_py
[1.915s] [ 87%] Built target aichallenge_scoring_msgs__rosidl_typesupport_fastrtps_c__pyext
[1.924s] [ 93%] Built target aichallenge_scoring_msgs__rosidl_typesupport_introspection_c__pyext
[1.952s] [100%] Built target aichallenge_scoring_msgs__rosidl_typesupport_c__pyext
[2.035s] Invoked command in '/home/autoware/aichallenge2023-integration-final-main/build/aichallenge_scoring_msgs' returned '0': CMAKE_PREFIX_PATH=${CMAKE_PREFIX_PATH}:/home/autoware/aichallenge2023-integration-final-main/install/simulator_compatibility_test:/home/autoware/aichallenge2023-integration-final-main/install/ad_api_visualizers:/home/autoware/autoware/install/simulator_compatibility_test:/home/autoware/autoware/install/ad_api_visualizers:/opt/ros/humble /usr/bin/cmake --build /home/autoware/aichallenge2023-integration-final-main/build/aichallenge_scoring_msgs -- -j16 -l16
[3.741s] Invoking command in '/home/autoware/aichallenge2023-integration-final-main/build/aichallenge_scoring_msgs': CMAKE_PREFIX_PATH=${CMAKE_PREFIX_PATH}:/home/autoware/aichallenge2023-integration-final-main/install/simulator_compatibility_test:/home/autoware/aichallenge2023-integration-final-main/install/ad_api_visualizers:/home/autoware/autoware/install/simulator_compatibility_test:/home/autoware/autoware/install/ad_api_visualizers:/opt/ros/humble /usr/bin/cmake --install /home/autoware/aichallenge2023-integration-final-main/build/aichallenge_scoring_msgs
[3.822s] -- Install configuration: "Release"
[3.823s] -- Execute custom install script
[3.824s] -- Up-to-date symlink: /home/autoware/aichallenge2023-integration-final-main/install/aichallenge_scoring_msgs/share/ament_index/resource_index/rosidl_interfaces/aichallenge_scoring_msgs
[3.825s] -- Up-to-date symlink: /home/autoware/aichallenge2023-integration-final-main/install/aichallenge_scoring_msgs/include/aichallenge_scoring_msgs/aichallenge_scoring_msgs/msg/detail/score__functions.h
[3.826s] -- Up-to-date symlink: /home/autoware/aichallenge2023-integration-final-main/install/aichallenge_scoring_msgs/include/aichallenge_scoring_msgs/aichallenge_scoring_msgs/msg/detail/score__struct.h
[3.827s] -- Up-to-date symlink: /home/autoware/aichallenge2023-integration-final-main/install/aichallenge_scoring_msgs/include/aichallenge_scoring_msgs/aichallenge_scoring_msgs/msg/detail/score__type_support.h
[3.828s] -- Up-to-date symlink: /home/autoware/aichallenge2023-integration-final-main/install/aichallenge_scoring_msgs/include/aichallenge_scoring_msgs/aichallenge_scoring_msgs/msg/rosidl_generator_c__visibility_control.h
[3.828s] -- Up-to-date symlink: /home/autoware/aichallenge2023-integration-final-main/install/aichallenge_scoring_msgs/include/aichallenge_scoring_msgs/aichallenge_scoring_msgs/msg/score.h
[3.829s] -- Up-to-date symlink: /home/autoware/aichallenge2023-integration-final-main/install/aichallenge_scoring_msgs/share/aichallenge_scoring_msgs/environment/library_path.sh
[3.830s] -- Up-to-date symlink: /home/autoware/aichallenge2023-integration-final-main/install/aichallenge_scoring_msgs/share/aichallenge_scoring_msgs/environment/library_path.dsv
[3.831s] -- Up-to-date symlink: /home/autoware/aichallenge2023-integration-final-main/install/aichallenge_scoring_msgs/include/aichallenge_scoring_msgs/aichallenge_scoring_msgs/msg/detail/score__rosidl_typesupport_fastrtps_c.h
[3.831s] -- Up-to-date symlink: /home/autoware/aichallenge2023-integration-final-main/install/aichallenge_scoring_msgs/include/aichallenge_scoring_msgs/aichallenge_scoring_msgs/msg/rosidl_typesupport_fastrtps_c__visibility_control.h
[3.832s] -- Up-to-date symlink: /home/autoware/aichallenge2023-integration-final-main/install/aichallenge_scoring_msgs/include/aichallenge_scoring_msgs/aichallenge_scoring_msgs/msg/detail/score__rosidl_typesupport_introspection_c.h
[3.835s] -- Up-to-date symlink: /home/autoware/aichallenge2023-integration-final-main/install/aichallenge_scoring_msgs/include/aichallenge_scoring_msgs/aichallenge_scoring_msgs/msg/rosidl_typesupport_introspection_c__visibility_control.h
[3.837s] -- Up-to-date symlink: /home/autoware/aichallenge2023-integration-final-main/install/aichallenge_scoring_msgs/include/aichallenge_scoring_msgs/aichallenge_scoring_msgs/msg/detail/score__builder.hpp
[3.838s] -- Up-to-date symlink: /home/autoware/aichallenge2023-integration-final-main/install/aichallenge_scoring_msgs/include/aichallenge_scoring_msgs/aichallenge_scoring_msgs/msg/detail/score__struct.hpp
[3.839s] -- Up-to-date symlink: /home/autoware/aichallenge2023-integration-final-main/install/aichallenge_scoring_msgs/include/aichallenge_scoring_msgs/aichallenge_scoring_msgs/msg/detail/score__traits.hpp
[3.840s] -- Up-to-date symlink: /home/autoware/aichallenge2023-integration-final-main/install/aichallenge_scoring_msgs/include/aichallenge_scoring_msgs/aichallenge_scoring_msgs/msg/score.hpp
[3.841s] -- Up-to-date symlink: /home/autoware/aichallenge2023-integration-final-main/install/aichallenge_scoring_msgs/include/aichallenge_scoring_msgs/aichallenge_scoring_msgs/msg/detail/score__rosidl_typesupport_fastrtps_cpp.hpp
[3.841s] -- Up-to-date symlink: /home/autoware/aichallenge2023-integration-final-main/install/aichallenge_scoring_msgs/include/aichallenge_scoring_msgs/aichallenge_scoring_msgs/msg/rosidl_typesupport_fastrtps_cpp__visibility_control.h
[3.843s] -- Up-to-date symlink: /home/autoware/aichallenge2023-integration-final-main/install/aichallenge_scoring_msgs/include/aichallenge_scoring_msgs/aichallenge_scoring_msgs/msg/detail/score__rosidl_typesupport_introspection_cpp.hpp
[3.843s] -- Up-to-date symlink: /home/autoware/aichallenge2023-integration-final-main/install/aichallenge_scoring_msgs/share/aichallenge_scoring_msgs/environment/pythonpath.sh
[3.844s] -- Up-to-date symlink: /home/autoware/aichallenge2023-integration-final-main/install/aichallenge_scoring_msgs/share/aichallenge_scoring_msgs/environment/pythonpath.dsv
[3.845s] -- Up-to-date symlink: /home/autoware/aichallenge2023-integration-final-main/install/aichallenge_scoring_msgs/local/lib/python3.10/dist-packages/aichallenge_scoring_msgs-1.0.0-py3.10.egg-info/PKG-INFO
[3.846s] -- Up-to-date symlink: /home/autoware/aichallenge2023-integration-final-main/install/aichallenge_scoring_msgs/local/lib/python3.10/dist-packages/aichallenge_scoring_msgs-1.0.0-py3.10.egg-info/SOURCES.txt
[3.846s] -- Up-to-date symlink: /home/autoware/aichallenge2023-integration-final-main/install/aichallenge_scoring_msgs/local/lib/python3.10/dist-packages/aichallenge_scoring_msgs-1.0.0-py3.10.egg-info/dependency_links.txt
[3.847s] -- Up-to-date symlink: /home/autoware/aichallenge2023-integration-final-main/install/aichallenge_scoring_msgs/local/lib/python3.10/dist-packages/aichallenge_scoring_msgs-1.0.0-py3.10.egg-info/top_level.txt
[3.848s] -- Up-to-date symlink: /home/autoware/aichallenge2023-integration-final-main/install/aichallenge_scoring_msgs/local/lib/python3.10/dist-packages/aichallenge_scoring_msgs/__init__.py
[3.849s] -- Up-to-date symlink: /home/autoware/aichallenge2023-integration-final-main/install/aichallenge_scoring_msgs/local/lib/python3.10/dist-packages/aichallenge_scoring_msgs/_aichallenge_scoring_msgs_s.ep.rosidl_typesupport_c.c
[3.850s] -- Up-to-date symlink: /home/autoware/aichallenge2023-integration-final-main/install/aichallenge_scoring_msgs/local/lib/python3.10/dist-packages/aichallenge_scoring_msgs/_aichallenge_scoring_msgs_s.ep.rosidl_typesupport_fastrtps_c.c
[3.850s] -- Up-to-date symlink: /home/autoware/aichallenge2023-integration-final-main/install/aichallenge_scoring_msgs/local/lib/python3.10/dist-packages/aichallenge_scoring_msgs/_aichallenge_scoring_msgs_s.ep.rosidl_typesupport_introspection_c.c
[3.851s] -- Up-to-date symlink: /home/autoware/aichallenge2023-integration-final-main/install/aichallenge_scoring_msgs/local/lib/python3.10/dist-packages/aichallenge_scoring_msgs/aichallenge_scoring_msgs_s__rosidl_typesupport_c.cpython-310-x86_64-linux-gnu.so
[3.852s] -- Up-to-date symlink: /home/autoware/aichallenge2023-integration-final-main/install/aichallenge_scoring_msgs/local/lib/python3.10/dist-packages/aichallenge_scoring_msgs/aichallenge_scoring_msgs_s__rosidl_typesupport_fastrtps_c.cpython-310-x86_64-linux-gnu.so
[3.852s] -- Up-to-date symlink: /home/autoware/aichallenge2023-integration-final-main/install/aichallenge_scoring_msgs/local/lib/python3.10/dist-packages/aichallenge_scoring_msgs/aichallenge_scoring_msgs_s__rosidl_typesupport_introspection_c.cpython-310-x86_64-linux-gnu.so
[3.853s] -- Up-to-date symlink: /home/autoware/aichallenge2023-integration-final-main/install/aichallenge_scoring_msgs/local/lib/python3.10/dist-packages/aichallenge_scoring_msgs/libaichallenge_scoring_msgs__rosidl_generator_py.so
[3.853s] -- Up-to-date symlink: /home/autoware/aichallenge2023-integration-final-main/install/aichallenge_scoring_msgs/local/lib/python3.10/dist-packages/aichallenge_scoring_msgs/msg/__init__.py
[3.854s] -- Up-to-date symlink: /home/autoware/aichallenge2023-integration-final-main/install/aichallenge_scoring_msgs/local/lib/python3.10/dist-packages/aichallenge_scoring_msgs/msg/_score.py
[3.854s] -- Up-to-date symlink: /home/autoware/aichallenge2023-integration-final-main/install/aichallenge_scoring_msgs/local/lib/python3.10/dist-packages/aichallenge_scoring_msgs/msg/_score_s.c
[3.854s] -- Up-to-date symlink: /home/autoware/aichallenge2023-integration-final-main/install/aichallenge_scoring_msgs/local/lib/python3.10/dist-packages/aichallenge_scoring_msgs/aichallenge_scoring_msgs_s__rosidl_typesupport_fastrtps_c.cpython-310-x86_64-linux-gnu.so
[3.854s] -- Up-to-date symlink: /home/autoware/aichallenge2023-integration-final-main/install/aichallenge_scoring_msgs/local/lib/python3.10/dist-packages/aichallenge_scoring_msgs/aichallenge_scoring_msgs_s__rosidl_typesupport_introspection_c.cpython-310-x86_64-linux-gnu.so
[3.854s] -- Up-to-date symlink: /home/autoware/aichallenge2023-integration-final-main/install/aichallenge_scoring_msgs/local/lib/python3.10/dist-packages/aichallenge_scoring_msgs/aichallenge_scoring_msgs_s__rosidl_typesupport_c.cpython-310-x86_64-linux-gnu.so
[3.854s] -- Up-to-date symlink: /home/autoware/aichallenge2023-integration-final-main/install/aichallenge_scoring_msgs/share/aichallenge_scoring_msgs/msg/Score.idl
[3.854s] -- Up-to-date symlink: /home/autoware/aichallenge2023-integration-final-main/install/aichallenge_scoring_msgs/share/aichallenge_scoring_msgs/msg/Score.msg
[3.854s] -- Up-to-date symlink: /home/autoware/aichallenge2023-integration-final-main/install/aichallenge_scoring_msgs/share/ament_index/resource_index/package_run_dependencies/aichallenge_scoring_msgs
[3.855s] -- Up-to-date symlink: /home/autoware/aichallenge2023-integration-final-main/install/aichallenge_scoring_msgs/share/ament_index/resource_index/parent_prefix_path/aichallenge_scoring_msgs
[3.855s] -- Up-to-date symlink: /home/autoware/aichallenge2023-integration-final-main/install/aichallenge_scoring_msgs/share/aichallenge_scoring_msgs/environment/ament_prefix_path.sh
[3.855s] -- Up-to-date symlink: /home/autoware/aichallenge2023-integration-final-main/install/aichallenge_scoring_msgs/share/aichallenge_scoring_msgs/environment/ament_prefix_path.dsv
[3.855s] -- Up-to-date symlink: /home/autoware/aichallenge2023-integration-final-main/install/aichallenge_scoring_msgs/share/aichallenge_scoring_msgs/environment/path.sh
[3.855s] -- Up-to-date symlink: /home/autoware/aichallenge2023-integration-final-main/install/aichallenge_scoring_msgs/share/aichallenge_scoring_msgs/environment/path.dsv
[3.855s] -- Up-to-date symlink: /home/autoware/aichallenge2023-integration-final-main/install/aichallenge_scoring_msgs/share/aichallenge_scoring_msgs/local_setup.bash
[3.855s] -- Up-to-date symlink: /home/autoware/aichallenge2023-integration-final-main/install/aichallenge_scoring_msgs/share/aichallenge_scoring_msgs/local_setup.sh
[3.855s] -- Up-to-date symlink: /home/autoware/aichallenge2023-integration-final-main/install/aichallenge_scoring_msgs/share/aichallenge_scoring_msgs/local_setup.zsh
[3.855s] -- Up-to-date symlink: /home/autoware/aichallenge2023-integration-final-main/install/aichallenge_scoring_msgs/share/aichallenge_scoring_msgs/local_setup.dsv
[3.855s] -- Symlinking: /home/autoware/aichallenge2023-integration-final-main/install/aichallenge_scoring_msgs/share/aichallenge_scoring_msgs/package.dsv
[3.920s] -- Up-to-date symlink: /home/autoware/aichallenge2023-integration-final-main/install/aichallenge_scoring_msgs/share/ament_index/resource_index/packages/aichallenge_scoring_msgs
[3.921s] -- Up-to-date symlink: /home/autoware/aichallenge2023-integration-final-main/install/aichallenge_scoring_msgs/share/aichallenge_scoring_msgs/cmake/rosidl_cmake-extras.cmake
[3.921s] -- Up-to-date symlink: /home/autoware/aichallenge2023-integration-final-main/install/aichallenge_scoring_msgs/share/aichallenge_scoring_msgs/cmake/ament_cmake_export_include_directories-extras.cmake
[3.921s] -- Up-to-date symlink: /home/autoware/aichallenge2023-integration-final-main/install/aichallenge_scoring_msgs/share/aichallenge_scoring_msgs/cmake/ament_cmake_export_libraries-extras.cmake
[3.921s] -- Up-to-date symlink: /home/autoware/aichallenge2023-integration-final-main/install/aichallenge_scoring_msgs/share/aichallenge_scoring_msgs/cmake/ament_cmake_export_targets-extras.cmake
[3.922s] -- Up-to-date symlink: /home/autoware/aichallenge2023-integration-final-main/install/aichallenge_scoring_msgs/share/aichallenge_scoring_msgs/cmake/rosidl_cmake_export_typesupport_targets-extras.cmake
[3.922s] -- Up-to-date symlink: /home/autoware/aichallenge2023-integration-final-main/install/aichallenge_scoring_msgs/share/aichallenge_scoring_msgs/cmake/ament_cmake_export_dependencies-extras.cmake
[3.922s] -- Up-to-date symlink: /home/autoware/aichallenge2023-integration-final-main/install/aichallenge_scoring_msgs/share/aichallenge_scoring_msgs/cmake/rosidl_cmake_export_typesupport_libraries-extras.cmake
[3.922s] -- Up-to-date symlink: /home/autoware/aichallenge2023-integration-final-main/install/aichallenge_scoring_msgs/share/aichallenge_scoring_msgs/cmake/aichallenge_scoring_msgsConfig.cmake
[3.922s] -- Up-to-date symlink: /home/autoware/aichallenge2023-integration-final-main/install/aichallenge_scoring_msgs/share/aichallenge_scoring_msgs/cmake/aichallenge_scoring_msgsConfig-version.cmake
[3.923s] -- Up-to-date symlink: /home/autoware/aichallenge2023-integration-final-main/install/aichallenge_scoring_msgs/share/aichallenge_scoring_msgs/package.xml
[3.923s] -- Up-to-date: /home/autoware/aichallenge2023-integration-final-main/install/aichallenge_scoring_msgs/lib/libaichallenge_scoring_msgs__rosidl_generator_c.so
[3.924s] -- Up-to-date: /home/autoware/aichallenge2023-integration-final-main/install/aichallenge_scoring_msgs/lib/libaichallenge_scoring_msgs__rosidl_typesupport_fastrtps_c.so
[3.924s] -- Up-to-date: /home/autoware/aichallenge2023-integration-final-main/install/aichallenge_scoring_msgs/lib/libaichallenge_scoring_msgs__rosidl_typesupport_introspection_c.so
[3.924s] -- Up-to-date: /home/autoware/aichallenge2023-integration-final-main/install/aichallenge_scoring_msgs/lib/libaichallenge_scoring_msgs__rosidl_typesupport_c.so
[3.925s] -- Up-to-date: /home/autoware/aichallenge2023-integration-final-main/install/aichallenge_scoring_msgs/lib/libaichallenge_scoring_msgs__rosidl_typesupport_fastrtps_cpp.so
[3.925s] -- Up-to-date: /home/autoware/aichallenge2023-integration-final-main/install/aichallenge_scoring_msgs/lib/libaichallenge_scoring_msgs__rosidl_typesupport_introspection_cpp.so
[3.930s] -- Up-to-date: /home/autoware/aichallenge2023-integration-final-main/install/aichallenge_scoring_msgs/lib/libaichallenge_scoring_msgs__rosidl_typesupport_cpp.so
[4.058s] Listing '/home/autoware/aichallenge2023-integration-final-main/install/aichallenge_scoring_msgs/local/lib/python3.10/dist-packages/aichallenge_scoring_msgs'...
[4.059s] Listing '/home/autoware/aichallenge2023-integration-final-main/install/aichallenge_scoring_msgs/local/lib/python3.10/dist-packages/aichallenge_scoring_msgs/msg'...
[4.064s] -- Up-to-date: /home/autoware/aichallenge2023-integration-final-main/install/aichallenge_scoring_msgs/lib/libaichallenge_scoring_msgs__rosidl_generator_py.so
[4.064s] -- Up-to-date: /home/autoware/aichallenge2023-integration-final-main/install/aichallenge_scoring_msgs/share/aichallenge_scoring_msgs/cmake/export_aichallenge_scoring_msgs__rosidl_generator_cExport.cmake
[4.064s] -- Up-to-date: /home/autoware/aichallenge2023-integration-final-main/install/aichallenge_scoring_msgs/share/aichallenge_scoring_msgs/cmake/export_aichallenge_scoring_msgs__rosidl_generator_cExport-release.cmake
[4.065s] -- Up-to-date: /home/autoware/aichallenge2023-integration-final-main/install/aichallenge_scoring_msgs/share/aichallenge_scoring_msgs/cmake/export_aichallenge_scoring_msgs__rosidl_typesupport_fastrtps_cExport.cmake
[4.065s] -- Up-to-date: /home/autoware/aichallenge2023-integration-final-main/install/aichallenge_scoring_msgs/share/aichallenge_scoring_msgs/cmake/export_aichallenge_scoring_msgs__rosidl_typesupport_fastrtps_cExport-release.cmake
[4.065s] -- Up-to-date: /home/autoware/aichallenge2023-integration-final-main/install/aichallenge_scoring_msgs/share/aichallenge_scoring_msgs/cmake/aichallenge_scoring_msgs__rosidl_typesupport_introspection_cExport.cmake
[4.065s] -- Up-to-date: /home/autoware/aichallenge2023-integration-final-main/install/aichallenge_scoring_msgs/share/aichallenge_scoring_msgs/cmake/aichallenge_scoring_msgs__rosidl_typesupport_introspection_cExport-release.cmake
[4.065s] -- Up-to-date: /home/autoware/aichallenge2023-integration-final-main/install/aichallenge_scoring_msgs/share/aichallenge_scoring_msgs/cmake/aichallenge_scoring_msgs__rosidl_typesupport_cExport.cmake
[4.066s] -- Up-to-date: /home/autoware/aichallenge2023-integration-final-main/install/aichallenge_scoring_msgs/share/aichallenge_scoring_msgs/cmake/aichallenge_scoring_msgs__rosidl_typesupport_cExport-release.cmake
[4.066s] -- Up-to-date: /home/autoware/aichallenge2023-integration-final-main/install/aichallenge_scoring_msgs/share/aichallenge_scoring_msgs/cmake/export_aichallenge_scoring_msgs__rosidl_generator_cppExport.cmake
[4.066s] -- Up-to-date: /home/autoware/aichallenge2023-integration-final-main/install/aichallenge_scoring_msgs/share/aichallenge_scoring_msgs/cmake/export_aichallenge_scoring_msgs__rosidl_typesupport_fastrtps_cppExport.cmake
[4.066s] -- Up-to-date: /home/autoware/aichallenge2023-integration-final-main/install/aichallenge_scoring_msgs/share/aichallenge_scoring_msgs/cmake/export_aichallenge_scoring_msgs__rosidl_typesupport_fastrtps_cppExport-release.cmake
[4.066s] -- Up-to-date: /home/autoware/aichallenge2023-integration-final-main/install/aichallenge_scoring_msgs/share/aichallenge_scoring_msgs/cmake/aichallenge_scoring_msgs__rosidl_typesupport_introspection_cppExport.cmake
[4.066s] -- Up-to-date: /home/autoware/aichallenge2023-integration-final-main/install/aichallenge_scoring_msgs/share/aichallenge_scoring_msgs/cmake/aichallenge_scoring_msgs__rosidl_typesupport_introspection_cppExport-release.cmake
[4.067s] -- Up-to-date: /home/autoware/aichallenge2023-integration-final-main/install/aichallenge_scoring_msgs/share/aichallenge_scoring_msgs/cmake/aichallenge_scoring_msgs__rosidl_typesupport_cppExport.cmake
[4.067s] -- Up-to-date: /home/autoware/aichallenge2023-integration-final-main/install/aichallenge_scoring_msgs/share/aichallenge_scoring_msgs/cmake/aichallenge_scoring_msgs__rosidl_typesupport_cppExport-release.cmake
[4.067s] -- Up-to-date: /home/autoware/aichallenge2023-integration-final-main/install/aichallenge_scoring_msgs/share/aichallenge_scoring_msgs/cmake/export_aichallenge_scoring_msgs__rosidl_generator_pyExport.cmake
[4.067s] -- Up-to-date: /home/autoware/aichallenge2023-integration-final-main/install/aichallenge_scoring_msgs/share/aichallenge_scoring_msgs/cmake/export_aichallenge_scoring_msgs__rosidl_generator_pyExport-release.cmake
[4.074s] Invoked command in '/home/autoware/aichallenge2023-integration-final-main/build/aichallenge_scoring_msgs' returned '0': CMAKE_PREFIX_PATH=${CMAKE_PREFIX_PATH}:/home/autoware/aichallenge2023-integration-final-main/install/simulator_compatibility_test:/home/autoware/aichallenge2023-integration-final-main/install/ad_api_visualizers:/home/autoware/autoware/install/simulator_compatibility_test:/home/autoware/autoware/install/ad_api_visualizers:/opt/ros/humble /usr/bin/cmake --install /home/autoware/aichallenge2023-integration-final-main/build/aichallenge_scoring_msgs
