[0.290s] Invoking command in '/home/autoware/aichallenge2023-integration-final-main/build/autoware_localization_msgs': CMAKE_PREFIX_PATH=${CMAKE_PREFIX_PATH}:/home/autoware/aichallenge2023-integration-final-main/install/simulator_compatibility_test:/home/autoware/aichallenge2023-integration-final-main/install/ad_api_visualizers:/home/autoware/autoware/install/simulator_compatibility_test:/home/autoware/autoware/install/ad_api_visualizers:/opt/ros/humble /usr/bin/cmake --build /home/autoware/aichallenge2023-integration-final-main/build/autoware_localization_msgs -- -j16 -l16
[1.021s] [  3%] Built target autoware_localization_msgs__cpp
[1.061s] [ 12%] Built target autoware_localization_msgs__rosidl_generator_c
[1.121s] [ 12%] Built target ament_cmake_python_symlink_autoware_localization_msgs
[1.394s] [ 22%] Built target autoware_localization_msgs__rosidl_typesupport_fastrtps_cpp
[1.424s] [ 32%] Built target autoware_localization_msgs__rosidl_typesupport_introspection_cpp
[1.503s] [ 41%] Built target autoware_localization_msgs__rosidl_typesupport_fastrtps_c
[1.513s] [ 51%] Built target autoware_localization_msgs__rosidl_typesupport_introspection_c
[1.516s] [ 61%] Built target autoware_localization_msgs__rosidl_typesupport_cpp
[1.621s] [ 70%] Built target autoware_localization_msgs__rosidl_typesupport_c
[1.988s] [ 70%] Built target autoware_localization_msgs
[2.252s] running egg_info
[2.253s] writing autoware_localization_msgs.egg-info/PKG-INFO
[2.254s] writing dependency_links to autoware_localization_msgs.egg-info/dependency_links.txt
[2.254s] writing top-level names to autoware_localization_msgs.egg-info/top_level.txt
[2.259s] reading manifest file 'autoware_localization_msgs.egg-info/SOURCES.txt'
[2.261s] writing manifest file 'autoware_localization_msgs.egg-info/SOURCES.txt'
[2.322s] [ 74%] Built target autoware_localization_msgs__py
[2.421s] [ 74%] Built target ament_cmake_python_build_autoware_localization_msgs_egg
[2.707s] [ 80%] Built target autoware_localization_msgs__rosidl_generator_py
[3.036s] [ 87%] Built target autoware_localization_msgs__rosidl_typesupport_c__pyext
[3.046s] [ 93%] Built target autoware_localization_msgs__rosidl_typesupport_introspection_c__pyext
[3.073s] [100%] Built target autoware_localization_msgs__rosidl_typesupport_fastrtps_c__pyext
[3.213s] Invoked command in '/home/autoware/aichallenge2023-integration-final-main/build/autoware_localization_msgs' returned '0': CMAKE_PREFIX_PATH=${CMAKE_PREFIX_PATH}:/home/autoware/aichallenge2023-integration-final-main/install/simulator_compatibility_test:/home/autoware/aichallenge2023-integration-final-main/install/ad_api_visualizers:/home/autoware/autoware/install/simulator_compatibility_test:/home/autoware/autoware/install/ad_api_visualizers:/opt/ros/humble /usr/bin/cmake --build /home/autoware/aichallenge2023-integration-final-main/build/autoware_localization_msgs -- -j16 -l16
[5.465s] Invoking command in '/home/autoware/aichallenge2023-integration-final-main/build/autoware_localization_msgs': CMAKE_PREFIX_PATH=${CMAKE_PREFIX_PATH}:/home/autoware/aichallenge2023-integration-final-main/install/simulator_compatibility_test:/home/autoware/aichallenge2023-integration-final-main/install/ad_api_visualizers:/home/autoware/autoware/install/simulator_compatibility_test:/home/autoware/autoware/install/ad_api_visualizers:/opt/ros/humble /usr/bin/cmake --install /home/autoware/aichallenge2023-integration-final-main/build/autoware_localization_msgs
[5.559s] -- Install configuration: "Release"
[5.561s] -- Execute custom install script
[5.561s] -- Up-to-date symlink: /home/autoware/aichallenge2023-integration-final-main/install/autoware_localization_msgs/share/ament_index/resource_index/rosidl_interfaces/autoware_localization_msgs
[5.561s] -- Up-to-date symlink: /home/autoware/aichallenge2023-integration-final-main/install/autoware_localization_msgs/include/autoware_localization_msgs/autoware_localization_msgs/msg/detail/kinematic_state__functions.h
[5.562s] -- Up-to-date symlink: /home/autoware/aichallenge2023-integration-final-main/install/autoware_localization_msgs/include/autoware_localization_msgs/autoware_localization_msgs/msg/detail/kinematic_state__struct.h
[5.562s] -- Up-to-date symlink: /home/autoware/aichallenge2023-integration-final-main/install/autoware_localization_msgs/include/autoware_localization_msgs/autoware_localization_msgs/msg/detail/kinematic_state__type_support.h
[5.562s] -- Up-to-date symlink: /home/autoware/aichallenge2023-integration-final-main/install/autoware_localization_msgs/include/autoware_localization_msgs/autoware_localization_msgs/msg/kinematic_state.h
[5.566s] -- Up-to-date symlink: /home/autoware/aichallenge2023-integration-final-main/install/autoware_localization_msgs/include/autoware_localization_msgs/autoware_localization_msgs/msg/rosidl_generator_c__visibility_control.h
[5.568s] -- Up-to-date symlink: /home/autoware/aichallenge2023-integration-final-main/install/autoware_localization_msgs/share/autoware_localization_msgs/environment/library_path.sh
[5.569s] -- Up-to-date symlink: /home/autoware/aichallenge2023-integration-final-main/install/autoware_localization_msgs/share/autoware_localization_msgs/environment/library_path.dsv
[5.571s] -- Up-to-date symlink: /home/autoware/aichallenge2023-integration-final-main/install/autoware_localization_msgs/include/autoware_localization_msgs/autoware_localization_msgs/msg/detail/kinematic_state__rosidl_typesupport_fastrtps_c.h
[5.572s] -- Up-to-date symlink: /home/autoware/aichallenge2023-integration-final-main/install/autoware_localization_msgs/include/autoware_localization_msgs/autoware_localization_msgs/msg/rosidl_typesupport_fastrtps_c__visibility_control.h
[5.574s] -- Up-to-date symlink: /home/autoware/aichallenge2023-integration-final-main/install/autoware_localization_msgs/include/autoware_localization_msgs/autoware_localization_msgs/msg/detail/kinematic_state__builder.hpp
[5.575s] -- Up-to-date symlink: /home/autoware/aichallenge2023-integration-final-main/install/autoware_localization_msgs/include/autoware_localization_msgs/autoware_localization_msgs/msg/detail/kinematic_state__struct.hpp
[5.576s] -- Up-to-date symlink: /home/autoware/aichallenge2023-integration-final-main/install/autoware_localization_msgs/include/autoware_localization_msgs/autoware_localization_msgs/msg/detail/kinematic_state__traits.hpp
[5.578s] -- Up-to-date symlink: /home/autoware/aichallenge2023-integration-final-main/install/autoware_localization_msgs/include/autoware_localization_msgs/autoware_localization_msgs/msg/kinematic_state.hpp
[5.579s] -- Up-to-date symlink: /home/autoware/aichallenge2023-integration-final-main/install/autoware_localization_msgs/include/autoware_localization_msgs/autoware_localization_msgs/msg/detail/kinematic_state__rosidl_typesupport_fastrtps_cpp.hpp
[5.580s] -- Up-to-date symlink: /home/autoware/aichallenge2023-integration-final-main/install/autoware_localization_msgs/include/autoware_localization_msgs/autoware_localization_msgs/msg/rosidl_typesupport_fastrtps_cpp__visibility_control.h
[5.580s] -- Up-to-date symlink: /home/autoware/aichallenge2023-integration-final-main/install/autoware_localization_msgs/include/autoware_localization_msgs/autoware_localization_msgs/msg/detail/kinematic_state__rosidl_typesupport_introspection_c.h
[5.580s] -- Up-to-date symlink: /home/autoware/aichallenge2023-integration-final-main/install/autoware_localization_msgs/include/autoware_localization_msgs/autoware_localization_msgs/msg/rosidl_typesupport_introspection_c__visibility_control.h
[5.581s] -- Up-to-date symlink: /home/autoware/aichallenge2023-integration-final-main/install/autoware_localization_msgs/include/autoware_localization_msgs/autoware_localization_msgs/msg/detail/kinematic_state__rosidl_typesupport_introspection_cpp.hpp
[5.581s] -- Up-to-date symlink: /home/autoware/aichallenge2023-integration-final-main/install/autoware_localization_msgs/share/autoware_localization_msgs/environment/pythonpath.sh
[5.581s] -- Up-to-date symlink: /home/autoware/aichallenge2023-integration-final-main/install/autoware_localization_msgs/share/autoware_localization_msgs/environment/pythonpath.dsv
[5.581s] -- Up-to-date symlink: /home/autoware/aichallenge2023-integration-final-main/install/autoware_localization_msgs/local/lib/python3.10/dist-packages/autoware_localization_msgs-1.0.0-py3.10.egg-info/PKG-INFO
[5.581s] -- Up-to-date symlink: /home/autoware/aichallenge2023-integration-final-main/install/autoware_localization_msgs/local/lib/python3.10/dist-packages/autoware_localization_msgs-1.0.0-py3.10.egg-info/SOURCES.txt
[5.581s] -- Up-to-date symlink: /home/autoware/aichallenge2023-integration-final-main/install/autoware_localization_msgs/local/lib/python3.10/dist-packages/autoware_localization_msgs-1.0.0-py3.10.egg-info/dependency_links.txt
[5.581s] -- Up-to-date symlink: /home/autoware/aichallenge2023-integration-final-main/install/autoware_localization_msgs/local/lib/python3.10/dist-packages/autoware_localization_msgs-1.0.0-py3.10.egg-info/top_level.txt
[5.581s] -- Up-to-date symlink: /home/autoware/aichallenge2023-integration-final-main/install/autoware_localization_msgs/local/lib/python3.10/dist-packages/autoware_localization_msgs/__init__.py
[5.581s] -- Up-to-date symlink: /home/autoware/aichallenge2023-integration-final-main/install/autoware_localization_msgs/local/lib/python3.10/dist-packages/autoware_localization_msgs/_autoware_localization_msgs_s.ep.rosidl_typesupport_c.c
[5.582s] -- Up-to-date symlink: /home/autoware/aichallenge2023-integration-final-main/install/autoware_localization_msgs/local/lib/python3.10/dist-packages/autoware_localization_msgs/_autoware_localization_msgs_s.ep.rosidl_typesupport_fastrtps_c.c
[5.582s] -- Up-to-date symlink: /home/autoware/aichallenge2023-integration-final-main/install/autoware_localization_msgs/local/lib/python3.10/dist-packages/autoware_localization_msgs/_autoware_localization_msgs_s.ep.rosidl_typesupport_introspection_c.c
[5.582s] -- Up-to-date symlink: /home/autoware/aichallenge2023-integration-final-main/install/autoware_localization_msgs/local/lib/python3.10/dist-packages/autoware_localization_msgs/autoware_localization_msgs_s__rosidl_typesupport_c.cpython-310-x86_64-linux-gnu.so
[5.582s] -- Up-to-date symlink: /home/autoware/aichallenge2023-integration-final-main/install/autoware_localization_msgs/local/lib/python3.10/dist-packages/autoware_localization_msgs/autoware_localization_msgs_s__rosidl_typesupport_fastrtps_c.cpython-310-x86_64-linux-gnu.so
[5.582s] -- Up-to-date symlink: /home/autoware/aichallenge2023-integration-final-main/install/autoware_localization_msgs/local/lib/python3.10/dist-packages/autoware_localization_msgs/autoware_localization_msgs_s__rosidl_typesupport_introspection_c.cpython-310-x86_64-linux-gnu.so
[5.582s] -- Up-to-date symlink: /home/autoware/aichallenge2023-integration-final-main/install/autoware_localization_msgs/local/lib/python3.10/dist-packages/autoware_localization_msgs/libautoware_localization_msgs__rosidl_generator_py.so
[5.582s] -- Up-to-date symlink: /home/autoware/aichallenge2023-integration-final-main/install/autoware_localization_msgs/local/lib/python3.10/dist-packages/autoware_localization_msgs/msg/__init__.py
[5.582s] -- Up-to-date symlink: /home/autoware/aichallenge2023-integration-final-main/install/autoware_localization_msgs/local/lib/python3.10/dist-packages/autoware_localization_msgs/msg/_kinematic_state.py
[5.590s] -- Up-to-date symlink: /home/autoware/aichallenge2023-integration-final-main/install/autoware_localization_msgs/local/lib/python3.10/dist-packages/autoware_localization_msgs/msg/_kinematic_state_s.c
[5.591s] -- Up-to-date symlink: /home/autoware/aichallenge2023-integration-final-main/install/autoware_localization_msgs/local/lib/python3.10/dist-packages/autoware_localization_msgs/autoware_localization_msgs_s__rosidl_typesupport_fastrtps_c.cpython-310-x86_64-linux-gnu.so
[5.591s] -- Up-to-date symlink: /home/autoware/aichallenge2023-integration-final-main/install/autoware_localization_msgs/local/lib/python3.10/dist-packages/autoware_localization_msgs/autoware_localization_msgs_s__rosidl_typesupport_introspection_c.cpython-310-x86_64-linux-gnu.so
[5.591s] -- Up-to-date symlink: /home/autoware/aichallenge2023-integration-final-main/install/autoware_localization_msgs/local/lib/python3.10/dist-packages/autoware_localization_msgs/autoware_localization_msgs_s__rosidl_typesupport_c.cpython-310-x86_64-linux-gnu.so
[5.592s] -- Up-to-date symlink: /home/autoware/aichallenge2023-integration-final-main/install/autoware_localization_msgs/share/autoware_localization_msgs/msg/KinematicState.idl
[5.592s] -- Up-to-date symlink: /home/autoware/aichallenge2023-integration-final-main/install/autoware_localization_msgs/share/autoware_localization_msgs/msg/KinematicState.msg
[5.592s] -- Up-to-date symlink: /home/autoware/aichallenge2023-integration-final-main/install/autoware_localization_msgs/share/ament_index/resource_index/package_run_dependencies/autoware_localization_msgs
[5.593s] -- Up-to-date symlink: /home/autoware/aichallenge2023-integration-final-main/install/autoware_localization_msgs/share/ament_index/resource_index/parent_prefix_path/autoware_localization_msgs
[5.593s] -- Up-to-date symlink: /home/autoware/aichallenge2023-integration-final-main/install/autoware_localization_msgs/share/autoware_localization_msgs/environment/ament_prefix_path.sh
[5.593s] -- Up-to-date symlink: /home/autoware/aichallenge2023-integration-final-main/install/autoware_localization_msgs/share/autoware_localization_msgs/environment/ament_prefix_path.dsv
[5.593s] -- Up-to-date symlink: /home/autoware/aichallenge2023-integration-final-main/install/autoware_localization_msgs/share/autoware_localization_msgs/environment/path.sh
[5.594s] -- Up-to-date symlink: /home/autoware/aichallenge2023-integration-final-main/install/autoware_localization_msgs/share/autoware_localization_msgs/environment/path.dsv
[5.594s] -- Up-to-date symlink: /home/autoware/aichallenge2023-integration-final-main/install/autoware_localization_msgs/share/autoware_localization_msgs/local_setup.bash
[5.594s] -- Up-to-date symlink: /home/autoware/aichallenge2023-integration-final-main/install/autoware_localization_msgs/share/autoware_localization_msgs/local_setup.sh
[5.595s] -- Up-to-date symlink: /home/autoware/aichallenge2023-integration-final-main/install/autoware_localization_msgs/share/autoware_localization_msgs/local_setup.zsh
[5.595s] -- Up-to-date symlink: /home/autoware/aichallenge2023-integration-final-main/install/autoware_localization_msgs/share/autoware_localization_msgs/local_setup.dsv
[5.595s] -- Symlinking: /home/autoware/aichallenge2023-integration-final-main/install/autoware_localization_msgs/share/autoware_localization_msgs/package.dsv
[5.684s] -- Up-to-date symlink: /home/autoware/aichallenge2023-integration-final-main/install/autoware_localization_msgs/share/ament_index/resource_index/packages/autoware_localization_msgs
[5.684s] -- Up-to-date symlink: /home/autoware/aichallenge2023-integration-final-main/install/autoware_localization_msgs/share/autoware_localization_msgs/cmake/rosidl_cmake-extras.cmake
[5.684s] -- Up-to-date symlink: /home/autoware/aichallenge2023-integration-final-main/install/autoware_localization_msgs/share/autoware_localization_msgs/cmake/ament_cmake_export_dependencies-extras.cmake
[5.684s] -- Up-to-date symlink: /home/autoware/aichallenge2023-integration-final-main/install/autoware_localization_msgs/share/autoware_localization_msgs/cmake/ament_cmake_export_include_directories-extras.cmake
[5.685s] -- Up-to-date symlink: /home/autoware/aichallenge2023-integration-final-main/install/autoware_localization_msgs/share/autoware_localization_msgs/cmake/ament_cmake_export_libraries-extras.cmake
[5.685s] -- Up-to-date symlink: /home/autoware/aichallenge2023-integration-final-main/install/autoware_localization_msgs/share/autoware_localization_msgs/cmake/ament_cmake_export_targets-extras.cmake
[5.685s] -- Up-to-date symlink: /home/autoware/aichallenge2023-integration-final-main/install/autoware_localization_msgs/share/autoware_localization_msgs/cmake/rosidl_cmake_export_typesupport_targets-extras.cmake
[5.685s] -- Up-to-date symlink: /home/autoware/aichallenge2023-integration-final-main/install/autoware_localization_msgs/share/autoware_localization_msgs/cmake/rosidl_cmake_export_typesupport_libraries-extras.cmake
[5.686s] -- Up-to-date symlink: /home/autoware/aichallenge2023-integration-final-main/install/autoware_localization_msgs/share/autoware_localization_msgs/cmake/autoware_localization_msgsConfig.cmake
[5.686s] -- Up-to-date symlink: /home/autoware/aichallenge2023-integration-final-main/install/autoware_localization_msgs/share/autoware_localization_msgs/cmake/autoware_localization_msgsConfig-version.cmake
[5.686s] -- Up-to-date symlink: /home/autoware/aichallenge2023-integration-final-main/install/autoware_localization_msgs/share/autoware_localization_msgs/package.xml
[5.687s] -- Up-to-date: /home/autoware/aichallenge2023-integration-final-main/install/autoware_localization_msgs/lib/libautoware_localization_msgs__rosidl_generator_c.so
[5.687s] -- Up-to-date: /home/autoware/aichallenge2023-integration-final-main/install/autoware_localization_msgs/lib/libautoware_localization_msgs__rosidl_typesupport_fastrtps_c.so
[5.688s] -- Up-to-date: /home/autoware/aichallenge2023-integration-final-main/install/autoware_localization_msgs/lib/libautoware_localization_msgs__rosidl_typesupport_fastrtps_cpp.so
[5.689s] -- Up-to-date: /home/autoware/aichallenge2023-integration-final-main/install/autoware_localization_msgs/lib/libautoware_localization_msgs__rosidl_typesupport_introspection_c.so
[5.689s] -- Up-to-date: /home/autoware/aichallenge2023-integration-final-main/install/autoware_localization_msgs/lib/libautoware_localization_msgs__rosidl_typesupport_c.so
[5.690s] -- Up-to-date: /home/autoware/aichallenge2023-integration-final-main/install/autoware_localization_msgs/lib/libautoware_localization_msgs__rosidl_typesupport_introspection_cpp.so
[5.691s] -- Up-to-date: /home/autoware/aichallenge2023-integration-final-main/install/autoware_localization_msgs/lib/libautoware_localization_msgs__rosidl_typesupport_cpp.so
[5.896s] Listing '/home/autoware/aichallenge2023-integration-final-main/install/autoware_localization_msgs/local/lib/python3.10/dist-packages/autoware_localization_msgs'...
[5.897s] Listing '/home/autoware/aichallenge2023-integration-final-main/install/autoware_localization_msgs/local/lib/python3.10/dist-packages/autoware_localization_msgs/msg'...
[5.904s] -- Up-to-date: /home/autoware/aichallenge2023-integration-final-main/install/autoware_localization_msgs/lib/libautoware_localization_msgs__rosidl_generator_py.so
[5.905s] -- Up-to-date: /home/autoware/aichallenge2023-integration-final-main/install/autoware_localization_msgs/share/autoware_localization_msgs/cmake/export_autoware_localization_msgs__rosidl_generator_cExport.cmake
[5.905s] -- Up-to-date: /home/autoware/aichallenge2023-integration-final-main/install/autoware_localization_msgs/share/autoware_localization_msgs/cmake/export_autoware_localization_msgs__rosidl_generator_cExport-release.cmake
[5.905s] -- Up-to-date: /home/autoware/aichallenge2023-integration-final-main/install/autoware_localization_msgs/share/autoware_localization_msgs/cmake/export_autoware_localization_msgs__rosidl_typesupport_fastrtps_cExport.cmake
[5.905s] -- Up-to-date: /home/autoware/aichallenge2023-integration-final-main/install/autoware_localization_msgs/share/autoware_localization_msgs/cmake/export_autoware_localization_msgs__rosidl_typesupport_fastrtps_cExport-release.cmake
[5.906s] -- Up-to-date: /home/autoware/aichallenge2023-integration-final-main/install/autoware_localization_msgs/share/autoware_localization_msgs/cmake/export_autoware_localization_msgs__rosidl_generator_cppExport.cmake
[5.906s] -- Up-to-date: /home/autoware/aichallenge2023-integration-final-main/install/autoware_localization_msgs/share/autoware_localization_msgs/cmake/export_autoware_localization_msgs__rosidl_typesupport_fastrtps_cppExport.cmake
[5.906s] -- Up-to-date: /home/autoware/aichallenge2023-integration-final-main/install/autoware_localization_msgs/share/autoware_localization_msgs/cmake/export_autoware_localization_msgs__rosidl_typesupport_fastrtps_cppExport-release.cmake
[5.906s] -- Up-to-date: /home/autoware/aichallenge2023-integration-final-main/install/autoware_localization_msgs/share/autoware_localization_msgs/cmake/autoware_localization_msgs__rosidl_typesupport_introspection_cExport.cmake
[5.906s] -- Up-to-date: /home/autoware/aichallenge2023-integration-final-main/install/autoware_localization_msgs/share/autoware_localization_msgs/cmake/autoware_localization_msgs__rosidl_typesupport_introspection_cExport-release.cmake
[5.906s] -- Up-to-date: /home/autoware/aichallenge2023-integration-final-main/install/autoware_localization_msgs/share/autoware_localization_msgs/cmake/autoware_localization_msgs__rosidl_typesupport_cExport.cmake
[5.906s] -- Up-to-date: /home/autoware/aichallenge2023-integration-final-main/install/autoware_localization_msgs/share/autoware_localization_msgs/cmake/autoware_localization_msgs__rosidl_typesupport_cExport-release.cmake
[5.907s] -- Up-to-date: /home/autoware/aichallenge2023-integration-final-main/install/autoware_localization_msgs/share/autoware_localization_msgs/cmake/autoware_localization_msgs__rosidl_typesupport_introspection_cppExport.cmake
[5.907s] -- Up-to-date: /home/autoware/aichallenge2023-integration-final-main/install/autoware_localization_msgs/share/autoware_localization_msgs/cmake/autoware_localization_msgs__rosidl_typesupport_introspection_cppExport-release.cmake
[5.907s] -- Up-to-date: /home/autoware/aichallenge2023-integration-final-main/install/autoware_localization_msgs/share/autoware_localization_msgs/cmake/autoware_localization_msgs__rosidl_typesupport_cppExport.cmake
[5.907s] -- Up-to-date: /home/autoware/aichallenge2023-integration-final-main/install/autoware_localization_msgs/share/autoware_localization_msgs/cmake/autoware_localization_msgs__rosidl_typesupport_cppExport-release.cmake
[5.907s] -- Up-to-date: /home/autoware/aichallenge2023-integration-final-main/install/autoware_localization_msgs/share/autoware_localization_msgs/cmake/export_autoware_localization_msgs__rosidl_generator_pyExport.cmake
[5.916s] -- Up-to-date: /home/autoware/aichallenge2023-integration-final-main/install/autoware_localization_msgs/share/autoware_localization_msgs/cmake/export_autoware_localization_msgs__rosidl_generator_pyExport-release.cmake
[5.930s] Invoked command in '/home/autoware/aichallenge2023-integration-final-main/build/autoware_localization_msgs' returned '0': CMAKE_PREFIX_PATH=${CMAKE_PREFIX_PATH}:/home/autoware/aichallenge2023-integration-final-main/install/simulator_compatibility_test:/home/autoware/aichallenge2023-integration-final-main/install/ad_api_visualizers:/home/autoware/autoware/install/simulator_compatibility_test:/home/autoware/autoware/install/ad_api_visualizers:/opt/ros/humble /usr/bin/cmake --install /home/autoware/aichallenge2023-integration-final-main/build/autoware_localization_msgs
