[0.098s] Invoking command in '/home/autoware/aichallenge2023-integration-final-main/build/tier4_localization_msgs': CMAKE_PREFIX_PATH=${CMAKE_PREFIX_PATH}:/home/autoware/autoware/install/simulator_compatibility_test:/home/autoware/autoware/install/ad_api_visualizers:/opt/ros/humble /usr/bin/cmake --build /home/autoware/aichallenge2023-integration-final-main/build/tier4_localization_msgs -- -j16 -l16
[2.245s] [  0%] Built target ament_cmake_python_symlink_tier4_localization_msgs
[2.245s] [  3%] Built target tier4_localization_msgs__cpp
[2.246s] [ 12%] Built target tier4_localization_msgs__rosidl_generator_c
[2.246s] [ 22%] Built target tier4_localization_msgs__rosidl_typesupport_cpp
[2.246s] [ 32%] Built target tier4_localization_msgs__rosidl_typesupport_fastrtps_cpp
[2.246s] [ 41%] Built target tier4_localization_msgs__rosidl_typesupport_introspection_cpp
[2.246s] [ 51%] Built target tier4_localization_msgs__rosidl_typesupport_fastrtps_c
[2.246s] [ 61%] Built target tier4_localization_msgs__rosidl_typesupport_c
[2.246s] [ 70%] Built target tier4_localization_msgs__rosidl_typesupport_introspection_c
[2.246s] [ 70%] Built target tier4_localization_msgs
[2.246s] running egg_info
[2.246s] writing tier4_localization_msgs.egg-info/PKG-INFO
[2.246s] writing dependency_links to tier4_localization_msgs.egg-info/dependency_links.txt
[2.246s] writing top-level names to tier4_localization_msgs.egg-info/top_level.txt
[2.246s] reading manifest file 'tier4_localization_msgs.egg-info/SOURCES.txt'
[2.246s] writing manifest file 'tier4_localization_msgs.egg-info/SOURCES.txt'
[2.247s] [ 70%] Built target ament_cmake_python_build_tier4_localization_msgs_egg
[2.248s] [ 74%] Built target tier4_localization_msgs__py
[2.248s] [ 80%] Built target tier4_localization_msgs__rosidl_generator_py
[2.355s] [ 87%] Built target tier4_localization_msgs__rosidl_typesupport_fastrtps_c__pyext
[2.355s] [ 93%] Built target tier4_localization_msgs__rosidl_typesupport_introspection_c__pyext
[2.383s] [100%] Built target tier4_localization_msgs__rosidl_typesupport_c__pyext
[2.419s] Invoked command in '/home/autoware/aichallenge2023-integration-final-main/build/tier4_localization_msgs' returned '0': CMAKE_PREFIX_PATH=${CMAKE_PREFIX_PATH}:/home/autoware/autoware/install/simulator_compatibility_test:/home/autoware/autoware/install/ad_api_visualizers:/opt/ros/humble /usr/bin/cmake --build /home/autoware/aichallenge2023-integration-final-main/build/tier4_localization_msgs -- -j16 -l16
[3.112s] Invoking command in '/home/autoware/aichallenge2023-integration-final-main/build/tier4_localization_msgs': CMAKE_PREFIX_PATH=${CMAKE_PREFIX_PATH}:/home/autoware/autoware/install/simulator_compatibility_test:/home/autoware/autoware/install/ad_api_visualizers:/opt/ros/humble /usr/bin/cmake --install /home/autoware/aichallenge2023-integration-final-main/build/tier4_localization_msgs
[3.176s] -- Install configuration: "Release"
[3.177s] -- Execute custom install script
[3.177s] -- Up-to-date symlink: /home/autoware/aichallenge2023-integration-final-main/install/tier4_localization_msgs/share/ament_index/resource_index/rosidl_interfaces/tier4_localization_msgs
[3.182s] -- Up-to-date symlink: /home/autoware/aichallenge2023-integration-final-main/install/tier4_localization_msgs/include/tier4_localization_msgs/tier4_localization_msgs/msg/rosidl_generator_c__visibility_control.h
[3.183s] -- Up-to-date symlink: /home/autoware/aichallenge2023-integration-final-main/install/tier4_localization_msgs/include/tier4_localization_msgs/tier4_localization_msgs/srv/detail/pose_with_covariance_stamped__functions.h
[3.184s] -- Up-to-date symlink: /home/autoware/aichallenge2023-integration-final-main/install/tier4_localization_msgs/include/tier4_localization_msgs/tier4_localization_msgs/srv/detail/pose_with_covariance_stamped__struct.h
[3.187s] -- Up-to-date symlink: /home/autoware/aichallenge2023-integration-final-main/install/tier4_localization_msgs/include/tier4_localization_msgs/tier4_localization_msgs/srv/detail/pose_with_covariance_stamped__type_support.h
[3.189s] -- Up-to-date symlink: /home/autoware/aichallenge2023-integration-final-main/install/tier4_localization_msgs/include/tier4_localization_msgs/tier4_localization_msgs/srv/pose_with_covariance_stamped.h
[3.189s] -- Up-to-date symlink: /home/autoware/aichallenge2023-integration-final-main/install/tier4_localization_msgs/share/tier4_localization_msgs/environment/library_path.sh
[3.190s] -- Up-to-date symlink: /home/autoware/aichallenge2023-integration-final-main/install/tier4_localization_msgs/share/tier4_localization_msgs/environment/library_path.dsv
[3.195s] -- Up-to-date symlink: /home/autoware/aichallenge2023-integration-final-main/install/tier4_localization_msgs/include/tier4_localization_msgs/tier4_localization_msgs/msg/rosidl_typesupport_fastrtps_c__visibility_control.h
[3.196s] -- Up-to-date symlink: /home/autoware/aichallenge2023-integration-final-main/install/tier4_localization_msgs/include/tier4_localization_msgs/tier4_localization_msgs/srv/detail/pose_with_covariance_stamped__rosidl_typesupport_fastrtps_c.h
[3.196s] -- Up-to-date symlink: /home/autoware/aichallenge2023-integration-final-main/install/tier4_localization_msgs/include/tier4_localization_msgs/tier4_localization_msgs/msg/rosidl_typesupport_introspection_c__visibility_control.h
[3.196s] -- Up-to-date symlink: /home/autoware/aichallenge2023-integration-final-main/install/tier4_localization_msgs/include/tier4_localization_msgs/tier4_localization_msgs/srv/detail/pose_with_covariance_stamped__rosidl_typesupport_introspection_c.h
[3.196s] -- Up-to-date symlink: /home/autoware/aichallenge2023-integration-final-main/install/tier4_localization_msgs/include/tier4_localization_msgs/tier4_localization_msgs/srv/detail/pose_with_covariance_stamped__builder.hpp
[3.196s] -- Up-to-date symlink: /home/autoware/aichallenge2023-integration-final-main/install/tier4_localization_msgs/include/tier4_localization_msgs/tier4_localization_msgs/srv/detail/pose_with_covariance_stamped__struct.hpp
[3.196s] -- Up-to-date symlink: /home/autoware/aichallenge2023-integration-final-main/install/tier4_localization_msgs/include/tier4_localization_msgs/tier4_localization_msgs/srv/detail/pose_with_covariance_stamped__traits.hpp
[3.196s] -- Up-to-date symlink: /home/autoware/aichallenge2023-integration-final-main/install/tier4_localization_msgs/include/tier4_localization_msgs/tier4_localization_msgs/srv/pose_with_covariance_stamped.hpp
[3.196s] -- Up-to-date symlink: /home/autoware/aichallenge2023-integration-final-main/install/tier4_localization_msgs/include/tier4_localization_msgs/tier4_localization_msgs/msg/rosidl_typesupport_fastrtps_cpp__visibility_control.h
[3.196s] -- Up-to-date symlink: /home/autoware/aichallenge2023-integration-final-main/install/tier4_localization_msgs/include/tier4_localization_msgs/tier4_localization_msgs/srv/detail/pose_with_covariance_stamped__rosidl_typesupport_fastrtps_cpp.hpp
[3.196s] -- Up-to-date symlink: /home/autoware/aichallenge2023-integration-final-main/install/tier4_localization_msgs/include/tier4_localization_msgs/tier4_localization_msgs/srv/detail/pose_with_covariance_stamped__rosidl_typesupport_introspection_cpp.hpp
[3.196s] -- Up-to-date symlink: /home/autoware/aichallenge2023-integration-final-main/install/tier4_localization_msgs/share/tier4_localization_msgs/environment/pythonpath.sh
[3.196s] -- Up-to-date symlink: /home/autoware/aichallenge2023-integration-final-main/install/tier4_localization_msgs/share/tier4_localization_msgs/environment/pythonpath.dsv
[3.196s] -- Up-to-date symlink: /home/autoware/aichallenge2023-integration-final-main/install/tier4_localization_msgs/local/lib/python3.10/dist-packages/tier4_localization_msgs-0.1.0-py3.10.egg-info/PKG-INFO
[3.196s] -- Up-to-date symlink: /home/autoware/aichallenge2023-integration-final-main/install/tier4_localization_msgs/local/lib/python3.10/dist-packages/tier4_localization_msgs-0.1.0-py3.10.egg-info/SOURCES.txt
[3.196s] -- Up-to-date symlink: /home/autoware/aichallenge2023-integration-final-main/install/tier4_localization_msgs/local/lib/python3.10/dist-packages/tier4_localization_msgs-0.1.0-py3.10.egg-info/dependency_links.txt
[3.197s] -- Up-to-date symlink: /home/autoware/aichallenge2023-integration-final-main/install/tier4_localization_msgs/local/lib/python3.10/dist-packages/tier4_localization_msgs-0.1.0-py3.10.egg-info/top_level.txt
[3.197s] -- Up-to-date symlink: /home/autoware/aichallenge2023-integration-final-main/install/tier4_localization_msgs/local/lib/python3.10/dist-packages/tier4_localization_msgs/__init__.py
[3.197s] -- Up-to-date symlink: /home/autoware/aichallenge2023-integration-final-main/install/tier4_localization_msgs/local/lib/python3.10/dist-packages/tier4_localization_msgs/_tier4_localization_msgs_s.ep.rosidl_typesupport_c.c
[3.197s] -- Up-to-date symlink: /home/autoware/aichallenge2023-integration-final-main/install/tier4_localization_msgs/local/lib/python3.10/dist-packages/tier4_localization_msgs/_tier4_localization_msgs_s.ep.rosidl_typesupport_fastrtps_c.c
[3.206s] -- Up-to-date symlink: /home/autoware/aichallenge2023-integration-final-main/install/tier4_localization_msgs/local/lib/python3.10/dist-packages/tier4_localization_msgs/_tier4_localization_msgs_s.ep.rosidl_typesupport_introspection_c.c
[3.206s] -- Up-to-date symlink: /home/autoware/aichallenge2023-integration-final-main/install/tier4_localization_msgs/local/lib/python3.10/dist-packages/tier4_localization_msgs/libtier4_localization_msgs__rosidl_generator_py.so
[3.207s] -- Up-to-date symlink: /home/autoware/aichallenge2023-integration-final-main/install/tier4_localization_msgs/local/lib/python3.10/dist-packages/tier4_localization_msgs/srv/__init__.py
[3.207s] -- Up-to-date symlink: /home/autoware/aichallenge2023-integration-final-main/install/tier4_localization_msgs/local/lib/python3.10/dist-packages/tier4_localization_msgs/srv/_pose_with_covariance_stamped.py
[3.208s] -- Up-to-date symlink: /home/autoware/aichallenge2023-integration-final-main/install/tier4_localization_msgs/local/lib/python3.10/dist-packages/tier4_localization_msgs/srv/_pose_with_covariance_stamped_s.c
[3.208s] -- Up-to-date symlink: /home/autoware/aichallenge2023-integration-final-main/install/tier4_localization_msgs/local/lib/python3.10/dist-packages/tier4_localization_msgs/tier4_localization_msgs_s__rosidl_typesupport_c.cpython-310-x86_64-linux-gnu.so
[3.209s] -- Up-to-date symlink: /home/autoware/aichallenge2023-integration-final-main/install/tier4_localization_msgs/local/lib/python3.10/dist-packages/tier4_localization_msgs/tier4_localization_msgs_s__rosidl_typesupport_fastrtps_c.cpython-310-x86_64-linux-gnu.so
[3.209s] -- Up-to-date symlink: /home/autoware/aichallenge2023-integration-final-main/install/tier4_localization_msgs/local/lib/python3.10/dist-packages/tier4_localization_msgs/tier4_localization_msgs_s__rosidl_typesupport_introspection_c.cpython-310-x86_64-linux-gnu.so
[3.210s] -- Up-to-date symlink: /home/autoware/aichallenge2023-integration-final-main/install/tier4_localization_msgs/local/lib/python3.10/dist-packages/tier4_localization_msgs/tier4_localization_msgs_s__rosidl_typesupport_fastrtps_c.cpython-310-x86_64-linux-gnu.so
[3.211s] -- Up-to-date symlink: /home/autoware/aichallenge2023-integration-final-main/install/tier4_localization_msgs/local/lib/python3.10/dist-packages/tier4_localization_msgs/tier4_localization_msgs_s__rosidl_typesupport_introspection_c.cpython-310-x86_64-linux-gnu.so
[3.211s] -- Up-to-date symlink: /home/autoware/aichallenge2023-integration-final-main/install/tier4_localization_msgs/local/lib/python3.10/dist-packages/tier4_localization_msgs/tier4_localization_msgs_s__rosidl_typesupport_c.cpython-310-x86_64-linux-gnu.so
[3.213s] -- Up-to-date symlink: /home/autoware/aichallenge2023-integration-final-main/install/tier4_localization_msgs/share/tier4_localization_msgs/srv/PoseWithCovarianceStamped.idl
[3.213s] -- Up-to-date symlink: /home/autoware/aichallenge2023-integration-final-main/install/tier4_localization_msgs/share/tier4_localization_msgs/srv/PoseWithCovarianceStamped.srv
[3.214s] -- Up-to-date symlink: /home/autoware/aichallenge2023-integration-final-main/install/tier4_localization_msgs/share/tier4_localization_msgs/srv/PoseWithCovarianceStamped_Request.msg
[3.214s] -- Up-to-date symlink: /home/autoware/aichallenge2023-integration-final-main/install/tier4_localization_msgs/share/tier4_localization_msgs/srv/PoseWithCovarianceStamped_Response.msg
[3.214s] -- Up-to-date symlink: /home/autoware/aichallenge2023-integration-final-main/install/tier4_localization_msgs/share/ament_index/resource_index/package_run_dependencies/tier4_localization_msgs
[3.214s] -- Up-to-date symlink: /home/autoware/aichallenge2023-integration-final-main/install/tier4_localization_msgs/share/ament_index/resource_index/parent_prefix_path/tier4_localization_msgs
[3.218s] -- Up-to-date symlink: /home/autoware/aichallenge2023-integration-final-main/install/tier4_localization_msgs/share/tier4_localization_msgs/environment/ament_prefix_path.sh
[3.218s] -- Up-to-date symlink: /home/autoware/aichallenge2023-integration-final-main/install/tier4_localization_msgs/share/tier4_localization_msgs/environment/ament_prefix_path.dsv
[3.218s] -- Up-to-date symlink: /home/autoware/aichallenge2023-integration-final-main/install/tier4_localization_msgs/share/tier4_localization_msgs/environment/path.sh
[3.218s] -- Up-to-date symlink: /home/autoware/aichallenge2023-integration-final-main/install/tier4_localization_msgs/share/tier4_localization_msgs/environment/path.dsv
[3.218s] -- Up-to-date symlink: /home/autoware/aichallenge2023-integration-final-main/install/tier4_localization_msgs/share/tier4_localization_msgs/local_setup.bash
[3.218s] -- Up-to-date symlink: /home/autoware/aichallenge2023-integration-final-main/install/tier4_localization_msgs/share/tier4_localization_msgs/local_setup.sh
[3.218s] -- Up-to-date symlink: /home/autoware/aichallenge2023-integration-final-main/install/tier4_localization_msgs/share/tier4_localization_msgs/local_setup.zsh
[3.218s] -- Up-to-date symlink: /home/autoware/aichallenge2023-integration-final-main/install/tier4_localization_msgs/share/tier4_localization_msgs/local_setup.dsv
[3.218s] -- Symlinking: /home/autoware/aichallenge2023-integration-final-main/install/tier4_localization_msgs/share/tier4_localization_msgs/package.dsv
[3.268s] -- Up-to-date symlink: /home/autoware/aichallenge2023-integration-final-main/install/tier4_localization_msgs/share/ament_index/resource_index/packages/tier4_localization_msgs
[3.268s] -- Up-to-date symlink: /home/autoware/aichallenge2023-integration-final-main/install/tier4_localization_msgs/share/tier4_localization_msgs/cmake/rosidl_cmake-extras.cmake
[3.269s] -- Up-to-date symlink: /home/autoware/aichallenge2023-integration-final-main/install/tier4_localization_msgs/share/tier4_localization_msgs/cmake/ament_cmake_export_dependencies-extras.cmake
[3.269s] -- Up-to-date symlink: /home/autoware/aichallenge2023-integration-final-main/install/tier4_localization_msgs/share/tier4_localization_msgs/cmake/ament_cmake_export_include_directories-extras.cmake
[3.269s] -- Up-to-date symlink: /home/autoware/aichallenge2023-integration-final-main/install/tier4_localization_msgs/share/tier4_localization_msgs/cmake/ament_cmake_export_libraries-extras.cmake
[3.270s] -- Up-to-date symlink: /home/autoware/aichallenge2023-integration-final-main/install/tier4_localization_msgs/share/tier4_localization_msgs/cmake/ament_cmake_export_targets-extras.cmake
[3.270s] -- Up-to-date symlink: /home/autoware/aichallenge2023-integration-final-main/install/tier4_localization_msgs/share/tier4_localization_msgs/cmake/rosidl_cmake_export_typesupport_targets-extras.cmake
[3.270s] -- Up-to-date symlink: /home/autoware/aichallenge2023-integration-final-main/install/tier4_localization_msgs/share/tier4_localization_msgs/cmake/rosidl_cmake_export_typesupport_libraries-extras.cmake
[3.270s] -- Up-to-date symlink: /home/autoware/aichallenge2023-integration-final-main/install/tier4_localization_msgs/share/tier4_localization_msgs/cmake/tier4_localization_msgsConfig.cmake
[3.270s] -- Up-to-date symlink: /home/autoware/aichallenge2023-integration-final-main/install/tier4_localization_msgs/share/tier4_localization_msgs/cmake/tier4_localization_msgsConfig-version.cmake
[3.271s] -- Up-to-date symlink: /home/autoware/aichallenge2023-integration-final-main/install/tier4_localization_msgs/share/tier4_localization_msgs/package.xml
[3.271s] -- Up-to-date: /home/autoware/aichallenge2023-integration-final-main/install/tier4_localization_msgs/lib/libtier4_localization_msgs__rosidl_generator_c.so
[3.272s] -- Up-to-date: /home/autoware/aichallenge2023-integration-final-main/install/tier4_localization_msgs/lib/libtier4_localization_msgs__rosidl_typesupport_fastrtps_c.so
[3.272s] -- Up-to-date: /home/autoware/aichallenge2023-integration-final-main/install/tier4_localization_msgs/lib/libtier4_localization_msgs__rosidl_typesupport_introspection_c.so
[3.274s] -- Up-to-date: /home/autoware/aichallenge2023-integration-final-main/install/tier4_localization_msgs/lib/libtier4_localization_msgs__rosidl_typesupport_c.so
[3.274s] -- Up-to-date: /home/autoware/aichallenge2023-integration-final-main/install/tier4_localization_msgs/lib/libtier4_localization_msgs__rosidl_typesupport_fastrtps_cpp.so
[3.275s] -- Up-to-date: /home/autoware/aichallenge2023-integration-final-main/install/tier4_localization_msgs/lib/libtier4_localization_msgs__rosidl_typesupport_introspection_cpp.so
[3.275s] -- Up-to-date: /home/autoware/aichallenge2023-integration-final-main/install/tier4_localization_msgs/lib/libtier4_localization_msgs__rosidl_typesupport_cpp.so
[3.375s] Listing '/home/autoware/aichallenge2023-integration-final-main/install/tier4_localization_msgs/local/lib/python3.10/dist-packages/tier4_localization_msgs'...
[3.375s] Listing '/home/autoware/aichallenge2023-integration-final-main/install/tier4_localization_msgs/local/lib/python3.10/dist-packages/tier4_localization_msgs/srv'...
[3.380s] -- Up-to-date: /home/autoware/aichallenge2023-integration-final-main/install/tier4_localization_msgs/lib/libtier4_localization_msgs__rosidl_generator_py.so
[3.381s] -- Up-to-date: /home/autoware/aichallenge2023-integration-final-main/install/tier4_localization_msgs/share/tier4_localization_msgs/cmake/export_tier4_localization_msgs__rosidl_generator_cExport.cmake
[3.381s] -- Up-to-date: /home/autoware/aichallenge2023-integration-final-main/install/tier4_localization_msgs/share/tier4_localization_msgs/cmake/export_tier4_localization_msgs__rosidl_generator_cExport-release.cmake
[3.382s] -- Up-to-date: /home/autoware/aichallenge2023-integration-final-main/install/tier4_localization_msgs/share/tier4_localization_msgs/cmake/export_tier4_localization_msgs__rosidl_typesupport_fastrtps_cExport.cmake
[3.382s] -- Up-to-date: /home/autoware/aichallenge2023-integration-final-main/install/tier4_localization_msgs/share/tier4_localization_msgs/cmake/export_tier4_localization_msgs__rosidl_typesupport_fastrtps_cExport-release.cmake
[3.382s] -- Up-to-date: /home/autoware/aichallenge2023-integration-final-main/install/tier4_localization_msgs/share/tier4_localization_msgs/cmake/tier4_localization_msgs__rosidl_typesupport_introspection_cExport.cmake
[3.382s] -- Up-to-date: /home/autoware/aichallenge2023-integration-final-main/install/tier4_localization_msgs/share/tier4_localization_msgs/cmake/tier4_localization_msgs__rosidl_typesupport_introspection_cExport-release.cmake
[3.384s] -- Up-to-date: /home/autoware/aichallenge2023-integration-final-main/install/tier4_localization_msgs/share/tier4_localization_msgs/cmake/tier4_localization_msgs__rosidl_typesupport_cExport.cmake
[3.384s] -- Up-to-date: /home/autoware/aichallenge2023-integration-final-main/install/tier4_localization_msgs/share/tier4_localization_msgs/cmake/tier4_localization_msgs__rosidl_typesupport_cExport-release.cmake
[3.384s] -- Up-to-date: /home/autoware/aichallenge2023-integration-final-main/install/tier4_localization_msgs/share/tier4_localization_msgs/cmake/export_tier4_localization_msgs__rosidl_generator_cppExport.cmake
[3.385s] -- Up-to-date: /home/autoware/aichallenge2023-integration-final-main/install/tier4_localization_msgs/share/tier4_localization_msgs/cmake/export_tier4_localization_msgs__rosidl_typesupport_fastrtps_cppExport.cmake
[3.385s] -- Up-to-date: /home/autoware/aichallenge2023-integration-final-main/install/tier4_localization_msgs/share/tier4_localization_msgs/cmake/export_tier4_localization_msgs__rosidl_typesupport_fastrtps_cppExport-release.cmake
[3.386s] -- Up-to-date: /home/autoware/aichallenge2023-integration-final-main/install/tier4_localization_msgs/share/tier4_localization_msgs/cmake/tier4_localization_msgs__rosidl_typesupport_introspection_cppExport.cmake
[3.386s] -- Up-to-date: /home/autoware/aichallenge2023-integration-final-main/install/tier4_localization_msgs/share/tier4_localization_msgs/cmake/tier4_localization_msgs__rosidl_typesupport_introspection_cppExport-release.cmake
[3.386s] -- Up-to-date: /home/autoware/aichallenge2023-integration-final-main/install/tier4_localization_msgs/share/tier4_localization_msgs/cmake/tier4_localization_msgs__rosidl_typesupport_cppExport.cmake
[3.387s] -- Up-to-date: /home/autoware/aichallenge2023-integration-final-main/install/tier4_localization_msgs/share/tier4_localization_msgs/cmake/tier4_localization_msgs__rosidl_typesupport_cppExport-release.cmake
[3.387s] -- Up-to-date: /home/autoware/aichallenge2023-integration-final-main/install/tier4_localization_msgs/share/tier4_localization_msgs/cmake/export_tier4_localization_msgs__rosidl_generator_pyExport.cmake
[3.387s] -- Up-to-date: /home/autoware/aichallenge2023-integration-final-main/install/tier4_localization_msgs/share/tier4_localization_msgs/cmake/export_tier4_localization_msgs__rosidl_generator_pyExport-release.cmake
[3.398s] Invoked command in '/home/autoware/aichallenge2023-integration-final-main/build/tier4_localization_msgs' returned '0': CMAKE_PREFIX_PATH=${CMAKE_PREFIX_PATH}:/home/autoware/autoware/install/simulator_compatibility_test:/home/autoware/autoware/install/ad_api_visualizers:/opt/ros/humble /usr/bin/cmake --install /home/autoware/aichallenge2023-integration-final-main/build/tier4_localization_msgs
