[0.172s] Invoking command in '/home/autoware/aichallenge2023-integration-final-main/build/autoware_adapi_version_msgs': CMAKE_PREFIX_PATH=${CMAKE_PREFIX_PATH}:/home/autoware/aichallenge2023-integration-final-main/install/simulator_compatibility_test:/home/autoware/aichallenge2023-integration-final-main/install/ad_api_visualizers:/home/autoware/autoware/install/simulator_compatibility_test:/home/autoware/autoware/install/ad_api_visualizers:/opt/ros/humble /usr/bin/cmake --build /home/autoware/aichallenge2023-integration-final-main/build/autoware_adapi_version_msgs -- -j16 -l16
[0.999s] [  3%] Built target autoware_adapi_version_msgs__cpp
[1.031s] [ 12%] Built target autoware_adapi_version_msgs__rosidl_generator_c
[1.106s] [ 12%] Built target ament_cmake_python_symlink_autoware_adapi_version_msgs
[1.465s] [ 22%] Built target autoware_adapi_version_msgs__rosidl_typesupport_cpp
[1.475s] [ 41%] Built target autoware_adapi_version_msgs__rosidl_typesupport_fastrtps_c
[1.475s] [ 41%] Built target autoware_adapi_version_msgs__rosidl_typesupport_fastrtps_cpp
[1.486s] [ 51%] Built target autoware_adapi_version_msgs__rosidl_typesupport_introspection_cpp
[1.508s] [ 61%] Built target autoware_adapi_version_msgs__rosidl_typesupport_introspection_c
[1.558s] [ 70%] Built target autoware_adapi_version_msgs__rosidl_typesupport_c
[1.919s] [ 70%] Built target autoware_adapi_version_msgs
[2.313s] [ 74%] Built target autoware_adapi_version_msgs__py
[2.385s] running egg_info
[2.387s] writing autoware_adapi_version_msgs.egg-info/PKG-INFO
[2.388s] writing dependency_links to autoware_adapi_version_msgs.egg-info/dependency_links.txt
[2.388s] writing top-level names to autoware_adapi_version_msgs.egg-info/top_level.txt
[2.395s] reading manifest file 'autoware_adapi_version_msgs.egg-info/SOURCES.txt'
[2.395s] writing manifest file 'autoware_adapi_version_msgs.egg-info/SOURCES.txt'
[2.575s] [ 74%] Built target ament_cmake_python_build_autoware_adapi_version_msgs_egg
[2.676s] [ 80%] Built target autoware_adapi_version_msgs__rosidl_generator_py
[3.105s] [ 87%] Built target autoware_adapi_version_msgs__rosidl_typesupport_introspection_c__pyext
[3.119s] [ 93%] Built target autoware_adapi_version_msgs__rosidl_typesupport_c__pyext
[3.130s] [100%] Built target autoware_adapi_version_msgs__rosidl_typesupport_fastrtps_c__pyext
[3.272s] Invoked command in '/home/autoware/aichallenge2023-integration-final-main/build/autoware_adapi_version_msgs' returned '0': CMAKE_PREFIX_PATH=${CMAKE_PREFIX_PATH}:/home/autoware/aichallenge2023-integration-final-main/install/simulator_compatibility_test:/home/autoware/aichallenge2023-integration-final-main/install/ad_api_visualizers:/home/autoware/autoware/install/simulator_compatibility_test:/home/autoware/autoware/install/ad_api_visualizers:/opt/ros/humble /usr/bin/cmake --build /home/autoware/aichallenge2023-integration-final-main/build/autoware_adapi_version_msgs -- -j16 -l16
[6.019s] Invoking command in '/home/autoware/aichallenge2023-integration-final-main/build/autoware_adapi_version_msgs': CMAKE_PREFIX_PATH=${CMAKE_PREFIX_PATH}:/home/autoware/aichallenge2023-integration-final-main/install/simulator_compatibility_test:/home/autoware/aichallenge2023-integration-final-main/install/ad_api_visualizers:/home/autoware/autoware/install/simulator_compatibility_test:/home/autoware/autoware/install/ad_api_visualizers:/opt/ros/humble /usr/bin/cmake --install /home/autoware/aichallenge2023-integration-final-main/build/autoware_adapi_version_msgs
[6.127s] -- Install configuration: "Release"
[6.128s] -- Execute custom install script
[6.128s] -- Up-to-date symlink: /home/autoware/aichallenge2023-integration-final-main/install/autoware_adapi_version_msgs/share/ament_index/resource_index/rosidl_interfaces/autoware_adapi_version_msgs
[6.129s] -- Up-to-date symlink: /home/autoware/aichallenge2023-integration-final-main/install/autoware_adapi_version_msgs/include/autoware_adapi_version_msgs/autoware_adapi_version_msgs/msg/rosidl_generator_c__visibility_control.h
[6.129s] -- Up-to-date symlink: /home/autoware/aichallenge2023-integration-final-main/install/autoware_adapi_version_msgs/include/autoware_adapi_version_msgs/autoware_adapi_version_msgs/srv/detail/interface_version__functions.h
[6.129s] -- Up-to-date symlink: /home/autoware/aichallenge2023-integration-final-main/install/autoware_adapi_version_msgs/include/autoware_adapi_version_msgs/autoware_adapi_version_msgs/srv/detail/interface_version__struct.h
[6.130s] -- Up-to-date symlink: /home/autoware/aichallenge2023-integration-final-main/install/autoware_adapi_version_msgs/include/autoware_adapi_version_msgs/autoware_adapi_version_msgs/srv/detail/interface_version__type_support.h
[6.130s] -- Up-to-date symlink: /home/autoware/aichallenge2023-integration-final-main/install/autoware_adapi_version_msgs/include/autoware_adapi_version_msgs/autoware_adapi_version_msgs/srv/interface_version.h
[6.130s] -- Up-to-date symlink: /home/autoware/aichallenge2023-integration-final-main/install/autoware_adapi_version_msgs/share/autoware_adapi_version_msgs/environment/library_path.sh
[6.131s] -- Up-to-date symlink: /home/autoware/aichallenge2023-integration-final-main/install/autoware_adapi_version_msgs/share/autoware_adapi_version_msgs/environment/library_path.dsv
[6.131s] -- Up-to-date symlink: /home/autoware/aichallenge2023-integration-final-main/install/autoware_adapi_version_msgs/include/autoware_adapi_version_msgs/autoware_adapi_version_msgs/msg/rosidl_typesupport_fastrtps_c__visibility_control.h
[6.132s] -- Up-to-date symlink: /home/autoware/aichallenge2023-integration-final-main/install/autoware_adapi_version_msgs/include/autoware_adapi_version_msgs/autoware_adapi_version_msgs/srv/detail/interface_version__rosidl_typesupport_fastrtps_c.h
[6.132s] -- Up-to-date symlink: /home/autoware/aichallenge2023-integration-final-main/install/autoware_adapi_version_msgs/include/autoware_adapi_version_msgs/autoware_adapi_version_msgs/msg/rosidl_typesupport_introspection_c__visibility_control.h
[6.132s] -- Up-to-date symlink: /home/autoware/aichallenge2023-integration-final-main/install/autoware_adapi_version_msgs/include/autoware_adapi_version_msgs/autoware_adapi_version_msgs/srv/detail/interface_version__rosidl_typesupport_introspection_c.h
[6.133s] -- Up-to-date symlink: /home/autoware/aichallenge2023-integration-final-main/install/autoware_adapi_version_msgs/include/autoware_adapi_version_msgs/autoware_adapi_version_msgs/srv/detail/interface_version__builder.hpp
[6.136s] -- Up-to-date symlink: /home/autoware/aichallenge2023-integration-final-main/install/autoware_adapi_version_msgs/include/autoware_adapi_version_msgs/autoware_adapi_version_msgs/srv/detail/interface_version__struct.hpp
[6.136s] -- Up-to-date symlink: /home/autoware/aichallenge2023-integration-final-main/install/autoware_adapi_version_msgs/include/autoware_adapi_version_msgs/autoware_adapi_version_msgs/srv/detail/interface_version__traits.hpp
[6.136s] -- Up-to-date symlink: /home/autoware/aichallenge2023-integration-final-main/install/autoware_adapi_version_msgs/include/autoware_adapi_version_msgs/autoware_adapi_version_msgs/srv/interface_version.hpp
[6.137s] -- Up-to-date symlink: /home/autoware/aichallenge2023-integration-final-main/install/autoware_adapi_version_msgs/include/autoware_adapi_version_msgs/autoware_adapi_version_msgs/msg/rosidl_typesupport_fastrtps_cpp__visibility_control.h
[6.137s] -- Up-to-date symlink: /home/autoware/aichallenge2023-integration-final-main/install/autoware_adapi_version_msgs/include/autoware_adapi_version_msgs/autoware_adapi_version_msgs/srv/detail/interface_version__rosidl_typesupport_fastrtps_cpp.hpp
[6.137s] -- Up-to-date symlink: /home/autoware/aichallenge2023-integration-final-main/install/autoware_adapi_version_msgs/include/autoware_adapi_version_msgs/autoware_adapi_version_msgs/srv/detail/interface_version__rosidl_typesupport_introspection_cpp.hpp
[6.137s] -- Up-to-date symlink: /home/autoware/aichallenge2023-integration-final-main/install/autoware_adapi_version_msgs/share/autoware_adapi_version_msgs/environment/pythonpath.sh
[6.137s] -- Up-to-date symlink: /home/autoware/aichallenge2023-integration-final-main/install/autoware_adapi_version_msgs/share/autoware_adapi_version_msgs/environment/pythonpath.dsv
[6.137s] -- Up-to-date symlink: /home/autoware/aichallenge2023-integration-final-main/install/autoware_adapi_version_msgs/local/lib/python3.10/dist-packages/autoware_adapi_version_msgs-0.0.0-py3.10.egg-info/PKG-INFO
[6.137s] -- Up-to-date symlink: /home/autoware/aichallenge2023-integration-final-main/install/autoware_adapi_version_msgs/local/lib/python3.10/dist-packages/autoware_adapi_version_msgs-0.0.0-py3.10.egg-info/SOURCES.txt
[6.138s] -- Up-to-date symlink: /home/autoware/aichallenge2023-integration-final-main/install/autoware_adapi_version_msgs/local/lib/python3.10/dist-packages/autoware_adapi_version_msgs-0.0.0-py3.10.egg-info/dependency_links.txt
[6.138s] -- Up-to-date symlink: /home/autoware/aichallenge2023-integration-final-main/install/autoware_adapi_version_msgs/local/lib/python3.10/dist-packages/autoware_adapi_version_msgs-0.0.0-py3.10.egg-info/top_level.txt
[6.138s] -- Up-to-date symlink: /home/autoware/aichallenge2023-integration-final-main/install/autoware_adapi_version_msgs/local/lib/python3.10/dist-packages/autoware_adapi_version_msgs/__init__.py
[6.139s] -- Up-to-date symlink: /home/autoware/aichallenge2023-integration-final-main/install/autoware_adapi_version_msgs/local/lib/python3.10/dist-packages/autoware_adapi_version_msgs/_autoware_adapi_version_msgs_s.ep.rosidl_typesupport_c.c
[6.139s] -- Up-to-date symlink: /home/autoware/aichallenge2023-integration-final-main/install/autoware_adapi_version_msgs/local/lib/python3.10/dist-packages/autoware_adapi_version_msgs/_autoware_adapi_version_msgs_s.ep.rosidl_typesupport_fastrtps_c.c
[6.139s] -- Up-to-date symlink: /home/autoware/aichallenge2023-integration-final-main/install/autoware_adapi_version_msgs/local/lib/python3.10/dist-packages/autoware_adapi_version_msgs/_autoware_adapi_version_msgs_s.ep.rosidl_typesupport_introspection_c.c
[6.139s] -- Up-to-date symlink: /home/autoware/aichallenge2023-integration-final-main/install/autoware_adapi_version_msgs/local/lib/python3.10/dist-packages/autoware_adapi_version_msgs/autoware_adapi_version_msgs_s__rosidl_typesupport_c.cpython-310-x86_64-linux-gnu.so
[6.139s] -- Up-to-date symlink: /home/autoware/aichallenge2023-integration-final-main/install/autoware_adapi_version_msgs/local/lib/python3.10/dist-packages/autoware_adapi_version_msgs/autoware_adapi_version_msgs_s__rosidl_typesupport_fastrtps_c.cpython-310-x86_64-linux-gnu.so
[6.140s] -- Up-to-date symlink: /home/autoware/aichallenge2023-integration-final-main/install/autoware_adapi_version_msgs/local/lib/python3.10/dist-packages/autoware_adapi_version_msgs/autoware_adapi_version_msgs_s__rosidl_typesupport_introspection_c.cpython-310-x86_64-linux-gnu.so
[6.140s] -- Up-to-date symlink: /home/autoware/aichallenge2023-integration-final-main/install/autoware_adapi_version_msgs/local/lib/python3.10/dist-packages/autoware_adapi_version_msgs/libautoware_adapi_version_msgs__rosidl_generator_py.so
[6.140s] -- Up-to-date symlink: /home/autoware/aichallenge2023-integration-final-main/install/autoware_adapi_version_msgs/local/lib/python3.10/dist-packages/autoware_adapi_version_msgs/srv/__init__.py
[6.140s] -- Up-to-date symlink: /home/autoware/aichallenge2023-integration-final-main/install/autoware_adapi_version_msgs/local/lib/python3.10/dist-packages/autoware_adapi_version_msgs/srv/_interface_version.py
[6.140s] -- Up-to-date symlink: /home/autoware/aichallenge2023-integration-final-main/install/autoware_adapi_version_msgs/local/lib/python3.10/dist-packages/autoware_adapi_version_msgs/srv/_interface_version_s.c
[6.141s] -- Up-to-date symlink: /home/autoware/aichallenge2023-integration-final-main/install/autoware_adapi_version_msgs/local/lib/python3.10/dist-packages/autoware_adapi_version_msgs/autoware_adapi_version_msgs_s__rosidl_typesupport_fastrtps_c.cpython-310-x86_64-linux-gnu.so
[6.144s] -- Up-to-date symlink: /home/autoware/aichallenge2023-integration-final-main/install/autoware_adapi_version_msgs/local/lib/python3.10/dist-packages/autoware_adapi_version_msgs/autoware_adapi_version_msgs_s__rosidl_typesupport_introspection_c.cpython-310-x86_64-linux-gnu.so
[6.144s] -- Up-to-date symlink: /home/autoware/aichallenge2023-integration-final-main/install/autoware_adapi_version_msgs/local/lib/python3.10/dist-packages/autoware_adapi_version_msgs/autoware_adapi_version_msgs_s__rosidl_typesupport_c.cpython-310-x86_64-linux-gnu.so
[6.144s] -- Up-to-date symlink: /home/autoware/aichallenge2023-integration-final-main/install/autoware_adapi_version_msgs/share/autoware_adapi_version_msgs/srv/InterfaceVersion.idl
[6.145s] -- Up-to-date symlink: /home/autoware/aichallenge2023-integration-final-main/install/autoware_adapi_version_msgs/share/autoware_adapi_version_msgs/srv/InterfaceVersion.srv
[6.145s] -- Up-to-date symlink: /home/autoware/aichallenge2023-integration-final-main/install/autoware_adapi_version_msgs/share/autoware_adapi_version_msgs/srv/InterfaceVersion_Request.msg
[6.145s] -- Up-to-date symlink: /home/autoware/aichallenge2023-integration-final-main/install/autoware_adapi_version_msgs/share/autoware_adapi_version_msgs/srv/InterfaceVersion_Response.msg
[6.146s] -- Up-to-date symlink: /home/autoware/aichallenge2023-integration-final-main/install/autoware_adapi_version_msgs/share/ament_index/resource_index/package_run_dependencies/autoware_adapi_version_msgs
[6.146s] -- Up-to-date symlink: /home/autoware/aichallenge2023-integration-final-main/install/autoware_adapi_version_msgs/share/ament_index/resource_index/parent_prefix_path/autoware_adapi_version_msgs
[6.147s] -- Up-to-date symlink: /home/autoware/aichallenge2023-integration-final-main/install/autoware_adapi_version_msgs/share/autoware_adapi_version_msgs/environment/ament_prefix_path.sh
[6.147s] -- Up-to-date symlink: /home/autoware/aichallenge2023-integration-final-main/install/autoware_adapi_version_msgs/share/autoware_adapi_version_msgs/environment/ament_prefix_path.dsv
[6.147s] -- Up-to-date symlink: /home/autoware/aichallenge2023-integration-final-main/install/autoware_adapi_version_msgs/share/autoware_adapi_version_msgs/environment/path.sh
[6.148s] -- Up-to-date symlink: /home/autoware/aichallenge2023-integration-final-main/install/autoware_adapi_version_msgs/share/autoware_adapi_version_msgs/environment/path.dsv
[6.148s] -- Up-to-date symlink: /home/autoware/aichallenge2023-integration-final-main/install/autoware_adapi_version_msgs/share/autoware_adapi_version_msgs/local_setup.bash
[6.148s] -- Up-to-date symlink: /home/autoware/aichallenge2023-integration-final-main/install/autoware_adapi_version_msgs/share/autoware_adapi_version_msgs/local_setup.sh
[6.148s] -- Up-to-date symlink: /home/autoware/aichallenge2023-integration-final-main/install/autoware_adapi_version_msgs/share/autoware_adapi_version_msgs/local_setup.zsh
[6.149s] -- Up-to-date symlink: /home/autoware/aichallenge2023-integration-final-main/install/autoware_adapi_version_msgs/share/autoware_adapi_version_msgs/local_setup.dsv
[6.151s] -- Symlinking: /home/autoware/aichallenge2023-integration-final-main/install/autoware_adapi_version_msgs/share/autoware_adapi_version_msgs/package.dsv
[6.258s] -- Up-to-date symlink: /home/autoware/aichallenge2023-integration-final-main/install/autoware_adapi_version_msgs/share/ament_index/resource_index/packages/autoware_adapi_version_msgs
[6.258s] -- Up-to-date symlink: /home/autoware/aichallenge2023-integration-final-main/install/autoware_adapi_version_msgs/share/autoware_adapi_version_msgs/cmake/rosidl_cmake-extras.cmake
[6.258s] -- Up-to-date symlink: /home/autoware/aichallenge2023-integration-final-main/install/autoware_adapi_version_msgs/share/autoware_adapi_version_msgs/cmake/ament_cmake_export_include_directories-extras.cmake
[6.259s] -- Up-to-date symlink: /home/autoware/aichallenge2023-integration-final-main/install/autoware_adapi_version_msgs/share/autoware_adapi_version_msgs/cmake/ament_cmake_export_libraries-extras.cmake
[6.259s] -- Up-to-date symlink: /home/autoware/aichallenge2023-integration-final-main/install/autoware_adapi_version_msgs/share/autoware_adapi_version_msgs/cmake/ament_cmake_export_targets-extras.cmake
[6.259s] -- Up-to-date symlink: /home/autoware/aichallenge2023-integration-final-main/install/autoware_adapi_version_msgs/share/autoware_adapi_version_msgs/cmake/rosidl_cmake_export_typesupport_targets-extras.cmake
[6.259s] -- Up-to-date symlink: /home/autoware/aichallenge2023-integration-final-main/install/autoware_adapi_version_msgs/share/autoware_adapi_version_msgs/cmake/ament_cmake_export_dependencies-extras.cmake
[6.260s] -- Up-to-date symlink: /home/autoware/aichallenge2023-integration-final-main/install/autoware_adapi_version_msgs/share/autoware_adapi_version_msgs/cmake/rosidl_cmake_export_typesupport_libraries-extras.cmake
[6.260s] -- Up-to-date symlink: /home/autoware/aichallenge2023-integration-final-main/install/autoware_adapi_version_msgs/share/autoware_adapi_version_msgs/cmake/autoware_adapi_version_msgsConfig.cmake
[6.260s] -- Up-to-date symlink: /home/autoware/aichallenge2023-integration-final-main/install/autoware_adapi_version_msgs/share/autoware_adapi_version_msgs/cmake/autoware_adapi_version_msgsConfig-version.cmake
[6.261s] -- Up-to-date symlink: /home/autoware/aichallenge2023-integration-final-main/install/autoware_adapi_version_msgs/share/autoware_adapi_version_msgs/package.xml
[6.261s] -- Up-to-date: /home/autoware/aichallenge2023-integration-final-main/install/autoware_adapi_version_msgs/lib/libautoware_adapi_version_msgs__rosidl_generator_c.so
[6.261s] -- Up-to-date: /home/autoware/aichallenge2023-integration-final-main/install/autoware_adapi_version_msgs/lib/libautoware_adapi_version_msgs__rosidl_typesupport_fastrtps_c.so
[6.262s] -- Up-to-date: /home/autoware/aichallenge2023-integration-final-main/install/autoware_adapi_version_msgs/lib/libautoware_adapi_version_msgs__rosidl_typesupport_introspection_c.so
[6.262s] -- Up-to-date: /home/autoware/aichallenge2023-integration-final-main/install/autoware_adapi_version_msgs/lib/libautoware_adapi_version_msgs__rosidl_typesupport_c.so
[6.263s] -- Up-to-date: /home/autoware/aichallenge2023-integration-final-main/install/autoware_adapi_version_msgs/lib/libautoware_adapi_version_msgs__rosidl_typesupport_fastrtps_cpp.so
[6.263s] -- Up-to-date: /home/autoware/aichallenge2023-integration-final-main/install/autoware_adapi_version_msgs/lib/libautoware_adapi_version_msgs__rosidl_typesupport_introspection_cpp.so
[6.264s] -- Up-to-date: /home/autoware/aichallenge2023-integration-final-main/install/autoware_adapi_version_msgs/lib/libautoware_adapi_version_msgs__rosidl_typesupport_cpp.so
[6.480s] Listing '/home/autoware/aichallenge2023-integration-final-main/install/autoware_adapi_version_msgs/local/lib/python3.10/dist-packages/autoware_adapi_version_msgs'...
[6.480s] Listing '/home/autoware/aichallenge2023-integration-final-main/install/autoware_adapi_version_msgs/local/lib/python3.10/dist-packages/autoware_adapi_version_msgs/srv'...
[6.489s] -- Up-to-date: /home/autoware/aichallenge2023-integration-final-main/install/autoware_adapi_version_msgs/lib/libautoware_adapi_version_msgs__rosidl_generator_py.so
[6.495s] -- Up-to-date: /home/autoware/aichallenge2023-integration-final-main/install/autoware_adapi_version_msgs/share/autoware_adapi_version_msgs/cmake/export_autoware_adapi_version_msgs__rosidl_generator_cExport.cmake
[6.495s] -- Up-to-date: /home/autoware/aichallenge2023-integration-final-main/install/autoware_adapi_version_msgs/share/autoware_adapi_version_msgs/cmake/export_autoware_adapi_version_msgs__rosidl_generator_cExport-release.cmake
[6.495s] -- Up-to-date: /home/autoware/aichallenge2023-integration-final-main/install/autoware_adapi_version_msgs/share/autoware_adapi_version_msgs/cmake/export_autoware_adapi_version_msgs__rosidl_typesupport_fastrtps_cExport.cmake
[6.495s] -- Up-to-date: /home/autoware/aichallenge2023-integration-final-main/install/autoware_adapi_version_msgs/share/autoware_adapi_version_msgs/cmake/export_autoware_adapi_version_msgs__rosidl_typesupport_fastrtps_cExport-release.cmake
[6.495s] -- Up-to-date: /home/autoware/aichallenge2023-integration-final-main/install/autoware_adapi_version_msgs/share/autoware_adapi_version_msgs/cmake/autoware_adapi_version_msgs__rosidl_typesupport_introspection_cExport.cmake
[6.496s] -- Up-to-date: /home/autoware/aichallenge2023-integration-final-main/install/autoware_adapi_version_msgs/share/autoware_adapi_version_msgs/cmake/autoware_adapi_version_msgs__rosidl_typesupport_introspection_cExport-release.cmake
[6.496s] -- Up-to-date: /home/autoware/aichallenge2023-integration-final-main/install/autoware_adapi_version_msgs/share/autoware_adapi_version_msgs/cmake/autoware_adapi_version_msgs__rosidl_typesupport_cExport.cmake
[6.496s] -- Up-to-date: /home/autoware/aichallenge2023-integration-final-main/install/autoware_adapi_version_msgs/share/autoware_adapi_version_msgs/cmake/autoware_adapi_version_msgs__rosidl_typesupport_cExport-release.cmake
[6.496s] -- Up-to-date: /home/autoware/aichallenge2023-integration-final-main/install/autoware_adapi_version_msgs/share/autoware_adapi_version_msgs/cmake/export_autoware_adapi_version_msgs__rosidl_generator_cppExport.cmake
[6.496s] -- Up-to-date: /home/autoware/aichallenge2023-integration-final-main/install/autoware_adapi_version_msgs/share/autoware_adapi_version_msgs/cmake/export_autoware_adapi_version_msgs__rosidl_typesupport_fastrtps_cppExport.cmake
[6.496s] -- Up-to-date: /home/autoware/aichallenge2023-integration-final-main/install/autoware_adapi_version_msgs/share/autoware_adapi_version_msgs/cmake/export_autoware_adapi_version_msgs__rosidl_typesupport_fastrtps_cppExport-release.cmake
[6.496s] -- Up-to-date: /home/autoware/aichallenge2023-integration-final-main/install/autoware_adapi_version_msgs/share/autoware_adapi_version_msgs/cmake/autoware_adapi_version_msgs__rosidl_typesupport_introspection_cppExport.cmake
[6.496s] -- Up-to-date: /home/autoware/aichallenge2023-integration-final-main/install/autoware_adapi_version_msgs/share/autoware_adapi_version_msgs/cmake/autoware_adapi_version_msgs__rosidl_typesupport_introspection_cppExport-release.cmake
[6.497s] -- Up-to-date: /home/autoware/aichallenge2023-integration-final-main/install/autoware_adapi_version_msgs/share/autoware_adapi_version_msgs/cmake/autoware_adapi_version_msgs__rosidl_typesupport_cppExport.cmake
[6.497s] -- Up-to-date: /home/autoware/aichallenge2023-integration-final-main/install/autoware_adapi_version_msgs/share/autoware_adapi_version_msgs/cmake/autoware_adapi_version_msgs__rosidl_typesupport_cppExport-release.cmake
[6.497s] -- Up-to-date: /home/autoware/aichallenge2023-integration-final-main/install/autoware_adapi_version_msgs/share/autoware_adapi_version_msgs/cmake/export_autoware_adapi_version_msgs__rosidl_generator_pyExport.cmake
[6.497s] -- Up-to-date: /home/autoware/aichallenge2023-integration-final-main/install/autoware_adapi_version_msgs/share/autoware_adapi_version_msgs/cmake/export_autoware_adapi_version_msgs__rosidl_generator_pyExport-release.cmake
[6.509s] Invoked command in '/home/autoware/aichallenge2023-integration-final-main/build/autoware_adapi_version_msgs' returned '0': CMAKE_PREFIX_PATH=${CMAKE_PREFIX_PATH}:/home/autoware/aichallenge2023-integration-final-main/install/simulator_compatibility_test:/home/autoware/aichallenge2023-integration-final-main/install/ad_api_visualizers:/home/autoware/autoware/install/simulator_compatibility_test:/home/autoware/autoware/install/ad_api_visualizers:/opt/ros/humble /usr/bin/cmake --install /home/autoware/aichallenge2023-integration-final-main/build/autoware_adapi_version_msgs
