[0.112s] Invoking command in '/home/autoware/aichallenge2023-integration-final-main/build/pointcloud_to_laserscan': CMAKE_PREFIX_PATH=${CMAKE_PREFIX_PATH}:/home/autoware/aichallenge2023-integration-final-main/install/simulator_compatibility_test:/home/autoware/aichallenge2023-integration-final-main/install/ad_api_visualizers:/home/autoware/autoware/install/simulator_compatibility_test:/home/autoware/autoware/install/ad_api_visualizers:/opt/ros/humble /usr/bin/cmake --build /home/autoware/aichallenge2023-integration-final-main/build/pointcloud_to_laserscan -- -j16 -l16
[0.602s] [ 20%] Built target laserscan_to_pointcloud_node
[0.617s] [ 40%] Built target pointcloud_to_laserscan_node
[0.635s] [ 60%] Built target laserscan_to_pointcloud
[0.836s] [ 80%] Built target pointcloud_to_laserscan
[1.026s] [100%] Built target dummy_pointcloud_publisher
[1.090s] Invoked command in '/home/autoware/aichallenge2023-integration-final-main/build/pointcloud_to_laserscan' returned '0': CMAKE_PREFIX_PATH=${CMAKE_PREFIX_PATH}:/home/autoware/aichallenge2023-integration-final-main/install/simulator_compatibility_test:/home/autoware/aichallenge2023-integration-final-main/install/ad_api_visualizers:/home/autoware/autoware/install/simulator_compatibility_test:/home/autoware/autoware/install/ad_api_visualizers:/opt/ros/humble /usr/bin/cmake --build /home/autoware/aichallenge2023-integration-final-main/build/pointcloud_to_laserscan -- -j16 -l16
[1.792s] Invoking command in '/home/autoware/aichallenge2023-integration-final-main/build/pointcloud_to_laserscan': CMAKE_PREFIX_PATH=${CMAKE_PREFIX_PATH}:/home/autoware/aichallenge2023-integration-final-main/install/simulator_compatibility_test:/home/autoware/aichallenge2023-integration-final-main/install/ad_api_visualizers:/home/autoware/autoware/install/simulator_compatibility_test:/home/autoware/autoware/install/ad_api_visualizers:/opt/ros/humble /usr/bin/cmake --install /home/autoware/aichallenge2023-integration-final-main/build/pointcloud_to_laserscan
[1.847s] -- Install configuration: "Release"
[1.848s] -- Execute custom install script
[1.848s] -- Up-to-date symlink: /home/autoware/aichallenge2023-integration-final-main/install/pointcloud_to_laserscan/lib/pointcloud_to_laserscan/laserscan_to_pointcloud_node
[1.848s] -- Up-to-date symlink: /home/autoware/aichallenge2023-integration-final-main/install/pointcloud_to_laserscan/lib/pointcloud_to_laserscan/pointcloud_to_laserscan_node
[1.849s] -- Up-to-date symlink: /home/autoware/aichallenge2023-integration-final-main/install/pointcloud_to_laserscan/include/pointcloud_to_laserscan/laserscan_to_pointcloud_node.hpp
[1.849s] -- Up-to-date symlink: /home/autoware/aichallenge2023-integration-final-main/install/pointcloud_to_laserscan/include/pointcloud_to_laserscan/pointcloud_to_laserscan_node.hpp
[1.849s] -- Up-to-date symlink: /home/autoware/aichallenge2023-integration-final-main/install/pointcloud_to_laserscan/include/pointcloud_to_laserscan/visibility_control.h
[1.850s] -- Up-to-date symlink: /home/autoware/aichallenge2023-integration-final-main/install/pointcloud_to_laserscan/share/pointcloud_to_laserscan/environment/library_path.sh
[1.850s] -- Up-to-date symlink: /home/autoware/aichallenge2023-integration-final-main/install/pointcloud_to_laserscan/share/pointcloud_to_laserscan/environment/library_path.dsv
[1.850s] -- Up-to-date symlink: /home/autoware/aichallenge2023-integration-final-main/install/pointcloud_to_laserscan/lib/liblaserscan_to_pointcloud.so
[1.850s] -- Up-to-date symlink: /home/autoware/aichallenge2023-integration-final-main/install/pointcloud_to_laserscan/lib/libpointcloud_to_laserscan.so
[1.853s] -- Up-to-date symlink: /home/autoware/aichallenge2023-integration-final-main/install/pointcloud_to_laserscan/lib/pointcloud_to_laserscan/dummy_pointcloud_publisher
[1.853s] -- Up-to-date symlink: /home/autoware/aichallenge2023-integration-final-main/install/pointcloud_to_laserscan/share/pointcloud_to_laserscan/launch/sample_laserscan_to_pointcloud_launch.py
[1.853s] -- Up-to-date symlink: /home/autoware/aichallenge2023-integration-final-main/install/pointcloud_to_laserscan/share/pointcloud_to_laserscan/launch/sample_pointcloud_to_laserscan_launch.py
[1.853s] -- Up-to-date symlink: /home/autoware/aichallenge2023-integration-final-main/install/pointcloud_to_laserscan/share/ament_index/resource_index/package_run_dependencies/pointcloud_to_laserscan
[1.853s] -- Up-to-date symlink: /home/autoware/aichallenge2023-integration-final-main/install/pointcloud_to_laserscan/share/ament_index/resource_index/parent_prefix_path/pointcloud_to_laserscan
[1.854s] -- Up-to-date symlink: /home/autoware/aichallenge2023-integration-final-main/install/pointcloud_to_laserscan/share/pointcloud_to_laserscan/environment/ament_prefix_path.sh
[1.854s] -- Up-to-date symlink: /home/autoware/aichallenge2023-integration-final-main/install/pointcloud_to_laserscan/share/pointcloud_to_laserscan/environment/ament_prefix_path.dsv
[1.854s] -- Up-to-date symlink: /home/autoware/aichallenge2023-integration-final-main/install/pointcloud_to_laserscan/share/pointcloud_to_laserscan/environment/path.sh
[1.854s] -- Up-to-date symlink: /home/autoware/aichallenge2023-integration-final-main/install/pointcloud_to_laserscan/share/pointcloud_to_laserscan/environment/path.dsv
[1.854s] -- Up-to-date symlink: /home/autoware/aichallenge2023-integration-final-main/install/pointcloud_to_laserscan/share/pointcloud_to_laserscan/local_setup.bash
[1.854s] -- Up-to-date symlink: /home/autoware/aichallenge2023-integration-final-main/install/pointcloud_to_laserscan/share/pointcloud_to_laserscan/local_setup.sh
[1.854s] -- Up-to-date symlink: /home/autoware/aichallenge2023-integration-final-main/install/pointcloud_to_laserscan/share/pointcloud_to_laserscan/local_setup.zsh
[1.854s] -- Up-to-date symlink: /home/autoware/aichallenge2023-integration-final-main/install/pointcloud_to_laserscan/share/pointcloud_to_laserscan/local_setup.dsv
[1.854s] -- Symlinking: /home/autoware/aichallenge2023-integration-final-main/install/pointcloud_to_laserscan/share/pointcloud_to_laserscan/package.dsv
[1.909s] -- Up-to-date symlink: /home/autoware/aichallenge2023-integration-final-main/install/pointcloud_to_laserscan/share/ament_index/resource_index/packages/pointcloud_to_laserscan
[1.912s] -- Up-to-date symlink: /home/autoware/aichallenge2023-integration-final-main/install/pointcloud_to_laserscan/share/ament_index/resource_index/rclcpp_components/pointcloud_to_laserscan
[1.912s] -- Up-to-date symlink: /home/autoware/aichallenge2023-integration-final-main/install/pointcloud_to_laserscan/share/pointcloud_to_laserscan/cmake/ament_cmake_export_dependencies-extras.cmake
[1.912s] -- Up-to-date symlink: /home/autoware/aichallenge2023-integration-final-main/install/pointcloud_to_laserscan/share/pointcloud_to_laserscan/cmake/ament_cmake_export_include_directories-extras.cmake
[1.912s] -- Up-to-date symlink: /home/autoware/aichallenge2023-integration-final-main/install/pointcloud_to_laserscan/share/pointcloud_to_laserscan/cmake/ament_cmake_export_libraries-extras.cmake
[1.912s] -- Up-to-date symlink: /home/autoware/aichallenge2023-integration-final-main/install/pointcloud_to_laserscan/share/pointcloud_to_laserscan/cmake/pointcloud_to_laserscanConfig.cmake
[1.912s] -- Up-to-date symlink: /home/autoware/aichallenge2023-integration-final-main/install/pointcloud_to_laserscan/share/pointcloud_to_laserscan/cmake/pointcloud_to_laserscanConfig-version.cmake
[1.912s] -- Up-to-date symlink: /home/autoware/aichallenge2023-integration-final-main/install/pointcloud_to_laserscan/share/pointcloud_to_laserscan/package.xml
[1.922s] Invoked command in '/home/autoware/aichallenge2023-integration-final-main/build/pointcloud_to_laserscan' returned '0': CMAKE_PREFIX_PATH=${CMAKE_PREFIX_PATH}:/home/autoware/aichallenge2023-integration-final-main/install/simulator_compatibility_test:/home/autoware/aichallenge2023-integration-final-main/install/ad_api_visualizers:/home/autoware/autoware/install/simulator_compatibility_test:/home/autoware/autoware/install/ad_api_visualizers:/opt/ros/humble /usr/bin/cmake --install /home/autoware/aichallenge2023-integration-final-main/build/pointcloud_to_laserscan
