[0.104s] Invoking command in '/home/autoware/aichallenge2023-integration-final-main/build/sample_vehicle_description': CMAKE_PREFIX_PATH=${CMAKE_PREFIX_PATH}:/home/autoware/autoware/install/simulator_compatibility_test:/home/autoware/autoware/install/ad_api_visualizers:/opt/ros/humble /usr/bin/cmake --build /home/autoware/aichallenge2023-integration-final-main/build/sample_vehicle_description -- -j16 -l16
[0.496s] Invoked command in '/home/autoware/aichallenge2023-integration-final-main/build/sample_vehicle_description' returned '0': CMAKE_PREFIX_PATH=${CMAKE_PREFIX_PATH}:/home/autoware/autoware/install/simulator_compatibility_test:/home/autoware/autoware/install/ad_api_visualizers:/opt/ros/humble /usr/bin/cmake --build /home/autoware/aichallenge2023-integration-final-main/build/sample_vehicle_description -- -j16 -l16
[0.896s] Invoking command in '/home/autoware/aichallenge2023-integration-final-main/build/sample_vehicle_description': CMAKE_PREFIX_PATH=${CMAKE_PREFIX_PATH}:/home/autoware/autoware/install/simulator_compatibility_test:/home/autoware/autoware/install/ad_api_visualizers:/opt/ros/humble /usr/bin/cmake --install /home/autoware/aichallenge2023-integration-final-main/build/sample_vehicle_description
[0.954s] -- Install configuration: "Release"
[0.955s] -- Execute custom install script
[0.956s] -- Up-to-date symlink: /home/autoware/aichallenge2023-integration-final-main/install/sample_vehicle_description/share/sample_vehicle_description/mesh/lexus.dae
[0.957s] -- Up-to-date symlink: /home/autoware/aichallenge2023-integration-final-main/install/sample_vehicle_description/share/sample_vehicle_description/mesh/lexus.jpg
[0.957s] -- Up-to-date symlink: /home/autoware/aichallenge2023-integration-final-main/install/sample_vehicle_description/share/sample_vehicle_description/urdf/vehicle.xacro
[0.958s] -- Up-to-date symlink: /home/autoware/aichallenge2023-integration-final-main/install/sample_vehicle_description/share/sample_vehicle_description/config/mirror.param.yaml
[0.958s] -- Up-to-date symlink: /home/autoware/aichallenge2023-integration-final-main/install/sample_vehicle_description/share/sample_vehicle_description/config/simulator_model.param.yaml
[0.959s] -- Up-to-date symlink: /home/autoware/aichallenge2023-integration-final-main/install/sample_vehicle_description/share/sample_vehicle_description/config/vehicle_info.param.yaml
[0.959s] -- Up-to-date symlink: /home/autoware/aichallenge2023-integration-final-main/install/sample_vehicle_description/share/ament_index/resource_index/package_run_dependencies/sample_vehicle_description
[0.959s] -- Up-to-date symlink: /home/autoware/aichallenge2023-integration-final-main/install/sample_vehicle_description/share/ament_index/resource_index/parent_prefix_path/sample_vehicle_description
[0.960s] -- Up-to-date symlink: /home/autoware/aichallenge2023-integration-final-main/install/sample_vehicle_description/share/sample_vehicle_description/environment/ament_prefix_path.sh
[0.960s] -- Up-to-date symlink: /home/autoware/aichallenge2023-integration-final-main/install/sample_vehicle_description/share/sample_vehicle_description/environment/ament_prefix_path.dsv
[0.961s] -- Up-to-date symlink: /home/autoware/aichallenge2023-integration-final-main/install/sample_vehicle_description/share/sample_vehicle_description/environment/path.sh
[0.961s] -- Up-to-date symlink: /home/autoware/aichallenge2023-integration-final-main/install/sample_vehicle_description/share/sample_vehicle_description/environment/path.dsv
[0.962s] -- Up-to-date symlink: /home/autoware/aichallenge2023-integration-final-main/install/sample_vehicle_description/share/sample_vehicle_description/local_setup.bash
[0.962s] -- Up-to-date symlink: /home/autoware/aichallenge2023-integration-final-main/install/sample_vehicle_description/share/sample_vehicle_description/local_setup.sh
[0.962s] -- Up-to-date symlink: /home/autoware/aichallenge2023-integration-final-main/install/sample_vehicle_description/share/sample_vehicle_description/local_setup.zsh
[0.963s] -- Up-to-date symlink: /home/autoware/aichallenge2023-integration-final-main/install/sample_vehicle_description/share/sample_vehicle_description/local_setup.dsv
[0.963s] -- Symlinking: /home/autoware/aichallenge2023-integration-final-main/install/sample_vehicle_description/share/sample_vehicle_description/package.dsv
[1.029s] -- Up-to-date symlink: /home/autoware/aichallenge2023-integration-final-main/install/sample_vehicle_description/share/ament_index/resource_index/packages/sample_vehicle_description
[1.029s] -- Up-to-date symlink: /home/autoware/aichallenge2023-integration-final-main/install/sample_vehicle_description/share/sample_vehicle_description/cmake/sample_vehicle_descriptionConfig.cmake
[1.029s] -- Up-to-date symlink: /home/autoware/aichallenge2023-integration-final-main/install/sample_vehicle_description/share/sample_vehicle_description/cmake/sample_vehicle_descriptionConfig-version.cmake
[1.031s] -- Up-to-date symlink: /home/autoware/aichallenge2023-integration-final-main/install/sample_vehicle_description/share/sample_vehicle_description/package.xml
[1.111s] Invoked command in '/home/autoware/aichallenge2023-integration-final-main/build/sample_vehicle_description' returned '0': CMAKE_PREFIX_PATH=${CMAKE_PREFIX_PATH}:/home/autoware/autoware/install/simulator_compatibility_test:/home/autoware/autoware/install/ad_api_visualizers:/opt/ros/humble /usr/bin/cmake --install /home/autoware/aichallenge2023-integration-final-main/build/sample_vehicle_description
