[0.153s] Invoking command in '/home/autoware/aichallenge2023-integration-final-main/build/autoware_adapi_v1_msgs': CMAKE_PREFIX_PATH=${CMAKE_PREFIX_PATH}:/home/autoware/autoware/install/simulator_compatibility_test:/home/autoware/autoware/install/ad_api_visualizers:/opt/ros/humble /usr/bin/cmake --build /home/autoware/aichallenge2023-integration-final-main/build/autoware_adapi_v1_msgs -- -j16 -l16
[0.415s] [  0%] Built target autoware_adapi_v1_msgs__cpp
[0.552s] [  0%] Built target ament_cmake_python_symlink_autoware_adapi_v1_msgs
[0.589s] [ 12%] Built target autoware_adapi_v1_msgs__rosidl_generator_c
[0.929s] [ 24%] Built target autoware_adapi_v1_msgs__rosidl_typesupport_cpp
[0.947s] [ 36%] Built target autoware_adapi_v1_msgs__rosidl_typesupport_fastrtps_cpp
[0.954s] [ 49%] Built target autoware_adapi_v1_msgs__rosidl_typesupport_introspection_cpp
[1.034s] [ 61%] Built target autoware_adapi_v1_msgs__rosidl_typesupport_c
[1.094s] [ 73%] Built target autoware_adapi_v1_msgs__rosidl_typesupport_introspection_c
[1.219s] [ 85%] Built target autoware_adapi_v1_msgs__rosidl_typesupport_fastrtps_c
[1.449s] [ 85%] Built target autoware_adapi_v1_msgs
[1.615s] running egg_info
[1.616s] writing autoware_adapi_v1_msgs.egg-info/PKG-INFO
[1.616s] writing dependency_links to autoware_adapi_v1_msgs.egg-info/dependency_links.txt
[1.616s] writing top-level names to autoware_adapi_v1_msgs.egg-info/top_level.txt
[1.621s] reading manifest file 'autoware_adapi_v1_msgs.egg-info/SOURCES.txt'
[1.622s] writing manifest file 'autoware_adapi_v1_msgs.egg-info/SOURCES.txt'
[1.660s] [ 86%] Built target autoware_adapi_v1_msgs__py
[1.715s] [ 86%] Built target ament_cmake_python_build_autoware_adapi_v1_msgs_egg
[1.882s] [ 97%] Built target autoware_adapi_v1_msgs__rosidl_generator_py
[2.120s] [ 98%] Built target autoware_adapi_v1_msgs__rosidl_typesupport_introspection_c__pyext
[2.122s] [ 99%] Built target autoware_adapi_v1_msgs__rosidl_typesupport_c__pyext
[2.123s] [100%] Built target autoware_adapi_v1_msgs__rosidl_typesupport_fastrtps_c__pyext
[2.171s] Invoked command in '/home/autoware/aichallenge2023-integration-final-main/build/autoware_adapi_v1_msgs' returned '0': CMAKE_PREFIX_PATH=${CMAKE_PREFIX_PATH}:/home/autoware/autoware/install/simulator_compatibility_test:/home/autoware/autoware/install/ad_api_visualizers:/opt/ros/humble /usr/bin/cmake --build /home/autoware/aichallenge2023-integration-final-main/build/autoware_adapi_v1_msgs -- -j16 -l16
[7.789s] Invoking command in '/home/autoware/aichallenge2023-integration-final-main/build/autoware_adapi_v1_msgs': CMAKE_PREFIX_PATH=${CMAKE_PREFIX_PATH}:/home/autoware/autoware/install/simulator_compatibility_test:/home/autoware/autoware/install/ad_api_visualizers:/opt/ros/humble /usr/bin/cmake --install /home/autoware/aichallenge2023-integration-final-main/build/autoware_adapi_v1_msgs
[7.820s] -- Install configuration: "Release"
[7.820s] -- Execute custom install script
[7.820s] -- Up-to-date symlink: /home/autoware/aichallenge2023-integration-final-main/install/autoware_adapi_v1_msgs/share/ament_index/resource_index/rosidl_interfaces/autoware_adapi_v1_msgs
[7.823s] -- Up-to-date symlink: /home/autoware/aichallenge2023-integration-final-main/install/autoware_adapi_v1_msgs/include/autoware_adapi_v1_msgs/autoware_adapi_v1_msgs/msg/detail/localization_initialization_state__functions.h
[7.824s] -- Up-to-date symlink: /home/autoware/aichallenge2023-integration-final-main/install/autoware_adapi_v1_msgs/include/autoware_adapi_v1_msgs/autoware_adapi_v1_msgs/msg/detail/localization_initialization_state__struct.h
[7.825s] -- Up-to-date symlink: /home/autoware/aichallenge2023-integration-final-main/install/autoware_adapi_v1_msgs/include/autoware_adapi_v1_msgs/autoware_adapi_v1_msgs/msg/detail/localization_initialization_state__type_support.h
[7.825s] -- Up-to-date symlink: /home/autoware/aichallenge2023-integration-final-main/install/autoware_adapi_v1_msgs/include/autoware_adapi_v1_msgs/autoware_adapi_v1_msgs/msg/detail/motion_state__functions.h
[7.825s] -- Up-to-date symlink: /home/autoware/aichallenge2023-integration-final-main/install/autoware_adapi_v1_msgs/include/autoware_adapi_v1_msgs/autoware_adapi_v1_msgs/msg/detail/motion_state__struct.h
[7.825s] -- Up-to-date symlink: /home/autoware/aichallenge2023-integration-final-main/install/autoware_adapi_v1_msgs/include/autoware_adapi_v1_msgs/autoware_adapi_v1_msgs/msg/detail/motion_state__type_support.h
[7.826s] -- Up-to-date symlink: /home/autoware/aichallenge2023-integration-final-main/install/autoware_adapi_v1_msgs/include/autoware_adapi_v1_msgs/autoware_adapi_v1_msgs/msg/detail/mrm_state__functions.h
[7.826s] -- Up-to-date symlink: /home/autoware/aichallenge2023-integration-final-main/install/autoware_adapi_v1_msgs/include/autoware_adapi_v1_msgs/autoware_adapi_v1_msgs/msg/detail/mrm_state__struct.h
[7.826s] -- Up-to-date symlink: /home/autoware/aichallenge2023-integration-final-main/install/autoware_adapi_v1_msgs/include/autoware_adapi_v1_msgs/autoware_adapi_v1_msgs/msg/detail/mrm_state__type_support.h
[7.826s] -- Up-to-date symlink: /home/autoware/aichallenge2023-integration-final-main/install/autoware_adapi_v1_msgs/include/autoware_adapi_v1_msgs/autoware_adapi_v1_msgs/msg/detail/operation_mode_state__functions.h
[7.827s] -- Up-to-date symlink: /home/autoware/aichallenge2023-integration-final-main/install/autoware_adapi_v1_msgs/include/autoware_adapi_v1_msgs/autoware_adapi_v1_msgs/msg/detail/operation_mode_state__struct.h
[7.827s] -- Up-to-date symlink: /home/autoware/aichallenge2023-integration-final-main/install/autoware_adapi_v1_msgs/include/autoware_adapi_v1_msgs/autoware_adapi_v1_msgs/msg/detail/operation_mode_state__type_support.h
[7.835s] -- Up-to-date symlink: /home/autoware/aichallenge2023-integration-final-main/install/autoware_adapi_v1_msgs/include/autoware_adapi_v1_msgs/autoware_adapi_v1_msgs/msg/detail/response_status__functions.h
[7.836s] -- Up-to-date symlink: /home/autoware/aichallenge2023-integration-final-main/install/autoware_adapi_v1_msgs/include/autoware_adapi_v1_msgs/autoware_adapi_v1_msgs/msg/detail/response_status__struct.h
[7.836s] -- Up-to-date symlink: /home/autoware/aichallenge2023-integration-final-main/install/autoware_adapi_v1_msgs/include/autoware_adapi_v1_msgs/autoware_adapi_v1_msgs/msg/detail/response_status__type_support.h
[7.836s] -- Up-to-date symlink: /home/autoware/aichallenge2023-integration-final-main/install/autoware_adapi_v1_msgs/include/autoware_adapi_v1_msgs/autoware_adapi_v1_msgs/msg/detail/route__functions.h
[7.836s] -- Up-to-date symlink: /home/autoware/aichallenge2023-integration-final-main/install/autoware_adapi_v1_msgs/include/autoware_adapi_v1_msgs/autoware_adapi_v1_msgs/msg/detail/route__struct.h
[7.836s] -- Up-to-date symlink: /home/autoware/aichallenge2023-integration-final-main/install/autoware_adapi_v1_msgs/include/autoware_adapi_v1_msgs/autoware_adapi_v1_msgs/msg/detail/route__type_support.h
[7.836s] -- Up-to-date symlink: /home/autoware/aichallenge2023-integration-final-main/install/autoware_adapi_v1_msgs/include/autoware_adapi_v1_msgs/autoware_adapi_v1_msgs/msg/detail/route_data__functions.h
[7.837s] -- Up-to-date symlink: /home/autoware/aichallenge2023-integration-final-main/install/autoware_adapi_v1_msgs/include/autoware_adapi_v1_msgs/autoware_adapi_v1_msgs/msg/detail/route_data__struct.h
[7.837s] -- Up-to-date symlink: /home/autoware/aichallenge2023-integration-final-main/install/autoware_adapi_v1_msgs/include/autoware_adapi_v1_msgs/autoware_adapi_v1_msgs/msg/detail/route_data__type_support.h
[7.837s] -- Up-to-date symlink: /home/autoware/aichallenge2023-integration-final-main/install/autoware_adapi_v1_msgs/include/autoware_adapi_v1_msgs/autoware_adapi_v1_msgs/msg/detail/route_primitive__functions.h
[7.837s] -- Up-to-date symlink: /home/autoware/aichallenge2023-integration-final-main/install/autoware_adapi_v1_msgs/include/autoware_adapi_v1_msgs/autoware_adapi_v1_msgs/msg/detail/route_primitive__struct.h
[7.837s] -- Up-to-date symlink: /home/autoware/aichallenge2023-integration-final-main/install/autoware_adapi_v1_msgs/include/autoware_adapi_v1_msgs/autoware_adapi_v1_msgs/msg/detail/route_primitive__type_support.h
[7.837s] -- Up-to-date symlink: /home/autoware/aichallenge2023-integration-final-main/install/autoware_adapi_v1_msgs/include/autoware_adapi_v1_msgs/autoware_adapi_v1_msgs/msg/detail/route_segment__functions.h
[7.837s] -- Up-to-date symlink: /home/autoware/aichallenge2023-integration-final-main/install/autoware_adapi_v1_msgs/include/autoware_adapi_v1_msgs/autoware_adapi_v1_msgs/msg/detail/route_segment__struct.h
[7.837s] -- Up-to-date symlink: /home/autoware/aichallenge2023-integration-final-main/install/autoware_adapi_v1_msgs/include/autoware_adapi_v1_msgs/autoware_adapi_v1_msgs/msg/detail/route_segment__type_support.h
[7.837s] -- Up-to-date symlink: /home/autoware/aichallenge2023-integration-final-main/install/autoware_adapi_v1_msgs/include/autoware_adapi_v1_msgs/autoware_adapi_v1_msgs/msg/detail/route_state__functions.h
[7.837s] -- Up-to-date symlink: /home/autoware/aichallenge2023-integration-final-main/install/autoware_adapi_v1_msgs/include/autoware_adapi_v1_msgs/autoware_adapi_v1_msgs/msg/detail/route_state__struct.h
[7.837s] -- Up-to-date symlink: /home/autoware/aichallenge2023-integration-final-main/install/autoware_adapi_v1_msgs/include/autoware_adapi_v1_msgs/autoware_adapi_v1_msgs/msg/detail/route_state__type_support.h
[7.837s] -- Up-to-date symlink: /home/autoware/aichallenge2023-integration-final-main/install/autoware_adapi_v1_msgs/include/autoware_adapi_v1_msgs/autoware_adapi_v1_msgs/msg/detail/steering_factor__functions.h
[7.837s] -- Up-to-date symlink: /home/autoware/aichallenge2023-integration-final-main/install/autoware_adapi_v1_msgs/include/autoware_adapi_v1_msgs/autoware_adapi_v1_msgs/msg/detail/steering_factor__struct.h
[7.837s] -- Up-to-date symlink: /home/autoware/aichallenge2023-integration-final-main/install/autoware_adapi_v1_msgs/include/autoware_adapi_v1_msgs/autoware_adapi_v1_msgs/msg/detail/steering_factor__type_support.h
[7.838s] -- Up-to-date symlink: /home/autoware/aichallenge2023-integration-final-main/install/autoware_adapi_v1_msgs/include/autoware_adapi_v1_msgs/autoware_adapi_v1_msgs/msg/detail/steering_factor_array__functions.h
[7.838s] -- Up-to-date symlink: /home/autoware/aichallenge2023-integration-final-main/install/autoware_adapi_v1_msgs/include/autoware_adapi_v1_msgs/autoware_adapi_v1_msgs/msg/detail/steering_factor_array__struct.h
[7.838s] -- Up-to-date symlink: /home/autoware/aichallenge2023-integration-final-main/install/autoware_adapi_v1_msgs/include/autoware_adapi_v1_msgs/autoware_adapi_v1_msgs/msg/detail/steering_factor_array__type_support.h
[7.838s] -- Up-to-date symlink: /home/autoware/aichallenge2023-integration-final-main/install/autoware_adapi_v1_msgs/include/autoware_adapi_v1_msgs/autoware_adapi_v1_msgs/msg/detail/velocity_factor__functions.h
[7.838s] -- Up-to-date symlink: /home/autoware/aichallenge2023-integration-final-main/install/autoware_adapi_v1_msgs/include/autoware_adapi_v1_msgs/autoware_adapi_v1_msgs/msg/detail/velocity_factor__struct.h
[7.838s] -- Up-to-date symlink: /home/autoware/aichallenge2023-integration-final-main/install/autoware_adapi_v1_msgs/include/autoware_adapi_v1_msgs/autoware_adapi_v1_msgs/msg/detail/velocity_factor__type_support.h
[7.838s] -- Up-to-date symlink: /home/autoware/aichallenge2023-integration-final-main/install/autoware_adapi_v1_msgs/include/autoware_adapi_v1_msgs/autoware_adapi_v1_msgs/msg/detail/velocity_factor_array__functions.h
[7.838s] -- Up-to-date symlink: /home/autoware/aichallenge2023-integration-final-main/install/autoware_adapi_v1_msgs/include/autoware_adapi_v1_msgs/autoware_adapi_v1_msgs/msg/detail/velocity_factor_array__struct.h
[7.838s] -- Up-to-date symlink: /home/autoware/aichallenge2023-integration-final-main/install/autoware_adapi_v1_msgs/include/autoware_adapi_v1_msgs/autoware_adapi_v1_msgs/msg/detail/velocity_factor_array__type_support.h
[7.838s] -- Up-to-date symlink: /home/autoware/aichallenge2023-integration-final-main/install/autoware_adapi_v1_msgs/include/autoware_adapi_v1_msgs/autoware_adapi_v1_msgs/msg/localization_initialization_state.h
[7.838s] -- Up-to-date symlink: /home/autoware/aichallenge2023-integration-final-main/install/autoware_adapi_v1_msgs/include/autoware_adapi_v1_msgs/autoware_adapi_v1_msgs/msg/motion_state.h
[7.839s] -- Up-to-date symlink: /home/autoware/aichallenge2023-integration-final-main/install/autoware_adapi_v1_msgs/include/autoware_adapi_v1_msgs/autoware_adapi_v1_msgs/msg/mrm_state.h
[7.839s] -- Up-to-date symlink: /home/autoware/aichallenge2023-integration-final-main/install/autoware_adapi_v1_msgs/include/autoware_adapi_v1_msgs/autoware_adapi_v1_msgs/msg/operation_mode_state.h
[7.839s] -- Up-to-date symlink: /home/autoware/aichallenge2023-integration-final-main/install/autoware_adapi_v1_msgs/include/autoware_adapi_v1_msgs/autoware_adapi_v1_msgs/msg/response_status.h
[7.839s] -- Up-to-date symlink: /home/autoware/aichallenge2023-integration-final-main/install/autoware_adapi_v1_msgs/include/autoware_adapi_v1_msgs/autoware_adapi_v1_msgs/msg/rosidl_generator_c__visibility_control.h
[7.839s] -- Up-to-date symlink: /home/autoware/aichallenge2023-integration-final-main/install/autoware_adapi_v1_msgs/include/autoware_adapi_v1_msgs/autoware_adapi_v1_msgs/msg/route.h
[7.839s] -- Up-to-date symlink: /home/autoware/aichallenge2023-integration-final-main/install/autoware_adapi_v1_msgs/include/autoware_adapi_v1_msgs/autoware_adapi_v1_msgs/msg/route_data.h
[7.839s] -- Up-to-date symlink: /home/autoware/aichallenge2023-integration-final-main/install/autoware_adapi_v1_msgs/include/autoware_adapi_v1_msgs/autoware_adapi_v1_msgs/msg/route_primitive.h
[7.839s] -- Up-to-date symlink: /home/autoware/aichallenge2023-integration-final-main/install/autoware_adapi_v1_msgs/include/autoware_adapi_v1_msgs/autoware_adapi_v1_msgs/msg/route_segment.h
[7.839s] -- Up-to-date symlink: /home/autoware/aichallenge2023-integration-final-main/install/autoware_adapi_v1_msgs/include/autoware_adapi_v1_msgs/autoware_adapi_v1_msgs/msg/route_state.h
[7.839s] -- Up-to-date symlink: /home/autoware/aichallenge2023-integration-final-main/install/autoware_adapi_v1_msgs/include/autoware_adapi_v1_msgs/autoware_adapi_v1_msgs/msg/steering_factor.h
[7.839s] -- Up-to-date symlink: /home/autoware/aichallenge2023-integration-final-main/install/autoware_adapi_v1_msgs/include/autoware_adapi_v1_msgs/autoware_adapi_v1_msgs/msg/steering_factor_array.h
[7.840s] -- Up-to-date symlink: /home/autoware/aichallenge2023-integration-final-main/install/autoware_adapi_v1_msgs/include/autoware_adapi_v1_msgs/autoware_adapi_v1_msgs/msg/velocity_factor.h
[7.840s] -- Up-to-date symlink: /home/autoware/aichallenge2023-integration-final-main/install/autoware_adapi_v1_msgs/include/autoware_adapi_v1_msgs/autoware_adapi_v1_msgs/msg/velocity_factor_array.h
[7.840s] -- Up-to-date symlink: /home/autoware/aichallenge2023-integration-final-main/install/autoware_adapi_v1_msgs/include/autoware_adapi_v1_msgs/autoware_adapi_v1_msgs/srv/accept_start.h
[7.840s] -- Up-to-date symlink: /home/autoware/aichallenge2023-integration-final-main/install/autoware_adapi_v1_msgs/include/autoware_adapi_v1_msgs/autoware_adapi_v1_msgs/srv/change_operation_mode.h
[7.840s] -- Up-to-date symlink: /home/autoware/aichallenge2023-integration-final-main/install/autoware_adapi_v1_msgs/include/autoware_adapi_v1_msgs/autoware_adapi_v1_msgs/srv/clear_route.h
[7.840s] -- Up-to-date symlink: /home/autoware/aichallenge2023-integration-final-main/install/autoware_adapi_v1_msgs/include/autoware_adapi_v1_msgs/autoware_adapi_v1_msgs/srv/detail/accept_start__functions.h
[7.840s] -- Up-to-date symlink: /home/autoware/aichallenge2023-integration-final-main/install/autoware_adapi_v1_msgs/include/autoware_adapi_v1_msgs/autoware_adapi_v1_msgs/srv/detail/accept_start__struct.h
[7.840s] -- Up-to-date symlink: /home/autoware/aichallenge2023-integration-final-main/install/autoware_adapi_v1_msgs/include/autoware_adapi_v1_msgs/autoware_adapi_v1_msgs/srv/detail/accept_start__type_support.h
[7.840s] -- Up-to-date symlink: /home/autoware/aichallenge2023-integration-final-main/install/autoware_adapi_v1_msgs/include/autoware_adapi_v1_msgs/autoware_adapi_v1_msgs/srv/detail/change_operation_mode__functions.h
[7.841s] -- Up-to-date symlink: /home/autoware/aichallenge2023-integration-final-main/install/autoware_adapi_v1_msgs/include/autoware_adapi_v1_msgs/autoware_adapi_v1_msgs/srv/detail/change_operation_mode__struct.h
[7.841s] -- Up-to-date symlink: /home/autoware/aichallenge2023-integration-final-main/install/autoware_adapi_v1_msgs/include/autoware_adapi_v1_msgs/autoware_adapi_v1_msgs/srv/detail/change_operation_mode__type_support.h
[7.841s] -- Up-to-date symlink: /home/autoware/aichallenge2023-integration-final-main/install/autoware_adapi_v1_msgs/include/autoware_adapi_v1_msgs/autoware_adapi_v1_msgs/srv/detail/clear_route__functions.h
[7.844s] -- Up-to-date symlink: /home/autoware/aichallenge2023-integration-final-main/install/autoware_adapi_v1_msgs/include/autoware_adapi_v1_msgs/autoware_adapi_v1_msgs/srv/detail/clear_route__struct.h
[7.850s] -- Up-to-date symlink: /home/autoware/aichallenge2023-integration-final-main/install/autoware_adapi_v1_msgs/include/autoware_adapi_v1_msgs/autoware_adapi_v1_msgs/srv/detail/clear_route__type_support.h
[7.851s] -- Up-to-date symlink: /home/autoware/aichallenge2023-integration-final-main/install/autoware_adapi_v1_msgs/include/autoware_adapi_v1_msgs/autoware_adapi_v1_msgs/srv/detail/initialize_localization__functions.h
[7.851s] -- Up-to-date symlink: /home/autoware/aichallenge2023-integration-final-main/install/autoware_adapi_v1_msgs/include/autoware_adapi_v1_msgs/autoware_adapi_v1_msgs/srv/detail/initialize_localization__struct.h
[7.851s] -- Up-to-date symlink: /home/autoware/aichallenge2023-integration-final-main/install/autoware_adapi_v1_msgs/include/autoware_adapi_v1_msgs/autoware_adapi_v1_msgs/srv/detail/initialize_localization__type_support.h
[7.851s] -- Up-to-date symlink: /home/autoware/aichallenge2023-integration-final-main/install/autoware_adapi_v1_msgs/include/autoware_adapi_v1_msgs/autoware_adapi_v1_msgs/srv/detail/set_route__functions.h
[7.851s] -- Up-to-date symlink: /home/autoware/aichallenge2023-integration-final-main/install/autoware_adapi_v1_msgs/include/autoware_adapi_v1_msgs/autoware_adapi_v1_msgs/srv/detail/set_route__struct.h
[7.851s] -- Up-to-date symlink: /home/autoware/aichallenge2023-integration-final-main/install/autoware_adapi_v1_msgs/include/autoware_adapi_v1_msgs/autoware_adapi_v1_msgs/srv/detail/set_route__type_support.h
[7.851s] -- Up-to-date symlink: /home/autoware/aichallenge2023-integration-final-main/install/autoware_adapi_v1_msgs/include/autoware_adapi_v1_msgs/autoware_adapi_v1_msgs/srv/detail/set_route_points__functions.h
[7.851s] -- Up-to-date symlink: /home/autoware/aichallenge2023-integration-final-main/install/autoware_adapi_v1_msgs/include/autoware_adapi_v1_msgs/autoware_adapi_v1_msgs/srv/detail/set_route_points__struct.h
[7.851s] -- Up-to-date symlink: /home/autoware/aichallenge2023-integration-final-main/install/autoware_adapi_v1_msgs/include/autoware_adapi_v1_msgs/autoware_adapi_v1_msgs/srv/detail/set_route_points__type_support.h
[7.852s] -- Up-to-date symlink: /home/autoware/aichallenge2023-integration-final-main/install/autoware_adapi_v1_msgs/include/autoware_adapi_v1_msgs/autoware_adapi_v1_msgs/srv/initialize_localization.h
[7.852s] -- Up-to-date symlink: /home/autoware/aichallenge2023-integration-final-main/install/autoware_adapi_v1_msgs/include/autoware_adapi_v1_msgs/autoware_adapi_v1_msgs/srv/set_route.h
[7.852s] -- Up-to-date symlink: /home/autoware/aichallenge2023-integration-final-main/install/autoware_adapi_v1_msgs/include/autoware_adapi_v1_msgs/autoware_adapi_v1_msgs/srv/set_route_points.h
[7.853s] -- Up-to-date symlink: /home/autoware/aichallenge2023-integration-final-main/install/autoware_adapi_v1_msgs/share/autoware_adapi_v1_msgs/environment/library_path.sh
[7.853s] -- Up-to-date symlink: /home/autoware/aichallenge2023-integration-final-main/install/autoware_adapi_v1_msgs/share/autoware_adapi_v1_msgs/environment/library_path.dsv
[7.853s] -- Up-to-date symlink: /home/autoware/aichallenge2023-integration-final-main/install/autoware_adapi_v1_msgs/include/autoware_adapi_v1_msgs/autoware_adapi_v1_msgs/msg/detail/localization_initialization_state__rosidl_typesupport_fastrtps_c.h
[7.853s] -- Up-to-date symlink: /home/autoware/aichallenge2023-integration-final-main/install/autoware_adapi_v1_msgs/include/autoware_adapi_v1_msgs/autoware_adapi_v1_msgs/msg/detail/motion_state__rosidl_typesupport_fastrtps_c.h
[7.854s] -- Up-to-date symlink: /home/autoware/aichallenge2023-integration-final-main/install/autoware_adapi_v1_msgs/include/autoware_adapi_v1_msgs/autoware_adapi_v1_msgs/msg/detail/mrm_state__rosidl_typesupport_fastrtps_c.h
[7.854s] -- Up-to-date symlink: /home/autoware/aichallenge2023-integration-final-main/install/autoware_adapi_v1_msgs/include/autoware_adapi_v1_msgs/autoware_adapi_v1_msgs/msg/detail/operation_mode_state__rosidl_typesupport_fastrtps_c.h
[7.857s] -- Up-to-date symlink: /home/autoware/aichallenge2023-integration-final-main/install/autoware_adapi_v1_msgs/include/autoware_adapi_v1_msgs/autoware_adapi_v1_msgs/msg/detail/response_status__rosidl_typesupport_fastrtps_c.h
[7.857s] -- Up-to-date symlink: /home/autoware/aichallenge2023-integration-final-main/install/autoware_adapi_v1_msgs/include/autoware_adapi_v1_msgs/autoware_adapi_v1_msgs/msg/detail/route__rosidl_typesupport_fastrtps_c.h
[7.857s] -- Up-to-date symlink: /home/autoware/aichallenge2023-integration-final-main/install/autoware_adapi_v1_msgs/include/autoware_adapi_v1_msgs/autoware_adapi_v1_msgs/msg/detail/route_data__rosidl_typesupport_fastrtps_c.h
[7.857s] -- Up-to-date symlink: /home/autoware/aichallenge2023-integration-final-main/install/autoware_adapi_v1_msgs/include/autoware_adapi_v1_msgs/autoware_adapi_v1_msgs/msg/detail/route_primitive__rosidl_typesupport_fastrtps_c.h
[7.857s] -- Up-to-date symlink: /home/autoware/aichallenge2023-integration-final-main/install/autoware_adapi_v1_msgs/include/autoware_adapi_v1_msgs/autoware_adapi_v1_msgs/msg/detail/route_segment__rosidl_typesupport_fastrtps_c.h
[7.857s] -- Up-to-date symlink: /home/autoware/aichallenge2023-integration-final-main/install/autoware_adapi_v1_msgs/include/autoware_adapi_v1_msgs/autoware_adapi_v1_msgs/msg/detail/route_state__rosidl_typesupport_fastrtps_c.h
[7.858s] -- Up-to-date symlink: /home/autoware/aichallenge2023-integration-final-main/install/autoware_adapi_v1_msgs/include/autoware_adapi_v1_msgs/autoware_adapi_v1_msgs/msg/detail/steering_factor__rosidl_typesupport_fastrtps_c.h
[7.858s] -- Up-to-date symlink: /home/autoware/aichallenge2023-integration-final-main/install/autoware_adapi_v1_msgs/include/autoware_adapi_v1_msgs/autoware_adapi_v1_msgs/msg/detail/steering_factor_array__rosidl_typesupport_fastrtps_c.h
[7.858s] -- Up-to-date symlink: /home/autoware/aichallenge2023-integration-final-main/install/autoware_adapi_v1_msgs/include/autoware_adapi_v1_msgs/autoware_adapi_v1_msgs/msg/detail/velocity_factor__rosidl_typesupport_fastrtps_c.h
[7.858s] -- Up-to-date symlink: /home/autoware/aichallenge2023-integration-final-main/install/autoware_adapi_v1_msgs/include/autoware_adapi_v1_msgs/autoware_adapi_v1_msgs/msg/detail/velocity_factor_array__rosidl_typesupport_fastrtps_c.h
[7.858s] -- Up-to-date symlink: /home/autoware/aichallenge2023-integration-final-main/install/autoware_adapi_v1_msgs/include/autoware_adapi_v1_msgs/autoware_adapi_v1_msgs/msg/rosidl_typesupport_fastrtps_c__visibility_control.h
[7.858s] -- Up-to-date symlink: /home/autoware/aichallenge2023-integration-final-main/install/autoware_adapi_v1_msgs/include/autoware_adapi_v1_msgs/autoware_adapi_v1_msgs/srv/detail/accept_start__rosidl_typesupport_fastrtps_c.h
[7.858s] -- Up-to-date symlink: /home/autoware/aichallenge2023-integration-final-main/install/autoware_adapi_v1_msgs/include/autoware_adapi_v1_msgs/autoware_adapi_v1_msgs/srv/detail/change_operation_mode__rosidl_typesupport_fastrtps_c.h
[7.858s] -- Up-to-date symlink: /home/autoware/aichallenge2023-integration-final-main/install/autoware_adapi_v1_msgs/include/autoware_adapi_v1_msgs/autoware_adapi_v1_msgs/srv/detail/clear_route__rosidl_typesupport_fastrtps_c.h
[7.859s] -- Up-to-date symlink: /home/autoware/aichallenge2023-integration-final-main/install/autoware_adapi_v1_msgs/include/autoware_adapi_v1_msgs/autoware_adapi_v1_msgs/srv/detail/initialize_localization__rosidl_typesupport_fastrtps_c.h
[7.859s] -- Up-to-date symlink: /home/autoware/aichallenge2023-integration-final-main/install/autoware_adapi_v1_msgs/include/autoware_adapi_v1_msgs/autoware_adapi_v1_msgs/srv/detail/set_route__rosidl_typesupport_fastrtps_c.h
[7.859s] -- Up-to-date symlink: /home/autoware/aichallenge2023-integration-final-main/install/autoware_adapi_v1_msgs/include/autoware_adapi_v1_msgs/autoware_adapi_v1_msgs/srv/detail/set_route_points__rosidl_typesupport_fastrtps_c.h
[7.859s] -- Up-to-date symlink: /home/autoware/aichallenge2023-integration-final-main/install/autoware_adapi_v1_msgs/include/autoware_adapi_v1_msgs/autoware_adapi_v1_msgs/msg/detail/localization_initialization_state__rosidl_typesupport_introspection_c.h
[7.859s] -- Up-to-date symlink: /home/autoware/aichallenge2023-integration-final-main/install/autoware_adapi_v1_msgs/include/autoware_adapi_v1_msgs/autoware_adapi_v1_msgs/msg/detail/motion_state__rosidl_typesupport_introspection_c.h
[7.859s] -- Up-to-date symlink: /home/autoware/aichallenge2023-integration-final-main/install/autoware_adapi_v1_msgs/include/autoware_adapi_v1_msgs/autoware_adapi_v1_msgs/msg/detail/mrm_state__rosidl_typesupport_introspection_c.h
[7.859s] -- Up-to-date symlink: /home/autoware/aichallenge2023-integration-final-main/install/autoware_adapi_v1_msgs/include/autoware_adapi_v1_msgs/autoware_adapi_v1_msgs/msg/detail/operation_mode_state__rosidl_typesupport_introspection_c.h
[7.859s] -- Up-to-date symlink: /home/autoware/aichallenge2023-integration-final-main/install/autoware_adapi_v1_msgs/include/autoware_adapi_v1_msgs/autoware_adapi_v1_msgs/msg/detail/response_status__rosidl_typesupport_introspection_c.h
[7.859s] -- Up-to-date symlink: /home/autoware/aichallenge2023-integration-final-main/install/autoware_adapi_v1_msgs/include/autoware_adapi_v1_msgs/autoware_adapi_v1_msgs/msg/detail/route__rosidl_typesupport_introspection_c.h
[7.859s] -- Up-to-date symlink: /home/autoware/aichallenge2023-integration-final-main/install/autoware_adapi_v1_msgs/include/autoware_adapi_v1_msgs/autoware_adapi_v1_msgs/msg/detail/route_data__rosidl_typesupport_introspection_c.h
[7.859s] -- Up-to-date symlink: /home/autoware/aichallenge2023-integration-final-main/install/autoware_adapi_v1_msgs/include/autoware_adapi_v1_msgs/autoware_adapi_v1_msgs/msg/detail/route_primitive__rosidl_typesupport_introspection_c.h
[7.859s] -- Up-to-date symlink: /home/autoware/aichallenge2023-integration-final-main/install/autoware_adapi_v1_msgs/include/autoware_adapi_v1_msgs/autoware_adapi_v1_msgs/msg/detail/route_segment__rosidl_typesupport_introspection_c.h
[7.859s] -- Up-to-date symlink: /home/autoware/aichallenge2023-integration-final-main/install/autoware_adapi_v1_msgs/include/autoware_adapi_v1_msgs/autoware_adapi_v1_msgs/msg/detail/route_state__rosidl_typesupport_introspection_c.h
[7.859s] -- Up-to-date symlink: /home/autoware/aichallenge2023-integration-final-main/install/autoware_adapi_v1_msgs/include/autoware_adapi_v1_msgs/autoware_adapi_v1_msgs/msg/detail/steering_factor__rosidl_typesupport_introspection_c.h
[7.859s] -- Up-to-date symlink: /home/autoware/aichallenge2023-integration-final-main/install/autoware_adapi_v1_msgs/include/autoware_adapi_v1_msgs/autoware_adapi_v1_msgs/msg/detail/steering_factor_array__rosidl_typesupport_introspection_c.h
[7.860s] -- Up-to-date symlink: /home/autoware/aichallenge2023-integration-final-main/install/autoware_adapi_v1_msgs/include/autoware_adapi_v1_msgs/autoware_adapi_v1_msgs/msg/detail/velocity_factor__rosidl_typesupport_introspection_c.h
[7.860s] -- Up-to-date symlink: /home/autoware/aichallenge2023-integration-final-main/install/autoware_adapi_v1_msgs/include/autoware_adapi_v1_msgs/autoware_adapi_v1_msgs/msg/detail/velocity_factor_array__rosidl_typesupport_introspection_c.h
[7.860s] -- Up-to-date symlink: /home/autoware/aichallenge2023-integration-final-main/install/autoware_adapi_v1_msgs/include/autoware_adapi_v1_msgs/autoware_adapi_v1_msgs/msg/rosidl_typesupport_introspection_c__visibility_control.h
[7.860s] -- Up-to-date symlink: /home/autoware/aichallenge2023-integration-final-main/install/autoware_adapi_v1_msgs/include/autoware_adapi_v1_msgs/autoware_adapi_v1_msgs/srv/detail/accept_start__rosidl_typesupport_introspection_c.h
[7.860s] -- Up-to-date symlink: /home/autoware/aichallenge2023-integration-final-main/install/autoware_adapi_v1_msgs/include/autoware_adapi_v1_msgs/autoware_adapi_v1_msgs/srv/detail/change_operation_mode__rosidl_typesupport_introspection_c.h
[7.860s] -- Up-to-date symlink: /home/autoware/aichallenge2023-integration-final-main/install/autoware_adapi_v1_msgs/include/autoware_adapi_v1_msgs/autoware_adapi_v1_msgs/srv/detail/clear_route__rosidl_typesupport_introspection_c.h
[7.860s] -- Up-to-date symlink: /home/autoware/aichallenge2023-integration-final-main/install/autoware_adapi_v1_msgs/include/autoware_adapi_v1_msgs/autoware_adapi_v1_msgs/srv/detail/initialize_localization__rosidl_typesupport_introspection_c.h
[7.860s] -- Up-to-date symlink: /home/autoware/aichallenge2023-integration-final-main/install/autoware_adapi_v1_msgs/include/autoware_adapi_v1_msgs/autoware_adapi_v1_msgs/srv/detail/set_route__rosidl_typesupport_introspection_c.h
[7.860s] -- Up-to-date symlink: /home/autoware/aichallenge2023-integration-final-main/install/autoware_adapi_v1_msgs/include/autoware_adapi_v1_msgs/autoware_adapi_v1_msgs/srv/detail/set_route_points__rosidl_typesupport_introspection_c.h
[7.860s] -- Up-to-date symlink: /home/autoware/aichallenge2023-integration-final-main/install/autoware_adapi_v1_msgs/include/autoware_adapi_v1_msgs/autoware_adapi_v1_msgs/msg/detail/localization_initialization_state__builder.hpp
[7.860s] -- Up-to-date symlink: /home/autoware/aichallenge2023-integration-final-main/install/autoware_adapi_v1_msgs/include/autoware_adapi_v1_msgs/autoware_adapi_v1_msgs/msg/detail/localization_initialization_state__struct.hpp
[7.861s] -- Up-to-date symlink: /home/autoware/aichallenge2023-integration-final-main/install/autoware_adapi_v1_msgs/include/autoware_adapi_v1_msgs/autoware_adapi_v1_msgs/msg/detail/localization_initialization_state__traits.hpp
[7.861s] -- Up-to-date symlink: /home/autoware/aichallenge2023-integration-final-main/install/autoware_adapi_v1_msgs/include/autoware_adapi_v1_msgs/autoware_adapi_v1_msgs/msg/detail/motion_state__builder.hpp
[7.861s] -- Up-to-date symlink: /home/autoware/aichallenge2023-integration-final-main/install/autoware_adapi_v1_msgs/include/autoware_adapi_v1_msgs/autoware_adapi_v1_msgs/msg/detail/motion_state__struct.hpp
[7.861s] -- Up-to-date symlink: /home/autoware/aichallenge2023-integration-final-main/install/autoware_adapi_v1_msgs/include/autoware_adapi_v1_msgs/autoware_adapi_v1_msgs/msg/detail/motion_state__traits.hpp
[7.861s] -- Up-to-date symlink: /home/autoware/aichallenge2023-integration-final-main/install/autoware_adapi_v1_msgs/include/autoware_adapi_v1_msgs/autoware_adapi_v1_msgs/msg/detail/mrm_state__builder.hpp
[7.861s] -- Up-to-date symlink: /home/autoware/aichallenge2023-integration-final-main/install/autoware_adapi_v1_msgs/include/autoware_adapi_v1_msgs/autoware_adapi_v1_msgs/msg/detail/mrm_state__struct.hpp
[7.862s] -- Up-to-date symlink: /home/autoware/aichallenge2023-integration-final-main/install/autoware_adapi_v1_msgs/include/autoware_adapi_v1_msgs/autoware_adapi_v1_msgs/msg/detail/mrm_state__traits.hpp
[7.862s] -- Up-to-date symlink: /home/autoware/aichallenge2023-integration-final-main/install/autoware_adapi_v1_msgs/include/autoware_adapi_v1_msgs/autoware_adapi_v1_msgs/msg/detail/operation_mode_state__builder.hpp
[7.862s] -- Up-to-date symlink: /home/autoware/aichallenge2023-integration-final-main/install/autoware_adapi_v1_msgs/include/autoware_adapi_v1_msgs/autoware_adapi_v1_msgs/msg/detail/operation_mode_state__struct.hpp
[7.862s] -- Up-to-date symlink: /home/autoware/aichallenge2023-integration-final-main/install/autoware_adapi_v1_msgs/include/autoware_adapi_v1_msgs/autoware_adapi_v1_msgs/msg/detail/operation_mode_state__traits.hpp
[7.862s] -- Up-to-date symlink: /home/autoware/aichallenge2023-integration-final-main/install/autoware_adapi_v1_msgs/include/autoware_adapi_v1_msgs/autoware_adapi_v1_msgs/msg/detail/response_status__builder.hpp
[7.862s] -- Up-to-date symlink: /home/autoware/aichallenge2023-integration-final-main/install/autoware_adapi_v1_msgs/include/autoware_adapi_v1_msgs/autoware_adapi_v1_msgs/msg/detail/response_status__struct.hpp
[7.863s] -- Up-to-date symlink: /home/autoware/aichallenge2023-integration-final-main/install/autoware_adapi_v1_msgs/include/autoware_adapi_v1_msgs/autoware_adapi_v1_msgs/msg/detail/response_status__traits.hpp
[7.863s] -- Up-to-date symlink: /home/autoware/aichallenge2023-integration-final-main/install/autoware_adapi_v1_msgs/include/autoware_adapi_v1_msgs/autoware_adapi_v1_msgs/msg/detail/route__builder.hpp
[7.863s] -- Up-to-date symlink: /home/autoware/aichallenge2023-integration-final-main/install/autoware_adapi_v1_msgs/include/autoware_adapi_v1_msgs/autoware_adapi_v1_msgs/msg/detail/route__struct.hpp
[7.863s] -- Up-to-date symlink: /home/autoware/aichallenge2023-integration-final-main/install/autoware_adapi_v1_msgs/include/autoware_adapi_v1_msgs/autoware_adapi_v1_msgs/msg/detail/route__traits.hpp
[7.863s] -- Up-to-date symlink: /home/autoware/aichallenge2023-integration-final-main/install/autoware_adapi_v1_msgs/include/autoware_adapi_v1_msgs/autoware_adapi_v1_msgs/msg/detail/route_data__builder.hpp
[7.863s] -- Up-to-date symlink: /home/autoware/aichallenge2023-integration-final-main/install/autoware_adapi_v1_msgs/include/autoware_adapi_v1_msgs/autoware_adapi_v1_msgs/msg/detail/route_data__struct.hpp
[7.863s] -- Up-to-date symlink: /home/autoware/aichallenge2023-integration-final-main/install/autoware_adapi_v1_msgs/include/autoware_adapi_v1_msgs/autoware_adapi_v1_msgs/msg/detail/route_data__traits.hpp
[7.864s] -- Up-to-date symlink: /home/autoware/aichallenge2023-integration-final-main/install/autoware_adapi_v1_msgs/include/autoware_adapi_v1_msgs/autoware_adapi_v1_msgs/msg/detail/route_primitive__builder.hpp
[7.864s] -- Up-to-date symlink: /home/autoware/aichallenge2023-integration-final-main/install/autoware_adapi_v1_msgs/include/autoware_adapi_v1_msgs/autoware_adapi_v1_msgs/msg/detail/route_primitive__struct.hpp
[7.864s] -- Up-to-date symlink: /home/autoware/aichallenge2023-integration-final-main/install/autoware_adapi_v1_msgs/include/autoware_adapi_v1_msgs/autoware_adapi_v1_msgs/msg/detail/route_primitive__traits.hpp
[7.864s] -- Up-to-date symlink: /home/autoware/aichallenge2023-integration-final-main/install/autoware_adapi_v1_msgs/include/autoware_adapi_v1_msgs/autoware_adapi_v1_msgs/msg/detail/route_segment__builder.hpp
[7.864s] -- Up-to-date symlink: /home/autoware/aichallenge2023-integration-final-main/install/autoware_adapi_v1_msgs/include/autoware_adapi_v1_msgs/autoware_adapi_v1_msgs/msg/detail/route_segment__struct.hpp
[7.864s] -- Up-to-date symlink: /home/autoware/aichallenge2023-integration-final-main/install/autoware_adapi_v1_msgs/include/autoware_adapi_v1_msgs/autoware_adapi_v1_msgs/msg/detail/route_segment__traits.hpp
[7.875s] -- Up-to-date symlink: /home/autoware/aichallenge2023-integration-final-main/install/autoware_adapi_v1_msgs/include/autoware_adapi_v1_msgs/autoware_adapi_v1_msgs/msg/detail/route_state__builder.hpp
[7.875s] -- Up-to-date symlink: /home/autoware/aichallenge2023-integration-final-main/install/autoware_adapi_v1_msgs/include/autoware_adapi_v1_msgs/autoware_adapi_v1_msgs/msg/detail/route_state__struct.hpp
[7.876s] -- Up-to-date symlink: /home/autoware/aichallenge2023-integration-final-main/install/autoware_adapi_v1_msgs/include/autoware_adapi_v1_msgs/autoware_adapi_v1_msgs/msg/detail/route_state__traits.hpp
[7.876s] -- Up-to-date symlink: /home/autoware/aichallenge2023-integration-final-main/install/autoware_adapi_v1_msgs/include/autoware_adapi_v1_msgs/autoware_adapi_v1_msgs/msg/detail/steering_factor__builder.hpp
[7.876s] -- Up-to-date symlink: /home/autoware/aichallenge2023-integration-final-main/install/autoware_adapi_v1_msgs/include/autoware_adapi_v1_msgs/autoware_adapi_v1_msgs/msg/detail/steering_factor__struct.hpp
[7.876s] -- Up-to-date symlink: /home/autoware/aichallenge2023-integration-final-main/install/autoware_adapi_v1_msgs/include/autoware_adapi_v1_msgs/autoware_adapi_v1_msgs/msg/detail/steering_factor__traits.hpp
[7.876s] -- Up-to-date symlink: /home/autoware/aichallenge2023-integration-final-main/install/autoware_adapi_v1_msgs/include/autoware_adapi_v1_msgs/autoware_adapi_v1_msgs/msg/detail/steering_factor_array__builder.hpp
[7.876s] -- Up-to-date symlink: /home/autoware/aichallenge2023-integration-final-main/install/autoware_adapi_v1_msgs/include/autoware_adapi_v1_msgs/autoware_adapi_v1_msgs/msg/detail/steering_factor_array__struct.hpp
[7.876s] -- Up-to-date symlink: /home/autoware/aichallenge2023-integration-final-main/install/autoware_adapi_v1_msgs/include/autoware_adapi_v1_msgs/autoware_adapi_v1_msgs/msg/detail/steering_factor_array__traits.hpp
[7.876s] -- Up-to-date symlink: /home/autoware/aichallenge2023-integration-final-main/install/autoware_adapi_v1_msgs/include/autoware_adapi_v1_msgs/autoware_adapi_v1_msgs/msg/detail/velocity_factor__builder.hpp
[7.876s] -- Up-to-date symlink: /home/autoware/aichallenge2023-integration-final-main/install/autoware_adapi_v1_msgs/include/autoware_adapi_v1_msgs/autoware_adapi_v1_msgs/msg/detail/velocity_factor__struct.hpp
[7.876s] -- Up-to-date symlink: /home/autoware/aichallenge2023-integration-final-main/install/autoware_adapi_v1_msgs/include/autoware_adapi_v1_msgs/autoware_adapi_v1_msgs/msg/detail/velocity_factor__traits.hpp
[7.876s] -- Up-to-date symlink: /home/autoware/aichallenge2023-integration-final-main/install/autoware_adapi_v1_msgs/include/autoware_adapi_v1_msgs/autoware_adapi_v1_msgs/msg/detail/velocity_factor_array__builder.hpp
[7.876s] -- Up-to-date symlink: /home/autoware/aichallenge2023-integration-final-main/install/autoware_adapi_v1_msgs/include/autoware_adapi_v1_msgs/autoware_adapi_v1_msgs/msg/detail/velocity_factor_array__struct.hpp
[7.876s] -- Up-to-date symlink: /home/autoware/aichallenge2023-integration-final-main/install/autoware_adapi_v1_msgs/include/autoware_adapi_v1_msgs/autoware_adapi_v1_msgs/msg/detail/velocity_factor_array__traits.hpp
[7.876s] -- Up-to-date symlink: /home/autoware/aichallenge2023-integration-final-main/install/autoware_adapi_v1_msgs/include/autoware_adapi_v1_msgs/autoware_adapi_v1_msgs/msg/localization_initialization_state.hpp
[7.877s] -- Up-to-date symlink: /home/autoware/aichallenge2023-integration-final-main/install/autoware_adapi_v1_msgs/include/autoware_adapi_v1_msgs/autoware_adapi_v1_msgs/msg/motion_state.hpp
[7.877s] -- Up-to-date symlink: /home/autoware/aichallenge2023-integration-final-main/install/autoware_adapi_v1_msgs/include/autoware_adapi_v1_msgs/autoware_adapi_v1_msgs/msg/mrm_state.hpp
[7.877s] -- Up-to-date symlink: /home/autoware/aichallenge2023-integration-final-main/install/autoware_adapi_v1_msgs/include/autoware_adapi_v1_msgs/autoware_adapi_v1_msgs/msg/operation_mode_state.hpp
[7.877s] -- Up-to-date symlink: /home/autoware/aichallenge2023-integration-final-main/install/autoware_adapi_v1_msgs/include/autoware_adapi_v1_msgs/autoware_adapi_v1_msgs/msg/response_status.hpp
[7.877s] -- Up-to-date symlink: /home/autoware/aichallenge2023-integration-final-main/install/autoware_adapi_v1_msgs/include/autoware_adapi_v1_msgs/autoware_adapi_v1_msgs/msg/route.hpp
[7.877s] -- Up-to-date symlink: /home/autoware/aichallenge2023-integration-final-main/install/autoware_adapi_v1_msgs/include/autoware_adapi_v1_msgs/autoware_adapi_v1_msgs/msg/route_data.hpp
[7.877s] -- Up-to-date symlink: /home/autoware/aichallenge2023-integration-final-main/install/autoware_adapi_v1_msgs/include/autoware_adapi_v1_msgs/autoware_adapi_v1_msgs/msg/route_primitive.hpp
[7.877s] -- Up-to-date symlink: /home/autoware/aichallenge2023-integration-final-main/install/autoware_adapi_v1_msgs/include/autoware_adapi_v1_msgs/autoware_adapi_v1_msgs/msg/route_segment.hpp
[7.877s] -- Up-to-date symlink: /home/autoware/aichallenge2023-integration-final-main/install/autoware_adapi_v1_msgs/include/autoware_adapi_v1_msgs/autoware_adapi_v1_msgs/msg/route_state.hpp
[7.877s] -- Up-to-date symlink: /home/autoware/aichallenge2023-integration-final-main/install/autoware_adapi_v1_msgs/include/autoware_adapi_v1_msgs/autoware_adapi_v1_msgs/msg/steering_factor.hpp
[7.877s] -- Up-to-date symlink: /home/autoware/aichallenge2023-integration-final-main/install/autoware_adapi_v1_msgs/include/autoware_adapi_v1_msgs/autoware_adapi_v1_msgs/msg/steering_factor_array.hpp
[7.877s] -- Up-to-date symlink: /home/autoware/aichallenge2023-integration-final-main/install/autoware_adapi_v1_msgs/include/autoware_adapi_v1_msgs/autoware_adapi_v1_msgs/msg/velocity_factor.hpp
[7.877s] -- Up-to-date symlink: /home/autoware/aichallenge2023-integration-final-main/install/autoware_adapi_v1_msgs/include/autoware_adapi_v1_msgs/autoware_adapi_v1_msgs/msg/velocity_factor_array.hpp
[7.878s] -- Up-to-date symlink: /home/autoware/aichallenge2023-integration-final-main/install/autoware_adapi_v1_msgs/include/autoware_adapi_v1_msgs/autoware_adapi_v1_msgs/srv/accept_start.hpp
[7.878s] -- Up-to-date symlink: /home/autoware/aichallenge2023-integration-final-main/install/autoware_adapi_v1_msgs/include/autoware_adapi_v1_msgs/autoware_adapi_v1_msgs/srv/change_operation_mode.hpp
[7.878s] -- Up-to-date symlink: /home/autoware/aichallenge2023-integration-final-main/install/autoware_adapi_v1_msgs/include/autoware_adapi_v1_msgs/autoware_adapi_v1_msgs/srv/clear_route.hpp
[7.878s] -- Up-to-date symlink: /home/autoware/aichallenge2023-integration-final-main/install/autoware_adapi_v1_msgs/include/autoware_adapi_v1_msgs/autoware_adapi_v1_msgs/srv/detail/accept_start__builder.hpp
[7.878s] -- Up-to-date symlink: /home/autoware/aichallenge2023-integration-final-main/install/autoware_adapi_v1_msgs/include/autoware_adapi_v1_msgs/autoware_adapi_v1_msgs/srv/detail/accept_start__struct.hpp
[7.878s] -- Up-to-date symlink: /home/autoware/aichallenge2023-integration-final-main/install/autoware_adapi_v1_msgs/include/autoware_adapi_v1_msgs/autoware_adapi_v1_msgs/srv/detail/accept_start__traits.hpp
[7.878s] -- Up-to-date symlink: /home/autoware/aichallenge2023-integration-final-main/install/autoware_adapi_v1_msgs/include/autoware_adapi_v1_msgs/autoware_adapi_v1_msgs/srv/detail/change_operation_mode__builder.hpp
[7.878s] -- Up-to-date symlink: /home/autoware/aichallenge2023-integration-final-main/install/autoware_adapi_v1_msgs/include/autoware_adapi_v1_msgs/autoware_adapi_v1_msgs/srv/detail/change_operation_mode__struct.hpp
[7.878s] -- Up-to-date symlink: /home/autoware/aichallenge2023-integration-final-main/install/autoware_adapi_v1_msgs/include/autoware_adapi_v1_msgs/autoware_adapi_v1_msgs/srv/detail/change_operation_mode__traits.hpp
[7.878s] -- Up-to-date symlink: /home/autoware/aichallenge2023-integration-final-main/install/autoware_adapi_v1_msgs/include/autoware_adapi_v1_msgs/autoware_adapi_v1_msgs/srv/detail/clear_route__builder.hpp
[7.878s] -- Up-to-date symlink: /home/autoware/aichallenge2023-integration-final-main/install/autoware_adapi_v1_msgs/include/autoware_adapi_v1_msgs/autoware_adapi_v1_msgs/srv/detail/clear_route__struct.hpp
[7.878s] -- Up-to-date symlink: /home/autoware/aichallenge2023-integration-final-main/install/autoware_adapi_v1_msgs/include/autoware_adapi_v1_msgs/autoware_adapi_v1_msgs/srv/detail/clear_route__traits.hpp
[7.878s] -- Up-to-date symlink: /home/autoware/aichallenge2023-integration-final-main/install/autoware_adapi_v1_msgs/include/autoware_adapi_v1_msgs/autoware_adapi_v1_msgs/srv/detail/initialize_localization__builder.hpp
[7.878s] -- Up-to-date symlink: /home/autoware/aichallenge2023-integration-final-main/install/autoware_adapi_v1_msgs/include/autoware_adapi_v1_msgs/autoware_adapi_v1_msgs/srv/detail/initialize_localization__struct.hpp
[7.878s] -- Up-to-date symlink: /home/autoware/aichallenge2023-integration-final-main/install/autoware_adapi_v1_msgs/include/autoware_adapi_v1_msgs/autoware_adapi_v1_msgs/srv/detail/initialize_localization__traits.hpp
[7.878s] -- Up-to-date symlink: /home/autoware/aichallenge2023-integration-final-main/install/autoware_adapi_v1_msgs/include/autoware_adapi_v1_msgs/autoware_adapi_v1_msgs/srv/detail/set_route__builder.hpp
[7.879s] -- Up-to-date symlink: /home/autoware/aichallenge2023-integration-final-main/install/autoware_adapi_v1_msgs/include/autoware_adapi_v1_msgs/autoware_adapi_v1_msgs/srv/detail/set_route__struct.hpp
[7.879s] -- Up-to-date symlink: /home/autoware/aichallenge2023-integration-final-main/install/autoware_adapi_v1_msgs/include/autoware_adapi_v1_msgs/autoware_adapi_v1_msgs/srv/detail/set_route__traits.hpp
[7.879s] -- Up-to-date symlink: /home/autoware/aichallenge2023-integration-final-main/install/autoware_adapi_v1_msgs/include/autoware_adapi_v1_msgs/autoware_adapi_v1_msgs/srv/detail/set_route_points__builder.hpp
[7.879s] -- Up-to-date symlink: /home/autoware/aichallenge2023-integration-final-main/install/autoware_adapi_v1_msgs/include/autoware_adapi_v1_msgs/autoware_adapi_v1_msgs/srv/detail/set_route_points__struct.hpp
[7.879s] -- Up-to-date symlink: /home/autoware/aichallenge2023-integration-final-main/install/autoware_adapi_v1_msgs/include/autoware_adapi_v1_msgs/autoware_adapi_v1_msgs/srv/detail/set_route_points__traits.hpp
[7.879s] -- Up-to-date symlink: /home/autoware/aichallenge2023-integration-final-main/install/autoware_adapi_v1_msgs/include/autoware_adapi_v1_msgs/autoware_adapi_v1_msgs/srv/initialize_localization.hpp
[7.879s] -- Up-to-date symlink: /home/autoware/aichallenge2023-integration-final-main/install/autoware_adapi_v1_msgs/include/autoware_adapi_v1_msgs/autoware_adapi_v1_msgs/srv/set_route.hpp
[7.879s] -- Up-to-date symlink: /home/autoware/aichallenge2023-integration-final-main/install/autoware_adapi_v1_msgs/include/autoware_adapi_v1_msgs/autoware_adapi_v1_msgs/srv/set_route_points.hpp
[7.879s] -- Up-to-date symlink: /home/autoware/aichallenge2023-integration-final-main/install/autoware_adapi_v1_msgs/include/autoware_adapi_v1_msgs/autoware_adapi_v1_msgs/msg/detail/localization_initialization_state__rosidl_typesupport_fastrtps_cpp.hpp
[7.879s] -- Up-to-date symlink: /home/autoware/aichallenge2023-integration-final-main/install/autoware_adapi_v1_msgs/include/autoware_adapi_v1_msgs/autoware_adapi_v1_msgs/msg/detail/motion_state__rosidl_typesupport_fastrtps_cpp.hpp
[7.879s] -- Up-to-date symlink: /home/autoware/aichallenge2023-integration-final-main/install/autoware_adapi_v1_msgs/include/autoware_adapi_v1_msgs/autoware_adapi_v1_msgs/msg/detail/mrm_state__rosidl_typesupport_fastrtps_cpp.hpp
[7.879s] -- Up-to-date symlink: /home/autoware/aichallenge2023-integration-final-main/install/autoware_adapi_v1_msgs/include/autoware_adapi_v1_msgs/autoware_adapi_v1_msgs/msg/detail/operation_mode_state__rosidl_typesupport_fastrtps_cpp.hpp
[7.879s] -- Up-to-date symlink: /home/autoware/aichallenge2023-integration-final-main/install/autoware_adapi_v1_msgs/include/autoware_adapi_v1_msgs/autoware_adapi_v1_msgs/msg/detail/response_status__rosidl_typesupport_fastrtps_cpp.hpp
[7.879s] -- Up-to-date symlink: /home/autoware/aichallenge2023-integration-final-main/install/autoware_adapi_v1_msgs/include/autoware_adapi_v1_msgs/autoware_adapi_v1_msgs/msg/detail/route__rosidl_typesupport_fastrtps_cpp.hpp
[7.880s] -- Up-to-date symlink: /home/autoware/aichallenge2023-integration-final-main/install/autoware_adapi_v1_msgs/include/autoware_adapi_v1_msgs/autoware_adapi_v1_msgs/msg/detail/route_data__rosidl_typesupport_fastrtps_cpp.hpp
[7.880s] -- Up-to-date symlink: /home/autoware/aichallenge2023-integration-final-main/install/autoware_adapi_v1_msgs/include/autoware_adapi_v1_msgs/autoware_adapi_v1_msgs/msg/detail/route_primitive__rosidl_typesupport_fastrtps_cpp.hpp
[7.880s] -- Up-to-date symlink: /home/autoware/aichallenge2023-integration-final-main/install/autoware_adapi_v1_msgs/include/autoware_adapi_v1_msgs/autoware_adapi_v1_msgs/msg/detail/route_segment__rosidl_typesupport_fastrtps_cpp.hpp
[7.880s] -- Up-to-date symlink: /home/autoware/aichallenge2023-integration-final-main/install/autoware_adapi_v1_msgs/include/autoware_adapi_v1_msgs/autoware_adapi_v1_msgs/msg/detail/route_state__rosidl_typesupport_fastrtps_cpp.hpp
[7.880s] -- Up-to-date symlink: /home/autoware/aichallenge2023-integration-final-main/install/autoware_adapi_v1_msgs/include/autoware_adapi_v1_msgs/autoware_adapi_v1_msgs/msg/detail/steering_factor__rosidl_typesupport_fastrtps_cpp.hpp
[7.880s] -- Up-to-date symlink: /home/autoware/aichallenge2023-integration-final-main/install/autoware_adapi_v1_msgs/include/autoware_adapi_v1_msgs/autoware_adapi_v1_msgs/msg/detail/steering_factor_array__rosidl_typesupport_fastrtps_cpp.hpp
[7.880s] -- Up-to-date symlink: /home/autoware/aichallenge2023-integration-final-main/install/autoware_adapi_v1_msgs/include/autoware_adapi_v1_msgs/autoware_adapi_v1_msgs/msg/detail/velocity_factor__rosidl_typesupport_fastrtps_cpp.hpp
[7.880s] -- Up-to-date symlink: /home/autoware/aichallenge2023-integration-final-main/install/autoware_adapi_v1_msgs/include/autoware_adapi_v1_msgs/autoware_adapi_v1_msgs/msg/detail/velocity_factor_array__rosidl_typesupport_fastrtps_cpp.hpp
[7.880s] -- Up-to-date symlink: /home/autoware/aichallenge2023-integration-final-main/install/autoware_adapi_v1_msgs/include/autoware_adapi_v1_msgs/autoware_adapi_v1_msgs/msg/rosidl_typesupport_fastrtps_cpp__visibility_control.h
[7.880s] -- Up-to-date symlink: /home/autoware/aichallenge2023-integration-final-main/install/autoware_adapi_v1_msgs/include/autoware_adapi_v1_msgs/autoware_adapi_v1_msgs/srv/detail/accept_start__rosidl_typesupport_fastrtps_cpp.hpp
[7.880s] -- Up-to-date symlink: /home/autoware/aichallenge2023-integration-final-main/install/autoware_adapi_v1_msgs/include/autoware_adapi_v1_msgs/autoware_adapi_v1_msgs/srv/detail/change_operation_mode__rosidl_typesupport_fastrtps_cpp.hpp
[7.880s] -- Up-to-date symlink: /home/autoware/aichallenge2023-integration-final-main/install/autoware_adapi_v1_msgs/include/autoware_adapi_v1_msgs/autoware_adapi_v1_msgs/srv/detail/clear_route__rosidl_typesupport_fastrtps_cpp.hpp
[7.880s] -- Up-to-date symlink: /home/autoware/aichallenge2023-integration-final-main/install/autoware_adapi_v1_msgs/include/autoware_adapi_v1_msgs/autoware_adapi_v1_msgs/srv/detail/initialize_localization__rosidl_typesupport_fastrtps_cpp.hpp
[7.880s] -- Up-to-date symlink: /home/autoware/aichallenge2023-integration-final-main/install/autoware_adapi_v1_msgs/include/autoware_adapi_v1_msgs/autoware_adapi_v1_msgs/srv/detail/set_route__rosidl_typesupport_fastrtps_cpp.hpp
[7.881s] -- Up-to-date symlink: /home/autoware/aichallenge2023-integration-final-main/install/autoware_adapi_v1_msgs/include/autoware_adapi_v1_msgs/autoware_adapi_v1_msgs/srv/detail/set_route_points__rosidl_typesupport_fastrtps_cpp.hpp
[7.881s] -- Up-to-date symlink: /home/autoware/aichallenge2023-integration-final-main/install/autoware_adapi_v1_msgs/include/autoware_adapi_v1_msgs/autoware_adapi_v1_msgs/msg/detail/localization_initialization_state__rosidl_typesupport_introspection_cpp.hpp
[7.881s] -- Up-to-date symlink: /home/autoware/aichallenge2023-integration-final-main/install/autoware_adapi_v1_msgs/include/autoware_adapi_v1_msgs/autoware_adapi_v1_msgs/msg/detail/motion_state__rosidl_typesupport_introspection_cpp.hpp
[7.881s] -- Up-to-date symlink: /home/autoware/aichallenge2023-integration-final-main/install/autoware_adapi_v1_msgs/include/autoware_adapi_v1_msgs/autoware_adapi_v1_msgs/msg/detail/mrm_state__rosidl_typesupport_introspection_cpp.hpp
[7.881s] -- Up-to-date symlink: /home/autoware/aichallenge2023-integration-final-main/install/autoware_adapi_v1_msgs/include/autoware_adapi_v1_msgs/autoware_adapi_v1_msgs/msg/detail/operation_mode_state__rosidl_typesupport_introspection_cpp.hpp
[7.881s] -- Up-to-date symlink: /home/autoware/aichallenge2023-integration-final-main/install/autoware_adapi_v1_msgs/include/autoware_adapi_v1_msgs/autoware_adapi_v1_msgs/msg/detail/response_status__rosidl_typesupport_introspection_cpp.hpp
[7.881s] -- Up-to-date symlink: /home/autoware/aichallenge2023-integration-final-main/install/autoware_adapi_v1_msgs/include/autoware_adapi_v1_msgs/autoware_adapi_v1_msgs/msg/detail/route__rosidl_typesupport_introspection_cpp.hpp
[7.881s] -- Up-to-date symlink: /home/autoware/aichallenge2023-integration-final-main/install/autoware_adapi_v1_msgs/include/autoware_adapi_v1_msgs/autoware_adapi_v1_msgs/msg/detail/route_data__rosidl_typesupport_introspection_cpp.hpp
[7.881s] -- Up-to-date symlink: /home/autoware/aichallenge2023-integration-final-main/install/autoware_adapi_v1_msgs/include/autoware_adapi_v1_msgs/autoware_adapi_v1_msgs/msg/detail/route_primitive__rosidl_typesupport_introspection_cpp.hpp
[7.881s] -- Up-to-date symlink: /home/autoware/aichallenge2023-integration-final-main/install/autoware_adapi_v1_msgs/include/autoware_adapi_v1_msgs/autoware_adapi_v1_msgs/msg/detail/route_segment__rosidl_typesupport_introspection_cpp.hpp
[7.881s] -- Up-to-date symlink: /home/autoware/aichallenge2023-integration-final-main/install/autoware_adapi_v1_msgs/include/autoware_adapi_v1_msgs/autoware_adapi_v1_msgs/msg/detail/route_state__rosidl_typesupport_introspection_cpp.hpp
[7.881s] -- Up-to-date symlink: /home/autoware/aichallenge2023-integration-final-main/install/autoware_adapi_v1_msgs/include/autoware_adapi_v1_msgs/autoware_adapi_v1_msgs/msg/detail/steering_factor__rosidl_typesupport_introspection_cpp.hpp
[7.881s] -- Up-to-date symlink: /home/autoware/aichallenge2023-integration-final-main/install/autoware_adapi_v1_msgs/include/autoware_adapi_v1_msgs/autoware_adapi_v1_msgs/msg/detail/steering_factor_array__rosidl_typesupport_introspection_cpp.hpp
[7.882s] -- Up-to-date symlink: /home/autoware/aichallenge2023-integration-final-main/install/autoware_adapi_v1_msgs/include/autoware_adapi_v1_msgs/autoware_adapi_v1_msgs/msg/detail/velocity_factor__rosidl_typesupport_introspection_cpp.hpp
[7.882s] -- Up-to-date symlink: /home/autoware/aichallenge2023-integration-final-main/install/autoware_adapi_v1_msgs/include/autoware_adapi_v1_msgs/autoware_adapi_v1_msgs/msg/detail/velocity_factor_array__rosidl_typesupport_introspection_cpp.hpp
[7.882s] -- Up-to-date symlink: /home/autoware/aichallenge2023-integration-final-main/install/autoware_adapi_v1_msgs/include/autoware_adapi_v1_msgs/autoware_adapi_v1_msgs/srv/detail/accept_start__rosidl_typesupport_introspection_cpp.hpp
[7.882s] -- Up-to-date symlink: /home/autoware/aichallenge2023-integration-final-main/install/autoware_adapi_v1_msgs/include/autoware_adapi_v1_msgs/autoware_adapi_v1_msgs/srv/detail/change_operation_mode__rosidl_typesupport_introspection_cpp.hpp
[7.882s] -- Up-to-date symlink: /home/autoware/aichallenge2023-integration-final-main/install/autoware_adapi_v1_msgs/include/autoware_adapi_v1_msgs/autoware_adapi_v1_msgs/srv/detail/clear_route__rosidl_typesupport_introspection_cpp.hpp
[7.882s] -- Up-to-date symlink: /home/autoware/aichallenge2023-integration-final-main/install/autoware_adapi_v1_msgs/include/autoware_adapi_v1_msgs/autoware_adapi_v1_msgs/srv/detail/initialize_localization__rosidl_typesupport_introspection_cpp.hpp
[7.883s] -- Up-to-date symlink: /home/autoware/aichallenge2023-integration-final-main/install/autoware_adapi_v1_msgs/include/autoware_adapi_v1_msgs/autoware_adapi_v1_msgs/srv/detail/set_route__rosidl_typesupport_introspection_cpp.hpp
[7.883s] -- Up-to-date symlink: /home/autoware/aichallenge2023-integration-final-main/install/autoware_adapi_v1_msgs/include/autoware_adapi_v1_msgs/autoware_adapi_v1_msgs/srv/detail/set_route_points__rosidl_typesupport_introspection_cpp.hpp
[7.883s] -- Up-to-date symlink: /home/autoware/aichallenge2023-integration-final-main/install/autoware_adapi_v1_msgs/share/autoware_adapi_v1_msgs/environment/pythonpath.sh
[7.883s] -- Up-to-date symlink: /home/autoware/aichallenge2023-integration-final-main/install/autoware_adapi_v1_msgs/share/autoware_adapi_v1_msgs/environment/pythonpath.dsv
[7.883s] -- Up-to-date symlink: /home/autoware/aichallenge2023-integration-final-main/install/autoware_adapi_v1_msgs/local/lib/python3.10/dist-packages/autoware_adapi_v1_msgs-0.0.0-py3.10.egg-info/PKG-INFO
[7.883s] -- Up-to-date symlink: /home/autoware/aichallenge2023-integration-final-main/install/autoware_adapi_v1_msgs/local/lib/python3.10/dist-packages/autoware_adapi_v1_msgs-0.0.0-py3.10.egg-info/SOURCES.txt
[7.883s] -- Up-to-date symlink: /home/autoware/aichallenge2023-integration-final-main/install/autoware_adapi_v1_msgs/local/lib/python3.10/dist-packages/autoware_adapi_v1_msgs-0.0.0-py3.10.egg-info/dependency_links.txt
[7.883s] -- Up-to-date symlink: /home/autoware/aichallenge2023-integration-final-main/install/autoware_adapi_v1_msgs/local/lib/python3.10/dist-packages/autoware_adapi_v1_msgs-0.0.0-py3.10.egg-info/top_level.txt
[7.883s] -- Up-to-date symlink: /home/autoware/aichallenge2023-integration-final-main/install/autoware_adapi_v1_msgs/local/lib/python3.10/dist-packages/autoware_adapi_v1_msgs/__init__.py
[7.883s] -- Up-to-date symlink: /home/autoware/aichallenge2023-integration-final-main/install/autoware_adapi_v1_msgs/local/lib/python3.10/dist-packages/autoware_adapi_v1_msgs/_autoware_adapi_v1_msgs_s.ep.rosidl_typesupport_c.c
[7.883s] -- Up-to-date symlink: /home/autoware/aichallenge2023-integration-final-main/install/autoware_adapi_v1_msgs/local/lib/python3.10/dist-packages/autoware_adapi_v1_msgs/_autoware_adapi_v1_msgs_s.ep.rosidl_typesupport_fastrtps_c.c
[7.883s] -- Up-to-date symlink: /home/autoware/aichallenge2023-integration-final-main/install/autoware_adapi_v1_msgs/local/lib/python3.10/dist-packages/autoware_adapi_v1_msgs/_autoware_adapi_v1_msgs_s.ep.rosidl_typesupport_introspection_c.c
[7.883s] -- Up-to-date symlink: /home/autoware/aichallenge2023-integration-final-main/install/autoware_adapi_v1_msgs/local/lib/python3.10/dist-packages/autoware_adapi_v1_msgs/autoware_adapi_v1_msgs_s__rosidl_typesupport_c.cpython-310-x86_64-linux-gnu.so
[7.884s] -- Up-to-date symlink: /home/autoware/aichallenge2023-integration-final-main/install/autoware_adapi_v1_msgs/local/lib/python3.10/dist-packages/autoware_adapi_v1_msgs/autoware_adapi_v1_msgs_s__rosidl_typesupport_fastrtps_c.cpython-310-x86_64-linux-gnu.so
[7.884s] -- Up-to-date symlink: /home/autoware/aichallenge2023-integration-final-main/install/autoware_adapi_v1_msgs/local/lib/python3.10/dist-packages/autoware_adapi_v1_msgs/autoware_adapi_v1_msgs_s__rosidl_typesupport_introspection_c.cpython-310-x86_64-linux-gnu.so
[7.884s] -- Up-to-date symlink: /home/autoware/aichallenge2023-integration-final-main/install/autoware_adapi_v1_msgs/local/lib/python3.10/dist-packages/autoware_adapi_v1_msgs/libautoware_adapi_v1_msgs__rosidl_generator_py.so
[7.884s] -- Up-to-date symlink: /home/autoware/aichallenge2023-integration-final-main/install/autoware_adapi_v1_msgs/local/lib/python3.10/dist-packages/autoware_adapi_v1_msgs/msg/__init__.py
[7.884s] -- Up-to-date symlink: /home/autoware/aichallenge2023-integration-final-main/install/autoware_adapi_v1_msgs/local/lib/python3.10/dist-packages/autoware_adapi_v1_msgs/msg/_localization_initialization_state.py
[7.884s] -- Up-to-date symlink: /home/autoware/aichallenge2023-integration-final-main/install/autoware_adapi_v1_msgs/local/lib/python3.10/dist-packages/autoware_adapi_v1_msgs/msg/_localization_initialization_state_s.c
[7.884s] -- Up-to-date symlink: /home/autoware/aichallenge2023-integration-final-main/install/autoware_adapi_v1_msgs/local/lib/python3.10/dist-packages/autoware_adapi_v1_msgs/msg/_motion_state.py
[7.884s] -- Up-to-date symlink: /home/autoware/aichallenge2023-integration-final-main/install/autoware_adapi_v1_msgs/local/lib/python3.10/dist-packages/autoware_adapi_v1_msgs/msg/_motion_state_s.c
[7.884s] -- Up-to-date symlink: /home/autoware/aichallenge2023-integration-final-main/install/autoware_adapi_v1_msgs/local/lib/python3.10/dist-packages/autoware_adapi_v1_msgs/msg/_mrm_state.py
[7.884s] -- Up-to-date symlink: /home/autoware/aichallenge2023-integration-final-main/install/autoware_adapi_v1_msgs/local/lib/python3.10/dist-packages/autoware_adapi_v1_msgs/msg/_mrm_state_s.c
[7.884s] -- Up-to-date symlink: /home/autoware/aichallenge2023-integration-final-main/install/autoware_adapi_v1_msgs/local/lib/python3.10/dist-packages/autoware_adapi_v1_msgs/msg/_operation_mode_state.py
[7.884s] -- Up-to-date symlink: /home/autoware/aichallenge2023-integration-final-main/install/autoware_adapi_v1_msgs/local/lib/python3.10/dist-packages/autoware_adapi_v1_msgs/msg/_operation_mode_state_s.c
[7.884s] -- Up-to-date symlink: /home/autoware/aichallenge2023-integration-final-main/install/autoware_adapi_v1_msgs/local/lib/python3.10/dist-packages/autoware_adapi_v1_msgs/msg/_response_status.py
[7.884s] -- Up-to-date symlink: /home/autoware/aichallenge2023-integration-final-main/install/autoware_adapi_v1_msgs/local/lib/python3.10/dist-packages/autoware_adapi_v1_msgs/msg/_response_status_s.c
[7.884s] -- Up-to-date symlink: /home/autoware/aichallenge2023-integration-final-main/install/autoware_adapi_v1_msgs/local/lib/python3.10/dist-packages/autoware_adapi_v1_msgs/msg/_route.py
[7.884s] -- Up-to-date symlink: /home/autoware/aichallenge2023-integration-final-main/install/autoware_adapi_v1_msgs/local/lib/python3.10/dist-packages/autoware_adapi_v1_msgs/msg/_route_data.py
[7.885s] -- Up-to-date symlink: /home/autoware/aichallenge2023-integration-final-main/install/autoware_adapi_v1_msgs/local/lib/python3.10/dist-packages/autoware_adapi_v1_msgs/msg/_route_data_s.c
[7.885s] -- Up-to-date symlink: /home/autoware/aichallenge2023-integration-final-main/install/autoware_adapi_v1_msgs/local/lib/python3.10/dist-packages/autoware_adapi_v1_msgs/msg/_route_primitive.py
[7.885s] -- Up-to-date symlink: /home/autoware/aichallenge2023-integration-final-main/install/autoware_adapi_v1_msgs/local/lib/python3.10/dist-packages/autoware_adapi_v1_msgs/msg/_route_primitive_s.c
[7.885s] -- Up-to-date symlink: /home/autoware/aichallenge2023-integration-final-main/install/autoware_adapi_v1_msgs/local/lib/python3.10/dist-packages/autoware_adapi_v1_msgs/msg/_route_s.c
[7.885s] -- Up-to-date symlink: /home/autoware/aichallenge2023-integration-final-main/install/autoware_adapi_v1_msgs/local/lib/python3.10/dist-packages/autoware_adapi_v1_msgs/msg/_route_segment.py
[7.885s] -- Up-to-date symlink: /home/autoware/aichallenge2023-integration-final-main/install/autoware_adapi_v1_msgs/local/lib/python3.10/dist-packages/autoware_adapi_v1_msgs/msg/_route_segment_s.c
[7.885s] -- Up-to-date symlink: /home/autoware/aichallenge2023-integration-final-main/install/autoware_adapi_v1_msgs/local/lib/python3.10/dist-packages/autoware_adapi_v1_msgs/msg/_route_state.py
[7.885s] -- Up-to-date symlink: /home/autoware/aichallenge2023-integration-final-main/install/autoware_adapi_v1_msgs/local/lib/python3.10/dist-packages/autoware_adapi_v1_msgs/msg/_route_state_s.c
[7.885s] -- Up-to-date symlink: /home/autoware/aichallenge2023-integration-final-main/install/autoware_adapi_v1_msgs/local/lib/python3.10/dist-packages/autoware_adapi_v1_msgs/msg/_steering_factor.py
[7.885s] -- Up-to-date symlink: /home/autoware/aichallenge2023-integration-final-main/install/autoware_adapi_v1_msgs/local/lib/python3.10/dist-packages/autoware_adapi_v1_msgs/msg/_steering_factor_array.py
[7.885s] -- Up-to-date symlink: /home/autoware/aichallenge2023-integration-final-main/install/autoware_adapi_v1_msgs/local/lib/python3.10/dist-packages/autoware_adapi_v1_msgs/msg/_steering_factor_array_s.c
[7.885s] -- Up-to-date symlink: /home/autoware/aichallenge2023-integration-final-main/install/autoware_adapi_v1_msgs/local/lib/python3.10/dist-packages/autoware_adapi_v1_msgs/msg/_steering_factor_s.c
[7.885s] -- Up-to-date symlink: /home/autoware/aichallenge2023-integration-final-main/install/autoware_adapi_v1_msgs/local/lib/python3.10/dist-packages/autoware_adapi_v1_msgs/msg/_velocity_factor.py
[7.885s] -- Up-to-date symlink: /home/autoware/aichallenge2023-integration-final-main/install/autoware_adapi_v1_msgs/local/lib/python3.10/dist-packages/autoware_adapi_v1_msgs/msg/_velocity_factor_array.py
[7.885s] -- Up-to-date symlink: /home/autoware/aichallenge2023-integration-final-main/install/autoware_adapi_v1_msgs/local/lib/python3.10/dist-packages/autoware_adapi_v1_msgs/msg/_velocity_factor_array_s.c
[7.886s] -- Up-to-date symlink: /home/autoware/aichallenge2023-integration-final-main/install/autoware_adapi_v1_msgs/local/lib/python3.10/dist-packages/autoware_adapi_v1_msgs/msg/_velocity_factor_s.c
[7.886s] -- Up-to-date symlink: /home/autoware/aichallenge2023-integration-final-main/install/autoware_adapi_v1_msgs/local/lib/python3.10/dist-packages/autoware_adapi_v1_msgs/srv/__init__.py
[7.886s] -- Up-to-date symlink: /home/autoware/aichallenge2023-integration-final-main/install/autoware_adapi_v1_msgs/local/lib/python3.10/dist-packages/autoware_adapi_v1_msgs/srv/_accept_start.py
[7.886s] -- Up-to-date symlink: /home/autoware/aichallenge2023-integration-final-main/install/autoware_adapi_v1_msgs/local/lib/python3.10/dist-packages/autoware_adapi_v1_msgs/srv/_accept_start_s.c
[7.886s] -- Up-to-date symlink: /home/autoware/aichallenge2023-integration-final-main/install/autoware_adapi_v1_msgs/local/lib/python3.10/dist-packages/autoware_adapi_v1_msgs/srv/_change_operation_mode.py
[7.886s] -- Up-to-date symlink: /home/autoware/aichallenge2023-integration-final-main/install/autoware_adapi_v1_msgs/local/lib/python3.10/dist-packages/autoware_adapi_v1_msgs/srv/_change_operation_mode_s.c
[7.886s] -- Up-to-date symlink: /home/autoware/aichallenge2023-integration-final-main/install/autoware_adapi_v1_msgs/local/lib/python3.10/dist-packages/autoware_adapi_v1_msgs/srv/_clear_route.py
[7.886s] -- Up-to-date symlink: /home/autoware/aichallenge2023-integration-final-main/install/autoware_adapi_v1_msgs/local/lib/python3.10/dist-packages/autoware_adapi_v1_msgs/srv/_clear_route_s.c
[7.886s] -- Up-to-date symlink: /home/autoware/aichallenge2023-integration-final-main/install/autoware_adapi_v1_msgs/local/lib/python3.10/dist-packages/autoware_adapi_v1_msgs/srv/_initialize_localization.py
[7.886s] -- Up-to-date symlink: /home/autoware/aichallenge2023-integration-final-main/install/autoware_adapi_v1_msgs/local/lib/python3.10/dist-packages/autoware_adapi_v1_msgs/srv/_initialize_localization_s.c
[7.886s] -- Up-to-date symlink: /home/autoware/aichallenge2023-integration-final-main/install/autoware_adapi_v1_msgs/local/lib/python3.10/dist-packages/autoware_adapi_v1_msgs/srv/_set_route.py
[7.886s] -- Up-to-date symlink: /home/autoware/aichallenge2023-integration-final-main/install/autoware_adapi_v1_msgs/local/lib/python3.10/dist-packages/autoware_adapi_v1_msgs/srv/_set_route_points.py
[7.886s] -- Up-to-date symlink: /home/autoware/aichallenge2023-integration-final-main/install/autoware_adapi_v1_msgs/local/lib/python3.10/dist-packages/autoware_adapi_v1_msgs/srv/_set_route_points_s.c
[7.886s] -- Up-to-date symlink: /home/autoware/aichallenge2023-integration-final-main/install/autoware_adapi_v1_msgs/local/lib/python3.10/dist-packages/autoware_adapi_v1_msgs/srv/_set_route_s.c
[7.886s] -- Up-to-date symlink: /home/autoware/aichallenge2023-integration-final-main/install/autoware_adapi_v1_msgs/local/lib/python3.10/dist-packages/autoware_adapi_v1_msgs/autoware_adapi_v1_msgs_s__rosidl_typesupport_fastrtps_c.cpython-310-x86_64-linux-gnu.so
[7.886s] -- Up-to-date symlink: /home/autoware/aichallenge2023-integration-final-main/install/autoware_adapi_v1_msgs/local/lib/python3.10/dist-packages/autoware_adapi_v1_msgs/autoware_adapi_v1_msgs_s__rosidl_typesupport_introspection_c.cpython-310-x86_64-linux-gnu.so
[7.887s] -- Up-to-date symlink: /home/autoware/aichallenge2023-integration-final-main/install/autoware_adapi_v1_msgs/local/lib/python3.10/dist-packages/autoware_adapi_v1_msgs/autoware_adapi_v1_msgs_s__rosidl_typesupport_c.cpython-310-x86_64-linux-gnu.so
[7.887s] -- Up-to-date symlink: /home/autoware/aichallenge2023-integration-final-main/install/autoware_adapi_v1_msgs/share/autoware_adapi_v1_msgs/msg/ResponseStatus.idl
[7.887s] -- Up-to-date symlink: /home/autoware/aichallenge2023-integration-final-main/install/autoware_adapi_v1_msgs/share/autoware_adapi_v1_msgs/msg/LocalizationInitializationState.idl
[7.887s] -- Up-to-date symlink: /home/autoware/aichallenge2023-integration-final-main/install/autoware_adapi_v1_msgs/share/autoware_adapi_v1_msgs/srv/InitializeLocalization.idl
[7.887s] -- Up-to-date symlink: /home/autoware/aichallenge2023-integration-final-main/install/autoware_adapi_v1_msgs/share/autoware_adapi_v1_msgs/msg/RouteState.idl
[7.887s] -- Up-to-date symlink: /home/autoware/aichallenge2023-integration-final-main/install/autoware_adapi_v1_msgs/share/autoware_adapi_v1_msgs/msg/Route.idl
[7.887s] -- Up-to-date symlink: /home/autoware/aichallenge2023-integration-final-main/install/autoware_adapi_v1_msgs/share/autoware_adapi_v1_msgs/msg/RouteData.idl
[7.887s] -- Up-to-date symlink: /home/autoware/aichallenge2023-integration-final-main/install/autoware_adapi_v1_msgs/share/autoware_adapi_v1_msgs/msg/RoutePrimitive.idl
[7.887s] -- Up-to-date symlink: /home/autoware/aichallenge2023-integration-final-main/install/autoware_adapi_v1_msgs/share/autoware_adapi_v1_msgs/msg/RouteSegment.idl
[7.887s] -- Up-to-date symlink: /home/autoware/aichallenge2023-integration-final-main/install/autoware_adapi_v1_msgs/share/autoware_adapi_v1_msgs/srv/ClearRoute.idl
[7.887s] -- Up-to-date symlink: /home/autoware/aichallenge2023-integration-final-main/install/autoware_adapi_v1_msgs/share/autoware_adapi_v1_msgs/srv/SetRoute.idl
[7.887s] -- Up-to-date symlink: /home/autoware/aichallenge2023-integration-final-main/install/autoware_adapi_v1_msgs/share/autoware_adapi_v1_msgs/srv/SetRoutePoints.idl
[7.887s] -- Up-to-date symlink: /home/autoware/aichallenge2023-integration-final-main/install/autoware_adapi_v1_msgs/share/autoware_adapi_v1_msgs/msg/OperationModeState.idl
[7.887s] -- Up-to-date symlink: /home/autoware/aichallenge2023-integration-final-main/install/autoware_adapi_v1_msgs/share/autoware_adapi_v1_msgs/srv/ChangeOperationMode.idl
[7.887s] -- Up-to-date symlink: /home/autoware/aichallenge2023-integration-final-main/install/autoware_adapi_v1_msgs/share/autoware_adapi_v1_msgs/msg/MotionState.idl
[7.887s] -- Up-to-date symlink: /home/autoware/aichallenge2023-integration-final-main/install/autoware_adapi_v1_msgs/share/autoware_adapi_v1_msgs/srv/AcceptStart.idl
[7.887s] -- Up-to-date symlink: /home/autoware/aichallenge2023-integration-final-main/install/autoware_adapi_v1_msgs/share/autoware_adapi_v1_msgs/msg/SteeringFactor.idl
[7.888s] -- Up-to-date symlink: /home/autoware/aichallenge2023-integration-final-main/install/autoware_adapi_v1_msgs/share/autoware_adapi_v1_msgs/msg/SteeringFactorArray.idl
[7.888s] -- Up-to-date symlink: /home/autoware/aichallenge2023-integration-final-main/install/autoware_adapi_v1_msgs/share/autoware_adapi_v1_msgs/msg/VelocityFactor.idl
[7.888s] -- Up-to-date symlink: /home/autoware/aichallenge2023-integration-final-main/install/autoware_adapi_v1_msgs/share/autoware_adapi_v1_msgs/msg/VelocityFactorArray.idl
[7.888s] -- Up-to-date symlink: /home/autoware/aichallenge2023-integration-final-main/install/autoware_adapi_v1_msgs/share/autoware_adapi_v1_msgs/msg/MrmState.idl
[7.888s] -- Up-to-date symlink: /home/autoware/aichallenge2023-integration-final-main/install/autoware_adapi_v1_msgs/share/autoware_adapi_v1_msgs/msg/ResponseStatus.msg
[7.888s] -- Up-to-date symlink: /home/autoware/aichallenge2023-integration-final-main/install/autoware_adapi_v1_msgs/share/autoware_adapi_v1_msgs/msg/LocalizationInitializationState.msg
[7.888s] -- Up-to-date symlink: /home/autoware/aichallenge2023-integration-final-main/install/autoware_adapi_v1_msgs/share/autoware_adapi_v1_msgs/srv/InitializeLocalization.srv
[7.888s] -- Up-to-date symlink: /home/autoware/aichallenge2023-integration-final-main/install/autoware_adapi_v1_msgs/share/autoware_adapi_v1_msgs/srv/InitializeLocalization_Request.msg
[7.888s] -- Up-to-date symlink: /home/autoware/aichallenge2023-integration-final-main/install/autoware_adapi_v1_msgs/share/autoware_adapi_v1_msgs/srv/InitializeLocalization_Response.msg
[7.888s] -- Up-to-date symlink: /home/autoware/aichallenge2023-integration-final-main/install/autoware_adapi_v1_msgs/share/autoware_adapi_v1_msgs/msg/RouteState.msg
[7.888s] -- Up-to-date symlink: /home/autoware/aichallenge2023-integration-final-main/install/autoware_adapi_v1_msgs/share/autoware_adapi_v1_msgs/msg/Route.msg
[7.888s] -- Up-to-date symlink: /home/autoware/aichallenge2023-integration-final-main/install/autoware_adapi_v1_msgs/share/autoware_adapi_v1_msgs/msg/RouteData.msg
[7.888s] -- Up-to-date symlink: /home/autoware/aichallenge2023-integration-final-main/install/autoware_adapi_v1_msgs/share/autoware_adapi_v1_msgs/msg/RoutePrimitive.msg
[7.888s] -- Up-to-date symlink: /home/autoware/aichallenge2023-integration-final-main/install/autoware_adapi_v1_msgs/share/autoware_adapi_v1_msgs/msg/RouteSegment.msg
[7.888s] -- Up-to-date symlink: /home/autoware/aichallenge2023-integration-final-main/install/autoware_adapi_v1_msgs/share/autoware_adapi_v1_msgs/srv/ClearRoute.srv
[7.888s] -- Up-to-date symlink: /home/autoware/aichallenge2023-integration-final-main/install/autoware_adapi_v1_msgs/share/autoware_adapi_v1_msgs/srv/ClearRoute_Request.msg
[7.889s] -- Up-to-date symlink: /home/autoware/aichallenge2023-integration-final-main/install/autoware_adapi_v1_msgs/share/autoware_adapi_v1_msgs/srv/ClearRoute_Response.msg
[7.889s] -- Up-to-date symlink: /home/autoware/aichallenge2023-integration-final-main/install/autoware_adapi_v1_msgs/share/autoware_adapi_v1_msgs/srv/SetRoute.srv
[7.889s] -- Up-to-date symlink: /home/autoware/aichallenge2023-integration-final-main/install/autoware_adapi_v1_msgs/share/autoware_adapi_v1_msgs/srv/SetRoute_Request.msg
[7.889s] -- Up-to-date symlink: /home/autoware/aichallenge2023-integration-final-main/install/autoware_adapi_v1_msgs/share/autoware_adapi_v1_msgs/srv/SetRoute_Response.msg
[7.889s] -- Up-to-date symlink: /home/autoware/aichallenge2023-integration-final-main/install/autoware_adapi_v1_msgs/share/autoware_adapi_v1_msgs/srv/SetRoutePoints.srv
[7.889s] -- Up-to-date symlink: /home/autoware/aichallenge2023-integration-final-main/install/autoware_adapi_v1_msgs/share/autoware_adapi_v1_msgs/srv/SetRoutePoints_Request.msg
[7.889s] -- Up-to-date symlink: /home/autoware/aichallenge2023-integration-final-main/install/autoware_adapi_v1_msgs/share/autoware_adapi_v1_msgs/srv/SetRoutePoints_Response.msg
[7.889s] -- Up-to-date symlink: /home/autoware/aichallenge2023-integration-final-main/install/autoware_adapi_v1_msgs/share/autoware_adapi_v1_msgs/msg/OperationModeState.msg
[7.889s] -- Up-to-date symlink: /home/autoware/aichallenge2023-integration-final-main/install/autoware_adapi_v1_msgs/share/autoware_adapi_v1_msgs/srv/ChangeOperationMode.srv
[7.889s] -- Up-to-date symlink: /home/autoware/aichallenge2023-integration-final-main/install/autoware_adapi_v1_msgs/share/autoware_adapi_v1_msgs/srv/ChangeOperationMode_Request.msg
[7.889s] -- Up-to-date symlink: /home/autoware/aichallenge2023-integration-final-main/install/autoware_adapi_v1_msgs/share/autoware_adapi_v1_msgs/srv/ChangeOperationMode_Response.msg
[7.889s] -- Up-to-date symlink: /home/autoware/aichallenge2023-integration-final-main/install/autoware_adapi_v1_msgs/share/autoware_adapi_v1_msgs/msg/MotionState.msg
[7.889s] -- Up-to-date symlink: /home/autoware/aichallenge2023-integration-final-main/install/autoware_adapi_v1_msgs/share/autoware_adapi_v1_msgs/srv/AcceptStart.srv
[7.889s] -- Up-to-date symlink: /home/autoware/aichallenge2023-integration-final-main/install/autoware_adapi_v1_msgs/share/autoware_adapi_v1_msgs/srv/AcceptStart_Request.msg
[7.889s] -- Up-to-date symlink: /home/autoware/aichallenge2023-integration-final-main/install/autoware_adapi_v1_msgs/share/autoware_adapi_v1_msgs/srv/AcceptStart_Response.msg
[7.889s] -- Up-to-date symlink: /home/autoware/aichallenge2023-integration-final-main/install/autoware_adapi_v1_msgs/share/autoware_adapi_v1_msgs/msg/SteeringFactor.msg
[7.890s] -- Up-to-date symlink: /home/autoware/aichallenge2023-integration-final-main/install/autoware_adapi_v1_msgs/share/autoware_adapi_v1_msgs/msg/SteeringFactorArray.msg
[7.890s] -- Up-to-date symlink: /home/autoware/aichallenge2023-integration-final-main/install/autoware_adapi_v1_msgs/share/autoware_adapi_v1_msgs/msg/VelocityFactor.msg
[7.890s] -- Up-to-date symlink: /home/autoware/aichallenge2023-integration-final-main/install/autoware_adapi_v1_msgs/share/autoware_adapi_v1_msgs/msg/VelocityFactorArray.msg
[7.890s] -- Up-to-date symlink: /home/autoware/aichallenge2023-integration-final-main/install/autoware_adapi_v1_msgs/share/autoware_adapi_v1_msgs/msg/MrmState.msg
[7.890s] -- Up-to-date symlink: /home/autoware/aichallenge2023-integration-final-main/install/autoware_adapi_v1_msgs/share/ament_index/resource_index/package_run_dependencies/autoware_adapi_v1_msgs
[7.890s] -- Up-to-date symlink: /home/autoware/aichallenge2023-integration-final-main/install/autoware_adapi_v1_msgs/share/ament_index/resource_index/parent_prefix_path/autoware_adapi_v1_msgs
[7.890s] -- Up-to-date symlink: /home/autoware/aichallenge2023-integration-final-main/install/autoware_adapi_v1_msgs/share/autoware_adapi_v1_msgs/environment/ament_prefix_path.sh
[7.890s] -- Up-to-date symlink: /home/autoware/aichallenge2023-integration-final-main/install/autoware_adapi_v1_msgs/share/autoware_adapi_v1_msgs/environment/ament_prefix_path.dsv
[7.890s] -- Up-to-date symlink: /home/autoware/aichallenge2023-integration-final-main/install/autoware_adapi_v1_msgs/share/autoware_adapi_v1_msgs/environment/path.sh
[7.890s] -- Up-to-date symlink: /home/autoware/aichallenge2023-integration-final-main/install/autoware_adapi_v1_msgs/share/autoware_adapi_v1_msgs/environment/path.dsv
[7.890s] -- Up-to-date symlink: /home/autoware/aichallenge2023-integration-final-main/install/autoware_adapi_v1_msgs/share/autoware_adapi_v1_msgs/local_setup.bash
[7.890s] -- Up-to-date symlink: /home/autoware/aichallenge2023-integration-final-main/install/autoware_adapi_v1_msgs/share/autoware_adapi_v1_msgs/local_setup.sh
[7.890s] -- Up-to-date symlink: /home/autoware/aichallenge2023-integration-final-main/install/autoware_adapi_v1_msgs/share/autoware_adapi_v1_msgs/local_setup.zsh
[7.890s] -- Up-to-date symlink: /home/autoware/aichallenge2023-integration-final-main/install/autoware_adapi_v1_msgs/share/autoware_adapi_v1_msgs/local_setup.dsv
[7.890s] -- Symlinking: /home/autoware/aichallenge2023-integration-final-main/install/autoware_adapi_v1_msgs/share/autoware_adapi_v1_msgs/package.dsv
[7.929s] -- Up-to-date symlink: /home/autoware/aichallenge2023-integration-final-main/install/autoware_adapi_v1_msgs/share/ament_index/resource_index/packages/autoware_adapi_v1_msgs
[7.929s] -- Up-to-date symlink: /home/autoware/aichallenge2023-integration-final-main/install/autoware_adapi_v1_msgs/share/autoware_adapi_v1_msgs/cmake/rosidl_cmake-extras.cmake
[7.929s] -- Up-to-date symlink: /home/autoware/aichallenge2023-integration-final-main/install/autoware_adapi_v1_msgs/share/autoware_adapi_v1_msgs/cmake/ament_cmake_export_dependencies-extras.cmake
[7.929s] -- Up-to-date symlink: /home/autoware/aichallenge2023-integration-final-main/install/autoware_adapi_v1_msgs/share/autoware_adapi_v1_msgs/cmake/ament_cmake_export_include_directories-extras.cmake
[7.929s] -- Up-to-date symlink: /home/autoware/aichallenge2023-integration-final-main/install/autoware_adapi_v1_msgs/share/autoware_adapi_v1_msgs/cmake/ament_cmake_export_libraries-extras.cmake
[7.930s] -- Up-to-date symlink: /home/autoware/aichallenge2023-integration-final-main/install/autoware_adapi_v1_msgs/share/autoware_adapi_v1_msgs/cmake/ament_cmake_export_targets-extras.cmake
[7.930s] -- Up-to-date symlink: /home/autoware/aichallenge2023-integration-final-main/install/autoware_adapi_v1_msgs/share/autoware_adapi_v1_msgs/cmake/rosidl_cmake_export_typesupport_targets-extras.cmake
[7.930s] -- Up-to-date symlink: /home/autoware/aichallenge2023-integration-final-main/install/autoware_adapi_v1_msgs/share/autoware_adapi_v1_msgs/cmake/rosidl_cmake_export_typesupport_libraries-extras.cmake
[7.930s] -- Up-to-date symlink: /home/autoware/aichallenge2023-integration-final-main/install/autoware_adapi_v1_msgs/share/autoware_adapi_v1_msgs/cmake/autoware_adapi_v1_msgsConfig.cmake
[7.930s] -- Up-to-date symlink: /home/autoware/aichallenge2023-integration-final-main/install/autoware_adapi_v1_msgs/share/autoware_adapi_v1_msgs/cmake/autoware_adapi_v1_msgsConfig-version.cmake
[7.930s] -- Up-to-date symlink: /home/autoware/aichallenge2023-integration-final-main/install/autoware_adapi_v1_msgs/share/autoware_adapi_v1_msgs/package.xml
[7.931s] -- Up-to-date: /home/autoware/aichallenge2023-integration-final-main/install/autoware_adapi_v1_msgs/lib/libautoware_adapi_v1_msgs__rosidl_generator_c.so
[7.931s] -- Up-to-date: /home/autoware/aichallenge2023-integration-final-main/install/autoware_adapi_v1_msgs/lib/libautoware_adapi_v1_msgs__rosidl_typesupport_fastrtps_c.so
[7.931s] -- Up-to-date: /home/autoware/aichallenge2023-integration-final-main/install/autoware_adapi_v1_msgs/lib/libautoware_adapi_v1_msgs__rosidl_typesupport_introspection_c.so
[7.931s] -- Up-to-date: /home/autoware/aichallenge2023-integration-final-main/install/autoware_adapi_v1_msgs/lib/libautoware_adapi_v1_msgs__rosidl_typesupport_c.so
[7.932s] -- Up-to-date: /home/autoware/aichallenge2023-integration-final-main/install/autoware_adapi_v1_msgs/lib/libautoware_adapi_v1_msgs__rosidl_typesupport_fastrtps_cpp.so
[7.932s] -- Up-to-date: /home/autoware/aichallenge2023-integration-final-main/install/autoware_adapi_v1_msgs/lib/libautoware_adapi_v1_msgs__rosidl_typesupport_introspection_cpp.so
[7.932s] -- Up-to-date: /home/autoware/aichallenge2023-integration-final-main/install/autoware_adapi_v1_msgs/lib/libautoware_adapi_v1_msgs__rosidl_typesupport_cpp.so
[8.011s] Listing '/home/autoware/aichallenge2023-integration-final-main/install/autoware_adapi_v1_msgs/local/lib/python3.10/dist-packages/autoware_adapi_v1_msgs'...
[8.011s] Listing '/home/autoware/aichallenge2023-integration-final-main/install/autoware_adapi_v1_msgs/local/lib/python3.10/dist-packages/autoware_adapi_v1_msgs/msg'...
[8.011s] Listing '/home/autoware/aichallenge2023-integration-final-main/install/autoware_adapi_v1_msgs/local/lib/python3.10/dist-packages/autoware_adapi_v1_msgs/srv'...
[8.021s] -- Up-to-date: /home/autoware/aichallenge2023-integration-final-main/install/autoware_adapi_v1_msgs/lib/libautoware_adapi_v1_msgs__rosidl_generator_py.so
[8.021s] -- Up-to-date: /home/autoware/aichallenge2023-integration-final-main/install/autoware_adapi_v1_msgs/share/autoware_adapi_v1_msgs/cmake/export_autoware_adapi_v1_msgs__rosidl_generator_cExport.cmake
[8.021s] -- Up-to-date: /home/autoware/aichallenge2023-integration-final-main/install/autoware_adapi_v1_msgs/share/autoware_adapi_v1_msgs/cmake/export_autoware_adapi_v1_msgs__rosidl_generator_cExport-release.cmake
[8.021s] -- Up-to-date: /home/autoware/aichallenge2023-integration-final-main/install/autoware_adapi_v1_msgs/share/autoware_adapi_v1_msgs/cmake/export_autoware_adapi_v1_msgs__rosidl_typesupport_fastrtps_cExport.cmake
[8.021s] -- Up-to-date: /home/autoware/aichallenge2023-integration-final-main/install/autoware_adapi_v1_msgs/share/autoware_adapi_v1_msgs/cmake/export_autoware_adapi_v1_msgs__rosidl_typesupport_fastrtps_cExport-release.cmake
[8.021s] -- Up-to-date: /home/autoware/aichallenge2023-integration-final-main/install/autoware_adapi_v1_msgs/share/autoware_adapi_v1_msgs/cmake/autoware_adapi_v1_msgs__rosidl_typesupport_introspection_cExport.cmake
[8.021s] -- Up-to-date: /home/autoware/aichallenge2023-integration-final-main/install/autoware_adapi_v1_msgs/share/autoware_adapi_v1_msgs/cmake/autoware_adapi_v1_msgs__rosidl_typesupport_introspection_cExport-release.cmake
[8.021s] -- Up-to-date: /home/autoware/aichallenge2023-integration-final-main/install/autoware_adapi_v1_msgs/share/autoware_adapi_v1_msgs/cmake/autoware_adapi_v1_msgs__rosidl_typesupport_cExport.cmake
[8.021s] -- Up-to-date: /home/autoware/aichallenge2023-integration-final-main/install/autoware_adapi_v1_msgs/share/autoware_adapi_v1_msgs/cmake/autoware_adapi_v1_msgs__rosidl_typesupport_cExport-release.cmake
[8.021s] -- Up-to-date: /home/autoware/aichallenge2023-integration-final-main/install/autoware_adapi_v1_msgs/share/autoware_adapi_v1_msgs/cmake/export_autoware_adapi_v1_msgs__rosidl_generator_cppExport.cmake
[8.021s] -- Up-to-date: /home/autoware/aichallenge2023-integration-final-main/install/autoware_adapi_v1_msgs/share/autoware_adapi_v1_msgs/cmake/export_autoware_adapi_v1_msgs__rosidl_typesupport_fastrtps_cppExport.cmake
[8.021s] -- Up-to-date: /home/autoware/aichallenge2023-integration-final-main/install/autoware_adapi_v1_msgs/share/autoware_adapi_v1_msgs/cmake/export_autoware_adapi_v1_msgs__rosidl_typesupport_fastrtps_cppExport-release.cmake
[8.021s] -- Up-to-date: /home/autoware/aichallenge2023-integration-final-main/install/autoware_adapi_v1_msgs/share/autoware_adapi_v1_msgs/cmake/autoware_adapi_v1_msgs__rosidl_typesupport_introspection_cppExport.cmake
[8.021s] -- Up-to-date: /home/autoware/aichallenge2023-integration-final-main/install/autoware_adapi_v1_msgs/share/autoware_adapi_v1_msgs/cmake/autoware_adapi_v1_msgs__rosidl_typesupport_introspection_cppExport-release.cmake
[8.022s] -- Up-to-date: /home/autoware/aichallenge2023-integration-final-main/install/autoware_adapi_v1_msgs/share/autoware_adapi_v1_msgs/cmake/autoware_adapi_v1_msgs__rosidl_typesupport_cppExport.cmake
[8.022s] -- Up-to-date: /home/autoware/aichallenge2023-integration-final-main/install/autoware_adapi_v1_msgs/share/autoware_adapi_v1_msgs/cmake/autoware_adapi_v1_msgs__rosidl_typesupport_cppExport-release.cmake
[8.022s] -- Up-to-date: /home/autoware/aichallenge2023-integration-final-main/install/autoware_adapi_v1_msgs/share/autoware_adapi_v1_msgs/cmake/export_autoware_adapi_v1_msgs__rosidl_generator_pyExport.cmake
[8.022s] -- Up-to-date: /home/autoware/aichallenge2023-integration-final-main/install/autoware_adapi_v1_msgs/share/autoware_adapi_v1_msgs/cmake/export_autoware_adapi_v1_msgs__rosidl_generator_pyExport-release.cmake
[8.047s] Invoked command in '/home/autoware/aichallenge2023-integration-final-main/build/autoware_adapi_v1_msgs' returned '0': CMAKE_PREFIX_PATH=${CMAKE_PREFIX_PATH}:/home/autoware/autoware/install/simulator_compatibility_test:/home/autoware/autoware/install/ad_api_visualizers:/opt/ros/humble /usr/bin/cmake --install /home/autoware/aichallenge2023-integration-final-main/build/autoware_adapi_v1_msgs
