[0.161s] Invoking command in '/home/autoware/aichallenge2023-integration-final-main/build/autoware_localization_msgs': CMAKE_PREFIX_PATH=${CMAKE_PREFIX_PATH}:/home/autoware/autoware/install/simulator_compatibility_test:/home/autoware/autoware/install/ad_api_visualizers:/opt/ros/humble /usr/bin/cmake --build /home/autoware/aichallenge2023-integration-final-main/build/autoware_localization_msgs -- -j16 -l16
[0.497s] [35m[1mConsolidate compiler generated dependencies of target autoware_localization_msgs__rosidl_generator_c[0m
[0.638s] [  3%] Built target autoware_localization_msgs__cpp
[0.643s] [ 12%] Built target autoware_localization_msgs__rosidl_generator_c
[0.686s] [ 12%] Built target ament_cmake_python_symlink_autoware_localization_msgs
[0.789s] [35m[1mConsolidate compiler generated dependencies of target autoware_localization_msgs__rosidl_typesupport_fastrtps_cpp[0m
[0.789s] [35m[1mConsolidate compiler generated dependencies of target autoware_localization_msgs__rosidl_typesupport_introspection_cpp[0m
[0.790s] [35m[1mConsolidate compiler generated dependencies of target autoware_localization_msgs__rosidl_typesupport_fastrtps_c[0m
[0.793s] [35m[1mConsolidate compiler generated dependencies of target autoware_localization_msgs__rosidl_typesupport_cpp[0m
[0.842s] [35m[1mConsolidate compiler generated dependencies of target autoware_localization_msgs__rosidl_typesupport_introspection_c[0m
[0.899s] [35m[1mConsolidate compiler generated dependencies of target autoware_localization_msgs__rosidl_typesupport_c[0m
[0.958s] [ 22%] Built target autoware_localization_msgs__rosidl_typesupport_cpp
[0.959s] [ 32%] Built target autoware_localization_msgs__rosidl_typesupport_introspection_cpp
[0.972s] [ 41%] Built target autoware_localization_msgs__rosidl_typesupport_fastrtps_cpp
[1.003s] [ 51%] Built target autoware_localization_msgs__rosidl_typesupport_fastrtps_c
[1.016s] [ 61%] Built target autoware_localization_msgs__rosidl_typesupport_introspection_c
[1.039s] [ 70%] Built target autoware_localization_msgs__rosidl_typesupport_c
[1.228s] [ 70%] Built target autoware_localization_msgs
[1.434s] [ 74%] Built target autoware_localization_msgs__py
[1.566s] running egg_info
[1.574s] writing autoware_localization_msgs.egg-info/PKG-INFO
[1.575s] writing dependency_links to autoware_localization_msgs.egg-info/dependency_links.txt
[1.575s] writing top-level names to autoware_localization_msgs.egg-info/top_level.txt
[1.575s] reading manifest file 'autoware_localization_msgs.egg-info/SOURCES.txt'
[1.580s] writing manifest file 'autoware_localization_msgs.egg-info/SOURCES.txt'
[1.589s] [35m[1mConsolidate compiler generated dependencies of target autoware_localization_msgs__rosidl_generator_py[0m
[1.697s] [ 80%] Built target autoware_localization_msgs__rosidl_generator_py
[1.697s] [ 80%] Built target ament_cmake_python_build_autoware_localization_msgs_egg
[1.804s] [35m[1mConsolidate compiler generated dependencies of target autoware_localization_msgs__rosidl_typesupport_fastrtps_c__pyext[0m
[1.835s] [35m[1mConsolidate compiler generated dependencies of target autoware_localization_msgs__rosidl_typesupport_introspection_c__pyext[0m
[1.854s] [35m[1mConsolidate compiler generated dependencies of target autoware_localization_msgs__rosidl_typesupport_c__pyext[0m
[1.908s] [ 87%] Built target autoware_localization_msgs__rosidl_typesupport_fastrtps_c__pyext
[1.961s] [ 93%] Built target autoware_localization_msgs__rosidl_typesupport_introspection_c__pyext
[2.038s] [100%] Built target autoware_localization_msgs__rosidl_typesupport_c__pyext
[2.178s] Invoked command in '/home/autoware/aichallenge2023-integration-final-main/build/autoware_localization_msgs' returned '0': CMAKE_PREFIX_PATH=${CMAKE_PREFIX_PATH}:/home/autoware/autoware/install/simulator_compatibility_test:/home/autoware/autoware/install/ad_api_visualizers:/opt/ros/humble /usr/bin/cmake --build /home/autoware/aichallenge2023-integration-final-main/build/autoware_localization_msgs -- -j16 -l16
[3.441s] Invoking command in '/home/autoware/aichallenge2023-integration-final-main/build/autoware_localization_msgs': CMAKE_PREFIX_PATH=${CMAKE_PREFIX_PATH}:/home/autoware/autoware/install/simulator_compatibility_test:/home/autoware/autoware/install/ad_api_visualizers:/opt/ros/humble /usr/bin/cmake --install /home/autoware/aichallenge2023-integration-final-main/build/autoware_localization_msgs
[3.510s] -- Install configuration: "Release"
[3.510s] -- Execute custom install script
[3.510s] -- Up-to-date symlink: /home/autoware/aichallenge2023-integration-final-main/install/autoware_localization_msgs/share/ament_index/resource_index/rosidl_interfaces/autoware_localization_msgs
[3.510s] -- Up-to-date symlink: /home/autoware/aichallenge2023-integration-final-main/install/autoware_localization_msgs/include/autoware_localization_msgs/autoware_localization_msgs/msg/detail/kinematic_state__functions.h
[3.511s] -- Up-to-date symlink: /home/autoware/aichallenge2023-integration-final-main/install/autoware_localization_msgs/include/autoware_localization_msgs/autoware_localization_msgs/msg/detail/kinematic_state__struct.h
[3.511s] -- Up-to-date symlink: /home/autoware/aichallenge2023-integration-final-main/install/autoware_localization_msgs/include/autoware_localization_msgs/autoware_localization_msgs/msg/detail/kinematic_state__type_support.h
[3.511s] -- Up-to-date symlink: /home/autoware/aichallenge2023-integration-final-main/install/autoware_localization_msgs/include/autoware_localization_msgs/autoware_localization_msgs/msg/kinematic_state.h
[3.511s] -- Up-to-date symlink: /home/autoware/aichallenge2023-integration-final-main/install/autoware_localization_msgs/include/autoware_localization_msgs/autoware_localization_msgs/msg/rosidl_generator_c__visibility_control.h
[3.512s] -- Up-to-date symlink: /home/autoware/aichallenge2023-integration-final-main/install/autoware_localization_msgs/share/autoware_localization_msgs/environment/library_path.sh
[3.512s] -- Up-to-date symlink: /home/autoware/aichallenge2023-integration-final-main/install/autoware_localization_msgs/share/autoware_localization_msgs/environment/library_path.dsv
[3.512s] -- Up-to-date symlink: /home/autoware/aichallenge2023-integration-final-main/install/autoware_localization_msgs/include/autoware_localization_msgs/autoware_localization_msgs/msg/detail/kinematic_state__rosidl_typesupport_fastrtps_c.h
[3.512s] -- Up-to-date symlink: /home/autoware/aichallenge2023-integration-final-main/install/autoware_localization_msgs/include/autoware_localization_msgs/autoware_localization_msgs/msg/rosidl_typesupport_fastrtps_c__visibility_control.h
[3.512s] -- Up-to-date symlink: /home/autoware/aichallenge2023-integration-final-main/install/autoware_localization_msgs/include/autoware_localization_msgs/autoware_localization_msgs/msg/detail/kinematic_state__builder.hpp
[3.512s] -- Up-to-date symlink: /home/autoware/aichallenge2023-integration-final-main/install/autoware_localization_msgs/include/autoware_localization_msgs/autoware_localization_msgs/msg/detail/kinematic_state__struct.hpp
[3.512s] -- Up-to-date symlink: /home/autoware/aichallenge2023-integration-final-main/install/autoware_localization_msgs/include/autoware_localization_msgs/autoware_localization_msgs/msg/detail/kinematic_state__traits.hpp
[3.512s] -- Up-to-date symlink: /home/autoware/aichallenge2023-integration-final-main/install/autoware_localization_msgs/include/autoware_localization_msgs/autoware_localization_msgs/msg/kinematic_state.hpp
[3.513s] -- Up-to-date symlink: /home/autoware/aichallenge2023-integration-final-main/install/autoware_localization_msgs/include/autoware_localization_msgs/autoware_localization_msgs/msg/detail/kinematic_state__rosidl_typesupport_fastrtps_cpp.hpp
[3.513s] -- Up-to-date symlink: /home/autoware/aichallenge2023-integration-final-main/install/autoware_localization_msgs/include/autoware_localization_msgs/autoware_localization_msgs/msg/rosidl_typesupport_fastrtps_cpp__visibility_control.h
[3.513s] -- Up-to-date symlink: /home/autoware/aichallenge2023-integration-final-main/install/autoware_localization_msgs/include/autoware_localization_msgs/autoware_localization_msgs/msg/detail/kinematic_state__rosidl_typesupport_introspection_c.h
[3.513s] -- Up-to-date symlink: /home/autoware/aichallenge2023-integration-final-main/install/autoware_localization_msgs/include/autoware_localization_msgs/autoware_localization_msgs/msg/rosidl_typesupport_introspection_c__visibility_control.h
[3.513s] -- Up-to-date symlink: /home/autoware/aichallenge2023-integration-final-main/install/autoware_localization_msgs/include/autoware_localization_msgs/autoware_localization_msgs/msg/detail/kinematic_state__rosidl_typesupport_introspection_cpp.hpp
[3.513s] -- Up-to-date symlink: /home/autoware/aichallenge2023-integration-final-main/install/autoware_localization_msgs/share/autoware_localization_msgs/environment/pythonpath.sh
[3.513s] -- Up-to-date symlink: /home/autoware/aichallenge2023-integration-final-main/install/autoware_localization_msgs/share/autoware_localization_msgs/environment/pythonpath.dsv
[3.513s] -- Up-to-date symlink: /home/autoware/aichallenge2023-integration-final-main/install/autoware_localization_msgs/local/lib/python3.10/dist-packages/autoware_localization_msgs-1.0.0-py3.10.egg-info/PKG-INFO
[3.516s] -- Up-to-date symlink: /home/autoware/aichallenge2023-integration-final-main/install/autoware_localization_msgs/local/lib/python3.10/dist-packages/autoware_localization_msgs-1.0.0-py3.10.egg-info/SOURCES.txt
[3.516s] -- Up-to-date symlink: /home/autoware/aichallenge2023-integration-final-main/install/autoware_localization_msgs/local/lib/python3.10/dist-packages/autoware_localization_msgs-1.0.0-py3.10.egg-info/dependency_links.txt
[3.526s] -- Up-to-date symlink: /home/autoware/aichallenge2023-integration-final-main/install/autoware_localization_msgs/local/lib/python3.10/dist-packages/autoware_localization_msgs-1.0.0-py3.10.egg-info/top_level.txt
[3.526s] -- Up-to-date symlink: /home/autoware/aichallenge2023-integration-final-main/install/autoware_localization_msgs/local/lib/python3.10/dist-packages/autoware_localization_msgs/__init__.py
[3.526s] -- Up-to-date symlink: /home/autoware/aichallenge2023-integration-final-main/install/autoware_localization_msgs/local/lib/python3.10/dist-packages/autoware_localization_msgs/_autoware_localization_msgs_s.ep.rosidl_typesupport_c.c
[3.526s] -- Up-to-date symlink: /home/autoware/aichallenge2023-integration-final-main/install/autoware_localization_msgs/local/lib/python3.10/dist-packages/autoware_localization_msgs/_autoware_localization_msgs_s.ep.rosidl_typesupport_fastrtps_c.c
[3.526s] -- Up-to-date symlink: /home/autoware/aichallenge2023-integration-final-main/install/autoware_localization_msgs/local/lib/python3.10/dist-packages/autoware_localization_msgs/_autoware_localization_msgs_s.ep.rosidl_typesupport_introspection_c.c
[3.527s] -- Up-to-date symlink: /home/autoware/aichallenge2023-integration-final-main/install/autoware_localization_msgs/local/lib/python3.10/dist-packages/autoware_localization_msgs/autoware_localization_msgs_s__rosidl_typesupport_c.cpython-310-x86_64-linux-gnu.so
[3.527s] -- Up-to-date symlink: /home/autoware/aichallenge2023-integration-final-main/install/autoware_localization_msgs/local/lib/python3.10/dist-packages/autoware_localization_msgs/autoware_localization_msgs_s__rosidl_typesupport_fastrtps_c.cpython-310-x86_64-linux-gnu.so
[3.527s] -- Up-to-date symlink: /home/autoware/aichallenge2023-integration-final-main/install/autoware_localization_msgs/local/lib/python3.10/dist-packages/autoware_localization_msgs/autoware_localization_msgs_s__rosidl_typesupport_introspection_c.cpython-310-x86_64-linux-gnu.so
[3.527s] -- Up-to-date symlink: /home/autoware/aichallenge2023-integration-final-main/install/autoware_localization_msgs/local/lib/python3.10/dist-packages/autoware_localization_msgs/libautoware_localization_msgs__rosidl_generator_py.so
[3.527s] -- Up-to-date symlink: /home/autoware/aichallenge2023-integration-final-main/install/autoware_localization_msgs/local/lib/python3.10/dist-packages/autoware_localization_msgs/msg/__init__.py
[3.527s] -- Up-to-date symlink: /home/autoware/aichallenge2023-integration-final-main/install/autoware_localization_msgs/local/lib/python3.10/dist-packages/autoware_localization_msgs/msg/_kinematic_state.py
[3.528s] -- Up-to-date symlink: /home/autoware/aichallenge2023-integration-final-main/install/autoware_localization_msgs/local/lib/python3.10/dist-packages/autoware_localization_msgs/msg/_kinematic_state_s.c
[3.528s] -- Up-to-date symlink: /home/autoware/aichallenge2023-integration-final-main/install/autoware_localization_msgs/local/lib/python3.10/dist-packages/autoware_localization_msgs/autoware_localization_msgs_s__rosidl_typesupport_fastrtps_c.cpython-310-x86_64-linux-gnu.so
[3.528s] -- Up-to-date symlink: /home/autoware/aichallenge2023-integration-final-main/install/autoware_localization_msgs/local/lib/python3.10/dist-packages/autoware_localization_msgs/autoware_localization_msgs_s__rosidl_typesupport_introspection_c.cpython-310-x86_64-linux-gnu.so
[3.529s] -- Up-to-date symlink: /home/autoware/aichallenge2023-integration-final-main/install/autoware_localization_msgs/local/lib/python3.10/dist-packages/autoware_localization_msgs/autoware_localization_msgs_s__rosidl_typesupport_c.cpython-310-x86_64-linux-gnu.so
[3.529s] -- Up-to-date symlink: /home/autoware/aichallenge2023-integration-final-main/install/autoware_localization_msgs/share/autoware_localization_msgs/msg/KinematicState.idl
[3.529s] -- Up-to-date symlink: /home/autoware/aichallenge2023-integration-final-main/install/autoware_localization_msgs/share/autoware_localization_msgs/msg/KinematicState.msg
[3.529s] -- Up-to-date symlink: /home/autoware/aichallenge2023-integration-final-main/install/autoware_localization_msgs/share/ament_index/resource_index/package_run_dependencies/autoware_localization_msgs
[3.529s] -- Up-to-date symlink: /home/autoware/aichallenge2023-integration-final-main/install/autoware_localization_msgs/share/ament_index/resource_index/parent_prefix_path/autoware_localization_msgs
[3.529s] -- Up-to-date symlink: /home/autoware/aichallenge2023-integration-final-main/install/autoware_localization_msgs/share/autoware_localization_msgs/environment/ament_prefix_path.sh
[3.530s] -- Up-to-date symlink: /home/autoware/aichallenge2023-integration-final-main/install/autoware_localization_msgs/share/autoware_localization_msgs/environment/ament_prefix_path.dsv
[3.530s] -- Up-to-date symlink: /home/autoware/aichallenge2023-integration-final-main/install/autoware_localization_msgs/share/autoware_localization_msgs/environment/path.sh
[3.530s] -- Up-to-date symlink: /home/autoware/aichallenge2023-integration-final-main/install/autoware_localization_msgs/share/autoware_localization_msgs/environment/path.dsv
[3.531s] -- Up-to-date symlink: /home/autoware/aichallenge2023-integration-final-main/install/autoware_localization_msgs/share/autoware_localization_msgs/local_setup.bash
[3.531s] -- Up-to-date symlink: /home/autoware/aichallenge2023-integration-final-main/install/autoware_localization_msgs/share/autoware_localization_msgs/local_setup.sh
[3.532s] -- Up-to-date symlink: /home/autoware/aichallenge2023-integration-final-main/install/autoware_localization_msgs/share/autoware_localization_msgs/local_setup.zsh
[3.532s] -- Up-to-date symlink: /home/autoware/aichallenge2023-integration-final-main/install/autoware_localization_msgs/share/autoware_localization_msgs/local_setup.dsv
[3.532s] -- Symlinking: /home/autoware/aichallenge2023-integration-final-main/install/autoware_localization_msgs/share/autoware_localization_msgs/package.dsv
[3.586s] -- Up-to-date symlink: /home/autoware/aichallenge2023-integration-final-main/install/autoware_localization_msgs/share/ament_index/resource_index/packages/autoware_localization_msgs
[3.586s] -- Up-to-date symlink: /home/autoware/aichallenge2023-integration-final-main/install/autoware_localization_msgs/share/autoware_localization_msgs/cmake/rosidl_cmake-extras.cmake
[3.587s] -- Up-to-date symlink: /home/autoware/aichallenge2023-integration-final-main/install/autoware_localization_msgs/share/autoware_localization_msgs/cmake/ament_cmake_export_dependencies-extras.cmake
[3.587s] -- Up-to-date symlink: /home/autoware/aichallenge2023-integration-final-main/install/autoware_localization_msgs/share/autoware_localization_msgs/cmake/ament_cmake_export_include_directories-extras.cmake
[3.588s] -- Up-to-date symlink: /home/autoware/aichallenge2023-integration-final-main/install/autoware_localization_msgs/share/autoware_localization_msgs/cmake/ament_cmake_export_libraries-extras.cmake
[3.588s] -- Up-to-date symlink: /home/autoware/aichallenge2023-integration-final-main/install/autoware_localization_msgs/share/autoware_localization_msgs/cmake/ament_cmake_export_targets-extras.cmake
[3.589s] -- Up-to-date symlink: /home/autoware/aichallenge2023-integration-final-main/install/autoware_localization_msgs/share/autoware_localization_msgs/cmake/rosidl_cmake_export_typesupport_targets-extras.cmake
[3.590s] -- Up-to-date symlink: /home/autoware/aichallenge2023-integration-final-main/install/autoware_localization_msgs/share/autoware_localization_msgs/cmake/rosidl_cmake_export_typesupport_libraries-extras.cmake
[3.590s] -- Up-to-date symlink: /home/autoware/aichallenge2023-integration-final-main/install/autoware_localization_msgs/share/autoware_localization_msgs/cmake/autoware_localization_msgsConfig.cmake
[3.590s] -- Up-to-date symlink: /home/autoware/aichallenge2023-integration-final-main/install/autoware_localization_msgs/share/autoware_localization_msgs/cmake/autoware_localization_msgsConfig-version.cmake
[3.590s] -- Up-to-date symlink: /home/autoware/aichallenge2023-integration-final-main/install/autoware_localization_msgs/share/autoware_localization_msgs/package.xml
[3.590s] -- Up-to-date: /home/autoware/aichallenge2023-integration-final-main/install/autoware_localization_msgs/lib/libautoware_localization_msgs__rosidl_generator_c.so
[3.591s] -- Up-to-date: /home/autoware/aichallenge2023-integration-final-main/install/autoware_localization_msgs/lib/libautoware_localization_msgs__rosidl_typesupport_fastrtps_c.so
[3.592s] -- Up-to-date: /home/autoware/aichallenge2023-integration-final-main/install/autoware_localization_msgs/lib/libautoware_localization_msgs__rosidl_typesupport_fastrtps_cpp.so
[3.593s] -- Up-to-date: /home/autoware/aichallenge2023-integration-final-main/install/autoware_localization_msgs/lib/libautoware_localization_msgs__rosidl_typesupport_introspection_c.so
[3.594s] -- Up-to-date: /home/autoware/aichallenge2023-integration-final-main/install/autoware_localization_msgs/lib/libautoware_localization_msgs__rosidl_typesupport_c.so
[3.594s] -- Up-to-date: /home/autoware/aichallenge2023-integration-final-main/install/autoware_localization_msgs/lib/libautoware_localization_msgs__rosidl_typesupport_introspection_cpp.so
[3.594s] -- Up-to-date: /home/autoware/aichallenge2023-integration-final-main/install/autoware_localization_msgs/lib/libautoware_localization_msgs__rosidl_typesupport_cpp.so
[3.715s] Listing '/home/autoware/aichallenge2023-integration-final-main/install/autoware_localization_msgs/local/lib/python3.10/dist-packages/autoware_localization_msgs'...
[3.716s] Listing '/home/autoware/aichallenge2023-integration-final-main/install/autoware_localization_msgs/local/lib/python3.10/dist-packages/autoware_localization_msgs/msg'...
[3.726s] -- Up-to-date: /home/autoware/aichallenge2023-integration-final-main/install/autoware_localization_msgs/lib/libautoware_localization_msgs__rosidl_generator_py.so
[3.726s] -- Up-to-date: /home/autoware/aichallenge2023-integration-final-main/install/autoware_localization_msgs/share/autoware_localization_msgs/cmake/export_autoware_localization_msgs__rosidl_generator_cExport.cmake
[3.726s] -- Up-to-date: /home/autoware/aichallenge2023-integration-final-main/install/autoware_localization_msgs/share/autoware_localization_msgs/cmake/export_autoware_localization_msgs__rosidl_generator_cExport-release.cmake
[3.726s] -- Up-to-date: /home/autoware/aichallenge2023-integration-final-main/install/autoware_localization_msgs/share/autoware_localization_msgs/cmake/export_autoware_localization_msgs__rosidl_typesupport_fastrtps_cExport.cmake
[3.727s] -- Up-to-date: /home/autoware/aichallenge2023-integration-final-main/install/autoware_localization_msgs/share/autoware_localization_msgs/cmake/export_autoware_localization_msgs__rosidl_typesupport_fastrtps_cExport-release.cmake
[3.727s] -- Up-to-date: /home/autoware/aichallenge2023-integration-final-main/install/autoware_localization_msgs/share/autoware_localization_msgs/cmake/export_autoware_localization_msgs__rosidl_generator_cppExport.cmake
[3.729s] -- Up-to-date: /home/autoware/aichallenge2023-integration-final-main/install/autoware_localization_msgs/share/autoware_localization_msgs/cmake/export_autoware_localization_msgs__rosidl_typesupport_fastrtps_cppExport.cmake
[3.729s] -- Up-to-date: /home/autoware/aichallenge2023-integration-final-main/install/autoware_localization_msgs/share/autoware_localization_msgs/cmake/export_autoware_localization_msgs__rosidl_typesupport_fastrtps_cppExport-release.cmake
[3.729s] -- Up-to-date: /home/autoware/aichallenge2023-integration-final-main/install/autoware_localization_msgs/share/autoware_localization_msgs/cmake/autoware_localization_msgs__rosidl_typesupport_introspection_cExport.cmake
[3.730s] -- Up-to-date: /home/autoware/aichallenge2023-integration-final-main/install/autoware_localization_msgs/share/autoware_localization_msgs/cmake/autoware_localization_msgs__rosidl_typesupport_introspection_cExport-release.cmake
[3.730s] -- Up-to-date: /home/autoware/aichallenge2023-integration-final-main/install/autoware_localization_msgs/share/autoware_localization_msgs/cmake/autoware_localization_msgs__rosidl_typesupport_cExport.cmake
[3.730s] -- Up-to-date: /home/autoware/aichallenge2023-integration-final-main/install/autoware_localization_msgs/share/autoware_localization_msgs/cmake/autoware_localization_msgs__rosidl_typesupport_cExport-release.cmake
[3.730s] -- Up-to-date: /home/autoware/aichallenge2023-integration-final-main/install/autoware_localization_msgs/share/autoware_localization_msgs/cmake/autoware_localization_msgs__rosidl_typesupport_introspection_cppExport.cmake
[3.730s] -- Up-to-date: /home/autoware/aichallenge2023-integration-final-main/install/autoware_localization_msgs/share/autoware_localization_msgs/cmake/autoware_localization_msgs__rosidl_typesupport_introspection_cppExport-release.cmake
[3.730s] -- Up-to-date: /home/autoware/aichallenge2023-integration-final-main/install/autoware_localization_msgs/share/autoware_localization_msgs/cmake/autoware_localization_msgs__rosidl_typesupport_cppExport.cmake
[3.730s] -- Up-to-date: /home/autoware/aichallenge2023-integration-final-main/install/autoware_localization_msgs/share/autoware_localization_msgs/cmake/autoware_localization_msgs__rosidl_typesupport_cppExport-release.cmake
[3.730s] -- Up-to-date: /home/autoware/aichallenge2023-integration-final-main/install/autoware_localization_msgs/share/autoware_localization_msgs/cmake/export_autoware_localization_msgs__rosidl_generator_pyExport.cmake
[3.731s] -- Up-to-date: /home/autoware/aichallenge2023-integration-final-main/install/autoware_localization_msgs/share/autoware_localization_msgs/cmake/export_autoware_localization_msgs__rosidl_generator_pyExport-release.cmake
[4.369s] Invoked command in '/home/autoware/aichallenge2023-integration-final-main/build/autoware_localization_msgs' returned '0': CMAKE_PREFIX_PATH=${CMAKE_PREFIX_PATH}:/home/autoware/autoware/install/simulator_compatibility_test:/home/autoware/autoware/install/ad_api_visualizers:/opt/ros/humble /usr/bin/cmake --install /home/autoware/aichallenge2023-integration-final-main/build/autoware_localization_msgs
