-- The C compiler identification is GNU 11.4.0
-- The CXX compiler identification is GNU 11.4.0
-- Detecting C compiler ABI info
-- Detecting C compiler ABI info - done
-- Check for working C compiler: /usr/bin/cc - skipped
-- Detecting C compile features
-- Detecting C compile features - done
-- Detecting CXX compiler ABI info
-- Detecting CXX compiler ABI info - done
-- Check for working CXX compiler: /usr/bin/c++ - skipped
-- Detecting CXX compile features
-- Detecting CXX compile features - done
-- Found autoware_cmake: 0.1.0 (/home/autoware/aichallenge2023-integration-final-main/install/autoware_cmake/share/autoware_cmake/cmake)
-- Found Python3: /usr/bin/python3.10 (found version "3.10.12") found components: Interpreter 
-- Override CMake install command with custom implementation using symlinks instead of copying resources
-- Found rosidl_generator_c: 3.1.5 (/opt/ros/humble/share/rosidl_generator_c/cmake)
-- Found rosidl_adapter: 3.1.5 (/opt/ros/humble/share/rosidl_adapter/cmake)
-- Found rosidl_generator_cpp: 3.1.5 (/opt/ros/humble/share/rosidl_generator_cpp/cmake)
-- Using all available rosidl_typesupport_c: rosidl_typesupport_fastrtps_c;rosidl_typesupport_introspection_c
-- Using all available rosidl_typesupport_cpp: rosidl_typesupport_fastrtps_cpp;rosidl_typesupport_introspection_cpp
-- Found rmw_implementation_cmake: 6.1.1 (/opt/ros/humble/share/rmw_implementation_cmake/cmake)
-- Found rmw_cyclonedds_cpp: 1.3.4 (/opt/ros/humble/share/rmw_cyclonedds_cpp/cmake)
-- Using RMW implementation 'rmw_cyclonedds_cpp' as default
-- Looking for pthread.h
-- Looking for pthread.h - found
-- Performing Test CMAKE_HAVE_LIBC_PTHREAD
-- Performing Test CMAKE_HAVE_LIBC_PTHREAD - Success
-- Found Threads: TRUE  
-- Found ament_lint_auto: 0.12.7 (/opt/ros/humble/share/ament_lint_auto/cmake)
-- Added test 'copyright' to check source files copyright and LICENSE
-- Added test 'cppcheck' to perform static code analysis on C / C++ code
-- Configured cppcheck include dirs: 
-- Configured cppcheck exclude dirs and/or files: 
-- Added test 'lint_cmake' to check CMake code style
-- Added test 'xmllint' to check XML markup files
-- Configuring done
-- Generating done
-- Build files have been written to: /home/autoware/aichallenge2023-integration-final-main/build/autoware_iv_external_api_adaptor
[  4%] [32mBuilding CXX object CMakeFiles/autoware_iv_external_api_adaptor.dir/src/cpu_usage.cpp.o[0m
[  9%] [32mBuilding CXX object CMakeFiles/autoware_iv_external_api_adaptor.dir/src/calibration_status.cpp.o[0m
[ 14%] [32mBuilding CXX object CMakeFiles/autoware_iv_external_api_adaptor.dir/src/start.cpp.o[0m
[ 19%] [32mBuilding CXX object CMakeFiles/autoware_iv_external_api_adaptor.dir/src/vehicle_status.cpp.o[0m
[ 23%] [32mBuilding CXX object CMakeFiles/autoware_iv_external_api_adaptor.dir/src/velocity.cpp.o[0m
[ 28%] [32mBuilding CXX object CMakeFiles/autoware_iv_external_api_adaptor.dir/src/service.cpp.o[0m
[ 33%] [32mBuilding CXX object CMakeFiles/autoware_iv_external_api_adaptor.dir/src/rtc_controller.cpp.o[0m
[ 38%] [32mBuilding CXX object CMakeFiles/autoware_iv_external_api_adaptor.dir/src/route.cpp.o[0m
[ 42%] [32mBuilding CXX object CMakeFiles/autoware_iv_external_api_adaptor.dir/src/rosbag_logging_mode.cpp.o[0m
[ 47%] [32mBuilding CXX object CMakeFiles/autoware_iv_external_api_adaptor.dir/src/version.cpp.o[0m
[ 52%] [32mBuilding CXX object CMakeFiles/autoware_iv_external_api_adaptor.dir/src/operator.cpp.o[0m
[ 57%] [32mBuilding CXX object CMakeFiles/autoware_iv_external_api_adaptor.dir/src/map.cpp.o[0m
[ 61%] [32mBuilding CXX object CMakeFiles/autoware_iv_external_api_adaptor.dir/src/metadata_packages.cpp.o[0m
[ 66%] [32mBuilding CXX object CMakeFiles/autoware_iv_external_api_adaptor.dir/src/initial_pose.cpp.o[0m
[ 71%] [32mBuilding CXX object CMakeFiles/autoware_iv_external_api_adaptor.dir/src/localization_score.cpp.o[0m
[ 76%] [32mBuilding CXX object CMakeFiles/autoware_iv_external_api_adaptor.dir/src/fail_safe_state.cpp.o[0m
[ 80%] [32mBuilding CXX object CMakeFiles/autoware_iv_external_api_adaptor.dir/src/engage.cpp.o[0m
[ 85%] [32mBuilding CXX object CMakeFiles/autoware_iv_external_api_adaptor.dir/src/emergency.cpp.o[0m
[ 90%] [32mBuilding CXX object CMakeFiles/autoware_iv_external_api_adaptor.dir/src/door.cpp.o[0m
[ 95%] [32mBuilding CXX object CMakeFiles/autoware_iv_external_api_adaptor.dir/src/diagnostics.cpp.o[0m
[100%] [32m[1mLinking CXX shared library libautoware_iv_external_api_adaptor.so[0m
[100%] Built target autoware_iv_external_api_adaptor
-- Install configuration: "Release"
-- Execute custom install script
-- Symlinking: /home/autoware/aichallenge2023-integration-final-main/install/autoware_iv_external_api_adaptor/share/autoware_iv_external_api_adaptor/environment/library_path.sh
-- Symlinking: /home/autoware/aichallenge2023-integration-final-main/install/autoware_iv_external_api_adaptor/share/autoware_iv_external_api_adaptor/environment/library_path.dsv
-- Symlinking: /home/autoware/aichallenge2023-integration-final-main/install/autoware_iv_external_api_adaptor/lib/libautoware_iv_external_api_adaptor.so
-- Symlinking: /home/autoware/aichallenge2023-integration-final-main/install/autoware_iv_external_api_adaptor/share/autoware_iv_external_api_adaptor/launch/external_api_adaptor.launch.py
-- Symlinking: /home/autoware/aichallenge2023-integration-final-main/install/autoware_iv_external_api_adaptor/share/ament_index/resource_index/package_run_dependencies/autoware_iv_external_api_adaptor
-- Symlinking: /home/autoware/aichallenge2023-integration-final-main/install/autoware_iv_external_api_adaptor/share/ament_index/resource_index/parent_prefix_path/autoware_iv_external_api_adaptor
-- Symlinking: /home/autoware/aichallenge2023-integration-final-main/install/autoware_iv_external_api_adaptor/share/autoware_iv_external_api_adaptor/environment/ament_prefix_path.sh
-- Symlinking: /home/autoware/aichallenge2023-integration-final-main/install/autoware_iv_external_api_adaptor/share/autoware_iv_external_api_adaptor/environment/ament_prefix_path.dsv
-- Symlinking: /home/autoware/aichallenge2023-integration-final-main/install/autoware_iv_external_api_adaptor/share/autoware_iv_external_api_adaptor/environment/path.sh
-- Symlinking: /home/autoware/aichallenge2023-integration-final-main/install/autoware_iv_external_api_adaptor/share/autoware_iv_external_api_adaptor/environment/path.dsv
-- Symlinking: /home/autoware/aichallenge2023-integration-final-main/install/autoware_iv_external_api_adaptor/share/autoware_iv_external_api_adaptor/local_setup.bash
-- Symlinking: /home/autoware/aichallenge2023-integration-final-main/install/autoware_iv_external_api_adaptor/share/autoware_iv_external_api_adaptor/local_setup.sh
-- Symlinking: /home/autoware/aichallenge2023-integration-final-main/install/autoware_iv_external_api_adaptor/share/autoware_iv_external_api_adaptor/local_setup.zsh
-- Symlinking: /home/autoware/aichallenge2023-integration-final-main/install/autoware_iv_external_api_adaptor/share/autoware_iv_external_api_adaptor/local_setup.dsv
-- Symlinking: /home/autoware/aichallenge2023-integration-final-main/install/autoware_iv_external_api_adaptor/share/autoware_iv_external_api_adaptor/package.dsv
-- Symlinking: /home/autoware/aichallenge2023-integration-final-main/install/autoware_iv_external_api_adaptor/share/ament_index/resource_index/packages/autoware_iv_external_api_adaptor
-- Symlinking: /home/autoware/aichallenge2023-integration-final-main/install/autoware_iv_external_api_adaptor/share/ament_index/resource_index/rclcpp_components/autoware_iv_external_api_adaptor
-- Symlinking: /home/autoware/aichallenge2023-integration-final-main/install/autoware_iv_external_api_adaptor/share/autoware_iv_external_api_adaptor/cmake/ament_cmake_export_dependencies-extras.cmake
-- Symlinking: /home/autoware/aichallenge2023-integration-final-main/install/autoware_iv_external_api_adaptor/share/autoware_iv_external_api_adaptor/cmake/ament_cmake_export_libraries-extras.cmake
-- Symlinking: /home/autoware/aichallenge2023-integration-final-main/install/autoware_iv_external_api_adaptor/share/autoware_iv_external_api_adaptor/cmake/autoware_iv_external_api_adaptorConfig.cmake
-- Symlinking: /home/autoware/aichallenge2023-integration-final-main/install/autoware_iv_external_api_adaptor/share/autoware_iv_external_api_adaptor/cmake/autoware_iv_external_api_adaptorConfig-version.cmake
-- Symlinking: /home/autoware/aichallenge2023-integration-final-main/install/autoware_iv_external_api_adaptor/share/autoware_iv_external_api_adaptor/package.xml
