[0.058s] Invoking command in '/home/autoware/aichallenge2023-integration-final-main/build/autoware_auto_control_msgs': CMAKE_PREFIX_PATH=${CMAKE_PREFIX_PATH}:/home/autoware/autoware/install/simulator_compatibility_test:/home/autoware/autoware/install/ad_api_visualizers:/opt/ros/humble /usr/bin/cmake /home/autoware/aichallenge2023-integration-final-main/src/core/external/autoware_auto_msgs/autoware_auto_control_msgs -DCMAKE_BUILD_TYPE=Release -DAMENT_CMAKE_SYMLINK_INSTALL=1 -DCMAKE_INSTALL_PREFIX=/home/autoware/aichallenge2023-integration-final-main/install/autoware_auto_control_msgs
[0.186s] -- The C compiler identification is GNU 11.4.0
[0.294s] -- The CXX compiler identification is GNU 11.4.0
[0.309s] -- Detecting C compiler ABI info
[0.481s] -- Detecting C compiler ABI info - done
[0.491s] -- Check for working C compiler: /usr/bin/cc - skipped
[0.491s] -- Detecting C compile features
[0.492s] -- Detecting C compile features - done
[0.498s] -- Detecting CXX compiler ABI info
[0.691s] -- Detecting CXX compiler ABI info - done
[0.701s] -- Check for working CXX compiler: /usr/bin/c++ - skipped
[0.701s] -- Detecting CXX compile features
[0.701s] -- Detecting CXX compile features - done
[0.703s] -- Found ament_cmake_auto: 1.3.5 (/opt/ros/humble/share/ament_cmake_auto/cmake)
[1.024s] -- Found Python3: /usr/bin/python3.10 (found version "3.10.12") found components: Interpreter 
[1.109s] -- Override CMake install command with custom implementation using symlinks instead of copying resources
[1.341s] -- Using all available rosidl_typesupport_c: rosidl_typesupport_fastrtps_c;rosidl_typesupport_introspection_c
[1.350s] -- Found rosidl_adapter: 3.1.5 (/opt/ros/humble/share/rosidl_adapter/cmake)
[1.433s] -- Using all available rosidl_typesupport_cpp: rosidl_typesupport_fastrtps_cpp;rosidl_typesupport_introspection_cpp
[1.675s] -- Found ament_cmake_cppcheck: 0.12.7 (/opt/ros/humble/share/ament_cmake_cppcheck/cmake)
[1.680s] -- Found ament_cmake_cpplint: 0.12.7 (/opt/ros/humble/share/ament_cmake_cpplint/cmake)
[1.689s] -- Found ament_cmake_uncrustify: 0.12.7 (/opt/ros/humble/share/ament_cmake_uncrustify/cmake)
[1.698s] -- Found ament_cmake_ros: 0.10.0 (/opt/ros/humble/share/ament_cmake_ros/cmake)
[1.996s] -- Using all available rosidl_typesupport_c: rosidl_typesupport_fastrtps_c;rosidl_typesupport_introspection_c
[2.377s] -- Using all available rosidl_typesupport_cpp: rosidl_typesupport_fastrtps_cpp;rosidl_typesupport_introspection_cpp
[2.425s] -- Found PythonInterp: /usr/bin/python3 (found suitable version "3.10.12", minimum required is "3.6") 
[2.428s] -- Found python_cmake_module: 0.10.0 (/opt/ros/humble/share/python_cmake_module/cmake)
[2.481s] -- Found PythonLibs: /usr/lib/x86_64-linux-gnu/libpython3.10.so (found suitable version "3.10.12", minimum required is "3.5") 
[2.481s] -- Using PYTHON_EXECUTABLE: /usr/bin/python3
[2.481s] -- Using PYTHON_INCLUDE_DIRS: /usr/include/python3.10
[2.481s] -- Using PYTHON_LIBRARIES: /usr/lib/x86_64-linux-gnu/libpython3.10.so
[2.516s] -- Found PythonExtra: .so  
[2.878s] -- Found ament_cmake_flake8: 0.12.7 (/opt/ros/humble/share/ament_cmake_flake8/cmake)
[2.886s] -- Found ament_cmake_pep257: 0.12.7 (/opt/ros/humble/share/ament_cmake_pep257/cmake)
[2.897s] -- Found ament_lint_auto: 0.12.7 (/opt/ros/humble/share/ament_lint_auto/cmake)
[2.917s] -- Added test 'copyright' to check source files copyright and LICENSE
[2.922s] -- Added test 'lint_cmake' to check CMake code style
[2.927s] -- Added test 'xmllint' to check XML markup files
[2.941s] -- Configuring done
[2.979s] -- Generating done
[2.982s] -- Build files have been written to: /home/autoware/aichallenge2023-integration-final-main/build/autoware_auto_control_msgs
[2.993s] Invoked command in '/home/autoware/aichallenge2023-integration-final-main/build/autoware_auto_control_msgs' returned '0': CMAKE_PREFIX_PATH=${CMAKE_PREFIX_PATH}:/home/autoware/autoware/install/simulator_compatibility_test:/home/autoware/autoware/install/ad_api_visualizers:/opt/ros/humble /usr/bin/cmake /home/autoware/aichallenge2023-integration-final-main/src/core/external/autoware_auto_msgs/autoware_auto_control_msgs -DCMAKE_BUILD_TYPE=Release -DAMENT_CMAKE_SYMLINK_INSTALL=1 -DCMAKE_INSTALL_PREFIX=/home/autoware/aichallenge2023-integration-final-main/install/autoware_auto_control_msgs
[2.998s] Invoking command in '/home/autoware/aichallenge2023-integration-final-main/build/autoware_auto_control_msgs': CMAKE_PREFIX_PATH=${CMAKE_PREFIX_PATH}:/home/autoware/autoware/install/simulator_compatibility_test:/home/autoware/autoware/install/ad_api_visualizers:/opt/ros/humble /usr/bin/cmake --build /home/autoware/aichallenge2023-integration-final-main/build/autoware_auto_control_msgs -- -j16 -l16
[3.489s] [  1%] [34m[1mGenerating C code for ROS interfaces[0m
[3.490s] [  3%] [34m[1mGenerating C++ code for ROS interfaces[0m
[3.490s] [  3%] Built target ament_cmake_python_symlink_autoware_auto_control_msgs
[3.833s] running egg_info
[3.833s] creating autoware_auto_control_msgs.egg-info
[3.834s] writing autoware_auto_control_msgs.egg-info/PKG-INFO
[3.834s] writing dependency_links to autoware_auto_control_msgs.egg-info/dependency_links.txt
[3.834s] writing top-level names to autoware_auto_control_msgs.egg-info/top_level.txt
[3.834s] writing manifest file 'autoware_auto_control_msgs.egg-info/SOURCES.txt'
[3.857s] reading manifest file 'autoware_auto_control_msgs.egg-info/SOURCES.txt'
[3.858s] writing manifest file 'autoware_auto_control_msgs.egg-info/SOURCES.txt'
[4.015s] [  3%] Built target ament_cmake_python_build_autoware_auto_control_msgs_egg
[4.659s] [  3%] Built target autoware_auto_control_msgs__cpp
[4.830s] [  5%] [34m[1mGenerating C++ type support dispatch for ROS interfaces[0m
[4.830s] [  7%] [34m[1mGenerating C++ type support for eProsima Fast-RTPS[0m
[4.830s] [  9%] [34m[1mGenerating C++ introspection for ROS interfaces[0m
[5.060s] [ 10%] [32mBuilding C object CMakeFiles/autoware_auto_control_msgs__rosidl_generator_c.dir/rosidl_generator_c/autoware_auto_control_msgs/msg/detail/ackermann_control_command__functions.c.o[0m
[5.089s] [ 12%] [32mBuilding C object CMakeFiles/autoware_auto_control_msgs__rosidl_generator_c.dir/rosidl_generator_c/autoware_auto_control_msgs/msg/detail/longitudinal_command__functions.c.o[0m
[5.091s] [ 14%] [32mBuilding C object CMakeFiles/autoware_auto_control_msgs__rosidl_generator_c.dir/rosidl_generator_c/autoware_auto_control_msgs/msg/detail/ackermann_lateral_command__functions.c.o[0m
[5.136s] [ 16%] [32mBuilding C object CMakeFiles/autoware_auto_control_msgs__rosidl_generator_c.dir/rosidl_generator_c/autoware_auto_control_msgs/msg/detail/high_level_control_command__functions.c.o[0m
[5.853s] [ 18%] [32m[1mLinking C shared library libautoware_auto_control_msgs__rosidl_generator_c.so[0m
[6.112s] [ 20%] [32mBuilding CXX object CMakeFiles/autoware_auto_control_msgs__rosidl_typesupport_fastrtps_cpp.dir/rosidl_typesupport_fastrtps_cpp/autoware_auto_control_msgs/msg/detail/dds_fastrtps/ackermann_control_command__type_support.cpp.o[0m
[6.162s] [ 21%] [32mBuilding CXX object CMakeFiles/autoware_auto_control_msgs__rosidl_typesupport_fastrtps_cpp.dir/rosidl_typesupport_fastrtps_cpp/autoware_auto_control_msgs/msg/detail/dds_fastrtps/ackermann_lateral_command__type_support.cpp.o[0m
[6.181s] [ 23%] [32mBuilding CXX object CMakeFiles/autoware_auto_control_msgs__rosidl_typesupport_fastrtps_cpp.dir/rosidl_typesupport_fastrtps_cpp/autoware_auto_control_msgs/msg/detail/dds_fastrtps/high_level_control_command__type_support.cpp.o[0m
[6.225s] [ 25%] [32mBuilding CXX object CMakeFiles/autoware_auto_control_msgs__rosidl_typesupport_fastrtps_cpp.dir/rosidl_typesupport_fastrtps_cpp/autoware_auto_control_msgs/msg/detail/dds_fastrtps/longitudinal_command__type_support.cpp.o[0m
[6.402s] [ 25%] Built target autoware_auto_control_msgs__rosidl_generator_c
[6.572s] [ 27%] [34m[1mGenerating C type support for eProsima Fast-RTPS[0m
[6.639s] [ 29%] [34m[1mGenerating C type support dispatch for ROS interfaces[0m
[6.648s] [ 30%] [34m[1mGenerating C introspection for ROS interfaces[0m
[7.453s] [ 32%] [32mBuilding CXX object CMakeFiles/autoware_auto_control_msgs__rosidl_typesupport_introspection_cpp.dir/rosidl_typesupport_introspection_cpp/autoware_auto_control_msgs/msg/detail/longitudinal_command__type_support.cpp.o[0m
[7.495s] [ 34%] [32mBuilding CXX object CMakeFiles/autoware_auto_control_msgs__rosidl_typesupport_introspection_cpp.dir/rosidl_typesupport_introspection_cpp/autoware_auto_control_msgs/msg/detail/ackermann_lateral_command__type_support.cpp.o[0m
[7.509s] [ 36%] [32mBuilding CXX object CMakeFiles/autoware_auto_control_msgs__rosidl_typesupport_introspection_cpp.dir/rosidl_typesupport_introspection_cpp/autoware_auto_control_msgs/msg/detail/ackermann_control_command__type_support.cpp.o[0m
[7.546s] [ 38%] [32mBuilding CXX object CMakeFiles/autoware_auto_control_msgs__rosidl_typesupport_introspection_cpp.dir/rosidl_typesupport_introspection_cpp/autoware_auto_control_msgs/msg/detail/high_level_control_command__type_support.cpp.o[0m
[7.887s] [ 40%] [32mBuilding CXX object CMakeFiles/autoware_auto_control_msgs__rosidl_typesupport_cpp.dir/rosidl_typesupport_cpp/autoware_auto_control_msgs/msg/ackermann_control_command__type_support.cpp.o[0m
[7.947s] [ 41%] [32mBuilding CXX object CMakeFiles/autoware_auto_control_msgs__rosidl_typesupport_cpp.dir/rosidl_typesupport_cpp/autoware_auto_control_msgs/msg/ackermann_lateral_command__type_support.cpp.o[0m
[8.004s] [ 43%] [32mBuilding CXX object CMakeFiles/autoware_auto_control_msgs__rosidl_typesupport_cpp.dir/rosidl_typesupport_cpp/autoware_auto_control_msgs/msg/longitudinal_command__type_support.cpp.o[0m
[8.012s] [ 45%] [32mBuilding CXX object CMakeFiles/autoware_auto_control_msgs__rosidl_typesupport_cpp.dir/rosidl_typesupport_cpp/autoware_auto_control_msgs/msg/high_level_control_command__type_support.cpp.o[0m
[9.432s] [ 47%] [32m[1mLinking CXX shared library libautoware_auto_control_msgs__rosidl_typesupport_fastrtps_cpp.so[0m
[10.403s] [ 49%] [32mBuilding C object CMakeFiles/autoware_auto_control_msgs__rosidl_typesupport_introspection_c.dir/rosidl_typesupport_introspection_c/autoware_auto_control_msgs/msg/detail/ackermann_control_command__type_support.c.o[0m
[10.429s] [ 50%] [32mBuilding C object CMakeFiles/autoware_auto_control_msgs__rosidl_typesupport_introspection_c.dir/rosidl_typesupport_introspection_c/autoware_auto_control_msgs/msg/detail/high_level_control_command__type_support.c.o[0m
[10.456s] [ 52%] [32mBuilding C object CMakeFiles/autoware_auto_control_msgs__rosidl_typesupport_introspection_c.dir/rosidl_typesupport_introspection_c/autoware_auto_control_msgs/msg/detail/ackermann_lateral_command__type_support.c.o[0m
[10.521s] [ 54%] [32mBuilding C object CMakeFiles/autoware_auto_control_msgs__rosidl_typesupport_introspection_c.dir/rosidl_typesupport_introspection_c/autoware_auto_control_msgs/msg/detail/longitudinal_command__type_support.c.o[0m
[10.795s] [ 54%] Built target autoware_auto_control_msgs__rosidl_typesupport_fastrtps_cpp
[10.875s] [ 56%] [32mBuilding CXX object CMakeFiles/autoware_auto_control_msgs__rosidl_typesupport_c.dir/rosidl_typesupport_c/autoware_auto_control_msgs/msg/ackermann_control_command__type_support.cpp.o[0m
[10.876s] [ 58%] [32mBuilding CXX object CMakeFiles/autoware_auto_control_msgs__rosidl_typesupport_c.dir/rosidl_typesupport_c/autoware_auto_control_msgs/msg/ackermann_lateral_command__type_support.cpp.o[0m
[10.946s] [ 60%] [32m[1mLinking CXX shared library libautoware_auto_control_msgs__rosidl_typesupport_cpp.so[0m
[10.985s] [ 61%] [32mBuilding CXX object CMakeFiles/autoware_auto_control_msgs__rosidl_typesupport_c.dir/rosidl_typesupport_c/autoware_auto_control_msgs/msg/longitudinal_command__type_support.cpp.o[0m
[10.999s] [ 63%] [32mBuilding CXX object CMakeFiles/autoware_auto_control_msgs__rosidl_typesupport_c.dir/rosidl_typesupport_c/autoware_auto_control_msgs/msg/high_level_control_command__type_support.cpp.o[0m
[11.174s] [ 65%] [32m[1mLinking C shared library libautoware_auto_control_msgs__rosidl_typesupport_introspection_c.so[0m
[11.301s] [ 67%] [32m[1mLinking CXX shared library libautoware_auto_control_msgs__rosidl_typesupport_introspection_cpp.so[0m
[11.313s] [ 69%] [32mBuilding CXX object CMakeFiles/autoware_auto_control_msgs__rosidl_typesupport_fastrtps_c.dir/rosidl_typesupport_fastrtps_c/autoware_auto_control_msgs/msg/detail/high_level_control_command__type_support_c.cpp.o[0m
[11.330s] [ 70%] [32mBuilding CXX object CMakeFiles/autoware_auto_control_msgs__rosidl_typesupport_fastrtps_c.dir/rosidl_typesupport_fastrtps_c/autoware_auto_control_msgs/msg/detail/ackermann_control_command__type_support_c.cpp.o[0m
[11.371s] [ 72%] [32mBuilding CXX object CMakeFiles/autoware_auto_control_msgs__rosidl_typesupport_fastrtps_c.dir/rosidl_typesupport_fastrtps_c/autoware_auto_control_msgs/msg/detail/ackermann_lateral_command__type_support_c.cpp.o[0m
[11.451s] [ 74%] [32mBuilding CXX object CMakeFiles/autoware_auto_control_msgs__rosidl_typesupport_fastrtps_c.dir/rosidl_typesupport_fastrtps_c/autoware_auto_control_msgs/msg/detail/longitudinal_command__type_support_c.cpp.o[0m
[11.465s] [ 74%] Built target autoware_auto_control_msgs__rosidl_typesupport_cpp
[11.509s] [ 76%] [32m[1mLinking CXX shared library libautoware_auto_control_msgs__rosidl_typesupport_c.so[0m
[11.665s] [ 76%] Built target autoware_auto_control_msgs__rosidl_typesupport_introspection_c
[11.933s] [ 76%] Built target autoware_auto_control_msgs__rosidl_typesupport_c
[11.969s] [ 76%] Built target autoware_auto_control_msgs__rosidl_typesupport_introspection_cpp
[14.838s] [ 78%] [32m[1mLinking CXX shared library libautoware_auto_control_msgs__rosidl_typesupport_fastrtps_c.so[0m
[15.154s] [ 78%] Built target autoware_auto_control_msgs__rosidl_typesupport_fastrtps_c
[15.373s] [ 78%] Built target autoware_auto_control_msgs
[15.593s] [ 80%] [34m[1mGenerating Python code for ROS interfaces[0m
[18.651s] [ 80%] Built target autoware_auto_control_msgs__py
[18.842s] [ 81%] [32mBuilding C object CMakeFiles/autoware_auto_control_msgs__rosidl_generator_py.dir/rosidl_generator_py/autoware_auto_control_msgs/msg/_ackermann_control_command_s.c.o[0m
[19.155s] [ 83%] [32mBuilding C object CMakeFiles/autoware_auto_control_msgs__rosidl_generator_py.dir/rosidl_generator_py/autoware_auto_control_msgs/msg/_longitudinal_command_s.c.o[0m
[19.630s] [ 85%] [32mBuilding C object CMakeFiles/autoware_auto_control_msgs__rosidl_generator_py.dir/rosidl_generator_py/autoware_auto_control_msgs/msg/_high_level_control_command_s.c.o[0m
[19.973s] [ 87%] [32mBuilding C object CMakeFiles/autoware_auto_control_msgs__rosidl_generator_py.dir/rosidl_generator_py/autoware_auto_control_msgs/msg/_ackermann_lateral_command_s.c.o[0m
[20.272s] [ 89%] [32m[1mLinking C shared library rosidl_generator_py/autoware_auto_control_msgs/libautoware_auto_control_msgs__rosidl_generator_py.so[0m
[20.510s] [ 89%] Built target autoware_auto_control_msgs__rosidl_generator_py
[20.671s] [ 90%] [32mBuilding C object CMakeFiles/autoware_auto_control_msgs__rosidl_typesupport_fastrtps_c__pyext.dir/rosidl_generator_py/autoware_auto_control_msgs/_autoware_auto_control_msgs_s.ep.rosidl_typesupport_fastrtps_c.c.o[0m
[20.980s] [ 92%] [32m[1mLinking C shared library rosidl_generator_py/autoware_auto_control_msgs/autoware_auto_control_msgs_s__rosidl_typesupport_fastrtps_c.cpython-310-x86_64-linux-gnu.so[0m
[21.185s] [ 92%] Built target autoware_auto_control_msgs__rosidl_typesupport_fastrtps_c__pyext
[21.293s] [ 94%] [32mBuilding C object CMakeFiles/autoware_auto_control_msgs__rosidl_typesupport_c__pyext.dir/rosidl_generator_py/autoware_auto_control_msgs/_autoware_auto_control_msgs_s.ep.rosidl_typesupport_c.c.o[0m
[21.604s] [ 96%] [32m[1mLinking C shared library rosidl_generator_py/autoware_auto_control_msgs/autoware_auto_control_msgs_s__rosidl_typesupport_c.cpython-310-x86_64-linux-gnu.so[0m
[21.750s] [ 96%] Built target autoware_auto_control_msgs__rosidl_typesupport_c__pyext
[21.853s] [ 98%] [32mBuilding C object CMakeFiles/autoware_auto_control_msgs__rosidl_typesupport_introspection_c__pyext.dir/rosidl_generator_py/autoware_auto_control_msgs/_autoware_auto_control_msgs_s.ep.rosidl_typesupport_introspection_c.c.o[0m
[22.150s] [100%] [32m[1mLinking C shared library rosidl_generator_py/autoware_auto_control_msgs/autoware_auto_control_msgs_s__rosidl_typesupport_introspection_c.cpython-310-x86_64-linux-gnu.so[0m
[22.272s] [100%] Built target autoware_auto_control_msgs__rosidl_typesupport_introspection_c__pyext
[22.301s] Invoked command in '/home/autoware/aichallenge2023-integration-final-main/build/autoware_auto_control_msgs' returned '0': CMAKE_PREFIX_PATH=${CMAKE_PREFIX_PATH}:/home/autoware/autoware/install/simulator_compatibility_test:/home/autoware/autoware/install/ad_api_visualizers:/opt/ros/humble /usr/bin/cmake --build /home/autoware/aichallenge2023-integration-final-main/build/autoware_auto_control_msgs -- -j16 -l16
[24.043s] Invoking command in '/home/autoware/aichallenge2023-integration-final-main/build/autoware_auto_control_msgs': CMAKE_PREFIX_PATH=${CMAKE_PREFIX_PATH}:/home/autoware/autoware/install/simulator_compatibility_test:/home/autoware/autoware/install/ad_api_visualizers:/opt/ros/humble /usr/bin/cmake --install /home/autoware/aichallenge2023-integration-final-main/build/autoware_auto_control_msgs
[24.393s] -- Install configuration: "Release"
[24.393s] -- Execute custom install script
[24.394s] -- Symlinking: /home/autoware/aichallenge2023-integration-final-main/install/autoware_auto_control_msgs/share/ament_index/resource_index/rosidl_interfaces/autoware_auto_control_msgs
[24.394s] -- Symlinking: /home/autoware/aichallenge2023-integration-final-main/install/autoware_auto_control_msgs/include/autoware_auto_control_msgs/autoware_auto_control_msgs/msg/ackermann_control_command.h
[24.394s] -- Symlinking: /home/autoware/aichallenge2023-integration-final-main/install/autoware_auto_control_msgs/include/autoware_auto_control_msgs/autoware_auto_control_msgs/msg/ackermann_lateral_command.h
[24.394s] -- Symlinking: /home/autoware/aichallenge2023-integration-final-main/install/autoware_auto_control_msgs/include/autoware_auto_control_msgs/autoware_auto_control_msgs/msg/detail/ackermann_control_command__functions.h
[24.394s] -- Symlinking: /home/autoware/aichallenge2023-integration-final-main/install/autoware_auto_control_msgs/include/autoware_auto_control_msgs/autoware_auto_control_msgs/msg/detail/ackermann_control_command__struct.h
[24.394s] -- Symlinking: /home/autoware/aichallenge2023-integration-final-main/install/autoware_auto_control_msgs/include/autoware_auto_control_msgs/autoware_auto_control_msgs/msg/detail/ackermann_control_command__type_support.h
[24.394s] -- Symlinking: /home/autoware/aichallenge2023-integration-final-main/install/autoware_auto_control_msgs/include/autoware_auto_control_msgs/autoware_auto_control_msgs/msg/detail/ackermann_lateral_command__functions.h
[24.394s] -- Symlinking: /home/autoware/aichallenge2023-integration-final-main/install/autoware_auto_control_msgs/include/autoware_auto_control_msgs/autoware_auto_control_msgs/msg/detail/ackermann_lateral_command__struct.h
[24.394s] -- Symlinking: /home/autoware/aichallenge2023-integration-final-main/install/autoware_auto_control_msgs/include/autoware_auto_control_msgs/autoware_auto_control_msgs/msg/detail/ackermann_lateral_command__type_support.h
[24.394s] -- Symlinking: /home/autoware/aichallenge2023-integration-final-main/install/autoware_auto_control_msgs/include/autoware_auto_control_msgs/autoware_auto_control_msgs/msg/detail/high_level_control_command__functions.h
[24.394s] -- Symlinking: /home/autoware/aichallenge2023-integration-final-main/install/autoware_auto_control_msgs/include/autoware_auto_control_msgs/autoware_auto_control_msgs/msg/detail/high_level_control_command__struct.h
[24.394s] -- Symlinking: /home/autoware/aichallenge2023-integration-final-main/install/autoware_auto_control_msgs/include/autoware_auto_control_msgs/autoware_auto_control_msgs/msg/detail/high_level_control_command__type_support.h
[24.394s] -- Symlinking: /home/autoware/aichallenge2023-integration-final-main/install/autoware_auto_control_msgs/include/autoware_auto_control_msgs/autoware_auto_control_msgs/msg/detail/longitudinal_command__functions.h
[24.394s] -- Symlinking: /home/autoware/aichallenge2023-integration-final-main/install/autoware_auto_control_msgs/include/autoware_auto_control_msgs/autoware_auto_control_msgs/msg/detail/longitudinal_command__struct.h
[24.418s] -- Symlinking: /home/autoware/aichallenge2023-integration-final-main/install/autoware_auto_control_msgs/include/autoware_auto_control_msgs/autoware_auto_control_msgs/msg/detail/longitudinal_command__type_support.h
[24.437s] -- Symlinking: /home/autoware/aichallenge2023-integration-final-main/install/autoware_auto_control_msgs/include/autoware_auto_control_msgs/autoware_auto_control_msgs/msg/high_level_control_command.h
[24.459s] -- Symlinking: /home/autoware/aichallenge2023-integration-final-main/install/autoware_auto_control_msgs/include/autoware_auto_control_msgs/autoware_auto_control_msgs/msg/longitudinal_command.h
[24.490s] -- Symlinking: /home/autoware/aichallenge2023-integration-final-main/install/autoware_auto_control_msgs/include/autoware_auto_control_msgs/autoware_auto_control_msgs/msg/rosidl_generator_c__visibility_control.h
[24.517s] -- Symlinking: /home/autoware/aichallenge2023-integration-final-main/install/autoware_auto_control_msgs/share/autoware_auto_control_msgs/environment/library_path.sh
[24.558s] -- Symlinking: /home/autoware/aichallenge2023-integration-final-main/install/autoware_auto_control_msgs/share/autoware_auto_control_msgs/environment/library_path.dsv
[24.589s] -- Symlinking: /home/autoware/aichallenge2023-integration-final-main/install/autoware_auto_control_msgs/include/autoware_auto_control_msgs/autoware_auto_control_msgs/msg/detail/ackermann_control_command__rosidl_typesupport_fastrtps_c.h
[24.609s] -- Symlinking: /home/autoware/aichallenge2023-integration-final-main/install/autoware_auto_control_msgs/include/autoware_auto_control_msgs/autoware_auto_control_msgs/msg/detail/ackermann_lateral_command__rosidl_typesupport_fastrtps_c.h
[24.629s] -- Symlinking: /home/autoware/aichallenge2023-integration-final-main/install/autoware_auto_control_msgs/include/autoware_auto_control_msgs/autoware_auto_control_msgs/msg/detail/high_level_control_command__rosidl_typesupport_fastrtps_c.h
[24.646s] -- Symlinking: /home/autoware/aichallenge2023-integration-final-main/install/autoware_auto_control_msgs/include/autoware_auto_control_msgs/autoware_auto_control_msgs/msg/detail/longitudinal_command__rosidl_typesupport_fastrtps_c.h
[24.667s] -- Symlinking: /home/autoware/aichallenge2023-integration-final-main/install/autoware_auto_control_msgs/include/autoware_auto_control_msgs/autoware_auto_control_msgs/msg/rosidl_typesupport_fastrtps_c__visibility_control.h
[24.706s] -- Symlinking: /home/autoware/aichallenge2023-integration-final-main/install/autoware_auto_control_msgs/include/autoware_auto_control_msgs/autoware_auto_control_msgs/msg/detail/ackermann_control_command__rosidl_typesupport_introspection_c.h
[24.745s] -- Symlinking: /home/autoware/aichallenge2023-integration-final-main/install/autoware_auto_control_msgs/include/autoware_auto_control_msgs/autoware_auto_control_msgs/msg/detail/ackermann_lateral_command__rosidl_typesupport_introspection_c.h
[24.767s] -- Symlinking: /home/autoware/aichallenge2023-integration-final-main/install/autoware_auto_control_msgs/include/autoware_auto_control_msgs/autoware_auto_control_msgs/msg/detail/high_level_control_command__rosidl_typesupport_introspection_c.h
[24.786s] -- Symlinking: /home/autoware/aichallenge2023-integration-final-main/install/autoware_auto_control_msgs/include/autoware_auto_control_msgs/autoware_auto_control_msgs/msg/detail/longitudinal_command__rosidl_typesupport_introspection_c.h
[24.806s] -- Symlinking: /home/autoware/aichallenge2023-integration-final-main/install/autoware_auto_control_msgs/include/autoware_auto_control_msgs/autoware_auto_control_msgs/msg/rosidl_typesupport_introspection_c__visibility_control.h
[24.826s] -- Symlinking: /home/autoware/aichallenge2023-integration-final-main/install/autoware_auto_control_msgs/include/autoware_auto_control_msgs/autoware_auto_control_msgs/msg/ackermann_control_command.hpp
[24.846s] -- Symlinking: /home/autoware/aichallenge2023-integration-final-main/install/autoware_auto_control_msgs/include/autoware_auto_control_msgs/autoware_auto_control_msgs/msg/ackermann_lateral_command.hpp
[24.866s] -- Symlinking: /home/autoware/aichallenge2023-integration-final-main/install/autoware_auto_control_msgs/include/autoware_auto_control_msgs/autoware_auto_control_msgs/msg/detail/ackermann_control_command__builder.hpp
[24.886s] -- Symlinking: /home/autoware/aichallenge2023-integration-final-main/install/autoware_auto_control_msgs/include/autoware_auto_control_msgs/autoware_auto_control_msgs/msg/detail/ackermann_control_command__struct.hpp
[24.915s] -- Symlinking: /home/autoware/aichallenge2023-integration-final-main/install/autoware_auto_control_msgs/include/autoware_auto_control_msgs/autoware_auto_control_msgs/msg/detail/ackermann_control_command__traits.hpp
[24.935s] -- Symlinking: /home/autoware/aichallenge2023-integration-final-main/install/autoware_auto_control_msgs/include/autoware_auto_control_msgs/autoware_auto_control_msgs/msg/detail/ackermann_lateral_command__builder.hpp
[24.973s] -- Symlinking: /home/autoware/aichallenge2023-integration-final-main/install/autoware_auto_control_msgs/include/autoware_auto_control_msgs/autoware_auto_control_msgs/msg/detail/ackermann_lateral_command__struct.hpp
[24.993s] -- Symlinking: /home/autoware/aichallenge2023-integration-final-main/install/autoware_auto_control_msgs/include/autoware_auto_control_msgs/autoware_auto_control_msgs/msg/detail/ackermann_lateral_command__traits.hpp
[25.014s] -- Symlinking: /home/autoware/aichallenge2023-integration-final-main/install/autoware_auto_control_msgs/include/autoware_auto_control_msgs/autoware_auto_control_msgs/msg/detail/high_level_control_command__builder.hpp
[25.036s] -- Symlinking: /home/autoware/aichallenge2023-integration-final-main/install/autoware_auto_control_msgs/include/autoware_auto_control_msgs/autoware_auto_control_msgs/msg/detail/high_level_control_command__struct.hpp
[25.064s] -- Symlinking: /home/autoware/aichallenge2023-integration-final-main/install/autoware_auto_control_msgs/include/autoware_auto_control_msgs/autoware_auto_control_msgs/msg/detail/high_level_control_command__traits.hpp
[25.083s] -- Symlinking: /home/autoware/aichallenge2023-integration-final-main/install/autoware_auto_control_msgs/include/autoware_auto_control_msgs/autoware_auto_control_msgs/msg/detail/longitudinal_command__builder.hpp
[25.112s] -- Symlinking: /home/autoware/aichallenge2023-integration-final-main/install/autoware_auto_control_msgs/include/autoware_auto_control_msgs/autoware_auto_control_msgs/msg/detail/longitudinal_command__struct.hpp
[25.130s] -- Symlinking: /home/autoware/aichallenge2023-integration-final-main/install/autoware_auto_control_msgs/include/autoware_auto_control_msgs/autoware_auto_control_msgs/msg/detail/longitudinal_command__traits.hpp
[25.150s] -- Symlinking: /home/autoware/aichallenge2023-integration-final-main/install/autoware_auto_control_msgs/include/autoware_auto_control_msgs/autoware_auto_control_msgs/msg/high_level_control_command.hpp
[25.169s] -- Symlinking: /home/autoware/aichallenge2023-integration-final-main/install/autoware_auto_control_msgs/include/autoware_auto_control_msgs/autoware_auto_control_msgs/msg/longitudinal_command.hpp
[25.189s] -- Symlinking: /home/autoware/aichallenge2023-integration-final-main/install/autoware_auto_control_msgs/include/autoware_auto_control_msgs/autoware_auto_control_msgs/msg/detail/ackermann_control_command__rosidl_typesupport_fastrtps_cpp.hpp
[25.208s] -- Symlinking: /home/autoware/aichallenge2023-integration-final-main/install/autoware_auto_control_msgs/include/autoware_auto_control_msgs/autoware_auto_control_msgs/msg/detail/ackermann_lateral_command__rosidl_typesupport_fastrtps_cpp.hpp
[25.226s] -- Symlinking: /home/autoware/aichallenge2023-integration-final-main/install/autoware_auto_control_msgs/include/autoware_auto_control_msgs/autoware_auto_control_msgs/msg/detail/high_level_control_command__rosidl_typesupport_fastrtps_cpp.hpp
[25.246s] -- Symlinking: /home/autoware/aichallenge2023-integration-final-main/install/autoware_auto_control_msgs/include/autoware_auto_control_msgs/autoware_auto_control_msgs/msg/detail/longitudinal_command__rosidl_typesupport_fastrtps_cpp.hpp
[25.267s] -- Symlinking: /home/autoware/aichallenge2023-integration-final-main/install/autoware_auto_control_msgs/include/autoware_auto_control_msgs/autoware_auto_control_msgs/msg/rosidl_typesupport_fastrtps_cpp__visibility_control.h
[25.298s] -- Symlinking: /home/autoware/aichallenge2023-integration-final-main/install/autoware_auto_control_msgs/include/autoware_auto_control_msgs/autoware_auto_control_msgs/msg/detail/ackermann_control_command__rosidl_typesupport_introspection_cpp.hpp
[25.330s] -- Symlinking: /home/autoware/aichallenge2023-integration-final-main/install/autoware_auto_control_msgs/include/autoware_auto_control_msgs/autoware_auto_control_msgs/msg/detail/ackermann_lateral_command__rosidl_typesupport_introspection_cpp.hpp
[25.336s] -- Symlinking: /home/autoware/aichallenge2023-integration-final-main/install/autoware_auto_control_msgs/include/autoware_auto_control_msgs/autoware_auto_control_msgs/msg/detail/high_level_control_command__rosidl_typesupport_introspection_cpp.hpp
[25.356s] -- Symlinking: /home/autoware/aichallenge2023-integration-final-main/install/autoware_auto_control_msgs/include/autoware_auto_control_msgs/autoware_auto_control_msgs/msg/detail/longitudinal_command__rosidl_typesupport_introspection_cpp.hpp
[25.377s] -- Symlinking: /home/autoware/aichallenge2023-integration-final-main/install/autoware_auto_control_msgs/share/autoware_auto_control_msgs/environment/pythonpath.sh
[25.398s] -- Symlinking: /home/autoware/aichallenge2023-integration-final-main/install/autoware_auto_control_msgs/share/autoware_auto_control_msgs/environment/pythonpath.dsv
[25.417s] -- Symlinking: /home/autoware/aichallenge2023-integration-final-main/install/autoware_auto_control_msgs/local/lib/python3.10/dist-packages/autoware_auto_control_msgs-1.0.0-py3.10.egg-info/PKG-INFO
[25.437s] -- Symlinking: /home/autoware/aichallenge2023-integration-final-main/install/autoware_auto_control_msgs/local/lib/python3.10/dist-packages/autoware_auto_control_msgs-1.0.0-py3.10.egg-info/SOURCES.txt
[25.457s] -- Symlinking: /home/autoware/aichallenge2023-integration-final-main/install/autoware_auto_control_msgs/local/lib/python3.10/dist-packages/autoware_auto_control_msgs-1.0.0-py3.10.egg-info/dependency_links.txt
[25.479s] -- Symlinking: /home/autoware/aichallenge2023-integration-final-main/install/autoware_auto_control_msgs/local/lib/python3.10/dist-packages/autoware_auto_control_msgs-1.0.0-py3.10.egg-info/top_level.txt
[25.498s] -- Symlinking: /home/autoware/aichallenge2023-integration-final-main/install/autoware_auto_control_msgs/local/lib/python3.10/dist-packages/autoware_auto_control_msgs/__init__.py
[25.518s] -- Symlinking: /home/autoware/aichallenge2023-integration-final-main/install/autoware_auto_control_msgs/local/lib/python3.10/dist-packages/autoware_auto_control_msgs/_autoware_auto_control_msgs_s.ep.rosidl_typesupport_c.c
[25.536s] -- Symlinking: /home/autoware/aichallenge2023-integration-final-main/install/autoware_auto_control_msgs/local/lib/python3.10/dist-packages/autoware_auto_control_msgs/_autoware_auto_control_msgs_s.ep.rosidl_typesupport_fastrtps_c.c
[25.556s] -- Symlinking: /home/autoware/aichallenge2023-integration-final-main/install/autoware_auto_control_msgs/local/lib/python3.10/dist-packages/autoware_auto_control_msgs/_autoware_auto_control_msgs_s.ep.rosidl_typesupport_introspection_c.c
[25.580s] -- Symlinking: /home/autoware/aichallenge2023-integration-final-main/install/autoware_auto_control_msgs/local/lib/python3.10/dist-packages/autoware_auto_control_msgs/autoware_auto_control_msgs_s__rosidl_typesupport_c.cpython-310-x86_64-linux-gnu.so
[25.606s] -- Symlinking: /home/autoware/aichallenge2023-integration-final-main/install/autoware_auto_control_msgs/local/lib/python3.10/dist-packages/autoware_auto_control_msgs/autoware_auto_control_msgs_s__rosidl_typesupport_fastrtps_c.cpython-310-x86_64-linux-gnu.so
[25.615s] -- Symlinking: /home/autoware/aichallenge2023-integration-final-main/install/autoware_auto_control_msgs/local/lib/python3.10/dist-packages/autoware_auto_control_msgs/autoware_auto_control_msgs_s__rosidl_typesupport_introspection_c.cpython-310-x86_64-linux-gnu.so
[25.637s] -- Symlinking: /home/autoware/aichallenge2023-integration-final-main/install/autoware_auto_control_msgs/local/lib/python3.10/dist-packages/autoware_auto_control_msgs/libautoware_auto_control_msgs__rosidl_generator_py.so
[25.682s] -- Symlinking: /home/autoware/aichallenge2023-integration-final-main/install/autoware_auto_control_msgs/local/lib/python3.10/dist-packages/autoware_auto_control_msgs/msg/__init__.py
[25.682s] -- Symlinking: /home/autoware/aichallenge2023-integration-final-main/install/autoware_auto_control_msgs/local/lib/python3.10/dist-packages/autoware_auto_control_msgs/msg/_ackermann_control_command.py
[25.702s] -- Symlinking: /home/autoware/aichallenge2023-integration-final-main/install/autoware_auto_control_msgs/local/lib/python3.10/dist-packages/autoware_auto_control_msgs/msg/_ackermann_control_command_s.c
[25.721s] -- Symlinking: /home/autoware/aichallenge2023-integration-final-main/install/autoware_auto_control_msgs/local/lib/python3.10/dist-packages/autoware_auto_control_msgs/msg/_ackermann_lateral_command.py
[25.744s] -- Symlinking: /home/autoware/aichallenge2023-integration-final-main/install/autoware_auto_control_msgs/local/lib/python3.10/dist-packages/autoware_auto_control_msgs/msg/_ackermann_lateral_command_s.c
[25.765s] -- Symlinking: /home/autoware/aichallenge2023-integration-final-main/install/autoware_auto_control_msgs/local/lib/python3.10/dist-packages/autoware_auto_control_msgs/msg/_high_level_control_command.py
[25.784s] -- Symlinking: /home/autoware/aichallenge2023-integration-final-main/install/autoware_auto_control_msgs/local/lib/python3.10/dist-packages/autoware_auto_control_msgs/msg/_high_level_control_command_s.c
[25.804s] -- Symlinking: /home/autoware/aichallenge2023-integration-final-main/install/autoware_auto_control_msgs/local/lib/python3.10/dist-packages/autoware_auto_control_msgs/msg/_longitudinal_command.py
[25.822s] -- Symlinking: /home/autoware/aichallenge2023-integration-final-main/install/autoware_auto_control_msgs/local/lib/python3.10/dist-packages/autoware_auto_control_msgs/msg/_longitudinal_command_s.c
[25.845s] -- Up-to-date symlink: /home/autoware/aichallenge2023-integration-final-main/install/autoware_auto_control_msgs/local/lib/python3.10/dist-packages/autoware_auto_control_msgs/autoware_auto_control_msgs_s__rosidl_typesupport_fastrtps_c.cpython-310-x86_64-linux-gnu.so
[25.846s] -- Up-to-date symlink: /home/autoware/aichallenge2023-integration-final-main/install/autoware_auto_control_msgs/local/lib/python3.10/dist-packages/autoware_auto_control_msgs/autoware_auto_control_msgs_s__rosidl_typesupport_introspection_c.cpython-310-x86_64-linux-gnu.so
[25.846s] -- Up-to-date symlink: /home/autoware/aichallenge2023-integration-final-main/install/autoware_auto_control_msgs/local/lib/python3.10/dist-packages/autoware_auto_control_msgs/autoware_auto_control_msgs_s__rosidl_typesupport_c.cpython-310-x86_64-linux-gnu.so
[25.847s] -- Symlinking: /home/autoware/aichallenge2023-integration-final-main/install/autoware_auto_control_msgs/share/autoware_auto_control_msgs/msg/AckermannControlCommand.idl
[25.873s] -- Symlinking: /home/autoware/aichallenge2023-integration-final-main/install/autoware_auto_control_msgs/share/autoware_auto_control_msgs/msg/AckermannLateralCommand.idl
[25.894s] -- Symlinking: /home/autoware/aichallenge2023-integration-final-main/install/autoware_auto_control_msgs/share/autoware_auto_control_msgs/msg/HighLevelControlCommand.idl
[25.913s] -- Symlinking: /home/autoware/aichallenge2023-integration-final-main/install/autoware_auto_control_msgs/share/autoware_auto_control_msgs/msg/LongitudinalCommand.idl
[25.932s] -- Symlinking: /home/autoware/aichallenge2023-integration-final-main/install/autoware_auto_control_msgs/share/ament_index/resource_index/package_run_dependencies/autoware_auto_control_msgs
[25.954s] -- Symlinking: /home/autoware/aichallenge2023-integration-final-main/install/autoware_auto_control_msgs/share/ament_index/resource_index/parent_prefix_path/autoware_auto_control_msgs
[25.978s] -- Symlinking: /home/autoware/aichallenge2023-integration-final-main/install/autoware_auto_control_msgs/share/autoware_auto_control_msgs/environment/ament_prefix_path.sh
[25.998s] -- Symlinking: /home/autoware/aichallenge2023-integration-final-main/install/autoware_auto_control_msgs/share/autoware_auto_control_msgs/environment/ament_prefix_path.dsv
[26.018s] -- Symlinking: /home/autoware/aichallenge2023-integration-final-main/install/autoware_auto_control_msgs/share/autoware_auto_control_msgs/environment/path.sh
[26.039s] -- Symlinking: /home/autoware/aichallenge2023-integration-final-main/install/autoware_auto_control_msgs/share/autoware_auto_control_msgs/environment/path.dsv
[26.066s] -- Symlinking: /home/autoware/aichallenge2023-integration-final-main/install/autoware_auto_control_msgs/share/autoware_auto_control_msgs/local_setup.bash
[26.087s] -- Symlinking: /home/autoware/aichallenge2023-integration-final-main/install/autoware_auto_control_msgs/share/autoware_auto_control_msgs/local_setup.sh
[26.106s] -- Symlinking: /home/autoware/aichallenge2023-integration-final-main/install/autoware_auto_control_msgs/share/autoware_auto_control_msgs/local_setup.zsh
[26.125s] -- Symlinking: /home/autoware/aichallenge2023-integration-final-main/install/autoware_auto_control_msgs/share/autoware_auto_control_msgs/local_setup.dsv
[26.148s] -- Symlinking: /home/autoware/aichallenge2023-integration-final-main/install/autoware_auto_control_msgs/share/autoware_auto_control_msgs/package.dsv
[26.173s] -- Symlinking: /home/autoware/aichallenge2023-integration-final-main/install/autoware_auto_control_msgs/share/ament_index/resource_index/packages/autoware_auto_control_msgs
[26.193s] -- Symlinking: /home/autoware/aichallenge2023-integration-final-main/install/autoware_auto_control_msgs/share/autoware_auto_control_msgs/cmake/rosidl_cmake-extras.cmake
[26.222s] -- Symlinking: /home/autoware/aichallenge2023-integration-final-main/install/autoware_auto_control_msgs/share/autoware_auto_control_msgs/cmake/ament_cmake_export_dependencies-extras.cmake
[26.243s] -- Symlinking: /home/autoware/aichallenge2023-integration-final-main/install/autoware_auto_control_msgs/share/autoware_auto_control_msgs/cmake/ament_cmake_export_include_directories-extras.cmake
[26.264s] -- Symlinking: /home/autoware/aichallenge2023-integration-final-main/install/autoware_auto_control_msgs/share/autoware_auto_control_msgs/cmake/ament_cmake_export_libraries-extras.cmake
[26.286s] -- Symlinking: /home/autoware/aichallenge2023-integration-final-main/install/autoware_auto_control_msgs/share/autoware_auto_control_msgs/cmake/ament_cmake_export_targets-extras.cmake
[26.306s] -- Symlinking: /home/autoware/aichallenge2023-integration-final-main/install/autoware_auto_control_msgs/share/autoware_auto_control_msgs/cmake/rosidl_cmake_export_typesupport_targets-extras.cmake
[26.325s] -- Symlinking: /home/autoware/aichallenge2023-integration-final-main/install/autoware_auto_control_msgs/share/autoware_auto_control_msgs/cmake/rosidl_cmake_export_typesupport_libraries-extras.cmake
[26.344s] -- Symlinking: /home/autoware/aichallenge2023-integration-final-main/install/autoware_auto_control_msgs/share/autoware_auto_control_msgs/cmake/autoware_auto_control_msgsConfig.cmake
[26.364s] -- Symlinking: /home/autoware/aichallenge2023-integration-final-main/install/autoware_auto_control_msgs/share/autoware_auto_control_msgs/cmake/autoware_auto_control_msgsConfig-version.cmake
[26.385s] -- Symlinking: /home/autoware/aichallenge2023-integration-final-main/install/autoware_auto_control_msgs/share/autoware_auto_control_msgs/package.xml
[26.403s] -- Installing: /home/autoware/aichallenge2023-integration-final-main/install/autoware_auto_control_msgs/lib/libautoware_auto_control_msgs__rosidl_generator_c.so
[26.403s] -- Set runtime path of "/home/autoware/aichallenge2023-integration-final-main/install/autoware_auto_control_msgs/lib/libautoware_auto_control_msgs__rosidl_generator_c.so" to ""
[26.403s] -- Installing: /home/autoware/aichallenge2023-integration-final-main/install/autoware_auto_control_msgs/lib/libautoware_auto_control_msgs__rosidl_typesupport_fastrtps_c.so
[26.403s] -- Set runtime path of "/home/autoware/aichallenge2023-integration-final-main/install/autoware_auto_control_msgs/lib/libautoware_auto_control_msgs__rosidl_typesupport_fastrtps_c.so" to ""
[26.403s] -- Installing: /home/autoware/aichallenge2023-integration-final-main/install/autoware_auto_control_msgs/lib/libautoware_auto_control_msgs__rosidl_typesupport_introspection_c.so
[26.404s] -- Set runtime path of "/home/autoware/aichallenge2023-integration-final-main/install/autoware_auto_control_msgs/lib/libautoware_auto_control_msgs__rosidl_typesupport_introspection_c.so" to ""
[26.404s] -- Installing: /home/autoware/aichallenge2023-integration-final-main/install/autoware_auto_control_msgs/lib/libautoware_auto_control_msgs__rosidl_typesupport_c.so
[26.404s] -- Set runtime path of "/home/autoware/aichallenge2023-integration-final-main/install/autoware_auto_control_msgs/lib/libautoware_auto_control_msgs__rosidl_typesupport_c.so" to ""
[26.404s] -- Installing: /home/autoware/aichallenge2023-integration-final-main/install/autoware_auto_control_msgs/lib/libautoware_auto_control_msgs__rosidl_typesupport_fastrtps_cpp.so
[26.405s] -- Set runtime path of "/home/autoware/aichallenge2023-integration-final-main/install/autoware_auto_control_msgs/lib/libautoware_auto_control_msgs__rosidl_typesupport_fastrtps_cpp.so" to ""
[26.405s] -- Installing: /home/autoware/aichallenge2023-integration-final-main/install/autoware_auto_control_msgs/lib/libautoware_auto_control_msgs__rosidl_typesupport_introspection_cpp.so
[26.406s] -- Set runtime path of "/home/autoware/aichallenge2023-integration-final-main/install/autoware_auto_control_msgs/lib/libautoware_auto_control_msgs__rosidl_typesupport_introspection_cpp.so" to ""
[26.406s] -- Installing: /home/autoware/aichallenge2023-integration-final-main/install/autoware_auto_control_msgs/lib/libautoware_auto_control_msgs__rosidl_typesupport_cpp.so
[26.406s] -- Set runtime path of "/home/autoware/aichallenge2023-integration-final-main/install/autoware_auto_control_msgs/lib/libautoware_auto_control_msgs__rosidl_typesupport_cpp.so" to ""
[26.473s] Listing '/home/autoware/aichallenge2023-integration-final-main/install/autoware_auto_control_msgs/local/lib/python3.10/dist-packages/autoware_auto_control_msgs'...
[26.473s] Compiling '/home/autoware/aichallenge2023-integration-final-main/install/autoware_auto_control_msgs/local/lib/python3.10/dist-packages/autoware_auto_control_msgs/__init__.py'...
[26.473s] Listing '/home/autoware/aichallenge2023-integration-final-main/install/autoware_auto_control_msgs/local/lib/python3.10/dist-packages/autoware_auto_control_msgs/msg'...
[26.473s] Compiling '/home/autoware/aichallenge2023-integration-final-main/install/autoware_auto_control_msgs/local/lib/python3.10/dist-packages/autoware_auto_control_msgs/msg/__init__.py'...
[26.473s] Compiling '/home/autoware/aichallenge2023-integration-final-main/install/autoware_auto_control_msgs/local/lib/python3.10/dist-packages/autoware_auto_control_msgs/msg/_ackermann_control_command.py'...
[26.473s] Compiling '/home/autoware/aichallenge2023-integration-final-main/install/autoware_auto_control_msgs/local/lib/python3.10/dist-packages/autoware_auto_control_msgs/msg/_ackermann_lateral_command.py'...
[26.473s] Compiling '/home/autoware/aichallenge2023-integration-final-main/install/autoware_auto_control_msgs/local/lib/python3.10/dist-packages/autoware_auto_control_msgs/msg/_high_level_control_command.py'...
[26.473s] Compiling '/home/autoware/aichallenge2023-integration-final-main/install/autoware_auto_control_msgs/local/lib/python3.10/dist-packages/autoware_auto_control_msgs/msg/_longitudinal_command.py'...
[26.479s] -- Installing: /home/autoware/aichallenge2023-integration-final-main/install/autoware_auto_control_msgs/lib/libautoware_auto_control_msgs__rosidl_generator_py.so
[26.479s] -- Set runtime path of "/home/autoware/aichallenge2023-integration-final-main/install/autoware_auto_control_msgs/lib/libautoware_auto_control_msgs__rosidl_generator_py.so" to ""
[26.479s] -- Installing: /home/autoware/aichallenge2023-integration-final-main/install/autoware_auto_control_msgs/share/autoware_auto_control_msgs/cmake/export_autoware_auto_control_msgs__rosidl_generator_cExport.cmake
[26.480s] -- Installing: /home/autoware/aichallenge2023-integration-final-main/install/autoware_auto_control_msgs/share/autoware_auto_control_msgs/cmake/export_autoware_auto_control_msgs__rosidl_generator_cExport-release.cmake
[26.480s] -- Installing: /home/autoware/aichallenge2023-integration-final-main/install/autoware_auto_control_msgs/share/autoware_auto_control_msgs/cmake/export_autoware_auto_control_msgs__rosidl_typesupport_fastrtps_cExport.cmake
[26.480s] -- Installing: /home/autoware/aichallenge2023-integration-final-main/install/autoware_auto_control_msgs/share/autoware_auto_control_msgs/cmake/export_autoware_auto_control_msgs__rosidl_typesupport_fastrtps_cExport-release.cmake
[26.480s] -- Installing: /home/autoware/aichallenge2023-integration-final-main/install/autoware_auto_control_msgs/share/autoware_auto_control_msgs/cmake/autoware_auto_control_msgs__rosidl_typesupport_introspection_cExport.cmake
[26.481s] -- Installing: /home/autoware/aichallenge2023-integration-final-main/install/autoware_auto_control_msgs/share/autoware_auto_control_msgs/cmake/autoware_auto_control_msgs__rosidl_typesupport_introspection_cExport-release.cmake
[26.481s] -- Installing: /home/autoware/aichallenge2023-integration-final-main/install/autoware_auto_control_msgs/share/autoware_auto_control_msgs/cmake/autoware_auto_control_msgs__rosidl_typesupport_cExport.cmake
[26.482s] -- Installing: /home/autoware/aichallenge2023-integration-final-main/install/autoware_auto_control_msgs/share/autoware_auto_control_msgs/cmake/autoware_auto_control_msgs__rosidl_typesupport_cExport-release.cmake
[26.482s] -- Installing: /home/autoware/aichallenge2023-integration-final-main/install/autoware_auto_control_msgs/share/autoware_auto_control_msgs/cmake/export_autoware_auto_control_msgs__rosidl_generator_cppExport.cmake
[26.482s] -- Installing: /home/autoware/aichallenge2023-integration-final-main/install/autoware_auto_control_msgs/share/autoware_auto_control_msgs/cmake/export_autoware_auto_control_msgs__rosidl_typesupport_fastrtps_cppExport.cmake
[26.482s] -- Installing: /home/autoware/aichallenge2023-integration-final-main/install/autoware_auto_control_msgs/share/autoware_auto_control_msgs/cmake/export_autoware_auto_control_msgs__rosidl_typesupport_fastrtps_cppExport-release.cmake
[26.483s] -- Installing: /home/autoware/aichallenge2023-integration-final-main/install/autoware_auto_control_msgs/share/autoware_auto_control_msgs/cmake/autoware_auto_control_msgs__rosidl_typesupport_introspection_cppExport.cmake
[26.483s] -- Installing: /home/autoware/aichallenge2023-integration-final-main/install/autoware_auto_control_msgs/share/autoware_auto_control_msgs/cmake/autoware_auto_control_msgs__rosidl_typesupport_introspection_cppExport-release.cmake
[26.483s] -- Installing: /home/autoware/aichallenge2023-integration-final-main/install/autoware_auto_control_msgs/share/autoware_auto_control_msgs/cmake/autoware_auto_control_msgs__rosidl_typesupport_cppExport.cmake
[26.484s] -- Installing: /home/autoware/aichallenge2023-integration-final-main/install/autoware_auto_control_msgs/share/autoware_auto_control_msgs/cmake/autoware_auto_control_msgs__rosidl_typesupport_cppExport-release.cmake
[26.484s] -- Installing: /home/autoware/aichallenge2023-integration-final-main/install/autoware_auto_control_msgs/share/autoware_auto_control_msgs/cmake/export_autoware_auto_control_msgs__rosidl_generator_pyExport.cmake
[26.484s] -- Installing: /home/autoware/aichallenge2023-integration-final-main/install/autoware_auto_control_msgs/share/autoware_auto_control_msgs/cmake/export_autoware_auto_control_msgs__rosidl_generator_pyExport-release.cmake
[26.499s] Invoked command in '/home/autoware/aichallenge2023-integration-final-main/build/autoware_auto_control_msgs' returned '0': CMAKE_PREFIX_PATH=${CMAKE_PREFIX_PATH}:/home/autoware/autoware/install/simulator_compatibility_test:/home/autoware/autoware/install/ad_api_visualizers:/opt/ros/humble /usr/bin/cmake --install /home/autoware/aichallenge2023-integration-final-main/build/autoware_auto_control_msgs
